Monomer - VDW weight: 1 HB weight: 1 IMM1REF weight: 1 IMM1 weight: 1
current Z: -5 Energy: -415.781
current Z: -4 Energy: -421.842
current Z: -3 Energy: -426.833
current Z: -2 Energy: -431.259
current Z: -1 Energy: -434.447
current Z: 0 Energy: -437.15
current Z: 1 Energy: -439.719
current Z: 2 Energy: -442.99
current Z: 3 Energy: -446.116
current Z: 4 Energy: -448.671
current Z: 5 Energy: -451.123
current Z: 6 Energy: -452.933
current tilt: 15 current rotation: 0 Energy: -452.696
current tilt: 15 current rotation: 90 Energy: -452.705
current tilt: 15 current rotation: 180 Energy: -448.172
current tilt: 15 current rotation: 270 Energy: -449.538
current tilt: 30 current rotation: 0 Energy: -450.351
current tilt: 30 current rotation: 90 Energy: -442.626
current tilt: 30 current rotation: 180 Energy: -438.065
current tilt: 30 current rotation: 270 Energy: -443.84
current tilt: 45 current rotation: 0 Energy: -445.443
current tilt: 45 current rotation: 90 Energy: -436.088
current tilt: 45 current rotation: 180 Energy: -435.597
current tilt: 45 current rotation: 270 Energy: -435.266
MCAccept   axial Tilt: 0.090 zShift: 6.000 axialRot: 0.000 energy: -452.969
MCAccept   axial Tilt: 0.090 zShift: 6.000 axialRot: -0.525 energy: -452.969
MCAccept   axial Tilt: 0.270 zShift: 6.000 axialRot: -0.525 energy: -452.984
MCAccept   axial Tilt: 0.270 zShift: 6.131 axialRot: -0.525 energy: -453.127
MCAccept   axial Tilt: 0.270 zShift: 6.155 axialRot: -0.525 energy: -453.151
MCAccept   axial Tilt: 0.270 zShift: 6.155 axialRot: -0.661 energy: -453.151
MCAccept   axial Tilt: 0.270 zShift: 6.155 axialRot: -0.014 energy: -453.151
MCAccept   axial Tilt: 0.270 zShift: 6.155 axialRot: -1.191 energy: -453.150
MCAccept   axial Tilt: 0.270 zShift: 6.155 axialRot: 0.446 energy: -453.151
MCAccept   axial Tilt: 0.270 zShift: 6.155 axialRot: 1.627 energy: -453.152
MCAccept   axial Tilt: 0.270 zShift: 6.155 axialRot: 1.512 energy: -453.152
MCAccept   axial Tilt: 0.270 zShift: 6.155 axialRot: 2.356 energy: -453.153
MCAccept   axial Tilt: 0.270 zShift: 6.340 axialRot: 2.356 energy: -453.317
MCAccept   axial Tilt: 0.270 zShift: 6.383 axialRot: 2.356 energy: -453.324
MCAccept   axial Tilt: 0.270 zShift: 6.451 axialRot: 2.356 energy: -453.371
MCAccept   axial Tilt: 0.270 zShift: 6.461 axialRot: 2.356 energy: -453.402
MCAccept   axial Tilt: 0.270 zShift: 6.461 axialRot: 3.375 energy: -453.403
MCAccept   axial Tilt: 0.270 zShift: 6.461 axialRot: 7.065 energy: -453.406
MCAccept   axial Tilt: 0.270 zShift: 6.461 axialRot: 5.836 energy: -453.405
MCAccept   axial Tilt: 0.270 zShift: 6.574 axialRot: 5.836 energy: -453.468
MCAccept   axial Tilt: 0.270 zShift: 6.574 axialRot: 7.163 energy: -453.469
MCAccept   axial Tilt: 0.270 zShift: 6.574 axialRot: 11.009 energy: -453.472
MCAccept   axial Tilt: 0.270 zShift: 6.644 axialRot: 11.009 energy: -453.504
MCAccept   axial Tilt: 1.047 zShift: 6.644 axialRot: 11.009 energy: -453.554
MCAccept   axial Tilt: 2.411 zShift: 6.644 axialRot: 11.009 energy: -453.622
MCAccept   axial Tilt: 2.411 zShift: 6.778 axialRot: 11.009 energy: -453.647
MCAccept   axial Tilt: 2.752 zShift: 6.778 axialRot: 11.009 energy: -453.658
MCAccept   axial Tilt: 3.320 zShift: 6.778 axialRot: 11.009 energy: -453.674
MCAccept   axial Tilt: 4.090 zShift: 6.778 axialRot: 11.009 energy: -453.693
MCAccept   axial Tilt: 4.090 zShift: 6.778 axialRot: 14.580 energy: -453.745
MCAccept   axial Tilt: 4.090 zShift: 6.815 axialRot: 14.580 energy: -453.746
MCAccept   axial Tilt: 4.090 zShift: 6.882 axialRot: 14.580 energy: -453.744
MCAccept   axial Tilt: 4.090 zShift: 6.882 axialRot: 14.902 energy: -453.749
MCAccept   axial Tilt: 4.090 zShift: 6.882 axialRot: 15.240 energy: -453.754
MCAccept   axial Tilt: 4.090 zShift: 6.782 axialRot: 15.240 energy: -453.754
MCAccept   axial Tilt: 4.090 zShift: 6.820 axialRot: 15.240 energy: -453.756
MCAccept   axial Tilt: 4.256 zShift: 6.820 axialRot: 15.240 energy: -453.761
MCAccept   axial Tilt: 4.256 zShift: 6.820 axialRot: 16.715 energy: -453.784
MCAccept   axial Tilt: 3.916 zShift: 6.820 axialRot: 16.715 energy: -453.770
MCAccept   axial Tilt: 3.916 zShift: 6.864 axialRot: 16.715 energy: -453.770
MCAccept   axial Tilt: 3.916 zShift: 6.854 axialRot: 16.715 energy: -453.770
MCAccept   axial Tilt: 4.229 zShift: 6.854 axialRot: 16.715 energy: -453.782
MCAccept   axial Tilt: 4.229 zShift: 6.854 axialRot: 19.653 energy: -453.827
MCAccept   axial Tilt: 4.229 zShift: 6.854 axialRot: 20.145 energy: -453.834
MCAccept   axial Tilt: 4.229 zShift: 6.854 axialRot: 21.059 energy: -453.847
MCAccept   axial Tilt: 4.229 zShift: 6.854 axialRot: 22.474 energy: -453.844
MCAccept   axial Tilt: 4.229 zShift: 6.909 axialRot: 22.474 energy: -453.844
MCAccept   axial Tilt: 4.229 zShift: 6.909 axialRot: 23.398 energy: -453.857
MCAccept   axial Tilt: 4.229 zShift: 6.909 axialRot: 24.622 energy: -453.875
MCAccept   axial Tilt: 4.229 zShift: 6.882 axialRot: 24.622 energy: -453.876
MCAccept   axial Tilt: 6.528 zShift: 6.882 axialRot: 24.622 energy: -454.001
MCAccept   axial Tilt: 7.205 zShift: 6.882 axialRot: 24.622 energy: -454.029
MCAccept   axial Tilt: 7.205 zShift: 6.882 axialRot: 27.431 energy: -454.097
MCAccept   axial Tilt: 7.205 zShift: 6.882 axialRot: 29.299 energy: -454.142
MCAccept   axial Tilt: 7.205 zShift: 6.943 axialRot: 29.299 energy: -454.141
MCAccept   axial Tilt: 7.205 zShift: 6.929 axialRot: 29.299 energy: -454.142
MCAccept   axial Tilt: 7.205 zShift: 6.929 axialRot: 29.361 energy: -454.170
MCAccept   axial Tilt: 7.603 zShift: 6.929 axialRot: 29.361 energy: -454.191
MCAccept   axial Tilt: 7.603 zShift: 6.929 axialRot: 29.966 energy: -454.206
MCAccept   axial Tilt: 9.232 zShift: 6.929 axialRot: 29.966 energy: -454.283
MCAccept   axial Tilt: 9.600 zShift: 6.929 axialRot: 29.966 energy: -454.297
MCAccept   axial Tilt: 9.600 zShift: 6.929 axialRot: 32.152 energy: -454.366
MCAccept   axial Tilt: 9.600 zShift: 6.929 axialRot: 33.937 energy: -454.420
MCAccept   axial Tilt: 9.600 zShift: 6.929 axialRot: 34.335 energy: -454.432
MCAccept   axial Tilt: 10.310 zShift: 6.929 axialRot: 34.335 energy: -454.466
MCAccept   axial Tilt: 10.420 zShift: 6.929 axialRot: 34.335 energy: -454.470
MCAccept   axial Tilt: 10.420 zShift: 6.917 axialRot: 34.335 energy: -454.469
MCAccept   axial Tilt: 10.762 zShift: 6.917 axialRot: 34.335 energy: -454.483
MCAccept   axial Tilt: 10.762 zShift: 6.943 axialRot: 34.335 energy: -454.486
MCAccept   axial Tilt: 13.240 zShift: 6.943 axialRot: 34.335 energy: -454.555
MCAccept   axial Tilt: 13.240 zShift: 6.945 axialRot: 34.335 energy: -454.555
MCAccept   axial Tilt: 13.240 zShift: 6.945 axialRot: 34.715 energy: -454.570
MCAccept   axial Tilt: 13.970 zShift: 6.945 axialRot: 34.715 energy: -454.580
MCAccept   axial Tilt: 13.970 zShift: 7.030 axialRot: 34.715 energy: -454.593
MCAccept   axial Tilt: 13.970 zShift: 7.168 axialRot: 34.715 energy: -454.598
MCAccept   axial Tilt: 15.785 zShift: 7.168 axialRot: 34.715 energy: -454.615
MCAccept   axial Tilt: 15.785 zShift: 7.168 axialRot: 34.972 energy: -454.629

Total Monomer Time: 54 seconds
================  ======================  ===============
Interaction Type  Energy                  Interactions   
================  ======================  ===============
CHARMM_ELEC                   -58.165249          46092
CHARMM_IMM1                    12.538877          19556
CHARMM_IMM1REF               -118.251185            133
CHARMM_VDW                    -27.446788          46092
SCWRL4_HBOND                  -35.566449            740
================  ======================  ===============
Total                        -226.890794         112613
================  ======================  ===============

CHARMM_ELEC -116
CHARMM_IMM1 25
CHARMM_IMM1REF -236
CHARMM_VDW -55
SCWRL4_HBOND -71
