***STARTING GEOMETRY***
xShift;        Before: 10.5707; After: 10.5707
crossingAngle; Before: 24.5857; After: 24.5857
axialRotation; Before: 76.1944; After: 76.1944
zShift;        Before: 6.34317; After: 6.34317

Starting Repack Cycles
MCReject   xShift: 10.3875 crossingAngle: 24.5857 axialRotation: -66.0934 zShift: 6.70026 energy: -27.6837
MCReject   xShift: 10.5707 crossingAngle: 24.5857 axialRotation: -66.7087 zShift: 6.70026 energy: -26.7261
MCReject   xShift: 10.5707 crossingAngle: 24.5857 axialRotation: -66.0934 zShift: 6.62963 energy: -26.4473
MCReject   xShift: 10.5707 crossingAngle: 23.5682 axialRotation: -66.0934 zShift: 6.70026 energy: -23.8816
MCReject   xShift: 10.4674 crossingAngle: 24.5857 axialRotation: -66.0934 zShift: 6.70026 energy: -19.9845
MCReject   xShift: 10.5707 crossingAngle: 24.5857 axialRotation: -65.9706 zShift: 6.70026 energy: -19.5317
MCReject   xShift: 10.5707 crossingAngle: 24.5857 axialRotation: -66.0934 zShift: 6.71098 energy: -19.8013
MCReject   xShift: 10.5707 crossingAngle: 24.5857 axialRotation: -66.0934 zShift: 6.66853 energy: -18.9746
MCReject   xShift: 10.5707 crossingAngle: 24.2946 axialRotation: -66.0934 zShift: 6.70026 energy: -12.4373
MCReject   xShift: 10.5701 crossingAngle: 24.5857 axialRotation: -66.0934 zShift: 6.70026 energy: -12.3847
MCReject   xShift: 10.5707 crossingAngle: 24.5857 axialRotation: -65.8688 zShift: 6.70026 energy: -10.1407
MCReject   xShift: 10.5707 crossingAngle: 24.5857 axialRotation: -66.5391 zShift: 6.70026 energy: -14.2184
MCReject   xShift: 10.5735 crossingAngle: 24.5857 axialRotation: -66.0934 zShift: 6.70026 energy: -14.4356
MCReject   xShift: 10.6786 crossingAngle: 24.5857 axialRotation: -66.0934 zShift: 6.70026 energy: -20.8608
MCReject   xShift: 10.5707 crossingAngle: 24.5857 axialRotation: -66.1609 zShift: 6.70026 energy: -21.126
MCReject   xShift: 10.5707 crossingAngle: 24.5857 axialRotation: -66.0934 zShift: 6.70947 energy: -21.3304
MCReject   xShift: 10.5707 crossingAngle: 23.5583 axialRotation: -66.0934 zShift: 6.70026 energy: 17.0193
MCReject   xShift: 10.5707 crossingAngle: 24.5857 axialRotation: -66.0746 zShift: 6.70026 energy: 17.4015
MCReject   xShift: 10.5707 crossingAngle: 24.5857 axialRotation: -65.5564 zShift: 6.70026 energy: 28.1917
MCReject   xShift: 10.5707 crossingAngle: 24.5857 axialRotation: -66.5022 zShift: 6.70026 energy: 20.016
MCReject   xShift: 10.5707 crossingAngle: 24.6692 axialRotation: -66.0934 zShift: 6.70026 energy: 13.4154
MCReject   xShift: 10.5803 crossingAngle: 24.5857 axialRotation: -66.0934 zShift: 6.70026 energy: 10.9375
MCReject   xShift: 10.5707 crossingAngle: 24.6629 axialRotation: -66.0934 zShift: 6.70026 energy: 5.95058
MCReject   xShift: 10.5707 crossingAngle: 24.5857 axialRotation: -66.0934 zShift: 6.75596 energy: 0.987665
MCReject   xShift: 10.5707 crossingAngle: 24.5857 axialRotation: -66.0934 zShift: 6.7783 energy: -4.81488
MCReject   xShift: 10.5707 crossingAngle: 24.5857 axialRotation: -65.8379 zShift: 6.70026 energy: -1.99868
MCReject   xShift: 10.6795 crossingAngle: 24.5857 axialRotation: -66.0934 zShift: 6.70026 energy: -15.3301
MCReject   xShift: 10.5707 crossingAngle: 24.5857 axialRotation: -66.0934 zShift: 6.53419 energy: -8.02802
MCReject   xShift: 10.5707 crossingAngle: 24.5857 axialRotation: -66.0934 zShift: 6.75215 energy: -10.6234
MCReject   xShift: 10.5707 crossingAngle: 24.5857 axialRotation: -66.0934 zShift: 6.71194 energy: -11.1658
MCReject   xShift: 10.5707 crossingAngle: 24.5857 axialRotation: -66.0585 zShift: 6.70026 energy: -10.9783
MCReject   xShift: 10.5707 crossingAngle: 24.5857 axialRotation: -65.6815 zShift: 6.70026 energy: -8.88207
MCReject   xShift: 10.5707 crossingAngle: 24.5857 axialRotation: -66.0934 zShift: 6.99896 energy: -19.6941
MCReject   xShift: 10.6891 crossingAngle: 24.5857 axialRotation: -66.0934 zShift: 6.70026 energy: -24.4771
MCReject   xShift: 10.5707 crossingAngle: 24.5857 axialRotation: -67.0669 zShift: 6.70026 energy: -25.1921
MCReject   xShift: 10.5707 crossingAngle: 24.5857 axialRotation: -66.0934 zShift: 6.71755 energy: -25.3282
MCReject   xShift: 10.5707 crossingAngle: 24.5857 axialRotation: -65.9422 zShift: 6.70026 energy: -25.2581
MCReject   xShift: 10.3395 crossingAngle: 24.5857 axialRotation: -66.0934 zShift: 6.70026 energy: -15.6664
MCReject   xShift: 10.4481 crossingAngle: 24.5857 axialRotation: -66.0934 zShift: 6.70026 energy: -2.76978
MCReject   xShift: 10.5707 crossingAngle: 24.5857 axialRotation: -66.0934 zShift: 6.6206 energy: 3.71398
MCReject   xShift: 10.5707 crossingAngle: 24.5857 axialRotation: -66.5723 zShift: 6.70026 energy: -3.6364
MCReject   xShift: 10.5707 crossingAngle: 25.4957 axialRotation: -66.0934 zShift: 6.70026 energy: -21.5583
MCReject   xShift: 10.5707 crossingAngle: 25.406 axialRotation: -66.0934 zShift: 6.70026 energy: -26.7111
MCReject   xShift: 10.5707 crossingAngle: 24.5857 axialRotation: -66.0934 zShift: 6.46325 energy: -25.2969
MCReject   xShift: 10.5707 crossingAngle: 24.5857 axialRotation: -65.5251 zShift: 6.70026 energy: -24.0534
MCReject   xShift: 10.5707 crossingAngle: 24.3094 axialRotation: -66.0934 zShift: 6.70026 energy: -22.9266
MCReject   xShift: 10.4991 crossingAngle: 24.5857 axialRotation: -66.0934 zShift: 6.70026 energy: -19.9715
MCReject   xShift: 10.4171 crossingAngle: 24.5857 axialRotation: -66.0934 zShift: 6.70026 energy: -10.2321
MCReject   xShift: 10.5707 crossingAngle: 24.5857 axialRotation: -65.6405 zShift: 6.70026 energy: -7.84611
MCReject   xShift: 10.5707 crossingAngle: 23.8427 axialRotation: -66.0934 zShift: 6.70026 energy: 47.1507
MCReject   xShift: 10.5707 crossingAngle: 24.5857 axialRotation: -67.0483 zShift: 6.70026 energy: 11.0259
MCReject   xShift: 10.5707 crossingAngle: 24.5857 axialRotation: -65.7927 zShift: 6.70026 energy: 18.2401
MCReject   xShift: 10.5707 crossingAngle: 25.0244 axialRotation: -66.0934 zShift: 6.70026 energy: -3.42479
MCReject   xShift: 10.5707 crossingAngle: 24.5857 axialRotation: -65.8932 zShift: 6.70026 energy: -2.01107
MCReject   xShift: 10.5067 crossingAngle: 24.5857 axialRotation: -66.0934 zShift: 6.70026 energy: 6.50226
MCReject   xShift: 10.4577 crossingAngle: 24.5857 axialRotation: -66.0934 zShift: 6.70026 energy: 26.5753
MCReject   xShift: 10.5707 crossingAngle: 24.7552 axialRotation: -66.0934 zShift: 6.70026 energy: 17.8817
MCReject   xShift: 10.5707 crossingAngle: 24.5857 axialRotation: -67.114 zShift: 6.70026 energy: -3.14991
MCReject   xShift: 10.6194 crossingAngle: 24.5857 axialRotation: -66.0934 zShift: 6.70026 energy: -7.86535
MCReject   xShift: 10.609 crossingAngle: 24.5857 axialRotation: -66.0934 zShift: 6.70026 energy: -10.9388
MCReject   xShift: 10.5707 crossingAngle: 24.5857 axialRotation: -65.8726 zShift: 6.70026 energy: -8.99199
MCReject   xShift: 10.5707 crossingAngle: 24.5857 axialRotation: -65.2948 zShift: 6.70026 energy: 3.71746
MCReject   xShift: 10.5707 crossingAngle: 24.5857 axialRotation: -65.508 zShift: 6.70026 energy: 12.1136
MCReject   xShift: 10.5707 crossingAngle: 25.2386 axialRotation: -66.0934 zShift: 6.70026 energy: -12.2317
MCReject   xShift: 10.6102 crossingAngle: 24.5857 axialRotation: -66.0934 zShift: 6.70026 energy: -14.7473
MCReject   xShift: 10.5474 crossingAngle: 24.5857 axialRotation: -66.0934 zShift: 6.70026 energy: -13.3142
MCReject   xShift: 10.5707 crossingAngle: 24.5857 axialRotation: -66.0934 zShift: 6.70102 energy: -13.3479
MCReject   xShift: 10.5707 crossingAngle: 24.5857 axialRotation: -66.0934 zShift: 6.70001 energy: -13.337
MCReject   xShift: 10.5707 crossingAngle: 24.5857 axialRotation: -66.0897 zShift: 6.70026 energy: -13.2941
MCReject   xShift: 10.45 crossingAngle: 24.5857 axialRotation: -66.0934 zShift: 6.70026 energy: -3.37767
MCReject   xShift: 10.5707 crossingAngle: 24.6534 axialRotation: -66.0934 zShift: 6.70026 energy: -5.93312
MCReject   xShift: 10.5707 crossingAngle: 24.5857 axialRotation: -65.577 zShift: 6.70026 energy: 2.07064
MCReject   xShift: 10.5707 crossingAngle: 24.5801 axialRotation: -66.0934 zShift: 6.70026 energy: 2.23702
MCReject   xShift: 10.5707 crossingAngle: 24.8351 axialRotation: -66.0934 zShift: 6.70026 energy: -7.15767
MCReject   xShift: 10.5707 crossingAngle: 24.5857 axialRotation: -66.7294 zShift: 6.70026 energy: -13.7689
MCReject   xShift: 10.5707 crossingAngle: 24.3706 axialRotation: -66.0934 zShift: 6.70026 energy: -8.55047
MCReject   xShift: 10.5707 crossingAngle: 24.5857 axialRotation: -66.0934 zShift: 6.77056 energy: -11.495
MCReject   xShift: 10.631 crossingAngle: 24.5857 axialRotation: -66.0934 zShift: 6.70026 energy: -15.6628
MCReject   xShift: 10.583 crossingAngle: 24.5857 axialRotation: -66.0934 zShift: 6.70026 energy: -16.3816
MCReject   xShift: 10.5707 crossingAngle: 24.5677 axialRotation: -66.0934 zShift: 6.70026 energy: -16.0307
MCReject   xShift: 10.5733 crossingAngle: 24.5857 axialRotation: -66.0934 zShift: 6.70026 energy: -16.1787
MCReject   xShift: 10.5393 crossingAngle: 24.5857 axialRotation: -66.0934 zShift: 6.70026 energy: -14.2407
MCReject   xShift: 10.5707 crossingAngle: 25.3561 axialRotation: -66.0934 zShift: 6.70026 energy: -23.3288
MCReject   xShift: 10.712 crossingAngle: 24.5857 axialRotation: -66.0934 zShift: 6.70026 energy: -26.7221
MCReject   xShift: 10.5707 crossingAngle: 23.7459 axialRotation: -66.0934 zShift: 6.70026 energy: -20.1645
MCReject   xShift: 10.5485 crossingAngle: 24.5857 axialRotation: -66.0934 zShift: 6.70026 energy: -19.2692
MCReject   xShift: 10.5707 crossingAngle: 24.5857 axialRotation: -66.0934 zShift: 6.87244 energy: -22.8446
MCReject   xShift: 10.5707 crossingAngle: 24.5857 axialRotation: -66.2601 zShift: 6.70026 energy: -23.3177
MCReject   xShift: 10.5707 crossingAngle: 23.535 axialRotation: -66.0934 zShift: 6.70026 energy: -0.290012
MCReject   xShift: 10.5707 crossingAngle: 24.5857 axialRotation: -66.0934 zShift: 6.7476 energy: -2.8051
MCReject   xShift: 10.5707 crossingAngle: 24.5857 axialRotation: -66.3754 zShift: 6.70026 energy: -3.86626
MCReject   xShift: 10.5707 crossingAngle: 24.5857 axialRotation: -66.1733 zShift: 6.70026 energy: -4.81343
MCReject   xShift: 10.5707 crossingAngle: 23.5648 axialRotation: -66.0934 zShift: 6.70026 energy: 94.8065
MCReject   xShift: 10.5707 crossingAngle: 24.5857 axialRotation: -66.0934 zShift: 6.74303 energy: 79.3656
MCReject   xShift: 10.6402 crossingAngle: 24.5857 axialRotation: -66.0934 zShift: 6.70026 energy: 50.4068
MCReject   xShift: 10.5707 crossingAngle: 24.5857 axialRotation: -66.0934 zShift: 6.80985 energy: 29.0064
MCReject   xShift: 10.5707 crossingAngle: 24.7394 axialRotation: -66.0934 zShift: 6.70026 energy: 14.8381
MCReject   xShift: 10.5707 crossingAngle: 24.5857 axialRotation: -66.2161 zShift: 6.70026 energy: 11.9988
MCReject   xShift: 10.5707 crossingAngle: 25.3821 axialRotation: -66.0934 zShift: 6.70026 energy: -15.923
MCReject   xShift: 10.436 crossingAngle: 24.5857 axialRotation: -66.0934 zShift: 6.70026 energy: -6.22799
MCReject   xShift: 10.5707 crossingAngle: 24.5857 axialRotation: -65.8207 zShift: 6.70026 energy: -2.44361
MCReject   xShift: 10.5707 crossingAngle: 24.5857 axialRotation: -66.0934 zShift: 6.85915 energy: -9.98883
MCReject   xShift: 10.5707 crossingAngle: 25.5898 axialRotation: -66.0934 zShift: 6.70026 energy: -23.3393
MCReject   xShift: 10.5771 crossingAngle: 24.5857 axialRotation: -66.0934 zShift: 6.70026 energy: -23.5787
MCReject   xShift: 10.5707 crossingAngle: 22.9214 axialRotation: -66.0934 zShift: 6.70026 energy: 18.0939
MCReject   xShift: 10.5707 crossingAngle: 24.5857 axialRotation: -66.0934 zShift: 6.63542 energy: 24.4321
MCReject   xShift: 10.6277 crossingAngle: 24.5857 axialRotation: -66.0934 zShift: 6.70026 energy: 13.1683
MCReject   xShift: 10.5707 crossingAngle: 24.5857 axialRotation: -66.0934 zShift: 6.77225 energy: 7.61942
MCReject   xShift: 10.5707 crossingAngle: 24.5857 axialRotation: -66.0934 zShift: 6.78129 energy: 3.0273
MCReject   xShift: 10.5707 crossingAngle: 24.1417 axialRotation: -66.0934 zShift: 6.70026 energy: 31.9991
MCReject   xShift: 10.5707 crossingAngle: 23.7343 axialRotation: -66.0934 zShift: 6.70026 energy: 345.239
MCReject   xShift: 10.3547 crossingAngle: 24.5857 axialRotation: -66.0934 zShift: 6.70026 energy: 973.592
MCReject   xShift: 10.5707 crossingAngle: 24.2991 axialRotation: -66.0934 zShift: 6.70026 energy: 2285.75
MCReject   xShift: 10.5707 crossingAngle: 24.5857 axialRotation: -66.797 zShift: 6.70026 energy: 826.918
MCReject   xShift: 10.5707 crossingAngle: 24.5857 axialRotation: -65.2566 zShift: 6.70026 energy: 2763.41
MCReject   xShift: 10.5707 crossingAngle: 24.8612 axialRotation: -66.0934 zShift: 6.70026 energy: 1204.46
MCReject   xShift: 10.5707 crossingAngle: 24.5857 axialRotation: -66.0934 zShift: 6.51632 energy: 2771.92
MCReject   xShift: 10.5707 crossingAngle: 24.5857 axialRotation: -65.9321 zShift: 6.70026 energy: 3479.63
MCReject   xShift: 10.6625 crossingAngle: 24.5857 axialRotation: -66.0934 zShift: 6.70026 energy: 2098.17
MCReject   xShift: 10.5707 crossingAngle: 24.8491 axialRotation: -66.0934 zShift: 6.70026 energy: 999.065
MCReject   xShift: 10.4584 crossingAngle: 24.5857 axialRotation: -66.0934 zShift: 6.70026 energy: 1721.59
MCReject   xShift: 10.5707 crossingAngle: 24.5857 axialRotation: -65.8756 zShift: 6.70026 energy: 2328.13
MCReject   xShift: 10.5707 crossingAngle: 24.5857 axialRotation: -66.0934 zShift: 6.76079 energy: 1768.66
MCReject   xShift: 10.5094 crossingAngle: 24.5857 axialRotation: -66.0934 zShift: 6.70026 energy: 2318.61
MCReject   xShift: 10.5707 crossingAngle: 24.5857 axialRotation: -66.0934 zShift: 6.87894 energy: 1034.71
MCReject   xShift: 10.5707 crossingAngle: 24.5857 axialRotation: -66.0934 zShift: 6.44194 energy: 3383.38
MCReject   xShift: 10.5707 crossingAngle: 24.5857 axialRotation: -66.0934 zShift: 6.67956 energy: 3739.7
MCReject   xShift: 10.7367 crossingAngle: 24.5857 axialRotation: -66.0934 zShift: 6.70026 energy: 1589.15
MCReject   xShift: 10.5707 crossingAngle: 25.318 axialRotation: -66.0934 zShift: 6.70026 energy: 222.196
MCReject   xShift: 10.4907 crossingAngle: 24.5857 axialRotation: -66.0934 zShift: 6.70026 energy: 318.936
MCReject   xShift: 10.5707 crossingAngle: 24.3012 axialRotation: -66.0934 zShift: 6.70026 energy: 683.75
MCReject   xShift: 10.5707 crossingAngle: 24.5857 axialRotation: -66.0934 zShift: 6.92749 energy: 272.139
MCReject   xShift: 10.5707 crossingAngle: 24.5857 axialRotation: -66.0934 zShift: 6.63343 energy: 354.842
MCReject   xShift: 10.5707 crossingAngle: 24.8193 axialRotation: -66.0934 zShift: 6.70026 energy: 192.744
MCReject   xShift: 10.4244 crossingAngle: 24.5857 axialRotation: -66.0934 zShift: 6.70026 energy: 325.516
MCReject   xShift: 10.6094 crossingAngle: 24.5857 axialRotation: -66.0934 zShift: 6.70026 energy: 287.318
MCReject   xShift: 10.5784 crossingAngle: 24.5857 axialRotation: -66.0934 zShift: 6.70026 energy: 279.941
MCReject   xShift: 10.5707 crossingAngle: 24.5857 axialRotation: -66.7116 zShift: 6.70026 energy: 139.969
MCReject   xShift: 10.5707 crossingAngle: 24.5857 axialRotation: -66.38 zShift: 6.70026 energy: 110.509
MCReject   xShift: 10.5707 crossingAngle: 24.5857 axialRotation: -65.7058 zShift: 6.70026 energy: 154.635
MCReject   xShift: 10.5707 crossingAngle: 24.5857 axialRotation: -67.5454 zShift: 6.70026 energy: 43.9867
MCReject   xShift: 10.5707 crossingAngle: 24.5857 axialRotation: -66.6344 zShift: 6.70026 energy: 28.4565
MCReject   xShift: 10.5707 crossingAngle: 24.5344 axialRotation: -66.0934 zShift: 6.70026 energy: 31.1994
MCReject   xShift: 10.5707 crossingAngle: 24.5857 axialRotation: -66.0934 zShift: 6.79159 energy: 23.9582
MCReject   xShift: 10.5707 crossingAngle: 23.8286 axialRotation: -66.0934 zShift: 6.70026 energy: 101.752
MCReject   xShift: 10.5707 crossingAngle: 24.5857 axialRotation: -66.2337 zShift: 6.70026 energy: 88.4421
MCReject   xShift: 10.5707 crossingAngle: 24.3568 axialRotation: -66.0934 zShift: 6.70026 energy: 141.391
MCReject   xShift: 10.5707 crossingAngle: 24.5857 axialRotation: -67.211 zShift: 6.70026 energy: 56.6351
MCReject   xShift: 10.7315 crossingAngle: 24.5857 axialRotation: -66.0934 zShift: 6.70026 energy: 23.8814
MCReject   xShift: 10.5707 crossingAngle: 24.5857 axialRotation: -65.7374 zShift: 6.70026 energy: 34.5654
MCReject   xShift: 10.5707 crossingAngle: 24.5857 axialRotation: -66.0934 zShift: 6.64371 energy: 42.6547
MCReject   xShift: 10.5707 crossingAngle: 24.5857 axialRotation: -66.0934 zShift: 6.66961 energy: 47.6883
MCReject   xShift: 10.5707 crossingAngle: 24.5857 axialRotation: -66.0934 zShift: 6.62975 energy: 61.3806
MCReject   xShift: 10.5177 crossingAngle: 24.5857 axialRotation: -66.0934 zShift: 6.70026 energy: 73.9065
MCReject   xShift: 10.5707 crossingAngle: 24.5857 axialRotation: -66.0934 zShift: 6.66591 energy: 82.6991
MCReject   xShift: 10.5707 crossingAngle: 24.5857 axialRotation: -65.7961 zShift: 6.70026 energy: 115.149
MCReject   xShift: 10.3988 crossingAngle: 24.5857 axialRotation: -66.0934 zShift: 6.70026 energy: 185.777
MCReject   xShift: 10.7048 crossingAngle: 24.5857 axialRotation: -66.0934 zShift: 6.70026 energy: 128.12
MCReject   xShift: 10.5707 crossingAngle: 24.5857 axialRotation: -66.0934 zShift: 6.63751 energy: 154.843
MCReject   xShift: 10.5707 crossingAngle: 24.5857 axialRotation: -66.0859 zShift: 6.70026 energy: 155.161
MCReject   xShift: 10.5707 crossingAngle: 24.5049 axialRotation: -66.0934 zShift: 6.70026 energy: 169.012
MCReject   xShift: 10.527 crossingAngle: 24.5857 axialRotation: -66.0934 zShift: 6.70026 energy: 191.843
MCReject   xShift: 10.5707 crossingAngle: 24.5857 axialRotation: -66.4058 zShift: 6.70026 energy: 149.779
MCReject   xShift: 10.5707 crossingAngle: 24.5857 axialRotation: -66.147 zShift: 6.70026 energy: 141.78
MCReject   xShift: 10.5707 crossingAngle: 24.5857 axialRotation: -66.0934 zShift: 6.64197 energy: 169.338
MCReject   xShift: 10.5707 crossingAngle: 24.0661 axialRotation: -66.0934 zShift: 6.70026 energy: 364.673
MCReject   xShift: 10.5707 crossingAngle: 24.6852 axialRotation: -66.0934 zShift: 6.70026 energy: 306.521
MCReject   xShift: 10.5707 crossingAngle: 24.3598 axialRotation: -66.0934 zShift: 6.70026 energy: 467.07
MCReject   xShift: 10.5707 crossingAngle: 24.5857 axialRotation: -66.0934 zShift: 6.61115 energy: 628.518
MCReject   xShift: 10.5707 crossingAngle: 24.5857 axialRotation: -66.0934 zShift: 6.67274 energy: 692.927
MCReject   xShift: 10.6635 crossingAngle: 24.5857 axialRotation: -66.0934 zShift: 6.70026 energy: 591.411
MCReject   xShift: 10.5707 crossingAngle: 24.5857 axialRotation: -66.2953 zShift: 6.70026 energy: 453.163
MCReject   xShift: 10.5707 crossingAngle: 24.5857 axialRotation: -66.4872 zShift: 6.70026 energy: 296.284
MCReject   xShift: 10.5454 crossingAngle: 24.5857 axialRotation: -66.0934 zShift: 6.70026 energy: 313.223
MCReject   xShift: 10.5707 crossingAngle: 24.5857 axialRotation: -65.7832 zShift: 6.70026 energy: 430.615
MCReject   xShift: 10.5707 crossingAngle: 24.5857 axialRotation: -66.0934 zShift: 6.83331 energy: 290.376
MCReject   xShift: 10.5691 crossingAngle: 24.5857 axialRotation: -66.0934 zShift: 6.70026 energy: 291.419
MCReject   xShift: 10.5707 crossingAngle: 24.5857 axialRotation: -66.0934 zShift: 6.81966 energy: 220.802
MCReject   xShift: 10.5707 crossingAngle: 24.5857 axialRotation: -66.0934 zShift: 6.78044 energy: 192.604
MCReject   xShift: 10.6582 crossingAngle: 24.5857 axialRotation: -66.0934 zShift: 6.70026 energy: 149.912
MCReject   xShift: 10.5707 crossingAngle: 25.9513 axialRotation: -66.0934 zShift: 6.70026 energy: 1.759
MCReject   xShift: 10.5707 crossingAngle: 24.5857 axialRotation: -66.1264 zShift: 6.70026 energy: 1.33962
MCReject   xShift: 10.5707 crossingAngle: 23.9837 axialRotation: -66.0934 zShift: 6.70026 energy: 26.9572
MCReject   xShift: 10.5707 crossingAngle: 24.5857 axialRotation: -66.0934 zShift: 6.65869 energy: 31.4958
MCReject   xShift: 10.5707 crossingAngle: 24.5857 axialRotation: -66.0934 zShift: 6.76885 energy: 24.2946
MCReject   xShift: 10.5707 crossingAngle: 24.3971 axialRotation: -66.0934 zShift: 6.70026 energy: 38.412
MCReject   xShift: 10.5707 crossingAngle: 24.5857 axialRotation: -65.8018 zShift: 6.70026 energy: 52.828
MCReject   xShift: 10.5707 crossingAngle: 24.6832 axialRotation: -66.0934 zShift: 6.70026 energy: 41.723
MCReject   xShift: 10.5707 crossingAngle: 24.5857 axialRotation: -66.0934 zShift: 6.66968 energy: 46.7314
MCReject   xShift: 10.5707 crossingAngle: 24.5857 axialRotation: -66.0934 zShift: 6.60909 energy: 65.0471
MCReject   xShift: 10.5707 crossingAngle: 24.064 axialRotation: -66.0934 zShift: 6.70026 energy: 169.999
MCReject   xShift: 10.5707 crossingAngle: 24.5857 axialRotation: -66.0934 zShift: 6.63419 energy: 201.958
MCReject   xShift: 10.5707 crossingAngle: 23.9752 axialRotation: -66.0934 zShift: 6.70026 energy: 828.026
MCReject   xShift: 10.5707 crossingAngle: 23.7679 axialRotation: -66.0934 zShift: 6.70026 energy: 10854.4
MCReject   xShift: 10.5707 crossingAngle: 24.5857 axialRotation: -65.6636 zShift: 6.70026 energy: 26185.7
MCReject   xShift: 10.5099 crossingAngle: 24.5857 axialRotation: -66.0934 zShift: 6.70026 energy: 32213
MCReject   xShift: 10.7172 crossingAngle: 24.5857 axialRotation: -66.0934 zShift: 6.70026 energy: 17824.1
MCReject   xShift: 10.5707 crossingAngle: 24.5857 axialRotation: -67.4755 zShift: 6.70026 energy: 1559.21
MCReject   xShift: 10.5707 crossingAngle: 23.2435 axialRotation: -66.0934 zShift: 6.70026 energy: 236471
MCReject   xShift: 10.5707 crossingAngle: 24.5857 axialRotation: -65.8507 zShift: 6.70026 energy: 441983
MCReject   xShift: 10.5707 crossingAngle: 24.5857 axialRotation: -65.8202 zShift: 6.70026 energy: 882653
MCReject   xShift: 10.5707 crossingAngle: 24.5857 axialRotation: -65.5294 zShift: 6.70026 energy: 3.27084e+06
MCReject   xShift: 10.5707 crossingAngle: 24.5857 axialRotation: -66.0934 zShift: 6.70356 energy: 3.18557e+06
MCReject   xShift: 10.5707 crossingAngle: 23.9035 axialRotation: -66.0934 zShift: 6.70026 energy: 1.537e+08
MCReject   xShift: 10.5707 crossingAngle: 24.5857 axialRotation: -65.1893 zShift: 6.70026 energy: 1.34971e+08
MCReject   xShift: 10.5707 crossingAngle: 24.5857 axialRotation: -65.6092 zShift: 6.70026 energy: 2.39076e+07
MCReject   xShift: 10.5707 crossingAngle: 24.5857 axialRotation: -65.1545 zShift: 6.70026 energy: 748755
MCReject   xShift: 10.5707 crossingAngle: 24.9596 axialRotation: -66.0934 zShift: 6.70026 energy: 1.42703e+06
MCReject   xShift: 10.5597 crossingAngle: 24.5857 axialRotation: -66.0934 zShift: 6.70026 energy: 1.77819e+06
MCReject   xShift: 10.5707 crossingAngle: 24.5857 axialRotation: -66.0912 zShift: 6.70026 energy: 1.76505e+06
MCReject   xShift: 10.5707 crossingAngle: 24.7277 axialRotation: -66.0934 zShift: 6.70026 energy: 2.08943e+06
MCReject   xShift: 10.5425 crossingAngle: 24.5857 axialRotation: -66.0934 zShift: 6.70026 energy: 3.79985e+06
MCReject   xShift: 10.5707 crossingAngle: 24.5857 axialRotation: -66.0934 zShift: 6.66255 energy: 3.54846e+06
MCReject   xShift: 10.5707 crossingAngle: 24.5857 axialRotation: -66.2655 zShift: 6.70026 energy: 6.34233e+06
MCReject   xShift: 10.5095 crossingAngle: 24.5857 axialRotation: -66.0934 zShift: 6.70026 energy: 2.77741e+07
MCReject   xShift: 10.5785 crossingAngle: 24.5857 axialRotation: -66.0934 zShift: 6.70026 energy: 2.27493e+07
MCReject   xShift: 10.5707 crossingAngle: 24.5857 axialRotation: -66.0934 zShift: 6.89194 energy: 2.76734e+07
MCReject   xShift: 10.5707 crossingAngle: 24.1217 axialRotation: -66.0934 zShift: 6.70026 energy: 1.71029e+07
MCReject   xShift: 10.6608 crossingAngle: 24.5857 axialRotation: -66.0934 zShift: 6.70026 energy: 2.30764e+06
MCReject   xShift: 10.5707 crossingAngle: 25.1769 axialRotation: -66.0934 zShift: 6.70026 energy: 3.15153e+06
MCReject   xShift: 10.5707 crossingAngle: 24.5857 axialRotation: -66.2298 zShift: 6.70026 energy: 3.75919e+06
MCReject   xShift: 10.5707 crossingAngle: 24.5857 axialRotation: -65.9255 zShift: 6.70026 energy: 2.94399e+06
MCReject   xShift: 10.4989 crossingAngle: 24.5857 axialRotation: -66.0934 zShift: 6.70026 energy: 1.47781e+07
MCReject   xShift: 10.5707 crossingAngle: 24.5857 axialRotation: -65.703 zShift: 6.70026 energy: 5.02347e+06
MCReject   xShift: 10.5707 crossingAngle: 24.0941 axialRotation: -66.0934 zShift: 6.70026 energy: 2.73403e+06
MCReject   xShift: 10.5707 crossingAngle: 24.5857 axialRotation: -66.0934 zShift: 6.72688 energy: 2.9485e+06
MCReject   xShift: 10.7358 crossingAngle: 24.5857 axialRotation: -66.0934 zShift: 6.70026 energy: 143035
MCReject   xShift: 10.5707 crossingAngle: 24.5857 axialRotation: -66.0934 zShift: 6.70449 energy: 144043
MCReject   xShift: 10.5707 crossingAngle: 25.4533 axialRotation: -66.0934 zShift: 6.70026 energy: 174533
MCReject   xShift: 10.5707 crossingAngle: 24.5857 axialRotation: -65.179 zShift: 6.70026 energy: 32606.6
MCReject   xShift: 10.5707 crossingAngle: 24.5857 axialRotation: -66.0934 zShift: 6.80891 energy: 34028.4
MCReject   xShift: 10.5707 crossingAngle: 24.5857 axialRotation: -66.0934 zShift: 6.75825 energy: 34256.6
MCReject   xShift: 10.4365 crossingAngle: 24.5857 axialRotation: -66.0934 zShift: 6.70026 energy: 305743
MCReject   xShift: 10.5707 crossingAngle: 23.8816 axialRotation: -66.0934 zShift: 6.70026 energy: 180182
MCReject   xShift: 10.5672 crossingAngle: 24.5857 axialRotation: -66.0934 zShift: 6.70026 energy: 190730
MCReject   xShift: 10.5707 crossingAngle: 24.5857 axialRotation: -66.2735 zShift: 6.70026 energy: 323496
MCReject   xShift: 10.6199 crossingAngle: 24.5857 axialRotation: -66.0934 zShift: 6.70026 energy: 141553
MCReject   xShift: 10.5707 crossingAngle: 24.4578 axialRotation: -66.0934 zShift: 6.70026 energy: 120431
MCReject   xShift: 10.5707 crossingAngle: 25.1798 axialRotation: -66.0934 zShift: 6.70026 energy: 199254
MCReject   xShift: 10.7749 crossingAngle: 24.5857 axialRotation: -66.0934 zShift: 6.70026 energy: 9091.02
MCReject   xShift: 10.5722 crossingAngle: 24.5857 axialRotation: -66.0934 zShift: 6.70026 energy: 8914.93
MCReject   xShift: 10.5707 crossingAngle: 23.8151 axialRotation: -66.0934 zShift: 6.70026 energy: 5595.72
MCReject   xShift: 10.5739 crossingAngle: 24.5857 axialRotation: -66.0934 zShift: 6.70026 energy: 5377.31
MCReject   xShift: 10.5707 crossingAngle: 24.5857 axialRotation: -66.0934 zShift: 6.59828 energy: 4570.37
MCReject   xShift: 10.4828 crossingAngle: 24.5857 axialRotation: -66.0934 zShift: 6.70026 energy: 13605.1
MCReject   xShift: 10.5707 crossingAngle: 24.5857 axialRotation: -66.0934 zShift: 6.57454 energy: 10364.9
MCReject   xShift: 10.5707 crossingAngle: 24.2427 axialRotation: -66.0934 zShift: 6.70026 energy: 5922.94
MCReject   xShift: 10.5707 crossingAngle: 24.5857 axialRotation: -66.1125 zShift: 6.70026 energy: 6209.03
MCReject   xShift: 10.5707 crossingAngle: 24.5857 axialRotation: -66.4564 zShift: 6.70026 energy: 15647.9
MCReject   xShift: 10.5707 crossingAngle: 24.5857 axialRotation: -66.0934 zShift: 6.6355 energy: 13118.5
MCReject   xShift: 10.5707 crossingAngle: 24.7464 axialRotation: -66.0934 zShift: 6.70026 energy: 17438.6
MCReject   xShift: 10.5707 crossingAngle: 23.7786 axialRotation: -66.0934 zShift: 6.70026 energy: 3661
MCReject   xShift: 10.5707 crossingAngle: 24.5857 axialRotation: -66.0934 zShift: 6.67533 energy: 3385.02
MCReject   xShift: 10.3762 crossingAngle: 24.5857 axialRotation: -66.0934 zShift: 6.70026 energy: 22392.9
MCReject   xShift: 10.5707 crossingAngle: 25.2876 axialRotation: -66.0934 zShift: 6.70026 energy: 168188
MCReject   xShift: 10.5707 crossingAngle: 24.5857 axialRotation: -66.0934 zShift: 6.78576 energy: 240117
MCReject   xShift: 10.5707 crossingAngle: 24.5857 axialRotation: -66.0934 zShift: 6.70736 energy: 247193
MCReject   xShift: 10.6172 crossingAngle: 24.5857 axialRotation: -66.0934 zShift: 6.70026 energy: 126204
MCReject   xShift: 10.5322 crossingAngle: 24.5857 axialRotation: -66.0934 zShift: 6.70026 energy: 219792
MCReject   xShift: 10.6294 crossingAngle: 24.5857 axialRotation: -66.0934 zShift: 6.70026 energy: 94879.9
MCReject   xShift: 10.5707 crossingAngle: 24.5857 axialRotation: -66.0934 zShift: 6.7883 energy: 127804
MCReject   xShift: 10.4403 crossingAngle: 24.5857 axialRotation: -66.0934 zShift: 6.70026 energy: 974766
MCReject   xShift: 10.5707 crossingAngle: 24.5857 axialRotation: -66.0934 zShift: 6.54372 energy: 462085
MCReject   xShift: 10.5707 crossingAngle: 24.5857 axialRotation: -66.0934 zShift: 6.6359 energy: 336715
MCReject   xShift: 10.5707 crossingAngle: 24.3875 axialRotation: -66.0934 zShift: 6.70026 energy: 176185
MCReject   xShift: 10.5707 crossingAngle: 24.5857 axialRotation: -65.5263 zShift: 6.70026 energy: 26881.7
MCReject   xShift: 10.5707 crossingAngle: 25.4737 axialRotation: -66.0934 zShift: 6.70026 energy: 309359
MCReject   xShift: 10.5707 crossingAngle: 25.1169 axialRotation: -66.0934 zShift: 6.70026 energy: 959003
MCReject   xShift: 10.5707 crossingAngle: 24.7996 axialRotation: -66.0934 zShift: 6.70026 energy: 1.30551e+06
MCReject   xShift: 10.5707 crossingAngle: 23.9841 axialRotation: -66.0934 zShift: 6.70026 energy: 437448
MCReject   xShift: 10.4286 crossingAngle: 24.5857 axialRotation: -66.0934 zShift: 6.70026 energy: 5.3798e+06
MCReject   xShift: 10.5707 crossingAngle: 25.8605 axialRotation: -66.0934 zShift: 6.70026 energy: 3.30646e+07
MCReject   xShift: 10.5707 crossingAngle: 24.5857 axialRotation: -66.0934 zShift: 6.6509 energy: 4.10563e+07
MCReject   xShift: 10.5707 crossingAngle: 24.2058 axialRotation: -66.0934 zShift: 6.70026 energy: 4.38757e+07
MCReject   xShift: 10.5707 crossingAngle: 25.9442 axialRotation: -66.0934 zShift: 6.70026 energy: 1.11799e+06
MCReject   xShift: 10.5707 crossingAngle: 24.5857 axialRotation: -66.3331 zShift: 6.70026 energy: 851547
MCReject   xShift: 10.5707 crossingAngle: 24.5857 axialRotation: -65.3769 zShift: 6.70026 energy: 1.52193e+06
MCReject   xShift: 10.5707 crossingAngle: 24.5857 axialRotation: -66.0934 zShift: 6.83321 energy: 748467
MCReject   xShift: 10.5707 crossingAngle: 24.5857 axialRotation: -65.9626 zShift: 6.70026 energy: 796297
MCReject   xShift: 10.5707 crossingAngle: 24.9793 axialRotation: -66.0934 zShift: 6.70026 energy: 203131
MCReject   xShift: 10.5707 crossingAngle: 24.8761 axialRotation: -66.0934 zShift: 6.70026 energy: 74198.3
MCReject   xShift: 10.5707 crossingAngle: 25.1364 axialRotation: -66.0934 zShift: 6.70026 energy: 11895.1
MCReject   xShift: 10.5707 crossingAngle: 24.5857 axialRotation: -66.3759 zShift: 6.70026 energy: 8429.98
MCReject   xShift: 10.5707 crossingAngle: 24.6892 axialRotation: -66.0934 zShift: 6.70026 energy: 6063.91
MCReject   xShift: 10.5707 crossingAngle: 25.4611 axialRotation: -66.0934 zShift: 6.70026 energy: 477.829
MCReject   xShift: 10.5707 crossingAngle: 23.8229 axialRotation: -66.0934 zShift: 6.70026 energy: 4268.82
MCReject   xShift: 10.5887 crossingAngle: 24.5857 axialRotation: -66.0934 zShift: 6.70026 energy: 3831.32
MCReject   xShift: 10.5707 crossingAngle: 24.5857 axialRotation: -66.749 zShift: 6.70026 energy: 1635.8
MCReject   xShift: 10.5707 crossingAngle: 25.1727 axialRotation: -66.0934 zShift: 6.70026 energy: 322.424
MCReject   xShift: 10.5707 crossingAngle: 24.5857 axialRotation: -65.8607 zShift: 6.70026 energy: 428.285
MCReject   xShift: 10.5707 crossingAngle: 24.5857 axialRotation: -66.0934 zShift: 6.62626 energy: 578.657
MCReject   xShift: 10.5131 crossingAngle: 24.5857 axialRotation: -66.0934 zShift: 6.70026 energy: 731.303
MCReject   xShift: 10.4465 crossingAngle: 24.5857 axialRotation: -66.0934 zShift: 6.70026 energy: 1112.46
MCReject   xShift: 10.5173 crossingAngle: 24.5857 axialRotation: -66.0934 zShift: 6.70026 energy: 1284.98
MCReject   xShift: 10.5707 crossingAngle: 24.5857 axialRotation: -65.878 zShift: 6.70026 energy: 1815.44
MCReject   xShift: 10.5707 crossingAngle: 24.5857 axialRotation: -65.8498 zShift: 6.70026 energy: 2720.12
MCReject   xShift: 10.5707 crossingAngle: 24.5857 axialRotation: -66.0934 zShift: 6.80403 energy: 1678.32
MCReject   xShift: 10.4825 crossingAngle: 24.5857 axialRotation: -66.0934 zShift: 6.70026 energy: 2105.29
MCReject   xShift: 10.5707 crossingAngle: 24.5857 axialRotation: -66.0934 zShift: 6.69738 energy: 2132.92
MCReject   xShift: 10.5004 crossingAngle: 24.5857 axialRotation: -66.0934 zShift: 6.70026 energy: 2449.74
MCReject   xShift: 10.5707 crossingAngle: 24.5857 axialRotation: -66.0934 zShift: 6.55658 energy: 4819.45
MCReject   xShift: 10.5707 crossingAngle: 24.5857 axialRotation: -65.8483 zShift: 6.70026 energy: 7907.99
MCReject   xShift: 10.5707 crossingAngle: 24.5857 axialRotation: -66.1482 zShift: 6.70026 energy: 7063.56
MCReject   xShift: 10.5707 crossingAngle: 24.5857 axialRotation: -66.2049 zShift: 6.70026 energy: 5634.7
MCReject   xShift: 10.5707 crossingAngle: 23.9854 axialRotation: -66.0934 zShift: 6.70026 energy: 54933.1
MCReject   xShift: 10.5707 crossingAngle: 24.5857 axialRotation: -65.7597 zShift: 6.70026 energy: 130214
MCReject   xShift: 10.6492 crossingAngle: 24.5857 axialRotation: -66.0934 zShift: 6.70026 energy: 97618.7
MCReject   xShift: 10.5707 crossingAngle: 24.5857 axialRotation: -67.0183 zShift: 6.70026 energy: 12003.1
MCReject   xShift: 10.5814 crossingAngle: 24.5857 axialRotation: -66.0934 zShift: 6.70026 energy: 11768.1
MCReject   xShift: 10.5707 crossingAngle: 24.5857 axialRotation: -65.9635 zShift: 6.70026 energy: 15607.9
MCReject   xShift: 10.5707 crossingAngle: 25.0267 axialRotation: -66.0934 zShift: 6.70026 energy: 3371.95
MCReject   xShift: 10.5707 crossingAngle: 24.5857 axialRotation: -66.0934 zShift: 6.54276 energy: 7520.44
MCReject   xShift: 10.5707 crossingAngle: 24.5857 axialRotation: -66.0934 zShift: 6.58402 energy: 14286.1
MCReject   xShift: 10.5707 crossingAngle: 24.5857 axialRotation: -65.8014 zShift: 6.70026 energy: 27228.2
MCReject   xShift: 10.5707 crossingAngle: 24.886 axialRotation: -66.0934 zShift: 6.70026 energy: 8969.61
MCReject   xShift: 10.5707 crossingAngle: 24.5857 axialRotation: -66.5981 zShift: 6.70026 energy: 3335.14
MCReject   xShift: 10.5707 crossingAngle: 24.5857 axialRotation: -66.0427 zShift: 6.70026 energy: 3669.05
MCReject   xShift: 10.5707 crossingAngle: 24.5857 axialRotation: -65.834 zShift: 6.70026 energy: 6069.53
MCReject   xShift: 10.4396 crossingAngle: 24.5857 axialRotation: -66.0934 zShift: 6.70026 energy: 7251.36
MCReject   xShift: 10.5707 crossingAngle: 24.5857 axialRotation: -66.3965 zShift: 6.70026 energy: 3932.84
MCReject   xShift: 10.5707 crossingAngle: 24.6724 axialRotation: -66.0934 zShift: 6.70026 energy: 3065.73
MCReject   xShift: 10.5002 crossingAngle: 24.5857 axialRotation: -66.0934 zShift: 6.70026 energy: 3324.99
MCReject   xShift: 10.5707 crossingAngle: 24.5857 axialRotation: -66.0934 zShift: 6.6233 energy: 4530.24
MCReject   xShift: 10.5707 crossingAngle: 24.5857 axialRotation: -66.0934 zShift: 6.77257 energy: 3384.42
MCReject   xShift: 10.5707 crossingAngle: 24.5857 axialRotation: -66.1543 zShift: 6.70026 energy: 3078.62
MCReject   xShift: 10.5707 crossingAngle: 24.5857 axialRotation: -65.6781 zShift: 6.70026 energy: 6483.63
MCReject   xShift: 10.5707 crossingAngle: 24.5857 axialRotation: -66.0934 zShift: 6.70871 energy: 6227.87
MCReject   xShift: 10.6007 crossingAngle: 24.5857 axialRotation: -66.0934 zShift: 6.70026 energy: 6147.48
MCReject   xShift: 10.7134 crossingAngle: 24.5857 axialRotation: -66.0934 zShift: 6.70026 energy: 5256.28
MCReject   xShift: 10.5707 crossingAngle: 24.5857 axialRotation: -66.0934 zShift: 6.77381 energy: 3638.69
MCReject   xShift: 10.5707 crossingAngle: 24.5857 axialRotation: -66.0934 zShift: 6.82529 energy: 2028.48
MCReject   xShift: 10.5707 crossingAngle: 24.5857 axialRotation: -65.1119 zShift: 6.70026 energy: 12767.4
MCReject   xShift: 10.5707 crossingAngle: 24.5857 axialRotation: -65.7444 zShift: 6.70026 energy: 25388
MCReject   xShift: 10.5707 crossingAngle: 25.004 axialRotation: -66.0934 zShift: 6.70026 energy: 5657.85
MCReject   xShift: 10.5297 crossingAngle: 24.5857 axialRotation: -66.0934 zShift: 6.70026 energy: 6476.16
MCReject   xShift: 10.5707 crossingAngle: 24.5857 axialRotation: -66.0934 zShift: 6.76403 energy: 4666.29
MCReject   xShift: 10.7029 crossingAngle: 24.5857 axialRotation: -66.0934 zShift: 6.70026 energy: 2885.65
MCReject   xShift: 10.5707 crossingAngle: 24.5857 axialRotation: -66.1021 zShift: 6.70026 energy: 2847.73
MCReject   xShift: 10.5707 crossingAngle: 24.5857 axialRotation: -66.7479 zShift: 6.70026 energy: 1062.04
MCReject   xShift: 10.5707 crossingAngle: 24.5857 axialRotation: -65.5779 zShift: 6.70026 energy: 2306.25
MCReject   xShift: 10.5707 crossingAngle: 24.5857 axialRotation: -66.9983 zShift: 6.70026 energy: 610.75
MCReject   xShift: 10.589 crossingAngle: 24.5857 axialRotation: -66.0934 zShift: 6.70026 energy: 578.424
MCReject   xShift: 10.5707 crossingAngle: 24.5857 axialRotation: -66.0934 zShift: 6.71612 energy: 543.766
MCReject   xShift: 10.5707 crossingAngle: 24.5857 axialRotation: -66.0934 zShift: 6.69511 energy: 554.739
MCReject   xShift: 10.5707 crossingAngle: 24.7605 axialRotation: -66.0934 zShift: 6.70026 energy: 360.345
MCReject   xShift: 10.5707 crossingAngle: 24.5857 axialRotation: -65.2477 zShift: 6.70026 energy: 1118.06
MCReject   xShift: 10.5707 crossingAngle: 24.5857 axialRotation: -66.1129 zShift: 6.70026 energy: 1087.65
MCReject   xShift: 10.5707 crossingAngle: 25.0675 axialRotation: -66.0934 zShift: 6.70026 energy: 301.215
MCReject   xShift: 10.3556 crossingAngle: 24.5857 axialRotation: -66.0934 zShift: 6.70026 energy: 622.462
MCReject   xShift: 10.5707 crossingAngle: 24.5857 axialRotation: -66.0934 zShift: 6.77167 energy: 511.502
MCReject   xShift: 10.5707 crossingAngle: 24.5857 axialRotation: -65.3067 zShift: 6.70026 energy: 1322.37
MCReject   xShift: 10.5707 crossingAngle: 24.5857 axialRotation: -66.0934 zShift: 6.79835 energy: 893.899
MCReject   xShift: 10.5707 crossingAngle: 24.5857 axialRotation: -66.0934 zShift: 6.78817 energy: 650.973
MCReject   xShift: 10.5707 crossingAngle: 24.5857 axialRotation: -66.0934 zShift: 6.66297 energy: 741.624
MCReject   xShift: 10.5707 crossingAngle: 24.7165 axialRotation: -66.0934 zShift: 6.70026 energy: 547.422
MCReject   xShift: 10.5707 crossingAngle: 24.5857 axialRotation: -66.0525 zShift: 6.70026 energy: 572.52
MCReject   xShift: 10.5707 crossingAngle: 24.5857 axialRotation: -66.0934 zShift: 6.94206 energy: 298.644
MCReject   xShift: 10.5583 crossingAngle: 24.5857 axialRotation: -66.0934 zShift: 6.70026 energy: 317.673
MCReject   xShift: 10.5707 crossingAngle: 24.5857 axialRotation: -66.8101 zShift: 6.70026 energy: 272.934
MCReject   xShift: 10.5707 crossingAngle: 24.5857 axialRotation: -66.002 zShift: 6.70026 energy: 272.017
MCReject   xShift: 10.5707 crossingAngle: 24.5857 axialRotation: -65.9817 zShift: 6.70026 energy: 273.005
MCReject   xShift: 10.5707 crossingAngle: 24.5857 axialRotation: -66.2843 zShift: 6.70026 energy: 272.728
MCReject   xShift: 10.5707 crossingAngle: 24.5857 axialRotation: -66.0934 zShift: 6.60604 energy: 294.044
MCReject   xShift: 10.5216 crossingAngle: 24.5857 axialRotation: -66.0934 zShift: 6.70026 energy: 408.743
MCReject   xShift: 10.5707 crossingAngle: 23.7209 axialRotation: -66.0934 zShift: 6.70026 energy: 1356.76
MCReject   xShift: 10.6525 crossingAngle: 24.5857 axialRotation: -66.0934 zShift: 6.70026 energy: 1080.34
MCReject   xShift: 10.7244 crossingAngle: 24.5857 axialRotation: -66.0934 zShift: 6.70026 energy: 675.132
MCReject   xShift: 10.5707 crossingAngle: 24.5857 axialRotation: -66.1517 zShift: 6.70026 energy: 625.033
MCReject   xShift: 10.5707 crossingAngle: 24.5857 axialRotation: -65.4893 zShift: 6.70026 energy: 1424.74
MCReject   xShift: 10.5707 crossingAngle: 24.5857 axialRotation: -66.0934 zShift: 6.76421 energy: 1078.64
MCReject   xShift: 10.6036 crossingAngle: 24.5857 axialRotation: -66.0934 zShift: 6.70026 energy: 940.281
MCReject   xShift: 10.5934 crossingAngle: 24.5857 axialRotation: -66.0934 zShift: 6.70026 energy: 851.302
MCReject   xShift: 10.5707 crossingAngle: 24.5857 axialRotation: -66.0934 zShift: 6.64133 energy: 1092.76
MCReject   xShift: 10.5707 crossingAngle: 25.2288 axialRotation: -66.0934 zShift: 6.70026 energy: 193.626
MCReject   xShift: 10.5707 crossingAngle: 24.4207 axialRotation: -66.0934 zShift: 6.70026 energy: 294.77
MCReject   xShift: 10.5192 crossingAngle: 24.5857 axialRotation: -66.0934 zShift: 6.70026 energy: 363.958
MCReject   xShift: 10.5707 crossingAngle: 24.3961 axialRotation: -66.0934 zShift: 6.70026 energy: 602.035
MCReject   xShift: 10.5707 crossingAngle: 24.2783 axialRotation: -66.0934 zShift: 6.70026 energy: 1448.15
MCReject   xShift: 10.5707 crossingAngle: 24.5857 axialRotation: -65.7964 zShift: 6.70026 energy: 2176.11
MCReject   xShift: 10.5707 crossingAngle: 24.5857 axialRotation: -65.3228 zShift: 6.70026 energy: 5825.05
MCReject   xShift: 10.7538 crossingAngle: 24.5857 axialRotation: -66.0934 zShift: 6.70026 energy: 1569
MCReject   xShift: 10.6804 crossingAngle: 24.5857 axialRotation: -66.0934 zShift: 6.70026 energy: 673.573
MCReject   xShift: 10.5707 crossingAngle: 24.5857 axialRotation: -66.0934 zShift: 6.77589 energy: 519.965
MCReject   xShift: 10.5707 crossingAngle: 25.2689 axialRotation: -66.0934 zShift: 6.70026 energy: 95.3512
MCReject   xShift: 10.5707 crossingAngle: 24.5857 axialRotation: -66.0934 zShift: 6.67074 energy: 107.321
MCReject   xShift: 10.4568 crossingAngle: 24.5857 axialRotation: -66.0934 zShift: 6.70026 energy: 234.631
MCReject   xShift: 10.5707 crossingAngle: 24.2937 axialRotation: -66.0934 zShift: 6.70026 energy: 497.107
MCReject   xShift: 10.8262 crossingAngle: 24.5857 axialRotation: -66.0934 zShift: 6.70026 energy: 70.5837
MCReject   xShift: 10.5766 crossingAngle: 24.5857 axialRotation: -66.0934 zShift: 6.70026 energy: 66.6348
MCReject   xShift: 10.5707 crossingAngle: 24.5857 axialRotation: -66.0934 zShift: 6.86511 energy: 30.9747
End Repack Cycles

***REPACK GEOMETRY***
xShift;        Before: 10.5707; After: 10.5707
crossingAngle; Before: 24.5857; After: 24.5857
axialRotation; Before: 76.1944; After: 76.1944
zShift;        Before: 6.34317; After: 6.34317

Energy;        Before: -28.0548; After: -28.0548

Reached 51 cycles without improvement of 0.001. Accepted 0/390
Monte Carlo repack complete. Time: 0.266667min

