***STARTING GEOMETRY***
xShift;        Before: 10; After: 10
crossingAngle; Before: 25; After: 25
axialRotation; Before: -66.6667; After: -66.6667
zShift;        Before: 4.6; After: 4.6

axialRotationPrime; Before: 60; After: 60
zShiftPrime;        Before: 4; After: 4

Starting Repack Cycles
MCAccept 0 xShift: 10 crossingAngle: 25 axialRotation: -66.6667 zShift: 4.78668 energy: -344.864
MCAccept 1 xShift: 10 crossingAngle: 25 axialRotation: -67.3427 zShift: 4.78668 energy: -350.02
MCReject   xShift: 10 crossingAngle: 25 axialRotation: -66.9724 zShift: 4.78668 energy: -334.573
MCReject   xShift: 10 crossingAngle: 25 axialRotation: -67.0099 zShift: 4.78668 energy: -349.422
MCReject   xShift: 10 crossingAngle: 25 axialRotation: -66.9473 zShift: 4.78668 energy: -348.935
MCReject   xShift: 10 crossingAngle: 24.5583 axialRotation: -67.3427 zShift: 4.78668 energy: -343.694
MCReject   xShift: 9.95077 crossingAngle: 25 axialRotation: -67.3427 zShift: 4.78668 energy: -347.454
MCAccept 2 xShift: 10 crossingAngle: 25.659 axialRotation: -67.3427 zShift: 4.78668 energy: -373.931
MCAccept 3 xShift: 10.0946 crossingAngle: 25.659 axialRotation: -67.3427 zShift: 4.78668 energy: -376.33
MCAccept 4 xShift: 10.1575 crossingAngle: 25.659 axialRotation: -67.3427 zShift: 4.78668 energy: -383.447
MCReject   xShift: 10.1575 crossingAngle: 25.659 axialRotation: -66.8201 zShift: 4.78668 energy: -377.029
MCReject   xShift: 10.1727 crossingAngle: 25.659 axialRotation: -67.3427 zShift: 4.78668 energy: -381.069
MCReject   xShift: 10.2276 crossingAngle: 25.659 axialRotation: -67.3427 zShift: 4.78668 energy: -382.47
MCReject   xShift: 10.1575 crossingAngle: 25.4658 axialRotation: -67.3427 zShift: 4.78668 energy: -376.31
MCReject   xShift: 10.1575 crossingAngle: 25.2422 axialRotation: -67.3427 zShift: 4.78668 energy: -373.735
MCAccept 5 xShift: 10.1575 crossingAngle: 25.9078 axialRotation: -67.3427 zShift: 4.78668 energy: -385.304
MCReject   xShift: 10.188 crossingAngle: 25.9078 axialRotation: -67.3427 zShift: 4.78668 energy: -384.081
MCAccept 6 xShift: 10.1575 crossingAngle: 25.9078 axialRotation: -67.3427 zShift: 4.80677 energy: -385.303
MCReject   xShift: 10.1575 crossingAngle: 25.9067 axialRotation: -67.3427 zShift: 4.80677 energy: -383.908
MCAccept 7 xShift: 10.1719 crossingAngle: 25.9078 axialRotation: -67.3427 zShift: 4.80677 energy: -385.546
MCReject   xShift: 10.1719 crossingAngle: 25.9078 axialRotation: -67.2775 zShift: 4.80677 energy: -384.133
MCReject   xShift: 10.1719 crossingAngle: 25.9078 axialRotation: -67.3427 zShift: 4.79909 energy: -381.793
MCReject   xShift: 10.1719 crossingAngle: 25.9078 axialRotation: -67.3427 zShift: 4.8172 energy: -385.341
MCReject   xShift: 10.1719 crossingAngle: 25.9416 axialRotation: -67.3427 zShift: 4.80677 energy: -384.566
MCAccept 8 xShift: 10.1719 crossingAngle: 25.9078 axialRotation: -67.3427 zShift: 4.84715 energy: -387.472
MCReject   xShift: 10.1719 crossingAngle: 25.9078 axialRotation: -67.5812 zShift: 4.84715 energy: -386.896
MCReject   xShift: 10.1719 crossingAngle: 25.7979 axialRotation: -67.3427 zShift: 4.84715 energy: -385.612
MCAccept 9 xShift: 10.1719 crossingAngle: 25.9078 axialRotation: -67.4252 zShift: 4.84715 energy: -387.807
End Repack Cycles

***REPACK GEOMETRY***
xShift;        Before: 10; After: 10.1719
crossingAngle; Before: 25; After: 25.9078
axialRotation; Before: -66.6667; After: -67.4252
zShift;        Before: 4.6; After: 4.84715

axialRotationPrime; Before: 60; After: 60.988
zShiftPrime;        Before: 4; After: 4.26197

Energy;        Before: 1017.21; After: -387.807

Completed all cycles. Accepted 10/28
Backbone Optimization Monte Carlo repack complete. Time: 15.7min

