***STARTING GEOMETRY***
xShift;        Before: 9.44449; After: 9.44449
crossingAngle; Before: 26.3246; After: 26.3246
axialRotation; Before: -65.5779; After: -65.5779
zShift;        Before: 5.10711; After: 5.10711

axialRotationPrime; Before: 64.9661; After: 64.9661
zShiftPrime;        Before: 4.5816; After: 4.5816

Starting Repack Cycles
MCAccept 0 xShift: 9.44449 crossingAngle: 25.181 axialRotation: -65.5779 zShift: 5.10711 energy: -105.126
MCReject   xShift: 9.44449 crossingAngle: 25.181 axialRotation: -65.7551 zShift: 5.10711 energy: -102.709
MCReject   xShift: 9.44449 crossingAngle: 25.181 axialRotation: -65.5779 zShift: 5.01222 energy: -101.395
MCReject   xShift: 9.44449 crossingAngle: 25.181 axialRotation: -65.949 zShift: 5.10711 energy: -101.257
MCAccept 1 xShift: 9.44449 crossingAngle: 25.181 axialRotation: -64.3435 zShift: 5.10711 energy: -112.559
MCAccept 2 xShift: 9.44449 crossingAngle: 25.181 axialRotation: -64.3435 zShift: 5.12415 energy: -113.28
MCReject   xShift: 9.44449 crossingAngle: 25.181 axialRotation: -64.5686 zShift: 5.12415 energy: -112.319
MCReject   xShift: 9.44449 crossingAngle: 25.181 axialRotation: -64.6745 zShift: 5.12415 energy: -112.303
MCAccept 3 xShift: 9.44449 crossingAngle: 25.5003 axialRotation: -64.3435 zShift: 5.12415 energy: -113.886
MCReject   xShift: 9.44449 crossingAngle: 25.5093 axialRotation: -64.3435 zShift: 5.12415 energy: -113.622
MCReject   xShift: 9.44449 crossingAngle: 25.5003 axialRotation: -64.3435 zShift: 5.10924 energy: -113.79
MCReject   xShift: 9.44449 crossingAngle: 25.2169 axialRotation: -64.3435 zShift: 5.12415 energy: -112.938
MCReject   xShift: 9.44449 crossingAngle: 24.6655 axialRotation: -64.3435 zShift: 5.12415 energy: -111.278
MCAccept 4 xShift: 9.44449 crossingAngle: 25.5003 axialRotation: -63.6264 zShift: 5.12415 energy: -114.838
MCReject   xShift: 9.35124 crossingAngle: 25.5003 axialRotation: -63.6264 zShift: 5.12415 energy: -114.059
MCReject   xShift: 9.44449 crossingAngle: 25.347 axialRotation: -63.6264 zShift: 5.12415 energy: -113.97
MCReject   xShift: 9.46254 crossingAngle: 25.5003 axialRotation: -63.6264 zShift: 5.12415 energy: -114.162
MCAccept 5 xShift: 9.44449 crossingAngle: 25.5003 axialRotation: -63.6264 zShift: 5.12062 energy: -114.893
MCAccept 6 xShift: 9.44758 crossingAngle: 25.5003 axialRotation: -63.6264 zShift: 5.12062 energy: -115.427
MCAccept 7 xShift: 9.44758 crossingAngle: 25.5771 axialRotation: -63.6264 zShift: 5.12062 energy: -115.483
MCReject   xShift: 9.45058 crossingAngle: 25.5771 axialRotation: -63.6264 zShift: 5.12062 energy: -114.158
MCReject   xShift: 9.44758 crossingAngle: 25.4643 axialRotation: -63.6264 zShift: 5.12062 energy: -114.858
MCReject   xShift: 9.44758 crossingAngle: 25.4921 axialRotation: -63.6264 zShift: 5.12062 energy: -114.067
MCReject   xShift: 9.45924 crossingAngle: 25.5771 axialRotation: -63.6264 zShift: 5.12062 energy: -115.458
MCReject   xShift: 9.44717 crossingAngle: 25.5771 axialRotation: -63.6264 zShift: 5.12062 energy: -114.883
MCReject   xShift: 9.44448 crossingAngle: 25.5771 axialRotation: -63.6264 zShift: 5.12062 energy: -114.889
MCReject   xShift: 9.44758 crossingAngle: 25.5771 axialRotation: -63.6264 zShift: 5.10421 energy: -114.448
MCReject   xShift: 9.44758 crossingAngle: 25.5847 axialRotation: -63.6264 zShift: 5.12062 energy: -114.942
MCAccept 8 xShift: 9.44758 crossingAngle: 25.7579 axialRotation: -63.6264 zShift: 5.12062 energy: -115.58
End Repack Cycles

***REPACK GEOMETRY***
xShift;        Before: 9.44449; After: 9.44758
crossingAngle; Before: 26.3246; After: 25.7579
axialRotation; Before: -65.5779; After: -63.6264
zShift;        Before: 5.10711; After: 5.12062

axialRotationPrime; Before: 64.9661; After: 67.2345
zShiftPrime;        Before: 4.5816; After: 4.62913

Energy;        Before: 324.47; After: -115.58

Completed all cycles. Accepted 9/29
Monte Carlo repack complete. Time: 0.783333min

