***STARTING GEOMETRY***
xShift;        Before: 10; After: 10
crossingAngle; Before: 25; After: 25
axialRotation; Before: -66.6667; After: -66.6667
zShift;        Before: 4.6; After: 4.6

axialRotationPrime; Before: 60; After: 60
zShiftPrime;        Before: 4; After: 4

Starting Repack Cycles
MCAccept 0 xShift: 10.059 crossingAngle: 25 axialRotation: -66.6667 zShift: 4.6 energy: -327.921
MCReject   xShift: 10.059 crossingAngle: 25 axialRotation: -66.6667 zShift: 4.58045 energy: -327.471
MCAccept 1 xShift: 10.1545 crossingAngle: 25 axialRotation: -66.6667 zShift: 4.6 energy: -328.493
MCAccept 2 xShift: 10.1545 crossingAngle: 25 axialRotation: -66.6667 zShift: 4.63951 energy: -329.988
MCReject   xShift: 10.1545 crossingAngle: 25 axialRotation: -66.6667 zShift: 4.66882 energy: -319.219
MCReject   xShift: 10.1545 crossingAngle: 25 axialRotation: -66.9893 zShift: 4.63951 energy: -324.039
MCReject   xShift: 10.1545 crossingAngle: 25 axialRotation: -66.6667 zShift: 4.56272 energy: -328.762
MCReject   xShift: 10.0103 crossingAngle: 25 axialRotation: -66.6667 zShift: 4.63951 energy: -323.92
MCReject   xShift: 10.1545 crossingAngle: 25 axialRotation: -66.7746 zShift: 4.63951 energy: -319.84
MCAccept 3 xShift: 10.1545 crossingAngle: 25 axialRotation: -66.6667 zShift: 4.72562 energy: -333.248
MCReject   xShift: 10.1121 crossingAngle: 25 axialRotation: -66.6667 zShift: 4.72562 energy: -331.169
MCReject   xShift: 10.1545 crossingAngle: 24.5543 axialRotation: -66.6667 zShift: 4.72562 energy: -327.981
MCReject   xShift: 10.1545 crossingAngle: 25 axialRotation: -66.6667 zShift: 4.62756 energy: -312.226
MCReject   xShift: 10.1545 crossingAngle: 25 axialRotation: -66.664 zShift: 4.72562 energy: -327.152
MCReject   xShift: 10.1019 crossingAngle: 25 axialRotation: -66.6667 zShift: 4.72562 energy: -331.718
MCReject   xShift: 10.1545 crossingAngle: 25 axialRotation: -66.7261 zShift: 4.72562 energy: -329.44
MCReject   xShift: 10.0575 crossingAngle: 25 axialRotation: -66.6667 zShift: 4.72562 energy: -331.046
MCReject   xShift: 10.1545 crossingAngle: 25 axialRotation: -66.6667 zShift: 4.63682 energy: -326.748
MCReject   xShift: 10.1545 crossingAngle: 25 axialRotation: -66.6667 zShift: 4.60438 energy: -329.634
MCReject   xShift: 10.1545 crossingAngle: 25.0995 axialRotation: -66.6667 zShift: 4.72562 energy: -330.567
MCReject   xShift: 10.1545 crossingAngle: 25 axialRotation: -66.6667 zShift: 4.60999 energy: -327.178
MCReject   xShift: 10.0528 crossingAngle: 25 axialRotation: -66.6667 zShift: 4.72562 energy: -289.866
MCReject   xShift: 10.1716 crossingAngle: 25 axialRotation: -66.6667 zShift: 4.72562 energy: -324.449
MCReject   xShift: 10.1389 crossingAngle: 25 axialRotation: -66.6667 zShift: 4.72562 energy: -325.015
MCReject   xShift: 10.1545 crossingAngle: 25 axialRotation: -66.6667 zShift: 4.71823 energy: -317.247
MCReject   xShift: 10.1545 crossingAngle: 25 axialRotation: -66.0593 zShift: 4.72562 energy: -330.256
MCReject   xShift: 10.0887 crossingAngle: 25 axialRotation: -66.6667 zShift: 4.72562 energy: -329.914
MCReject   xShift: 10.11 crossingAngle: 25 axialRotation: -66.6667 zShift: 4.72562 energy: -332.23
MCAccept 4 xShift: 10.1969 crossingAngle: 25 axialRotation: -66.6667 zShift: 4.72562 energy: -333.315
MCAccept 5 xShift: 10.1969 crossingAngle: 25 axialRotation: -66.6667 zShift: 4.72822 energy: -335.552
MCReject   xShift: 10.19 crossingAngle: 25 axialRotation: -66.6667 zShift: 4.72822 energy: -323.851
MCAccept 6 xShift: 10.1969 crossingAngle: 25.1897 axialRotation: -66.6667 zShift: 4.72822 energy: -345.31
End Repack Cycles

***REPACK GEOMETRY***
xShift;        Before: 10; After: 10.1969
crossingAngle; Before: 25; After: 25.1897
axialRotation; Before: -66.6667; After: -66.6667
zShift;        Before: 4.6; After: 4.72822

axialRotationPrime; Before: 60; After: 60.9498
zShiftPrime;        Before: 4; After: 4.14247

Energy;        Before: 1045.41; After: -345.31

Completed all cycles. Accepted 7/32
Backbone Optimization Monte Carlo repack complete. Time: 14.5167min

