***STARTING GEOMETRY***
xShift;        Before: 15.0574; After: 15.0574
crossingAngle; Before: 25.2232; After: 25.2232
axialRotation; Before: 62.0617; After: 62.0617
zShift;        Before: 4.07462; After: 4.07462

Starting Repack Cycles
MCReject   xShift: 15.0574 crossingAngle: 25.2232 axialRotation: -65.8727 zShift: 4.64369 energy: -19.6941
MCAccept 0 xShift: 15.0156 crossingAngle: 25.2232 axialRotation: -65.1024 zShift: 4.64369 energy: -19.9794
MCAccept 1 xShift: 15.0156 crossingAngle: 25.4412 axialRotation: -65.1024 zShift: 4.64369 energy: -19.9751
MCAccept 2 xShift: 15.0156 crossingAngle: 25.4412 axialRotation: -65.1024 zShift: 4.7941 energy: -19.9715
MCAccept 3 xShift: 15.0156 crossingAngle: 25.4412 axialRotation: -65.1024 zShift: 4.65956 energy: -19.9747
MCAccept 4 xShift: 15.0156 crossingAngle: 25.4412 axialRotation: -64.5802 zShift: 4.65956 energy: -19.9763
MCAccept 5 xShift: 15.0156 crossingAngle: 25.1159 axialRotation: -64.5802 zShift: 4.65956 energy: -19.9826
MCReject   xShift: 15.1602 crossingAngle: 25.1159 axialRotation: -64.5802 zShift: 4.65956 energy: -19.6608
MCReject   xShift: 14.9369 crossingAngle: 25.1159 axialRotation: -64.5802 zShift: 4.65956 energy: -19.7423
MCAccept 6 xShift: 15.0429 crossingAngle: 25.1159 axialRotation: -64.5802 zShift: 4.65956 energy: -19.9731
MCAccept 7 xShift: 14.9376 crossingAngle: 25.1159 axialRotation: -64.5802 zShift: 4.65956 energy: -20.011
MCAccept 8 xShift: 14.9376 crossingAngle: 25.1159 axialRotation: -64.5802 zShift: 4.59431 energy: -20.0126
MCReject   xShift: 14.9376 crossingAngle: 24.9679 axialRotation: -64.5802 zShift: 4.59431 energy: -19.4778
MCAccept 9 xShift: 14.9376 crossingAngle: 25.1159 axialRotation: -63.7177 zShift: 4.59431 energy: -20.0157
MCReject   xShift: 14.9376 crossingAngle: 25.1159 axialRotation: -63.7177 zShift: 4.55107 energy: -19.7467
MCAccept 10 xShift: 14.9376 crossingAngle: 25.1159 axialRotation: -63.7177 zShift: 4.60001 energy: -20.0155
MCAccept 11 xShift: 15.0147 crossingAngle: 25.1159 axialRotation: -63.7177 zShift: 4.60001 energy: -19.9875
MCAccept 12 xShift: 15.0147 crossingAngle: 25.1159 axialRotation: -63.7177 zShift: 4.47236 energy: -19.719
MCAccept 13 xShift: 14.976 crossingAngle: 25.1159 axialRotation: -63.7177 zShift: 4.47236 energy: -19.7337
MCAccept 14 xShift: 14.976 crossingAngle: 24.9147 axialRotation: -63.7177 zShift: 4.47236 energy: -20.0087
MCAccept 15 xShift: 14.976 crossingAngle: 25.7221 axialRotation: -63.7177 zShift: 4.47236 energy: -19.9925
MCReject   xShift: 14.976 crossingAngle: 25.7221 axialRotation: -63.9975 zShift: 4.47236 energy: -19.721
MCReject   xShift: 14.8723 crossingAngle: 25.7221 axialRotation: -63.7177 zShift: 4.47236 energy: -19.7623
MCAccept 16 xShift: 14.976 crossingAngle: 26.9345 axialRotation: -63.7177 zShift: 4.47236 energy: -19.9688
MCAccept 17 xShift: 14.9853 crossingAngle: 26.9345 axialRotation: -63.7177 zShift: 4.47236 energy: -19.9657
MCAccept 18 xShift: 14.9853 crossingAngle: 26.9345 axialRotation: -63.7177 zShift: 4.50737 energy: -19.9647
MCReject   xShift: 15.0157 crossingAngle: 26.9345 axialRotation: -63.7177 zShift: 4.50737 energy: -19.9546
MCReject   xShift: 14.9853 crossingAngle: 26.7006 axialRotation: -63.7177 zShift: 4.50737 energy: -19.6981
MCAccept 19 xShift: 14.9853 crossingAngle: 27.748 axialRotation: -63.7177 zShift: 4.50737 energy: -19.9492
MCAccept 20 xShift: 14.9853 crossingAngle: 27.748 axialRotation: -63.7177 zShift: 4.60542 energy: -19.6753
MCAccept 21 xShift: 14.9853 crossingAngle: 26.634 axialRotation: -63.7177 zShift: 4.60542 energy: -19.6967
MCAccept 22 xShift: 14.9296 crossingAngle: 26.634 axialRotation: -63.7177 zShift: 4.60542 energy: -19.7171
MCAccept 23 xShift: 14.9383 crossingAngle: 26.634 axialRotation: -63.7177 zShift: 4.60542 energy: -19.984
MCReject   xShift: 14.9383 crossingAngle: 26.3375 axialRotation: -63.7177 zShift: 4.60542 energy: -19.7199
MCReject   xShift: 14.9383 crossingAngle: 26.4711 axialRotation: -63.7177 zShift: 4.60542 energy: -19.7172
MCAccept 24 xShift: 14.9383 crossingAngle: 26.634 axialRotation: -63.7177 zShift: 4.58309 energy: -19.7145
MCAccept 25 xShift: 14.9383 crossingAngle: 26.634 axialRotation: -62.5942 zShift: 4.58309 energy: -19.7175
MCAccept 26 xShift: 15.0627 crossingAngle: 26.634 axialRotation: -62.5942 zShift: 4.58309 energy: -19.9472
MCReject   xShift: 15.1952 crossingAngle: 26.634 axialRotation: -62.5942 zShift: 4.58309 energy: -19.6303
MCAccept 27 xShift: 15.0627 crossingAngle: 26.634 axialRotation: -62.5942 zShift: 4.5175 energy: -19.675
MCAccept 28 xShift: 15.0627 crossingAngle: 26.4889 axialRotation: -62.5942 zShift: 4.5175 energy: -19.6777
MCAccept 29 xShift: 15.0627 crossingAngle: 27.2444 axialRotation: -62.5942 zShift: 4.5175 energy: -19.9378
MCReject   xShift: 15.0627 crossingAngle: 27.6631 axialRotation: -62.5942 zShift: 4.5175 energy: -19.6562
MCAccept 30 xShift: 15.0634 crossingAngle: 27.2444 axialRotation: -62.5942 zShift: 4.5175 energy: -19.9376
MCAccept 31 xShift: 15.0634 crossingAngle: 27.2444 axialRotation: -62.5942 zShift: 4.48812 energy: -19.6644
MCAccept 32 xShift: 15.0634 crossingAngle: 26.7628 axialRotation: -62.5942 zShift: 4.48812 energy: -19.6732
MCAccept 33 xShift: 15.0634 crossingAngle: 27.5426 axialRotation: -62.5942 zShift: 4.48812 energy: -19.933
MCAccept 34 xShift: 15.0634 crossingAngle: 27.5426 axialRotation: -62.5942 zShift: 4.61363 energy: -19.9296
MCAccept 35 xShift: 15.0634 crossingAngle: 27.0869 axialRotation: -62.5942 zShift: 4.61363 energy: -19.9379
MCAccept 36 xShift: 15.0634 crossingAngle: 27.0966 axialRotation: -62.5942 zShift: 4.61363 energy: -19.9377
MCAccept 37 xShift: 15.0634 crossingAngle: 27.0966 axialRotation: -62.5942 zShift: 4.76064 energy: -19.9337
MCAccept 38 xShift: 15.0634 crossingAngle: 26.8289 axialRotation: -62.5942 zShift: 4.76064 energy: -19.9387
MCReject   xShift: 15.0609 crossingAngle: 26.8289 axialRotation: -62.5942 zShift: 4.76064 energy: -19.6654
MCAccept 39 xShift: 15.2118 crossingAngle: 26.8289 axialRotation: -62.5942 zShift: 4.76064 energy: -19.8941
MCAccept 40 xShift: 15.2118 crossingAngle: 26.9709 axialRotation: -62.5942 zShift: 4.76064 energy: -19.8917
MCReject   xShift: 15.2118 crossingAngle: 26.571 axialRotation: -62.5942 zShift: 4.76064 energy: -19.6219
MCAccept 41 xShift: 15.2118 crossingAngle: 26.9709 axialRotation: -62.7035 zShift: 4.76064 energy: -19.8913
MCAccept 42 xShift: 15.2118 crossingAngle: 26.9709 axialRotation: -62.7035 zShift: 4.71398 energy: -19.8924
MCAccept 43 xShift: 15.286 crossingAngle: 26.9709 axialRotation: -62.7035 zShift: 4.71398 energy: -19.8719
MCAccept 44 xShift: 15.286 crossingAngle: 26.0341 axialRotation: -62.7035 zShift: 4.71398 energy: -19.8867
MCAccept 45 xShift: 15.2208 crossingAngle: 26.0341 axialRotation: -62.7035 zShift: 4.71398 energy: -19.9054
MCAccept 46 xShift: 15.2208 crossingAngle: 25.5949 axialRotation: -62.7035 zShift: 4.71398 energy: -19.9128
MCReject   xShift: 15.2208 crossingAngle: 25.5949 axialRotation: -62.7035 zShift: 4.80532 energy: -19.6342
MCAccept 47 xShift: 15.2208 crossingAngle: 25.5949 axialRotation: -63.499 zShift: 4.71398 energy: -19.6341
MCAccept 48 xShift: 15.2208 crossingAngle: 25.4478 axialRotation: -63.499 zShift: 4.71398 energy: -19.9123
MCAccept 49 xShift: 15.2208 crossingAngle: 25.4478 axialRotation: -63.499 zShift: 4.61814 energy: -19.9144
MCAccept 50 xShift: 15.2208 crossingAngle: 25.4478 axialRotation: -63.499 zShift: 4.55422 energy: -19.9159
MCAccept 51 xShift: 15.2208 crossingAngle: 25.4478 axialRotation: -63.499 zShift: 4.58577 energy: -19.9152
MCAccept 52 xShift: 15.2208 crossingAngle: 25.4478 axialRotation: -63.3741 zShift: 4.58577 energy: -19.9156
MCReject   xShift: 15.2208 crossingAngle: 25.4478 axialRotation: -63.4936 zShift: 4.58577 energy: -19.6395
MCAccept 53 xShift: 15.2648 crossingAngle: 25.4478 axialRotation: -63.3741 zShift: 4.58577 energy: -19.9026
MCReject   xShift: 15.2648 crossingAngle: 25.4478 axialRotation: -62.9928 zShift: 4.58577 energy: -19.3504
MCAccept 54 xShift: 15.2648 crossingAngle: 25.3664 axialRotation: -63.3741 zShift: 4.58577 energy: -19.9039
MCReject   xShift: 15.2648 crossingAngle: 26.0567 axialRotation: -63.3741 zShift: 4.58577 energy: -19.6162
MCReject   xShift: 15.2648 crossingAngle: 25.4084 axialRotation: -63.3741 zShift: 4.58577 energy: -19.6268
MCAccept 55 xShift: 15.2648 crossingAngle: 25.3664 axialRotation: -63.0766 zShift: 4.58577 energy: -19.9051
MCAccept 56 xShift: 15.2648 crossingAngle: 25.3664 axialRotation: -63.0766 zShift: 4.57108 energy: -19.9054
MCReject   xShift: 15.2648 crossingAngle: 25.3664 axialRotation: -63.0766 zShift: 4.58061 energy: -19.6284
MCReject   xShift: 15.304 crossingAngle: 25.3664 axialRotation: -63.0766 zShift: 4.57108 energy: -19.8941
MCAccept 57 xShift: 15.2648 crossingAngle: 25.3664 axialRotation: -63.1304 zShift: 4.57108 energy: -19.9052
MCAccept 58 xShift: 15.2648 crossingAngle: 25.3502 axialRotation: -63.1304 zShift: 4.57108 energy: -19.9055
MCAccept 59 xShift: 15.2648 crossingAngle: 25.3502 axialRotation: -63.4944 zShift: 4.57108 energy: -19.9041
MCReject   xShift: 15.2648 crossingAngle: 25.3502 axialRotation: -64.0595 zShift: 4.57108 energy: -19.6262
MCAccept 60 xShift: 15.2648 crossingAngle: 25.3502 axialRotation: -63.4944 zShift: 4.59068 energy: -19.9036
End Repack Cycles

***REPACK GEOMETRY***
xShift;        Before: 15.0574; After: 15.2648
crossingAngle; Before: 25.2232; After: 25.3502
axialRotation; Before: 62.0617; After: 63.4557
zShift;        Before: 4.07462; After: 4.04252

Energy;        Before: -19.9673; After: -19.9036

Reached 51 cycles without improvement of 0.001. Accepted 61/84
Monte Carlo repack complete. Time: 0.05min

