***STARTING GEOMETRY***
xShift;        Before: 10; After: 10
crossingAngle; Before: 25; After: 25
axialRotation; Before: -66.6667; After: -66.6667
zShift;        Before: 4.6; After: 4.6

axialRotationPrime; Before: 60; After: 60
zShiftPrime;        Before: 4; After: 4

Starting Repack Cycles
MCAccept 0 xShift: 10 crossingAngle: 25 axialRotation: -66.4439 zShift: 4.6 energy: 50.5705
MCReject   xShift: 10.0485 crossingAngle: 25 axialRotation: -66.4439 zShift: 4.6 energy: 120.384
MCAccept 1 xShift: 10 crossingAngle: 25 axialRotation: -67.0573 zShift: 4.6 energy: 45.9161
MCReject   xShift: 10 crossingAngle: 25 axialRotation: -67.0573 zShift: 4.54743 energy: 99.2148
MCReject   xShift: 10.0387 crossingAngle: 25 axialRotation: -67.0573 zShift: 4.6 energy: 49.9856
MCAccept 2 xShift: 10 crossingAngle: 25 axialRotation: -67.712 zShift: 4.6 energy: 43.2573
MCAccept 3 xShift: 10 crossingAngle: 25 axialRotation: -67.712 zShift: 4.64977 energy: 42.6009
MCReject   xShift: 9.93188 crossingAngle: 25 axialRotation: -67.712 zShift: 4.64977 energy: 51.921
MCReject   xShift: 9.93033 crossingAngle: 25 axialRotation: -67.712 zShift: 4.64977 energy: 59.3092
MCAccept 4 xShift: 10 crossingAngle: 25 axialRotation: -67.8711 zShift: 4.64977 energy: 42.8076
MCAccept 5 xShift: 10.1274 crossingAngle: 25 axialRotation: -67.8711 zShift: 4.64977 energy: 33.3246
MCAccept 6 xShift: 10.1274 crossingAngle: 25 axialRotation: -68.0186 zShift: 4.64977 energy: 25.9624
MCReject   xShift: 10.1246 crossingAngle: 25 axialRotation: -68.0186 zShift: 4.64977 energy: 30.7179
MCReject   xShift: 10.1274 crossingAngle: 25 axialRotation: -68.0186 zShift: 4.62519 energy: 27.639
MCReject   xShift: 10.1274 crossingAngle: 25 axialRotation: -68.0186 zShift: 4.65073 energy: 27.4603
MCReject   xShift: 10.1414 crossingAngle: 25 axialRotation: -68.0186 zShift: 4.64977 energy: 29.4418
MCAccept 7 xShift: 10.1426 crossingAngle: 25 axialRotation: -68.0186 zShift: 4.64977 energy: 24.7173
MCReject   xShift: 10.1426 crossingAngle: 25 axialRotation: -68.0186 zShift: 4.63796 energy: 25.6252
MCReject   xShift: 10.1426 crossingAngle: 25 axialRotation: -67.8923 zShift: 4.64977 energy: 27.2607
MCReject   xShift: 10.1426 crossingAngle: 25 axialRotation: -68.0186 zShift: 4.64079 energy: 25.7007
MCReject   xShift: 10.1426 crossingAngle: 25 axialRotation: -68.0397 zShift: 4.64977 energy: 28.6996
MCReject   xShift: 10.1426 crossingAngle: 25 axialRotation: -68.0186 zShift: 4.64535 energy: 29.6506
MCAccept 8 xShift: 10.1426 crossingAngle: 25.0478 axialRotation: -68.0186 zShift: 4.64977 energy: 23.0744
MCAccept 9 xShift: 10.1426 crossingAngle: 25.0478 axialRotation: -68.0186 zShift: 4.65725 energy: 22.258
End Repack Cycles

***REPACK GEOMETRY***
xShift;        Before: 10; After: 10.1426
crossingAngle; Before: 25; After: 25.0478
axialRotation; Before: -66.6667; After: -68.0186
zShift;        Before: 4.6; After: 4.65725

axialRotationPrime; Before: 60; After: 58.922
zShiftPrime;        Before: 4; After: 4.04108

Energy;        Before: 1404.93; After: 22.258

Completed all cycles. Accepted 10/24
Backbone Optimization Monte Carlo repack complete. Time: 6.15min

