***STARTING GEOMETRY:***
xShift: 8.6033
crossingAngle: 26.3525
axialRotation: 40.9973
zShift: 3.96395

Number of MCCycles: 100
PrevSequence	CurrSequence	PrevEnergy	CurrEnergy	PrevEntropy	CurrEntropy	CurrentTemp
LLLAWLLSYLLSFLLIFLILI	LLLAWLLSYLLSGLLIFLILI	4750.57	4745.8	0.595564	0.269472	999.684
LLLAWLLSYLLSGLLIFLILI	LLLAWLLSYLLSGLVIFLILI	4746.35	4745.7	0.818578	0.171012	999.328
LLLAWLLSYLLSGLVIFLILI	LLLAWLLSYLLSGLAIFLILI	4745.8	4746.13	0.266078	0.601496	998.928
LLLAWLLSYLLSGLAIFLILI	LLLAWLLSFLLSGLAIFLILI	4745.94	4746.48	0.410343	0.410343	998.476
LLLAWLLSFLLSGLAIFLILI	LLLAWLLSFLVSGLAIFLILI	4746.79	4746.27	0.722491	0.207026	997.967
LLLAWLLSFLVSGLAIFLILI	LLLAWLTSFLVSGLAIFLILI	4746.46	4746.49	0.391819	0.429465	997.394
LLLAWLTSFLVSGLAIFLILI	LLLAWLTSFLVLGLAIFLILI	4746.7	4746.7	0.635783	0.24747	996.749
LLLAWLTSFLVLGLAIFLILI	LLLAWLTSFLVLGVAIFLILI	4746.83	4746.89	0.378647	0.443833	996.023
LLLAWLTSFLVLGVAIFLILI	LLLAWLTSFLVSGVAIFLILI	4746.62	4746.87	0.175893	0.804241	995.205
LLLAWLTSFLVSGVAIFLILI	LLLAWLTSFLVSFVAIFLILI	4746.26	4745.48	0.192521	0.758648	994.285
LLLAWLTSFLVSFVAIFLILI	LLLAWLTSFLVLFVAIFLILI	4745.52	4745.28	0.804241	0.175893	993.249
LLLAWLTSFLVLFVAIFLILI	LLLAWLTSYLVLFVAIFLILI	4745.64	4745.4	0.542444	0.302409	992.084
LLLAWLTSYLVLFVAIFLILI	LLLAWLTSYLVLGVAIFLILI	4745.69	4746.27	0.595564	0.269472	990.773
LLLAWLTSYLVLGVAIFLILI	LLLAWLTSYLVSGVAIFLILI	4746.18	4746.34	0.175893	0.804241	989.3
LLLAWLTSYLVSGVAIFLILI	LLLAWLTSYLLSGVAIFLILI	4746.12	4745.81	0.58241	0.277189	987.644
LLLAWLTSYLLSGVAIFLILI	LLLAWLTSFLLSGVAIFLILI	4745.94	4746.48	0.410343	0.410343	985.783
LLLAWLTSFLLSGVAIFLILI	LLLAWLTSFLLSGVAVFLILI	4746.31	4746.67	0.248134	0.634506	983.694
LLLAWLTSFLLSGVAVFLILI	LLLAWLTSFLISGVAVFLILI	4746.48	4746.4	0.452308	0.371157	981.348
LLLAWLTSFLISGVAVFLILI	LLLAWLTSFLISGLAVFLILI	4746.61	4746.31	0.58241	0.277189	978.717
LLLAWLTSFLISGLAVFLILI	LLLAWLTSFLISGLLVFLILI	4746.44	4746.45	0.405493	0.415233	975.768
LLLAWLTSFLISGLLVFLILI	LLLAWLTSFLIAGLLVFLILI	4746.67	4746.73	0.642213	0.244161	972.463
LLLAWLTSFLIAGLLVFLILI	LLLAWLVSFLIAGLLVFLILI	4746.88	4746.91	0.396733	0.424273	968.764
LLLAWLVSFLIAGLLVFLILI	LLLAWLVSFLTAGLLVFLILI	4746.74	4747.1	0.257708	0.616541	964.627
LLLAWLVSFLTAGLLVFLILI	LLLAWLVSYLTAGLLVFLILI	4746.89	4746.33	0.410343	0.410343	960.005
LLLAWLVSYLTAGLLVFLILI	LLLAWLISYLTAGLLVFLILI	4746.55	4746.16	0.634506	0.248134	954.846
LLLAWLISYLTAGLLVFLILI	LLLAWLISYLTAGLLIFLILI	4746.15	4746.62	0.232152	0.666466	949.095
LLLAWLISYLTAGLLIFLILI	LLLAWLISYLVAGLLIFLILI	4746.59	4746.2	0.632162	0.249358	942.693
LLLAWLISYLVAGLLIFLILI	LLLAWLISYLVAGLLVFLILI	4746.38	4746.31	0.42245	0.398479	935.578
LLLAWLISYLVAGLLVFLILI	LLLAWLISYLVAGTLVFLILI	4746.31	4746.34	0.391819	0.429465	927.683
LLLAWLISYLVAGTLVFLILI	LLLAWLISYLLAGTLVFLILI	4746.36	4746.29	0.443833	0.378647	918.939
LLLAWLISYLLAGTLVFLILI	LLLAWLISYLLSGTLVFLILI	4746.16	4746.13	0.244161	0.642213	909.276
LLLAWLISYLLSGTLVFLILI	LLLAWLASYLLSGTLVFLILI	4745.77	4746.08	0.274869	0.586316	898.621
LLLAWLASYLLSGTLVFLILI	LLLAWLASYLLSGTLIFLILI	4745.89	4745.96	0.398479	0.42245	886.903
LLLAWLASYLLSGTLIFLILI	LLLAWLAAYLLSGTLIFLILI	4746.03	4747.66	0.494608	0.336591	874.051
LLLAWLAAYLLSGTLIFLILI	LLLAWLAAYLLSGVLIFLILI	4747.95	4747.57	0.632162	0.249358	859.999
LLLAWLAAYLLSGVLIFLILI	LLLAWLAAYLLSFVLIFLILI	4747.59	4747.02	0.269472	0.595564	844.686
LLLAWLAAYLLSFVLIFLILI	LLLAWLAAYLLSFVGIFLILI	4746.9	4746.79	0.469058	0.35693	828.061
LLLAWLAAYLLSFVGIFLILI	LLLAWLASYLLSFVGIFLILI	4746.77	4745.12	0.336591	0.494608	810.083
LLLAWLASYLLSFVGIFLILI	LLLAWLASYLLSFLGIFLILI	4744.89	4745.24	0.262571	0.607728	790.724
LLLAWLASYLLSFLGIFLILI	LLLAWLASYLLSFLGVFLILI	4745.05	4745.24	0.42245	0.398479	769.974
LLLAWLASYLLSFLGVFLILI	LLLAWLASYLLSFLIVFLILI	4745.36	4745.16	0.524053	0.314995	747.845
LLLAWLASYLLSFLIVFLILI	LLLAWLASYLLSFGIVFLILI	4745.31	4745.2	0.469058	0.35693	724.369
LLLAWLASYLLSFGIVFLILI	LLLAWLASYLLSFGLVFLILI	4745.11	4745.43	0.27127	0.592457	699.602
LLLAWLASYLLSFGLVFLILI	LLLAWLASYLLSFGLIFLILI	4745.24	4745.05	0.398479	0.42245	673.628
LLLAWLASYLLSFGLIFLILI	LLLAWLASYLVSFGLIFLILI	4745.24	4744.89	0.607728	0.262571	646.557
LLLAWLASYLVSFGLIFLILI	LLLAWLASYLVSFGLFFLILI	4744.77	4745.36	0.141485	0.916671	618.524
LLLAWLASYLVSFGLFFLILI	LLLAWLISYLVSFGLFFLILI	4745.03	4744.72	0.586316	0.274869	589.688
LLLAWLISYLVSFGLFFLILI	LLLAWLIAYLVSFGLFFLILI	4745.09	4746.49	0.642213	0.244161	560.23
LLLAWLIAYLVSFGLFFLILI	LLLAWLIAYLVSFGTFFLILI	4746.54	4746.82	0.287636	0.565318	530.348
LLLAWLIAYLVSFGTFFLILI	LLLAWLIAYLVSFGLFFLILI	4746.82	4746.54	0.565318	0.287636	500.25
LLLAWLIAYLVSFGLFFLILI	LLLAWLLAYLVSFGLFFLILI	4746.52	4746.84	0.27127	0.592457	470.152
LLLAWLLAYLVSFGLFFLILI	LLLAWLIAYLVSFGLFFLILI	4746.84	4746.52	0.592457	0.27127	440.27
LLLAWLIAYLVSFGLFFLILI	LLLAWLIAYLVSFGTFFLILI	4746.54	4746.82	0.287636	0.565318	410.812
LLLAWLIAYLVSFGTFFLILI	LLLAWLIAYLVSFGTYFLILI	4746.58	4746.65	0.331293	0.5016	381.976
LLLAWLIAYLVSFGTYFLILI	LLLAWLLAYLVSFGTYFLILI	4746.52	4746.6	0.371157	0.452308	353.943
LLLAWLLAYLVSFGTYFLILI	LLLAWLLAYLVSFGIYFLILI	4746.76	4746.4	0.616541	0.257708	326.872
LLLAWLLAYLVSFGIYFLILI	LLLAWLLAYLVSFGLYFLILI	4746.42	4746.74	0.27127	0.592457	300.898
LLLAWLLAYLVSFGLYFLILI	LLLAWLLAYLVSFGIYFLILI	4746.74	4746.42	0.592457	0.27127	276.131
LLLAWLLAYLVSFGIYFLILI	LLLAWLLSYLVSFGIYFLILI	4746.39	4744.98	0.244161	0.642213	252.655
LLLAWLLSYLVSFGIYFLILI	LLLAWLLSYLASFGIYFLILI	4744.61	4744.94	0.266078	0.601496	230.526
LLLAWLLSYLASFGIYFLILI	LLLAWLLSFLASFGIYFLILI	4744.84	4744.8	0.5016	0.331293	209.776
LLLAWLLSFLASFGIYFLILI	LLLAWLVSFLASFGIYFLILI	4744.93	4744.83	0.465234	0.360112	190.417
LLLAWLVSFLASFGIYFLILI	LLLAWLVSYLASFGIYFLILI	4744.8	4744.84	0.331293	0.5016	172.439
LLLAWLVSYLASFGIYFLILI	LLLAWLVSYLASFLIYFLILI	4744.82	4744.69	0.477745	0.349837	155.814
LLLAWLVSYLASFLIYFLILI	LLLAWLVSYLASFGIYFLILI	4744.69	4744.82	0.349837	0.477745	140.501
LLLAWLVSYLASFGIYFLILI	LLLAWLVSFLASFGIYFLILI	4744.84	4744.8	0.5016	0.331293	126.449
LLLAWLVSFLASFGIYFLILI	LLLAWLVSFLLSFGIYFLILI	4745	4744.77	0.53662	0.306324	113.597
LLLAWLVSFLLSFGIYFLILI	LLLAWLVSYLLSFGIYFLILI	4744.8	4744.84	0.331293	0.5016	101.879
LLLAWLVSYLLSFGIYFLILI	LLLAWLVSYLLSFAIYFLILI	4744.7	4744.81	0.36136	0.463748	91.2238
LLLAWLVSYLLSFAIYFLILI	LLLAWLVSYLLSFAIFFLILI	4744.84	4744.78	0.5016	0.331293	81.5606
LLLAWLVSYLLSFAIFFLILI	LLLAWLVSYLLSFAIYFLILI	4744.78	4744.84	0.331293	0.5016	72.8169
LLLAWLVSYLLSFAIYFLILI	LLLAWLVSYLLSFGIYFLILI	4744.81	4744.7	0.463748	0.36136	64.9219
LLLAWLVSYLLSFGIYFLILI	LLLAWLVSYLLSFAIYFLILI	4744.7	4744.81	0.36136	0.463748	57.8066
LLLAWLVSYLLSFAIYFLILI	LLLAWLGSYLLSFAIYFLILI	4744.65	4744.88	0.305221	0.53825	51.4049
LLLAWLGSYLLSFAIYFLILI	LLLAWLGSYLLSFAIFFLILI	4744.84	4744.78	0.5016	0.331293	45.6541
LLLAWLGSYLLSFAIFFLILI	LLLAWLGSYLLSFAIYFLILI	4744.78	4744.84	0.331293	0.5016	40.495
LLLAWLGSYLLSFAIYFLILI	LLLAWLGSFLLSFAIYFLILI	4744.84	4744.8	0.5016	0.331293	35.8726
LLLAWLGSFLLSFAIYFLILI	LLLAWLGSFLLSFVIYFLILI	4745.07	4744.73	0.601496	0.266078	31.7355
LLLAWLGSFLLSFVIYFLILI	LLLAWLGSYLLSFVIYFLILI	4744.8	4744.84	0.331293	0.5016	24.7321
LLLAWLGSYLLSFVIYFLILI	LLLAWLGSYLLSFVIFFLILI	4744.84	4744.78	0.5016	0.331293	16.8064
Time: 6s
