***STARTING GEOMETRY:***
xShift: 9.2
crossingAngle: 25
axialRotation: 40
zShift: 4

Number of MCCycles: 100
PrevSequence	CurrSequence	Total	Dimer	Baseline	VDW	HBOND	EnergyDifferencew/prevSeq	PrevEnergy	CurrEnergy	PrevEntropy	CurrEntropy	CurrentTemp
LLLVVLWSLLGYLIILLLILI	LLLAVLWSLLGYLIILLLILI	-349.103	33.1249	382.228	-32.0464	-74.8176	0	31.4357	33.341	0	0	999.684
LLLVVLWSLLGYLIILLLILI	LLLAILWSLLGYLIILLLILI	-357.356	33.134	390.49	-43.1912	-74.8111	0	33.2893	33.9727	0	0	999.328
LLLVVLWSLLGYLIILLLILI	LLLAILWSLLGFLIILLLILI	-346.972	34.7179	381.69	-32.4593	-74.8111	0	33.7844	34.958	0	0	998.928
LLLVVLWSLLGYLIILLLILI	LLLAILVSLLGFLIILLLILI	-350.808	31.6541	382.462	-40.6722	-74.8111	0	35.7271	31.7729	0	0	998.476
LLLVVLWSLLGYLIILLLILI	LLLAILVSLLGFLYILLLILI	-338.18	32.6272	370.807	-25.1466	-74.8111	0	32.1249	32.9828	0	0	997.967
LLLVVLWSLLGYLIILLLILI	LLLAILVSLLAFLYILLLILI	-329.806	35.8943	365.7	-26.8859	-65.1223	0	32.9886	36.358	0	0	997.394
LLLVVLWSLLGYLIILLLILI	LLLAILVSLLAFLIILLLILI	-342.427	34.8728	377.3	-42.4051	-65.1223	0	36.2498	35.3436	0	0	996.749
LLLVVLWSLLGYLIILLLILI	LLLAILVSLLAFLIVLLLILI	-333.276	38.8704	372.147	-34.6944	-65.1223	0	35.4298	39.1634	0	0	996.023
LLLVVLWSLLGYLIILLLILI	LLLAILVSLLAILIVLLLILI	-346.337	40.3136	386.651	-48.7194	-65.1223	0	39.0745	41.0432	0	0	995.205
LLLVVLWSLLGYLIILLLILI	LLLAILISLLAILIVLLLILI	-351.842	39.6829	391.525	-52.8607	-65.1223	0	40.5458	40.3494	0	0	994.285
LLLVVLWSLLGYLIILLLILI	LLLAILISLLAFLIVLLLILI	-338.868	38.1571	377.025	-38.9232	-65.1223	0	40.5381	38.3163	0	0	993.249
LLLVVLWSLLGYLIILLLILI	LLLAILISLLAFLVVLLLILI	-332.933	39.1464	372.079	-34.4312	-65.1223	0	38.714	39.4394	0	0	992.084
LLLVVLWSLLGYLIILLLILI	LLLSILISLLAFLVVLLLILI	-346.995	41.2454	388.241	-30.93	-80.3701	0	39.3906	41.8876	0	0	990.773
LLLVVLWSLLGYLIILLLILI	LLLSILIALLAFLVVLLLILI	-337.088	42.7712	379.859	-30.9706	-72.7153	0	41.8876	43.0153	0	0	989.3
LLLVVLWSLLGYLIILLLILI	LLLSILIALLAFLIVLLLILI	-342.999	41.8051	384.804	-35.4385	-72.7153	0	43.0641	42.362	0	0	987.644
Time: 1s
