***STARTING GEOMETRY:***
xShift: 8.6
crossingAngle: 25
axialRotation: 40
zShift: 4

Number of MCCycles: 1000
PrevSequence	CurrSequence	PrevEnergy	CurrEnergy	PrevEntropy	CurrEntropy	CurrentTemp
LLLGALLGALLGALLGALILI	LLLGALLGALLSALLGALILI	5257.5	5255.75	0.88184	0.151251	999.97
LLLGALLGALLSALLGALILI	LLLGALLGALLSALLYALILI	5256.2	5255.04	0.594419	0.270132	999.94
LLLGALLGALLSALLYALILI	LLLGALLSALLSALLYALILI	5255.14	5251.22	0.367007	0.457104	999.909
LLLGALLSALLSALLYALILI	LLLGALLSFLLSALLYALILI	5251.55	5249.79	0.781098	0.184115	999.878
LLLGALLSFLLSALLYALILI	LLLGALLSFLLSALLVALILI	5250.36	5250	0.753596	0.194474	999.847
LLLGALLSFLLSALLVALILI	LLLGALLSFLLAALLVALILI	5250.21	5250.2	0.404229	0.416521	999.815
LLLGALLSFLLAALLVALILI	LLLGWLLSFLLAALLVALILI	5250.13	5247.91	0.342424	0.487077	999.783
LLLGWLLSFLLAALLVALILI	LLLGWLLSFLLSALLVALILI	5247.76	5247.94	0.336591	0.494608	999.75
LLLGWLLSFLLSALLVALILI	LLLGWLLSFLLSALLIALILI	5247.85	5247.9	0.398479	0.42245	999.718
LLLGWLLSFLLSALLIALILI	LLLGWLLSYLLSALLIALILI	5247.71	5247.46	0.240035	0.650378	999.684
LLLGWLLSYLLSALLIALILI	LLLGWLLSFLLSALLIALILI	5247.46	5247.71	0.650378	0.240035	999.651
LLLGWLLSFLLSALLIALILI	LLLGWLLAFLLSALLIALILI	5247.97	5250.34	0.494608	0.336591	999.616
LLLGWLLAFLLSALLIALILI	LLLGYLLAFLLSALLIALILI	5250.61	5252.25	0.598868	0.267575	999.582
LLLGYLLAFLLSALLIALILI	LLLGYLLAFLLSFLLIALILI	5252.4	5251.43	0.418565	0.402233	999.547
LLLGYLLAFLLSFLLIALILI	LLLAYLLAFLLSFLLIALILI	5251.29	5249.01	0.263552	0.605976	999.512
LLLAYLLAFLLSFLLIALILI	LLLAYLLAFLLSGLLIALILI	5249	5249.46	0.595564	0.269472	999.476
LLLAYLLAFLLSGLLIALILI	LLLAYLLAFLLAGLLIALILI	5249.43	5249.8	0.235967	0.658601	999.44
LLLAYLLAFLLAGLLIALILI	LLLAYLLAFLLAGLLVALILI	5249.57	5249.48	0.42245	0.398479	999.403
LLLAYLLAFLLAGLLVALILI	LLLAYLLAFLLAGLLIALILI	5249.48	5249.57	0.398479	0.42245	999.366
LLLAYLLAFLLAGLLIALILI	LLLAYLLAFLLAFLLIALILI	5249.41	5249.24	0.269472	0.595564	999.328
LLLAYLLAFLLAFLLIALILI	LLLAYLLAFLLSFLLIALILI	5249.3	5248.64	0.658601	0.235967	999.29
LLLAYLLAFLLSFLLIALILI	LLLAYLLAFLLSGLLIALILI	5249	5249.46	0.595564	0.269472	999.252
LLLAYLLAFLLSGLLIALILI	LLLAWLLAFLLSGLLIALILI	5249.46	5247.06	0.267575	0.598868	999.213
LLLAWLLAFLLSGLLIALILI	LLLAWLLAFLLAGLLIALILI	5246.7	5247.07	0.235967	0.658601	999.174
LLLAWLLAFLLAGLLIALILI	LLLAWLLAFLLAGLLIFLILI	5246.92	5244.39	0.510988	0.324348	999.134
LLLAWLLAFLLAGLLIFLILI	LLLAWLLAYLLAGLLIFLILI	5244.47	5244.01	0.410343	0.410343	999.094
LLLAWLLAYLLAGLLIFLILI	LLLAWLLAYLLAGLLVFLILI	5244.03	5243.97	0.42245	0.398479	999.053
LLLAWLLAYLLAGLLVFLILI	LLLAYLLAYLLAGLLVFLILI	5243.94	5246.79	0.372136	0.451187	999.012
LLLAYLLAYLLAGLLVFLILI	LLLAYLLAYLLSGLLVFLILI	5246.89	5246.69	0.549849	0.297523	998.97
LLLAYLLAYLLSGLLVFLILI	LLLAYLLAYLLAGLLVFLILI	5246.69	5246.89	0.297523	0.549849	998.928
LLLAYLLAYLLAGLLVFLILI	LLLAYLLAYLLSGLLVFLILI	5246.89	5246.69	0.549849	0.297523	998.885
LLLAYLLAYLLSGLLVFLILI	LLLAYLLAYLLSGLLIFLILI	5246.8	5246.86	0.398479	0.42245	998.841
LLLAYLLAYLLSGLLIFLILI	LLLAYLLAYLLSGLLVFLILI	5246.86	5246.8	0.42245	0.398479	998.798
LLLAYLLAYLLSGLLVFLILI	LLLAYLLSYLLSGLLVFLILI	5246.64	5244.38	0.244161	0.642213	998.753
LLLAYLLSYLLSGLLVFLILI	LLLAYLLSFLLSGLLVFLILI	5244.39	5244.48	0.650378	0.240035	998.708
LLLAYLLSFLLSGLLVFLILI	LLLAYLLSYLLSGLLVFLILI	5244.48	5244.39	0.240035	0.650378	998.663
LLLAYLLSYLLSGLLVFLILI	LLLAYLLSYLLSGLLIFLILI	5244.14	5244.2	0.398479	0.42245	998.617
LLLAYLLSYLLSGLLIFLILI	LLLAYLLSYLLSFLLIFLILI	5244.05	5243.46	0.269472	0.595564	998.571
LLLAYLLSYLLSFLLIFLILI	LLLAYLLSYLLAFLLIFLILI	5243.5	5243.33	0.642213	0.244161	998.524
LLLAYLLSYLLAFLLIFLILI	LLLAYLLSYLLAALLIFLILI	5243.49	5243.85	0.402233	0.418565	998.476
LLLAYLLSYLLAALLIFLILI	LLLAYLLSYLLAALLIYLILI	5243.52	5244.66	0.0912572	1.15198	998.428
LLLAYLLSYLLAALLIYLILI	LLLAWLLSYLLAALLIYLILI	5244.1	5241.02	0.591129	0.272043	998.379
LLLAWLLSYLLAALLIYLILI	LLLAWLLSYLLAALLIFLILI	5241.7	5240.81	0.952787	0.132101	998.33
LLLAWLLSYLLAALLIFLILI	LLLAWLLSFLLAALLIFLILI	5241.09	5241.79	0.410343	0.410343	998.28
LLLAWLLSFLLAALLIFLILI	LLLAWLLSFLLAALLIYLILI	5241.79	5241.87	0.410343	0.410343	998.229
LLLAWLLSFLLAALLIYLILI	LLLAWLLSFLLAFLLIYLILI	5241.88	5241.49	0.418565	0.402233	998.178
LLLAWLLSFLLAFLLIYLILI	LLLAWLLSFLLAFLLIFLILI	5241.39	5241	0.302409	0.542444	998.126
LLLAWLLSFLLAFLLIFLILI	LLLAWLLSFLLAFLLVFLILI	5240.88	5241.08	0.42245	0.398479	998.074
LLLAWLLSFLLAFLLVFLILI	LLLAWLLSFLLAFLLIFLILI	5241.08	5240.88	0.398479	0.42245	998.021
LLLAWLLSFLLAFLLIFLILI	LLLAWLLSFLLSFLLIFLILI	5240.7	5240.86	0.244161	0.642213	997.967
LLLAWLLSFLLSFLLIFLILI	LLLAWLLSFLLSFLLIYLILI	5240.76	5241.16	0.542444	0.302409	997.913
LLLAWLLSFLLSFLLIYLILI	LLLAWLLSFLLSALLIYLILI	5241.39	5241.8	0.532699	0.308996	997.858
LLLAWLLSFLLSALLIYLILI	LLLAWLLSFLLAALLIYLILI	5241.98	5241.8	0.494608	0.336591	997.803
LLLAWLLSFLLAALLIYLILI	LLLAWLLSYLLAALLIYLILI	5241.59	5241.7	0.132101	0.952787	997.746
LLLAWLLSYLLAALLIYLILI	LLLGWLLSYLLAALLIYLILI	5241.36	5244.42	0.605976	0.263552	997.689
LLLGWLLSYLLAALLIYLILI	LLLGWLLSYLLAALLIFLILI	5245.11	5244.21	0.952787	0.132101	997.632
LLLGWLLSYLLAALLIFLILI	LLLGWLLSYLLAALLVFLILI	5244.5	5244.49	0.42245	0.398479	997.573
LLLGWLLSYLLAALLVFLILI	LLLGWLLSYLLAFLLVFLILI	5244.4	5244.5	0.308996	0.532699	997.514
LLLGWLLSYLLAFLLVFLILI	LLLGWLLSYLLSFLLVFLILI	5244.1	5244.69	0.13458	0.942975	997.455
LLLGWLLSYLLSFLLVFLILI	LLLGWLLSYLLSFLLIFLILI	5244.14	5243.96	0.398479	0.42245	997.394
LLLGWLLSYLLSFLLIFLILI	LLLGWLLSYLLAFLLIFLILI	5244.48	5243.88	0.942975	0.13458	997.333
LLLGWLLSYLLAFLLIFLILI	LLLGWLLSYLLAALLIFLILI	5244.28	5244.39	0.532699	0.308996	997.271
LLLGWLLSYLLAALLIFLILI	LLLAWLLSYLLAALLIFLILI	5244.35	5241.28	0.263552	0.605976	997.209
LLLAWLLSYLLAALLIFLILI	LLLAWLLSFLLAALLIFLILI	5241.09	5241.79	0.410343	0.410343	997.145
LLLAWLLSFLLAALLIFLILI	LLLAYLLSFLLAALLIFLILI	5241.98	5244.37	0.598868	0.267575	997.081
LLLAYLLSFLLAALLIFLILI	LLLAYLLSYLLAALLIFLILI	5244.35	5244.08	0.240035	0.650378	997.017
LLLAYLLSYLLAALLIFLILI	LLLAYLLSFLLAALLIFLILI	5244.08	5244.35	0.650378	0.240035	996.951
LLLAYLLSFLLAALLIFLILI	LLLAYLLSYLLAALLIFLILI	5244.35	5244.08	0.240035	0.650378	996.884
LLLAYLLSYLLAALLIFLILI	LLLAYLLSFLLAALLIFLILI	5244.08	5244.35	0.650378	0.240035	996.817
LLLAYLLSFLLAALLIFLILI	LLLAYLLSFLLSALLIFLILI	5244.44	5244.62	0.336591	0.494608	996.749
LLLAYLLSFLLSALLIFLILI	LLLAYLLAFLLSALLIFLILI	5244.62	5247.02	0.494608	0.336591	996.68
LLLAYLLAFLLSALLIFLILI	LLLAYLLAFLLSALLVFLILI	5247.11	5247.09	0.42245	0.398479	996.611
LLLAYLLAFLLSALLVFLILI	LLLGYLLAFLLSALLVFLILI	5247.3	5249.58	0.605976	0.263552	996.54
LLLGYLLAFLLSALLVFLILI	LLLGYLLSFLLSALLVFLILI	5249.56	5247.41	0.244161	0.642213	996.469
LLLGYLLSFLLSALLVFLILI	LLLGYLLSFLLSFLLVFLILI	5246.89	5246.77	0.1218	0.995882	996.397
LLLGYLLSFLLSFLLVFLILI	LLLGYLLSFLLAFLLVFLILI	5246.72	5246.16	0.942975	0.13458	996.324
LLLGYLLSFLLAFLLVFLILI	LLLGYLLSYLLAFLLVFLILI	5246.36	5246.45	0.331293	0.5016	996.25
LLLGYLLSYLLAFLLVFLILI	LLLGYLLSYLLAALLVFLILI	5246.48	5246.4	0.532699	0.308996	996.175
LLLGYLLSYLLAALLVFLILI	LLLGYLLSYLLAALLIFLILI	5246.49	5246.51	0.398479	0.42245	996.099
LLLGYLLSYLLAALLIFLILI	LLLGYLLSYLLAFLLIFLILI	5246.39	5246.27	0.308996	0.532699	996.023
LLLGYLLSYLLAFLLIFLILI	LLLGYLLSFLLAFLLIFLILI	5246.24	5246.13	0.5016	0.331293	995.945
LLLGYLLSFLLAFLLIFLILI	LLLGWLLSFLLAFLLIFLILI	5246.07	5244.45	0.267575	0.598868	995.867
LLLGWLLSFLLAFLLIFLILI	LLLAWLLSFLLAFLLIFLILI	5244.21	5240.92	0.36136	0.463748	995.788
LLLAWLLSFLLAFLLIFLILI	LLLAWLLSFLLAFLLVFLILI	5240.88	5241.08	0.42245	0.398479	995.707
LLLAWLLSFLLAFLLVFLILI	LLLAWLLSFLLASLLVFLILI	5241.13	5241.55	0.444097	0.37841	995.626
LLLAWLLSFLLASLLVFLILI	LLLAWLLSFLLAFLLVFLILI	5241.55	5241.13	0.37841	0.444097	995.544
LLLAWLLSFLLAFLLVFLILI	LLLAWLLSYLLAFLLVFLILI	5241.23	5240.86	0.542444	0.302409	995.461
LLLAWLLSYLLAFLLVFLILI	LLLAWLLAYLLAFLLVFLILI	5240.86	5243.76	0.297523	0.549849	995.376
LLLAWLLAYLLAFLLVFLILI	LLLAWLLSYLLAFLLVFLILI	5243.76	5240.86	0.549849	0.297523	995.291
LLLAWLLSYLLAFLLVFLILI	LLLAWLLSYLLSFLLVFLILI	5240.81	5240.98	0.244161	0.642213	995.205
LLLAWLLSYLLSFLLVFLILI	LLLAWLLSYLLSFLLIFLILI	5240.74	5240.55	0.398479	0.42245	995.118
LLLAWLLSYLLSFLLIFLILI	LLLAWLLSYLLAFLLIFLILI	5240.77	5240.59	0.642213	0.244161	995.03
LLLAWLLSYLLAFLLIFLILI	LLLAWLLSYLLAFLLVFLILI	5240.77	5240.96	0.42245	0.398479	994.94
LLLAWLLSYLLAFLLVFLILI	LLLAYLLSYLLAFLLVFLILI	5240.93	5243.75	0.372136	0.451187	994.85
LLLAYLLSYLLAFLLVFLILI	LLLAWLLSYLLAFLLVFLILI	5243.75	5240.93	0.451187	0.372136	994.758
LLLAWLLSYLLAFLLVFLILI	LLLAWLLSYLLAFLLVYLILI	5240.8	5241.88	0.240035	0.650378	994.666
LLLAWLLSYLLAFLLVYLILI	LLLAWLLSYLLAFLLVFLILI	5241.88	5240.8	0.650378	0.240035	994.572
LLLAWLLSYLLAFLLVFLILI	LLLAWLLSFLLAFLLVFLILI	5240.86	5241.23	0.302409	0.542444	994.478
LLLAWLLSFLLAFLLVFLILI	LLLAWLLSYLLAFLLVFLILI	5241.23	5240.86	0.542444	0.302409	994.382
LLLAWLLSYLLAFLLVFLILI	LLLAWLLAYLLAFLLVFLILI	5240.86	5243.76	0.297523	0.549849	994.285
LLLAWLLAYLLAFLLVFLILI	LLLAWLLAYLLSFLLVFLILI	5243.76	5243.29	0.549849	0.297523	994.186
LLLAWLLAYLLSFLLVFLILI	LLLAWLLAYLLSFLLIFLILI	5243.39	5243.21	0.398479	0.42245	994.087
LLLAWLLAYLLSFLLIFLILI	LLLAWLLSYLLSFLLIFLILI	5243.03	5240.77	0.244161	0.642213	993.987
LLLAWLLSYLLSFLLIFLILI	LLLAWLLSYLLAFLLIFLILI	5240.77	5240.59	0.642213	0.244161	993.885
LLLAWLLSYLLAFLLIFLILI	LLLAWLLSYLLSFLLIFLILI	5240.59	5240.77	0.244161	0.642213	993.782
LLLAWLLSYLLSFLLIFLILI	LLLAWLLSYLLSALLIFLILI	5240.66	5241.03	0.532699	0.308996	993.678
LLLAWLLSYLLSALLIFLILI	LLLAWLLSYLLSALLVFLILI	5241.15	5241.12	0.42245	0.398479	993.573
LLLAWLLSYLLSALLVFLILI	LLLAWLLSYLLAALLVFLILI	5241.22	5241.02	0.494608	0.336591	993.466
LLLAWLLSYLLAALLVFLILI	LLLAWLLSYLLAALLVYLILI	5240.82	5241.78	0.132101	0.952787	993.358
LLLAWLLSYLLAALLVYLILI	LLLAWLLSYLLAALLIYLILI	5241.22	5241.17	0.398479	0.42245	993.249
LLLAWLLSYLLAALLIYLILI	LLLAWLLSYLLAALLVYLILI	5241.17	5241.22	0.42245	0.398479	993.138
LLLAWLLSYLLAALLVYLILI	LLLAWLLSFLLAALLVYLILI	5241.78	5241.67	0.952787	0.132101	993.027
LLLAWLLSFLLAALLVYLILI	LLLAWLLSFLLAALLVFLILI	5241.95	5241.81	0.410343	0.410343	992.914
LLLAWLLSFLLAALLVFLILI	LLLAWLLSFLLAALLVYLILI	5241.81	5241.95	0.410343	0.410343	992.799
LLLAWLLSFLLAALLVYLILI	LLLAWLLSFLLAFLLVYLILI	5241.96	5241.76	0.418565	0.402233	992.683
LLLAWLLSFLLAFLLVYLILI	LLLAWLLSYLLAFLLVYLILI	5241.59	5241.88	0.240035	0.650378	992.566
LLLAWLLSYLLAFLLVYLILI	LLLAWLLSYLLSFLLVYLILI	5241.48	5241.66	0.244161	0.642213	992.448
LLLAWLLSYLLSFLLVYLILI	LLLAWLLSFLLSFLLVYLILI	5241.67	5241.36	0.650378	0.240035	992.328
LLLAWLLSFLLSFLLVYLILI	LLLAWLLSFLLSALLVYLILI	5241.65	5241.87	0.532699	0.308996	992.206
LLLAWLLSFLLSALLVYLILI	LLLAYLLSFLLSALLVYLILI	5241.94	5244.73	0.372136	0.451187	992.084
LLLAYLLSFLLSALLVYLILI	LLLAYLLSFLLAALLVYLILI	5244.77	5244.6	0.494608	0.336591	991.959
LLLAYLLSFLLAALLVYLILI	LLLAYLLSFLLAALLIYLILI	5244.66	5244.6	0.398479	0.42245	991.834
LLLAYLLSFLLAALLIYLILI	LLLAYLLSFLLAFLLIYLILI	5244.6	5244.19	0.418565	0.402233	991.707
LLLAYLLSFLLAFLLIYLILI	LLLAYLLSFLLAFLLVYLILI	5244.21	5244.46	0.42245	0.398479	991.578
LLLAYLLSFLLAFLLVYLILI	LLLAYLLSFLLSFLLVYLILI	5244.3	5244.46	0.244161	0.642213	991.448
LLLAYLLSFLLSFLLVYLILI	LLLAWLLSFLLSFLLVYLILI	5244.27	5241.49	0.451187	0.372136	991.316
LLLAWLLSFLLSFLLVYLILI	LLLAWLLSYLLSFLLVYLILI	5241.36	5241.67	0.240035	0.650378	991.183
LLLAWLLSYLLSFLLVYLILI	LLLAWLLSYLLSFLLIYLILI	5241.42	5241.19	0.398479	0.42245	991.048
LLLAWLLSYLLSFLLIYLILI	LLLAWLLSYLLSFLLIFLILI	5241.42	5240.37	0.650378	0.240035	990.911
LLLAWLLSYLLSFLLIFLILI	LLLAWLLSYLLSFLLVFLILI	5240.55	5240.74	0.42245	0.398479	990.773
LLLAWLLSYLLSFLLVFLILI	LLLAWLLSYLLSALLVFLILI	5240.87	5241.03	0.532699	0.308996	990.633
LLLAWLLSYLLSALLVFLILI	LLLAWLLSYLLSFLLVFLILI	5241.03	5240.87	0.308996	0.532699	990.492
LLLAWLLSYLLSFLLVFLILI	LLLAWLLSYLLSFLLIFLILI	5240.74	5240.55	0.398479	0.42245	990.349
LLLAWLLSYLLSFLLIFLILI	LLLAWLLSYLLSFLLVFLILI	5240.55	5240.74	0.42245	0.398479	990.204
LLLAWLLSYLLSFLLVFLILI	LLLAWLLSFLLSFLLVFLILI	5240.64	5240.98	0.302409	0.542444	990.058
LLLAWLLSFLLSFLLVFLILI	LLLAWLLSFLLSALLVFLILI	5241.12	5241.64	0.686505	0.222766	989.91
LLLAWLLSFLLSALLVFLILI	LLLAWLLSYLLSALLVFLILI	5241.82	5241.14	0.410343	0.410343	989.76
LLLAWLLSYLLSALLVFLILI	LLLAWLLSYLLSALLVYLILI	5240.86	5241.83	0.132101	0.952787	989.608
LLLAWLLSYLLSALLVYLILI	LLLAWLLSYLLSFLLVYLILI	5241.39	5241.35	0.510988	0.324348	989.455
LLLAWLLSYLLSFLLVYLILI	LLLAWLLSFLLSFLLVYLILI	5241.67	5241.36	0.650378	0.240035	989.3
LLLAWLLSFLLSFLLVYLILI	LLLAWLLSFLLSFLLVFLILI	5241.42	5240.98	0.302409	0.542444	989.143
LLLAWLLSFLLSFLLVFLILI	LLLAWLLSFLLSALLVFLILI	5241.12	5241.64	0.686505	0.222766	988.984
LLLAWLLSFLLSALLVFLILI	LLLAWLLSYLLSALLVFLILI	5241.82	5241.14	0.410343	0.410343	988.823
LLLAWLLSYLLSALLVFLILI	LLLAYLLSYLLSALLVFLILI	5241.1	5243.93	0.372136	0.451187	988.66
LLLAYLLSYLLSALLVFLILI	LLLAYLLSFLLSALLVFLILI	5244.13	5244.37	0.650378	0.240035	988.496
LLLAYLLSFLLSALLVFLILI	LLLAYLLSFLLSALLIFLILI	5244.53	5244.54	0.398479	0.42245	988.329
LLLAYLLSFLLSALLIFLILI	LLLAYLLSFLLSALLVFLILI	5244.54	5244.53	0.42245	0.398479	988.161
LLLAYLLSFLLSALLVFLILI	LLLAYLLSYLLSALLVFLILI	5244.37	5244.13	0.240035	0.650378	987.99
LLLAYLLSYLLSALLVFLILI	LLLAYLLSFLLSALLVFLILI	5244.13	5244.37	0.650378	0.240035	987.818
LLLAYLLSFLLSALLVFLILI	LLLAYLLSFLLSFLLVFLILI	5244.35	5243.82	0.222766	0.686505	987.644
LLLAYLLSFLLSFLLVFLILI	LLLAYLLSYLLSFLLVFLILI	5243.47	5243.57	0.331293	0.5016	987.467
LLLAYLLSYLLSFLLVFLILI	LLLAYLLSYLLSFLLVYLILI	5243.24	5244.57	0.170308	0.820686	987.289
LLLAYLLSYLLSFLLVYLILI	LLLAYLLSYLLSALLVYLILI	5244.08	5244.14	0.324348	0.510988	987.108
LLLAYLLSYLLSALLVYLILI	LLLAYLLSYLLSALLVFLILI	5244.78	5243.57	1.15198	0.0912572	986.925
LLLAYLLSYLLSALLVFLILI	LLLAYLLSYLLSALLIFLILI	5243.87	5243.9	0.398479	0.42245	986.74
LLLAYLLSYLLSALLIFLILI	LLLAYLLSYLLAALLIFLILI	5243.97	5243.77	0.494608	0.336591	986.553
LLLAYLLSYLLAALLIFLILI	LLLAYLLSYLLSALLIFLILI	5243.77	5243.97	0.336591	0.494608	986.364
LLLAYLLSYLLSALLIFLILI	LLLAYLLSFLLSALLIFLILI	5244.13	5244.36	0.650378	0.240035	986.173
LLLAYLLSFLLSALLIFLILI	LLLAYLLSYLLSALLIFLILI	5244.36	5244.13	0.240035	0.650378	985.979
LLLAYLLSYLLSALLIFLILI	LLLAYLLSYLLSALLVFLILI	5243.9	5243.87	0.42245	0.398479	985.783
LLLAYLLSYLLSALLVFLILI	LLLAYLLSYLLAALLVFLILI	5243.97	5243.78	0.494608	0.336591	985.585
LLLAYLLSYLLAALLVFLILI	LLLAYLLSYLLAALLVYLILI	5243.53	5244.73	0.0912572	1.15198	985.384
LLLAYLLSYLLAALLVYLILI	LLLAYLLSYLLAALLVFLILI	5244.73	5243.53	1.15198	0.0912572	985.181
LLLAYLLSYLLAALLVFLILI	LLLAYLLSYLLAALLIFLILI	5243.84	5243.86	0.398479	0.42245	984.976
LLLAYLLSYLLAALLIFLILI	LLLGYLLSYLLAALLIFLILI	5244.04	5246.35	0.605976	0.263552	984.769
LLLGYLLSYLLAALLIFLILI	LLLGYLLSYLLAFLLIFLILI	5246.39	5246.27	0.308996	0.532699	984.558
LLLGYLLSYLLAFLLIFLILI	LLLGYLLSYLLAALLIFLILI	5246.27	5246.39	0.532699	0.308996	984.346
LLLGYLLSYLLAALLIFLILI	LLLGYLLSYLLAFLLIFLILI	5246.39	5246.27	0.308996	0.532699	984.131
LLLGYLLSYLLAFLLIFLILI	LLLGYLLSYLLAALLIFLILI	5246.27	5246.39	0.532699	0.308996	983.914
LLLGYLLSYLLAALLIFLILI	LLLGYLLAYLLAALLIFLILI	5246.38	5249.28	0.297523	0.549849	983.694
LLLGYLLAYLLAALLIFLILI	LLLGYLLAYLLAFLLIFLILI	5249.15	5248.79	0.418565	0.402233	983.471
LLLGYLLAYLLAFLLIFLILI	LLLGYLLSYLLAFLLIFLILI	5248.81	5246.14	0.416521	0.404229	983.246
LLLGYLLSYLLAFLLIFLILI	LLLGYLLSYLLAFLLVFLILI	5246.16	5246.35	0.42245	0.398479	983.018
LLLGYLLSYLLAFLLVFLILI	LLLGYLLSFLLAFLLVFLILI	5246.45	5246.36	0.5016	0.331293	982.788
LLLGYLLSFLLAFLLVFLILI	LLLGYLLSFLLSFLLVFLILI	5246.16	5246.72	0.13458	0.942975	982.555
LLLGYLLSFLLSFLLVFLILI	LLLGYLLSFLLSFLLVYLILI	5246.1	5246.95	0.331293	0.5016	982.319
LLLGYLLSFLLSFLLVYLILI	LLLGYLLSFLLSALLVYLILI	5247.26	5247.09	0.80848	0.174433	982.08
LLLGYLLSFLLSALLVYLILI	LLLGYLLSYLLSALLVYLILI	5247.01	5247.43	0.0912572	1.15198	981.839
LLLGYLLSYLLSALLVYLILI	LLLGYLLSYLLSFLLVYLILI	5246.59	5246.94	0.308996	0.532699	981.595
LLLGYLLSYLLSFLLVYLILI	LLLGYLLSYLLSALLVYLILI	5246.94	5246.59	0.532699	0.308996	981.348
LLLGYLLSYLLSALLVYLILI	LLLGYLLSYLLSALLVFLILI	5247.43	5246.22	1.15198	0.0912572	981.099
LLLGYLLSYLLSALLVFLILI	LLLGYLLSYLLAALLVFLILI	5246.77	5246.34	0.642213	0.244161	980.846
LLLGYLLSYLLAALLVFLILI	LLLGYLLSFLLAALLVFLILI	5246.74	5247	0.650378	0.240035	980.59
LLLGYLLSFLLAALLVFLILI	LLLGYLLSFLLAFLLVFLILI	5246.98	5246.71	0.222766	0.686505	980.332
LLLGYLLSFLLAFLLVFLILI	LLLAYLLSFLLAFLLVFLILI	5246.39	5243.85	0.36136	0.463748	980.071
LLLAYLLSFLLAFLLVFLILI	LLLAYLLSFLLAFLLIFLILI	5243.79	5243.59	0.398479	0.42245	979.806
LLLAYLLSFLLAFLLIFLILI	LLLAWLLSFLLAFLLIFLILI	5243.43	5241.06	0.267575	0.598868	979.539
LLLAWLLSFLLAFLLIFLILI	LLLAWLLSFLLAFLLIYLILI	5241	5241.39	0.542444	0.302409	979.268
LLLAWLLSFLLAFLLIYLILI	LLLAWLLSFLLAFLLIFLILI	5241.39	5241	0.302409	0.542444	978.994
LLLAWLLSFLLAFLLIFLILI	LLLAWLLAFLLAFLLIFLILI	5240.76	5243.57	0.297523	0.549849	978.717
LLLAWLLAFLLAFLLIFLILI	LLLAWLLAFLLAFLLVFLILI	5243.44	5243.64	0.42245	0.398479	978.437
LLLAWLLAFLLAFLLVFLILI	LLLAWLLAFLLSFLLVFLILI	5243.79	5243.29	0.549849	0.297523	978.154
LLLAWLLAFLLSFLLVFLILI	LLLAYLLAFLLSFLLVFLILI	5243.59	5245.97	0.598868	0.267575	977.868
LLLAYLLAFLLSFLLVFLILI	LLLAYLLAFLLSSLLVFLILI	5246.15	5246.84	0.444097	0.37841	977.578
LLLAYLLAFLLSSLLVFLILI	LLLAWLLAFLLSSLLVFLILI	5246.73	5244.33	0.267575	0.598868	977.285
LLLAWLLAFLLSSLLVFLILI	LLLAWLLAFLLSSLLIFLILI	5244.13	5244.21	0.398479	0.42245	976.988
LLLAWLLAFLLSSLLIFLILI	LLLAWLLAFLLSFLLIFLILI	5244.17	5243.22	0.37841	0.444097	976.688
LLLAWLLAFLLSFLLIFLILI	LLLAWLLAFLLSSLLIFLILI	5243.22	5244.17	0.444097	0.37841	976.385
LLLAWLLAFLLSSLLIFLILI	LLLAWLLAFLLSFLLIFLILI	5244.17	5243.22	0.37841	0.444097	976.078
LLLAWLLAFLLSFLLIFLILI	LLLAWLLSFLLSFLLIFLILI	5243.02	5240.86	0.244161	0.642213	975.768
LLLAWLLSFLLSFLLIFLILI	LLLAWLLSFLLSFLLIYLILI	5240.76	5241.16	0.542444	0.302409	975.454
LLLAWLLSFLLSFLLIYLILI	LLLAWLLSFLLSALLIYLILI	5241.39	5241.8	0.532699	0.308996	975.137
LLLAWLLSFLLSALLIYLILI	LLLAWLLSYLLSALLIYLILI	5241.62	5241.76	0.132101	0.952787	974.816
LLLAWLLSYLLSALLIYLILI	LLLAWLLSYLLSALLVYLILI	5241.23	5241.27	0.42245	0.398479	974.491
LLLAWLLSYLLSALLVYLILI	LLLAWLLAYLLSALLVYLILI	5241.37	5243.85	0.494608	0.336591	974.162
LLLAWLLAYLLSALLVYLILI	LLLAWLLAYLLSALLIYLILI	5243.92	5243.87	0.398479	0.42245	973.83
LLLAWLLAYLLSALLIYLILI	LLLAWLLSYLLSALLIYLILI	5243.79	5241.3	0.336591	0.494608	973.494
LLLAWLLSYLLSALLIYLILI	LLLAWLLSYLLSALLIFLILI	5241.76	5240.86	0.952787	0.132101	973.155
LLLAWLLSYLLSALLIFLILI	LLLAWLLSYLLAALLIFLILI	5241.22	5241.01	0.494608	0.336591	972.811
LLLAWLLSYLLAALLIFLILI	LLLAWLLSYLLSALLIFLILI	5241.01	5241.22	0.336591	0.494608	972.463
LLLAWLLSYLLSALLIFLILI	LLLAWLLSYLLSFLLIFLILI	5241.03	5240.66	0.308996	0.532699	972.112
LLLAWLLSYLLSFLLIFLILI	LLLAWLLSYLLSALLIFLILI	5240.66	5241.03	0.532699	0.308996	971.757
LLLAWLLSYLLSALLIFLILI	LLLAWLLSFLLSALLIFLILI	5241.13	5241.82	0.410343	0.410343	971.397
LLLAWLLSFLLSALLIFLILI	LLLAYLLSFLLSALLIFLILI	5242	5244.39	0.598868	0.267575	971.034
LLLAYLLSFLLSALLIFLILI	LLLAYLLSFLLSALLIYLILI	5244.36	5244.86	0.240035	0.650378	970.666
LLLAYLLSFLLSALLIYLILI	LLLAWLLSFLLSALLIYLILI	5244.66	5241.86	0.451187	0.372136	970.294
LLLAWLLSFLLSALLIYLILI	LLLAWLLSFLLAALLIYLILI	5241.98	5241.8	0.494608	0.336591	969.918
LLLAWLLSFLLAALLIYLILI	LLLGWLLSFLLAALLIYLILI	5242.07	5245.12	0.605976	0.263552	969.538
LLLGWLLSFLLAALLIYLILI	LLLGWLLSFLLAALLIFLILI	5245.26	5245.19	0.410343	0.410343	969.153
LLLGWLLSFLLAALLIFLILI	LLLAWLLSFLLAALLIFLILI	5245.04	5241.99	0.263552	0.605976	968.764
LLLAWLLSFLLAALLIFLILI	LLLAWLLSFLLAALLVFLILI	5241.81	5241.8	0.42245	0.398479	968.371
LLLAWLLSFLLAALLVFLILI	LLLAYLLSFLLAALLVFLILI	5242	5244.39	0.598868	0.267575	967.974
LLLAYLLSFLLAALLVFLILI	LLLAYLLSFLLAALLIFLILI	5244.52	5244.53	0.398479	0.42245	967.571
LLLAYLLSFLLAALLIFLILI	LLLAYLLSYLLAALLIFLILI	5244.35	5244.08	0.240035	0.650378	967.165
LLLAYLLSYLLAALLIFLILI	LLLAYLLSFLLAALLIFLILI	5244.08	5244.35	0.650378	0.240035	966.754
LLLAYLLSFLLAALLIFLILI	LLLGYLLSFLLAALLIFLILI	5244.71	5247.01	0.605976	0.263552	966.338
LLLGYLLSFLLAALLIFLILI	LLLGYLLSFLLAFLLIFLILI	5246.97	5246.49	0.222766	0.686505	965.917
LLLGYLLSFLLAFLLIFLILI	LLLAYLLSFLLAFLLIFLILI	5246.16	5243.63	0.36136	0.463748	965.492
LLLAYLLSFLLAFLLIFLILI	LLLAYLLSFLLASLLIFLILI	5243.61	5244.32	0.444097	0.37841	965.062
LLLAYLLSFLLASLLIFLILI	LLLAYLLSFLLASLLVFLILI	5244.37	5244.29	0.42245	0.398479	964.627
LLLAYLLSFLLASLLVFLILI	LLLAYLLSFLLASLLVYLILI	5244.13	5244.69	0.240035	0.650378	964.188
LLLAYLLSFLLASLLVYLILI	LLLAWLLSFLLASLLVYLILI	5244.49	5241.69	0.451187	0.372136	963.743
LLLAWLLSFLLASLLVYLILI	LLLAWLLSFLLASLLVFLILI	5241.73	5241.58	0.410343	0.410343	963.294
LLLAWLLSFLLASLLVFLILI	LLLAWLLSYLLASLLVFLILI	5241.58	5241.22	0.410343	0.410343	962.839
LLLAWLLSYLLASLLVFLILI	LLLAWLLSYLLASLLVYLILI	5240.94	5241.91	0.132101	0.952787	962.38
LLLAWLLSYLLASLLVYLILI	LLLAWLLSYLLSSLLVYLILI	5241.13	5241.82	0.173405	0.811492	961.915
LLLAWLLSYLLSSLLVYLILI	LLLAWLLSYLLSALLVYLILI	5241.82	5241.05	0.811492	0.173405	961.446
LLLAWLLSYLLSALLVYLILI	LLLAWLLSFLLSALLVYLILI	5241.83	5241.7	0.952787	0.132101	960.971
LLLAWLLSFLLSALLVYLILI	LLLAWLLSFLLSALLIYLILI	5241.96	5241.91	0.398479	0.42245	960.49
LLLAWLLSFLLSALLIYLILI	LLLAWLLSYLLSALLIYLILI	5241.62	5241.76	0.132101	0.952787	960.005
LLLAWLLSYLLSALLIYLILI	LLLAWLLSFLLSALLIYLILI	5241.76	5241.62	0.952787	0.132101	959.514
LLLAWLLSFLLSALLIYLILI	LLLAWLLSFLLAALLIYLILI	5241.98	5241.8	0.494608	0.336591	959.018
LLLAWLLSFLLAALLIYLILI	LLLAWLLSFLLAFLLIYLILI	5241.88	5241.49	0.418565	0.402233	958.516
LLLAWLLSFLLAFLLIYLILI	LLLAWLLSFLLAFLLVYLILI	5241.51	5241.75	0.42245	0.398479	958.009
LLLAWLLSFLLAFLLVYLILI	LLLAWLLSFLLAFLLVFLILI	5241.66	5241.23	0.302409	0.542444	957.496
LLLAWLLSFLLAFLLVFLILI	LLLAWLLSFLLAFLLVYLILI	5241.23	5241.66	0.542444	0.302409	956.977
LLLAWLLSFLLAFLLVYLILI	LLLAWLLSFLLAFLLVFLILI	5241.66	5241.23	0.302409	0.542444	956.453
LLLAWLLSFLLAFLLVFLILI	LLLAWLLSYLLAFLLVFLILI	5241.23	5240.86	0.542444	0.302409	955.923
LLLAWLLSYLLAFLLVFLILI	LLLAWLLSYLLAALLVFLILI	5240.96	5241.1	0.402233	0.418565	955.388
LLLAWLLSYLLAALLVFLILI	LLLAWLLSYLLAALLVYLILI	5240.82	5241.78	0.132101	0.952787	954.846
LLLAWLLSYLLAALLVYLILI	LLLAWLLSYLLAALLIYLILI	5241.22	5241.17	0.398479	0.42245	954.298
LLLAWLLSYLLAALLIYLILI	LLLAWLLSYLLAALLIFLILI	5241.7	5240.81	0.952787	0.132101	953.745
LLLAWLLSYLLAALLIFLILI	LLLAWLLSYLLAFLLIFLILI	5241.09	5240.75	0.418565	0.402233	953.185
LLLAWLLSYLLAFLLIFLILI	LLLAWLLSYLLSFLLIFLILI	5240.59	5240.77	0.244161	0.642213	952.62
LLLAWLLSYLLSFLLIFLILI	LLLAWLLSYLLSALLIFLILI	5240.66	5241.03	0.532699	0.308996	952.048
LLLAWLLSYLLSALLIFLILI	LLLAWLLSFLLSALLIFLILI	5241.13	5241.82	0.410343	0.410343	951.47
LLLAWLLSFLLSALLIFLILI	LLLAWLLSFLLSALLIYLILI	5241.82	5241.9	0.410343	0.410343	950.886
LLLAWLLSFLLSALLIYLILI	LLLAWLLSFLLSFLLIYLILI	5241.8	5241.39	0.308996	0.532699	950.295
LLLAWLLSFLLSFLLIYLILI	LLLAWLLSFLLSFLLIFLILI	5241.16	5240.76	0.302409	0.542444	949.698
LLLAWLLSFLLSFLLIFLILI	LLLAWLLSYLLSFLLIFLILI	5240.76	5240.43	0.542444	0.302409	949.095
LLLAWLLSYLLSFLLIFLILI	LLLAWLLSYLLAFLLIFLILI	5240.77	5240.59	0.642213	0.244161	948.485
LLLAWLLSYLLAFLLIFLILI	LLLAYLLSYLLAFLLIFLILI	5240.72	5243.53	0.372136	0.451187	947.869
LLLAYLLSYLLAFLLIFLILI	LLLAWLLSYLLAFLLIFLILI	5243.53	5240.72	0.451187	0.372136	947.246
LLLAWLLSYLLAFLLIFLILI	LLLAWLLSYLLSFLLIFLILI	5240.59	5240.77	0.244161	0.642213	946.616
LLLAWLLSYLLSFLLIFLILI	LLLAWLLSYLLSFLLVFLILI	5240.55	5240.74	0.42245	0.398479	945.979
LLLAWLLSYLLSFLLVFLILI	LLLAYLLSYLLSFLLVFLILI	5240.71	5243.52	0.372136	0.451187	945.336
LLLAYLLSYLLSFLLVFLILI	LLLGYLLSYLLSFLLVFLILI	5243.35	5246.31	0.276169	0.584123	944.686
LLLGYLLSYLLSFLLVFLILI	LLLAYLLSYLLSFLLVFLILI	5246.31	5243.35	0.584123	0.276169	944.029
LLLAYLLSYLLSFLLVFLILI	LLLAWLLSYLLSFLLVFLILI	5243.52	5240.71	0.451187	0.372136	943.365
LLLAWLLSYLLSFLLVFLILI	LLLAWLLSYLLSALLVFLILI	5240.87	5241.03	0.532699	0.308996	942.693
LLLAWLLSYLLSALLVFLILI	LLLAWLLSYLLSALLIFLILI	5241.12	5241.15	0.398479	0.42245	942.015
LLLAWLLSYLLSALLIFLILI	LLLAWLLSYLLAALLIFLILI	5241.22	5241.01	0.494608	0.336591	941.329
LLLAWLLSYLLAALLIFLILI	LLLAWLLSYLLSALLIFLILI	5241.01	5241.22	0.336591	0.494608	940.637
LLLAWLLSYLLSALLIFLILI	LLLAWLLSYLLSALLVFLILI	5241.15	5241.12	0.42245	0.398479	939.937
LLLAWLLSYLLSALLVFLILI	LLLAWLLSYLLSALLIFLILI	5241.12	5241.15	0.398479	0.42245	939.229
LLLAWLLSYLLSALLIFLILI	LLLAWLLSFLLSALLIFLILI	5241.13	5241.82	0.410343	0.410343	938.514
LLLAWLLSFLLSALLIFLILI	LLLAYLLSFLLSALLIFLILI	5242	5244.39	0.598868	0.267575	937.791
LLLAYLLSFLLSALLIFLILI	LLLAYLLSYLLSALLIFLILI	5244.36	5244.13	0.240035	0.650378	937.061
LLLAYLLSYLLSALLIFLILI	LLLAYLLSYLLSALLVFLILI	5243.9	5243.87	0.42245	0.398479	936.324
LLLAYLLSYLLSALLVFLILI	LLLAYLLSFLLSALLVFLILI	5244.13	5244.37	0.650378	0.240035	935.578
LLLAYLLSFLLSALLVFLILI	LLLAWLLSFLLSALLVFLILI	5244.4	5242.01	0.267575	0.598868	934.825
LLLAWLLSFLLSALLVFLILI	LLLAWLLSFLLSALLIFLILI	5241.81	5241.83	0.398479	0.42245	934.064
LLLAWLLSFLLSALLIFLILI	LLLAWLLSFLLSFLLIFLILI	5241.63	5240.9	0.222766	0.686505	933.295
LLLAWLLSFLLSFLLIFLILI	LLLAWLLSYLLSFLLIFLILI	5240.76	5240.43	0.542444	0.302409	932.517
LLLAWLLSYLLSFLLIFLILI	LLLAWLLSYLLSALLIFLILI	5240.66	5241.03	0.532699	0.308996	931.732
LLLAWLLSYLLSALLIFLILI	LLLAWLLSYLLSALLVFLILI	5241.15	5241.12	0.42245	0.398479	930.939
LLLAWLLSYLLSALLVFLILI	LLLAWLLSFLLSALLVFLILI	5241.14	5241.82	0.410343	0.410343	930.137
LLLAWLLSFLLSALLVFLILI	LLLAWLLSFLLAALLVFLILI	5241.91	5241.74	0.494608	0.336591	929.328
LLLAWLLSFLLAALLVFLILI	LLLAWLLSYLLAALLVFLILI	5241.81	5241.09	0.410343	0.410343	928.51
LLLAWLLSYLLAALLVFLILI	LLLAWLLSYLLAALLVYLILI	5240.82	5241.78	0.132101	0.952787	927.683
LLLAWLLSYLLAALLVYLILI	LLLAWLLSYLLAALLIYLILI	5241.22	5241.17	0.398479	0.42245	926.848
LLLAWLLSYLLAALLIYLILI	LLLAWLLSYLLAALLVYLILI	5241.17	5241.22	0.42245	0.398479	926.004
LLLAWLLSYLLAALLVYLILI	LLLAWLLSYLLAALLIYLILI	5241.22	5241.17	0.398479	0.42245	925.152
LLLAWLLSYLLAALLIYLILI	LLLAWLLSFLLAALLIYLILI	5241.7	5241.59	0.952787	0.132101	924.291
LLLAWLLSFLLAALLIYLILI	LLLAWLLSYLLAALLIYLILI	5241.59	5241.7	0.132101	0.952787	923.422
LLLAWLLSYLLAALLIYLILI	LLLAWLLSYLLAALLIFLILI	5241.7	5240.81	0.952787	0.132101	922.543
LLLAWLLSYLLAALLIFLILI	LLLAWLLSYLLSALLIFLILI	5241.01	5241.22	0.336591	0.494608	921.656
LLLAWLLSYLLSALLIFLILI	LLLAWLLSYLLSALLVFLILI	5241.15	5241.12	0.42245	0.398479	920.759
LLLAWLLSYLLSALLVFLILI	LLLAWLLSYLLSFLLVFLILI	5241.03	5240.87	0.308996	0.532699	919.854
LLLAWLLSYLLSFLLVFLILI	LLLAWLLSYLLSFLLVYLILI	5240.58	5241.67	0.240035	0.650378	918.939
LLLAWLLSYLLSFLLVYLILI	LLLAYLLSYLLSFLLVYLILI	5241.29	5244.35	0.272043	0.591129	918.016
LLLAYLLSYLLSFLLVYLILI	LLLAYLLSFLLSFLLVYLILI	5244.57	5243.99	0.820686	0.170308	917.083
LLLAYLLSFLLSFLLVYLILI	LLLAYLLSFLLSALLVYLILI	5244.35	5244.59	0.532699	0.308996	916.14
LLLAYLLSFLLSALLVYLILI	LLLAYLLSFLLSFLLVYLILI	5244.59	5244.35	0.308996	0.532699	915.188
LLLAYLLSFLLSFLLVYLILI	LLLAYLLSFLLSFLLIYLILI	5244.21	5243.98	0.398479	0.42245	914.227
LLLAYLLSFLLSFLLIYLILI	LLLAYLLSFLLAFLLIYLILI	5244.2	5244.03	0.642213	0.244161	913.256
LLLAYLLSFLLAFLLIYLILI	LLLAYLLSFLLSFLLIYLILI	5244.03	5244.2	0.244161	0.642213	912.276
LLLAYLLSFLLSFLLIYLILI	LLLAWLLSFLLSFLLIYLILI	5244	5241.23	0.451187	0.372136	911.286
LLLAWLLSFLLSFLLIYLILI	LLLAWLLSFLLSFLLVYLILI	5241.28	5241.51	0.42245	0.398479	910.286
LLLAWLLSFLLSFLLVYLILI	LLLAWLLSFLLSFLLIYLILI	5241.51	5241.28	0.398479	0.42245	909.276
LLLAWLLSFLLSFLLIYLILI	LLLAWLLSFLLAFLLIYLILI	5241.5	5241.33	0.642213	0.244161	908.257
LLLAWLLSFLLAFLLIYLILI	LLLAWLLSFLLSFLLIYLILI	5241.33	5241.5	0.244161	0.642213	907.227
LLLAWLLSFLLSFLLIYLILI	LLLAWLLSFLLSALLIYLILI	5241.39	5241.8	0.532699	0.308996	906.187
LLLAWLLSFLLSALLIYLILI	LLLAWLLSFLLSALLIFLILI	5241.9	5241.82	0.410343	0.410343	905.137
LLLAWLLSFLLSALLIFLILI	LLLAWLLSFLLSFLLIFLILI	5241.63	5240.9	0.222766	0.686505	904.077
LLLAWLLSFLLSFLLIFLILI	LLLAWLLSFLLSFLLYFLILI	5240.42	5240.7	0.201285	0.736435	903.007
LLLAWLLSFLLSFLLYFLILI	LLLAWLLSFLLAFLLYFLILI	5240.61	5240.84	0.642213	0.244161	901.926
LLLAWLLSFLLAFLLYFLILI	LLLAWLLSFLLASLLYFLILI	5241.04	5241.95	0.444097	0.37841	900.835
LLLAWLLSFLLASLLYFLILI	LLLAWLLSFLLAFLLYFLILI	5241.95	5241.04	0.37841	0.444097	899.733
LLLAWLLSFLLAFLLYFLILI	LLLAWLLSYLLAFLLYFLILI	5240.92	5240.95	0.331293	0.5016	898.621
LLLAWLLSYLLAFLLYFLILI	LLLAWLLSYLLAALLYFLILI	5240.85	5241.43	0.402233	0.418565	897.498
LLLAWLLSYLLAALLYFLILI	LLLAWLLSYLLSALLYFLILI	5241.34	5241.16	0.336591	0.494608	896.365
LLLAWLLSYLLSALLYFLILI	LLLAWLLSYLLSALLVFLILI	5241.74	5240.83	1.07465	0.105187	895.221
LLLAWLLSYLLSALLVFLILI	LLLAWLLSYLLAALLVFLILI	5241.22	5241.02	0.494608	0.336591	894.066
LLLAWLLSYLLAALLVFLILI	LLLAWLLSYLLAFLLVFLILI	5241.1	5240.96	0.418565	0.402233	892.899
LLLAWLLSYLLAFLLVFLILI	LLLAWLLSYLLSFLLVFLILI	5240.81	5240.98	0.244161	0.642213	891.722
LLLAWLLSYLLSFLLVFLILI	LLLAWLLSFLLSFLLVFLILI	5240.64	5240.98	0.302409	0.542444	890.534
LLLAWLLSFLLSFLLVFLILI	LLLAWLLSFLLAFLLVFLILI	5241.08	5240.93	0.642213	0.244161	889.335
LLLAWLLSFLLAFLLVFLILI	LLLAWLLSFLLAFLLIFLILI	5241.08	5240.88	0.398479	0.42245	888.125
LLLAWLLSFLLAFLLIFLILI	LLLAWLLSFLLASLLIFLILI	5240.9	5241.6	0.444097	0.37841	886.903
LLLAWLLSFLLASLLIFLILI	LLLAWLLSFLLSSLLIFLILI	5241.39	5242.05	0.173405	0.811492	885.67
LLLAWLLSFLLSSLLIFLILI	LLLAWLLSFLLSFLLIFLILI	5241.75	5240.55	0.503913	0.329564	884.425
LLLAWLLSFLLSFLLIFLILI	LLLAWLLSFLLSFLLYFLILI	5240.42	5240.7	0.201285	0.736435	883.169
LLLAWLLSFLLSFLLYFLILI	LLLAWLLSFLLSALLYFLILI	5240.65	5241.61	0.686505	0.222766	881.902
LLLAWLLSFLLSALLYFLILI	LLLAWLLSFLLSALLIFLILI	5242.12	5241.61	0.736435	0.201285	880.623
LLLAWLLSFLLSALLIFLILI	LLLAWLLSFLLSALLIYLILI	5241.82	5241.9	0.410343	0.410343	879.332
LLLAWLLSFLLSALLIYLILI	LLLAWLLSYLLSALLIYLILI	5241.62	5241.76	0.132101	0.952787	878.03
LLLAWLLSYLLSALLIYLILI	LLLAWLLSFLLSALLIYLILI	5241.76	5241.62	0.952787	0.132101	876.715
LLLAWLLSFLLSALLIYLILI	LLLAWLLSYLLSALLIYLILI	5241.62	5241.76	0.132101	0.952787	875.389
LLLAWLLSYLLSALLIYLILI	LLLAWLLSYLLSFLLIYLILI	5241.32	5241.09	0.510988	0.324348	874.051
LLLAWLLSYLLSFLLIYLILI	LLLAWLLSFLLSFLLIYLILI	5241.42	5241.1	0.650378	0.240035	872.701
LLLAWLLSFLLSFLLIYLILI	LLLAWLLSYLLSFLLIYLILI	5241.1	5241.42	0.240035	0.650378	871.339
LLLAWLLSYLLSFLLIYLILI	LLLAWLLSYLLSFLLFYLILI	5240.97	5241.34	0.201285	0.736435	869.964
LLLAWLLSYLLSFLLFYLILI	LLLAWLLSYLLSFLLFFLILI	5241.11	5240.28	0.5016	0.331293	868.578
LLLAWLLSYLLSFLLFFLILI	LLLAWLLSFLLSFLLFFLILI	5240.19	5240.71	0.240035	0.650378	867.179
LLLAWLLSFLLSFLLFFLILI	LLLAWLLAFLLSFLLFFLILI	5240.71	5242.87	0.642213	0.244161	865.768
LLLAWLLAFLLSFLLFFLILI	LLLAWLLAYLLSFLLFFLILI	5243.28	5242.85	0.650378	0.240035	864.344
LLLAWLLAYLLSFLLFFLILI	LLLGWLLAYLLSFLLFFLILI	5243.07	5246.36	0.463748	0.36136	862.908
LLLGWLLAYLLSFLLFFLILI	LLLGWLLAYLLSFLLIFLILI	5246.92	5246.32	0.916671	0.141485	861.46
LLLGWLLAYLLSFLLIFLILI	LLLGWLLSYLLSFLLIFLILI	5246.31	5244.48	0.13458	0.942975	859.999
LLLGWLLSYLLSFLLIFLILI	LLLGWLLSYLLAFLLIFLILI	5244.48	5243.88	0.942975	0.13458	858.525
LLLGWLLSYLLAFLLIFLILI	LLLAWLLSYLLAFLLIFLILI	5244.11	5240.81	0.36136	0.463748	857.039
LLLAWLLSYLLAFLLIFLILI	LLLAWLLSYLLAFLLVFLILI	5240.77	5240.96	0.42245	0.398479	855.54
LLLAWLLSYLLAFLLVFLILI	LLLAWLLSYLLAALLVFLILI	5240.96	5241.1	0.402233	0.418565	854.028
LLLAWLLSYLLAALLVFLILI	LLLAWLLSFLLAALLVFLILI	5241.09	5241.81	0.410343	0.410343	852.504
LLLAWLLSFLLAALLVFLILI	LLLAWLLSFLLAALLVYLILI	5241.81	5241.95	0.410343	0.410343	850.966
LLLAWLLSFLLAALLVYLILI	LLLAWLLSYLLAALLVYLILI	5241.67	5241.78	0.132101	0.952787	849.416
LLLAWLLSYLLAALLVYLILI	LLLAWLLSYLLSALLVYLILI	5241.16	5241.37	0.336591	0.494608	847.852
LLLAWLLSYLLSALLVYLILI	LLLAWLLSFLLSALLVYLILI	5241.83	5241.7	0.952787	0.132101	846.276
LLLAWLLSFLLSALLVYLILI	LLLAWLLSFLLSFLLVYLILI	5241.87	5241.65	0.308996	0.532699	844.686
LLLAWLLSFLLSFLLVYLILI	LLLAWLLSFLLSFLLVFLILI	5241.42	5240.98	0.302409	0.542444	843.084
LLLAWLLSFLLSFLLVFLILI	LLLAWLLSFLLSFLLIFLILI	5240.83	5240.64	0.398479	0.42245	841.468
LLLAWLLSFLLSFLLIFLILI	LLLAWLLSYLLSFLLIFLILI	5240.76	5240.43	0.542444	0.302409	839.839
LLLAWLLSYLLSFLLIFLILI	LLLAWLLSYLLAFLLIFLILI	5240.77	5240.59	0.642213	0.244161	838.196
LLLAWLLSYLLAFLLIFLILI	LLLAWLLSYLLAALLIFLILI	5240.75	5241.09	0.402233	0.418565	836.541
LLLAWLLSYLLAALLIFLILI	LLLAWLLSYLLAALLVFLILI	5241.1	5241.08	0.42245	0.398479	834.872
LLLAWLLSYLLAALLVFLILI	LLLAWLLSYLLSALLVFLILI	5241.02	5241.22	0.336591	0.494608	833.189
LLLAWLLSYLLSALLVFLILI	LLLAWLLSYLLSALLIFLILI	5241.12	5241.15	0.398479	0.42245	831.493
LLLAWLLSYLLSALLIFLILI	LLLAWLLSFLLSALLIFLILI	5241.13	5241.82	0.410343	0.410343	829.784
LLLAWLLSFLLSALLIFLILI	LLLAWLLSYLLSALLIFLILI	5241.82	5241.13	0.410343	0.410343	828.061
LLLAWLLSYLLSALLIFLILI	LLLAWLLSFLLSALLIFLILI	5241.13	5241.82	0.410343	0.410343	826.325
LLLAWLLSFLLSALLIFLILI	LLLAWLLSFLLAALLIFLILI	5241.9	5241.72	0.494608	0.336591	824.575
LLLAWLLSFLLAALLIFLILI	LLLAWLLSFLLAALLVFLILI	5241.81	5241.8	0.42245	0.398479	822.811
LLLAWLLSFLLAALLVFLILI	LLLAWLLSFLLAALLVYLILI	5241.81	5241.95	0.410343	0.410343	821.034
LLLAWLLSFLLAALLVYLILI	LLLAWLLSYLLAALLVYLILI	5241.67	5241.78	0.132101	0.952787	819.243
LLLAWLLSYLLAALLVYLILI	LLLAWLLSYLLAALLVFLILI	5241.78	5240.82	0.952787	0.132101	817.439
LLLAWLLSYLLAALLVFLILI	LLLAWLLSYLLAFLLVFLILI	5241.1	5240.96	0.418565	0.402233	815.62
LLLAWLLSYLLAFLLVFLILI	LLLAWLLSFLLAFLLVFLILI	5240.86	5241.23	0.302409	0.542444	813.788
LLLAWLLSFLLAFLLVFLILI	LLLAWLLSFLLAFLLIFLILI	5241.08	5240.88	0.398479	0.42245	811.942
LLLAWLLSFLLAFLLIFLILI	LLLAWLLSFLLSFLLIFLILI	5240.7	5240.86	0.244161	0.642213	810.083
LLLAWLLSFLLSFLLIFLILI	LLLAWLLSFLLSFLLIYLILI	5240.76	5241.16	0.542444	0.302409	808.209
LLLAWLLSFLLSFLLIYLILI	LLLAWLLSFLLSFLLIFLILI	5241.16	5240.76	0.302409	0.542444	806.322
LLLAWLLSFLLSFLLIFLILI	LLLAYLLSFLLSFLLIFLILI	5240.82	5243.18	0.598868	0.267575	804.421
LLLAYLLSFLLSFLLIFLILI	LLLAYLLAFLLSFLLIFLILI	5243.56	5245.73	0.642213	0.244161	802.506
LLLAYLLAFLLSFLLIFLILI	LLLAYLLAFLLSSLLIFLILI	5245.93	5246.9	0.444097	0.37841	800.577
LLLAYLLAFLLSSLLIFLILI	LLLAYLLAFLLSFLLIFLILI	5246.9	5245.93	0.37841	0.444097	798.634
LLLAYLLAFLLSFLLIFLILI	LLLAYLLAYLLSFLLIFLILI	5245.82	5246.03	0.331293	0.5016	796.677
LLLAYLLAYLLSFLLIFLILI	LLLAYLLAYLLLFLLIFLILI	5245.93	5246.26	0.39943	0.421461	794.707
LLLAYLLAYLLLFLLIFLILI	LLLAYLLAYLLSFLLIFLILI	5246.26	5245.93	0.421461	0.39943	792.722
LLLAYLLAYLLSFLLIFLILI	LLLAYLLAYLLSALLIFLILI	5245.93	5246.55	0.402233	0.418565	790.724
LLLAYLLAYLLSALLIFLILI	LLLAYLLAYLLSFLLIFLILI	5246.55	5245.93	0.418565	0.402233	788.711
LLLAYLLAYLLSFLLIFLILI	LLLAWLLAYLLSFLLIFLILI	5245.98	5243.16	0.451187	0.372136	786.685
LLLAWLLAYLLSFLLIFLILI	LLLAWLLAYLLSFLLVFLILI	5243.21	5243.39	0.42245	0.398479	784.645
LLLAWLLAYLLSFLLVFLILI	LLLAWLLSYLLSFLLVFLILI	5243.24	5240.98	0.244161	0.642213	782.591
LLLAWLLSYLLSFLLVFLILI	LLLAWLLSYLLSFLLIFLILI	5240.74	5240.55	0.398479	0.42245	780.523
LLLAWLLSYLLSFLLIFLILI	LLLAWLLSYLLAFLLIFLILI	5240.77	5240.59	0.642213	0.244161	778.441
LLLAWLLSYLLAFLLIFLILI	LLLAWLLSYLLSFLLIFLILI	5240.59	5240.77	0.244161	0.642213	776.345
LLLAWLLSYLLSFLLIFLILI	LLLAWLLSYLLSALLIFLILI	5240.66	5241.03	0.532699	0.308996	774.235
LLLAWLLSYLLSALLIFLILI	LLLAWLLSYLLSALLVFLILI	5241.15	5241.12	0.42245	0.398479	772.112
LLLAWLLSYLLSALLVFLILI	LLLAWLLSYLLSALLIFLILI	5241.12	5241.15	0.398479	0.42245	769.974
LLLAWLLSYLLSALLIFLILI	LLLAWLLSYLLAALLIFLILI	5241.22	5241.01	0.494608	0.336591	767.823
LLLAWLLSYLLAALLIFLILI	LLLAWLLSYLLAFLLIFLILI	5241.09	5240.75	0.418565	0.402233	765.658
LLLAWLLSYLLAFLLIFLILI	LLLAWLLSYLLAFLLIYLILI	5240.58	5241.62	0.240035	0.650378	763.479
LLLAWLLSYLLAFLLIYLILI	LLLAWLLSYLLAFLLVYLILI	5241.39	5241.63	0.42245	0.398479	761.287
LLLAWLLSYLLAFLLVYLILI	LLLAWLLSYLLAFLLIYLILI	5241.63	5241.39	0.398479	0.42245	759.081
LLLAWLLSYLLAFLLIYLILI	LLLAWLLSYLLAALLIYLILI	5241.21	5241.41	0.234641	0.661316	756.861
LLLAWLLSYLLAALLIYLILI	LLLAWLLSYLLAALLIFLILI	5241.7	5240.81	0.952787	0.132101	754.627
LLLAWLLSYLLAALLIFLILI	LLLAWLLSFLLAALLIFLILI	5241.09	5241.79	0.410343	0.410343	752.38
LLLAWLLSFLLAALLIFLILI	LLLAWLLSFLLAALLVFLILI	5241.81	5241.8	0.42245	0.398479	750.119
LLLAWLLSFLLAALLVFLILI	LLLAWLLSFLLAFLLVFLILI	5241.71	5241.22	0.308996	0.532699	747.845
LLLAWLLSFLLAFLLVFLILI	LLLAWLLSFLLAFLLIFLILI	5241.08	5240.88	0.398479	0.42245	745.557
LLLAWLLSFLLAFLLIFLILI	LLLAWLLSFLLSFLLIFLILI	5240.7	5240.86	0.244161	0.642213	743.256
LLLAWLLSFLLSFLLIFLILI	LLLAYLLSFLLSFLLIFLILI	5240.82	5243.18	0.598868	0.267575	740.942
LLLAYLLSFLLSFLLIFLILI	LLLAYLLSFLLAFLLIFLILI	5243.56	5243.41	0.642213	0.244161	738.614
LLLAYLLSFLLAFLLIFLILI	LLLAYLLSFLLAFLLIYLILI	5243.49	5244.29	0.331293	0.5016	736.272
LLLAYLLSFLLAFLLIYLILI	LLLAWLLSFLLAFLLIYLILI	5244.24	5241.46	0.451187	0.372136	733.918
LLLAWLLSFLLAFLLIYLILI	LLLAWLLSFLLAFLLVYLILI	5241.51	5241.75	0.42245	0.398479	731.55
LLLAWLLSFLLAFLLVYLILI	LLLAYLLSFLLAFLLVYLILI	5241.73	5244.51	0.372136	0.451187	729.169
LLLAYLLSFLLAFLLVYLILI	LLLAYLLSFLLAFLLVFLILI	5244.56	5243.72	0.5016	0.331293	726.775
LLLAYLLSFLLAFLLVFLILI	LLLAYLLSYLLAFLLVFLILI	5243.72	5243.8	0.331293	0.5016	724.369
LLLAYLLSYLLAFLLVFLILI	LLLAYLLSYLLAALLVFLILI	5243.7	5243.86	0.402233	0.418565	721.949
LLLAYLLSYLLAALLVFLILI	LLLAYLLSFLLAALLVFLILI	5244.09	5244.36	0.650378	0.240035	719.516
LLLAYLLSFLLAALLVFLILI	LLLAYLLSYLLAALLVFLILI	5244.36	5244.09	0.240035	0.650378	717.071
LLLAYLLSYLLAALLVFLILI	LLLAYLLSYLLAFLLVFLILI	5243.86	5243.7	0.418565	0.402233	714.613
LLLAYLLSYLLAFLLVFLILI	LLLAYLLSYLLSFLLVFLILI	5243.54	5243.72	0.244161	0.642213	712.142
LLLAYLLSYLLSFLLVFLILI	LLLAWLLSYLLSFLLVFLILI	5243.52	5240.71	0.451187	0.372136	709.659
LLLAWLLSYLLSFLLVFLILI	LLLAWLLSFLLSFLLVFLILI	5240.64	5240.98	0.302409	0.542444	707.163
LLLAWLLSFLLSFLLVFLILI	LLLAWLLSFLLSFLLIFLILI	5240.83	5240.64	0.398479	0.42245	704.655
LLLAWLLSFLLSFLLIFLILI	LLLAWLLSFLLSFLLYFLILI	5240.42	5240.7	0.201285	0.736435	702.134
LLLAWLLSFLLSFLLYFLILI	LLLAWLLSFLLSFLLIFLILI	5240.7	5240.42	0.736435	0.201285	699.602
LLLAWLLSFLLSFLLIFLILI	LLLAYLLSFLLSFLLIFLILI	5240.82	5243.18	0.598868	0.267575	697.057
LLLAYLLSFLLSFLLIFLILI	LLLAYLLSFLLSFLLVFLILI	5243.34	5243.53	0.42245	0.398479	694.501
LLLAYLLSFLLSFLLVFLILI	LLLAYLLSYLLSFLLVFLILI	5243.47	5243.57	0.331293	0.5016	691.932
LLLAYLLSYLLSFLLVFLILI	LLLAYLLAYLLSFLLVFLILI	5243.72	5245.99	0.642213	0.244161	689.352
LLLAYLLAYLLSFLLVFLILI	LLLAYLLAYLLSFLLVYLILI	5245.91	5247.24	0.170308	0.820686	686.76
LLLAYLLAYLLSFLLVYLILI	LLLGYLLAYLLSFLLVYLILI	5246.89	5249.42	0.463748	0.36136	684.156
LLLGYLLAYLLSFLLVYLILI	LLLGYLLAYLLSFLLVFLILI	5249.88	5248.55	0.820686	0.170308	681.541
LLLGYLLAYLLSFLLVFLILI	LLLGWLLAYLLSFLLVFLILI	5248.83	5246.76	0.451187	0.372136	678.915
LLLGWLLAYLLSFLLVFLILI	LLLGWLLSYLLSFLLVFLILI	5246.52	5244.69	0.13458	0.942975	676.277
LLLGWLLSYLLSFLLVFLILI	LLLGWLLSYLLSFLLVYLILI	5243.99	5245.08	0.240035	0.650378	673.628
LLLGWLLSYLLSFLLVYLILI	LLLGWLLSYLLSALLVYLILI	5244.96	5244.59	0.532699	0.308996	670.968
LLLGWLLSYLLSALLVYLILI	LLLGWLLSYLLAALLVYLILI	5244.92	5244.47	0.642213	0.244161	668.298
LLLGWLLSYLLAALLVYLILI	LLLGWLLSYLLAALLIYLILI	5244.63	5244.58	0.398479	0.42245	665.616
LLLGWLLSYLLAALLIYLILI	LLLGWLLSFLLAALLIYLILI	5245.11	5244.99	0.952787	0.132101	662.924
LLLGWLLSFLLAALLIYLILI	LLLGWLLSFLLAFLLIYLILI	5245.16	5245.01	0.308996	0.532699	660.222
LLLGWLLSFLLAFLLIYLILI	LLLGWLLSFLLSFLLIYLILI	5244.61	5245.19	0.13458	0.942975	657.509
LLLGWLLSFLLSFLLIYLILI	LLLAWLLSFLLSFLLIYLILI	5244.83	5241.13	0.584123	0.276169	654.786
LLLAWLLSFLLSFLLIYLILI	LLLAWLLSFLLSALLIYLILI	5241.39	5241.8	0.532699	0.308996	652.053
LLLAWLLSFLLSALLIYLILI	LLLAWLLSFLLSFLLIYLILI	5241.8	5241.39	0.308996	0.532699	649.31
LLLAWLLSFLLSFLLIYLILI	LLLAWLLAFLLSFLLIYLILI	5241.5	5243.66	0.642213	0.244161	646.557
LLLAWLLAFLLSFLLIYLILI	LLLAWLLAFLLSFLLVYLILI	5243.84	5244.07	0.42245	0.398479	643.795
LLLAWLLAFLLSFLLVYLILI	LLLAWLLSFLLSFLLVYLILI	5243.92	5241.76	0.244161	0.642213	641.023
LLLAWLLSFLLSFLLVYLILI	LLLAWLLAFLLSFLLVYLILI	5241.76	5243.92	0.642213	0.244161	638.241
LLLAWLLAFLLSFLLVYLILI	LLLAWLLAYLLSFLLVYLILI	5243.91	5244.33	0.240035	0.650378	635.451
LLLAWLLAYLLSFLLVYLILI	LLLAWLLAYLLSFLLVFLILI	5244.33	5243.23	0.650378	0.240035	632.651
LLLAWLLAYLLSFLLVFLILI	LLLAWLLAYLLAFLLVFLILI	5243.29	5243.76	0.297523	0.549849	629.843
LLLAWLLAYLLAFLLVFLILI	LLLAWLLAFLLAFLLVFLILI	5243.52	5243.78	0.302409	0.542444	627.026
LLLAWLLAFLLAFLLVFLILI	LLLAWLLAYLLAFLLVFLILI	5243.78	5243.52	0.542444	0.302409	624.2
LLLAWLLAYLLAFLLVFLILI	LLLAWLLSYLLAFLLVFLILI	5243.76	5240.86	0.549849	0.297523	621.366
LLLAWLLSYLLAFLLVFLILI	LLLAWLLSYLLAALLVFLILI	5240.96	5241.1	0.402233	0.418565	618.524
LLLAWLLSYLLAALLVFLILI	LLLAWLLSYLLAALLIFLILI	5241.08	5241.1	0.398479	0.42245	615.674
LLLAWLLSYLLAALLIFLILI	LLLAWLLSYLLAALLVFLILI	5241.1	5241.08	0.42245	0.398479	612.815
LLLAWLLSYLLAALLVFLILI	LLLAWLLSYLLSALLVFLILI	5241.02	5241.22	0.336591	0.494608	609.95
LLLAWLLSYLLSALLVFLILI	LLLGWLLSYLLSALLVFLILI	5241.19	5244.49	0.463748	0.36136	607.076
LLLGWLLSYLLSALLVFLILI	LLLGWLLSYLLAALLVFLILI	5244.77	5244.33	0.642213	0.244161	604.196
LLLGWLLSYLLAALLVFLILI	LLLAWLLSYLLAALLVFLILI	5244.35	5241.29	0.263552	0.605976	601.308
LLLAWLLSYLLAALLVFLILI	LLLAWLLSYLLAALLIFLILI	5241.08	5241.1	0.398479	0.42245	598.413
LLLAWLLSYLLAALLIFLILI	LLLAWLLSYLLSALLIFLILI	5241.01	5241.22	0.336591	0.494608	595.511
LLLAWLLSYLLSALLIFLILI	LLLAWLLSYLLSALLIYLILI	5240.86	5241.76	0.132101	0.952787	592.603
LLLAWLLSYLLSALLIYLILI	LLLAWLLSFLLSALLIYLILI	5241.76	5241.62	0.952787	0.132101	589.688
LLLAWLLSFLLSALLIYLILI	LLLAWLLAFLLSALLIYLILI	5241.98	5244.37	0.494608	0.336591	586.767
LLLAWLLAFLLSALLIYLILI	LLLAWLLAFLLAALLIYLILI	5244.27	5244.66	0.235967	0.658601	583.84
LLLAWLLAFLLAALLIYLILI	LLLAWLLAFLLAFLLIYLILI	5244.52	5243.97	0.510988	0.324348	580.907
LLLAWLLAFLLAFLLIYLILI	LLLAWLLAYLLAFLLIYLILI	5243.88	5244.27	0.240035	0.650378	577.969
LLLAWLLAYLLAFLLIYLILI	LLLAWLLAYLLAFLLVYLILI	5244.05	5244.28	0.42245	0.398479	575.025
LLLAWLLAYLLAFLLVYLILI	LLLAWLLAYLLAFLLVFLILI	5244.54	5243.45	0.650378	0.240035	572.076
LLLAWLLAYLLAFLLVFLILI	LLLAWLLSYLLAFLLVFLILI	5243.76	5240.86	0.549849	0.297523	569.122
LLLAWLLSYLLAFLLVFLILI	LLLAWLLSFLLAFLLVFLILI	5240.86	5241.23	0.302409	0.542444	566.162
LLLAWLLSFLLAFLLVFLILI	LLLAWLLSFLLAFLLIFLILI	5241.08	5240.88	0.398479	0.42245	563.199
LLLAWLLSFLLAFLLIFLILI	LLLAWLLAFLLAFLLIFLILI	5240.76	5243.57	0.297523	0.549849	560.23
LLLAWLLAFLLAFLLIFLILI	LLLAWLLAFLLAFLLIYLILI	5243.56	5243.94	0.542444	0.302409	557.258
LLLAWLLAFLLAFLLIYLILI	LLLAWLLAFLLSFLLIYLILI	5244.19	5243.71	0.549849	0.297523	554.281
LLLAWLLAFLLSFLLIYLILI	LLLAWLLAFLLSFLLVYLILI	5243.84	5244.07	0.42245	0.398479	551.301
LLLAWLLAFLLSFLLVYLILI	LLLAWLLAFLLAFLLVYLILI	5243.97	5244.46	0.297523	0.549849	548.317
LLLAWLLAFLLAFLLVYLILI	LLLAWLLAYLLAFLLVYLILI	5244.15	5244.54	0.240035	0.650378	545.329
LLLAWLLAYLLAFLLVYLILI	LLLAWLLAYLLSFLLVYLILI	5244.43	5243.97	0.549849	0.297523	542.339
LLLAWLLAYLLSFLLVYLILI	LLLAWLLSYLLSFLLVYLILI	5243.92	5241.66	0.244161	0.642213	539.345
LLLAWLLSYLLSFLLVYLILI	LLLAWLLSYLLSFLLIYLILI	5241.42	5241.19	0.398479	0.42245	536.348
LLLAWLLSYLLSFLLIYLILI	LLLAWLLSFLLSFLLIYLILI	5241.42	5241.1	0.650378	0.240035	533.349
LLLAWLLSFLLSFLLIYLILI	LLLAWLLSYLLSFLLIYLILI	5241.1	5241.42	0.240035	0.650378	530.348
LLLAWLLSYLLSFLLIYLILI	LLLAWLLSYLLSFLLIFLILI	5241.42	5240.37	0.650378	0.240035	527.344
LLLAWLLSYLLSFLLIFLILI	LLLAWLLSYLLSFLLVFLILI	5240.55	5240.74	0.42245	0.398479	524.339
LLLAWLLSYLLSFLLVFLILI	LLLAWLLSYLLSFLLIFLILI	5240.74	5240.55	0.398479	0.42245	521.331
LLLAWLLSYLLSFLLIFLILI	LLLAWLLSFLLSFLLIFLILI	5240.43	5240.76	0.302409	0.542444	518.323
LLLAWLLSFLLSFLLIFLILI	LLLAWLLSFLLSFLLIYLILI	5240.76	5241.16	0.542444	0.302409	515.312
LLLAWLLSFLLSFLLIYLILI	LLLAWLLSFLLAFLLIYLILI	5241.5	5241.33	0.642213	0.244161	512.301
LLLAWLLSFLLAFLLIYLILI	LLLAYLLSFLLAFLLIYLILI	5241.46	5244.24	0.372136	0.451187	509.289
LLLAYLLSFLLAFLLIYLILI	LLLAYLLSFLLSFLLIYLILI	5244.03	5244.2	0.244161	0.642213	506.277
LLLAYLLSFLLSFLLIYLILI	LLLAYLLSFLLAFLLIYLILI	5244.2	5244.03	0.642213	0.244161	503.263
LLLAYLLSFLLAFLLIYLILI	LLLAYLLSFLLSFLLIYLILI	5244.03	5244.2	0.244161	0.642213	500.25
LLLAYLLSFLLSFLLIYLILI	LLLAWLLSFLLSFLLIYLILI	5244	5241.23	0.451187	0.372136	497.237
LLLAWLLSFLLSFLLIYLILI	LLLAWLLSFLLAFLLIYLILI	5241.5	5241.33	0.642213	0.244161	494.223
LLLAWLLSFLLAFLLIYLILI	LLLAWLLSFLLAFLLVYLILI	5241.51	5241.75	0.42245	0.398479	491.211
LLLAWLLSFLLAFLLVYLILI	LLLAWLLSFLLAFLLVFLILI	5241.66	5241.23	0.302409	0.542444	488.199
LLLAWLLSFLLAFLLVFLILI	LLLAWLLSFLLAFLLIFLILI	5241.08	5240.88	0.398479	0.42245	485.188
LLLAWLLSFLLAFLLIFLILI	LLLAWLLSYLLAFLLIFLILI	5241	5240.65	0.542444	0.302409	482.177
LLLAWLLSYLLAFLLIFLILI	LLLAWLLSYLLAALLIFLILI	5240.75	5241.09	0.402233	0.418565	476.161
LLLAWLLSYLLAALLIFLILI	LLLAWLLSYLLAFLLIFLILI	5241.09	5240.75	0.418565	0.402233	473.156
LLLAWLLSYLLAFLLIFLILI	LLLAWLLSFLLAFLLIFLILI	5240.65	5241	0.302409	0.542444	470.152
LLLAWLLSFLLAFLLIFLILI	LLLAWLLSFLLSFLLIFLILI	5240.7	5240.86	0.244161	0.642213	467.151
LLLAWLLSFLLSFLLIFLILI	LLLAWLLSFLLSFLLIYLILI	5240.76	5241.16	0.542444	0.302409	464.152
LLLAWLLSFLLSFLLIYLILI	LLLAWLLSFLLSFLLIFLILI	5241.16	5240.76	0.302409	0.542444	461.155
LLLAWLLSFLLSFLLIFLILI	LLLAWLLSFLLAFLLIFLILI	5240.86	5240.7	0.642213	0.244161	458.161
LLLAWLLSFLLAFLLIFLILI	LLLAWLLSFLLASLLIFLILI	5240.9	5241.6	0.444097	0.37841	455.171
LLLAWLLSFLLASLLIFLILI	LLLAWLLSFLLSSLLIFLILI	5241.39	5242.05	0.173405	0.811492	452.183
LLLAWLLSFLLSSLLIFLILI	LLLAWLLSFLLSSLLVFLILI	5241.67	5241.58	0.42245	0.398479	449.199
LLLAWLLSFLLSSLLVFLILI	LLLAWLLSFLLSSLLIFLILI	5241.58	5241.67	0.398479	0.42245	446.219
LLLAWLLSFLLSSLLIFLILI	LLLAWLLSFLLSFLLIFLILI	5241.75	5240.55	0.503913	0.329564	443.242
LLLAWLLSFLLSFLLIFLILI	LLLAWLLAFLLSFLLIFLILI	5240.86	5243.02	0.642213	0.244161	440.27
LLLAWLLAFLLSFLLIFLILI	LLLAWLLAFLLLFLLIFLILI	5243.18	5243.49	0.39943	0.421461	437.301
LLLAWLLAFLLLFLLIFLILI	LLLAWLLAFLLLFLLIYLILI	5243.61	5244	0.542444	0.302409	434.338
LLLAWLLAFLLLFLLIYLILI	LLLAWLLSFLLLFLLIYLILI	5244.12	5241.65	0.416521	0.404229	431.378
LLLAWLLSFLLLFLLIYLILI	LLLAWLLSFLLLFLLIFLILI	5241.54	5241.15	0.302409	0.542444	425.475
LLLAWLLSFLLLFLLIFLILI	LLLAWLLSFLLLFLLIYLILI	5241.15	5241.54	0.542444	0.302409	422.531
LLLAWLLSFLLLFLLIYLILI	LLLAWLLSFLLLFLLIFLILI	5241.54	5241.15	0.302409	0.542444	419.593
LLLAWLLSFLLLFLLIFLILI	LLLAWLLSFLLLALLIFLILI	5241.29	5242.09	0.686505	0.222766	416.66
LLLAWLLSFLLLALLIFLILI	LLLAWLLSYLLLALLIFLILI	5242.27	5241.68	0.410343	0.410343	413.733
LLLAWLLSYLLLALLIFLILI	LLLAWLLSFLLLALLIFLILI	5241.68	5242.27	0.410343	0.410343	410.812
LLLAWLLSFLLLALLIFLILI	LLLAWLLSFLLLALLVFLILI	5242.29	5242.91	0.42245	0.398479	407.897
LLLAWLLSFLLLALLVFLILI	LLLAWLLSFLLLALLVYLILI	5242.92	5243.06	0.410343	0.410343	404.989
LLLAWLLSFLLLALLVYLILI	LLLAWLLSFLLLALLVFLILI	5243.06	5242.92	0.410343	0.410343	402.087
LLLAWLLSFLLLALLVFLILI	LLLAWLLSFLLLALLIFLILI	5242.91	5242.29	0.398479	0.42245	399.192
LLLAWLLSFLLLALLIFLILI	LLLAWLLSFLLAALLIFLILI	5242.17	5241.92	0.306324	0.53662	396.304
LLLAWLLSFLLAALLIFLILI	LLLAWLLSYLLAALLIFLILI	5241.79	5241.09	0.410343	0.410343	393.424
LLLAWLLSYLLAALLIFLILI	LLLAWLLSYLLAALLIYLILI	5240.81	5241.7	0.132101	0.952787	390.55
LLLAWLLSYLLAALLIYLILI	LLLAWLLSYLLSALLIYLILI	5241.09	5241.3	0.336591	0.494608	387.685
LLLAWLLSYLLSALLIYLILI	LLLAWLLSYLLSALLIFLILI	5241.76	5240.86	0.952787	0.132101	384.826
LLLAWLLSYLLSALLIFLILI	LLLAWLLSYLLSALLVFLILI	5241.15	5241.12	0.42245	0.398479	381.976
LLLAWLLSYLLSALLVFLILI	LLLAWLLSYLLSFLLVFLILI	5241.03	5240.87	0.308996	0.532699	379.134
LLLAWLLSYLLSFLLVFLILI	LLLAWLLSYLLAFLLVFLILI	5240.98	5240.81	0.642213	0.244161	376.3
LLLAWLLSYLLAFLLVFLILI	LLLAWLLSYLLAFLLIFLILI	5240.96	5240.77	0.398479	0.42245	373.474
LLLAWLLSYLLAFLLIFLILI	LLLAWLLSYLLAALLIFLILI	5240.75	5241.09	0.402233	0.418565	370.657
LLLAWLLSYLLAALLIFLILI	LLLAWLLSYLLAALLVFLILI	5241.1	5241.08	0.42245	0.398479	367.849
LLLAWLLSYLLAALLVFLILI	LLLAWLLSYLLSALLVFLILI	5241.02	5241.22	0.336591	0.494608	365.049
LLLAWLLSYLLSALLVFLILI	LLLAWLLSYLLSALLIFLILI	5241.12	5241.15	0.398479	0.42245	362.259
LLLAWLLSYLLSALLIFLILI	LLLAWLLSYLLAALLIFLILI	5241.22	5241.01	0.494608	0.336591	359.477
LLLAWLLSYLLAALLIFLILI	LLLAWLLSYLLSALLIFLILI	5241.01	5241.22	0.336591	0.494608	356.705
LLLAWLLSYLLSALLIFLILI	LLLAWLLSYLLSALLVFLILI	5241.15	5241.12	0.42245	0.398479	353.943
LLLAWLLSYLLSALLVFLILI	LLLAWLLSYLLSALLVYLILI	5240.86	5241.83	0.132101	0.952787	351.19
LLLAWLLSYLLSALLVYLILI	LLLAWLLSYLLSFLLVYLILI	5241.39	5241.35	0.510988	0.324348	348.447
LLLAWLLSYLLSFLLVYLILI	LLLAWLLSYLLAFLLVYLILI	5241.66	5241.48	0.642213	0.244161	345.714
LLLAWLLSYLLAFLLVYLILI	LLLAWLLSYLLSFLLVYLILI	5241.48	5241.66	0.244161	0.642213	342.991
LLLAWLLSYLLSFLLVYLILI	LLLAWLLSYLLSFLLIYLILI	5241.42	5241.19	0.398479	0.42245	340.278
LLLAWLLSYLLSFLLIYLILI	LLLAWLLSYLLAFLLIYLILI	5241.41	5241.22	0.642213	0.244161	337.576
LLLAWLLSYLLAFLLIYLILI	LLLAWLLSYLLAFLLIFLILI	5241.62	5240.58	0.650378	0.240035	334.884
LLLAWLLSYLLAFLLIFLILI	LLLAWLLSYLLAFLLVFLILI	5240.77	5240.96	0.42245	0.398479	332.202
LLLAWLLSYLLAFLLVFLILI	LLLAWLLSYLLAALLVFLILI	5240.96	5241.1	0.402233	0.418565	329.532
LLLAWLLSYLLAALLVFLILI	LLLAWLLSYLLAALLIFLILI	5241.08	5241.1	0.398479	0.42245	326.872
LLLAWLLSYLLAALLIFLILI	LLLAWLLSFLLAALLIFLILI	5241.09	5241.79	0.410343	0.410343	324.223
LLLAWLLSFLLAALLIFLILI	LLLAWLLSFLLSALLIFLILI	5241.72	5241.9	0.336591	0.494608	321.585
LLLAWLLSFLLSALLIFLILI	LLLAWLLSFLLSALLIYLILI	5241.82	5241.9	0.410343	0.410343	318.959
LLLAWLLSFLLSALLIYLILI	LLLAWLLSFLLSALLVYLILI	5241.91	5241.96	0.42245	0.398479	316.344
LLLAWLLSFLLSALLVYLILI	LLLAWLLSFLLSALLIYLILI	5241.96	5241.91	0.398479	0.42245	313.74
LLLAWLLSFLLSALLIYLILI	LLLAWLLSFLLAALLIYLILI	5241.98	5241.8	0.494608	0.336591	311.148
LLLAWLLSFLLAALLIYLILI	LLLAWLLSFLLAALLIFLILI	5241.87	5241.79	0.410343	0.410343	308.568
LLLAWLLSFLLAALLIFLILI	LLLAWLLSFLLAALLVFLILI	5241.81	5241.8	0.42245	0.398479	305.999
LLLAWLLSFLLAALLVFLILI	LLLAWLLSFLLAALLVYLILI	5241.81	5241.95	0.410343	0.410343	303.443
LLLAWLLSFLLAALLVYLILI	LLLAWLLSYLLAALLVYLILI	5241.67	5241.78	0.132101	0.952787	300.898
LLLAWLLSYLLAALLVYLILI	LLLAWLLSYLLAALLIYLILI	5241.22	5241.17	0.398479	0.42245	298.366
LLLAWLLSYLLAALLIYLILI	LLLAWLLSYLLSALLIYLILI	5241.09	5241.3	0.336591	0.494608	295.845
LLLAWLLSYLLSALLIYLILI	LLLAWLLSYLLSALLVYLILI	5241.23	5241.27	0.42245	0.398479	293.337
LLLAWLLSYLLSALLVYLILI	LLLAWLLSFLLSALLVYLILI	5241.83	5241.7	0.952787	0.132101	290.841
LLLAWLLSFLLSALLVYLILI	LLLAWLLSFLLSFLLVYLILI	5241.87	5241.65	0.308996	0.532699	288.358
LLLAWLLSFLLSFLLVYLILI	LLLAWLLSFLLSFLLIYLILI	5241.51	5241.28	0.398479	0.42245	285.887
LLLAWLLSFLLSFLLIYLILI	LLLAWLLSFLLAFLLIYLILI	5241.5	5241.33	0.642213	0.244161	283.429
LLLAWLLSFLLAFLLIYLILI	LLLAWLLSFLLAFLLIFLILI	5241.39	5241	0.302409	0.542444	280.984
LLLAWLLSFLLAFLLIFLILI	LLLAWLLSFLLAFLLIYLILI	5241	5241.39	0.542444	0.302409	278.551
LLLAWLLSFLLAFLLIYLILI	LLLAWLLSYLLAFLLIYLILI	5241.33	5241.62	0.240035	0.650378	276.131
LLLAWLLSYLLAFLLIYLILI	LLLAWLLSYLLAALLIYLILI	5241.21	5241.41	0.234641	0.661316	273.725
LLLAWLLSYLLAALLIYLILI	LLLAWLLSFLLAALLIYLILI	5241.7	5241.59	0.952787	0.132101	271.331
LLLAWLLSFLLAALLIYLILI	LLLAWLLSFLLSALLIYLILI	5241.8	5241.98	0.336591	0.494608	268.95
LLLAWLLSFLLSALLIYLILI	LLLAWLLSFLLSFLLIYLILI	5241.8	5241.39	0.308996	0.532699	266.582
LLLAWLLSFLLSFLLIYLILI	LLLAWLLSFLLSALLIYLILI	5241.39	5241.8	0.532699	0.308996	264.228
LLLAWLLSFLLSALLIYLILI	LLLAWLLSFLLSALLIFLILI	5241.9	5241.82	0.410343	0.410343	261.886
LLLAWLLSFLLSALLIFLILI	LLLAWLLSFLLSALLVFLILI	5241.83	5241.81	0.42245	0.398479	259.558
LLLAWLLSFLLSALLVFLILI	LLLAWLLSYLLSALLVFLILI	5241.82	5241.14	0.410343	0.410343	257.244
LLLAWLLSYLLSALLVFLILI	LLLAWLLSYLLSALLIFLILI	5241.12	5241.15	0.398479	0.42245	254.943
LLLAWLLSYLLSALLIFLILI	LLLAWLLSYLLAALLIFLILI	5241.22	5241.01	0.494608	0.336591	252.655
LLLAWLLSYLLAALLIFLILI	LLLAWLLSYLLAFLLIFLILI	5241.09	5240.75	0.418565	0.402233	250.381
LLLAWLLSYLLAFLLIFLILI	LLLAWLLSYLLAALLIFLILI	5240.75	5241.09	0.402233	0.418565	248.12
LLLAWLLSYLLAALLIFLILI	LLLAWLLSYLLAFLLIFLILI	5241.09	5240.75	0.418565	0.402233	245.873
LLLAWLLSYLLAFLLIFLILI	LLLAWLLSYLLAALLIFLILI	5240.75	5241.09	0.402233	0.418565	243.639
LLLAWLLSYLLAALLIFLILI	LLLAWLLSYLLAFLLIFLILI	5241.09	5240.75	0.418565	0.402233	241.419
LLLAWLLSYLLAFLLIFLILI	LLLAWLLSYLLAFLLVFLILI	5240.77	5240.96	0.42245	0.398479	239.213
LLLAWLLSYLLAFLLVFLILI	LLLAWLLSYLLAFLLIFLILI	5240.96	5240.77	0.398479	0.42245	237.021
LLLAWLLSYLLAFLLIFLILI	LLLAWLLSFLLAFLLIFLILI	5240.65	5241	0.302409	0.542444	234.842
LLLAWLLSFLLAFLLIFLILI	LLLAWLLSYLLAFLLIFLILI	5241	5240.65	0.542444	0.302409	232.677
LLLAWLLSYLLAFLLIFLILI	LLLAWLLSYLLAFLLVFLILI	5240.77	5240.96	0.42245	0.398479	226.265
LLLAWLLSYLLAFLLVFLILI	LLLAWLLSYLLSFLLVFLILI	5240.81	5240.98	0.244161	0.642213	224.155
LLLAWLLSYLLSFLLVFLILI	LLLAWLLSYLLAFLLVFLILI	5240.98	5240.81	0.642213	0.244161	222.059
LLLAWLLSYLLAFLLVFLILI	LLLAWLLSYLLSFLLVFLILI	5240.81	5240.98	0.244161	0.642213	219.977
LLLAWLLSYLLSFLLVFLILI	LLLAWLLSYLLSALLVFLILI	5240.87	5241.03	0.532699	0.308996	217.909
LLLAWLLSYLLSALLVFLILI	LLLAWLLSYLLSALLIFLILI	5241.12	5241.15	0.398479	0.42245	215.855
LLLAWLLSYLLSALLIFLILI	LLLAWLLSYLLSFLLIFLILI	5241.03	5240.66	0.308996	0.532699	213.815
LLLAWLLSYLLSFLLIFLILI	LLLAWLLSYLLAFLLIFLILI	5240.77	5240.59	0.642213	0.244161	211.789
LLLAWLLSYLLAFLLIFLILI	LLLAWLLSYLLAFLLVFLILI	5240.77	5240.96	0.42245	0.398479	209.776
LLLAWLLSYLLAFLLVFLILI	LLLAWLLSYLLAFLLIFLILI	5240.96	5240.77	0.398479	0.42245	207.778
LLLAWLLSYLLAFLLIFLILI	LLLAWLLSFLLAFLLIFLILI	5240.65	5241	0.302409	0.542444	205.793
LLLAWLLSFLLAFLLIFLILI	LLLAWLLSYLLAFLLIFLILI	5241	5240.65	0.542444	0.302409	203.823
LLLAWLLSYLLAFLLIFLILI	LLLAWLLSYLLAFLLVFLILI	5240.77	5240.96	0.42245	0.398479	201.866
LLLAWLLSYLLAFLLVFLILI	LLLAWLLSYLLSFLLVFLILI	5240.81	5240.98	0.244161	0.642213	199.923
LLLAWLLSYLLSFLLVFLILI	LLLAWLLSFLLSFLLVFLILI	5240.64	5240.98	0.302409	0.542444	197.994
LLLAWLLSFLLSFLLVFLILI	LLLAWLLSFLLSFLLIFLILI	5240.83	5240.64	0.398479	0.42245	196.079
LLLAWLLSFLLSFLLIFLILI	LLLAWLLSFLLAFLLIFLILI	5240.86	5240.7	0.642213	0.244161	194.178
LLLAWLLSFLLAFLLIFLILI	LLLAWLLSFLLSFLLIFLILI	5240.7	5240.86	0.244161	0.642213	192.291
LLLAWLLSFLLSFLLIFLILI	LLLAWLLSYLLSFLLIFLILI	5240.76	5240.43	0.542444	0.302409	188.558
LLLAWLLSYLLSFLLIFLILI	LLLAWLLSYLLSALLIFLILI	5240.66	5241.03	0.532699	0.308996	186.712
LLLAWLLSYLLSALLIFLILI	LLLAWLLSYLLSALLVFLILI	5241.15	5241.12	0.42245	0.398479	184.88
LLLAWLLSYLLSALLVFLILI	LLLAWLLSYLLSALLIFLILI	5241.12	5241.15	0.398479	0.42245	181.257
LLLAWLLSYLLSALLIFLILI	LLLAWLLSYLLSFLLIFLILI	5241.03	5240.66	0.308996	0.532699	179.466
LLLAWLLSYLLSFLLIFLILI	LLLAWLLSFLLSFLLIFLILI	5240.43	5240.76	0.302409	0.542444	177.689
LLLAWLLSFLLSFLLIFLILI	LLLAWLLSFLLAFLLIFLILI	5240.86	5240.7	0.642213	0.244161	175.925
LLLAWLLSFLLAFLLIFLILI	LLLAWLLSFLLSFLLIFLILI	5240.7	5240.86	0.244161	0.642213	174.175
LLLAWLLSFLLSFLLIFLILI	LLLAWLLSFLLAFLLIFLILI	5240.86	5240.7	0.642213	0.244161	172.439
LLLAWLLSFLLAFLLIFLILI	LLLAWLLSFLLSFLLIFLILI	5240.7	5240.86	0.244161	0.642213	170.716
LLLAWLLSFLLSFLLIFLILI	LLLAWLLSFLLAFLLIFLILI	5240.86	5240.7	0.642213	0.244161	167.311
LLLAWLLSFLLAFLLIFLILI	LLLAWLLSYLLAFLLIFLILI	5241	5240.65	0.542444	0.302409	165.628
LLLAWLLSYLLAFLLIFLILI	LLLAWLLSYLLAFLLVFLILI	5240.77	5240.96	0.42245	0.398479	163.959
LLLAWLLSYLLAFLLVFLILI	LLLAWLLSYLLAFLLIFLILI	5240.96	5240.77	0.398479	0.42245	162.304
LLLAWLLSYLLAFLLIFLILI	LLLAWLLSYLLSFLLIFLILI	5240.59	5240.77	0.244161	0.642213	160.661
LLLAWLLSYLLSFLLIFLILI	LLLAWLLSYLLAFLLIFLILI	5240.77	5240.59	0.642213	0.244161	159.032
LLLAWLLSYLLAFLLIFLILI	LLLAWLLSFLLAFLLIFLILI	5240.65	5241	0.302409	0.542444	157.416
LLLAWLLSFLLAFLLIFLILI	LLLAWLLSFLLSFLLIFLILI	5240.7	5240.86	0.244161	0.642213	155.814
LLLAWLLSFLLSFLLIFLILI	LLLAWLLSFLLAFLLIFLILI	5240.86	5240.7	0.642213	0.244161	154.224
LLLAWLLSFLLAFLLIFLILI	LLLAWLLSFLLAFLLVFLILI	5240.88	5241.08	0.42245	0.398479	152.648
LLLAWLLSFLLAFLLVFLILI	LLLAWLLSFLLAFLLIFLILI	5241.08	5240.88	0.398479	0.42245	151.084
LLLAWLLSFLLAFLLIFLILI	LLLAWLLSYLLAFLLIFLILI	5241	5240.65	0.542444	0.302409	147.996
LLLAWLLSYLLAFLLIFLILI	LLLAWLLSYLLSFLLIFLILI	5240.59	5240.77	0.244161	0.642213	144.96
LLLAWLLSYLLSFLLIFLILI	LLLAWLLSYLLSFLLVFLILI	5240.55	5240.74	0.42245	0.398479	143.461
LLLAWLLSYLLSFLLVFLILI	LLLAWLLSYLLSFLLIFLILI	5240.74	5240.55	0.398479	0.42245	141.975
LLLAWLLSYLLSFLLIFLILI	LLLAWLLSYLLAFLLIFLILI	5240.77	5240.59	0.642213	0.244161	140.501
LLLAWLLSYLLAFLLIFLILI	LLLAWLLSYLLSFLLIFLILI	5240.59	5240.77	0.244161	0.642213	139.04
LLLAWLLSYLLSFLLIFLILI	LLLAWLLSFLLSFLLIFLILI	5240.43	5240.76	0.302409	0.542444	137.592
LLLAWLLSFLLSFLLIFLILI	LLLAWLLSYLLSFLLIFLILI	5240.76	5240.43	0.542444	0.302409	136.156
LLLAWLLSYLLSFLLIFLILI	LLLAWLLSYLLAFLLIFLILI	5240.77	5240.59	0.642213	0.244161	134.732
LLLAWLLSYLLAFLLIFLILI	LLLAWLLSYLLSFLLIFLILI	5240.59	5240.77	0.244161	0.642213	133.321
LLLAWLLSYLLSFLLIFLILI	LLLAWLLSFLLSFLLIFLILI	5240.43	5240.76	0.302409	0.542444	131.922
LLLAWLLSFLLSFLLIFLILI	LLLAWLLSFLLAFLLIFLILI	5240.86	5240.7	0.642213	0.244161	130.536
LLLAWLLSFLLAFLLIFLILI	LLLAWLLSFLLAFLLVFLILI	5240.88	5241.08	0.42245	0.398479	129.161
LLLAWLLSFLLAFLLVFLILI	LLLAWLLSFLLAFLLIFLILI	5241.08	5240.88	0.398479	0.42245	127.799
LLLAWLLSFLLAFLLIFLILI	LLLAWLLSFLLAFLLIYLILI	5241	5241.39	0.542444	0.302409	126.449
LLLAWLLSFLLAFLLIYLILI	LLLAWLLSFLLAFLLIFLILI	5241.39	5241	0.302409	0.542444	125.111
LLLAWLLSFLLAFLLIFLILI	LLLAWLLSYLLAFLLIFLILI	5241	5240.65	0.542444	0.302409	123.785
LLLAWLLSYLLAFLLIFLILI	LLLAWLLSYLLAFLLVFLILI	5240.77	5240.96	0.42245	0.398479	119.877
LLLAWLLSYLLAFLLVFLILI	LLLAWLLSYLLAFLLIFLILI	5240.96	5240.77	0.398479	0.42245	118.598
LLLAWLLSYLLAFLLIFLILI	LLLAWLLSYLLSFLLIFLILI	5240.59	5240.77	0.244161	0.642213	117.331
LLLAWLLSYLLSFLLIFLILI	LLLAWLLSYLLSALLIFLILI	5240.66	5241.03	0.532699	0.308996	116.075
LLLAWLLSYLLSALLIFLILI	LLLAWLLSYLLSALLVFLILI	5241.15	5241.12	0.42245	0.398479	114.83
LLLAWLLSYLLSALLVFLILI	LLLAWLLSYLLSFLLVFLILI	5241.03	5240.87	0.308996	0.532699	113.597
LLLAWLLSYLLSFLLVFLILI	LLLAWLLSYLLAFLLVFLILI	5240.98	5240.81	0.642213	0.244161	112.375
LLLAWLLSYLLAFLLVFLILI	LLLAWLLSYLLAFLLIFLILI	5240.96	5240.77	0.398479	0.42245	111.165
LLLAWLLSYLLAFLLIFLILI	LLLAWLLSFLLAFLLIFLILI	5240.65	5241	0.302409	0.542444	108.778
LLLAWLLSFLLAFLLIFLILI	LLLAWLLSFLLAFLLVFLILI	5240.88	5241.08	0.42245	0.398479	106.434
LLLAWLLSFLLAFLLVFLILI	LLLAWLLSFLLAFLLIFLILI	5241.08	5240.88	0.398479	0.42245	105.279
LLLAWLLSFLLAFLLIFLILI	LLLAWLLSYLLAFLLIFLILI	5241	5240.65	0.542444	0.302409	104.135
LLLAWLLSYLLAFLLIFLILI	LLLAWLLSYLLSFLLIFLILI	5240.59	5240.77	0.244161	0.642213	103.002
LLLAWLLSYLLSFLLIFLILI	LLLAWLLSYLLAFLLIFLILI	5240.77	5240.59	0.642213	0.244161	98.5738
LLLAWLLSYLLAFLLIFLILI	LLLAWLLSYLLSFLLIFLILI	5240.59	5240.77	0.244161	0.642213	96.4228
LLLAWLLSYLLSFLLIFLILI	LLLAWLLSYLLAFLLIFLILI	5240.77	5240.59	0.642213	0.244161	95.3627
LLLAWLLSYLLAFLLIFLILI	LLLAWLLSYLLAFLLVFLILI	5240.77	5240.96	0.42245	0.398479	93.2732
LLLAWLLSYLLAFLLVFLILI	LLLAWLLSYLLAFLLIFLILI	5240.96	5240.77	0.398479	0.42245	92.2435
LLLAWLLSYLLAFLLIFLILI	LLLAWLLSFLLAFLLIFLILI	5240.65	5241	0.302409	0.542444	87.2436
LLLAWLLSFLLAFLLIFLILI	LLLAWLLSFLLAFLLVFLILI	5240.88	5241.08	0.42245	0.398479	86.2728
LLLAWLLSFLLAFLLVFLILI	LLLAWLLSFLLSFLLVFLILI	5240.93	5241.08	0.244161	0.642213	85.3115
LLLAWLLSFLLSFLLVFLILI	LLLAWLLSFLLAFLLVFLILI	5241.08	5240.93	0.642213	0.244161	84.3597
LLLAWLLSFLLAFLLVFLILI	LLLAWLLSFLLSFLLVFLILI	5240.93	5241.08	0.244161	0.642213	83.4174
LLLAWLLSFLLSFLLVFLILI	LLLAWLLSFLLAFLLVFLILI	5241.08	5240.93	0.642213	0.244161	82.4843
LLLAWLLSFLLAFLLVFLILI	LLLAWLLSYLLAFLLVFLILI	5241.23	5240.86	0.542444	0.302409	81.5606
LLLAWLLSYLLAFLLVFLILI	LLLAWLLSYLLAFLLIFLILI	5240.96	5240.77	0.398479	0.42245	80.646
LLLAWLLSYLLAFLLIFLILI	LLLAWLLSYLLAFLLVFLILI	5240.77	5240.96	0.42245	0.398479	77.9568
LLLAWLLSYLLAFLLVFLILI	LLLAWLLSYLLSFLLVFLILI	5240.81	5240.98	0.244161	0.642213	76.2086
LLLAWLLSYLLSFLLVFLILI	LLLAWLLSYLLSALLVFLILI	5240.87	5241.03	0.532699	0.308996	75.3477
LLLAWLLSYLLSALLVFLILI	LLLAWLLSYLLSFLLVFLILI	5241.03	5240.87	0.308996	0.532699	74.4955
LLLAWLLSYLLSFLLVFLILI	LLLAWLLSYLLAFLLVFLILI	5240.98	5240.81	0.642213	0.244161	73.652
LLLAWLLSYLLAFLLVFLILI	LLLAWLLSYLLAFLLIFLILI	5240.96	5240.77	0.398479	0.42245	72.8169
LLLAWLLSYLLAFLLIFLILI	LLLAWLLSYLLAALLIFLILI	5240.75	5241.09	0.402233	0.418565	71.9904
LLLAWLLSYLLAALLIFLILI	LLLAWLLSYLLAALLVFLILI	5241.1	5241.08	0.42245	0.398479	71.1723
LLLAWLLSYLLAALLVFLILI	LLLAWLLSYLLAALLIFLILI	5241.08	5241.1	0.398479	0.42245	70.3625
LLLAWLLSYLLAALLIFLILI	LLLAWLLSYLLAFLLIFLILI	5241.09	5240.75	0.418565	0.402233	68.7677
LLLAWLLSYLLAFLLIFLILI	LLLAWLLSYLLSFLLIFLILI	5240.59	5240.77	0.244161	0.642213	66.4364
LLLAWLLSYLLSFLLIFLILI	LLLAWLLSYLLAFLLIFLILI	5240.77	5240.59	0.642213	0.244161	65.6752
LLLAWLLSYLLAFLLIFLILI	LLLAWLLSYLLSFLLIFLILI	5240.59	5240.77	0.244161	0.642213	64.1764
LLLAWLLSYLLSFLLIFLILI	LLLAWLLSYLLAFLLIFLILI	5240.77	5240.59	0.642213	0.244161	63.4386
LLLAWLLSYLLAFLLIFLILI	LLLAWLLSYLLAFLLVFLILI	5240.77	5240.96	0.42245	0.398479	57.8066
LLLAWLLSYLLAFLLVFLILI	LLLAWLLSYLLAFLLIFLILI	5240.96	5240.77	0.398479	0.42245	56.4712
LLLAWLLSYLLAFLLIFLILI	LLLAWLLSYLLAFLLVFLILI	5240.77	5240.96	0.42245	0.398479	55.8141
LLLAWLLSYLLAFLLVFLILI	LLLAWLLSYLLAFLLIFLILI	5240.96	5240.77	0.398479	0.42245	55.1639
LLLAWLLSYLLAFLLIFLILI	LLLAWLLSYLLSFLLIFLILI	5240.59	5240.77	0.244161	0.642213	53.2543
LLLAWLLSYLLSFLLIFLILI	LLLAWLLSYLLAFLLIFLILI	5240.77	5240.59	0.642213	0.244161	52.6312
LLLAWLLSYLLAFLLIFLILI	LLLAWLLSYLLSFLLIFLILI	5240.59	5240.77	0.244161	0.642213	52.0148
LLLAWLLSYLLSFLLIFLILI	LLLAWLLSYLLAFLLIFLILI	5240.77	5240.59	0.642213	0.244161	51.4049
LLLAWLLSYLLAFLLIFLILI	LLLAWLLSYLLAFLLVFLILI	5240.77	5240.96	0.42245	0.398479	50.2046
LLLAWLLSYLLAFLLVFLILI	LLLAWLLSYLLAFLLIFLILI	5240.96	5240.77	0.398479	0.42245	49.6141
LLLAWLLSYLLAFLLIFLILI	LLLAWLLSFLLAFLLIFLILI	5240.65	5241	0.302409	0.542444	48.4519
LLLAWLLSFLLAFLLIFLILI	LLLAWLLSYLLAFLLIFLILI	5241	5240.65	0.542444	0.302409	47.8802
LLLAWLLSYLLAFLLIFLILI	LLLAWLLSYLLSFLLIFLILI	5240.59	5240.77	0.244161	0.642213	45.6541
LLLAWLLSYLLSFLLIFLILI	LLLAWLLSYLLAFLLIFLILI	5240.77	5240.59	0.642213	0.244161	45.1125
LLLAWLLSYLLAFLLIFLILI	LLLAWLLSYLLSFLLIFLILI	5240.59	5240.77	0.244161	0.642213	43.5226
LLLAWLLSYLLSFLLIFLILI	LLLAWLLSYLLAFLLIFLILI	5240.77	5240.59	0.642213	0.244161	43.0041
LLLAWLLSYLLAFLLIFLILI	LLLAWLLSYLLAFLLVFLILI	5240.77	5240.96	0.42245	0.398479	42.4912
LLLAWLLSYLLAFLLVFLILI	LLLAWLLSYLLAFLLIFLILI	5240.96	5240.77	0.398479	0.42245	41.984
LLLAWLLSYLLAFLLIFLILI	LLLAWLLSYLLSFLLIFLILI	5240.59	5240.77	0.244161	0.642213	40.495
LLLAWLLSYLLSFLLIFLILI	LLLAWLLSYLLAFLLIFLILI	5240.77	5240.59	0.642213	0.244161	39.5293
LLLAWLLSYLLAFLLIFLILI	LLLAWLLSYLLSFLLIFLILI	5240.59	5240.77	0.244161	0.642213	37.6605
LLLAWLLSYLLSFLLIFLILI	LLLAWLLSYLLAFLLIFLILI	5240.77	5240.59	0.642213	0.244161	37.2061
LLLAWLLSYLLAFLLIFLILI	LLLAWLLSYLLSFLLIFLILI	5240.59	5240.77	0.244161	0.642213	34.5827
LLLAWLLSYLLSFLLIFLILI	LLLAWLLSYLLAFLLIFLILI	5240.77	5240.59	0.642213	0.244161	34.1623
LLLAWLLSYLLAFLLIFLILI	LLLAWLLSYLLSFLLIFLILI	5240.59	5240.77	0.244161	0.642213	31.7355
LLLAWLLSYLLSFLLIFLILI	LLLAWLLSYLLAFLLIFLILI	5240.77	5240.59	0.642213	0.244161	31.3467
LLLAWLLSYLLAFLLIFLILI	LLLAWLLSYLLSFLLIFLILI	5240.59	5240.77	0.244161	0.642213	30.2059
LLLAWLLSYLLSFLLIFLILI	LLLAWLLSYLLAFLLIFLILI	5240.77	5240.59	0.642213	0.244161	29.8341
LLLAWLLSYLLAFLLIFLILI	LLLAWLLSYLLAFLLVFLILI	5240.77	5240.96	0.42245	0.398479	29.4664
LLLAWLLSYLLAFLLVFLILI	LLLAWLLSYLLAFLLIFLILI	5240.96	5240.77	0.398479	0.42245	28.388
