***STARTING GEOMETRY:***
xShift: 7.40398
crossingAngle: -38.4968
axialRotation: 23.4902
zShift: 5.14184

Number of MCCycles: 100
PrevSequence	CurrSequence	PrevEnergy	CurrEnergy	PrevEntropy	CurrEntropy	CurrentTemp
RASLLLGLLLGLLLLLLLLLLILI	RASLLLGLLLGLLLALLLLLLILI	125873	125827	1.10094	0.100208	999.684
RASLLLGLLLGLLLALLLLLLILI	RASLLLGLLLGLLWALLLLLLILI	125827	125787	0.388917	0.432574	999.328
RASLLLGLLLGLLWALLLLLLILI	RASLLLGLLLGLLWALLLTLLILI	125787	125781	0.625549	0.252852	998.928
RASLLLGLLLGLLWALLLTLLILI	RASLLLGLLLGLLWTLLLTLLILI	125781	125775	0.122923	0.990994	998.476
RASLLLGLLLGLLWTLLLTLLILI	RASLLLGLLLGLLWTLLLYLLILI	125775	125775	0.538845	0.30482	997.967
RASLLLGLLLGLLWTLLLYLLILI	RASLLLGLLLGLLWTLLLTLLILI	125775	125775	0.30482	0.538845	997.394
RASLLLGLLLGLLWTLLLTLLILI	RASLLLGLLLGLLWTLLSTLLILI	125775	124384	0.594516	0.270077	996.749
RASLLLGLLLGLLWTLLSTLLILI	RASLLLGLLGGLLWTLLSTLLILI	124384	124251	0.254509	0.622452	996.023
RASLLLGLLGGLLWTLLSTLLILI	RASLLLGLLGGLLWTLLATLLILI	124251	124251	0.642213	0.244161	995.205
RASLLLGLLGGLLWTLLATLLILI	RASLLLGLLGGLLWTLLSTLLILI	124251	124251	0.244161	0.642213	994.285
RASLLLGLLGGLLWTLLSTLLILI	RASLLLGLLGGLLWTLLTTLLILI	124250	124251	0.155943	0.865998	993.249
RASLLLGLLGGLLWTLLTTLLILI	RASLLLGLLGGLLWTLLSTLLILI	124251	124250	0.865998	0.155943	992.084
RASLLLGLLGGLLWTLLSTLLILI	RASLLLGLLGGLLYTLLSTLLILI	124250	124250	0.598868	0.267575	990.773
RASLLLGLLGGLLYTLLSTLLILI	RASLLLGLLGGLLYTLLATLLILI	124250	124250	0.642213	0.244161	989.3
RASLLLGLLGGLLYTLLATLLILI	RASLLLGLLGGLLATLLATLLILI	124250	124251	0.532699	0.308996	987.644
RASLLLGLLGGLLATLLATLLILI	RASLLLGLLGGLLYTLLATLLILI	124251	124251	0.308996	0.532699	985.783
RASLLLGLLGGLLYTLLATLLILI	RASLLLGLLGGLLATLLATLLILI	124251	124251	0.532699	0.308996	983.694
RASLLLGLLGGLLATLLATLLILI	RASLLLGLLGGLLYTLLATLLILI	124251	124250	0.308996	0.532699	981.348
RASLLLGLLGGLLYTLLATLLILI	RASLLLGLLGGLLWTLLATLLILI	124250	124251	0.267575	0.598868	978.717
RASLLLGLLGGLLWTLLATLLILI	RASLLLGLLGGLLWYLLATLLILI	124251	124252	0.538845	0.30482	972.463
RASLLLGLLGGLLWYLLATLLILI	RASLLLGLLGGLLWTLLATLLILI	124252	124251	0.30482	0.538845	964.627
RASLLLGLLGGLLWTLLATLLILI	RASLLLGLLGGLLWTLLAYLLILI	124251	124254	0.538845	0.30482	960.005
RASLLLGLLGGLLWTLLAYLLILI	RASLLLGLLGGLLWTLLTYLLILI	124254	124253	0.122923	0.990994	954.846
RASLLLGLLGGLLWTLLTYLLILI	RASLLLGLLGGLLWTLLSYLLILI	124253	124253	0.690823	0.220804	949.095
RASLLLGLLGGLLWTLLSYLLILI	RASLLLGLLGGLLYTLLSYLLILI	124253	124253	0.372136	0.451187	942.693
RASLLLGLLGGLLYTLLSYLLILI	RASLLLGLLGGLLYTLLSTLLILI	124253	124250	0.505042	0.328724	935.578
RASLLLGLLGGLLYTLLSTLLILI	RASLLLGLLGGLLYTLLSYLLILI	124250	124253	0.328724	0.505042	927.683
RASLLLGLLGGLLYTLLSYLLILI	RASLLLGLLGGLLWTLLSYLLILI	124253	124253	0.451187	0.372136	918.939
RASLLLGLLGGLLWTLLSYLLILI	RASLLLGLLGGLLWTLLSTLLILI	124253	124250	0.30482	0.538845	909.276
RASLLLGLLGGLLWTLLSTLLILI	RASLLLGLLGGLLYTLLSTLLILI	124251	124250	0.598868	0.267575	898.621
RASLLLGLLGGLLYTLLSTLLILI	RASLLLGLLGGLLYTLLATLLILI	124250	124250	0.642213	0.244161	874.051
RASLLLGLLGGLLYTLLATLLILI	RASLLLGLLGGLLWTLLATLLILI	124250	124251	0.267575	0.598868	859.999
RASLLLGLLGGLLWTLLATLLILI	RASLLLGLLGGLLWTLLSTLLILI	124251	124251	0.244161	0.642213	844.686
RASLLLGLLGGLLWTLLSTLLILI	RASLLLGLLGGLLWFLLSTLLILI	124251	124252	0.816184	0.171816	828.061
RASLLLGLLGGLLWFLLSTLLILI	RASLLLGLLGGLLWTLLSTLLILI	124252	124251	0.171816	0.816184	810.083
RASLLLGLLGGLLWTLLSTLLILI	RASLLLGLLGGLLWTLLTTLLILI	124250	124251	0.155943	0.865998	769.974
RASLLLGLLGGLLWTLLTTLLILI	RASLLLGLLGGLLYTLLTTLLILI	124250	124249	0.598868	0.267575	747.845
RASLLLGLLGGLLYTLLTTLLILI	RASLLLGLLGGLLYTLLTYLLILI	124250	124252	0.443059	0.379341	724.369
RASLLLGLLGGLLYTLLTYLLILI	RASLLLGLLGGLLYTLLTTLLILI	124252	124250	0.379341	0.443059	699.602
RASLLLGLLGGLLYTLLTTLLILI	RASLLLGLLGGLLWTLLTTLLILI	124249	124250	0.267575	0.598868	673.628
RASLLLGLLGGLLWTLLTTLLILI	RASLLLGLLGGLLWTLLSTLLILI	124251	124250	0.865998	0.155943	646.557
RASLLLGLLGGLLWTLLSTLLILI	RASLLLGLLGGLLWTLLTTLLILI	124250	124251	0.155943	0.865998	618.524
RASLLLGLLGGLLWTLLTTLLILI	RASLLLGLLGGLLWTLLSTLLILI	124251	124250	0.865998	0.155943	589.688
RASLLLGLLGGLLWTLLSTLLILI	RASLLLGLLGGLLWYLLSTLLILI	124250	124251	0.538845	0.30482	560.23
RASLLLGLLGGLLWYLLSTLLILI	RASLLLGLLGGLLWTLLSTLLILI	124251	124250	0.30482	0.538845	500.25
RASLLLGLLGGLLWTLLSTLLILI	RASLLLGLLGGLLYTLLSTLLILI	124251	124250	0.598868	0.267575	440.27
RASLLLGLLGGLLYTLLSTLLILI	RASLLLGLLGGLLYTLLATLLILI	124250	124250	0.642213	0.244161	381.976
RASLLLGLLGGLLYTLLATLLILI	RASLLLGLLGGLLYTLLSTLLILI	124250	124250	0.244161	0.642213	353.943
RASLLLGLLGGLLYTLLSTLLILI	RASLLLGLLGGLLYTLLATLLILI	124250	124250	0.642213	0.244161	276.131
RASLLLGLLGGLLYTLLATLLILI	RASLLLGLLGGLLYTLLSTLLILI	124250	124250	0.244161	0.642213	230.526
RASLLLGLLGGLLYTLLSTLLILI	RASLLLGLLGGLLYTLLATLLILI	124250	124250	0.642213	0.244161	155.814
RASLLLGLLGGLLYTLLATLLILI	RASLLLGLLGGLLYTLLSTLLILI	124250	124250	0.244161	0.642213	126.449
RASLLLGLLGGLLYTLLSTLLILI	RASLLLGLLGGLLATLLSTLLILI	124250	124250	0.80848	0.174433	113.597
RASLLLGLLGGLLATLLSTLLILI	RASLLLGLLGGLLYTLLSTLLILI	124250	124250	0.174433	0.80848	72.8169
RASLLLGLLGGLLYTLLSTLLILI	RASLLLGLLGGLLYTLLATLLILI	124250	124250	0.642213	0.244161	40.495
RASLLLGLLGGLLYTLLATLLILI	RASLLLGLLGGLLYTLLSTLLILI	124250	124250	0.244161	0.642213	24.7321
Time: 150s
