current tilt: 15 current rotation: 0 Energy: -324.078
current tilt: 15 current rotation: 90 Energy: -321.649
current tilt: 15 current rotation: 180 Energy: -323.626
current tilt: 15 current rotation: 270 Energy: -325.737
current tilt: 30 current rotation: 0 Energy: -318.88
current tilt: 30 current rotation: 90 Energy: -309.062
current tilt: 30 current rotation: 180 Energy: -311.184
current tilt: 30 current rotation: 270 Energy: -321.319
current tilt: 45 current rotation: 0 Energy: -309.945
current tilt: 45 current rotation: 90 Energy: -300.637
current tilt: 45 current rotation: 180 Energy: -300.907
current tilt: 45 current rotation: 270 Energy: -312.627
================  ======================  ===============
Interaction Type  Energy                  Interactions   
================  ======================  ===============
CHARMM_IMM1                    13.258406          18082
CHARMM_IMM1REF               -123.743874            130
CHARMM_VDW                    -25.969623          40508
SCWRL4_HBOND                  -28.626760            720
================  ======================  ===============
Total                        -165.081850          59440
================  ======================  ===============

CHARMM_IMM1 26.4377
CHARMM_IMM1REF -247.412
CHARMM_VDW -51.9392
SCWRL4_HBOND -57.2535
