Program Start time: Wed Aug 31 12:19:26 2022

***STARTING GEOMETRY:***
xShift:        9.2
crossingAngle: 25
axialRotation: 40
zShift:        4

Amino acids for design: LEU ALA SER VAL ILE THR TRP TYR PHE GLY
Interface: 
A: {25}LEU-ACE LEU LEU LEU LEU LEU [LEU ALA SER VAL ILE THR TRP TYR PHE GLY] [LEU ALA SER VAL ILE THR TRP TYR PHE GLY] LEU LEU [LEU ALA SER VAL ILE THR TRP TYR PHE GLY] [LEU ALA SER VAL ILE THR TRP TYR PHE GLY] LEU [LEU ALA SER VAL ILE THR TRP TYR PHE GLY] [LEU ALA SER VAL ILE THR TRP TYR PHE GLY] LEU LEU LEU ILE LEU {45}ILE-CT2
B: {25}LEU-ACE LEU LEU LEU LEU LEU [LEU ALA SER VAL ILE THR TRP TYR PHE GLY] [LEU ALA SER VAL ILE THR TRP TYR PHE GLY] LEU LEU [LEU ALA SER VAL ILE THR TRP TYR PHE GLY] [LEU ALA SER VAL ILE THR TRP TYR PHE GLY] LEU [LEU ALA SER VAL ILE THR TRP TYR PHE GLY] [LEU ALA SER VAL ILE THR TRP TYR PHE GLY] LEU LEU LEU ILE LEU {45}ILE-CT2

PolyLeu Backbone:   LLLLLLLLLLLLLLLLLLILI
Variable Positions: 000000110011011000000
Rotamers Levels:    033012103201210230231
Identify Interface finished. Time: Wed Aug 31 12:19:31 2022
Elapsed time of program: 4.71754s/0.0786256min

bblength: 21
rotsize: 42
rotsize/2: 21
Self Consistent Mean Field started. Time: Wed Aug 31 12:19:40 2022
Elapsed time of program: 13.7514s/0.229191min

Running Self Consistent Mean Field
SCMF Time: 0 seconds
Final Combinations: 5.44547e+31
Self Consistent Mean Field finished. Time: Wed Aug 31 12:20:47 2022
Elapsed time of program: 81.0309s/1.35052min

