Cycle 0 converged in 1 cycles with Energy -138.524
State 0 0,0,34,7,7,22,34,28,0,5,2,37,2,2,2,0,0,0
Cycle 1 converged in 2 cycles with Energy -138.484
State 1 0,0,34,7,7,22,2,28,0,1,2,46,2,2,2,0,0,0
Cycle 2 converged in 2 cycles with Energy -138.868
State 2 0,0,34,7,7,22,2,28,0,2,2,37,2,2,2,0,0,0
Cycle 0 converged in 2 cycles with Energy -140.601
State 0 0,0,34,7,7,22,2,28,0,2,2,37,2,2,2,0,0,0
Cycle 1 converged in 2 cycles with Energy -140.601
State 1 0,0,34,7,7,22,2,28,0,2,2,37,2,2,2,0,0,0
Cycle 2 converged in 2 cycles with Energy -140.601
State 2 0,0,34,7,7,22,2,28,0,2,2,37,2,2,2,0,0,0
Cycle 0 converged in 2 cycles with Energy -142.254
State 0 0,0,34,7,7,22,2,28,0,2,2,37,2,2,2,0,0,0
Cycle 1 converged in 1 cycles with Energy -142.254
State 1 0,0,34,7,7,22,2,28,0,2,2,37,2,2,2,0,0,0
Cycle 2 converged in 2 cycles with Energy -142.254
State 2 0,0,34,7,7,22,2,28,0,2,2,37,2,2,2,0,0,0
Cycle 0 converged in 2 cycles with Energy -143.82
State 0 0,0,34,7,7,22,2,28,0,2,2,37,2,2,2,0,0,0
Cycle 1 converged in 2 cycles with Energy -143.82
State 1 0,0,34,7,7,22,2,28,0,2,2,37,2,2,2,0,0,0
Cycle 2 converged in 2 cycles with Energy -143.82
State 2 0,0,34,7,7,22,2,28,0,2,2,37,2,2,2,0,0,0
Cycle 0 converged in 2 cycles with Energy -143.637
State 0 0,0,2,7,7,72,2,28,0,2,2,37,2,2,2,0,0,0
Cycle 1 converged in 2 cycles with Energy -143.232
State 1 0,0,2,7,7,72,2,28,0,1,2,46,2,2,2,0,0,0
Cycle 2 converged in 2 cycles with Energy -144.968
State 2 0,0,34,7,7,22,2,28,0,1,2,46,2,2,2,0,0,0
Cycle 0 converged in 2 cycles with Energy -145.596
State 0 0,0,2,7,7,72,2,28,0,2,2,37,2,2,2,0,0,0
Cycle 1 converged in 2 cycles with Energy -146.636
State 1 0,0,34,7,7,22,2,28,0,1,2,46,2,2,2,0,0,0
Cycle 2 converged in 2 cycles with Energy -145.596
State 2 0,0,2,7,7,72,2,28,0,2,2,37,2,2,2,0,0,0
Cycle 0 converged in 2 cycles with Energy -147.868
State 0 0,0,2,7,7,72,2,28,0,2,2,37,2,2,2,0,0,0
Cycle 1 converged in 2 cycles with Energy -147.463
State 1 0,0,2,7,7,72,2,28,0,1,2,46,2,2,2,0,0,0
Cycle 2 converged in 1 cycles with Energy -147.868
State 2 0,0,2,7,7,72,2,28,0,2,2,37,2,2,2,0,0,0
Cycle 0 converged in 2 cycles with Energy -150.904
State 0 0,0,34,7,7,22,2,28,0,2,2,37,2,2,2,0,0,0
Cycle 1 converged in 1 cycles with Energy -149.697
State 1 0,0,2,34,7,72,5,28,0,2,2,37,2,2,2,0,0,0
Cycle 2 converged in 2 cycles with Energy -149.279
State 2 0,0,2,34,7,72,5,28,0,1,2,46,2,2,2,0,0,0
Cycle 0 converged in 2 cycles with Energy -152.904
State 0 0,0,34,7,7,22,2,28,0,2,2,37,2,2,2,0,0,0
Cycle 1 converged in 2 cycles with Energy -151.992
State 1 0,0,2,7,34,72,2,5,0,2,2,37,2,2,2,0,0,0
Cycle 2 converged in 2 cycles with Energy -152.066
State 2 0,0,34,7,7,22,2,28,0,34,28,46,5,2,2,0,0,0
Cycle 0 converged in 2 cycles with Energy -154.581
State 0 0,0,2,7,7,72,2,28,0,2,2,37,2,2,2,0,0,0
Cycle 1 converged in 2 cycles with Energy -154.253
State 1 0,0,34,7,34,22,2,5,0,2,2,37,2,2,2,0,0,0
Cycle 2 converged in 2 cycles with Energy -154.581
State 2 0,0,2,7,7,72,2,28,0,2,2,37,2,2,2,0,0,0
Cycle 0 converged in 2 cycles with Energy -156.401
State 0 0,0,2,7,7,72,2,28,0,2,2,37,2,2,2,0,0,0
Cycle 1 converged in 2 cycles with Energy -155.843
State 1 0,0,2,34,7,72,5,28,0,2,2,37,2,2,2,0,0,0
Cycle 2 converged in 2 cycles with Energy -155.862
State 2 0,0,2,7,34,72,2,5,0,2,2,37,2,2,2,0,0,0
Cycle 0 converged in 1 cycles with Energy -158.061
State 0 0,0,34,7,7,22,2,28,0,2,2,37,2,2,2,0,0,0
Cycle 1 converged in 2 cycles with Energy -157.398
State 1 0,0,2,34,7,72,5,28,0,2,2,37,2,2,2,0,0,0
Cycle 2 converged in 1 cycles with Energy -157.194
State 2 0,0,2,6,7,72,34,28,0,5,2,37,2,2,2,0,0,0
Cycle 0 converged in 2 cycles with Energy -156.831
State 0 0,0,2,7,7,72,2,28,0,2,2,37,2,2,2,0,0,0
Cycle 1 converged in 2 cycles with Energy -156.293
State 1 0,0,2,7,34,72,2,5,0,2,2,37,2,2,2,0,0,0
Cycle 2 converged in 4 cycles with Energy -156.075
State 2 0,0,34,7,7,22,2,28,0,34,28,46,5,2,2,0,0,0
Cycle 0 converged in 2 cycles with Energy -155.892
State 0 0,0,2,7,7,72,2,28,0,2,2,37,2,2,2,0,0,0
Cycle 1 converged in 2 cycles with Energy -155.892
State 1 0,0,2,7,7,72,2,28,0,2,2,37,2,2,2,0,0,0
Cycle 2 converged in 2 cycles with Energy -155.061
State 2 0,0,2,7,7,72,2,28,0,34,28,46,5,2,2,0,0,0
Cycle 0 converged in 2 cycles with Energy -156.711
State 0 0,0,34,7,7,22,2,28,0,2,2,37,2,2,2,0,0,0
Cycle 1 converged in 2 cycles with Energy -155.857
State 1 0,0,2,6,7,72,34,28,0,5,2,37,2,2,2,0,0,0
Cycle 2 converged in 3 cycles with Energy -155.725
State 2 0,0,2,34,7,72,5,28,0,1,2,46,2,2,2,0,0,0
Cycle 0 converged in 2 cycles with Energy -157.61
State 0 0,0,2,7,7,72,2,28,0,2,2,37,2,2,2,0,0,0
Cycle 1 converged in 1 cycles with Energy -156.881
State 1 0,0,34,34,7,22,5,28,0,1,2,46,2,2,2,0,0,0
Cycle 2 converged in 2 cycles with Energy -157.61
State 2 0,0,2,7,7,72,2,28,0,2,2,37,2,2,2,0,0,0
Cycle 0 converged in 2 cycles with Energy -154.307
State 0 0,0,34,7,7,22,2,28,0,2,2,37,2,2,2,0,0,0
Cycle 1 converged in 2 cycles with Energy -154.203
State 1 0,0,2,7,7,72,2,28,0,2,2,37,2,2,2,0,0,0
Cycle 2 converged in 2 cycles with Energy -153.644
State 2 0,0,2,34,7,72,5,28,0,2,2,37,2,2,2,0,0,0
Cycle 0 converged in 2 cycles with Energy -149.598
State 0 0,0,2,7,7,72,2,28,0,2,2,37,2,2,2,0,0,0
Cycle 1 converged in 2 cycles with Energy -148.801
State 1 0,0,34,34,7,22,34,28,0,5,2,37,2,2,2,0,0,0
Cycle 2 converged in 2 cycles with Energy -149.598
State 2 0,0,2,7,7,72,2,28,0,2,2,37,2,2,2,0,0,0
Cycle 0 converged in 2 cycles with Energy -150.453
State 0 0,0,34,7,7,22,2,28,0,2,2,37,2,2,2,0,0,0
Cycle 1 converged in 2 cycles with Energy -150.366
State 1 0,0,2,7,7,72,2,28,0,2,2,37,2,2,2,0,0,0
Cycle 2 converged in 3 cycles with Energy -150.125
State 2 0,0,34,7,7,22,2,28,0,1,2,46,2,2,2,0,0,0
Cycle 0 converged in 2 cycles with Energy -155.398
State 0 0,0,34,7,7,22,2,28,0,2,2,37,2,2,2,0,0,0
Cycle 1 converged in 2 cycles with Energy -154.767
State 1 0,0,2,7,34,72,2,5,0,2,2,37,2,2,2,0,0,0
Cycle 2 converged in 2 cycles with Energy -154.767
State 2 0,0,2,7,34,72,2,5,0,2,2,37,2,2,2,0,0,0
Cycle 0 converged in 2 cycles with Energy -149.82
State 0 0,0,34,7,7,22,2,28,0,2,2,37,2,2,2,0,0,0
Cycle 1 converged in 3 cycles with Energy -149.412
State 1 0,0,34,7,7,22,2,28,0,1,2,46,2,2,2,0,0,0
Cycle 2 converged in 2 cycles with Energy -149.31
State 2 0,0,34,34,7,22,5,28,0,2,2,37,2,2,2,0,0,0
Cycle 0 converged in 2 cycles with Energy -145.226
State 0 0,0,34,7,7,22,2,28,0,2,2,37,2,2,2,0,0,0
Cycle 1 converged in 2 cycles with Energy -145.226
State 1 0,0,34,7,7,22,2,28,0,2,2,37,2,2,2,0,0,0
Cycle 2 converged in 2 cycles with Energy -145.139
State 2 0,0,2,7,7,72,2,28,0,2,2,37,2,2,2,0,0,0
Cycle 0 converged in 1 cycles with Energy -145.336
State 0 0,0,2,7,7,72,2,28,0,2,2,37,2,2,2,0,0,0
Cycle 1 converged in 2 cycles with Energy -144.778
State 1 0,0,2,34,7,72,5,28,0,2,2,37,2,2,2,0,0,0
Cycle 2 converged in 2 cycles with Energy -145.336
State 2 0,0,2,7,7,72,2,28,0,2,2,37,2,2,2,0,0,0
Cycle 0 converged in 2 cycles with Energy -150.946
State 0 0,0,34,7,7,22,2,28,0,2,2,37,2,2,2,0,0,0
Cycle 1 converged in 1 cycles with Energy -150.404
State 1 0,0,34,7,34,22,2,5,0,2,2,37,2,2,2,0,0,0
Cycle 2 converged in 2 cycles with Energy -150.946
State 2 0,0,34,7,7,22,2,28,0,2,2,37,2,2,2,0,0,0
Cycle 0 converged in 1 cycles with Energy -157.835
State 0 0,0,34,7,7,22,2,28,0,2,2,37,2,2,2,0,0,0
Cycle 1 converged in 1 cycles with Energy -156.965
State 1 0,0,2,6,7,72,34,28,0,5,2,37,2,2,2,0,0,0
Cycle 2 converged in 2 cycles with Energy -157.188
State 2 0,0,2,7,34,72,2,5,0,2,2,37,2,2,2,0,0,0
Cycle 0 converged in 2 cycles with Energy -158.137
State 0 0,0,34,7,7,22,2,28,0,2,2,37,2,2,2,0,0,0
Cycle 1 converged in 2 cycles with Energy -158.035
State 1 0,0,2,7,7,72,2,28,0,2,2,37,2,2,2,0,0,0
Cycle 2 converged in 3 cycles with Energy -157.63
State 2 0,0,34,34,7,22,5,28,0,2,2,37,2,2,2,0,0,0
Cycle 0 converged in 2 cycles with Energy -158.14
State 0 0,0,34,7,7,22,2,28,0,2,2,37,2,2,2,0,0,0
Cycle 1 converged in 2 cycles with Energy -157.5
State 1 0,0,2,7,34,72,2,5,0,2,2,37,2,2,2,0,0,0
Cycle 2 converged in 1 cycles with Energy -157.454
State 2 0,0,29,7,34,1,2,5,0,2,2,37,2,2,2,0,0,0
Cycle 0 converged in 2 cycles with Energy -158.205
State 0 0,0,34,7,7,22,2,28,0,2,2,37,2,2,2,0,0,0
Cycle 1 converged in 2 cycles with Energy -157.232
State 1 0,0,2,7,34,72,2,5,0,1,2,46,2,2,2,0,0,0
Cycle 2 converged in 2 cycles with Energy -157.304
State 2 0,0,29,6,7,1,34,28,0,5,2,37,2,2,2,0,0,0
Cycle 0 converged in 2 cycles with Energy -158.275
State 0 0,0,2,7,7,72,2,28,0,2,2,37,2,2,2,0,0,0
Cycle 1 converged in 2 cycles with Energy -157.506
State 1 0,0,34,34,7,22,5,28,0,1,2,46,2,2,2,0,0,0
Cycle 2 converged in 2 cycles with Energy -158.375
State 2 0,0,34,7,7,22,2,28,0,2,2,37,2,2,2,0,0,0
Cycle 0 converged in 2 cycles with Energy -158.451
State 0 0,0,2,7,7,72,2,28,0,2,2,37,2,2,2,0,0,0
Cycle 1 converged in 1 cycles with Energy -158.451
State 1 0,0,2,7,7,72,2,28,0,2,2,37,2,2,2,0,0,0
Cycle 2 converged in 2 cycles with Energy -158.451
State 2 0,0,2,7,7,72,2,28,0,2,2,37,2,2,2,0,0,0
Cycle 0 converged in 2 cycles with Energy -158.855
State 0 0,0,34,7,7,22,2,28,0,2,2,37,2,2,2,0,0,0
Cycle 1 converged in 1 cycles with Energy -158.202
State 1 0,0,2,34,7,72,5,28,0,2,2,37,2,2,2,0,0,0
Cycle 2 converged in 2 cycles with Energy -158.524
State 2 0,0,34,7,7,22,2,28,0,1,2,46,2,2,2,0,0,0
Cycle 0 converged in 2 cycles with Energy -158.907
State 0 0,0,2,7,7,72,2,28,0,2,2,37,2,2,2,0,0,0
Cycle 1 converged in 2 cycles with Energy -158.459
State 1 0,0,34,7,34,22,2,5,0,2,2,37,2,2,2,0,0,0
Cycle 2 converged in 2 cycles with Energy -158.349
State 2 0,0,2,34,7,72,5,28,0,2,2,37,2,2,2,0,0,0
Cycle 0 converged in 2 cycles with Energy -159.034
State 0 0,0,2,7,7,72,2,28,0,2,2,37,2,2,2,0,0,0
Cycle 1 converged in 2 cycles with Energy -159.127
State 1 0,0,34,7,7,22,2,28,0,2,2,37,2,2,2,0,0,0
Cycle 2 converged in 1 cycles with Energy -158.476
State 2 0,0,2,34,7,72,5,28,0,2,2,37,2,2,2,0,0,0
Cycle 0 converged in 2 cycles with Energy -159.357
State 0 0,0,2,7,7,72,2,28,0,2,2,37,2,2,2,0,0,0
Cycle 1 converged in 2 cycles with Energy -159.357
State 1 0,0,2,7,7,72,2,28,0,2,2,37,2,2,2,0,0,0
Cycle 2 converged in 2 cycles with Energy -158.628
State 2 0,0,2,7,7,72,2,28,0,34,28,46,5,2,2,0,0,0
Cycle 0 converged in 2 cycles with Energy -159.303
State 0 0,0,34,7,7,22,2,28,0,2,2,37,2,2,2,0,0,0
Cycle 1 converged in 2 cycles with Energy -158.45
State 1 0,0,2,6,7,72,34,28,0,5,2,37,2,2,2,0,0,0
Cycle 2 converged in 2 cycles with Energy -159.303
State 2 0,0,34,7,7,22,2,28,0,2,2,37,2,2,2,0,0,0
Cycle 0 converged in 1 cycles with Energy -159.598
State 0 0,0,2,7,7,72,2,28,0,2,2,37,2,2,2,0,0,0
Cycle 1 converged in 2 cycles with Energy -158.997
State 1 0,0,34,7,7,22,2,28,0,34,28,46,5,2,2,0,0,0
Cycle 2 converged in 2 cycles with Energy -158.397
State 2 0,0,2,7,34,72,2,5,0,34,28,46,5,2,2,0,0,0
Cycle 0 converged in 1 cycles with Energy -159.65
State 0 0,0,2,7,7,72,2,28,0,2,2,37,2,2,2,0,0,0
Cycle 1 converged in 2 cycles with Energy -159.197
State 1 0,0,34,7,34,22,2,5,0,2,2,37,2,2,2,0,0,0
Cycle 2 converged in 1 cycles with Energy -159.739
State 2 0,0,34,7,7,22,2,28,0,2,2,37,2,2,2,0,0,0
Cycle 0 converged in 1 cycles with Energy -159.634
State 0 0,0,2,7,7,72,2,28,0,2,2,37,2,2,2,0,0,0
Cycle 1 converged in 1 cycles with Energy -159.576
State 1 0,0,29,7,7,1,2,28,0,2,2,37,2,2,2,0,0,0
Cycle 2 converged in 2 cycles with Energy -159.415
State 2 0,0,2,7,7,72,2,28,0,1,2,46,2,2,2,0,0,0
Cycle 0 converged in 2 cycles with Energy -159.676
State 0 0,0,2,7,7,72,2,28,0,2,2,37,2,2,2,0,0,0
Cycle 1 converged in 1 cycles with Energy -159.258
State 1 0,0,34,34,7,22,5,28,0,2,2,37,2,2,2,0,0,0
Cycle 2 converged in 3 cycles with Energy -158.701
State 2 0,0,34,34,34,22,5,5,0,2,2,37,2,2,2,0,0,0
Cycle 0 converged in 2 cycles with Energy -159.729
State 0 0,0,34,7,7,22,2,28,0,2,2,37,2,2,2,0,0,0
Cycle 1 converged in 2 cycles with Energy -158.9
State 1 0,0,2,7,34,72,2,5,0,1,2,46,2,2,2,0,0,0
Cycle 2 converged in 2 cycles with Energy -158.529
State 2 0,0,2,34,34,72,5,5,0,2,2,37,2,2,2,0,0,0
Cycle 0 converged in 2 cycles with Energy -159.644
State 0 0,0,2,7,7,72,2,28,0,2,2,37,2,2,2,0,0,0
Cycle 1 converged in 2 cycles with Energy -159.644
State 1 0,0,2,7,7,72,2,28,0,2,2,37,2,2,2,0,0,0
Cycle 2 converged in 3 cycles with Energy -159.733
State 2 0,0,34,7,7,22,2,28,0,2,2,37,2,2,2,0,0,0
Cycle 0 converged in 2 cycles with Energy -159.631
State 0 0,0,2,7,7,72,2,28,0,2,2,37,2,2,2,0,0,0
Cycle 1 converged in 2 cycles with Energy -158.835
State 1 0,0,2,34,7,72,5,28,0,1,2,46,2,2,2,0,0,0
Cycle 2 converged in 2 cycles with Energy -159.72
State 2 0,0,34,7,7,22,2,28,0,2,2,37,2,2,2,0,0,0
Cycle 0 converged in 2 cycles with Energy -159.654
State 0 0,0,2,7,7,72,2,28,0,2,2,37,2,2,2,0,0,0
Cycle 1 converged in 1 cycles with Energy -159.2
State 1 0,0,34,7,34,22,2,5,0,2,2,37,2,2,2,0,0,0
Cycle 2 converged in 2 cycles with Energy -159.742
State 2 0,0,34,7,7,22,2,28,0,2,2,37,2,2,2,0,0,0
Cycle 0 converged in 2 cycles with Energy -159.842
State 0 0,0,34,7,7,22,2,28,0,2,2,37,2,2,2,0,0,0
Cycle 1 converged in 2 cycles with Energy -159.694
State 1 0,0,29,7,7,1,2,28,0,2,2,37,2,2,2,0,0,0
Cycle 2 converged in 3 cycles with Energy -159.842
State 2 0,0,34,7,7,22,2,28,0,2,2,37,2,2,2,0,0,0
Cycle 0 converged in 2 cycles with Energy -159.77
State 0 0,0,2,7,7,72,2,28,0,2,2,37,2,2,2,0,0,0
Cycle 1 converged in 2 cycles with Energy -159.77
State 1 0,0,2,7,7,72,2,28,0,2,2,37,2,2,2,0,0,0
Cycle 2 converged in 2 cycles with Energy -159.77
State 2 0,0,2,7,7,72,2,28,0,2,2,37,2,2,2,0,0,0
Cycle 0 converged in 2 cycles with Energy -159.984
State 0 0,0,34,7,7,22,2,28,0,2,2,37,2,2,2,0,0,0
Cycle 1 converged in 3 cycles with Energy -159.297
State 1 0,0,34,34,7,22,5,28,0,1,2,46,2,2,2,0,0,0
Cycle 2 converged in 1 cycles with Energy -159.896
State 2 0,0,2,7,7,72,2,28,0,2,2,37,2,2,2,0,0,0
Cycle 0 converged in 2 cycles with Energy -160.15
State 0 0,0,2,7,7,72,2,28,0,2,2,50,2,2,2,0,0,0
Cycle 1 converged in 4 cycles with Energy -159.655
State 1 0,0,34,7,7,22,2,28,0,34,28,46,5,2,2,0,0,0
Cycle 2 converged in 2 cycles with Energy -159.5
State 2 0,0,2,7,34,72,2,5,0,1,2,46,2,2,2,0,0,0
Cycle 0 converged in 2 cycles with Energy -160.36
State 0 0,0,34,7,7,22,2,28,0,2,2,50,2,2,2,0,0,0
Cycle 1 converged in 1 cycles with Energy -159.53
State 1 0,0,29,34,7,1,5,28,0,36,28,46,2,2,2,0,0,0
Cycle 2 converged in 3 cycles with Energy -160.133
State 2 0,0,2,7,7,72,2,28,0,36,28,46,2,2,2,0,0,0
Cycle 0 converged in 2 cycles with Energy -160.476
State 0 0,0,34,7,7,22,2,28,0,2,2,50,2,2,2,0,0,0
Cycle 1 converged in 4 cycles with Energy -160.476
State 1 0,0,34,7,7,22,2,28,0,2,2,50,2,2,2,0,0,0
Cycle 2 converged in 2 cycles with Energy -159.618
State 2 0,0,2,6,7,72,34,28,0,5,2,50,2,2,2,0,0,0
Cycle 0 converged in 2 cycles with Energy -160.49
State 0 0,0,34,7,7,22,2,28,0,2,2,50,2,2,2,0,0,0
Cycle 1 converged in 2 cycles with Energy -160.401
State 1 0,0,2,7,7,72,2,28,0,2,2,50,2,2,2,0,0,0
Cycle 2 converged in 2 cycles with Energy -160.401
State 2 0,0,2,7,7,72,2,28,0,2,2,50,2,2,2,0,0,0
Cycle 0 converged in 1 cycles with Energy -160.748
State 0 0,0,34,7,7,22,2,28,0,2,2,50,2,2,2,0,0,0
Cycle 1 converged in 3 cycles with Energy -160.243
State 1 0,0,34,34,7,22,5,28,0,2,2,50,2,2,2,0,0,0
Cycle 2 converged in 3 cycles with Energy -160.243
State 2 0,0,34,34,7,22,5,28,0,2,2,50,2,2,2,0,0,0
Cycle 0 converged in 1 cycles with Energy -160.792
State 0 0,0,34,7,7,22,2,28,0,2,2,50,2,2,2,0,0,0
Cycle 1 converged in 3 cycles with Energy -159.558
State 1 0,0,2,34,7,72,5,28,0,34,28,46,5,2,2,0,0,0
Cycle 2 converged in 2 cycles with Energy -159.933
State 2 0,0,2,6,7,72,34,28,0,5,2,50,2,2,2,0,0,0
Cycle 0 converged in 2 cycles with Energy -160.709
State 0 0,0,2,7,7,72,2,28,0,2,2,50,2,2,2,0,0,0
Cycle 1 converged in 2 cycles with Energy -160.292
State 1 0,0,34,34,7,22,5,28,0,2,2,50,2,2,2,0,0,0
Cycle 2 converged in 3 cycles with Energy -160.578
State 2 0,0,2,7,7,72,2,28,0,36,28,46,2,2,2,0,0,0
