Cycle 0 converged in 1 cycles with Energy -143.68
State 0 0,0,34,7,7,22,34,28,0,5,2,8,37,2,2,2,0,0,0
Cycle 1 converged in 2 cycles with Energy -144.023
State 1 0,0,34,7,7,22,2,28,0,2,2,8,37,2,2,2,0,0,0
Cycle 2 converged in 2 cycles with Energy -143.68
State 2 0,0,34,7,7,22,34,28,0,5,2,8,37,2,2,2,0,0,0
Cycle 0 converged in 2 cycles with Energy -145.757
State 0 0,0,34,7,7,22,2,28,0,2,2,8,37,2,2,2,0,0,0
Cycle 1 converged in 1 cycles with Energy -145.757
State 1 0,0,34,7,7,22,2,28,0,2,2,8,37,2,2,2,0,0,0
Cycle 2 converged in 1 cycles with Energy -145.757
State 2 0,0,34,7,7,22,2,28,0,2,2,8,37,2,2,2,0,0,0
Cycle 0 converged in 2 cycles with Energy -147.411
State 0 0,0,34,7,7,22,2,28,0,2,2,8,37,2,2,2,0,0,0
Cycle 1 converged in 3 cycles with Energy -147.411
State 1 0,0,34,7,7,22,2,28,0,2,2,8,37,2,2,2,0,0,0
Cycle 2 converged in 3 cycles with Energy -147.411
State 2 0,0,34,7,7,22,2,28,0,2,2,8,37,2,2,2,0,0,0
Cycle 0 converged in 1 cycles with Energy -148.977
State 0 0,0,34,7,7,22,2,28,0,2,2,8,37,2,2,2,0,0,0
Cycle 1 converged in 2 cycles with Energy -148.375
State 1 0,0,34,34,7,22,5,28,0,2,2,8,37,2,2,2,0,0,0
Cycle 2 converged in 2 cycles with Energy -148.977
State 2 0,0,34,7,7,22,2,28,0,2,2,8,37,2,2,2,0,0,0
Cycle 0 converged in 2 cycles with Energy -150.533
State 0 0,0,34,7,7,22,2,28,0,2,2,8,37,2,2,2,0,0,0
Cycle 1 converged in 2 cycles with Energy -148.325
State 1 0,0,2,7,7,72,2,28,0,1,2,8,46,2,2,2,0,0,0
Cycle 2 converged in 2 cycles with Energy -150.533
State 2 0,0,34,7,7,22,2,28,0,2,2,8,37,2,2,2,0,0,0
Cycle 0 converged in 2 cycles with Energy -150.716
State 0 0,0,2,7,7,72,2,28,0,2,2,8,37,2,2,2,0,0,0
Cycle 1 converged in 2 cycles with Energy -152.201
State 1 0,0,34,7,7,22,2,28,0,2,2,8,37,2,2,2,0,0,0
Cycle 2 converged in 2 cycles with Energy -150.137
State 2 0,0,2,34,7,72,5,28,0,2,2,8,37,2,2,2,0,0,0
Cycle 0 converged in 1 cycles with Energy -152.988
State 0 0,0,2,7,7,72,2,28,0,2,2,8,37,2,2,2,0,0,0
Cycle 1 converged in 1 cycles with Energy -152.977
State 1 0,0,34,34,34,22,5,5,0,2,2,8,37,2,2,2,0,0,0
Cycle 2 converged in 2 cycles with Energy -152.988
State 2 0,0,2,7,7,72,2,28,0,2,2,8,37,2,2,2,0,0,0
Cycle 0 converged in 2 cycles with Energy -156.06
State 0 0,0,34,7,7,22,2,28,0,2,2,8,37,2,2,2,0,0,0
Cycle 1 converged in 3 cycles with Energy -155.103
State 1 0,0,34,34,7,22,5,28,0,1,2,8,46,2,2,2,0,0,0
Cycle 2 converged in 2 cycles with Energy -155.625
State 2 0,0,34,7,7,22,2,28,0,1,2,8,46,2,2,2,0,0,0
Cycle 0 converged in 2 cycles with Energy -157.65
State 0 0,0,2,7,7,72,2,28,0,2,2,8,37,2,2,2,0,0,0
Cycle 1 converged in 2 cycles with Energy -157.65
State 1 0,0,2,7,7,72,2,28,0,2,2,8,37,2,2,2,0,0,0
Cycle 2 converged in 2 cycles with Energy -156.653
State 2 0,0,34,7,34,22,2,5,0,34,28,8,46,5,2,2,0,0,0
Cycle 0 converged in 2 cycles with Energy -159.943
State 0 0,0,34,7,7,22,2,28,0,2,2,8,37,2,2,2,0,0,0
Cycle 1 converged in 3 cycles with Energy -159.943
State 1 0,0,34,7,7,22,2,28,0,2,2,8,37,2,2,2,0,0,0
Cycle 2 converged in 2 cycles with Energy -158.812
State 2 0,0,2,7,7,72,2,28,0,34,28,8,46,5,2,2,0,0,0
Cycle 0 converged in 2 cycles with Energy -161.667
State 0 0,0,34,7,7,22,2,28,0,2,2,8,37,2,2,2,0,0,0
Cycle 1 converged in 2 cycles with Energy -161.493
State 1 0,0,2,7,7,72,2,28,0,2,2,8,37,2,2,2,0,0,0
Cycle 2 converged in 2 cycles with Energy -161.493
State 2 0,0,2,7,7,72,2,28,0,2,2,8,37,2,2,2,0,0,0
Cycle 0 converged in 2 cycles with Energy -162.997
State 0 0,0,2,7,7,72,2,28,0,2,2,8,37,2,2,2,0,0,0
Cycle 1 converged in 3 cycles with Energy -162.997
State 1 0,0,2,7,7,72,2,28,0,2,2,8,37,2,2,2,0,0,0
Cycle 2 converged in 2 cycles with Energy -162.956
State 2 0,0,29,7,7,1,2,28,0,2,2,8,37,2,2,2,0,0,0
Cycle 0 converged in 2 cycles with Energy -162.039
State 0 0,0,34,7,7,22,2,28,0,2,2,8,37,2,2,2,0,0,0
Cycle 1 converged in 1 cycles with Energy -161.891
State 1 0,0,2,7,7,72,2,28,0,2,2,8,37,2,2,2,0,0,0
Cycle 2 converged in 2 cycles with Energy -161.497
State 2 0,0,34,7,34,22,2,5,0,2,2,8,37,2,2,2,0,0,0
Cycle 0 converged in 2 cycles with Energy -160.825
State 0 0,0,2,7,7,72,2,28,0,2,2,8,37,2,2,2,0,0,0
Cycle 1 converged in 1 cycles with Energy -160.825
State 1 0,0,2,7,7,72,2,28,0,2,2,8,37,2,2,2,0,0,0
Cycle 2 converged in 3 cycles with Energy -160.825
State 2 0,0,2,7,7,72,2,28,0,2,2,8,37,2,2,2,0,0,0
Cycle 0 converged in 2 cycles with Energy -161.813
State 0 0,0,34,7,7,22,2,28,0,2,2,8,37,2,2,2,0,0,0
Cycle 1 converged in 2 cycles with Energy -161.461
State 1 0,0,34,7,7,22,2,28,0,1,2,8,46,2,2,2,0,0,0
Cycle 2 converged in 2 cycles with Energy -161.813
State 2 0,0,34,7,7,22,2,28,0,2,2,8,37,2,2,2,0,0,0
Cycle 0 converged in 2 cycles with Energy -162.868
State 0 0,0,34,7,7,22,2,28,0,2,2,8,37,2,2,2,0,0,0
Cycle 1 converged in 1 cycles with Energy -161.968
State 1 0,0,2,6,7,72,34,28,0,5,2,8,37,2,2,2,0,0,0
Cycle 2 converged in 1 cycles with Energy -162.868
State 2 0,0,34,7,7,22,2,28,0,2,2,8,37,2,2,2,0,0,0
Cycle 0 converged in 2 cycles with Energy -159.44
State 0 0,0,34,7,7,22,2,28,0,2,2,8,37,2,2,2,0,0,0
Cycle 1 converged in 2 cycles with Energy -158.484
State 1 0,0,34,34,7,22,5,28,0,1,2,8,46,2,2,2,0,0,0
Cycle 2 converged in 2 cycles with Energy -158.932
State 2 0,0,34,34,7,22,5,28,0,2,2,8,37,2,2,2,0,0,0
Cycle 0 converged in 2 cycles with Energy -154.531
State 0 0,0,34,7,7,22,2,28,0,2,2,8,37,2,2,2,0,0,0
Cycle 1 converged in 2 cycles with Energy -154.404
State 1 0,0,2,7,7,72,2,28,0,2,2,8,37,2,2,2,0,0,0
Cycle 2 converged in 2 cycles with Energy -154.404
State 2 0,0,2,7,7,72,2,28,0,2,2,8,37,2,2,2,0,0,0
Cycle 0 converged in 2 cycles with Energy -155.468
State 0 0,0,2,7,7,72,2,28,0,2,2,8,37,2,2,2,0,0,0
Cycle 1 converged in 2 cycles with Energy -155.085
State 1 0,0,34,34,7,22,5,28,0,2,2,8,37,2,2,2,0,0,0
Cycle 2 converged in 2 cycles with Energy -155.592
State 2 0,0,34,7,7,22,2,28,0,2,2,8,37,2,2,2,0,0,0
Cycle 0 converged in 2 cycles with Energy -160.531
State 0 0,0,2,7,7,72,2,28,0,2,2,8,37,2,2,2,0,0,0
Cycle 1 converged in 2 cycles with Energy -160.167
State 1 0,0,29,7,7,1,2,2,0,38,2,8,46,2,2,2,0,0,0
Cycle 2 converged in 3 cycles with Energy -160.66
State 2 0,0,34,7,7,22,2,28,0,2,2,8,37,2,2,2,0,0,0
Cycle 0 converged in 2 cycles with Energy -154.973
State 0 0,0,34,7,7,22,2,28,0,2,2,8,37,2,2,2,0,0,0
Cycle 1 converged in 2 cycles with Energy -154.283
State 1 0,0,2,34,7,72,5,28,0,2,2,8,37,2,2,2,0,0,0
Cycle 2 converged in 2 cycles with Energy -154.844
State 2 0,0,2,7,7,72,2,28,0,2,2,8,37,2,2,2,0,0,0
Cycle 0 converged in 2 cycles with Energy -150.195
State 0 0,0,2,7,7,72,2,28,0,2,2,8,37,2,2,2,0,0,0
Cycle 1 converged in 2 cycles with Energy -150.318
State 1 0,0,34,7,7,22,2,28,0,2,2,8,37,2,2,2,0,0,0
Cycle 2 converged in 2 cycles with Energy -149.16
State 2 0,0,29,34,7,1,5,28,0,1,2,8,46,2,2,2,0,0,0
Cycle 0 converged in 2 cycles with Energy -150.453
State 0 0,0,2,7,7,72,2,28,0,2,2,8,37,2,2,2,0,0,0
Cycle 1 converged in 2 cycles with Energy -149.542
State 1 0,0,2,7,34,72,2,5,0,1,2,8,46,2,2,2,0,0,0
Cycle 2 converged in 1 cycles with Energy -149.915
State 2 0,0,2,7,34,72,2,5,0,2,2,8,37,2,2,2,0,0,0
Cycle 0 converged in 2 cycles with Energy -156.19
State 0 0,0,2,7,7,72,2,28,0,2,2,8,37,2,2,2,0,0,0
Cycle 1 converged in 1 cycles with Energy -156.314
State 1 0,0,34,7,7,22,2,28,0,2,2,8,37,2,2,2,0,0,0
Cycle 2 converged in 3 cycles with Energy -155.108
State 2 0,0,29,7,7,1,2,28,0,34,2,8,46,24,2,2,0,0,0
Cycle 0 converged in 1 cycles with Energy -162.997
State 0 0,0,2,7,7,72,2,28,0,2,2,8,37,2,2,2,0,0,0
Cycle 1 converged in 2 cycles with Energy -162.568
State 1 0,0,29,7,7,1,2,28,0,1,2,8,46,2,2,2,0,0,0
Cycle 2 converged in 1 cycles with Energy -162.997
State 2 0,0,2,7,7,72,2,28,0,2,2,8,37,2,2,2,0,0,0
Cycle 0 converged in 2 cycles with Energy -163.191
State 0 0,0,2,7,7,72,2,28,0,2,2,8,37,2,2,2,0,0,0
Cycle 1 converged in 2 cycles with Energy -162.427
State 1 0,0,34,34,7,22,5,28,0,1,2,8,46,2,2,2,0,0,0
Cycle 2 converged in 3 cycles with Energy -163.191
State 2 0,0,2,7,7,72,2,28,0,2,2,8,37,2,2,2,0,0,0
Cycle 0 converged in 2 cycles with Energy -163.199
State 0 0,0,2,7,7,72,2,28,0,2,2,8,37,2,2,2,0,0,0
Cycle 1 converged in 3 cycles with Energy -162.822
State 1 0,0,2,7,7,72,2,28,0,1,2,8,46,2,2,2,0,0,0
Cycle 2 converged in 1 cycles with Energy -162.617
State 2 0,0,29,7,34,1,2,5,0,2,2,8,37,2,2,2,0,0,0
Cycle 0 converged in 2 cycles with Energy -163.58
State 0 0,0,34,7,7,22,2,28,0,2,2,8,37,2,2,2,0,0,0
Cycle 1 converged in 2 cycles with Energy -162.566
State 1 0,0,2,7,34,72,2,5,0,1,2,8,46,2,2,2,0,0,0
Cycle 2 converged in 1 cycles with Energy -163.446
State 2 0,0,2,7,7,72,2,28,0,2,2,8,37,2,2,2,0,0,0
Cycle 0 converged in 2 cycles with Energy -163.72
State 0 0,0,2,7,7,72,2,28,0,2,2,8,37,2,2,2,0,0,0
Cycle 1 converged in 1 cycles with Energy -163.344
State 1 0,0,34,34,7,22,5,28,0,2,2,8,37,2,2,2,0,0,0
Cycle 2 converged in 2 cycles with Energy -163.67
State 2 0,0,29,7,7,1,2,28,0,2,2,8,37,2,2,2,0,0,0
Cycle 0 converged in 2 cycles with Energy -164.056
State 0 0,0,34,7,7,22,2,28,0,2,2,8,37,2,2,2,0,0,0
Cycle 1 converged in 2 cycles with Energy -163.369
State 1 0,0,2,34,7,72,5,28,0,2,2,8,37,2,2,2,0,0,0
Cycle 2 converged in 2 cycles with Energy -163.729
State 2 0,0,34,7,7,22,2,28,0,1,2,8,46,2,2,2,0,0,0
Cycle 0 converged in 1 cycles with Energy -164.108
State 0 0,0,2,7,7,72,2,28,0,2,2,8,37,2,2,2,0,0,0
Cycle 1 converged in 3 cycles with Energy -163.55
State 1 0,0,2,34,7,72,5,28,0,2,2,8,37,2,2,2,0,0,0
Cycle 2 converged in 1 cycles with Energy -163.939
State 2 0,0,34,7,7,22,2,28,0,1,2,8,46,2,2,2,0,0,0
Cycle 0 converged in 2 cycles with Energy -164.099
State 0 0,0,34,7,7,22,2,28,0,2,2,8,37,2,2,2,0,0,0
Cycle 1 converged in 2 cycles with Energy -163.971
State 1 0,0,2,7,7,72,2,28,0,2,2,8,37,2,2,2,0,0,0
Cycle 2 converged in 2 cycles with Energy -163.666
State 2 0,0,2,7,7,72,2,28,0,1,2,8,46,2,2,2,0,0,0
Cycle 0 converged in 2 cycles with Energy -164.188
State 0 0,0,34,7,7,22,2,28,0,2,2,8,37,2,2,2,0,0,0
Cycle 1 converged in 1 cycles with Energy -163.37
State 1 0,0,34,34,7,22,5,28,0,1,2,8,46,2,2,2,0,0,0
Cycle 2 converged in 2 cycles with Energy -164.061
State 2 0,0,2,7,7,72,2,28,0,2,2,8,37,2,2,2,0,0,0
Cycle 0 converged in 1 cycles with Energy -164.448
State 0 0,0,34,7,7,22,2,28,0,2,2,8,37,2,2,2,0,0,0
Cycle 1 converged in 2 cycles with Energy -164.322
State 1 0,0,2,7,7,72,2,28,0,2,2,8,37,2,2,2,0,0,0
Cycle 2 converged in 2 cycles with Energy -164.322
State 2 0,0,2,7,7,72,2,28,0,2,2,8,37,2,2,2,0,0,0
Cycle 0 converged in 2 cycles with Energy -164.444
State 0 0,0,2,7,7,72,2,28,0,2,2,8,37,2,2,2,0,0,0
Cycle 1 converged in 2 cycles with Energy -163.805
State 1 0,0,34,34,7,22,5,28,0,1,2,8,46,2,2,2,0,0,0
Cycle 2 converged in 1 cycles with Energy -164.444
State 2 0,0,2,7,7,72,2,28,0,2,2,8,37,2,2,2,0,0,0
Cycle 0 converged in 2 cycles with Energy -164.396
State 0 0,0,2,7,7,72,2,28,0,2,2,8,37,2,2,2,0,0,0
Cycle 1 converged in 2 cycles with Energy -164.146
State 1 0,0,2,7,7,72,2,28,0,1,2,8,46,2,2,2,0,0,0
Cycle 2 converged in 2 cycles with Energy -163.633
State 2 0,0,2,6,7,72,34,28,0,5,2,8,37,2,2,2,0,0,0
Cycle 0 converged in 2 cycles with Energy -164.521
State 0 0,0,34,7,7,22,2,28,0,2,2,8,37,2,2,2,0,0,0
Cycle 1 converged in 2 cycles with Energy -163.747
State 1 0,0,34,7,34,22,28,5,0,1,2,8,46,2,2,2,0,0,0
Cycle 2 converged in 2 cycles with Energy -163.575
State 2 0,0,2,34,7,72,5,28,0,1,2,8,46,2,2,2,0,0,0
Cycle 0 converged in 2 cycles with Energy -164.398
State 0 0,0,2,7,7,72,2,28,0,2,2,8,37,2,2,2,0,0,0
Cycle 1 converged in 2 cycles with Energy -164.148
State 1 0,0,2,7,7,72,2,28,0,1,2,8,46,2,2,2,0,0,0
Cycle 2 converged in 2 cycles with Energy -164.398
State 2 0,0,2,7,7,72,2,28,0,2,2,8,37,2,2,2,0,0,0
Cycle 0 converged in 2 cycles with Energy -164.347
State 0 0,0,2,7,7,72,2,28,0,2,2,8,37,2,2,2,0,0,0
Cycle 1 converged in 1 cycles with Energy -164.084
State 1 0,0,2,7,7,72,2,28,0,1,2,8,46,2,2,2,0,0,0
Cycle 2 converged in 2 cycles with Energy -164.292
State 2 0,0,29,7,7,1,2,28,0,2,2,8,37,2,2,2,0,0,0
Cycle 0 converged in 2 cycles with Energy -164.511
State 0 0,0,34,7,7,22,2,28,0,2,2,8,37,2,2,2,0,0,0
Cycle 1 converged in 2 cycles with Energy -164.386
State 1 0,0,2,7,7,72,2,28,0,2,2,8,37,2,2,2,0,0,0
Cycle 2 converged in 3 cycles with Energy -163.724
State 2 0,0,34,34,7,22,5,28,0,1,2,8,46,2,2,2,0,0,0
Cycle 0 converged in 2 cycles with Energy -164.394
State 0 0,0,34,7,7,22,2,28,0,2,2,8,37,2,2,2,0,0,0
Cycle 1 converged in 3 cycles with Energy -164.394
State 1 0,0,34,7,7,22,2,28,0,2,2,8,37,2,2,2,0,0,0
Cycle 2 converged in 2 cycles with Energy -163.888
State 2 0,0,34,34,7,22,5,28,0,2,2,8,37,2,2,2,0,0,0
Cycle 0 converged in 1 cycles with Energy -164.376
State 0 0,0,2,7,7,72,2,28,0,2,2,8,37,2,2,2,0,0,0
Cycle 1 converged in 2 cycles with Energy -164.502
State 1 0,0,34,7,7,22,2,28,0,2,2,8,37,2,2,2,0,0,0
Cycle 2 converged in 2 cycles with Energy -163.123
State 2 0,0,2,7,34,72,2,5,0,34,28,8,46,5,2,2,0,0,0
Cycle 0 converged in 2 cycles with Energy -164.474
State 0 0,0,2,7,7,72,2,28,0,2,2,8,37,2,2,2,0,0,0
Cycle 1 converged in 3 cycles with Energy -163.712
State 1 0,0,34,34,7,22,34,28,0,5,2,8,37,2,2,2,0,0,0
Cycle 2 converged in 2 cycles with Energy -163.916
State 2 0,0,2,34,7,72,5,28,0,2,2,8,37,2,2,2,0,0,0
Cycle 0 converged in 1 cycles with Energy -164.729
State 0 0,0,34,7,7,22,2,28,0,2,2,8,37,2,2,2,0,0,0
Cycle 1 converged in 2 cycles with Energy -164.605
State 1 0,0,2,7,7,72,2,28,0,2,2,8,37,2,2,2,0,0,0
Cycle 2 converged in 2 cycles with Energy -164.047
State 2 0,0,2,34,7,72,5,28,0,2,2,8,37,2,2,2,0,0,0
Cycle 0 converged in 2 cycles with Energy -164.741
State 0 0,0,34,7,7,22,2,28,0,2,2,8,37,2,2,2,0,0,0
Cycle 1 converged in 2 cycles with Energy -164.741
State 1 0,0,34,7,7,22,2,28,0,2,2,8,37,2,2,2,0,0,0
Cycle 2 converged in 2 cycles with Energy -164.03
State 2 0,0,29,34,7,1,5,28,0,2,2,8,37,2,2,2,0,0,0
Cycle 0 converged in 2 cycles with Energy -164.75
State 0 0,0,2,7,7,72,2,28,0,2,2,8,37,2,2,2,0,0,0
Cycle 1 converged in 1 cycles with Energy -164.192
State 1 0,0,2,34,7,72,5,28,0,2,2,8,37,2,2,2,0,0,0
Cycle 2 converged in 1 cycles with Energy -164.75
State 2 0,0,2,7,7,72,2,28,0,2,2,8,37,2,2,2,0,0,0
Cycle 0 converged in 2 cycles with Energy -164.744
State 0 0,0,2,7,7,72,2,28,0,2,2,8,37,2,2,2,0,0,0
Cycle 1 converged in 2 cycles with Energy -164.326
State 1 0,0,34,7,34,22,2,5,0,2,2,8,37,2,2,2,0,0,0
Cycle 2 converged in 2 cycles with Energy -164.186
State 2 0,0,2,34,7,72,5,28,0,2,2,8,37,2,2,2,0,0,0
Cycle 0 converged in 2 cycles with Energy -164.946
State 0 0,0,34,7,7,22,2,28,0,2,2,8,37,2,2,2,0,0,0
Cycle 1 converged in 2 cycles with Energy -164.822
State 1 0,0,2,7,7,72,2,28,0,2,2,8,37,2,2,2,0,0,0
Cycle 2 converged in 1 cycles with Energy -164.672
State 2 0,0,2,7,7,72,2,28,0,1,2,8,46,2,2,2,0,0,0
Cycle 0 converged in 2 cycles with Energy -164.912
State 0 0,0,2,7,7,72,2,28,0,2,2,8,50,2,2,2,0,0,0
Cycle 1 converged in 2 cycles with Energy -164.912
State 1 0,0,2,7,7,72,2,28,0,2,2,8,50,2,2,2,0,0,0
Cycle 2 converged in 2 cycles with Energy -165.038
State 2 0,0,34,7,7,22,2,28,0,2,2,8,50,2,2,2,0,0,0
Cycle 0 converged in 2 cycles with Energy -164.923
State 0 0,0,2,7,7,72,2,28,0,2,2,8,50,2,2,2,0,0,0
Cycle 1 converged in 2 cycles with Energy -165.049
State 1 0,0,34,7,7,22,2,28,0,2,2,8,50,2,2,2,0,0,0
Cycle 2 converged in 2 cycles with Energy -165.049
State 2 0,0,34,7,7,22,2,28,0,2,2,8,50,2,2,2,0,0,0
Cycle 0 converged in 2 cycles with Energy -164.934
State 0 0,0,2,7,7,72,2,28,0,2,2,8,50,2,2,2,0,0,0
Cycle 1 converged in 3 cycles with Energy -164.428
State 1 0,0,34,34,7,22,5,28,0,36,2,8,46,2,2,2,0,0,0
Cycle 2 converged in 2 cycles with Energy -164.554
State 2 0,0,34,34,7,22,5,28,0,2,2,8,50,2,2,2,0,0,0
Cycle 0 converged in 1 cycles with Energy -164.957
State 0 0,0,2,7,7,72,2,28,0,2,2,8,50,2,2,2,0,0,0
Cycle 1 converged in 3 cycles with Energy -165.082
State 1 0,0,34,7,7,22,2,28,0,2,2,8,50,2,2,2,0,0,0
Cycle 2 converged in 2 cycles with Energy -164.4
State 2 0,0,2,34,7,72,5,28,0,2,2,8,50,2,2,2,0,0,0
Cycle 0 converged in 2 cycles with Energy -165.084
State 0 0,0,34,7,7,22,2,28,0,2,2,8,50,2,2,2,0,0,0
Cycle 1 converged in 3 cycles with Energy -164.901
State 1 0,0,29,7,7,1,2,28,0,2,2,8,50,2,2,2,0,0,0
Cycle 2 converged in 2 cycles with Energy -164.42
State 2 0,0,2,7,34,72,2,5,0,2,2,8,50,2,2,2,0,0,0
Total Time: 4 minutes
