000 (17964.000.000) 08/26 13:54:04 Job submitted from host: <128.104.117.220:9618?addrs=128.104.117.220-9618&noUDP&sock=1596_4d3d_3>
...
000 (17964.001.000) 08/26 13:54:04 Job submitted from host: <128.104.117.220:9618?addrs=128.104.117.220-9618&noUDP&sock=1596_4d3d_3>
...
000 (17964.002.000) 08/26 13:54:04 Job submitted from host: <128.104.117.220:9618?addrs=128.104.117.220-9618&noUDP&sock=1596_4d3d_3>
...
000 (17964.003.000) 08/26 13:54:04 Job submitted from host: <128.104.117.220:9618?addrs=128.104.117.220-9618&noUDP&sock=1596_4d3d_3>
...
001 (17964.002.000) 08/26 13:55:10 Job executing on host: <192.168.1.108:9618?CCBID=128.104.119.253:9618%3faddrs%3d128.104.119.253-9618+[--1]-9618%26noUDP%26sock%3dcollector#121&PrivNet=senesLabNodes&addrs=192.168.1.108-9618+[--1]-9618&noUDP&sock=862_d6ba_3>
...
001 (17964.001.000) 08/26 13:55:10 Job executing on host: <192.168.1.107:9618?CCBID=128.104.119.253:9618%3faddrs%3d128.104.119.253-9618+[--1]-9618%26noUDP%26sock%3dcollector#228&PrivNet=senesLabNodes&addrs=192.168.1.107-9618+[--1]-9618&noUDP&sock=878_d03e_3>
...
001 (17964.000.000) 08/26 13:55:10 Job executing on host: <127.0.0.1:9618?CCBID=128.104.119.253:9618%3faddrs%3d128.104.119.253-9618+[--1]-9618%26noUDP%26sock%3dcollector#222&PrivNet=senesLabNodes&addrs=127.0.0.1-9618+[--1]-9618&noUDP&sock=749_5486_3>
...
001 (17964.003.000) 08/26 13:55:10 Job executing on host: <127.0.0.1:9618?CCBID=128.104.119.253:9618%3faddrs%3d128.104.119.253-9618+[--1]-9618%26noUDP%26sock%3dcollector#223&PrivNet=senesLabNodes&addrs=127.0.0.1-9618+[--1]-9618&noUDP&sock=745_9625_3>
...
006 (17964.000.000) 08/26 13:55:18 Image size of job updated: 375000
	175  -  MemoryUsage of job (MB)
	179124  -  ResidentSetSize of job (KB)
...
006 (17964.002.000) 08/26 13:55:18 Image size of job updated: 375000
	175  -  MemoryUsage of job (MB)
	179112  -  ResidentSetSize of job (KB)
...
006 (17964.003.000) 08/26 13:55:18 Image size of job updated: 375000
	176  -  MemoryUsage of job (MB)
	179248  -  ResidentSetSize of job (KB)
...
006 (17964.001.000) 08/26 13:55:18 Image size of job updated: 375000
	175  -  MemoryUsage of job (MB)
	179160  -  ResidentSetSize of job (KB)
...
006 (17964.001.000) 08/26 14:00:19 Image size of job updated: 836124
	817  -  MemoryUsage of job (MB)
	836124  -  ResidentSetSize of job (KB)
...
006 (17964.003.000) 08/26 14:00:19 Image size of job updated: 836080
	817  -  MemoryUsage of job (MB)
	836080  -  ResidentSetSize of job (KB)
...
006 (17964.000.000) 08/26 14:00:19 Image size of job updated: 836088
	817  -  MemoryUsage of job (MB)
	836088  -  ResidentSetSize of job (KB)
...
006 (17964.002.000) 08/26 14:00:19 Image size of job updated: 827548
	809  -  MemoryUsage of job (MB)
	827548  -  ResidentSetSize of job (KB)
...
006 (17964.000.000) 08/26 14:05:19 Image size of job updated: 837276
	818  -  MemoryUsage of job (MB)
	837276  -  ResidentSetSize of job (KB)
...
006 (17964.001.000) 08/26 14:05:19 Image size of job updated: 837312
	818  -  MemoryUsage of job (MB)
	837312  -  ResidentSetSize of job (KB)
...
006 (17964.003.000) 08/26 14:05:19 Image size of job updated: 837268
	818  -  MemoryUsage of job (MB)
	837268  -  ResidentSetSize of job (KB)
...
006 (17964.002.000) 08/26 14:05:19 Image size of job updated: 828736
	810  -  MemoryUsage of job (MB)
	828736  -  ResidentSetSize of job (KB)
...
005 (17964.001.000) 08/26 15:38:58 Job terminated.
	(1) Normal termination (return value 0)
		Usr 0 01:43:47, Sys 0 00:00:00  -  Run Remote Usage
		Usr 0 00:00:00, Sys 0 00:00:00  -  Run Local Usage
		Usr 0 01:43:47, Sys 0 00:00:00  -  Total Remote Usage
		Usr 0 00:00:00, Sys 0 00:00:00  -  Total Local Usage
	0  -  Run Bytes Sent By Job
	376968576  -  Run Bytes Received By Job
	0  -  Total Bytes Sent By Job
	376968576  -  Total Bytes Received By Job
	Partitionable Resources :    Usage  Request Allocated 
	   Cpus                 :                 1         1 
	   Disk (KB)            :   375000   375000    489246 
	   Memory (MB)          :      818      367       367 
...
005 (17964.003.000) 08/26 15:44:10 Job terminated.
	(1) Normal termination (return value 0)
		Usr 0 01:48:59, Sys 0 00:00:00  -  Run Remote Usage
		Usr 0 00:00:00, Sys 0 00:00:00  -  Run Local Usage
		Usr 0 01:48:59, Sys 0 00:00:00  -  Total Remote Usage
		Usr 0 00:00:00, Sys 0 00:00:00  -  Total Local Usage
	0  -  Run Bytes Sent By Job
	376968576  -  Run Bytes Received By Job
	0  -  Total Bytes Sent By Job
	376968576  -  Total Bytes Received By Job
	Partitionable Resources :    Usage  Request Allocated 
	   Cpus                 :                 1         1 
	   Disk (KB)            :   375000   375000    480108 
	   Memory (MB)          :      818      367       367 
...
005 (17964.002.000) 08/26 15:44:19 Job terminated.
	(1) Normal termination (return value 0)
		Usr 0 01:49:07, Sys 0 00:00:00  -  Run Remote Usage
		Usr 0 00:00:00, Sys 0 00:00:00  -  Run Local Usage
		Usr 0 01:49:07, Sys 0 00:00:00  -  Total Remote Usage
		Usr 0 00:00:00, Sys 0 00:00:00  -  Total Local Usage
	0  -  Run Bytes Sent By Job
	376968576  -  Run Bytes Received By Job
	0  -  Total Bytes Sent By Job
	376968576  -  Total Bytes Received By Job
	Partitionable Resources :    Usage  Request Allocated 
	   Cpus                 :                 1         1 
	   Disk (KB)            :   375000   375000    488666 
	   Memory (MB)          :      810      367       367 
...
006 (17964.000.000) 08/26 16:20:14 Image size of job updated: 847488
	818  -  MemoryUsage of job (MB)
	837276  -  ResidentSetSize of job (KB)
...
005 (17964.000.000) 08/26 16:20:14 Job terminated.
	(1) Normal termination (return value 0)
		Usr 0 02:25:03, Sys 0 00:00:00  -  Run Remote Usage
		Usr 0 00:00:00, Sys 0 00:00:00  -  Run Local Usage
		Usr 0 02:25:03, Sys 0 00:00:00  -  Total Remote Usage
		Usr 0 00:00:00, Sys 0 00:00:00  -  Total Local Usage
	0  -  Run Bytes Sent By Job
	376968576  -  Run Bytes Received By Job
	0  -  Total Bytes Sent By Job
	376968576  -  Total Bytes Received By Job
	Partitionable Resources :    Usage  Request Allocated 
	   Cpus                 :                 1         1 
	   Disk (KB)            :   375000   375000    480460 
	   Memory (MB)          :      818      367       367 
...
000 (17965.000.000) 08/26 16:45:28 Job submitted from host: <128.104.117.220:9618?addrs=128.104.117.220-9618&noUDP&sock=1596_4d3d_3>
...
000 (17965.001.000) 08/26 16:45:28 Job submitted from host: <128.104.117.220:9618?addrs=128.104.117.220-9618&noUDP&sock=1596_4d3d_3>
...
000 (17965.002.000) 08/26 16:45:28 Job submitted from host: <128.104.117.220:9618?addrs=128.104.117.220-9618&noUDP&sock=1596_4d3d_3>
...
000 (17965.003.000) 08/26 16:45:28 Job submitted from host: <128.104.117.220:9618?addrs=128.104.117.220-9618&noUDP&sock=1596_4d3d_3>
...
001 (17965.002.000) 08/26 16:46:34 Job executing on host: <192.168.1.108:9618?CCBID=128.104.119.253:9618%3faddrs%3d128.104.119.253-9618+[--1]-9618%26noUDP%26sock%3dcollector#121&PrivNet=senesLabNodes&addrs=192.168.1.108-9618+[--1]-9618&noUDP&sock=862_d6ba_3>
...
001 (17965.001.000) 08/26 16:46:34 Job executing on host: <192.168.1.107:9618?CCBID=128.104.119.253:9618%3faddrs%3d128.104.119.253-9618+[--1]-9618%26noUDP%26sock%3dcollector#228&PrivNet=senesLabNodes&addrs=192.168.1.107-9618+[--1]-9618&noUDP&sock=878_d03e_3>
...
001 (17965.000.000) 08/26 16:46:34 Job executing on host: <127.0.0.1:9618?CCBID=128.104.119.253:9618%3faddrs%3d128.104.119.253-9618+[--1]-9618%26noUDP%26sock%3dcollector#222&PrivNet=senesLabNodes&addrs=127.0.0.1-9618+[--1]-9618&noUDP&sock=749_5486_3>
...
001 (17965.003.000) 08/26 16:46:34 Job executing on host: <127.0.0.1:9618?CCBID=128.104.119.253:9618%3faddrs%3d128.104.119.253-9618+[--1]-9618%26noUDP%26sock%3dcollector#223&PrivNet=senesLabNodes&addrs=127.0.0.1-9618+[--1]-9618&noUDP&sock=745_9625_3>
...
006 (17965.001.000) 08/26 16:46:42 Image size of job updated: 375000
	175  -  MemoryUsage of job (MB)
	178784  -  ResidentSetSize of job (KB)
...
006 (17965.002.000) 08/26 16:46:42 Image size of job updated: 375000
	175  -  MemoryUsage of job (MB)
	178764  -  ResidentSetSize of job (KB)
...
006 (17965.003.000) 08/26 16:46:43 Image size of job updated: 375000
	175  -  MemoryUsage of job (MB)
	179064  -  ResidentSetSize of job (KB)
...
006 (17965.000.000) 08/26 16:46:43 Image size of job updated: 375000
	175  -  MemoryUsage of job (MB)
	178908  -  ResidentSetSize of job (KB)
...
006 (17965.000.000) 08/26 16:48:07 Image size of job updated: 480528
	175  -  MemoryUsage of job (MB)
	178908  -  ResidentSetSize of job (KB)
...
004 (17965.000.000) 08/26 16:48:07 Job was evicted.
	(0) Job was not checkpointed.
		Usr 0 00:01:32, Sys 0 00:00:00  -  Run Remote Usage
		Usr 0 00:00:00, Sys 0 00:00:00  -  Run Local Usage
	0  -  Run Bytes Sent By Job
	376956384  -  Run Bytes Received By Job
	Partitionable Resources :    Usage  Request Allocated 
	   Cpus                 :                 1         1 
	   Disk (KB)            :   375000   375000    480460 
	   Memory (MB)          :      175      367       367 
...
006 (17965.003.000) 08/26 16:48:08 Image size of job updated: 480816
	175  -  MemoryUsage of job (MB)
	179064  -  ResidentSetSize of job (KB)
...
006 (17965.001.000) 08/26 16:48:08 Image size of job updated: 471164
	175  -  MemoryUsage of job (MB)
	178784  -  ResidentSetSize of job (KB)
...
004 (17965.003.000) 08/26 16:48:08 Job was evicted.
	(0) Job was not checkpointed.
		Usr 0 00:01:32, Sys 0 00:00:00  -  Run Remote Usage
		Usr 0 00:00:00, Sys 0 00:00:00  -  Run Local Usage
	0  -  Run Bytes Sent By Job
	376956384  -  Run Bytes Received By Job
	Partitionable Resources :    Usage  Request Allocated 
	   Cpus                 :                 1         1 
	   Disk (KB)            :   375000   375000    480108 
	   Memory (MB)          :      175      367       367 
...
004 (17965.001.000) 08/26 16:48:08 Job was evicted.
	(0) Job was not checkpointed.
		Usr 0 00:01:33, Sys 0 00:00:00  -  Run Remote Usage
		Usr 0 00:00:00, Sys 0 00:00:00  -  Run Local Usage
	0  -  Run Bytes Sent By Job
	376956384  -  Run Bytes Received By Job
	Partitionable Resources :    Usage  Request Allocated 
	   Cpus                 :                 1         1 
	   Disk (KB)            :   375000   375000    489246 
	   Memory (MB)          :      175      367       367 
...
006 (17965.002.000) 08/26 16:48:08 Image size of job updated: 474180
	175  -  MemoryUsage of job (MB)
	178764  -  ResidentSetSize of job (KB)
...
004 (17965.002.000) 08/26 16:48:08 Job was evicted.
	(0) Job was not checkpointed.
		Usr 0 00:01:32, Sys 0 00:00:00  -  Run Remote Usage
		Usr 0 00:00:00, Sys 0 00:00:00  -  Run Local Usage
	0  -  Run Bytes Sent By Job
	376956384  -  Run Bytes Received By Job
	Partitionable Resources :    Usage  Request Allocated 
	   Cpus                 :                 1         1 
	   Disk (KB)            :   375000   375000    488666 
	   Memory (MB)          :      175      367       367 
...
009 (17965.001.000) 08/26 16:48:08 Job was aborted by the user.
	via condor_rm (by user gloiseau)
...
009 (17965.002.000) 08/26 16:48:08 Job was aborted by the user.
	via condor_rm (by user gloiseau)
...
009 (17965.000.000) 08/26 16:48:08 Job was aborted by the user.
	via condor_rm (by user gloiseau)
...
009 (17965.003.000) 08/26 16:48:08 Job was aborted by the user.
	via condor_rm (by user gloiseau)
...
000 (17966.000.000) 08/26 16:51:07 Job submitted from host: <128.104.117.220:9618?addrs=128.104.117.220-9618&noUDP&sock=1596_4d3d_3>
...
000 (17966.001.000) 08/26 16:51:07 Job submitted from host: <128.104.117.220:9618?addrs=128.104.117.220-9618&noUDP&sock=1596_4d3d_3>
...
000 (17966.002.000) 08/26 16:51:07 Job submitted from host: <128.104.117.220:9618?addrs=128.104.117.220-9618&noUDP&sock=1596_4d3d_3>
...
000 (17966.003.000) 08/26 16:51:07 Job submitted from host: <128.104.117.220:9618?addrs=128.104.117.220-9618&noUDP&sock=1596_4d3d_3>
...
001 (17966.000.000) 08/26 16:52:13 Job executing on host: <127.0.0.1:9618?CCBID=128.104.119.253:9618%3faddrs%3d128.104.119.253-9618+[--1]-9618%26noUDP%26sock%3dcollector#222&PrivNet=senesLabNodes&addrs=127.0.0.1-9618+[--1]-9618&noUDP&sock=749_5486_3>
...
001 (17966.001.000) 08/26 16:52:13 Job executing on host: <192.168.1.107:9618?CCBID=128.104.119.253:9618%3faddrs%3d128.104.119.253-9618+[--1]-9618%26noUDP%26sock%3dcollector#228&PrivNet=senesLabNodes&addrs=192.168.1.107-9618+[--1]-9618&noUDP&sock=878_d03e_3>
...
001 (17966.002.000) 08/26 16:52:13 Job executing on host: <192.168.1.108:9618?CCBID=128.104.119.253:9618%3faddrs%3d128.104.119.253-9618+[--1]-9618%26noUDP%26sock%3dcollector#121&PrivNet=senesLabNodes&addrs=192.168.1.108-9618+[--1]-9618&noUDP&sock=862_d6ba_3>
...
001 (17966.003.000) 08/26 16:52:13 Job executing on host: <127.0.0.1:9618?CCBID=128.104.119.253:9618%3faddrs%3d128.104.119.253-9618+[--1]-9618%26noUDP%26sock%3dcollector#223&PrivNet=senesLabNodes&addrs=127.0.0.1-9618+[--1]-9618&noUDP&sock=745_9625_3>
...
006 (17966.001.000) 08/26 16:52:21 Image size of job updated: 375000
	175  -  MemoryUsage of job (MB)
	178688  -  ResidentSetSize of job (KB)
...
006 (17966.000.000) 08/26 16:52:21 Image size of job updated: 375000
	175  -  MemoryUsage of job (MB)
	178784  -  ResidentSetSize of job (KB)
...
006 (17966.002.000) 08/26 16:52:21 Image size of job updated: 375000
	175  -  MemoryUsage of job (MB)
	178772  -  ResidentSetSize of job (KB)
...
006 (17966.003.000) 08/26 16:52:21 Image size of job updated: 375000
	175  -  MemoryUsage of job (MB)
	178768  -  ResidentSetSize of job (KB)
...
006 (17966.001.000) 08/26 16:57:21 Image size of job updated: 746816
	730  -  MemoryUsage of job (MB)
	746816  -  ResidentSetSize of job (KB)
...
006 (17966.000.000) 08/26 16:57:21 Image size of job updated: 746912
	730  -  MemoryUsage of job (MB)
	746912  -  ResidentSetSize of job (KB)
...
006 (17966.002.000) 08/26 16:57:21 Image size of job updated: 746900
	730  -  MemoryUsage of job (MB)
	746900  -  ResidentSetSize of job (KB)
...
006 (17966.003.000) 08/26 16:57:22 Image size of job updated: 746896
	730  -  MemoryUsage of job (MB)
	746896  -  ResidentSetSize of job (KB)
...
006 (17966.002.000) 08/26 17:02:21 Image size of job updated: 747428
	730  -  MemoryUsage of job (MB)
	747428  -  ResidentSetSize of job (KB)
...
006 (17966.000.000) 08/26 17:02:21 Image size of job updated: 747308
	730  -  MemoryUsage of job (MB)
	747308  -  ResidentSetSize of job (KB)
...
006 (17966.001.000) 08/26 17:02:21 Image size of job updated: 747212
	730  -  MemoryUsage of job (MB)
	747212  -  ResidentSetSize of job (KB)
...
006 (17966.003.000) 08/26 17:02:22 Image size of job updated: 747292
	730  -  MemoryUsage of job (MB)
	747292  -  ResidentSetSize of job (KB)
...
006 (17966.002.000) 08/26 17:07:21 Image size of job updated: 747560
	731  -  MemoryUsage of job (MB)
	747560  -  ResidentSetSize of job (KB)
...
006 (17966.000.000) 08/26 17:07:21 Image size of job updated: 747440
	730  -  MemoryUsage of job (MB)
	747440  -  ResidentSetSize of job (KB)
...
006 (17966.001.000) 08/26 17:07:23 Image size of job updated: 747344
	730  -  MemoryUsage of job (MB)
	747344  -  ResidentSetSize of job (KB)
...
006 (17966.003.000) 08/26 17:07:23 Image size of job updated: 747424
	730  -  MemoryUsage of job (MB)
	747424  -  ResidentSetSize of job (KB)
...
006 (17966.002.000) 08/26 17:42:24 Image size of job updated: 747692
	731  -  MemoryUsage of job (MB)
	747692  -  ResidentSetSize of job (KB)
...
005 (17966.001.000) 08/26 18:27:15 Job terminated.
	(1) Normal termination (return value 0)
		Usr 0 01:35:01, Sys 0 00:00:00  -  Run Remote Usage
		Usr 0 00:00:00, Sys 0 00:00:00  -  Run Local Usage
		Usr 0 01:35:01, Sys 0 00:00:00  -  Total Remote Usage
		Usr 0 00:00:00, Sys 0 00:00:00  -  Total Local Usage
	0  -  Run Bytes Sent By Job
	376968512  -  Run Bytes Received By Job
	0  -  Total Bytes Sent By Job
	376968512  -  Total Bytes Received By Job
	Partitionable Resources :    Usage  Request Allocated 
	   Cpus                 :                 1         1 
	   Disk (KB)            :   375000   375000    489246 
	   Memory (MB)          :      730      367       367 
...
005 (17966.003.000) 08/26 18:32:52 Job terminated.
	(1) Normal termination (return value 0)
		Usr 0 01:40:38, Sys 0 00:00:00  -  Run Remote Usage
		Usr 0 00:00:00, Sys 0 00:00:00  -  Run Local Usage
		Usr 0 01:40:38, Sys 0 00:00:00  -  Total Remote Usage
		Usr 0 00:00:00, Sys 0 00:00:00  -  Total Local Usage
	0  -  Run Bytes Sent By Job
	376968512  -  Run Bytes Received By Job
	0  -  Total Bytes Sent By Job
	376968512  -  Total Bytes Received By Job
	Partitionable Resources :    Usage  Request Allocated 
	   Cpus                 :                 1         1 
	   Disk (KB)            :   375000   375000    480108 
	   Memory (MB)          :      730      367       367 
...
005 (17966.002.000) 08/26 18:34:40 Job terminated.
	(1) Normal termination (return value 0)
		Usr 0 01:42:26, Sys 0 00:00:00  -  Run Remote Usage
		Usr 0 00:00:00, Sys 0 00:00:00  -  Run Local Usage
		Usr 0 01:42:26, Sys 0 00:00:00  -  Total Remote Usage
		Usr 0 00:00:00, Sys 0 00:00:00  -  Total Local Usage
	0  -  Run Bytes Sent By Job
	376968512  -  Run Bytes Received By Job
	0  -  Total Bytes Sent By Job
	376968512  -  Total Bytes Received By Job
	Partitionable Resources :    Usage  Request Allocated 
	   Cpus                 :                 1         1 
	   Disk (KB)            :   375000   375000    488666 
	   Memory (MB)          :      731      367       367 
...
000 (17967.000.000) 08/26 18:55:03 Job submitted from host: <128.104.117.220:9618?addrs=128.104.117.220-9618&noUDP&sock=1596_4d3d_3>
...
000 (17967.001.000) 08/26 18:55:03 Job submitted from host: <128.104.117.220:9618?addrs=128.104.117.220-9618&noUDP&sock=1596_4d3d_3>
...
000 (17967.002.000) 08/26 18:55:03 Job submitted from host: <128.104.117.220:9618?addrs=128.104.117.220-9618&noUDP&sock=1596_4d3d_3>
...
000 (17967.003.000) 08/26 18:55:03 Job submitted from host: <128.104.117.220:9618?addrs=128.104.117.220-9618&noUDP&sock=1596_4d3d_3>
...
004 (17966.000.000) 08/26 18:55:15 Job was evicted.
	(0) Job was not checkpointed.
		Usr 0 02:03:01, Sys 0 00:00:00  -  Run Remote Usage
		Usr 0 00:00:00, Sys 0 00:00:00  -  Run Local Usage
	0  -  Run Bytes Sent By Job
	376968512  -  Run Bytes Received By Job
	Partitionable Resources :    Usage  Request Allocated 
	   Cpus                 :                 1         1 
	   Disk (KB)            :   375000   375000    480460 
	   Memory (MB)          :      730      367       367 
...
009 (17966.000.000) 08/26 18:55:15 Job was aborted by the user.
	via condor_rm (by user gloiseau)
...
004 (17967.003.000) 08/26 18:55:15 Job was evicted.
	(0) Job was not checkpointed.
		Usr 0 00:00:00, Sys 0 00:00:00  -  Run Remote Usage
		Usr 0 00:00:00, Sys 0 00:00:00  -  Run Local Usage
	0  -  Run Bytes Sent By Job
	0  -  Run Bytes Received By Job
	Partitionable Resources :    Usage  Request Allocated 
	   Cpus                 :                 1         1 
	   Disk (KB)            :   375000   375000    480108 
	   Memory (MB)          :               367       367 
...
004 (17967.001.000) 08/26 18:55:15 Job was evicted.
	(0) Job was not checkpointed.
		Usr 0 00:00:00, Sys 0 00:00:00  -  Run Remote Usage
		Usr 0 00:00:00, Sys 0 00:00:00  -  Run Local Usage
	0  -  Run Bytes Sent By Job
	0  -  Run Bytes Received By Job
	Partitionable Resources :    Usage  Request Allocated 
	   Cpus                 :                 1         1 
	   Disk (KB)            :   375000   375000    489246 
	   Memory (MB)          :               367       367 
...
004 (17967.002.000) 08/26 18:55:15 Job was evicted.
	(0) Job was not checkpointed.
		Usr 0 00:00:00, Sys 0 00:00:00  -  Run Remote Usage
		Usr 0 00:00:00, Sys 0 00:00:00  -  Run Local Usage
	0  -  Run Bytes Sent By Job
	0  -  Run Bytes Received By Job
	Partitionable Resources :    Usage  Request Allocated 
	   Cpus                 :                 1         1 
	   Disk (KB)            :   375000   375000    488666 
	   Memory (MB)          :               367       367 
...
009 (17967.002.000) 08/26 18:55:16 Job was aborted by the user.
	via condor_rm (by user gloiseau)
...
009 (17967.003.000) 08/26 18:55:16 Job was aborted by the user.
	via condor_rm (by user gloiseau)
...
009 (17967.001.000) 08/26 18:55:16 Job was aborted by the user.
	via condor_rm (by user gloiseau)
...
004 (17967.000.000) 08/26 18:55:16 Job was evicted.
	(0) Job was not checkpointed.
		Usr 0 00:00:00, Sys 0 00:00:00  -  Run Remote Usage
		Usr 0 00:00:00, Sys 0 00:00:00  -  Run Local Usage
	0  -  Run Bytes Sent By Job
	0  -  Run Bytes Received By Job
	Partitionable Resources :    Usage  Request Allocated 
	   Cpus                 :                 1         1 
	   Disk (KB)            :   375000   375000    480460 
	   Memory (MB)          :               367       367 
...
009 (17967.000.000) 08/26 18:55:16 Job was aborted by the user.
	via condor_rm (by user gloiseau)
...
000 (17968.000.000) 08/26 18:55:16 Job submitted from host: <128.104.117.220:9618?addrs=128.104.117.220-9618&noUDP&sock=1596_4d3d_3>
...
000 (17968.001.000) 08/26 18:55:16 Job submitted from host: <128.104.117.220:9618?addrs=128.104.117.220-9618&noUDP&sock=1596_4d3d_3>
...
000 (17968.002.000) 08/26 18:55:16 Job submitted from host: <128.104.117.220:9618?addrs=128.104.117.220-9618&noUDP&sock=1596_4d3d_3>
...
000 (17968.003.000) 08/26 18:55:16 Job submitted from host: <128.104.117.220:9618?addrs=128.104.117.220-9618&noUDP&sock=1596_4d3d_3>
...
001 (17968.001.000) 08/26 18:56:25 Job executing on host: <192.168.1.107:9618?CCBID=128.104.119.253:9618%3faddrs%3d128.104.119.253-9618+[--1]-9618%26noUDP%26sock%3dcollector#228&PrivNet=senesLabNodes&addrs=192.168.1.107-9618+[--1]-9618&noUDP&sock=878_d03e_3>
...
001 (17968.002.000) 08/26 18:56:26 Job executing on host: <192.168.1.108:9618?CCBID=128.104.119.253:9618%3faddrs%3d128.104.119.253-9618+[--1]-9618%26noUDP%26sock%3dcollector#121&PrivNet=senesLabNodes&addrs=192.168.1.108-9618+[--1]-9618&noUDP&sock=862_d6ba_3>
...
001 (17968.000.000) 08/26 18:56:26 Job executing on host: <127.0.0.1:9618?CCBID=128.104.119.253:9618%3faddrs%3d128.104.119.253-9618+[--1]-9618%26noUDP%26sock%3dcollector#222&PrivNet=senesLabNodes&addrs=127.0.0.1-9618+[--1]-9618&noUDP&sock=749_5486_3>
...
001 (17968.003.000) 08/26 18:56:27 Job executing on host: <127.0.0.1:9618?CCBID=128.104.119.253:9618%3faddrs%3d128.104.119.253-9618+[--1]-9618%26noUDP%26sock%3dcollector#223&PrivNet=senesLabNodes&addrs=127.0.0.1-9618+[--1]-9618&noUDP&sock=745_9625_3>
...
006 (17968.002.000) 08/26 18:56:34 Image size of job updated: 375000
	175  -  MemoryUsage of job (MB)
	178736  -  ResidentSetSize of job (KB)
...
006 (17968.000.000) 08/26 18:56:34 Image size of job updated: 375000
	175  -  MemoryUsage of job (MB)
	178732  -  ResidentSetSize of job (KB)
...
006 (17968.001.000) 08/26 18:56:34 Image size of job updated: 375000
	175  -  MemoryUsage of job (MB)
	179008  -  ResidentSetSize of job (KB)
...
006 (17968.003.000) 08/26 18:56:36 Image size of job updated: 375000
	175  -  MemoryUsage of job (MB)
	178984  -  ResidentSetSize of job (KB)
...
006 (17968.000.000) 08/26 19:01:34 Image size of job updated: 746860
	730  -  MemoryUsage of job (MB)
	746860  -  ResidentSetSize of job (KB)
...
006 (17968.002.000) 08/26 19:01:34 Image size of job updated: 746996
	730  -  MemoryUsage of job (MB)
	746996  -  ResidentSetSize of job (KB)
...
006 (17968.001.000) 08/26 19:01:35 Image size of job updated: 747004
	730  -  MemoryUsage of job (MB)
	747004  -  ResidentSetSize of job (KB)
...
006 (17968.003.000) 08/26 19:01:37 Image size of job updated: 746848
	730  -  MemoryUsage of job (MB)
	746848  -  ResidentSetSize of job (KB)
...
006 (17968.002.000) 08/26 19:06:34 Image size of job updated: 747656
	731  -  MemoryUsage of job (MB)
	747656  -  ResidentSetSize of job (KB)
...
006 (17968.000.000) 08/26 19:06:34 Image size of job updated: 747520
	730  -  MemoryUsage of job (MB)
	747520  -  ResidentSetSize of job (KB)
...
006 (17968.001.000) 08/26 19:06:35 Image size of job updated: 747532
	731  -  MemoryUsage of job (MB)
	747532  -  ResidentSetSize of job (KB)
...
006 (17968.003.000) 08/26 19:06:37 Image size of job updated: 747244
	730  -  MemoryUsage of job (MB)
	747244  -  ResidentSetSize of job (KB)
...
006 (17968.003.000) 08/26 19:11:37 Image size of job updated: 747508
	730  -  MemoryUsage of job (MB)
	747508  -  ResidentSetSize of job (KB)
...
006 (17968.001.000) 08/26 19:31:37 Image size of job updated: 747664
	731  -  MemoryUsage of job (MB)
	747664  -  ResidentSetSize of job (KB)
...
005 (17968.003.000) 08/26 20:18:52 Job terminated.
	(1) Normal termination (return value 0)
		Usr 0 01:22:24, Sys 0 00:00:00  -  Run Remote Usage
		Usr 0 00:00:00, Sys 0 00:00:00  -  Run Local Usage
		Usr 0 01:22:24, Sys 0 00:00:00  -  Total Remote Usage
		Usr 0 00:00:00, Sys 0 00:00:00  -  Total Local Usage
	0  -  Run Bytes Sent By Job
	376972736  -  Run Bytes Received By Job
	0  -  Total Bytes Sent By Job
	376972736  -  Total Bytes Received By Job
	Partitionable Resources :    Usage  Request Allocated 
	   Cpus                 :                 1         1 
	   Disk (KB)            :   375000   375000    480108 
	   Memory (MB)          :      730      367       367 
...
006 (17968.002.000) 08/26 20:18:58 Image size of job updated: 747788
	731  -  MemoryUsage of job (MB)
	747656  -  ResidentSetSize of job (KB)
...
005 (17968.002.000) 08/26 20:18:58 Job terminated.
	(1) Normal termination (return value 0)
		Usr 0 01:22:31, Sys 0 00:00:00  -  Run Remote Usage
		Usr 0 00:00:00, Sys 0 00:00:00  -  Run Local Usage
		Usr 0 01:22:31, Sys 0 00:00:00  -  Total Remote Usage
		Usr 0 00:00:00, Sys 0 00:00:00  -  Total Local Usage
	0  -  Run Bytes Sent By Job
	376972736  -  Run Bytes Received By Job
	0  -  Total Bytes Sent By Job
	376972736  -  Total Bytes Received By Job
	Partitionable Resources :    Usage  Request Allocated 
	   Cpus                 :                 1         1 
	   Disk (KB)            :   375000   375000    488666 
	   Memory (MB)          :      731      367       367 
...
005 (17968.000.000) 08/26 20:23:02 Job terminated.
	(1) Normal termination (return value 0)
		Usr 0 01:26:33, Sys 0 00:00:00  -  Run Remote Usage
		Usr 0 00:00:00, Sys 0 00:00:00  -  Run Local Usage
		Usr 0 01:26:33, Sys 0 00:00:00  -  Total Remote Usage
		Usr 0 00:00:00, Sys 0 00:00:00  -  Total Local Usage
	0  -  Run Bytes Sent By Job
	376972736  -  Run Bytes Received By Job
	0  -  Total Bytes Sent By Job
	376972736  -  Total Bytes Received By Job
	Partitionable Resources :    Usage  Request Allocated 
	   Cpus                 :                 1         1 
	   Disk (KB)            :   375000   375000    480460 
	   Memory (MB)          :      730      367       367 
...
005 (17968.001.000) 08/26 20:24:04 Job terminated.
	(1) Normal termination (return value 0)
		Usr 0 01:27:37, Sys 0 00:00:00  -  Run Remote Usage
		Usr 0 00:00:00, Sys 0 00:00:00  -  Run Local Usage
		Usr 0 01:27:37, Sys 0 00:00:00  -  Total Remote Usage
		Usr 0 00:00:00, Sys 0 00:00:00  -  Total Local Usage
	0  -  Run Bytes Sent By Job
	376972736  -  Run Bytes Received By Job
	0  -  Total Bytes Sent By Job
	376972736  -  Total Bytes Received By Job
	Partitionable Resources :    Usage  Request Allocated 
	   Cpus                 :                 1         1 
	   Disk (KB)            :   375000   375000    489246 
	   Memory (MB)          :      731      367       367 
...
000 (17969.000.000) 08/26 20:57:49 Job submitted from host: <128.104.117.220:9618?addrs=128.104.117.220-9618&noUDP&sock=1596_4d3d_3>
...
000 (17969.001.000) 08/26 20:57:49 Job submitted from host: <128.104.117.220:9618?addrs=128.104.117.220-9618&noUDP&sock=1596_4d3d_3>
...
000 (17969.002.000) 08/26 20:57:49 Job submitted from host: <128.104.117.220:9618?addrs=128.104.117.220-9618&noUDP&sock=1596_4d3d_3>
...
000 (17969.003.000) 08/26 20:57:49 Job submitted from host: <128.104.117.220:9618?addrs=128.104.117.220-9618&noUDP&sock=1596_4d3d_3>
...
001 (17969.001.000) 08/26 20:58:54 Job executing on host: <192.168.1.107:9618?CCBID=128.104.119.253:9618%3faddrs%3d128.104.119.253-9618+[--1]-9618%26noUDP%26sock%3dcollector#228&PrivNet=senesLabNodes&addrs=192.168.1.107-9618+[--1]-9618&noUDP&sock=878_d03e_3>
...
001 (17969.000.000) 08/26 20:58:54 Job executing on host: <127.0.0.1:9618?CCBID=128.104.119.253:9618%3faddrs%3d128.104.119.253-9618+[--1]-9618%26noUDP%26sock%3dcollector#222&PrivNet=senesLabNodes&addrs=127.0.0.1-9618+[--1]-9618&noUDP&sock=749_5486_3>
...
001 (17969.003.000) 08/26 20:58:55 Job executing on host: <127.0.0.1:9618?CCBID=128.104.119.253:9618%3faddrs%3d128.104.119.253-9618+[--1]-9618%26noUDP%26sock%3dcollector#223&PrivNet=senesLabNodes&addrs=127.0.0.1-9618+[--1]-9618&noUDP&sock=745_9625_3>
...
001 (17969.002.000) 08/26 20:58:55 Job executing on host: <192.168.1.108:9618?CCBID=128.104.119.253:9618%3faddrs%3d128.104.119.253-9618+[--1]-9618%26noUDP%26sock%3dcollector#121&PrivNet=senesLabNodes&addrs=192.168.1.108-9618+[--1]-9618&noUDP&sock=862_d6ba_3>
...
006 (17969.001.000) 08/26 20:59:03 Image size of job updated: 375000
	175  -  MemoryUsage of job (MB)
	178828  -  ResidentSetSize of job (KB)
...
006 (17969.000.000) 08/26 20:59:03 Image size of job updated: 375000
	175  -  MemoryUsage of job (MB)
	178688  -  ResidentSetSize of job (KB)
...
006 (17969.003.000) 08/26 20:59:03 Image size of job updated: 375000
	175  -  MemoryUsage of job (MB)
	178676  -  ResidentSetSize of job (KB)
...
006 (17969.002.000) 08/26 20:59:03 Image size of job updated: 375000
	175  -  MemoryUsage of job (MB)
	178772  -  ResidentSetSize of job (KB)
...
006 (17969.000.000) 08/26 21:04:03 Image size of job updated: 746816
	730  -  MemoryUsage of job (MB)
	746816  -  ResidentSetSize of job (KB)
...
006 (17969.001.000) 08/26 21:04:03 Image size of job updated: 747088
	730  -  MemoryUsage of job (MB)
	747088  -  ResidentSetSize of job (KB)
...
006 (17969.003.000) 08/26 21:04:03 Image size of job updated: 746936
	730  -  MemoryUsage of job (MB)
	746936  -  ResidentSetSize of job (KB)
...
006 (17969.002.000) 08/26 21:04:03 Image size of job updated: 746900
	730  -  MemoryUsage of job (MB)
	746900  -  ResidentSetSize of job (KB)
...
006 (17969.000.000) 08/26 21:09:03 Image size of job updated: 747476
	730  -  MemoryUsage of job (MB)
	747476  -  ResidentSetSize of job (KB)
...
006 (17969.001.000) 08/26 21:09:03 Image size of job updated: 747880
	731  -  MemoryUsage of job (MB)
	747880  -  ResidentSetSize of job (KB)
...
006 (17969.002.000) 08/26 21:09:03 Image size of job updated: 747560
	731  -  MemoryUsage of job (MB)
	747560  -  ResidentSetSize of job (KB)
...
006 (17969.003.000) 08/26 21:09:04 Image size of job updated: 747596
	731  -  MemoryUsage of job (MB)
	747596  -  ResidentSetSize of job (KB)
...
006 (17969.002.000) 08/26 21:19:05 Image size of job updated: 747692
	731  -  MemoryUsage of job (MB)
	747692  -  ResidentSetSize of job (KB)
...
004 (17969.003.000) 08/26 21:20:46 Job was evicted.
	(0) Job was not checkpointed.
		Usr 0 00:21:50, Sys 0 00:00:00  -  Run Remote Usage
		Usr 0 00:00:00, Sys 0 00:00:00  -  Run Local Usage
	0  -  Run Bytes Sent By Job
	376904192  -  Run Bytes Received By Job
	Partitionable Resources :    Usage  Request Allocated 
	   Cpus                 :                 1         1 
	   Disk (KB)            :   375000   375000    480108 
	   Memory (MB)          :      731      367       367 
...
004 (17969.001.000) 08/26 21:20:46 Job was evicted.
	(0) Job was not checkpointed.
		Usr 0 00:21:50, Sys 0 00:00:00  -  Run Remote Usage
		Usr 0 00:00:00, Sys 0 00:00:00  -  Run Local Usage
	0  -  Run Bytes Sent By Job
	376904192  -  Run Bytes Received By Job
	Partitionable Resources :    Usage  Request Allocated 
	   Cpus                 :                 1         1 
	   Disk (KB)            :   375000   375000    489246 
	   Memory (MB)          :      731      367       367 
...
004 (17969.002.000) 08/26 21:20:46 Job was evicted.
	(0) Job was not checkpointed.
		Usr 0 00:21:50, Sys 0 00:00:00  -  Run Remote Usage
		Usr 0 00:00:00, Sys 0 00:00:00  -  Run Local Usage
	0  -  Run Bytes Sent By Job
	376904192  -  Run Bytes Received By Job
	Partitionable Resources :    Usage  Request Allocated 
	   Cpus                 :                 1         1 
	   Disk (KB)            :   375000   375000    488666 
	   Memory (MB)          :      731      367       367 
...
004 (17969.000.000) 08/26 21:20:46 Job was evicted.
	(0) Job was not checkpointed.
		Usr 0 00:21:50, Sys 0 00:00:00  -  Run Remote Usage
		Usr 0 00:00:00, Sys 0 00:00:00  -  Run Local Usage
	0  -  Run Bytes Sent By Job
	376904192  -  Run Bytes Received By Job
	Partitionable Resources :    Usage  Request Allocated 
	   Cpus                 :                 1         1 
	   Disk (KB)            :   375000   375000    480460 
	   Memory (MB)          :      730      367       367 
...
009 (17969.001.000) 08/26 21:20:46 Job was aborted by the user.
	via condor_rm (by user gloiseau)
...
009 (17969.002.000) 08/26 21:20:46 Job was aborted by the user.
	via condor_rm (by user gloiseau)
...
009 (17969.003.000) 08/26 21:20:46 Job was aborted by the user.
	via condor_rm (by user gloiseau)
...
009 (17969.000.000) 08/26 21:20:46 Job was aborted by the user.
	via condor_rm (by user gloiseau)
...
000 (17970.000.000) 08/26 21:21:47 Job submitted from host: <128.104.117.220:9618?addrs=128.104.117.220-9618&noUDP&sock=1596_4d3d_3>
...
000 (17970.001.000) 08/26 21:21:47 Job submitted from host: <128.104.117.220:9618?addrs=128.104.117.220-9618&noUDP&sock=1596_4d3d_3>
...
000 (17970.002.000) 08/26 21:21:47 Job submitted from host: <128.104.117.220:9618?addrs=128.104.117.220-9618&noUDP&sock=1596_4d3d_3>
...
000 (17970.003.000) 08/26 21:21:47 Job submitted from host: <128.104.117.220:9618?addrs=128.104.117.220-9618&noUDP&sock=1596_4d3d_3>
...
004 (17970.000.000) 08/26 21:22:38 Job was evicted.
	(0) Job was not checkpointed.
		Usr 0 00:00:00, Sys 0 00:00:00  -  Run Remote Usage
		Usr 0 00:00:00, Sys 0 00:00:00  -  Run Local Usage
	0  -  Run Bytes Sent By Job
	0  -  Run Bytes Received By Job
	Partitionable Resources :    Usage  Request Allocated 
	   Cpus                 :                 1         1 
	   Disk (KB)            :   375000   375000    480460 
	   Memory (MB)          :               367       367 
...
004 (17970.002.000) 08/26 21:22:38 Job was evicted.
	(0) Job was not checkpointed.
		Usr 0 00:00:00, Sys 0 00:00:00  -  Run Remote Usage
		Usr 0 00:00:00, Sys 0 00:00:00  -  Run Local Usage
	0  -  Run Bytes Sent By Job
	0  -  Run Bytes Received By Job
	Partitionable Resources :    Usage  Request Allocated 
	   Cpus                 :                 1         1 
	   Disk (KB)            :   375000   375000    488666 
	   Memory (MB)          :               367       367 
...
004 (17970.003.000) 08/26 21:22:38 Job was evicted.
	(0) Job was not checkpointed.
		Usr 0 00:00:00, Sys 0 00:00:00  -  Run Remote Usage
		Usr 0 00:00:00, Sys 0 00:00:00  -  Run Local Usage
	0  -  Run Bytes Sent By Job
	0  -  Run Bytes Received By Job
	Partitionable Resources :    Usage  Request Allocated 
	   Cpus                 :                 1         1 
	   Disk (KB)            :   375000   375000    480108 
	   Memory (MB)          :               367       367 
...
004 (17970.001.000) 08/26 21:22:38 Job was evicted.
	(0) Job was not checkpointed.
		Usr 0 00:00:00, Sys 0 00:00:00  -  Run Remote Usage
		Usr 0 00:00:00, Sys 0 00:00:00  -  Run Local Usage
	0  -  Run Bytes Sent By Job
	0  -  Run Bytes Received By Job
	Partitionable Resources :    Usage  Request Allocated 
	   Cpus                 :                 1         1 
	   Disk (KB)            :   375000   375000    489246 
	   Memory (MB)          :               367       367 
...
009 (17970.001.000) 08/26 21:22:38 Job was aborted by the user.
	via condor_rm (by user gloiseau)
...
009 (17970.000.000) 08/26 21:22:38 Job was aborted by the user.
	via condor_rm (by user gloiseau)
...
009 (17970.002.000) 08/26 21:22:38 Job was aborted by the user.
	via condor_rm (by user gloiseau)
...
009 (17970.003.000) 08/26 21:22:38 Job was aborted by the user.
	via condor_rm (by user gloiseau)
...
000 (17971.000.000) 08/26 21:27:19 Job submitted from host: <128.104.117.220:9618?addrs=128.104.117.220-9618&noUDP&sock=1596_4d3d_3>
...
000 (17971.001.000) 08/26 21:27:19 Job submitted from host: <128.104.117.220:9618?addrs=128.104.117.220-9618&noUDP&sock=1596_4d3d_3>
...
000 (17971.002.000) 08/26 21:27:19 Job submitted from host: <128.104.117.220:9618?addrs=128.104.117.220-9618&noUDP&sock=1596_4d3d_3>
...
000 (17971.003.000) 08/26 21:27:19 Job submitted from host: <128.104.117.220:9618?addrs=128.104.117.220-9618&noUDP&sock=1596_4d3d_3>
...
001 (17971.001.000) 08/26 21:28:25 Job executing on host: <192.168.1.107:9618?CCBID=128.104.119.253:9618%3faddrs%3d128.104.119.253-9618+[--1]-9618%26noUDP%26sock%3dcollector#228&PrivNet=senesLabNodes&addrs=192.168.1.107-9618+[--1]-9618&noUDP&sock=878_d03e_3>
...
001 (17971.003.000) 08/26 21:28:25 Job executing on host: <127.0.0.1:9618?CCBID=128.104.119.253:9618%3faddrs%3d128.104.119.253-9618+[--1]-9618%26noUDP%26sock%3dcollector#223&PrivNet=senesLabNodes&addrs=127.0.0.1-9618+[--1]-9618&noUDP&sock=745_9625_3>
...
001 (17971.000.000) 08/26 21:28:25 Job executing on host: <127.0.0.1:9618?CCBID=128.104.119.253:9618%3faddrs%3d128.104.119.253-9618+[--1]-9618%26noUDP%26sock%3dcollector#222&PrivNet=senesLabNodes&addrs=127.0.0.1-9618+[--1]-9618&noUDP&sock=749_5486_3>
...
001 (17971.002.000) 08/26 21:28:25 Job executing on host: <192.168.1.108:9618?CCBID=128.104.119.253:9618%3faddrs%3d128.104.119.253-9618+[--1]-9618%26noUDP%26sock%3dcollector#121&PrivNet=senesLabNodes&addrs=192.168.1.108-9618+[--1]-9618&noUDP&sock=862_d6ba_3>
...
006 (17971.002.000) 08/26 21:28:33 Image size of job updated: 375000
	175  -  MemoryUsage of job (MB)
	179008  -  ResidentSetSize of job (KB)
...
006 (17971.003.000) 08/26 21:28:33 Image size of job updated: 375000
	175  -  MemoryUsage of job (MB)
	179100  -  ResidentSetSize of job (KB)
...
006 (17971.000.000) 08/26 21:28:33 Image size of job updated: 375000
	175  -  MemoryUsage of job (MB)
	179012  -  ResidentSetSize of job (KB)
...
006 (17971.001.000) 08/26 21:28:33 Image size of job updated: 375000
	175  -  MemoryUsage of job (MB)
	178940  -  ResidentSetSize of job (KB)
...
006 (17971.001.000) 08/26 21:33:33 Image size of job updated: 747200
	730  -  MemoryUsage of job (MB)
	747200  -  ResidentSetSize of job (KB)
...
006 (17971.002.000) 08/26 21:33:33 Image size of job updated: 747004
	730  -  MemoryUsage of job (MB)
	747004  -  ResidentSetSize of job (KB)
...
006 (17971.000.000) 08/26 21:33:33 Image size of job updated: 747008
	730  -  MemoryUsage of job (MB)
	747008  -  ResidentSetSize of job (KB)
...
006 (17971.003.000) 08/26 21:33:33 Image size of job updated: 747096
	730  -  MemoryUsage of job (MB)
	747096  -  ResidentSetSize of job (KB)
...
006 (17971.002.000) 08/26 21:38:33 Image size of job updated: 747400
	730  -  MemoryUsage of job (MB)
	747400  -  ResidentSetSize of job (KB)
...
006 (17971.001.000) 08/26 21:38:33 Image size of job updated: 747860
	731  -  MemoryUsage of job (MB)
	747860  -  ResidentSetSize of job (KB)
...
006 (17971.000.000) 08/26 21:38:33 Image size of job updated: 747668
	731  -  MemoryUsage of job (MB)
	747668  -  ResidentSetSize of job (KB)
...
006 (17971.003.000) 08/26 21:38:34 Image size of job updated: 747756
	731  -  MemoryUsage of job (MB)
	747756  -  ResidentSetSize of job (KB)
...
005 (17971.002.000) 08/26 22:11:29 Job terminated.
	(1) Normal termination (return value 0)
		Usr 0 00:43:03, Sys 0 00:00:00  -  Run Remote Usage
		Usr 0 00:00:00, Sys 0 00:00:00  -  Run Local Usage
		Usr 0 00:43:03, Sys 0 00:00:00  -  Total Remote Usage
		Usr 0 00:00:00, Sys 0 00:00:00  -  Total Local Usage
	0  -  Run Bytes Sent By Job
	376942048  -  Run Bytes Received By Job
	0  -  Total Bytes Sent By Job
	376942048  -  Total Bytes Received By Job
	Partitionable Resources :    Usage  Request Allocated 
	   Cpus                 :                 1         1 
	   Disk (KB)            :   375000   375000    488666 
	   Memory (MB)          :      730      367       367 
...
005 (17971.001.000) 08/26 22:12:21 Job terminated.
	(1) Normal termination (return value 0)
		Usr 0 00:43:55, Sys 0 00:00:00  -  Run Remote Usage
		Usr 0 00:00:00, Sys 0 00:00:00  -  Run Local Usage
		Usr 0 00:43:55, Sys 0 00:00:00  -  Total Remote Usage
		Usr 0 00:00:00, Sys 0 00:00:00  -  Total Local Usage
	0  -  Run Bytes Sent By Job
	376942048  -  Run Bytes Received By Job
	0  -  Total Bytes Sent By Job
	376942048  -  Total Bytes Received By Job
	Partitionable Resources :    Usage  Request Allocated 
	   Cpus                 :                 1         1 
	   Disk (KB)            :   375000   375000    489246 
	   Memory (MB)          :      731      367       367 
...
005 (17971.003.000) 08/26 22:12:26 Job terminated.
	(1) Normal termination (return value 0)
		Usr 0 00:44:00, Sys 0 00:00:00  -  Run Remote Usage
		Usr 0 00:00:00, Sys 0 00:00:00  -  Run Local Usage
		Usr 0 00:44:00, Sys 0 00:00:00  -  Total Remote Usage
		Usr 0 00:00:00, Sys 0 00:00:00  -  Total Local Usage
	0  -  Run Bytes Sent By Job
	376942048  -  Run Bytes Received By Job
	0  -  Total Bytes Sent By Job
	376942048  -  Total Bytes Received By Job
	Partitionable Resources :    Usage  Request Allocated 
	   Cpus                 :                 1         1 
	   Disk (KB)            :   375000   375000    480108 
	   Memory (MB)          :      731      367       367 
...
005 (17971.000.000) 08/26 22:14:31 Job terminated.
	(1) Normal termination (return value 0)
		Usr 0 00:46:06, Sys 0 00:00:00  -  Run Remote Usage
		Usr 0 00:00:00, Sys 0 00:00:00  -  Run Local Usage
		Usr 0 00:46:06, Sys 0 00:00:00  -  Total Remote Usage
		Usr 0 00:00:00, Sys 0 00:00:00  -  Total Local Usage
	0  -  Run Bytes Sent By Job
	376942048  -  Run Bytes Received By Job
	0  -  Total Bytes Sent By Job
	376942048  -  Total Bytes Received By Job
	Partitionable Resources :    Usage  Request Allocated 
	   Cpus                 :                 1         1 
	   Disk (KB)            :   375000   375000    480460 
	   Memory (MB)          :      731      367       367 
...
000 (17978.000.000) 08/26 23:19:49 Job submitted from host: <128.104.117.220:9618?addrs=128.104.117.220-9618&noUDP&sock=1596_4d3d_3>
...
000 (17978.001.000) 08/26 23:19:49 Job submitted from host: <128.104.117.220:9618?addrs=128.104.117.220-9618&noUDP&sock=1596_4d3d_3>
...
000 (17978.002.000) 08/26 23:19:49 Job submitted from host: <128.104.117.220:9618?addrs=128.104.117.220-9618&noUDP&sock=1596_4d3d_3>
...
000 (17978.003.000) 08/26 23:19:49 Job submitted from host: <128.104.117.220:9618?addrs=128.104.117.220-9618&noUDP&sock=1596_4d3d_3>
...
001 (17978.002.000) 08/26 23:20:54 Job executing on host: <127.0.0.1:9618?CCBID=128.104.119.253:9618%3faddrs%3d128.104.119.253-9618+[--1]-9618%26noUDP%26sock%3dcollector#226&PrivNet=senesLabNodes&addrs=127.0.0.1-9618+[--1]-9618&noUDP&sock=749_5486_3>
...
001 (17978.003.000) 08/26 23:20:55 Job executing on host: <192.168.1.107:9618?CCBID=128.104.119.253:9618%3faddrs%3d128.104.119.253-9618+[--1]-9618%26noUDP%26sock%3dcollector#228&PrivNet=senesLabNodes&addrs=192.168.1.107-9618+[--1]-9618&noUDP&sock=878_d03e_3>
...
001 (17978.001.000) 08/26 23:20:55 Job executing on host: <192.168.1.106:9618?CCBID=128.104.119.253:9618%3faddrs%3d128.104.119.253-9618+[--1]-9618%26noUDP%26sock%3dcollector#230&PrivNet=senesLabNodes&addrs=192.168.1.106-9618+[--1]-9618&noUDP&sock=854_59f8_3>
...
001 (17978.000.000) 08/26 23:20:55 Job executing on host: <127.0.0.1:9618?CCBID=128.104.119.253:9618%3faddrs%3d128.104.119.253-9618+[--1]-9618%26noUDP%26sock%3dcollector#222&PrivNet=senesLabNodes&addrs=127.0.0.1-9618+[--1]-9618&noUDP&sock=749_5486_3>
...
006 (17978.003.000) 08/26 23:21:03 Image size of job updated: 375000
	175  -  MemoryUsage of job (MB)
	178912  -  ResidentSetSize of job (KB)
...
006 (17978.001.000) 08/26 23:21:03 Image size of job updated: 375000
	175  -  MemoryUsage of job (MB)
	178896  -  ResidentSetSize of job (KB)
...
006 (17978.000.000) 08/26 23:21:03 Image size of job updated: 375000
	175  -  MemoryUsage of job (MB)
	178892  -  ResidentSetSize of job (KB)
...
006 (17978.002.000) 08/26 23:21:03 Image size of job updated: 375000
	175  -  MemoryUsage of job (MB)
	179168  -  ResidentSetSize of job (KB)
...
006 (17978.002.000) 08/26 23:24:25 Image size of job updated: 746900
	175  -  MemoryUsage of job (MB)
	179168  -  ResidentSetSize of job (KB)
...
004 (17978.002.000) 08/26 23:24:25 Job was evicted.
	(0) Job was not checkpointed.
		Usr 0 00:03:30, Sys 0 00:00:00  -  Run Remote Usage
		Usr 0 00:00:00, Sys 0 00:00:00  -  Run Local Usage
	0  -  Run Bytes Sent By Job
	376929600  -  Run Bytes Received By Job
	Partitionable Resources :    Usage  Request Allocated 
	   Cpus                 :                 1         1 
	   Disk (KB)            :   375000   375000    480834 
	   Memory (MB)          :      175      367       367 
...
006 (17978.000.000) 08/26 23:24:25 Image size of job updated: 758220
	175  -  MemoryUsage of job (MB)
	178892  -  ResidentSetSize of job (KB)
...
004 (17978.000.000) 08/26 23:24:25 Job was evicted.
	(0) Job was not checkpointed.
		Usr 0 00:03:29, Sys 0 00:00:00  -  Run Remote Usage
		Usr 0 00:00:00, Sys 0 00:00:00  -  Run Local Usage
	0  -  Run Bytes Sent By Job
	376929600  -  Run Bytes Received By Job
	Partitionable Resources :    Usage  Request Allocated 
	   Cpus                 :                 1         1 
	   Disk (KB)            :   375000   375000    480460 
	   Memory (MB)          :      175      367       367 
...
006 (17978.001.000) 08/26 23:24:25 Image size of job updated: 758220
	175  -  MemoryUsage of job (MB)
	178896  -  ResidentSetSize of job (KB)
...
006 (17978.003.000) 08/26 23:24:25 Image size of job updated: 747040
	175  -  MemoryUsage of job (MB)
	178912  -  ResidentSetSize of job (KB)
...
004 (17978.001.000) 08/26 23:24:25 Job was evicted.
	(0) Job was not checkpointed.
		Usr 0 00:03:29, Sys 0 00:00:00  -  Run Remote Usage
		Usr 0 00:00:00, Sys 0 00:00:00  -  Run Local Usage
	0  -  Run Bytes Sent By Job
	376929600  -  Run Bytes Received By Job
	Partitionable Resources :    Usage  Request Allocated 
	   Cpus                 :                 1         1 
	   Disk (KB)            :   375000   375000    489112 
	   Memory (MB)          :      175      367       367 
...
004 (17978.003.000) 08/26 23:24:25 Job was evicted.
	(0) Job was not checkpointed.
		Usr 0 00:03:30, Sys 0 00:00:00  -  Run Remote Usage
		Usr 0 00:00:00, Sys 0 00:00:00  -  Run Local Usage
	0  -  Run Bytes Sent By Job
	376929600  -  Run Bytes Received By Job
	Partitionable Resources :    Usage  Request Allocated 
	   Cpus                 :                 1         1 
	   Disk (KB)            :   375000   375000    489246 
	   Memory (MB)          :      175      367       367 
...
009 (17978.002.000) 08/26 23:24:26 Job was aborted by the user.
	via condor_rm (by user gloiseau)
...
009 (17978.000.000) 08/26 23:24:26 Job was aborted by the user.
	via condor_rm (by user gloiseau)
...
009 (17978.001.000) 08/26 23:24:26 Job was aborted by the user.
	via condor_rm (by user gloiseau)
...
009 (17978.003.000) 08/26 23:24:26 Job was aborted by the user.
	via condor_rm (by user gloiseau)
...
000 (17979.000.000) 08/26 23:39:25 Job submitted from host: <128.104.117.220:9618?addrs=128.104.117.220-9618&noUDP&sock=1596_4d3d_3>
...
000 (17979.001.000) 08/26 23:39:25 Job submitted from host: <128.104.117.220:9618?addrs=128.104.117.220-9618&noUDP&sock=1596_4d3d_3>
...
000 (17979.002.000) 08/26 23:39:25 Job submitted from host: <128.104.117.220:9618?addrs=128.104.117.220-9618&noUDP&sock=1596_4d3d_3>
...
000 (17979.003.000) 08/26 23:39:25 Job submitted from host: <128.104.117.220:9618?addrs=128.104.117.220-9618&noUDP&sock=1596_4d3d_3>
...
001 (17979.000.000) 08/26 23:40:31 Job executing on host: <127.0.0.1:9618?CCBID=128.104.119.253:9618%3faddrs%3d128.104.119.253-9618+[--1]-9618%26noUDP%26sock%3dcollector#222&PrivNet=senesLabNodes&addrs=127.0.0.1-9618+[--1]-9618&noUDP&sock=749_5486_3>
...
001 (17979.002.000) 08/26 23:40:31 Job executing on host: <127.0.0.1:9618?CCBID=128.104.119.253:9618%3faddrs%3d128.104.119.253-9618+[--1]-9618%26noUDP%26sock%3dcollector#226&PrivNet=senesLabNodes&addrs=127.0.0.1-9618+[--1]-9618&noUDP&sock=749_5486_3>
...
001 (17979.001.000) 08/26 23:40:31 Job executing on host: <192.168.1.106:9618?CCBID=128.104.119.253:9618%3faddrs%3d128.104.119.253-9618+[--1]-9618%26noUDP%26sock%3dcollector#230&PrivNet=senesLabNodes&addrs=192.168.1.106-9618+[--1]-9618&noUDP&sock=854_59f8_3>
...
001 (17979.003.000) 08/26 23:40:31 Job executing on host: <192.168.1.107:9618?CCBID=128.104.119.253:9618%3faddrs%3d128.104.119.253-9618+[--1]-9618%26noUDP%26sock%3dcollector#228&PrivNet=senesLabNodes&addrs=192.168.1.107-9618+[--1]-9618&noUDP&sock=878_d03e_3>
...
006 (17979.000.000) 08/26 23:40:39 Image size of job updated: 375000
	175  -  MemoryUsage of job (MB)
	178904  -  ResidentSetSize of job (KB)
...
006 (17979.002.000) 08/26 23:40:40 Image size of job updated: 375000
	176  -  MemoryUsage of job (MB)
	179216  -  ResidentSetSize of job (KB)
...
006 (17979.001.000) 08/26 23:40:40 Image size of job updated: 375000
	175  -  MemoryUsage of job (MB)
	179172  -  ResidentSetSize of job (KB)
...
006 (17979.003.000) 08/26 23:40:40 Image size of job updated: 375000
	175  -  MemoryUsage of job (MB)
	178952  -  ResidentSetSize of job (KB)
...
006 (17979.000.000) 08/26 23:45:40 Image size of job updated: 747428
	730  -  MemoryUsage of job (MB)
	747428  -  ResidentSetSize of job (KB)
...
006 (17979.003.000) 08/26 23:45:41 Image size of job updated: 747212
	730  -  MemoryUsage of job (MB)
	747212  -  ResidentSetSize of job (KB)
...
006 (17979.001.000) 08/26 23:45:41 Image size of job updated: 747300
	730  -  MemoryUsage of job (MB)
	747300  -  ResidentSetSize of job (KB)
...
006 (17979.002.000) 08/26 23:45:41 Image size of job updated: 747344
	730  -  MemoryUsage of job (MB)
	747344  -  ResidentSetSize of job (KB)
...
004 (17979.002.000) 08/26 23:49:15 Job was evicted.
	(0) Job was not checkpointed.
		Usr 0 00:08:42, Sys 0 00:00:00  -  Run Remote Usage
		Usr 0 00:00:00, Sys 0 00:00:00  -  Run Local Usage
	0  -  Run Bytes Sent By Job
	376945248  -  Run Bytes Received By Job
	Partitionable Resources :    Usage  Request Allocated 
	   Cpus                 :                 1         1 
	   Disk (KB)            :   375000   375000    480834 
	   Memory (MB)          :      730      367       367 
...
004 (17979.003.000) 08/26 23:49:15 Job was evicted.
	(0) Job was not checkpointed.
		Usr 0 00:08:42, Sys 0 00:00:00  -  Run Remote Usage
		Usr 0 00:00:00, Sys 0 00:00:00  -  Run Local Usage
	0  -  Run Bytes Sent By Job
	376945248  -  Run Bytes Received By Job
	Partitionable Resources :    Usage  Request Allocated 
	   Cpus                 :                 1         1 
	   Disk (KB)            :   375000   375000    489246 
	   Memory (MB)          :      730      367       367 
...
004 (17979.000.000) 08/26 23:49:15 Job was evicted.
	(0) Job was not checkpointed.
		Usr 0 00:08:43, Sys 0 00:00:00  -  Run Remote Usage
		Usr 0 00:00:00, Sys 0 00:00:00  -  Run Local Usage
	0  -  Run Bytes Sent By Job
	376945248  -  Run Bytes Received By Job
	Partitionable Resources :    Usage  Request Allocated 
	   Cpus                 :                 1         1 
	   Disk (KB)            :   375000   375000    480460 
	   Memory (MB)          :      730      367       367 
...
004 (17979.001.000) 08/26 23:49:15 Job was evicted.
	(0) Job was not checkpointed.
		Usr 0 00:08:42, Sys 0 00:00:00  -  Run Remote Usage
		Usr 0 00:00:00, Sys 0 00:00:00  -  Run Local Usage
	0  -  Run Bytes Sent By Job
	376945248  -  Run Bytes Received By Job
	Partitionable Resources :    Usage  Request Allocated 
	   Cpus                 :                 1         1 
	   Disk (KB)            :   375000   375000    489112 
	   Memory (MB)          :      730      367       367 
...
009 (17979.000.000) 08/26 23:49:15 Job was aborted by the user.
	via condor_rm (by user gloiseau)
...
009 (17979.002.000) 08/26 23:49:15 Job was aborted by the user.
	via condor_rm (by user gloiseau)
...
009 (17979.001.000) 08/26 23:49:15 Job was aborted by the user.
	via condor_rm (by user gloiseau)
...
009 (17979.003.000) 08/26 23:49:15 Job was aborted by the user.
	via condor_rm (by user gloiseau)
...
000 (17986.000.000) 08/26 23:52:33 Job submitted from host: <128.104.117.220:9618?addrs=128.104.117.220-9618&noUDP&sock=1596_4d3d_3>
...
000 (17986.001.000) 08/26 23:52:33 Job submitted from host: <128.104.117.220:9618?addrs=128.104.117.220-9618&noUDP&sock=1596_4d3d_3>
...
000 (17986.002.000) 08/26 23:52:33 Job submitted from host: <128.104.117.220:9618?addrs=128.104.117.220-9618&noUDP&sock=1596_4d3d_3>
...
000 (17986.003.000) 08/26 23:52:33 Job submitted from host: <128.104.117.220:9618?addrs=128.104.117.220-9618&noUDP&sock=1596_4d3d_3>
...
001 (17986.001.000) 08/26 23:53:38 Job executing on host: <192.168.1.106:9618?CCBID=128.104.119.253:9618%3faddrs%3d128.104.119.253-9618+[--1]-9618%26noUDP%26sock%3dcollector#230&PrivNet=senesLabNodes&addrs=192.168.1.106-9618+[--1]-9618&noUDP&sock=854_59f8_3>
...
001 (17986.000.000) 08/26 23:53:38 Job executing on host: <127.0.0.1:9618?CCBID=128.104.119.253:9618%3faddrs%3d128.104.119.253-9618+[--1]-9618%26noUDP%26sock%3dcollector#222&PrivNet=senesLabNodes&addrs=127.0.0.1-9618+[--1]-9618&noUDP&sock=749_5486_3>
...
001 (17986.003.000) 08/26 23:53:38 Job executing on host: <192.168.1.107:9618?CCBID=128.104.119.253:9618%3faddrs%3d128.104.119.253-9618+[--1]-9618%26noUDP%26sock%3dcollector#228&PrivNet=senesLabNodes&addrs=192.168.1.107-9618+[--1]-9618&noUDP&sock=878_d03e_3>
...
001 (17986.002.000) 08/26 23:53:38 Job executing on host: <127.0.0.1:9618?CCBID=128.104.119.253:9618%3faddrs%3d128.104.119.253-9618+[--1]-9618%26noUDP%26sock%3dcollector#226&PrivNet=senesLabNodes&addrs=127.0.0.1-9618+[--1]-9618&noUDP&sock=749_5486_3>
...
006 (17986.001.000) 08/26 23:53:46 Image size of job updated: 375000
	183  -  MemoryUsage of job (MB)
	187100  -  ResidentSetSize of job (KB)
...
006 (17986.000.000) 08/26 23:53:47 Image size of job updated: 375000
	191  -  MemoryUsage of job (MB)
	195180  -  ResidentSetSize of job (KB)
...
006 (17986.003.000) 08/26 23:53:47 Image size of job updated: 375000
	191  -  MemoryUsage of job (MB)
	195444  -  ResidentSetSize of job (KB)
...
006 (17986.002.000) 08/26 23:53:47 Image size of job updated: 375000
	191  -  MemoryUsage of job (MB)
	195204  -  ResidentSetSize of job (KB)
...
006 (17986.001.000) 08/26 23:58:46 Image size of job updated: 746516
	730  -  MemoryUsage of job (MB)
	746516  -  ResidentSetSize of job (KB)
...
006 (17986.000.000) 08/26 23:58:47 Image size of job updated: 746412
	729  -  MemoryUsage of job (MB)
	746412  -  ResidentSetSize of job (KB)
...
006 (17986.003.000) 08/26 23:58:48 Image size of job updated: 746412
	729  -  MemoryUsage of job (MB)
	746412  -  ResidentSetSize of job (KB)
...
006 (17986.002.000) 08/26 23:58:48 Image size of job updated: 746436
	729  -  MemoryUsage of job (MB)
	746436  -  ResidentSetSize of job (KB)
...
004 (17986.003.000) 08/27 00:05:17 Job was evicted.
	(0) Job was not checkpointed.
		Usr 0 00:11:37, Sys 0 00:00:00  -  Run Remote Usage
		Usr 0 00:00:00, Sys 0 00:00:00  -  Run Local Usage
	0  -  Run Bytes Sent By Job
	376964256  -  Run Bytes Received By Job
	Partitionable Resources :    Usage  Request Allocated 
	   Cpus                 :                 1         1 
	   Disk (KB)            :   375000   375000    489246 
	   Memory (MB)          :      729      367       367 
...
001 (17986.003.000) 08/27 00:23:16 Job executing on host: <127.0.0.1:9618?CCBID=128.104.119.253:9618%3faddrs%3d128.104.119.253-9618+[--1]-9618%26noUDP%26sock%3dcollector#226&PrivNet=senesLabNodes&addrs=127.0.0.1-9618+[--1]-9618&noUDP&sock=749_5486_3>
...
006 (17986.002.000) 08/27 00:26:25 Image size of job updated: 746568
	729  -  MemoryUsage of job (MB)
	746436  -  ResidentSetSize of job (KB)
...
005 (17986.002.000) 08/27 00:26:25 Job terminated.
	(1) Normal termination (return value 0)
		Usr 0 00:32:43, Sys 0 00:00:00  -  Run Remote Usage
		Usr 0 00:00:00, Sys 0 00:00:00  -  Run Local Usage
		Usr 0 00:32:43, Sys 0 00:00:00  -  Total Remote Usage
		Usr 0 00:00:00, Sys 0 00:00:00  -  Total Local Usage
	0  -  Run Bytes Sent By Job
	376964256  -  Run Bytes Received By Job
	0  -  Total Bytes Sent By Job
	376964256  -  Total Bytes Received By Job
	Partitionable Resources :    Usage  Request Allocated 
	   Cpus                 :                 1         1 
	   Disk (KB)            :   375000   375000    480834 
	   Memory (MB)          :      729      367       367 
...
005 (17986.001.000) 08/27 00:26:54 Job terminated.
	(1) Normal termination (return value 0)
		Usr 0 00:33:13, Sys 0 00:00:00  -  Run Remote Usage
		Usr 0 00:00:00, Sys 0 00:00:00  -  Run Local Usage
		Usr 0 00:33:13, Sys 0 00:00:00  -  Total Remote Usage
		Usr 0 00:00:00, Sys 0 00:00:00  -  Total Local Usage
	0  -  Run Bytes Sent By Job
	376964256  -  Run Bytes Received By Job
	0  -  Total Bytes Sent By Job
	376964256  -  Total Bytes Received By Job
	Partitionable Resources :    Usage  Request Allocated 
	   Cpus                 :                 1         1 
	   Disk (KB)            :   375000   375000    489112 
	   Memory (MB)          :      730      367       367 
...
006 (17986.000.000) 08/27 00:42:38 Image size of job updated: 758220
	729  -  MemoryUsage of job (MB)
	746412  -  ResidentSetSize of job (KB)
...
005 (17986.000.000) 08/27 00:42:38 Job terminated.
	(1) Normal termination (return value 0)
		Usr 0 00:48:58, Sys 0 00:00:00  -  Run Remote Usage
		Usr 0 00:00:00, Sys 0 00:00:00  -  Run Local Usage
		Usr 0 00:48:58, Sys 0 00:00:00  -  Total Remote Usage
		Usr 0 00:00:00, Sys 0 00:00:00  -  Total Local Usage
	0  -  Run Bytes Sent By Job
	376964256  -  Run Bytes Received By Job
	0  -  Total Bytes Sent By Job
	376964256  -  Total Bytes Received By Job
	Partitionable Resources :    Usage  Request Allocated 
	   Cpus                 :                 1         1 
	   Disk (KB)            :   375000   375000    480460 
	   Memory (MB)          :      729      367       367 
...
005 (17986.003.000) 08/27 00:57:02 Job terminated.
	(1) Normal termination (return value 0)
		Usr 0 00:33:44, Sys 0 00:00:00  -  Run Remote Usage
		Usr 0 00:00:00, Sys 0 00:00:00  -  Run Local Usage
		Usr 0 00:45:21, Sys 0 00:00:00  -  Total Remote Usage
		Usr 0 00:00:00, Sys 0 00:00:00  -  Total Local Usage
	0  -  Run Bytes Sent By Job
	376964256  -  Run Bytes Received By Job
	0  -  Total Bytes Sent By Job
	753928512  -  Total Bytes Received By Job
	Partitionable Resources :    Usage  Request Allocated 
	   Cpus                 :                 1         1 
	   Disk (KB)            :   375000   375000    480834 
	   Memory (MB)          :      733      733       733 
...
000 (18266.000.000) 08/27 01:21:19 Job submitted from host: <128.104.117.220:9618?addrs=128.104.117.220-9618&noUDP&sock=1596_4d3d_3>
...
000 (18266.001.000) 08/27 01:21:19 Job submitted from host: <128.104.117.220:9618?addrs=128.104.117.220-9618&noUDP&sock=1596_4d3d_3>
...
000 (18266.002.000) 08/27 01:21:19 Job submitted from host: <128.104.117.220:9618?addrs=128.104.117.220-9618&noUDP&sock=1596_4d3d_3>
...
000 (18266.003.000) 08/27 01:21:19 Job submitted from host: <128.104.117.220:9618?addrs=128.104.117.220-9618&noUDP&sock=1596_4d3d_3>
...
001 (18266.001.000) 08/27 01:21:27 Job executing on host: <127.0.0.1:9618?CCBID=128.104.119.253:9618%3faddrs%3d128.104.119.253-9618+[--1]-9618%26noUDP%26sock%3dcollector#224&PrivNet=senesLabNodes&addrs=127.0.0.1-9618+[--1]-9618&noUDP&sock=748_a4ee_3>
...
001 (18266.000.000) 08/27 01:21:27 Job executing on host: <127.0.0.1:9618?CCBID=128.104.119.253:9618%3faddrs%3d128.104.119.253-9618+[--1]-9618%26noUDP%26sock%3dcollector#229&PrivNet=senesLabNodes&addrs=127.0.0.1-9618+[--1]-9618&noUDP&sock=766_fda2_3>
...
006 (18266.001.000) 08/27 01:21:36 Image size of job updated: 375000
	191  -  MemoryUsage of job (MB)
	195276  -  ResidentSetSize of job (KB)
...
006 (18266.000.000) 08/27 01:21:36 Image size of job updated: 375000
	191  -  MemoryUsage of job (MB)
	195048  -  ResidentSetSize of job (KB)
...
001 (18266.003.000) 08/27 01:21:44 Job executing on host: <127.0.0.1:9618?CCBID=128.104.119.253:9618%3faddrs%3d128.104.119.253-9618+[--1]-9618%26noUDP%26sock%3dcollector#225&PrivNet=senesLabNodes&addrs=127.0.0.1-9618+[--1]-9618&noUDP&sock=749_5486_3>
...
006 (18266.003.000) 08/27 01:21:53 Image size of job updated: 375000
	191  -  MemoryUsage of job (MB)
	194684  -  ResidentSetSize of job (KB)
...
001 (18266.002.000) 08/27 01:22:17 Job executing on host: <127.0.0.1:9618?CCBID=128.104.119.253:9618%3faddrs%3d128.104.119.253-9618+[--1]-9618%26noUDP%26sock%3dcollector#224&PrivNet=senesLabNodes&addrs=127.0.0.1-9618+[--1]-9618&noUDP&sock=748_a4ee_3>
...
006 (18266.002.000) 08/27 01:22:26 Image size of job updated: 375000
	191  -  MemoryUsage of job (MB)
	194916  -  ResidentSetSize of job (KB)
...
004 (18266.002.000) 08/27 01:22:50 Job was evicted.
	(0) Job was not checkpointed.
		Usr 0 00:00:32, Sys 0 00:00:00  -  Run Remote Usage
		Usr 0 00:00:00, Sys 0 00:00:00  -  Run Local Usage
	0  -  Run Bytes Sent By Job
	376978752  -  Run Bytes Received By Job
	Partitionable Resources :    Usage  Request Allocated 
	   Cpus                 :                 1         1 
	   Disk (KB)            :   375000   375000    480348 
	   Memory (MB)          :      191      367       367 
...
009 (18266.002.000) 08/27 01:22:50 Job was aborted by the user.
	via condor_rm (by user gloiseau)
...
006 (18266.003.000) 08/27 01:22:50 Image size of job updated: 671600
	191  -  MemoryUsage of job (MB)
	194684  -  ResidentSetSize of job (KB)
...
004 (18266.003.000) 08/27 01:22:50 Job was evicted.
	(0) Job was not checkpointed.
		Usr 0 00:01:04, Sys 0 00:00:00  -  Run Remote Usage
		Usr 0 00:00:00, Sys 0 00:00:00  -  Run Local Usage
	0  -  Run Bytes Sent By Job
	376978752  -  Run Bytes Received By Job
	Partitionable Resources :    Usage  Request Allocated 
	   Cpus                 :                 1         1 
	   Disk (KB)            :   375000   375000    480086 
	   Memory (MB)          :      191      367       367 
...
006 (18266.001.000) 08/27 01:22:50 Image size of job updated: 713904
	191  -  MemoryUsage of job (MB)
	195276  -  ResidentSetSize of job (KB)
...
004 (18266.001.000) 08/27 01:22:50 Job was evicted.
	(0) Job was not checkpointed.
		Usr 0 00:01:21, Sys 0 00:00:00  -  Run Remote Usage
		Usr 0 00:00:00, Sys 0 00:00:00  -  Run Local Usage
	0  -  Run Bytes Sent By Job
	376978752  -  Run Bytes Received By Job
	Partitionable Resources :    Usage  Request Allocated 
	   Cpus                 :                 1         1 
	   Disk (KB)            :   375000   375000    480348 
	   Memory (MB)          :      191      367       367 
...
006 (18266.000.000) 08/27 01:22:50 Image size of job updated: 733740
	191  -  MemoryUsage of job (MB)
	195048  -  ResidentSetSize of job (KB)
...
004 (18266.000.000) 08/27 01:22:50 Job was evicted.
	(0) Job was not checkpointed.
		Usr 0 00:01:21, Sys 0 00:00:01  -  Run Remote Usage
		Usr 0 00:00:00, Sys 0 00:00:00  -  Run Local Usage
	0  -  Run Bytes Sent By Job
	376978752  -  Run Bytes Received By Job
	Partitionable Resources :    Usage  Request Allocated 
	   Cpus                 :                 1         1 
	   Disk (KB)            :   375000   375000    481024 
	   Memory (MB)          :      191      367       367 
...
009 (18266.001.000) 08/27 01:22:50 Job was aborted by the user.
	via condor_rm (by user gloiseau)
...
009 (18266.003.000) 08/27 01:22:50 Job was aborted by the user.
	via condor_rm (by user gloiseau)
...
009 (18266.000.000) 08/27 01:22:50 Job was aborted by the user.
	via condor_rm (by user gloiseau)
...
000 (18277.000.000) 08/27 01:25:27 Job submitted from host: <128.104.117.220:9618?addrs=128.104.117.220-9618&noUDP&sock=1596_4d3d_3>
...
000 (18277.001.000) 08/27 01:25:27 Job submitted from host: <128.104.117.220:9618?addrs=128.104.117.220-9618&noUDP&sock=1596_4d3d_3>
...
000 (18277.002.000) 08/27 01:25:27 Job submitted from host: <128.104.117.220:9618?addrs=128.104.117.220-9618&noUDP&sock=1596_4d3d_3>
...
000 (18277.003.000) 08/27 01:25:27 Job submitted from host: <128.104.117.220:9618?addrs=128.104.117.220-9618&noUDP&sock=1596_4d3d_3>
...
000 (18277.004.000) 08/27 01:25:27 Job submitted from host: <128.104.117.220:9618?addrs=128.104.117.220-9618&noUDP&sock=1596_4d3d_3>
...
000 (18277.005.000) 08/27 01:25:27 Job submitted from host: <128.104.117.220:9618?addrs=128.104.117.220-9618&noUDP&sock=1596_4d3d_3>
...
001 (18277.004.000) 08/27 01:25:59 Job executing on host: <127.0.0.1:9618?CCBID=128.104.119.253:9618%3faddrs%3d128.104.119.253-9618+[--1]-9618%26noUDP%26sock%3dcollector#225&PrivNet=senesLabNodes&addrs=127.0.0.1-9618+[--1]-9618&noUDP&sock=749_5486_3>
...
001 (18277.001.000) 08/27 01:25:59 Job executing on host: <192.168.1.108:9618?CCBID=128.104.119.253:9618%3faddrs%3d128.104.119.253-9618+[--1]-9618%26noUDP%26sock%3dcollector#121&PrivNet=senesLabNodes&addrs=192.168.1.108-9618+[--1]-9618&noUDP&sock=862_d6ba_3>
...
001 (18277.000.000) 08/27 01:25:59 Job executing on host: <127.0.0.1:9618?CCBID=128.104.119.253:9618%3faddrs%3d128.104.119.253-9618+[--1]-9618%26noUDP%26sock%3dcollector#222&PrivNet=senesLabNodes&addrs=127.0.0.1-9618+[--1]-9618&noUDP&sock=749_5486_3>
...
001 (18277.002.000) 08/27 01:26:00 Job executing on host: <127.0.0.1:9618?CCBID=128.104.119.253:9618%3faddrs%3d128.104.119.253-9618+[--1]-9618%26noUDP%26sock%3dcollector#231&PrivNet=senesLabNodes&addrs=127.0.0.1-9618+[--1]-9618&noUDP&sock=772_1b34_3>
...
001 (18277.005.000) 08/27 01:26:00 Job executing on host: <127.0.0.1:9618?CCBID=128.104.119.253:9618%3faddrs%3d128.104.119.253-9618+[--1]-9618%26noUDP%26sock%3dcollector#226&PrivNet=senesLabNodes&addrs=127.0.0.1-9618+[--1]-9618&noUDP&sock=749_5486_3>
...
001 (18277.003.000) 08/27 01:26:00 Job executing on host: <127.0.0.1:9618?CCBID=128.104.119.253:9618%3faddrs%3d128.104.119.253-9618+[--1]-9618%26noUDP%26sock%3dcollector#226&PrivNet=senesLabNodes&addrs=127.0.0.1-9618+[--1]-9618&noUDP&sock=749_5486_3>
...
006 (18277.003.000) 08/27 01:26:08 Image size of job updated: 375000
	183  -  MemoryUsage of job (MB)
	186392  -  ResidentSetSize of job (KB)
...
006 (18277.001.000) 08/27 01:26:08 Image size of job updated: 375000
	191  -  MemoryUsage of job (MB)
	195020  -  ResidentSetSize of job (KB)
...
006 (18277.004.000) 08/27 01:26:08 Image size of job updated: 375000
	191  -  MemoryUsage of job (MB)
	194564  -  ResidentSetSize of job (KB)
...
006 (18277.000.000) 08/27 01:26:08 Image size of job updated: 375000
	190  -  MemoryUsage of job (MB)
	194332  -  ResidentSetSize of job (KB)
...
006 (18277.002.000) 08/27 01:26:08 Image size of job updated: 375000
	191  -  MemoryUsage of job (MB)
	194616  -  ResidentSetSize of job (KB)
...
006 (18277.005.000) 08/27 01:26:08 Image size of job updated: 375000
	190  -  MemoryUsage of job (MB)
	194236  -  ResidentSetSize of job (KB)
...
006 (18277.003.000) 08/27 01:31:08 Image size of job updated: 746336
	729  -  MemoryUsage of job (MB)
	746336  -  ResidentSetSize of job (KB)
...
006 (18277.000.000) 08/27 01:31:09 Image size of job updated: 746092
	729  -  MemoryUsage of job (MB)
	746092  -  ResidentSetSize of job (KB)
...
006 (18277.002.000) 08/27 01:31:09 Image size of job updated: 746376
	729  -  MemoryUsage of job (MB)
	746376  -  ResidentSetSize of job (KB)
...
006 (18277.001.000) 08/27 01:31:09 Image size of job updated: 746252
	729  -  MemoryUsage of job (MB)
	746252  -  ResidentSetSize of job (KB)
...
006 (18277.005.000) 08/27 01:31:09 Image size of job updated: 746524
	730  -  MemoryUsage of job (MB)
	746524  -  ResidentSetSize of job (KB)
...
006 (18277.004.000) 08/27 01:31:09 Image size of job updated: 746456
	729  -  MemoryUsage of job (MB)
	746456  -  ResidentSetSize of job (KB)
...
004 (18277.002.000) 08/27 01:32:43 Job was evicted.
	(0) Job was not checkpointed.
		Usr 0 00:06:41, Sys 0 00:00:01  -  Run Remote Usage
		Usr 0 00:00:00, Sys 0 00:00:00  -  Run Local Usage
	0  -  Run Bytes Sent By Job
	376978752  -  Run Bytes Received By Job
	Partitionable Resources :    Usage  Request Allocated 
	   Cpus                 :                 1         1 
	   Disk (KB)            :   375000   375000    480230 
	   Memory (MB)          :      729      367       367 
...
004 (18277.003.000) 08/27 01:32:43 Job was evicted.
	(0) Job was not checkpointed.
		Usr 0 00:06:42, Sys 0 00:00:00  -  Run Remote Usage
		Usr 0 00:00:00, Sys 0 00:00:00  -  Run Local Usage
	0  -  Run Bytes Sent By Job
	376978752  -  Run Bytes Received By Job
	Partitionable Resources :    Usage  Request Allocated 
	   Cpus                 :                 1         1 
	   Disk (KB)            :   375000   375000    480834 
	   Memory (MB)          :      729      367       367 
...
004 (18277.005.000) 08/27 01:32:43 Job was evicted.
	(0) Job was not checkpointed.
		Usr 0 00:06:41, Sys 0 00:00:00  -  Run Remote Usage
		Usr 0 00:00:00, Sys 0 00:00:00  -  Run Local Usage
	0  -  Run Bytes Sent By Job
	376978752  -  Run Bytes Received By Job
	Partitionable Resources :    Usage  Request Allocated 
	   Cpus                 :                 1         1 
	   Disk (KB)            :   375000   375000    480834 
	   Memory (MB)          :      730      367       367 
...
004 (18277.004.000) 08/27 01:32:43 Job was evicted.
	(0) Job was not checkpointed.
		Usr 0 00:06:42, Sys 0 00:00:00  -  Run Remote Usage
		Usr 0 00:00:00, Sys 0 00:00:00  -  Run Local Usage
	0  -  Run Bytes Sent By Job
	376978752  -  Run Bytes Received By Job
	Partitionable Resources :    Usage  Request Allocated 
	   Cpus                 :                 1         1 
	   Disk (KB)            :   375000   375000    480086 
	   Memory (MB)          :      729      367       367 
...
004 (18277.000.000) 08/27 01:32:43 Job was evicted.
	(0) Job was not checkpointed.
		Usr 0 00:06:42, Sys 0 00:00:00  -  Run Remote Usage
		Usr 0 00:00:00, Sys 0 00:00:00  -  Run Local Usage
	0  -  Run Bytes Sent By Job
	376978752  -  Run Bytes Received By Job
	Partitionable Resources :    Usage  Request Allocated 
	   Cpus                 :                 1         1 
	   Disk (KB)            :   375000   375000    480460 
	   Memory (MB)          :      729      367       367 
...
004 (18277.001.000) 08/27 01:32:43 Job was evicted.
	(0) Job was not checkpointed.
		Usr 0 00:06:42, Sys 0 00:00:00  -  Run Remote Usage
		Usr 0 00:00:00, Sys 0 00:00:00  -  Run Local Usage
	0  -  Run Bytes Sent By Job
	376978752  -  Run Bytes Received By Job
	Partitionable Resources :    Usage  Request Allocated 
	   Cpus                 :                 1         1 
	   Disk (KB)            :   375000   375000    488666 
	   Memory (MB)          :      729      367       367 
...
009 (18277.003.000) 08/27 01:32:43 Job was aborted by the user.
	via condor_rm (by user gloiseau)
...
009 (18277.004.000) 08/27 01:32:43 Job was aborted by the user.
	via condor_rm (by user gloiseau)
...
009 (18277.001.000) 08/27 01:32:43 Job was aborted by the user.
	via condor_rm (by user gloiseau)
...
009 (18277.000.000) 08/27 01:32:43 Job was aborted by the user.
	via condor_rm (by user gloiseau)
...
009 (18277.002.000) 08/27 01:32:43 Job was aborted by the user.
	via condor_rm (by user gloiseau)
...
009 (18277.005.000) 08/27 01:32:43 Job was aborted by the user.
	via condor_rm (by user gloiseau)
...
000 (18292.000.000) 08/27 01:32:55 Job submitted from host: <128.104.117.220:9618?addrs=128.104.117.220-9618&noUDP&sock=1596_4d3d_3>
...
000 (18292.001.000) 08/27 01:32:55 Job submitted from host: <128.104.117.220:9618?addrs=128.104.117.220-9618&noUDP&sock=1596_4d3d_3>
...
000 (18292.002.000) 08/27 01:32:55 Job submitted from host: <128.104.117.220:9618?addrs=128.104.117.220-9618&noUDP&sock=1596_4d3d_3>
...
000 (18292.003.000) 08/27 01:32:55 Job submitted from host: <128.104.117.220:9618?addrs=128.104.117.220-9618&noUDP&sock=1596_4d3d_3>
...
000 (18292.004.000) 08/27 01:32:55 Job submitted from host: <128.104.117.220:9618?addrs=128.104.117.220-9618&noUDP&sock=1596_4d3d_3>
...
000 (18292.005.000) 08/27 01:32:55 Job submitted from host: <128.104.117.220:9618?addrs=128.104.117.220-9618&noUDP&sock=1596_4d3d_3>
...
001 (18292.002.000) 08/27 01:34:11 Job executing on host: <127.0.0.1:9618?CCBID=128.104.119.253:9618%3faddrs%3d128.104.119.253-9618+[--1]-9618%26noUDP%26sock%3dcollector#231&PrivNet=senesLabNodes&addrs=127.0.0.1-9618+[--1]-9618&noUDP&sock=772_1b34_3>
...
001 (18292.001.000) 08/27 01:34:11 Job executing on host: <192.168.1.106:9618?CCBID=128.104.119.253:9618%3faddrs%3d128.104.119.253-9618+[--1]-9618%26noUDP%26sock%3dcollector#230&PrivNet=senesLabNodes&addrs=192.168.1.106-9618+[--1]-9618&noUDP&sock=854_59f8_3>
...
001 (18292.005.000) 08/27 01:34:11 Job executing on host: <192.168.1.108:9618?CCBID=128.104.119.253:9618%3faddrs%3d128.104.119.253-9618+[--1]-9618%26noUDP%26sock%3dcollector#121&PrivNet=senesLabNodes&addrs=192.168.1.108-9618+[--1]-9618&noUDP&sock=862_d6ba_3>
...
001 (18292.000.000) 08/27 01:34:11 Job executing on host: <127.0.0.1:9618?CCBID=128.104.119.253:9618%3faddrs%3d128.104.119.253-9618+[--1]-9618%26noUDP%26sock%3dcollector#223&PrivNet=senesLabNodes&addrs=127.0.0.1-9618+[--1]-9618&noUDP&sock=745_9625_3>
...
001 (18292.003.000) 08/27 01:34:11 Job executing on host: <127.0.0.1:9618?CCBID=128.104.119.253:9618%3faddrs%3d128.104.119.253-9618+[--1]-9618%26noUDP%26sock%3dcollector#226&PrivNet=senesLabNodes&addrs=127.0.0.1-9618+[--1]-9618&noUDP&sock=749_5486_3>
...
001 (18292.004.000) 08/27 01:34:11 Job executing on host: <127.0.0.1:9618?CCBID=128.104.119.253:9618%3faddrs%3d128.104.119.253-9618+[--1]-9618%26noUDP%26sock%3dcollector#225&PrivNet=senesLabNodes&addrs=127.0.0.1-9618+[--1]-9618&noUDP&sock=749_5486_3>
...
006 (18292.001.000) 08/27 01:34:19 Image size of job updated: 375000
	182  -  MemoryUsage of job (MB)
	186196  -  ResidentSetSize of job (KB)
...
006 (18292.002.000) 08/27 01:34:19 Image size of job updated: 375000
	191  -  MemoryUsage of job (MB)
	195048  -  ResidentSetSize of job (KB)
...
006 (18292.005.000) 08/27 01:34:19 Image size of job updated: 375000
	191  -  MemoryUsage of job (MB)
	195048  -  ResidentSetSize of job (KB)
...
006 (18292.000.000) 08/27 01:34:19 Image size of job updated: 375000
	191  -  MemoryUsage of job (MB)
	194932  -  ResidentSetSize of job (KB)
...
006 (18292.003.000) 08/27 01:34:19 Image size of job updated: 375000
	190  -  MemoryUsage of job (MB)
	194236  -  ResidentSetSize of job (KB)
...
006 (18292.004.000) 08/27 01:34:20 Image size of job updated: 375000
	191  -  MemoryUsage of job (MB)
	194716  -  ResidentSetSize of job (KB)
...
006 (18292.001.000) 08/27 01:39:19 Image size of job updated: 746404
	729  -  MemoryUsage of job (MB)
	746404  -  ResidentSetSize of job (KB)
...
006 (18292.003.000) 08/27 01:39:20 Image size of job updated: 746260
	729  -  MemoryUsage of job (MB)
	746260  -  ResidentSetSize of job (KB)
...
006 (18292.000.000) 08/27 01:39:20 Image size of job updated: 746296
	729  -  MemoryUsage of job (MB)
	746296  -  ResidentSetSize of job (KB)
...
006 (18292.002.000) 08/27 01:39:20 Image size of job updated: 746544
	730  -  MemoryUsage of job (MB)
	746544  -  ResidentSetSize of job (KB)
...
006 (18292.005.000) 08/27 01:39:20 Image size of job updated: 746676
	730  -  MemoryUsage of job (MB)
	746676  -  ResidentSetSize of job (KB)
...
006 (18292.004.000) 08/27 01:39:20 Image size of job updated: 746344
	729  -  MemoryUsage of job (MB)
	746344  -  ResidentSetSize of job (KB)
...
006 (18292.004.000) 08/27 01:44:00 Image size of job updated: 746476
	729  -  MemoryUsage of job (MB)
	746344  -  ResidentSetSize of job (KB)
...
005 (18292.004.000) 08/27 01:44:00 Job terminated.
	(1) Normal termination (return value 0)
		Usr 0 00:09:48, Sys 0 00:00:00  -  Run Remote Usage
		Usr 0 00:00:00, Sys 0 00:00:00  -  Run Local Usage
		Usr 0 00:09:48, Sys 0 00:00:00  -  Total Remote Usage
		Usr 0 00:00:00, Sys 0 00:00:00  -  Total Local Usage
	0  -  Run Bytes Sent By Job
	376986528  -  Run Bytes Received By Job
	0  -  Total Bytes Sent By Job
	376986528  -  Total Bytes Received By Job
	Partitionable Resources :    Usage  Request Allocated 
	   Cpus                 :                 1         1 
	   Disk (KB)            :   375000   375000    480086 
	   Memory (MB)          :      729      367       367 
...
006 (18292.001.000) 08/27 01:44:19 Image size of job updated: 746536
	730  -  MemoryUsage of job (MB)
	746536  -  ResidentSetSize of job (KB)
...
006 (18292.003.000) 08/27 01:44:20 Image size of job updated: 746392
	729  -  MemoryUsage of job (MB)
	746392  -  ResidentSetSize of job (KB)
...
005 (18292.005.000) 08/27 01:44:33 Job terminated.
	(1) Normal termination (return value 0)
		Usr 0 00:10:21, Sys 0 00:00:00  -  Run Remote Usage
		Usr 0 00:00:00, Sys 0 00:00:00  -  Run Local Usage
		Usr 0 00:10:21, Sys 0 00:00:00  -  Total Remote Usage
		Usr 0 00:00:00, Sys 0 00:00:00  -  Total Local Usage
	0  -  Run Bytes Sent By Job
	376986528  -  Run Bytes Received By Job
	0  -  Total Bytes Sent By Job
	376986528  -  Total Bytes Received By Job
	Partitionable Resources :    Usage  Request Allocated 
	   Cpus                 :                 1         1 
	   Disk (KB)            :   375000   375000    488666 
	   Memory (MB)          :      730      367       367 
...
006 (18292.000.000) 08/27 02:06:20 Image size of job updated: 746428
	729  -  MemoryUsage of job (MB)
	746296  -  ResidentSetSize of job (KB)
...
005 (18292.000.000) 08/27 02:06:20 Job terminated.
	(1) Normal termination (return value 0)
		Usr 0 00:32:08, Sys 0 00:00:00  -  Run Remote Usage
		Usr 0 00:00:00, Sys 0 00:00:00  -  Run Local Usage
		Usr 0 00:32:08, Sys 0 00:00:00  -  Total Remote Usage
		Usr 0 00:00:00, Sys 0 00:00:00  -  Total Local Usage
	0  -  Run Bytes Sent By Job
	376986528  -  Run Bytes Received By Job
	0  -  Total Bytes Sent By Job
	376986528  -  Total Bytes Received By Job
	Partitionable Resources :    Usage  Request Allocated 
	   Cpus                 :                 1         1 
	   Disk (KB)            :   375000   375000    480108 
	   Memory (MB)          :      729      367       367 
...
005 (18292.002.000) 08/27 02:08:54 Job terminated.
	(1) Normal termination (return value 0)
		Usr 0 00:34:42, Sys 0 00:00:00  -  Run Remote Usage
		Usr 0 00:00:00, Sys 0 00:00:00  -  Run Local Usage
		Usr 0 00:34:42, Sys 0 00:00:00  -  Total Remote Usage
		Usr 0 00:00:00, Sys 0 00:00:00  -  Total Local Usage
	0  -  Run Bytes Sent By Job
	376986528  -  Run Bytes Received By Job
	0  -  Total Bytes Sent By Job
	376986528  -  Total Bytes Received By Job
	Partitionable Resources :    Usage  Request Allocated 
	   Cpus                 :                 1         1 
	   Disk (KB)            :   375000   375000    480230 
	   Memory (MB)          :      730      367       367 
...
006 (18292.001.000) 08/27 02:09:36 Image size of job updated: 758220
	730  -  MemoryUsage of job (MB)
	746536  -  ResidentSetSize of job (KB)
...
005 (18292.001.000) 08/27 02:09:36 Job terminated.
	(1) Normal termination (return value 0)
		Usr 0 00:35:23, Sys 0 00:00:00  -  Run Remote Usage
		Usr 0 00:00:00, Sys 0 00:00:00  -  Run Local Usage
		Usr 0 00:35:23, Sys 0 00:00:00  -  Total Remote Usage
		Usr 0 00:00:00, Sys 0 00:00:00  -  Total Local Usage
	0  -  Run Bytes Sent By Job
	376986528  -  Run Bytes Received By Job
	0  -  Total Bytes Sent By Job
	376986528  -  Total Bytes Received By Job
	Partitionable Resources :    Usage  Request Allocated 
	   Cpus                 :                 1         1 
	   Disk (KB)            :   375000   375000    489112 
	   Memory (MB)          :      730      367       367 
...
005 (18292.003.000) 08/27 02:14:00 Job terminated.
	(1) Normal termination (return value 0)
		Usr 0 00:39:47, Sys 0 00:00:00  -  Run Remote Usage
		Usr 0 00:00:00, Sys 0 00:00:00  -  Run Local Usage
		Usr 0 00:39:47, Sys 0 00:00:00  -  Total Remote Usage
		Usr 0 00:00:00, Sys 0 00:00:00  -  Total Local Usage
	0  -  Run Bytes Sent By Job
	376986528  -  Run Bytes Received By Job
	0  -  Total Bytes Sent By Job
	376986528  -  Total Bytes Received By Job
	Partitionable Resources :    Usage  Request Allocated 
	   Cpus                 :                 1         1 
	   Disk (KB)            :   375000   375000    480834 
	   Memory (MB)          :      729      367       367 
...
