000 (17964.004.000) 08/26 13:54:04 Job submitted from host: <128.104.117.220:9618?addrs=128.104.117.220-9618&noUDP&sock=1596_4d3d_3>
...
000 (17964.005.000) 08/26 13:54:04 Job submitted from host: <128.104.117.220:9618?addrs=128.104.117.220-9618&noUDP&sock=1596_4d3d_3>
...
000 (17964.006.000) 08/26 13:54:04 Job submitted from host: <128.104.117.220:9618?addrs=128.104.117.220-9618&noUDP&sock=1596_4d3d_3>
...
000 (17964.007.000) 08/26 13:54:04 Job submitted from host: <128.104.117.220:9618?addrs=128.104.117.220-9618&noUDP&sock=1596_4d3d_3>
...
001 (17964.006.000) 08/26 13:55:10 Job executing on host: <127.0.0.1:9618?CCBID=128.104.119.253:9618%3faddrs%3d128.104.119.253-9618+[--1]-9618%26noUDP%26sock%3dcollector#226&PrivNet=senesLabNodes&addrs=127.0.0.1-9618+[--1]-9618&noUDP&sock=749_5486_3>
...
001 (17964.004.000) 08/26 13:55:10 Job executing on host: <192.168.1.106:9618?CCBID=128.104.119.253:9618%3faddrs%3d128.104.119.253-9618+[--1]-9618%26noUDP%26sock%3dcollector#230&PrivNet=senesLabNodes&addrs=192.168.1.106-9618+[--1]-9618&noUDP&sock=854_59f8_3>
...
001 (17964.005.000) 08/26 13:55:10 Job executing on host: <127.0.0.1:9618?CCBID=128.104.119.253:9618%3faddrs%3d128.104.119.253-9618+[--1]-9618%26noUDP%26sock%3dcollector#231&PrivNet=senesLabNodes&addrs=127.0.0.1-9618+[--1]-9618&noUDP&sock=772_1b34_3>
...
001 (17964.007.000) 08/26 13:55:10 Job executing on host: <192.168.1.109:9618?CCBID=128.104.119.253:9618%3faddrs%3d128.104.119.253-9618+[--1]-9618%26noUDP%26sock%3dcollector#227&PrivNet=senesLabNodes&addrs=192.168.1.109-9618+[--1]-9618&noUDP&sock=889_5bc8_3>
...
006 (17964.005.000) 08/26 13:55:18 Image size of job updated: 375000
	186  -  MemoryUsage of job (MB)
	189556  -  ResidentSetSize of job (KB)
...
006 (17964.004.000) 08/26 13:55:18 Image size of job updated: 375000
	186  -  MemoryUsage of job (MB)
	189696  -  ResidentSetSize of job (KB)
...
006 (17964.007.000) 08/26 13:55:18 Image size of job updated: 375000
	186  -  MemoryUsage of job (MB)
	189696  -  ResidentSetSize of job (KB)
...
006 (17964.006.000) 08/26 13:55:18 Image size of job updated: 375000
	186  -  MemoryUsage of job (MB)
	189572  -  ResidentSetSize of job (KB)
...
006 (17964.007.000) 08/26 14:00:19 Image size of job updated: 831348
	812  -  MemoryUsage of job (MB)
	831348  -  ResidentSetSize of job (KB)
...
006 (17964.004.000) 08/26 14:00:19 Image size of job updated: 831348
	812  -  MemoryUsage of job (MB)
	831348  -  ResidentSetSize of job (KB)
...
006 (17964.006.000) 08/26 14:00:19 Image size of job updated: 831356
	812  -  MemoryUsage of job (MB)
	831356  -  ResidentSetSize of job (KB)
...
006 (17964.005.000) 08/26 14:00:19 Image size of job updated: 831472
	812  -  MemoryUsage of job (MB)
	831472  -  ResidentSetSize of job (KB)
...
006 (17964.004.000) 08/26 14:05:19 Image size of job updated: 831480
	812  -  MemoryUsage of job (MB)
	831480  -  ResidentSetSize of job (KB)
...
006 (17964.007.000) 08/26 14:15:20 Image size of job updated: 831480
	812  -  MemoryUsage of job (MB)
	831480  -  ResidentSetSize of job (KB)
...
005 (17964.006.000) 08/26 15:25:04 Job terminated.
	(1) Normal termination (return value 0)
		Usr 0 01:29:53, Sys 0 00:00:00  -  Run Remote Usage
		Usr 0 00:00:00, Sys 0 00:00:00  -  Run Local Usage
		Usr 0 01:29:53, Sys 0 00:00:00  -  Total Remote Usage
		Usr 0 00:00:00, Sys 0 00:00:00  -  Total Local Usage
	0  -  Run Bytes Sent By Job
	376968576  -  Run Bytes Received By Job
	0  -  Total Bytes Sent By Job
	376968576  -  Total Bytes Received By Job
	Partitionable Resources :    Usage  Request Allocated 
	   Cpus                 :                 1         1 
	   Disk (KB)            :   375000   375000    480834 
	   Memory (MB)          :      812      367       367 
...
005 (17964.005.000) 08/26 15:25:26 Job terminated.
	(1) Normal termination (return value 0)
		Usr 0 01:30:15, Sys 0 00:00:00  -  Run Remote Usage
		Usr 0 00:00:00, Sys 0 00:00:00  -  Run Local Usage
		Usr 0 01:30:15, Sys 0 00:00:00  -  Total Remote Usage
		Usr 0 00:00:00, Sys 0 00:00:00  -  Total Local Usage
	0  -  Run Bytes Sent By Job
	376968576  -  Run Bytes Received By Job
	0  -  Total Bytes Sent By Job
	376968576  -  Total Bytes Received By Job
	Partitionable Resources :    Usage  Request Allocated 
	   Cpus                 :                 1         1 
	   Disk (KB)            :   375000   375000    480230 
	   Memory (MB)          :      812      367       367 
...
006 (17964.004.000) 08/26 15:46:36 Image size of job updated: 831612
	812  -  MemoryUsage of job (MB)
	831480  -  ResidentSetSize of job (KB)
...
005 (17964.004.000) 08/26 15:46:36 Job terminated.
	(1) Normal termination (return value 0)
		Usr 0 01:51:25, Sys 0 00:00:00  -  Run Remote Usage
		Usr 0 00:00:00, Sys 0 00:00:00  -  Run Local Usage
		Usr 0 01:51:25, Sys 0 00:00:00  -  Total Remote Usage
		Usr 0 00:00:00, Sys 0 00:00:00  -  Total Local Usage
	0  -  Run Bytes Sent By Job
	376968576  -  Run Bytes Received By Job
	0  -  Total Bytes Sent By Job
	376968576  -  Total Bytes Received By Job
	Partitionable Resources :    Usage  Request Allocated 
	   Cpus                 :                 1         1 
	   Disk (KB)            :   375000   375000    489112 
	   Memory (MB)          :      812      367       367 
...
006 (17964.007.000) 08/26 16:03:58 Image size of job updated: 831612
	812  -  MemoryUsage of job (MB)
	831480  -  ResidentSetSize of job (KB)
...
005 (17964.007.000) 08/26 16:03:58 Job terminated.
	(1) Normal termination (return value 0)
		Usr 0 02:08:47, Sys 0 00:00:00  -  Run Remote Usage
		Usr 0 00:00:00, Sys 0 00:00:00  -  Run Local Usage
		Usr 0 02:08:47, Sys 0 00:00:00  -  Total Remote Usage
		Usr 0 00:00:00, Sys 0 00:00:00  -  Total Local Usage
	0  -  Run Bytes Sent By Job
	376968576  -  Run Bytes Received By Job
	0  -  Total Bytes Sent By Job
	376968576  -  Total Bytes Received By Job
	Partitionable Resources :    Usage  Request Allocated 
	   Cpus                 :                 1         1 
	   Disk (KB)            :   375000   375000    488990 
	   Memory (MB)          :      812      367       367 
...
000 (17965.004.000) 08/26 16:45:28 Job submitted from host: <128.104.117.220:9618?addrs=128.104.117.220-9618&noUDP&sock=1596_4d3d_3>
...
000 (17965.005.000) 08/26 16:45:28 Job submitted from host: <128.104.117.220:9618?addrs=128.104.117.220-9618&noUDP&sock=1596_4d3d_3>
...
000 (17965.006.000) 08/26 16:45:28 Job submitted from host: <128.104.117.220:9618?addrs=128.104.117.220-9618&noUDP&sock=1596_4d3d_3>
...
000 (17965.007.000) 08/26 16:45:28 Job submitted from host: <128.104.117.220:9618?addrs=128.104.117.220-9618&noUDP&sock=1596_4d3d_3>
...
001 (17965.006.000) 08/26 16:46:34 Job executing on host: <127.0.0.1:9618?CCBID=128.104.119.253:9618%3faddrs%3d128.104.119.253-9618+[--1]-9618%26noUDP%26sock%3dcollector#226&PrivNet=senesLabNodes&addrs=127.0.0.1-9618+[--1]-9618&noUDP&sock=749_5486_3>
...
001 (17965.004.000) 08/26 16:46:34 Job executing on host: <192.168.1.106:9618?CCBID=128.104.119.253:9618%3faddrs%3d128.104.119.253-9618+[--1]-9618%26noUDP%26sock%3dcollector#230&PrivNet=senesLabNodes&addrs=192.168.1.106-9618+[--1]-9618&noUDP&sock=854_59f8_3>
...
001 (17965.005.000) 08/26 16:46:34 Job executing on host: <127.0.0.1:9618?CCBID=128.104.119.253:9618%3faddrs%3d128.104.119.253-9618+[--1]-9618%26noUDP%26sock%3dcollector#231&PrivNet=senesLabNodes&addrs=127.0.0.1-9618+[--1]-9618&noUDP&sock=772_1b34_3>
...
001 (17965.007.000) 08/26 16:46:34 Job executing on host: <192.168.1.109:9618?CCBID=128.104.119.253:9618%3faddrs%3d128.104.119.253-9618+[--1]-9618%26noUDP%26sock%3dcollector#227&PrivNet=senesLabNodes&addrs=192.168.1.109-9618+[--1]-9618&noUDP&sock=889_5bc8_3>
...
006 (17965.005.000) 08/26 16:46:43 Image size of job updated: 375000
	185  -  MemoryUsage of job (MB)
	189352  -  ResidentSetSize of job (KB)
...
006 (17965.004.000) 08/26 16:46:43 Image size of job updated: 375000
	185  -  MemoryUsage of job (MB)
	189212  -  ResidentSetSize of job (KB)
...
006 (17965.007.000) 08/26 16:46:43 Image size of job updated: 375000
	185  -  MemoryUsage of job (MB)
	189324  -  ResidentSetSize of job (KB)
...
006 (17965.006.000) 08/26 16:46:43 Image size of job updated: 375000
	186  -  MemoryUsage of job (MB)
	189584  -  ResidentSetSize of job (KB)
...
006 (17965.005.000) 08/26 16:48:08 Image size of job updated: 458236
	185  -  MemoryUsage of job (MB)
	189352  -  ResidentSetSize of job (KB)
...
004 (17965.005.000) 08/26 16:48:08 Job was evicted.
	(0) Job was not checkpointed.
		Usr 0 00:01:32, Sys 0 00:00:00  -  Run Remote Usage
		Usr 0 00:00:00, Sys 0 00:00:00  -  Run Local Usage
	0  -  Run Bytes Sent By Job
	376956384  -  Run Bytes Received By Job
	Partitionable Resources :    Usage  Request Allocated 
	   Cpus                 :                 1         1 
	   Disk (KB)            :   375000   375000    480230 
	   Memory (MB)          :      185      367       367 
...
006 (17965.004.000) 08/26 16:48:08 Image size of job updated: 458360
	185  -  MemoryUsage of job (MB)
	189212  -  ResidentSetSize of job (KB)
...
004 (17965.004.000) 08/26 16:48:08 Job was evicted.
	(0) Job was not checkpointed.
		Usr 0 00:01:32, Sys 0 00:00:00  -  Run Remote Usage
		Usr 0 00:00:00, Sys 0 00:00:00  -  Run Local Usage
	0  -  Run Bytes Sent By Job
	376956384  -  Run Bytes Received By Job
	Partitionable Resources :    Usage  Request Allocated 
	   Cpus                 :                 1         1 
	   Disk (KB)            :   375000   375000    489112 
	   Memory (MB)          :      185      367       367 
...
006 (17965.006.000) 08/26 16:48:08 Image size of job updated: 462824
	186  -  MemoryUsage of job (MB)
	189584  -  ResidentSetSize of job (KB)
...
004 (17965.006.000) 08/26 16:48:08 Job was evicted.
	(0) Job was not checkpointed.
		Usr 0 00:01:32, Sys 0 00:00:00  -  Run Remote Usage
		Usr 0 00:00:00, Sys 0 00:00:00  -  Run Local Usage
	0  -  Run Bytes Sent By Job
	376956384  -  Run Bytes Received By Job
	Partitionable Resources :    Usage  Request Allocated 
	   Cpus                 :                 1         1 
	   Disk (KB)            :   375000   375000    480834 
	   Memory (MB)          :      186      367       367 
...
006 (17965.007.000) 08/26 16:48:08 Image size of job updated: 459264
	185  -  MemoryUsage of job (MB)
	189324  -  ResidentSetSize of job (KB)
...
004 (17965.007.000) 08/26 16:48:08 Job was evicted.
	(0) Job was not checkpointed.
		Usr 0 00:01:32, Sys 0 00:00:00  -  Run Remote Usage
		Usr 0 00:00:00, Sys 0 00:00:00  -  Run Local Usage
	0  -  Run Bytes Sent By Job
	376956384  -  Run Bytes Received By Job
	Partitionable Resources :    Usage  Request Allocated 
	   Cpus                 :                 1         1 
	   Disk (KB)            :   375000   375000    488990 
	   Memory (MB)          :      185      367       367 
...
009 (17965.004.000) 08/26 16:48:08 Job was aborted by the user.
	via condor_rm (by user gloiseau)
...
009 (17965.005.000) 08/26 16:48:08 Job was aborted by the user.
	via condor_rm (by user gloiseau)
...
009 (17965.006.000) 08/26 16:48:08 Job was aborted by the user.
	via condor_rm (by user gloiseau)
...
009 (17965.007.000) 08/26 16:48:08 Job was aborted by the user.
	via condor_rm (by user gloiseau)
...
000 (17966.004.000) 08/26 16:51:07 Job submitted from host: <128.104.117.220:9618?addrs=128.104.117.220-9618&noUDP&sock=1596_4d3d_3>
...
000 (17966.005.000) 08/26 16:51:07 Job submitted from host: <128.104.117.220:9618?addrs=128.104.117.220-9618&noUDP&sock=1596_4d3d_3>
...
000 (17966.006.000) 08/26 16:51:07 Job submitted from host: <128.104.117.220:9618?addrs=128.104.117.220-9618&noUDP&sock=1596_4d3d_3>
...
000 (17966.007.000) 08/26 16:51:07 Job submitted from host: <128.104.117.220:9618?addrs=128.104.117.220-9618&noUDP&sock=1596_4d3d_3>
...
001 (17966.005.000) 08/26 16:52:13 Job executing on host: <127.0.0.1:9618?CCBID=128.104.119.253:9618%3faddrs%3d128.104.119.253-9618+[--1]-9618%26noUDP%26sock%3dcollector#231&PrivNet=senesLabNodes&addrs=127.0.0.1-9618+[--1]-9618&noUDP&sock=772_1b34_3>
...
001 (17966.004.000) 08/26 16:52:13 Job executing on host: <192.168.1.106:9618?CCBID=128.104.119.253:9618%3faddrs%3d128.104.119.253-9618+[--1]-9618%26noUDP%26sock%3dcollector#230&PrivNet=senesLabNodes&addrs=192.168.1.106-9618+[--1]-9618&noUDP&sock=854_59f8_3>
...
001 (17966.006.000) 08/26 16:52:13 Job executing on host: <127.0.0.1:9618?CCBID=128.104.119.253:9618%3faddrs%3d128.104.119.253-9618+[--1]-9618%26noUDP%26sock%3dcollector#226&PrivNet=senesLabNodes&addrs=127.0.0.1-9618+[--1]-9618&noUDP&sock=749_5486_3>
...
001 (17966.007.000) 08/26 16:52:13 Job executing on host: <192.168.1.109:9618?CCBID=128.104.119.253:9618%3faddrs%3d128.104.119.253-9618+[--1]-9618%26noUDP%26sock%3dcollector#227&PrivNet=senesLabNodes&addrs=192.168.1.109-9618+[--1]-9618&noUDP&sock=889_5bc8_3>
...
006 (17966.004.000) 08/26 16:52:21 Image size of job updated: 375000
	185  -  MemoryUsage of job (MB)
	189228  -  ResidentSetSize of job (KB)
...
006 (17966.005.000) 08/26 16:52:21 Image size of job updated: 375000
	185  -  MemoryUsage of job (MB)
	189176  -  ResidentSetSize of job (KB)
...
006 (17966.006.000) 08/26 16:52:21 Image size of job updated: 375000
	185  -  MemoryUsage of job (MB)
	189188  -  ResidentSetSize of job (KB)
...
006 (17966.007.000) 08/26 16:52:21 Image size of job updated: 375000
	185  -  MemoryUsage of job (MB)
	189196  -  ResidentSetSize of job (KB)
...
006 (17966.004.000) 08/26 16:57:22 Image size of job updated: 743892
	727  -  MemoryUsage of job (MB)
	743892  -  ResidentSetSize of job (KB)
...
006 (17966.007.000) 08/26 16:57:22 Image size of job updated: 743860
	727  -  MemoryUsage of job (MB)
	743860  -  ResidentSetSize of job (KB)
...
006 (17966.005.000) 08/26 16:57:22 Image size of job updated: 743972
	727  -  MemoryUsage of job (MB)
	743972  -  ResidentSetSize of job (KB)
...
006 (17966.006.000) 08/26 16:57:22 Image size of job updated: 743852
	727  -  MemoryUsage of job (MB)
	743852  -  ResidentSetSize of job (KB)
...
006 (17966.006.000) 08/26 17:02:22 Image size of job updated: 744248
	727  -  MemoryUsage of job (MB)
	744248  -  ResidentSetSize of job (KB)
...
006 (17966.004.000) 08/26 17:02:22 Image size of job updated: 744156
	727  -  MemoryUsage of job (MB)
	744156  -  ResidentSetSize of job (KB)
...
006 (17966.005.000) 08/26 17:02:22 Image size of job updated: 744368
	727  -  MemoryUsage of job (MB)
	744368  -  ResidentSetSize of job (KB)
...
006 (17966.007.000) 08/26 17:02:22 Image size of job updated: 744124
	727  -  MemoryUsage of job (MB)
	744124  -  ResidentSetSize of job (KB)
...
005 (17966.005.000) 08/26 18:20:47 Job terminated.
	(1) Normal termination (return value 0)
		Usr 0 01:28:33, Sys 0 00:00:00  -  Run Remote Usage
		Usr 0 00:00:00, Sys 0 00:00:00  -  Run Local Usage
		Usr 0 01:28:33, Sys 0 00:00:00  -  Total Remote Usage
		Usr 0 00:00:00, Sys 0 00:00:00  -  Total Local Usage
	0  -  Run Bytes Sent By Job
	376968512  -  Run Bytes Received By Job
	0  -  Total Bytes Sent By Job
	376968512  -  Total Bytes Received By Job
	Partitionable Resources :    Usage  Request Allocated 
	   Cpus                 :                 1         1 
	   Disk (KB)            :   375000   375000    480230 
	   Memory (MB)          :      727      367       367 
...
005 (17966.006.000) 08/26 18:22:23 Job terminated.
	(1) Normal termination (return value 0)
		Usr 0 01:30:09, Sys 0 00:00:00  -  Run Remote Usage
		Usr 0 00:00:00, Sys 0 00:00:00  -  Run Local Usage
		Usr 0 01:30:09, Sys 0 00:00:00  -  Total Remote Usage
		Usr 0 00:00:00, Sys 0 00:00:00  -  Total Local Usage
	0  -  Run Bytes Sent By Job
	376968512  -  Run Bytes Received By Job
	0  -  Total Bytes Sent By Job
	376968512  -  Total Bytes Received By Job
	Partitionable Resources :    Usage  Request Allocated 
	   Cpus                 :                 1         1 
	   Disk (KB)            :   375000   375000    480834 
	   Memory (MB)          :      727      367       367 
...
005 (17966.004.000) 08/26 18:25:44 Job terminated.
	(1) Normal termination (return value 0)
		Usr 0 01:33:30, Sys 0 00:00:00  -  Run Remote Usage
		Usr 0 00:00:00, Sys 0 00:00:00  -  Run Local Usage
		Usr 0 01:33:30, Sys 0 00:00:00  -  Total Remote Usage
		Usr 0 00:00:00, Sys 0 00:00:00  -  Total Local Usage
	0  -  Run Bytes Sent By Job
	376968512  -  Run Bytes Received By Job
	0  -  Total Bytes Sent By Job
	376968512  -  Total Bytes Received By Job
	Partitionable Resources :    Usage  Request Allocated 
	   Cpus                 :                 1         1 
	   Disk (KB)            :   375000   375000    489112 
	   Memory (MB)          :      727      367       367 
...
006 (17966.007.000) 08/26 18:27:52 Image size of job updated: 744388
	727  -  MemoryUsage of job (MB)
	744124  -  ResidentSetSize of job (KB)
...
005 (17966.007.000) 08/26 18:27:52 Job terminated.
	(1) Normal termination (return value 0)
		Usr 0 01:35:38, Sys 0 00:00:00  -  Run Remote Usage
		Usr 0 00:00:00, Sys 0 00:00:00  -  Run Local Usage
		Usr 0 01:35:38, Sys 0 00:00:00  -  Total Remote Usage
		Usr 0 00:00:00, Sys 0 00:00:00  -  Total Local Usage
	0  -  Run Bytes Sent By Job
	376968512  -  Run Bytes Received By Job
	0  -  Total Bytes Sent By Job
	376968512  -  Total Bytes Received By Job
	Partitionable Resources :    Usage  Request Allocated 
	   Cpus                 :                 1         1 
	   Disk (KB)            :   375000   375000    488990 
	   Memory (MB)          :      727      367       367 
...
000 (17967.004.000) 08/26 18:55:03 Job submitted from host: <128.104.117.220:9618?addrs=128.104.117.220-9618&noUDP&sock=1596_4d3d_3>
...
000 (17967.005.000) 08/26 18:55:03 Job submitted from host: <128.104.117.220:9618?addrs=128.104.117.220-9618&noUDP&sock=1596_4d3d_3>
...
000 (17967.006.000) 08/26 18:55:03 Job submitted from host: <128.104.117.220:9618?addrs=128.104.117.220-9618&noUDP&sock=1596_4d3d_3>
...
000 (17967.007.000) 08/26 18:55:03 Job submitted from host: <128.104.117.220:9618?addrs=128.104.117.220-9618&noUDP&sock=1596_4d3d_3>
...
004 (17967.005.000) 08/26 18:55:15 Job was evicted.
	(0) Job was not checkpointed.
		Usr 0 00:00:00, Sys 0 00:00:00  -  Run Remote Usage
		Usr 0 00:00:00, Sys 0 00:00:00  -  Run Local Usage
	0  -  Run Bytes Sent By Job
	0  -  Run Bytes Received By Job
	Partitionable Resources :    Usage  Request Allocated 
	   Cpus                 :                 1         1 
	   Disk (KB)            :   375000   375000    480230 
	   Memory (MB)          :               367       367 
...
004 (17967.007.000) 08/26 18:55:15 Job was evicted.
	(0) Job was not checkpointed.
		Usr 0 00:00:00, Sys 0 00:00:00  -  Run Remote Usage
		Usr 0 00:00:00, Sys 0 00:00:00  -  Run Local Usage
	0  -  Run Bytes Sent By Job
	0  -  Run Bytes Received By Job
	Partitionable Resources :    Usage  Request Allocated 
	   Cpus                 :                 1         1 
	   Disk (KB)            :   375000   375000    488990 
	   Memory (MB)          :               367       367 
...
004 (17967.006.000) 08/26 18:55:15 Job was evicted.
	(0) Job was not checkpointed.
		Usr 0 00:00:00, Sys 0 00:00:00  -  Run Remote Usage
		Usr 0 00:00:00, Sys 0 00:00:00  -  Run Local Usage
	0  -  Run Bytes Sent By Job
	0  -  Run Bytes Received By Job
	Partitionable Resources :    Usage  Request Allocated 
	   Cpus                 :                 1         1 
	   Disk (KB)            :   375000   375000    480834 
	   Memory (MB)          :               367       367 
...
004 (17967.004.000) 08/26 18:55:16 Job was evicted.
	(0) Job was not checkpointed.
		Usr 0 00:00:00, Sys 0 00:00:00  -  Run Remote Usage
		Usr 0 00:00:00, Sys 0 00:00:00  -  Run Local Usage
	0  -  Run Bytes Sent By Job
	0  -  Run Bytes Received By Job
	Partitionable Resources :    Usage  Request Allocated 
	   Cpus                 :                 1         1 
	   Disk (KB)            :   375000   375000    489112 
	   Memory (MB)          :               367       367 
...
009 (17967.005.000) 08/26 18:55:16 Job was aborted by the user.
	via condor_rm (by user gloiseau)
...
009 (17967.006.000) 08/26 18:55:16 Job was aborted by the user.
	via condor_rm (by user gloiseau)
...
009 (17967.007.000) 08/26 18:55:16 Job was aborted by the user.
	via condor_rm (by user gloiseau)
...
009 (17967.004.000) 08/26 18:55:16 Job was aborted by the user.
	via condor_rm (by user gloiseau)
...
000 (17968.004.000) 08/26 18:55:16 Job submitted from host: <128.104.117.220:9618?addrs=128.104.117.220-9618&noUDP&sock=1596_4d3d_3>
...
000 (17968.005.000) 08/26 18:55:16 Job submitted from host: <128.104.117.220:9618?addrs=128.104.117.220-9618&noUDP&sock=1596_4d3d_3>
...
000 (17968.006.000) 08/26 18:55:16 Job submitted from host: <128.104.117.220:9618?addrs=128.104.117.220-9618&noUDP&sock=1596_4d3d_3>
...
000 (17968.007.000) 08/26 18:55:16 Job submitted from host: <128.104.117.220:9618?addrs=128.104.117.220-9618&noUDP&sock=1596_4d3d_3>
...
001 (17968.007.000) 08/26 18:56:26 Job executing on host: <192.168.1.109:9618?CCBID=128.104.119.253:9618%3faddrs%3d128.104.119.253-9618+[--1]-9618%26noUDP%26sock%3dcollector#227&PrivNet=senesLabNodes&addrs=192.168.1.109-9618+[--1]-9618&noUDP&sock=889_5bc8_3>
...
001 (17968.004.000) 08/26 18:56:26 Job executing on host: <192.168.1.106:9618?CCBID=128.104.119.253:9618%3faddrs%3d128.104.119.253-9618+[--1]-9618%26noUDP%26sock%3dcollector#230&PrivNet=senesLabNodes&addrs=192.168.1.106-9618+[--1]-9618&noUDP&sock=854_59f8_3>
...
001 (17968.006.000) 08/26 18:56:26 Job executing on host: <127.0.0.1:9618?CCBID=128.104.119.253:9618%3faddrs%3d128.104.119.253-9618+[--1]-9618%26noUDP%26sock%3dcollector#226&PrivNet=senesLabNodes&addrs=127.0.0.1-9618+[--1]-9618&noUDP&sock=749_5486_3>
...
001 (17968.005.000) 08/26 18:56:26 Job executing on host: <127.0.0.1:9618?CCBID=128.104.119.253:9618%3faddrs%3d128.104.119.253-9618+[--1]-9618%26noUDP%26sock%3dcollector#231&PrivNet=senesLabNodes&addrs=127.0.0.1-9618+[--1]-9618&noUDP&sock=772_1b34_3>
...
006 (17968.007.000) 08/26 18:56:34 Image size of job updated: 375000
	185  -  MemoryUsage of job (MB)
	189364  -  ResidentSetSize of job (KB)
...
006 (17968.006.000) 08/26 18:56:34 Image size of job updated: 375000
	185  -  MemoryUsage of job (MB)
	189380  -  ResidentSetSize of job (KB)
...
006 (17968.005.000) 08/26 18:56:34 Image size of job updated: 375000
	185  -  MemoryUsage of job (MB)
	189320  -  ResidentSetSize of job (KB)
...
006 (17968.004.000) 08/26 18:56:34 Image size of job updated: 375000
	185  -  MemoryUsage of job (MB)
	189364  -  ResidentSetSize of job (KB)
...
006 (17968.007.000) 08/26 19:01:34 Image size of job updated: 743896
	727  -  MemoryUsage of job (MB)
	743896  -  ResidentSetSize of job (KB)
...
006 (17968.005.000) 08/26 19:01:35 Image size of job updated: 743984
	727  -  MemoryUsage of job (MB)
	743984  -  ResidentSetSize of job (KB)
...
006 (17968.006.000) 08/26 19:01:35 Image size of job updated: 743912
	727  -  MemoryUsage of job (MB)
	743912  -  ResidentSetSize of job (KB)
...
006 (17968.004.000) 08/26 19:01:35 Image size of job updated: 743896
	727  -  MemoryUsage of job (MB)
	743896  -  ResidentSetSize of job (KB)
...
006 (17968.007.000) 08/26 19:06:34 Image size of job updated: 744160
	727  -  MemoryUsage of job (MB)
	744160  -  ResidentSetSize of job (KB)
...
006 (17968.006.000) 08/26 19:06:35 Image size of job updated: 744176
	727  -  MemoryUsage of job (MB)
	744176  -  ResidentSetSize of job (KB)
...
006 (17968.005.000) 08/26 19:06:35 Image size of job updated: 744248
	727  -  MemoryUsage of job (MB)
	744248  -  ResidentSetSize of job (KB)
...
006 (17968.004.000) 08/26 19:06:36 Image size of job updated: 744160
	727  -  MemoryUsage of job (MB)
	744160  -  ResidentSetSize of job (KB)
...
006 (17968.004.000) 08/26 19:11:37 Image size of job updated: 744292
	727  -  MemoryUsage of job (MB)
	744292  -  ResidentSetSize of job (KB)
...
006 (17968.005.000) 08/26 20:29:03 Image size of job updated: 744512
	727  -  MemoryUsage of job (MB)
	744248  -  ResidentSetSize of job (KB)
...
005 (17968.005.000) 08/26 20:29:03 Job terminated.
	(1) Normal termination (return value 0)
		Usr 0 01:32:35, Sys 0 00:00:00  -  Run Remote Usage
		Usr 0 00:00:00, Sys 0 00:00:00  -  Run Local Usage
		Usr 0 01:32:35, Sys 0 00:00:00  -  Total Remote Usage
		Usr 0 00:00:00, Sys 0 00:00:00  -  Total Local Usage
	0  -  Run Bytes Sent By Job
	376972736  -  Run Bytes Received By Job
	0  -  Total Bytes Sent By Job
	376972736  -  Total Bytes Received By Job
	Partitionable Resources :    Usage  Request Allocated 
	   Cpus                 :                 1         1 
	   Disk (KB)            :   375000   375000    480230 
	   Memory (MB)          :      727      367       367 
...
005 (17968.006.000) 08/26 20:33:25 Job terminated.
	(1) Normal termination (return value 0)
		Usr 0 01:36:59, Sys 0 00:00:00  -  Run Remote Usage
		Usr 0 00:00:00, Sys 0 00:00:00  -  Run Local Usage
		Usr 0 01:36:59, Sys 0 00:00:00  -  Total Remote Usage
		Usr 0 00:00:00, Sys 0 00:00:00  -  Total Local Usage
	0  -  Run Bytes Sent By Job
	376972736  -  Run Bytes Received By Job
	0  -  Total Bytes Sent By Job
	376972736  -  Total Bytes Received By Job
	Partitionable Resources :    Usage  Request Allocated 
	   Cpus                 :                 1         1 
	   Disk (KB)            :   375000   375000    480834 
	   Memory (MB)          :      727      367       367 
...
005 (17968.007.000) 08/26 20:36:33 Job terminated.
	(1) Normal termination (return value 0)
		Usr 0 01:40:07, Sys 0 00:00:00  -  Run Remote Usage
		Usr 0 00:00:00, Sys 0 00:00:00  -  Run Local Usage
		Usr 0 01:40:07, Sys 0 00:00:00  -  Total Remote Usage
		Usr 0 00:00:00, Sys 0 00:00:00  -  Total Local Usage
	0  -  Run Bytes Sent By Job
	376972736  -  Run Bytes Received By Job
	0  -  Total Bytes Sent By Job
	376972736  -  Total Bytes Received By Job
	Partitionable Resources :    Usage  Request Allocated 
	   Cpus                 :                 1         1 
	   Disk (KB)            :   375000   375000    488990 
	   Memory (MB)          :      727      367       367 
...
004 (17968.004.000) 08/26 20:57:37 Job was evicted.
	(0) Job was not checkpointed.
		Usr 0 02:01:10, Sys 0 00:00:00  -  Run Remote Usage
		Usr 0 00:00:00, Sys 0 00:00:00  -  Run Local Usage
	0  -  Run Bytes Sent By Job
	376972736  -  Run Bytes Received By Job
	Partitionable Resources :    Usage  Request Allocated 
	   Cpus                 :                 1         1 
	   Disk (KB)            :   375000   375000    489112 
	   Memory (MB)          :      727      367       367 
...
009 (17968.004.000) 08/26 20:57:37 Job was aborted by the user.
	via condor_rm (by user gloiseau)
...
000 (17969.004.000) 08/26 20:57:49 Job submitted from host: <128.104.117.220:9618?addrs=128.104.117.220-9618&noUDP&sock=1596_4d3d_3>
...
000 (17969.005.000) 08/26 20:57:49 Job submitted from host: <128.104.117.220:9618?addrs=128.104.117.220-9618&noUDP&sock=1596_4d3d_3>
...
000 (17969.006.000) 08/26 20:57:49 Job submitted from host: <128.104.117.220:9618?addrs=128.104.117.220-9618&noUDP&sock=1596_4d3d_3>
...
000 (17969.007.000) 08/26 20:57:49 Job submitted from host: <128.104.117.220:9618?addrs=128.104.117.220-9618&noUDP&sock=1596_4d3d_3>
...
001 (17969.004.000) 08/26 20:58:54 Job executing on host: <192.168.1.106:9618?CCBID=128.104.119.253:9618%3faddrs%3d128.104.119.253-9618+[--1]-9618%26noUDP%26sock%3dcollector#230&PrivNet=senesLabNodes&addrs=192.168.1.106-9618+[--1]-9618&noUDP&sock=854_59f8_3>
...
001 (17969.005.000) 08/26 20:58:55 Job executing on host: <127.0.0.1:9618?CCBID=128.104.119.253:9618%3faddrs%3d128.104.119.253-9618+[--1]-9618%26noUDP%26sock%3dcollector#231&PrivNet=senesLabNodes&addrs=127.0.0.1-9618+[--1]-9618&noUDP&sock=772_1b34_3>
...
001 (17969.007.000) 08/26 20:58:55 Job executing on host: <192.168.1.109:9618?CCBID=128.104.119.253:9618%3faddrs%3d128.104.119.253-9618+[--1]-9618%26noUDP%26sock%3dcollector#227&PrivNet=senesLabNodes&addrs=192.168.1.109-9618+[--1]-9618&noUDP&sock=889_5bc8_3>
...
001 (17969.006.000) 08/26 20:58:55 Job executing on host: <127.0.0.1:9618?CCBID=128.104.119.253:9618%3faddrs%3d128.104.119.253-9618+[--1]-9618%26noUDP%26sock%3dcollector#226&PrivNet=senesLabNodes&addrs=127.0.0.1-9618+[--1]-9618&noUDP&sock=749_5486_3>
...
006 (17969.004.000) 08/26 20:59:03 Image size of job updated: 375000
	185  -  MemoryUsage of job (MB)
	189264  -  ResidentSetSize of job (KB)
...
006 (17969.007.000) 08/26 20:59:03 Image size of job updated: 375000
	185  -  MemoryUsage of job (MB)
	189372  -  ResidentSetSize of job (KB)
...
006 (17969.005.000) 08/26 20:59:03 Image size of job updated: 375000
	185  -  MemoryUsage of job (MB)
	189276  -  ResidentSetSize of job (KB)
...
006 (17969.006.000) 08/26 20:59:03 Image size of job updated: 375000
	185  -  MemoryUsage of job (MB)
	189272  -  ResidentSetSize of job (KB)
...
006 (17969.004.000) 08/26 21:04:03 Image size of job updated: 743928
	727  -  MemoryUsage of job (MB)
	743928  -  ResidentSetSize of job (KB)
...
006 (17969.007.000) 08/26 21:04:03 Image size of job updated: 743904
	727  -  MemoryUsage of job (MB)
	743904  -  ResidentSetSize of job (KB)
...
006 (17969.005.000) 08/26 21:04:03 Image size of job updated: 743940
	727  -  MemoryUsage of job (MB)
	743940  -  ResidentSetSize of job (KB)
...
006 (17969.006.000) 08/26 21:04:04 Image size of job updated: 744068
	727  -  MemoryUsage of job (MB)
	744068  -  ResidentSetSize of job (KB)
...
004 (17969.006.000) 08/26 21:05:17 Job was evicted.
	(0) Job was not checkpointed.
		Usr 0 00:06:21, Sys 0 00:00:00  -  Run Remote Usage
		Usr 0 00:00:00, Sys 0 00:00:00  -  Run Local Usage
	0  -  Run Bytes Sent By Job
	376904192  -  Run Bytes Received By Job
	Partitionable Resources :    Usage  Request Allocated 
	   Cpus                 :                 1         1 
	   Disk (KB)            :   375000   375000    480834 
	   Memory (MB)          :      727      367       367 
...
001 (17969.006.000) 08/26 21:08:54 Job executing on host: <127.0.0.1:9618?CCBID=128.104.119.253:9618%3faddrs%3d128.104.119.253-9618+[--1]-9618%26noUDP%26sock%3dcollector#222&PrivNet=senesLabNodes&addrs=127.0.0.1-9618+[--1]-9618&noUDP&sock=749_5486_3>
...
006 (17969.007.000) 08/26 21:09:03 Image size of job updated: 744300
	727  -  MemoryUsage of job (MB)
	744300  -  ResidentSetSize of job (KB)
...
006 (17969.004.000) 08/26 21:09:03 Image size of job updated: 744192
	727  -  MemoryUsage of job (MB)
	744192  -  ResidentSetSize of job (KB)
...
005 (17969.006.000) 08/26 21:09:04 Job terminated.
	(1) Normal termination (return value 0)
		Usr 0 00:00:09, Sys 0 00:00:00  -  Run Remote Usage
		Usr 0 00:00:00, Sys 0 00:00:00  -  Run Local Usage
		Usr 0 00:06:30, Sys 0 00:00:00  -  Total Remote Usage
		Usr 0 00:00:00, Sys 0 00:00:00  -  Total Local Usage
	0  -  Run Bytes Sent By Job
	376764704  -  Run Bytes Received By Job
	0  -  Total Bytes Sent By Job
	753668864  -  Total Bytes Received By Job
	Partitionable Resources :    Usage  Request Allocated 
	   Cpus                 :                 1         1 
	   Disk (KB)            :   375000   375000    480460 
	   Memory (MB)          :      733      733       733 
...
006 (17969.007.000) 08/26 21:14:03 Image size of job updated: 744432
	727  -  MemoryUsage of job (MB)
	744432  -  ResidentSetSize of job (KB)
...
006 (17969.005.000) 08/26 21:14:04 Image size of job updated: 744468
	728  -  MemoryUsage of job (MB)
	744468  -  ResidentSetSize of job (KB)
...
006 (17969.004.000) 08/26 21:19:04 Image size of job updated: 744324
	727  -  MemoryUsage of job (MB)
	744324  -  ResidentSetSize of job (KB)
...
004 (17969.005.000) 08/26 21:20:46 Job was evicted.
	(0) Job was not checkpointed.
		Usr 0 00:21:50, Sys 0 00:00:00  -  Run Remote Usage
		Usr 0 00:00:00, Sys 0 00:00:00  -  Run Local Usage
	0  -  Run Bytes Sent By Job
	376904192  -  Run Bytes Received By Job
	Partitionable Resources :    Usage  Request Allocated 
	   Cpus                 :                 1         1 
	   Disk (KB)            :   375000   375000    480230 
	   Memory (MB)          :      728      367       367 
...
004 (17969.007.000) 08/26 21:20:46 Job was evicted.
	(0) Job was not checkpointed.
		Usr 0 00:21:50, Sys 0 00:00:00  -  Run Remote Usage
		Usr 0 00:00:00, Sys 0 00:00:00  -  Run Local Usage
	0  -  Run Bytes Sent By Job
	376904192  -  Run Bytes Received By Job
	Partitionable Resources :    Usage  Request Allocated 
	   Cpus                 :                 1         1 
	   Disk (KB)            :   375000   375000    488990 
	   Memory (MB)          :      727      367       367 
...
004 (17969.004.000) 08/26 21:20:46 Job was evicted.
	(0) Job was not checkpointed.
		Usr 0 00:21:50, Sys 0 00:00:00  -  Run Remote Usage
		Usr 0 00:00:00, Sys 0 00:00:00  -  Run Local Usage
	0  -  Run Bytes Sent By Job
	376904192  -  Run Bytes Received By Job
	Partitionable Resources :    Usage  Request Allocated 
	   Cpus                 :                 1         1 
	   Disk (KB)            :   375000   375000    489112 
	   Memory (MB)          :      727      367       367 
...
009 (17969.005.000) 08/26 21:20:46 Job was aborted by the user.
	via condor_rm (by user gloiseau)
...
009 (17969.004.000) 08/26 21:20:46 Job was aborted by the user.
	via condor_rm (by user gloiseau)
...
009 (17969.007.000) 08/26 21:20:46 Job was aborted by the user.
	via condor_rm (by user gloiseau)
...
000 (17970.004.000) 08/26 21:21:47 Job submitted from host: <128.104.117.220:9618?addrs=128.104.117.220-9618&noUDP&sock=1596_4d3d_3>
...
000 (17970.005.000) 08/26 21:21:47 Job submitted from host: <128.104.117.220:9618?addrs=128.104.117.220-9618&noUDP&sock=1596_4d3d_3>
...
000 (17970.006.000) 08/26 21:21:47 Job submitted from host: <128.104.117.220:9618?addrs=128.104.117.220-9618&noUDP&sock=1596_4d3d_3>
...
000 (17970.007.000) 08/26 21:21:47 Job submitted from host: <128.104.117.220:9618?addrs=128.104.117.220-9618&noUDP&sock=1596_4d3d_3>
...
004 (17970.007.000) 08/26 21:22:38 Job was evicted.
	(0) Job was not checkpointed.
		Usr 0 00:00:00, Sys 0 00:00:00  -  Run Remote Usage
		Usr 0 00:00:00, Sys 0 00:00:00  -  Run Local Usage
	0  -  Run Bytes Sent By Job
	0  -  Run Bytes Received By Job
	Partitionable Resources :    Usage  Request Allocated 
	   Cpus                 :                 1         1 
	   Disk (KB)            :   375000   375000    488990 
	   Memory (MB)          :               367       367 
...
004 (17970.004.000) 08/26 21:22:38 Job was evicted.
	(0) Job was not checkpointed.
		Usr 0 00:00:00, Sys 0 00:00:00  -  Run Remote Usage
		Usr 0 00:00:00, Sys 0 00:00:00  -  Run Local Usage
	0  -  Run Bytes Sent By Job
	0  -  Run Bytes Received By Job
	Partitionable Resources :    Usage  Request Allocated 
	   Cpus                 :                 1         1 
	   Disk (KB)            :   375000   375000    489112 
	   Memory (MB)          :               367       367 
...
004 (17970.006.000) 08/26 21:22:38 Job was evicted.
	(0) Job was not checkpointed.
		Usr 0 00:00:00, Sys 0 00:00:00  -  Run Remote Usage
		Usr 0 00:00:00, Sys 0 00:00:00  -  Run Local Usage
	0  -  Run Bytes Sent By Job
	0  -  Run Bytes Received By Job
	Partitionable Resources :    Usage  Request Allocated 
	   Cpus                 :                 1         1 
	   Disk (KB)            :   375000   375000    480834 
	   Memory (MB)          :               367       367 
...
004 (17970.005.000) 08/26 21:22:38 Job was evicted.
	(0) Job was not checkpointed.
		Usr 0 00:00:00, Sys 0 00:00:00  -  Run Remote Usage
		Usr 0 00:00:00, Sys 0 00:00:00  -  Run Local Usage
	0  -  Run Bytes Sent By Job
	0  -  Run Bytes Received By Job
	Partitionable Resources :    Usage  Request Allocated 
	   Cpus                 :                 1         1 
	   Disk (KB)            :   375000   375000    480230 
	   Memory (MB)          :               367       367 
...
009 (17970.004.000) 08/26 21:22:38 Job was aborted by the user.
	via condor_rm (by user gloiseau)
...
009 (17970.005.000) 08/26 21:22:38 Job was aborted by the user.
	via condor_rm (by user gloiseau)
...
009 (17970.006.000) 08/26 21:22:38 Job was aborted by the user.
	via condor_rm (by user gloiseau)
...
009 (17970.007.000) 08/26 21:22:39 Job was aborted by the user.
	via condor_rm (by user gloiseau)
...
000 (17971.004.000) 08/26 21:27:19 Job submitted from host: <128.104.117.220:9618?addrs=128.104.117.220-9618&noUDP&sock=1596_4d3d_3>
...
000 (17971.005.000) 08/26 21:27:19 Job submitted from host: <128.104.117.220:9618?addrs=128.104.117.220-9618&noUDP&sock=1596_4d3d_3>
...
000 (17971.006.000) 08/26 21:27:19 Job submitted from host: <128.104.117.220:9618?addrs=128.104.117.220-9618&noUDP&sock=1596_4d3d_3>
...
000 (17971.007.000) 08/26 21:27:19 Job submitted from host: <128.104.117.220:9618?addrs=128.104.117.220-9618&noUDP&sock=1596_4d3d_3>
...
001 (17971.004.000) 08/26 21:28:25 Job executing on host: <192.168.1.106:9618?CCBID=128.104.119.253:9618%3faddrs%3d128.104.119.253-9618+[--1]-9618%26noUDP%26sock%3dcollector#230&PrivNet=senesLabNodes&addrs=192.168.1.106-9618+[--1]-9618&noUDP&sock=854_59f8_3>
...
001 (17971.007.000) 08/26 21:28:25 Job executing on host: <192.168.1.109:9618?CCBID=128.104.119.253:9618%3faddrs%3d128.104.119.253-9618+[--1]-9618%26noUDP%26sock%3dcollector#227&PrivNet=senesLabNodes&addrs=192.168.1.109-9618+[--1]-9618&noUDP&sock=889_5bc8_3>
...
001 (17971.006.000) 08/26 21:28:25 Job executing on host: <127.0.0.1:9618?CCBID=128.104.119.253:9618%3faddrs%3d128.104.119.253-9618+[--1]-9618%26noUDP%26sock%3dcollector#226&PrivNet=senesLabNodes&addrs=127.0.0.1-9618+[--1]-9618&noUDP&sock=749_5486_3>
...
001 (17971.005.000) 08/26 21:28:25 Job executing on host: <127.0.0.1:9618?CCBID=128.104.119.253:9618%3faddrs%3d128.104.119.253-9618+[--1]-9618%26noUDP%26sock%3dcollector#231&PrivNet=senesLabNodes&addrs=127.0.0.1-9618+[--1]-9618&noUDP&sock=772_1b34_3>
...
006 (17971.004.000) 08/26 21:28:33 Image size of job updated: 375000
	185  -  MemoryUsage of job (MB)
	189380  -  ResidentSetSize of job (KB)
...
006 (17971.007.000) 08/26 21:28:33 Image size of job updated: 375000
	186  -  MemoryUsage of job (MB)
	189524  -  ResidentSetSize of job (KB)
...
006 (17971.006.000) 08/26 21:28:33 Image size of job updated: 375000
	185  -  MemoryUsage of job (MB)
	189352  -  ResidentSetSize of job (KB)
...
006 (17971.005.000) 08/26 21:28:33 Image size of job updated: 375000
	185  -  MemoryUsage of job (MB)
	189264  -  ResidentSetSize of job (KB)
...
006 (17971.004.000) 08/26 21:33:33 Image size of job updated: 744044
	727  -  MemoryUsage of job (MB)
	744044  -  ResidentSetSize of job (KB)
...
006 (17971.007.000) 08/26 21:33:33 Image size of job updated: 743792
	727  -  MemoryUsage of job (MB)
	743792  -  ResidentSetSize of job (KB)
...
006 (17971.006.000) 08/26 21:33:33 Image size of job updated: 743884
	727  -  MemoryUsage of job (MB)
	743884  -  ResidentSetSize of job (KB)
...
006 (17971.005.000) 08/26 21:33:34 Image size of job updated: 743796
	727  -  MemoryUsage of job (MB)
	743796  -  ResidentSetSize of job (KB)
...
006 (17971.007.000) 08/26 21:38:33 Image size of job updated: 744188
	727  -  MemoryUsage of job (MB)
	744188  -  ResidentSetSize of job (KB)
...
006 (17971.004.000) 08/26 21:38:33 Image size of job updated: 744308
	727  -  MemoryUsage of job (MB)
	744308  -  ResidentSetSize of job (KB)
...
006 (17971.005.000) 08/26 21:38:34 Image size of job updated: 744192
	727  -  MemoryUsage of job (MB)
	744192  -  ResidentSetSize of job (KB)
...
006 (17971.006.000) 08/26 21:38:34 Image size of job updated: 744412
	727  -  MemoryUsage of job (MB)
	744412  -  ResidentSetSize of job (KB)
...
006 (17971.004.000) 08/26 21:53:35 Image size of job updated: 744440
	727  -  MemoryUsage of job (MB)
	744440  -  ResidentSetSize of job (KB)
...
006 (17971.005.000) 08/26 22:29:56 Image size of job updated: 744456
	727  -  MemoryUsage of job (MB)
	744192  -  ResidentSetSize of job (KB)
...
005 (17971.005.000) 08/26 22:29:56 Job terminated.
	(1) Normal termination (return value 0)
		Usr 0 01:01:30, Sys 0 00:00:00  -  Run Remote Usage
		Usr 0 00:00:00, Sys 0 00:00:00  -  Run Local Usage
		Usr 0 01:01:30, Sys 0 00:00:00  -  Total Remote Usage
		Usr 0 00:00:00, Sys 0 00:00:00  -  Total Local Usage
	0  -  Run Bytes Sent By Job
	376942048  -  Run Bytes Received By Job
	0  -  Total Bytes Sent By Job
	376942048  -  Total Bytes Received By Job
	Partitionable Resources :    Usage  Request Allocated 
	   Cpus                 :                 1         1 
	   Disk (KB)            :   375000   375000    480230 
	   Memory (MB)          :      727      367       367 
...
006 (17971.006.000) 08/26 22:35:04 Image size of job updated: 756072
	727  -  MemoryUsage of job (MB)
	744412  -  ResidentSetSize of job (KB)
...
005 (17971.006.000) 08/26 22:35:04 Job terminated.
	(1) Normal termination (return value 0)
		Usr 0 01:06:38, Sys 0 00:00:00  -  Run Remote Usage
		Usr 0 00:00:00, Sys 0 00:00:00  -  Run Local Usage
		Usr 0 01:06:38, Sys 0 00:00:00  -  Total Remote Usage
		Usr 0 00:00:00, Sys 0 00:00:00  -  Total Local Usage
	0  -  Run Bytes Sent By Job
	376942048  -  Run Bytes Received By Job
	0  -  Total Bytes Sent By Job
	376942048  -  Total Bytes Received By Job
	Partitionable Resources :    Usage  Request Allocated 
	   Cpus                 :                 1         1 
	   Disk (KB)            :   375000   375000    480834 
	   Memory (MB)          :      727      367       367 
...
005 (17971.004.000) 08/26 22:39:05 Job terminated.
	(1) Normal termination (return value 0)
		Usr 0 01:10:40, Sys 0 00:00:00  -  Run Remote Usage
		Usr 0 00:00:00, Sys 0 00:00:00  -  Run Local Usage
		Usr 0 01:10:40, Sys 0 00:00:00  -  Total Remote Usage
		Usr 0 00:00:00, Sys 0 00:00:00  -  Total Local Usage
	0  -  Run Bytes Sent By Job
	376942048  -  Run Bytes Received By Job
	0  -  Total Bytes Sent By Job
	376942048  -  Total Bytes Received By Job
	Partitionable Resources :    Usage  Request Allocated 
	   Cpus                 :                 1         1 
	   Disk (KB)            :   375000   375000    489112 
	   Memory (MB)          :      727      367       367 
...
006 (17971.007.000) 08/26 22:47:04 Image size of job updated: 744584
	727  -  MemoryUsage of job (MB)
	744188  -  ResidentSetSize of job (KB)
...
005 (17971.007.000) 08/26 22:47:04 Job terminated.
	(1) Normal termination (return value 0)
		Usr 0 01:18:38, Sys 0 00:00:00  -  Run Remote Usage
		Usr 0 00:00:00, Sys 0 00:00:00  -  Run Local Usage
		Usr 0 01:18:38, Sys 0 00:00:00  -  Total Remote Usage
		Usr 0 00:00:00, Sys 0 00:00:00  -  Total Local Usage
	0  -  Run Bytes Sent By Job
	376942048  -  Run Bytes Received By Job
	0  -  Total Bytes Sent By Job
	376942048  -  Total Bytes Received By Job
	Partitionable Resources :    Usage  Request Allocated 
	   Cpus                 :                 1         1 
	   Disk (KB)            :   375000   375000    488990 
	   Memory (MB)          :      727      367       367 
...
000 (17978.004.000) 08/26 23:19:49 Job submitted from host: <128.104.117.220:9618?addrs=128.104.117.220-9618&noUDP&sock=1596_4d3d_3>
...
000 (17978.005.000) 08/26 23:19:49 Job submitted from host: <128.104.117.220:9618?addrs=128.104.117.220-9618&noUDP&sock=1596_4d3d_3>
...
000 (17978.006.000) 08/26 23:19:49 Job submitted from host: <128.104.117.220:9618?addrs=128.104.117.220-9618&noUDP&sock=1596_4d3d_3>
...
000 (17978.007.000) 08/26 23:19:49 Job submitted from host: <128.104.117.220:9618?addrs=128.104.117.220-9618&noUDP&sock=1596_4d3d_3>
...
001 (17978.007.000) 08/26 23:20:54 Job executing on host: <192.168.1.109:9618?CCBID=128.104.119.253:9618%3faddrs%3d128.104.119.253-9618+[--1]-9618%26noUDP%26sock%3dcollector#227&PrivNet=senesLabNodes&addrs=192.168.1.109-9618+[--1]-9618&noUDP&sock=889_5bc8_3>
...
001 (17978.004.000) 08/26 23:20:55 Job executing on host: <192.168.1.108:9618?CCBID=128.104.119.253:9618%3faddrs%3d128.104.119.253-9618+[--1]-9618%26noUDP%26sock%3dcollector#121&PrivNet=senesLabNodes&addrs=192.168.1.108-9618+[--1]-9618&noUDP&sock=862_d6ba_3>
...
001 (17978.006.000) 08/26 23:20:55 Job executing on host: <127.0.0.1:9618?CCBID=128.104.119.253:9618%3faddrs%3d128.104.119.253-9618+[--1]-9618%26noUDP%26sock%3dcollector#231&PrivNet=senesLabNodes&addrs=127.0.0.1-9618+[--1]-9618&noUDP&sock=772_1b34_3>
...
001 (17978.005.000) 08/26 23:20:55 Job executing on host: <127.0.0.1:9618?CCBID=128.104.119.253:9618%3faddrs%3d128.104.119.253-9618+[--1]-9618%26noUDP%26sock%3dcollector#223&PrivNet=senesLabNodes&addrs=127.0.0.1-9618+[--1]-9618&noUDP&sock=745_9625_3>
...
006 (17978.007.000) 08/26 23:21:02 Image size of job updated: 375000
	185  -  MemoryUsage of job (MB)
	189136  -  ResidentSetSize of job (KB)
...
006 (17978.004.000) 08/26 23:21:03 Image size of job updated: 375000
	185  -  MemoryUsage of job (MB)
	188940  -  ResidentSetSize of job (KB)
...
006 (17978.005.000) 08/26 23:21:03 Image size of job updated: 375000
	185  -  MemoryUsage of job (MB)
	189264  -  ResidentSetSize of job (KB)
...
006 (17978.006.000) 08/26 23:21:03 Image size of job updated: 375000
	185  -  MemoryUsage of job (MB)
	189120  -  ResidentSetSize of job (KB)
...
006 (17978.005.000) 08/26 23:24:25 Image size of job updated: 743928
	185  -  MemoryUsage of job (MB)
	189264  -  ResidentSetSize of job (KB)
...
004 (17978.005.000) 08/26 23:24:25 Job was evicted.
	(0) Job was not checkpointed.
		Usr 0 00:03:29, Sys 0 00:00:00  -  Run Remote Usage
		Usr 0 00:00:00, Sys 0 00:00:00  -  Run Local Usage
	0  -  Run Bytes Sent By Job
	376929600  -  Run Bytes Received By Job
	Partitionable Resources :    Usage  Request Allocated 
	   Cpus                 :                 1         1 
	   Disk (KB)            :   375000   375000    480108 
	   Memory (MB)          :      185      367       367 
...
006 (17978.006.000) 08/26 23:24:25 Image size of job updated: 743784
	185  -  MemoryUsage of job (MB)
	189120  -  ResidentSetSize of job (KB)
...
004 (17978.006.000) 08/26 23:24:25 Job was evicted.
	(0) Job was not checkpointed.
		Usr 0 00:03:29, Sys 0 00:00:00  -  Run Remote Usage
		Usr 0 00:00:00, Sys 0 00:00:00  -  Run Local Usage
	0  -  Run Bytes Sent By Job
	376929600  -  Run Bytes Received By Job
	Partitionable Resources :    Usage  Request Allocated 
	   Cpus                 :                 1         1 
	   Disk (KB)            :   375000   375000    480230 
	   Memory (MB)          :      185      367       367 
...
006 (17978.004.000) 08/26 23:24:25 Image size of job updated: 743604
	185  -  MemoryUsage of job (MB)
	188940  -  ResidentSetSize of job (KB)
...
004 (17978.004.000) 08/26 23:24:25 Job was evicted.
	(0) Job was not checkpointed.
		Usr 0 00:03:30, Sys 0 00:00:00  -  Run Remote Usage
		Usr 0 00:00:00, Sys 0 00:00:00  -  Run Local Usage
	0  -  Run Bytes Sent By Job
	376929600  -  Run Bytes Received By Job
	Partitionable Resources :    Usage  Request Allocated 
	   Cpus                 :                 1         1 
	   Disk (KB)            :   375000   375000    488666 
	   Memory (MB)          :      185      367       367 
...
006 (17978.007.000) 08/26 23:24:25 Image size of job updated: 743800
	185  -  MemoryUsage of job (MB)
	189136  -  ResidentSetSize of job (KB)
...
004 (17978.007.000) 08/26 23:24:25 Job was evicted.
	(0) Job was not checkpointed.
		Usr 0 00:03:30, Sys 0 00:00:00  -  Run Remote Usage
		Usr 0 00:00:00, Sys 0 00:00:00  -  Run Local Usage
	0  -  Run Bytes Sent By Job
	376929600  -  Run Bytes Received By Job
	Partitionable Resources :    Usage  Request Allocated 
	   Cpus                 :                 1         1 
	   Disk (KB)            :   375000   375000    488990 
	   Memory (MB)          :      185      367       367 
...
009 (17978.004.000) 08/26 23:24:26 Job was aborted by the user.
	via condor_rm (by user gloiseau)
...
009 (17978.006.000) 08/26 23:24:26 Job was aborted by the user.
	via condor_rm (by user gloiseau)
...
009 (17978.005.000) 08/26 23:24:26 Job was aborted by the user.
	via condor_rm (by user gloiseau)
...
009 (17978.007.000) 08/26 23:24:26 Job was aborted by the user.
	via condor_rm (by user gloiseau)
...
000 (17979.004.000) 08/26 23:39:25 Job submitted from host: <128.104.117.220:9618?addrs=128.104.117.220-9618&noUDP&sock=1596_4d3d_3>
...
000 (17979.005.000) 08/26 23:39:25 Job submitted from host: <128.104.117.220:9618?addrs=128.104.117.220-9618&noUDP&sock=1596_4d3d_3>
...
000 (17979.006.000) 08/26 23:39:25 Job submitted from host: <128.104.117.220:9618?addrs=128.104.117.220-9618&noUDP&sock=1596_4d3d_3>
...
000 (17979.007.000) 08/26 23:39:25 Job submitted from host: <128.104.117.220:9618?addrs=128.104.117.220-9618&noUDP&sock=1596_4d3d_3>
...
001 (17979.005.000) 08/26 23:40:31 Job executing on host: <127.0.0.1:9618?CCBID=128.104.119.253:9618%3faddrs%3d128.104.119.253-9618+[--1]-9618%26noUDP%26sock%3dcollector#223&PrivNet=senesLabNodes&addrs=127.0.0.1-9618+[--1]-9618&noUDP&sock=745_9625_3>
...
001 (17979.006.000) 08/26 23:40:31 Job executing on host: <127.0.0.1:9618?CCBID=128.104.119.253:9618%3faddrs%3d128.104.119.253-9618+[--1]-9618%26noUDP%26sock%3dcollector#231&PrivNet=senesLabNodes&addrs=127.0.0.1-9618+[--1]-9618&noUDP&sock=772_1b34_3>
...
001 (17979.004.000) 08/26 23:40:31 Job executing on host: <192.168.1.108:9618?CCBID=128.104.119.253:9618%3faddrs%3d128.104.119.253-9618+[--1]-9618%26noUDP%26sock%3dcollector#121&PrivNet=senesLabNodes&addrs=192.168.1.108-9618+[--1]-9618&noUDP&sock=862_d6ba_3>
...
001 (17979.007.000) 08/26 23:40:31 Job executing on host: <192.168.1.109:9618?CCBID=128.104.119.253:9618%3faddrs%3d128.104.119.253-9618+[--1]-9618%26noUDP%26sock%3dcollector#227&PrivNet=senesLabNodes&addrs=192.168.1.109-9618+[--1]-9618&noUDP&sock=889_5bc8_3>
...
006 (17979.005.000) 08/26 23:40:39 Image size of job updated: 375000
	185  -  MemoryUsage of job (MB)
	189356  -  ResidentSetSize of job (KB)
...
006 (17979.007.000) 08/26 23:40:40 Image size of job updated: 375000
	185  -  MemoryUsage of job (MB)
	189240  -  ResidentSetSize of job (KB)
...
006 (17979.006.000) 08/26 23:40:40 Image size of job updated: 375000
	186  -  MemoryUsage of job (MB)
	189548  -  ResidentSetSize of job (KB)
...
006 (17979.004.000) 08/26 23:40:40 Image size of job updated: 375000
	186  -  MemoryUsage of job (MB)
	189608  -  ResidentSetSize of job (KB)
...
006 (17979.005.000) 08/26 23:45:40 Image size of job updated: 744020
	727  -  MemoryUsage of job (MB)
	744020  -  ResidentSetSize of job (KB)
...
006 (17979.007.000) 08/26 23:45:40 Image size of job updated: 744168
	727  -  MemoryUsage of job (MB)
	744168  -  ResidentSetSize of job (KB)
...
006 (17979.006.000) 08/26 23:45:41 Image size of job updated: 744212
	727  -  MemoryUsage of job (MB)
	744212  -  ResidentSetSize of job (KB)
...
006 (17979.004.000) 08/26 23:45:41 Image size of job updated: 744272
	727  -  MemoryUsage of job (MB)
	744272  -  ResidentSetSize of job (KB)
...
006 (17979.005.000) 08/26 23:49:15 Image size of job updated: 744416
	727  -  MemoryUsage of job (MB)
	744020  -  ResidentSetSize of job (KB)
...
004 (17979.005.000) 08/26 23:49:15 Job was evicted.
	(0) Job was not checkpointed.
		Usr 0 00:08:43, Sys 0 00:00:00  -  Run Remote Usage
		Usr 0 00:00:00, Sys 0 00:00:00  -  Run Local Usage
	0  -  Run Bytes Sent By Job
	376945248  -  Run Bytes Received By Job
	Partitionable Resources :    Usage  Request Allocated 
	   Cpus                 :                 1         1 
	   Disk (KB)            :   375000   375000    480108 
	   Memory (MB)          :      727      367       367 
...
006 (17979.006.000) 08/26 23:49:15 Image size of job updated: 744344
	727  -  MemoryUsage of job (MB)
	744212  -  ResidentSetSize of job (KB)
...
004 (17979.006.000) 08/26 23:49:15 Job was evicted.
	(0) Job was not checkpointed.
		Usr 0 00:08:42, Sys 0 00:00:00  -  Run Remote Usage
		Usr 0 00:00:00, Sys 0 00:00:00  -  Run Local Usage
	0  -  Run Bytes Sent By Job
	376945248  -  Run Bytes Received By Job
	Partitionable Resources :    Usage  Request Allocated 
	   Cpus                 :                 1         1 
	   Disk (KB)            :   375000   375000    480230 
	   Memory (MB)          :      727      367       367 
...
006 (17979.004.000) 08/26 23:49:15 Image size of job updated: 744404
	727  -  MemoryUsage of job (MB)
	744272  -  ResidentSetSize of job (KB)
...
004 (17979.004.000) 08/26 23:49:15 Job was evicted.
	(0) Job was not checkpointed.
		Usr 0 00:08:42, Sys 0 00:00:00  -  Run Remote Usage
		Usr 0 00:00:00, Sys 0 00:00:00  -  Run Local Usage
	0  -  Run Bytes Sent By Job
	376945248  -  Run Bytes Received By Job
	Partitionable Resources :    Usage  Request Allocated 
	   Cpus                 :                 1         1 
	   Disk (KB)            :   375000   375000    488666 
	   Memory (MB)          :      727      367       367 
...
006 (17979.007.000) 08/26 23:49:15 Image size of job updated: 744432
	727  -  MemoryUsage of job (MB)
	744168  -  ResidentSetSize of job (KB)
...
004 (17979.007.000) 08/26 23:49:15 Job was evicted.
	(0) Job was not checkpointed.
		Usr 0 00:08:42, Sys 0 00:00:00  -  Run Remote Usage
		Usr 0 00:00:00, Sys 0 00:00:00  -  Run Local Usage
	0  -  Run Bytes Sent By Job
	376945248  -  Run Bytes Received By Job
	Partitionable Resources :    Usage  Request Allocated 
	   Cpus                 :                 1         1 
	   Disk (KB)            :   375000   375000    488990 
	   Memory (MB)          :      727      367       367 
...
009 (17979.005.000) 08/26 23:49:15 Job was aborted by the user.
	via condor_rm (by user gloiseau)
...
009 (17979.006.000) 08/26 23:49:15 Job was aborted by the user.
	via condor_rm (by user gloiseau)
...
009 (17979.004.000) 08/26 23:49:15 Job was aborted by the user.
	via condor_rm (by user gloiseau)
...
009 (17979.007.000) 08/26 23:49:15 Job was aborted by the user.
	via condor_rm (by user gloiseau)
...
000 (17986.004.000) 08/26 23:52:33 Job submitted from host: <128.104.117.220:9618?addrs=128.104.117.220-9618&noUDP&sock=1596_4d3d_3>
...
000 (17986.005.000) 08/26 23:52:33 Job submitted from host: <128.104.117.220:9618?addrs=128.104.117.220-9618&noUDP&sock=1596_4d3d_3>
...
000 (17986.006.000) 08/26 23:52:33 Job submitted from host: <128.104.117.220:9618?addrs=128.104.117.220-9618&noUDP&sock=1596_4d3d_3>
...
000 (17986.007.000) 08/26 23:52:33 Job submitted from host: <128.104.117.220:9618?addrs=128.104.117.220-9618&noUDP&sock=1596_4d3d_3>
...
001 (17986.006.000) 08/26 23:53:38 Job executing on host: <127.0.0.1:9618?CCBID=128.104.119.253:9618%3faddrs%3d128.104.119.253-9618+[--1]-9618%26noUDP%26sock%3dcollector#231&PrivNet=senesLabNodes&addrs=127.0.0.1-9618+[--1]-9618&noUDP&sock=772_1b34_3>
...
001 (17986.005.000) 08/26 23:53:38 Job executing on host: <127.0.0.1:9618?CCBID=128.104.119.253:9618%3faddrs%3d128.104.119.253-9618+[--1]-9618%26noUDP%26sock%3dcollector#223&PrivNet=senesLabNodes&addrs=127.0.0.1-9618+[--1]-9618&noUDP&sock=745_9625_3>
...
001 (17986.004.000) 08/26 23:53:38 Job executing on host: <192.168.1.108:9618?CCBID=128.104.119.253:9618%3faddrs%3d128.104.119.253-9618+[--1]-9618%26noUDP%26sock%3dcollector#121&PrivNet=senesLabNodes&addrs=192.168.1.108-9618+[--1]-9618&noUDP&sock=862_d6ba_3>
...
001 (17986.007.000) 08/26 23:53:38 Job executing on host: <192.168.1.109:9618?CCBID=128.104.119.253:9618%3faddrs%3d128.104.119.253-9618+[--1]-9618%26noUDP%26sock%3dcollector#227&PrivNet=senesLabNodes&addrs=192.168.1.109-9618+[--1]-9618&noUDP&sock=889_5bc8_3>
...
006 (17986.006.000) 08/26 23:53:47 Image size of job updated: 375000
	199  -  MemoryUsage of job (MB)
	203756  -  ResidentSetSize of job (KB)
...
006 (17986.005.000) 08/26 23:53:47 Image size of job updated: 375000
	200  -  MemoryUsage of job (MB)
	203880  -  ResidentSetSize of job (KB)
...
006 (17986.004.000) 08/26 23:53:47 Image size of job updated: 375000
	200  -  MemoryUsage of job (MB)
	203868  -  ResidentSetSize of job (KB)
...
006 (17986.007.000) 08/26 23:53:47 Image size of job updated: 375000
	199  -  MemoryUsage of job (MB)
	203740  -  ResidentSetSize of job (KB)
...
006 (17986.007.000) 08/26 23:58:48 Image size of job updated: 742564
	726  -  MemoryUsage of job (MB)
	742564  -  ResidentSetSize of job (KB)
...
006 (17986.004.000) 08/26 23:58:48 Image size of job updated: 742692
	726  -  MemoryUsage of job (MB)
	742692  -  ResidentSetSize of job (KB)
...
006 (17986.006.000) 08/26 23:58:48 Image size of job updated: 742580
	726  -  MemoryUsage of job (MB)
	742580  -  ResidentSetSize of job (KB)
...
006 (17986.005.000) 08/26 23:58:48 Image size of job updated: 742968
	726  -  MemoryUsage of job (MB)
	742968  -  ResidentSetSize of job (KB)
...
006 (17986.007.000) 08/27 00:03:48 Image size of job updated: 743092
	726  -  MemoryUsage of job (MB)
	743092  -  ResidentSetSize of job (KB)
...
006 (17986.004.000) 08/27 00:03:48 Image size of job updated: 743088
	726  -  MemoryUsage of job (MB)
	743088  -  ResidentSetSize of job (KB)
...
006 (17986.006.000) 08/27 00:03:48 Image size of job updated: 743108
	726  -  MemoryUsage of job (MB)
	743108  -  ResidentSetSize of job (KB)
...
006 (17986.005.000) 08/27 00:03:49 Image size of job updated: 743100
	726  -  MemoryUsage of job (MB)
	743100  -  ResidentSetSize of job (KB)
...
006 (17986.006.000) 08/27 00:40:29 Image size of job updated: 756068
	726  -  MemoryUsage of job (MB)
	743108  -  ResidentSetSize of job (KB)
...
005 (17986.006.000) 08/27 00:40:29 Job terminated.
	(1) Normal termination (return value 0)
		Usr 0 00:46:48, Sys 0 00:00:00  -  Run Remote Usage
		Usr 0 00:00:00, Sys 0 00:00:00  -  Run Local Usage
		Usr 0 00:46:48, Sys 0 00:00:00  -  Total Remote Usage
		Usr 0 00:00:00, Sys 0 00:00:00  -  Total Local Usage
	0  -  Run Bytes Sent By Job
	376964256  -  Run Bytes Received By Job
	0  -  Total Bytes Sent By Job
	376964256  -  Total Bytes Received By Job
	Partitionable Resources :    Usage  Request Allocated 
	   Cpus                 :                 1         1 
	   Disk (KB)            :   375000   375000    480230 
	   Memory (MB)          :      726      367       367 
...
005 (17986.005.000) 08/27 00:42:37 Job terminated.
	(1) Normal termination (return value 0)
		Usr 0 00:48:57, Sys 0 00:00:00  -  Run Remote Usage
		Usr 0 00:00:00, Sys 0 00:00:00  -  Run Local Usage
		Usr 0 00:48:57, Sys 0 00:00:00  -  Total Remote Usage
		Usr 0 00:00:00, Sys 0 00:00:00  -  Total Local Usage
	0  -  Run Bytes Sent By Job
	376964256  -  Run Bytes Received By Job
	0  -  Total Bytes Sent By Job
	376964256  -  Total Bytes Received By Job
	Partitionable Resources :    Usage  Request Allocated 
	   Cpus                 :                 1         1 
	   Disk (KB)            :   375000   375000    480108 
	   Memory (MB)          :      726      367       367 
...
005 (17986.007.000) 08/27 00:43:29 Job terminated.
	(1) Normal termination (return value 0)
		Usr 0 00:49:47, Sys 0 00:00:00  -  Run Remote Usage
		Usr 0 00:00:00, Sys 0 00:00:00  -  Run Local Usage
		Usr 0 00:49:47, Sys 0 00:00:00  -  Total Remote Usage
		Usr 0 00:00:00, Sys 0 00:00:00  -  Total Local Usage
	0  -  Run Bytes Sent By Job
	376964256  -  Run Bytes Received By Job
	0  -  Total Bytes Sent By Job
	376964256  -  Total Bytes Received By Job
	Partitionable Resources :    Usage  Request Allocated 
	   Cpus                 :                 1         1 
	   Disk (KB)            :   375000   375000    488990 
	   Memory (MB)          :      726      367       367 
...
006 (17986.004.000) 08/27 00:55:10 Image size of job updated: 756072
	726  -  MemoryUsage of job (MB)
	743088  -  ResidentSetSize of job (KB)
...
005 (17986.004.000) 08/27 00:55:10 Job terminated.
	(1) Normal termination (return value 0)
		Usr 0 01:01:29, Sys 0 00:00:00  -  Run Remote Usage
		Usr 0 00:00:00, Sys 0 00:00:00  -  Run Local Usage
		Usr 0 01:01:29, Sys 0 00:00:00  -  Total Remote Usage
		Usr 0 00:00:00, Sys 0 00:00:00  -  Total Local Usage
	0  -  Run Bytes Sent By Job
	376964256  -  Run Bytes Received By Job
	0  -  Total Bytes Sent By Job
	376964256  -  Total Bytes Received By Job
	Partitionable Resources :    Usage  Request Allocated 
	   Cpus                 :                 1         1 
	   Disk (KB)            :   375000   375000    488666 
	   Memory (MB)          :      726      367       367 
...
000 (18242.000.000) 08/27 01:09:43 Job submitted from host: <128.104.117.220:9618?addrs=128.104.117.220-9618&noUDP&sock=1596_4d3d_3>
...
000 (18242.001.000) 08/27 01:09:43 Job submitted from host: <128.104.117.220:9618?addrs=128.104.117.220-9618&noUDP&sock=1596_4d3d_3>
...
000 (18242.002.000) 08/27 01:09:43 Job submitted from host: <128.104.117.220:9618?addrs=128.104.117.220-9618&noUDP&sock=1596_4d3d_3>
...
000 (18242.003.000) 08/27 01:09:43 Job submitted from host: <128.104.117.220:9618?addrs=128.104.117.220-9618&noUDP&sock=1596_4d3d_3>
...
001 (18242.000.000) 08/27 01:10:31 Job executing on host: <127.0.0.1:9618?CCBID=128.104.119.253:9618%3faddrs%3d128.104.119.253-9618+[--1]-9618%26noUDP%26sock%3dcollector#225&PrivNet=senesLabNodes&addrs=127.0.0.1-9618+[--1]-9618&noUDP&sock=749_5486_3>
...
006 (18242.000.000) 08/27 01:10:40 Image size of job updated: 375000
	199  -  MemoryUsage of job (MB)
	203272  -  ResidentSetSize of job (KB)
...
001 (18242.001.000) 08/27 01:11:26 Job executing on host: <192.168.1.106:9618?CCBID=128.104.119.253:9618%3faddrs%3d128.104.119.253-9618+[--1]-9618%26noUDP%26sock%3dcollector#230&PrivNet=senesLabNodes&addrs=192.168.1.106-9618+[--1]-9618&noUDP&sock=854_59f8_3>
...
006 (18242.001.000) 08/27 01:11:35 Image size of job updated: 375000
	199  -  MemoryUsage of job (MB)
	203156  -  ResidentSetSize of job (KB)
...
009 (18242.002.000) 08/27 01:11:40 Job was aborted by the user.
	via condor_rm (by user gloiseau)
...
009 (18242.003.000) 08/27 01:11:40 Job was aborted by the user.
	via condor_rm (by user gloiseau)
...
004 (18242.001.000) 08/27 01:11:40 Job was evicted.
	(0) Job was not checkpointed.
		Usr 0 00:00:13, Sys 0 00:00:00  -  Run Remote Usage
		Usr 0 00:00:00, Sys 0 00:00:00  -  Run Local Usage
	0  -  Run Bytes Sent By Job
	376964256  -  Run Bytes Received By Job
	Partitionable Resources :    Usage  Request Allocated 
	   Cpus                 :                 1         1 
	   Disk (KB)            :   375000   375000    489112 
	   Memory (MB)          :      199      367       367 
...
009 (18242.001.000) 08/27 01:11:40 Job was aborted by the user.
	via condor_rm (by user gloiseau)
...
006 (18242.000.000) 08/27 01:11:40 Image size of job updated: 665272
	199  -  MemoryUsage of job (MB)
	203272  -  ResidentSetSize of job (KB)
...
004 (18242.000.000) 08/27 01:11:40 Job was evicted.
	(0) Job was not checkpointed.
		Usr 0 00:01:07, Sys 0 00:00:00  -  Run Remote Usage
		Usr 0 00:00:00, Sys 0 00:00:00  -  Run Local Usage
	0  -  Run Bytes Sent By Job
	376964256  -  Run Bytes Received By Job
	Partitionable Resources :    Usage  Request Allocated 
	   Cpus                 :                 1         1 
	   Disk (KB)            :   375000   375000    480086 
	   Memory (MB)          :      199      367       367 
...
009 (18242.000.000) 08/27 01:11:40 Job was aborted by the user.
	via condor_rm (by user gloiseau)
...
000 (18266.004.000) 08/27 01:21:19 Job submitted from host: <128.104.117.220:9618?addrs=128.104.117.220-9618&noUDP&sock=1596_4d3d_3>
...
000 (18266.005.000) 08/27 01:21:19 Job submitted from host: <128.104.117.220:9618?addrs=128.104.117.220-9618&noUDP&sock=1596_4d3d_3>
...
000 (18266.006.000) 08/27 01:21:19 Job submitted from host: <128.104.117.220:9618?addrs=128.104.117.220-9618&noUDP&sock=1596_4d3d_3>
...
000 (18266.007.000) 08/27 01:21:19 Job submitted from host: <128.104.117.220:9618?addrs=128.104.117.220-9618&noUDP&sock=1596_4d3d_3>
...
001 (18266.004.000) 08/27 01:22:17 Job executing on host: <127.0.0.1:9618?CCBID=128.104.119.253:9618%3faddrs%3d128.104.119.253-9618+[--1]-9618%26noUDP%26sock%3dcollector#229&PrivNet=senesLabNodes&addrs=127.0.0.1-9618+[--1]-9618&noUDP&sock=766_fda2_3>
...
001 (18266.005.000) 08/27 01:22:17 Job executing on host: <127.0.0.1:9618?CCBID=128.104.119.253:9618%3faddrs%3d128.104.119.253-9618+[--1]-9618%26noUDP%26sock%3dcollector#223&PrivNet=senesLabNodes&addrs=127.0.0.1-9618+[--1]-9618&noUDP&sock=745_9625_3>
...
001 (18266.007.000) 08/27 01:22:17 Job executing on host: <127.0.0.1:9618?CCBID=128.104.119.253:9618%3faddrs%3d128.104.119.253-9618+[--1]-9618%26noUDP%26sock%3dcollector#223&PrivNet=senesLabNodes&addrs=127.0.0.1-9618+[--1]-9618&noUDP&sock=745_9625_3>
...
001 (18266.006.000) 08/27 01:22:17 Job executing on host: <127.0.0.1:9618?CCBID=128.104.119.253:9618%3faddrs%3d128.104.119.253-9618+[--1]-9618%26noUDP%26sock%3dcollector#229&PrivNet=senesLabNodes&addrs=127.0.0.1-9618+[--1]-9618&noUDP&sock=766_fda2_3>
...
006 (18266.004.000) 08/27 01:22:25 Image size of job updated: 375000
	193  -  MemoryUsage of job (MB)
	196664  -  ResidentSetSize of job (KB)
...
006 (18266.005.000) 08/27 01:22:26 Image size of job updated: 375000
	199  -  MemoryUsage of job (MB)
	203632  -  ResidentSetSize of job (KB)
...
006 (18266.006.000) 08/27 01:22:26 Image size of job updated: 375000
	200  -  MemoryUsage of job (MB)
	203924  -  ResidentSetSize of job (KB)
...
006 (18266.007.000) 08/27 01:22:26 Image size of job updated: 375000
	200  -  MemoryUsage of job (MB)
	204112  -  ResidentSetSize of job (KB)
...
004 (18266.007.000) 08/27 01:22:50 Job was evicted.
	(0) Job was not checkpointed.
		Usr 0 00:00:32, Sys 0 00:00:00  -  Run Remote Usage
		Usr 0 00:00:00, Sys 0 00:00:00  -  Run Local Usage
	0  -  Run Bytes Sent By Job
	376978752  -  Run Bytes Received By Job
	Partitionable Resources :    Usage  Request Allocated 
	   Cpus                 :                 1         1 
	   Disk (KB)            :   375000   375000    480108 
	   Memory (MB)          :      200      367       367 
...
004 (18266.005.000) 08/27 01:22:50 Job was evicted.
	(0) Job was not checkpointed.
		Usr 0 00:00:32, Sys 0 00:00:00  -  Run Remote Usage
		Usr 0 00:00:00, Sys 0 00:00:00  -  Run Local Usage
	0  -  Run Bytes Sent By Job
	376978752  -  Run Bytes Received By Job
	Partitionable Resources :    Usage  Request Allocated 
	   Cpus                 :                 1         1 
	   Disk (KB)            :   375000   375000    480108 
	   Memory (MB)          :      199      367       367 
...
004 (18266.004.000) 08/27 01:22:50 Job was evicted.
	(0) Job was not checkpointed.
		Usr 0 00:00:32, Sys 0 00:00:00  -  Run Remote Usage
		Usr 0 00:00:00, Sys 0 00:00:00  -  Run Local Usage
	0  -  Run Bytes Sent By Job
	376978752  -  Run Bytes Received By Job
	Partitionable Resources :    Usage  Request Allocated 
	   Cpus                 :                 1         1 
	   Disk (KB)            :   375000   375000    481024 
	   Memory (MB)          :      193      367       367 
...
004 (18266.006.000) 08/27 01:22:50 Job was evicted.
	(0) Job was not checkpointed.
		Usr 0 00:00:32, Sys 0 00:00:00  -  Run Remote Usage
		Usr 0 00:00:00, Sys 0 00:00:00  -  Run Local Usage
	0  -  Run Bytes Sent By Job
	376978752  -  Run Bytes Received By Job
	Partitionable Resources :    Usage  Request Allocated 
	   Cpus                 :                 1         1 
	   Disk (KB)            :   375000   375000    481024 
	   Memory (MB)          :      200      367       367 
...
009 (18266.004.000) 08/27 01:22:50 Job was aborted by the user.
	via condor_rm (by user gloiseau)
...
009 (18266.005.000) 08/27 01:22:50 Job was aborted by the user.
	via condor_rm (by user gloiseau)
...
009 (18266.007.000) 08/27 01:22:50 Job was aborted by the user.
	via condor_rm (by user gloiseau)
...
009 (18266.006.000) 08/27 01:22:50 Job was aborted by the user.
	via condor_rm (by user gloiseau)
...
000 (18277.006.000) 08/27 01:25:27 Job submitted from host: <128.104.117.220:9618?addrs=128.104.117.220-9618&noUDP&sock=1596_4d3d_3>
...
000 (18277.007.000) 08/27 01:25:27 Job submitted from host: <128.104.117.220:9618?addrs=128.104.117.220-9618&noUDP&sock=1596_4d3d_3>
...
000 (18277.008.000) 08/27 01:25:27 Job submitted from host: <128.104.117.220:9618?addrs=128.104.117.220-9618&noUDP&sock=1596_4d3d_3>
...
000 (18277.009.000) 08/27 01:25:27 Job submitted from host: <128.104.117.220:9618?addrs=128.104.117.220-9618&noUDP&sock=1596_4d3d_3>
...
000 (18277.010.000) 08/27 01:25:27 Job submitted from host: <128.104.117.220:9618?addrs=128.104.117.220-9618&noUDP&sock=1596_4d3d_3>
...
000 (18277.011.000) 08/27 01:25:27 Job submitted from host: <128.104.117.220:9618?addrs=128.104.117.220-9618&noUDP&sock=1596_4d3d_3>
...
001 (18277.006.000) 08/27 01:26:00 Job executing on host: <127.0.0.1:9618?CCBID=128.104.119.253:9618%3faddrs%3d128.104.119.253-9618+[--1]-9618%26noUDP%26sock%3dcollector#222&PrivNet=senesLabNodes&addrs=127.0.0.1-9618+[--1]-9618&noUDP&sock=749_5486_3>
...
001 (18277.007.000) 08/27 01:26:03 Job executing on host: <127.0.0.1:9618?CCBID=128.104.119.253:9618%3faddrs%3d128.104.119.253-9618+[--1]-9618%26noUDP%26sock%3dcollector#225&PrivNet=senesLabNodes&addrs=127.0.0.1-9618+[--1]-9618&noUDP&sock=749_5486_3>
...
006 (18277.006.000) 08/27 01:26:08 Image size of job updated: 375000
	199  -  MemoryUsage of job (MB)
	203080  -  ResidentSetSize of job (KB)
...
006 (18277.007.000) 08/27 01:26:11 Image size of job updated: 375000
	199  -  MemoryUsage of job (MB)
	203012  -  ResidentSetSize of job (KB)
...
001 (18277.008.000) 08/27 01:26:24 Job executing on host: <192.168.1.109:9618?CCBID=128.104.119.253:9618%3faddrs%3d128.104.119.253-9618+[--1]-9618%26noUDP%26sock%3dcollector#227&PrivNet=senesLabNodes&addrs=192.168.1.109-9618+[--1]-9618&noUDP&sock=889_5bc8_3>
...
001 (18277.009.000) 08/27 01:26:24 Job executing on host: <192.168.1.109:9618?CCBID=128.104.119.253:9618%3faddrs%3d128.104.119.253-9618+[--1]-9618%26noUDP%26sock%3dcollector#227&PrivNet=senesLabNodes&addrs=192.168.1.109-9618+[--1]-9618&noUDP&sock=889_5bc8_3>
...
006 (18277.008.000) 08/27 01:26:33 Image size of job updated: 375000
	199  -  MemoryUsage of job (MB)
	203500  -  ResidentSetSize of job (KB)
...
006 (18277.009.000) 08/27 01:26:33 Image size of job updated: 375000
	199  -  MemoryUsage of job (MB)
	203360  -  ResidentSetSize of job (KB)
...
001 (18277.010.000) 08/27 01:27:03 Job executing on host: <127.0.0.1:9618?CCBID=128.104.119.253:9618%3faddrs%3d128.104.119.253-9618+[--1]-9618%26noUDP%26sock%3dcollector#222&PrivNet=senesLabNodes&addrs=127.0.0.1-9618+[--1]-9618&noUDP&sock=749_5486_3>
...
001 (18277.011.000) 08/27 01:27:03 Job executing on host: <192.168.1.106:9618?CCBID=128.104.119.253:9618%3faddrs%3d128.104.119.253-9618+[--1]-9618%26noUDP%26sock%3dcollector#230&PrivNet=senesLabNodes&addrs=192.168.1.106-9618+[--1]-9618&noUDP&sock=854_59f8_3>
...
006 (18277.011.000) 08/27 01:27:11 Image size of job updated: 375000
	192  -  MemoryUsage of job (MB)
	196124  -  ResidentSetSize of job (KB)
...
006 (18277.010.000) 08/27 01:27:11 Image size of job updated: 375000
	191  -  MemoryUsage of job (MB)
	194932  -  ResidentSetSize of job (KB)
...
006 (18277.006.000) 08/27 01:31:09 Image size of job updated: 742432
	726  -  MemoryUsage of job (MB)
	742432  -  ResidentSetSize of job (KB)
...
006 (18277.007.000) 08/27 01:31:12 Image size of job updated: 742496
	726  -  MemoryUsage of job (MB)
	742496  -  ResidentSetSize of job (KB)
...
006 (18277.008.000) 08/27 01:31:33 Image size of job updated: 742192
	725  -  MemoryUsage of job (MB)
	742192  -  ResidentSetSize of job (KB)
...
006 (18277.009.000) 08/27 01:31:33 Image size of job updated: 742184
	725  -  MemoryUsage of job (MB)
	742184  -  ResidentSetSize of job (KB)
...
006 (18277.010.000) 08/27 01:32:11 Image size of job updated: 742336
	725  -  MemoryUsage of job (MB)
	742336  -  ResidentSetSize of job (KB)
...
006 (18277.011.000) 08/27 01:32:11 Image size of job updated: 742472
	726  -  MemoryUsage of job (MB)
	742472  -  ResidentSetSize of job (KB)
...
006 (18277.007.000) 08/27 01:32:43 Image size of job updated: 742892
	726  -  MemoryUsage of job (MB)
	742496  -  ResidentSetSize of job (KB)
...
004 (18277.007.000) 08/27 01:32:43 Job was evicted.
	(0) Job was not checkpointed.
		Usr 0 00:06:39, Sys 0 00:00:00  -  Run Remote Usage
		Usr 0 00:00:00, Sys 0 00:00:00  -  Run Local Usage
	0  -  Run Bytes Sent By Job
	376978752  -  Run Bytes Received By Job
	Partitionable Resources :    Usage  Request Allocated 
	   Cpus                 :                 1         1 
	   Disk (KB)            :   375000   375000    480086 
	   Memory (MB)          :      726      367       367 
...
006 (18277.006.000) 08/27 01:32:43 Image size of job updated: 742828
	726  -  MemoryUsage of job (MB)
	742432  -  ResidentSetSize of job (KB)
...
004 (18277.006.000) 08/27 01:32:43 Job was evicted.
	(0) Job was not checkpointed.
		Usr 0 00:06:42, Sys 0 00:00:00  -  Run Remote Usage
		Usr 0 00:00:00, Sys 0 00:00:00  -  Run Local Usage
	0  -  Run Bytes Sent By Job
	376978752  -  Run Bytes Received By Job
	Partitionable Resources :    Usage  Request Allocated 
	   Cpus                 :                 1         1 
	   Disk (KB)            :   375000   375000    480460 
	   Memory (MB)          :      726      367       367 
...
004 (18277.011.000) 08/27 01:32:43 Job was evicted.
	(0) Job was not checkpointed.
		Usr 0 00:05:39, Sys 0 00:00:00  -  Run Remote Usage
		Usr 0 00:00:00, Sys 0 00:00:00  -  Run Local Usage
	0  -  Run Bytes Sent By Job
	376978752  -  Run Bytes Received By Job
	Partitionable Resources :    Usage  Request Allocated 
	   Cpus                 :                 1         1 
	   Disk (KB)            :   375000   375000    489112 
	   Memory (MB)          :      726      367       367 
...
004 (18277.010.000) 08/27 01:32:43 Job was evicted.
	(0) Job was not checkpointed.
		Usr 0 00:05:38, Sys 0 00:00:01  -  Run Remote Usage
		Usr 0 00:00:00, Sys 0 00:00:00  -  Run Local Usage
	0  -  Run Bytes Sent By Job
	376978752  -  Run Bytes Received By Job
	Partitionable Resources :    Usage  Request Allocated 
	   Cpus                 :                 1         1 
	   Disk (KB)            :   375000   375000    480460 
	   Memory (MB)          :      725      367       367 
...
006 (18277.009.000) 08/27 01:32:43 Image size of job updated: 742580
	725  -  MemoryUsage of job (MB)
	742184  -  ResidentSetSize of job (KB)
...
006 (18277.008.000) 08/27 01:32:43 Image size of job updated: 742720
	725  -  MemoryUsage of job (MB)
	742192  -  ResidentSetSize of job (KB)
...
004 (18277.009.000) 08/27 01:32:43 Job was evicted.
	(0) Job was not checkpointed.
		Usr 0 00:06:16, Sys 0 00:00:01  -  Run Remote Usage
		Usr 0 00:00:00, Sys 0 00:00:00  -  Run Local Usage
	0  -  Run Bytes Sent By Job
	376978752  -  Run Bytes Received By Job
	Partitionable Resources :    Usage  Request Allocated 
	   Cpus                 :                 1         1 
	   Disk (KB)            :   375000   375000    488990 
	   Memory (MB)          :      725      367       367 
...
004 (18277.008.000) 08/27 01:32:43 Job was evicted.
	(0) Job was not checkpointed.
		Usr 0 00:06:17, Sys 0 00:00:00  -  Run Remote Usage
		Usr 0 00:00:00, Sys 0 00:00:00  -  Run Local Usage
	0  -  Run Bytes Sent By Job
	376978752  -  Run Bytes Received By Job
	Partitionable Resources :    Usage  Request Allocated 
	   Cpus                 :                 1         1 
	   Disk (KB)            :   375000   375000    488990 
	   Memory (MB)          :      725      367       367 
...
009 (18277.006.000) 08/27 01:32:43 Job was aborted by the user.
	via condor_rm (by user gloiseau)
...
009 (18277.007.000) 08/27 01:32:43 Job was aborted by the user.
	via condor_rm (by user gloiseau)
...
009 (18277.010.000) 08/27 01:32:43 Job was aborted by the user.
	via condor_rm (by user gloiseau)
...
009 (18277.011.000) 08/27 01:32:43 Job was aborted by the user.
	via condor_rm (by user gloiseau)
...
009 (18277.008.000) 08/27 01:32:43 Job was aborted by the user.
	via condor_rm (by user gloiseau)
...
009 (18277.009.000) 08/27 01:32:43 Job was aborted by the user.
	via condor_rm (by user gloiseau)
...
000 (18292.006.000) 08/27 01:32:55 Job submitted from host: <128.104.117.220:9618?addrs=128.104.117.220-9618&noUDP&sock=1596_4d3d_3>
...
000 (18292.007.000) 08/27 01:32:55 Job submitted from host: <128.104.117.220:9618?addrs=128.104.117.220-9618&noUDP&sock=1596_4d3d_3>
...
000 (18292.008.000) 08/27 01:32:55 Job submitted from host: <128.104.117.220:9618?addrs=128.104.117.220-9618&noUDP&sock=1596_4d3d_3>
...
000 (18292.009.000) 08/27 01:32:55 Job submitted from host: <128.104.117.220:9618?addrs=128.104.117.220-9618&noUDP&sock=1596_4d3d_3>
...
000 (18292.010.000) 08/27 01:32:55 Job submitted from host: <128.104.117.220:9618?addrs=128.104.117.220-9618&noUDP&sock=1596_4d3d_3>
...
000 (18292.011.000) 08/27 01:32:55 Job submitted from host: <128.104.117.220:9618?addrs=128.104.117.220-9618&noUDP&sock=1596_4d3d_3>
...
001 (18292.006.000) 08/27 01:34:10 Job executing on host: <127.0.0.1:9618?CCBID=128.104.119.253:9618%3faddrs%3d128.104.119.253-9618+[--1]-9618%26noUDP%26sock%3dcollector#222&PrivNet=senesLabNodes&addrs=127.0.0.1-9618+[--1]-9618&noUDP&sock=749_5486_3>
...
001 (18292.007.000) 08/27 01:34:11 Job executing on host: <192.168.1.109:9618?CCBID=128.104.119.253:9618%3faddrs%3d128.104.119.253-9618+[--1]-9618%26noUDP%26sock%3dcollector#227&PrivNet=senesLabNodes&addrs=192.168.1.109-9618+[--1]-9618&noUDP&sock=889_5bc8_3>
...
001 (18292.009.000) 08/27 01:34:11 Job executing on host: <192.168.1.106:9618?CCBID=128.104.119.253:9618%3faddrs%3d128.104.119.253-9618+[--1]-9618%26noUDP%26sock%3dcollector#230&PrivNet=senesLabNodes&addrs=192.168.1.106-9618+[--1]-9618&noUDP&sock=854_59f8_3>
...
001 (18292.011.000) 08/27 01:34:11 Job executing on host: <127.0.0.1:9618?CCBID=128.104.119.253:9618%3faddrs%3d128.104.119.253-9618+[--1]-9618%26noUDP%26sock%3dcollector#231&PrivNet=senesLabNodes&addrs=127.0.0.1-9618+[--1]-9618&noUDP&sock=772_1b34_3>
...
001 (18292.008.000) 08/27 01:34:11 Job executing on host: <127.0.0.1:9618?CCBID=128.104.119.253:9618%3faddrs%3d128.104.119.253-9618+[--1]-9618%26noUDP%26sock%3dcollector#222&PrivNet=senesLabNodes&addrs=127.0.0.1-9618+[--1]-9618&noUDP&sock=749_5486_3>
...
001 (18292.010.000) 08/27 01:34:11 Job executing on host: <192.168.1.108:9618?CCBID=128.104.119.253:9618%3faddrs%3d128.104.119.253-9618+[--1]-9618%26noUDP%26sock%3dcollector#121&PrivNet=senesLabNodes&addrs=192.168.1.108-9618+[--1]-9618&noUDP&sock=862_d6ba_3>
...
006 (18292.007.000) 08/27 01:34:19 Image size of job updated: 375000
	193  -  MemoryUsage of job (MB)
	196852  -  ResidentSetSize of job (KB)
...
006 (18292.011.000) 08/27 01:34:19 Image size of job updated: 375000
	192  -  MemoryUsage of job (MB)
	196488  -  ResidentSetSize of job (KB)
...
006 (18292.009.000) 08/27 01:34:19 Image size of job updated: 375000
	192  -  MemoryUsage of job (MB)
	196376  -  ResidentSetSize of job (KB)
...
006 (18292.006.000) 08/27 01:34:19 Image size of job updated: 375000
	199  -  MemoryUsage of job (MB)
	203508  -  ResidentSetSize of job (KB)
...
006 (18292.008.000) 08/27 01:34:20 Image size of job updated: 375000
	199  -  MemoryUsage of job (MB)
	203388  -  ResidentSetSize of job (KB)
...
006 (18292.010.000) 08/27 01:34:20 Image size of job updated: 375000
	199  -  MemoryUsage of job (MB)
	203468  -  ResidentSetSize of job (KB)
...
006 (18292.007.000) 08/27 01:39:19 Image size of job updated: 742672
	726  -  MemoryUsage of job (MB)
	742672  -  ResidentSetSize of job (KB)
...
006 (18292.009.000) 08/27 01:39:19 Image size of job updated: 742592
	726  -  MemoryUsage of job (MB)
	742592  -  ResidentSetSize of job (KB)
...
006 (18292.011.000) 08/27 01:39:19 Image size of job updated: 742308
	725  -  MemoryUsage of job (MB)
	742308  -  ResidentSetSize of job (KB)
...
006 (18292.008.000) 08/27 01:39:20 Image size of job updated: 742476
	726  -  MemoryUsage of job (MB)
	742476  -  ResidentSetSize of job (KB)
...
006 (18292.006.000) 08/27 01:39:20 Image size of job updated: 742596
	726  -  MemoryUsage of job (MB)
	742596  -  ResidentSetSize of job (KB)
...
006 (18292.010.000) 08/27 01:39:20 Image size of job updated: 742952
	726  -  MemoryUsage of job (MB)
	742952  -  ResidentSetSize of job (KB)
...
006 (18292.009.000) 08/27 01:44:19 Image size of job updated: 742988
	726  -  MemoryUsage of job (MB)
	742988  -  ResidentSetSize of job (KB)
...
006 (18292.007.000) 08/27 01:44:19 Image size of job updated: 743068
	726  -  MemoryUsage of job (MB)
	743068  -  ResidentSetSize of job (KB)
...
006 (18292.008.000) 08/27 01:44:20 Image size of job updated: 743004
	726  -  MemoryUsage of job (MB)
	743004  -  ResidentSetSize of job (KB)
...
006 (18292.011.000) 08/27 01:44:20 Image size of job updated: 742704
	726  -  MemoryUsage of job (MB)
	742704  -  ResidentSetSize of job (KB)
...
006 (18292.006.000) 08/27 01:44:20 Image size of job updated: 742992
	726  -  MemoryUsage of job (MB)
	742992  -  ResidentSetSize of job (KB)
...
006 (18292.010.000) 08/27 01:44:21 Image size of job updated: 743084
	726  -  MemoryUsage of job (MB)
	743084  -  ResidentSetSize of job (KB)
...
006 (18292.010.000) 08/27 01:47:40 Image size of job updated: 743348
	726  -  MemoryUsage of job (MB)
	743084  -  ResidentSetSize of job (KB)
...
005 (18292.010.000) 08/27 01:47:40 Job terminated.
	(1) Normal termination (return value 0)
		Usr 0 00:13:28, Sys 0 00:00:00  -  Run Remote Usage
		Usr 0 00:00:00, Sys 0 00:00:00  -  Run Local Usage
		Usr 0 00:13:28, Sys 0 00:00:00  -  Total Remote Usage
		Usr 0 00:00:00, Sys 0 00:00:00  -  Total Local Usage
	0  -  Run Bytes Sent By Job
	376986528  -  Run Bytes Received By Job
	0  -  Total Bytes Sent By Job
	376986528  -  Total Bytes Received By Job
	Partitionable Resources :    Usage  Request Allocated 
	   Cpus                 :                 1         1 
	   Disk (KB)            :   375000   375000    488666 
	   Memory (MB)          :      726      367       367 
...
006 (18292.011.000) 08/27 01:47:59 Image size of job updated: 742968
	726  -  MemoryUsage of job (MB)
	742704  -  ResidentSetSize of job (KB)
...
005 (18292.011.000) 08/27 01:47:59 Job terminated.
	(1) Normal termination (return value 0)
		Usr 0 00:13:46, Sys 0 00:00:00  -  Run Remote Usage
		Usr 0 00:00:00, Sys 0 00:00:00  -  Run Local Usage
		Usr 0 00:13:46, Sys 0 00:00:00  -  Total Remote Usage
		Usr 0 00:00:00, Sys 0 00:00:00  -  Total Local Usage
	0  -  Run Bytes Sent By Job
	376986528  -  Run Bytes Received By Job
	0  -  Total Bytes Sent By Job
	376986528  -  Total Bytes Received By Job
	Partitionable Resources :    Usage  Request Allocated 
	   Cpus                 :                 1         1 
	   Disk (KB)            :   375000   375000    480230 
	   Memory (MB)          :      726      367       367 
...
006 (18292.007.000) 08/27 01:49:20 Image size of job updated: 743200
	726  -  MemoryUsage of job (MB)
	743200  -  ResidentSetSize of job (KB)
...
005 (18292.009.000) 08/27 02:32:49 Job terminated.
	(1) Normal termination (return value 0)
		Usr 0 00:58:34, Sys 0 00:00:00  -  Run Remote Usage
		Usr 0 00:00:00, Sys 0 00:00:00  -  Run Local Usage
		Usr 0 00:58:34, Sys 0 00:00:00  -  Total Remote Usage
		Usr 0 00:00:00, Sys 0 00:00:00  -  Total Local Usage
	0  -  Run Bytes Sent By Job
	376986528  -  Run Bytes Received By Job
	0  -  Total Bytes Sent By Job
	376986528  -  Total Bytes Received By Job
	Partitionable Resources :    Usage  Request Allocated 
	   Cpus                 :                 1         1 
	   Disk (KB)            :   375000   375000    489112 
	   Memory (MB)          :      726      367       367 
...
006 (18292.007.000) 08/27 02:37:00 Image size of job updated: 756072
	726  -  MemoryUsage of job (MB)
	743200  -  ResidentSetSize of job (KB)
...
005 (18292.007.000) 08/27 02:37:00 Job terminated.
	(1) Normal termination (return value 0)
		Usr 0 01:02:44, Sys 0 00:00:00  -  Run Remote Usage
		Usr 0 00:00:00, Sys 0 00:00:00  -  Run Local Usage
		Usr 0 01:02:44, Sys 0 00:00:00  -  Total Remote Usage
		Usr 0 00:00:00, Sys 0 00:00:00  -  Total Local Usage
	0  -  Run Bytes Sent By Job
	376986528  -  Run Bytes Received By Job
	0  -  Total Bytes Sent By Job
	376986528  -  Total Bytes Received By Job
	Partitionable Resources :    Usage  Request Allocated 
	   Cpus                 :                 1         1 
	   Disk (KB)            :   375000   375000    488990 
	   Memory (MB)          :      726      367       367 
...
005 (18292.006.000) 08/27 02:39:43 Job terminated.
	(1) Normal termination (return value 0)
		Usr 0 01:05:28, Sys 0 00:00:00  -  Run Remote Usage
		Usr 0 00:00:00, Sys 0 00:00:00  -  Run Local Usage
		Usr 0 01:05:28, Sys 0 00:00:00  -  Total Remote Usage
		Usr 0 00:00:00, Sys 0 00:00:00  -  Total Local Usage
	0  -  Run Bytes Sent By Job
	376986528  -  Run Bytes Received By Job
	0  -  Total Bytes Sent By Job
	376986528  -  Total Bytes Received By Job
	Partitionable Resources :    Usage  Request Allocated 
	   Cpus                 :                 1         1 
	   Disk (KB)            :   375000   375000    480460 
	   Memory (MB)          :      726      367       367 
...
006 (18292.008.000) 08/27 02:51:49 Image size of job updated: 743136
	726  -  MemoryUsage of job (MB)
	743004  -  ResidentSetSize of job (KB)
...
005 (18292.008.000) 08/27 02:51:49 Job terminated.
	(1) Normal termination (return value 0)
		Usr 0 01:17:33, Sys 0 00:00:00  -  Run Remote Usage
		Usr 0 00:00:00, Sys 0 00:00:00  -  Run Local Usage
		Usr 0 01:17:33, Sys 0 00:00:00  -  Total Remote Usage
		Usr 0 00:00:00, Sys 0 00:00:00  -  Total Local Usage
	0  -  Run Bytes Sent By Job
	376986528  -  Run Bytes Received By Job
	0  -  Total Bytes Sent By Job
	376986528  -  Total Bytes Received By Job
	Partitionable Resources :    Usage  Request Allocated 
	   Cpus                 :                 1         1 
	   Disk (KB)            :   375000   375000    480460 
	   Memory (MB)          :      726      367       367 
...
