Removing Hbonds from A,20
Removing Hbonds from A,43
Removing Hbonds from A,21
Removing Hbonds from A,42
Removing Hbonds from A,22
Removing Hbonds from A,41
Removing Hbonds from B,20
Removing Hbonds from B,43
Removing Hbonds from B,21
Removing Hbonds from B,42
Removing Hbonds from B,22
Removing Hbonds from B,41
***STARTING GEOMETRY:***
xShift:        7.4
crossingAngle: -40.998
axialRotation: -81.951
zShift:        6.245
N    ARG   20  A [    -2.170      5.983    -17.161] (conf   1/  1) +
CA   ARG   20  A [    -1.618      6.576    -15.953] (conf   1/  1) +
HA   ARG   20  A [    -0.779      5.970    -15.632] (conf 246/246) +
HT1  ARG   20  A [    -1.447      5.979    -17.908] (conf   1/  1) +
HT2  ARG   20  A [    -2.991      6.538    -17.477] (conf   1/  1) +
HT3  ARG   20  A [    -2.469      5.006    -16.963] (conf   1/  1) +
CB   ARG   20  A [    -1.138      8.018    -16.224] (conf 246/246) +
HB1  ARG   20  A [    -1.938      8.563    -16.772] (conf 246/246) +
HB2  ARG   20  A [    -0.995      8.533    -15.247] (conf 246/246) +
CG   ARG   20  A [     0.181      8.129    -17.011] (conf 246/246) +
HG1  ARG   20  A [     0.971      7.562    -16.472] (conf 246/246) +
HG2  ARG   20  A [     0.065      7.676    -18.018] (conf 246/246) +
CD   ARG   20  A [     0.587      9.607    -17.145] (conf 246/246) +
HD1  ARG   20  A [    -0.059     10.105    -17.901] (conf 246/246) +
HD2  ARG   20  A [     0.412     10.128    -16.180] (conf 246/246) +
NE   ARG   20  A [     2.011      9.759    -17.570] (conf 246/246) +
HE   ARG   20  A [     2.242      9.635    -18.529] (conf 246/246) +
CZ   ARG   20  A [     3.005     10.088    -16.722] (conf 246/246) +
NH1  ARG   20  A [     2.767     10.279    -15.419] (conf 246/246) +
HH11 ARG   20  A [     3.512     10.514    -14.807] (conf 246/246) +
HH12 ARG   20  A [     1.844     10.162    -15.081] (conf 246/246) +
NH2  ARG   20  A [     4.255     10.225    -17.178] (conf 246/246) +
HH21 ARG   20  A [     4.983     10.461    -16.546] (conf 246/246) +
HH22 ARG   20  A [     4.447     10.086    -18.142] (conf 246/246) +
C    ARG   20  A [    -2.633      6.599    -14.853] (conf   1/  1) +
O    ARG   20  A [    -2.319      6.309    -13.700] (conf   1/  1) +
N    ALA   21  A [    -3.890      6.949    -15.191] (conf   1/  1) +
HN   ALA   21  A [    -4.166      7.202    -16.118] (conf   1/  1) +
CA   ALA   21  A [    -4.950      6.977    -14.194] (conf   1/  1) +
HA   ALA   21  A [    -4.679      7.623    -13.366] (conf   1/  1) +
CB   ALA   21  A [    -6.252      7.542    -14.807] (conf   1/  1) +
HB1  ALA   21  A [    -6.069      8.570    -15.186] (conf   1/  1) +
HB2  ALA   21  A [    -6.594      6.919    -15.661] (conf   1/  1) +
HB3  ALA   21  A [    -7.069      7.594    -14.056] (conf   1/  1) +
C    ALA   21  A [    -5.175      5.616    -13.612] (conf   1/  1) +
O    ALA   21  A [    -5.360      5.470    -12.405] (conf   1/  1) +
N    SER   22  A [    -5.164      4.577    -14.469] (conf   1/  1) +
HN   SER   22  A [    -5.032      4.649    -15.457] (conf   1/  1) +
CA   SER   22  A [    -5.353      3.215    -13.992] (conf   1/  1) +
HA   SER   22  A [    -6.267      3.204    -13.412] (conf  40/ 40) +
CB   SER   22  A [    -5.506      2.165    -15.122] (conf  40/ 40) +
HB1  SER   22  A [    -5.331      1.140    -14.728] (conf  40/ 40) +
HB2  SER   22  A [    -6.550      2.202    -15.506] (conf  40/ 40) +
OG   SER   22  A [    -4.634      2.423    -16.213] (conf  40/ 40) +
HG1  SER   22  A [    -3.734      2.231    -15.923] (conf  40/ 40) +
C    SER   22  A [    -4.260      2.821    -13.048] (conf   1/  1) +
O    SER   22  A [    -4.510      2.191    -12.023] (conf   1/  1) +
N    LEU   23  A [    -3.006      3.190    -13.379] (conf   1/  1) +
HN   LEU   23  A [    -2.757      3.689    -14.207] (conf   1/  1) +
CA   LEU   23  A [    -1.883      2.871    -12.512] (conf   1/  1) +
HA   LEU   23  A [    -1.929      1.808    -12.323] (conf  27/ 27) +
CB   LEU   23  A [    -0.491      3.213    -13.098] (conf  27/ 27) +
HB1  LEU   23  A [    -0.463      4.284    -13.393] (conf  27/ 27) +
HB2  LEU   23  A [     0.274      3.070    -12.300] (conf  27/ 27) +
CG   LEU   23  A [    -0.078      2.345    -14.298] (conf  27/ 27) +
HG   LEU   23  A [    -0.727      2.619    -15.161] (conf  27/ 27) +
CD1  LEU   23  A [     1.384      2.647    -14.636] (conf  27/ 27) +
HD11 LEU   23  A [     1.710      2.042    -15.507] (conf  27/ 27) +
HD12 LEU   23  A [     1.515      3.723    -14.875] (conf  27/ 27) +
HD13 LEU   23  A [     2.032      2.394    -13.768] (conf  27/ 27) +
CD2  LEU   23  A [    -0.226      0.826    -14.059] (conf  27/ 27) +
HD21 LEU   23  A [     0.093      0.267    -14.963] (conf  27/ 27) +
HD22 LEU   23  A [     0.410      0.510    -13.206] (conf  27/ 27) +
HD23 LEU   23  A [    -1.278      0.554    -13.843] (conf  27/ 27) +
C    LEU   23  A [    -2.033      3.527    -11.175] (conf   1/  1) +
O    LEU   23  A [    -1.761      2.920    -10.141] (conf   1/  1) +
N    LEU   24  A [    -2.473      4.801    -11.168] (conf   1/  1) +
HN   LEU   24  A [    -2.690      5.335    -11.983] (conf   1/  1) +
CA   LEU   24  A [    -2.672      5.515     -9.915] (conf   1/  1) +
HA   LEU   24  A [    -1.749      5.430     -9.360] (conf  27/ 27) +
CB   LEU   24  A [    -3.027      7.014    -10.069] (conf  27/ 27) +
HB1  LEU   24  A [    -3.918      7.122    -10.724] (conf  27/ 27) +
HB2  LEU   24  A [    -3.302      7.418     -9.068] (conf  27/ 27) +
CG   LEU   24  A [    -1.883      7.882    -10.621] (conf  27/ 27) +
HG   LEU   24  A [    -1.727      7.605    -11.689] (conf  27/ 27) +
CD1  LEU   24  A [    -2.298      9.352    -10.524] (conf  27/ 27) +
HD11 LEU   24  A [    -1.495     10.004    -10.925] (conf  27/ 27) +
HD12 LEU   24  A [    -3.231      9.533    -11.096] (conf  27/ 27) +
HD13 LEU   24  A [    -2.476      9.623     -9.460] (conf  27/ 27) +
CD2  LEU   24  A [    -0.539      7.697     -9.883] (conf  27/ 27) +
HD21 LEU   24  A [     0.234      8.356    -10.333] (conf  27/ 27) +
HD22 LEU   24  A [    -0.651      7.966     -8.812] (conf  27/ 27) +
HD23 LEU   24  A [    -0.180      6.651     -9.956] (conf  27/ 27) +
C    LEU   24  A [    -3.712      4.844     -9.074] (conf   1/  1) +
O    LEU   24  A [    -3.557      4.712     -7.862] (conf   1/  1) +
N    LEU   25  A [    -4.815      4.397     -9.711] (conf   1/  1) +
HN   LEU   25  A [    -4.989      4.493    -10.688] (conf   1/  1) +
CA   LEU   25  A [    -5.871      3.713     -8.980] (conf   1/  1) +
HA   LEU   25  A [    -6.142      4.354     -8.154] (conf  27/ 27) +
CB   LEU   25  A [    -7.142      3.402     -9.809] (conf  27/ 27) +
HB1  LEU   25  A [    -6.863      2.828    -10.718] (conf  27/ 27) +
HB2  LEU   25  A [    -7.812      2.753     -9.200] (conf  27/ 27) +
CG   LEU   25  A [    -7.948      4.646    -10.221] (conf  27/ 27) +
HG   LEU   25  A [    -7.352      5.207    -10.976] (conf  27/ 27) +
CD1  LEU   25  A [    -9.268      4.184    -10.844] (conf  27/ 27) +
HD11 LEU   25  A [    -9.870      5.060    -11.161] (conf  27/ 27) +
HD12 LEU   25  A [    -9.078      3.538    -11.725] (conf  27/ 27) +
HD13 LEU   25  A [    -9.855      3.604    -10.098] (conf  27/ 27) +
CD2  LEU   25  A [    -8.263      5.608     -9.054] (conf  27/ 27) +
HD21 LEU   25  A [    -8.848      6.475     -9.426] (conf  27/ 27) +
HD22 LEU   25  A [    -8.860      5.086     -8.279] (conf  27/ 27) +
HD23 LEU   25  A [    -7.333      5.997     -8.592] (conf  27/ 27) +
C    LEU   25  A [    -5.363      2.448     -8.361] (conf   1/  1) +
O    LEU   25  A [    -5.688      2.130     -7.218] (conf   1/  1) +
N    SER   26  A [    -4.543      1.688     -9.114] (conf   1/  1) +
HN   SER   26  A [    -4.266      1.899    -10.051] (conf   1/  1) +
CA   SER   26  A [    -3.981      0.452     -8.590] (conf   1/  1) +
HA   SER   26  A [    -4.808     -0.146     -8.231] (conf  40/ 40) +
CB   SER   26  A [    -3.218     -0.390     -9.645] (conf  40/ 40) +
HB1  SER   26  A [    -2.559     -1.133     -9.146] (conf  40/ 40) +
HB2  SER   26  A [    -3.958     -0.956    -10.254] (conf  40/ 40) +
OG   SER   26  A [    -2.458      0.420    -10.528] (conf  40/ 40) +
HG1  SER   26  A [    -1.715      0.782    -10.031] (conf  40/ 40) +
C    SER   26  A [    -3.115      0.718     -7.398] (conf   1/  1) +
O    SER   26  A [    -3.160     -0.011     -6.410] (conf   1/  1) +
N    LEU   27  A [    -2.296      1.786     -7.469] (conf   1/  1) +
HN   LEU   27  A [    -2.217      2.396     -8.255] (conf   1/  1) +
CA   LEU   27  A [    -1.432      2.137     -6.351] (conf   1/  1) +
HA   LEU   27  A [    -0.876      1.246     -6.097] (conf  27/ 27) +
CB   LEU   27  A [    -0.433      3.286     -6.635] (conf  27/ 27) +
HB1  LEU   27  A [    -0.986      4.180     -6.997] (conf  27/ 27) +
HB2  LEU   27  A [     0.063      3.568     -5.679] (conf  27/ 27) +
CG   LEU   27  A [     0.671      2.929     -7.645] (conf  27/ 27) +
HG   LEU   27  A [     0.199      2.825     -8.648] (conf  27/ 27) +
CD1  LEU   27  A [     1.693      4.069     -7.670] (conf  27/ 27) +
HD11 LEU   27  A [     2.499      3.845     -8.399] (conf  27/ 27) +
HD12 LEU   27  A [     1.205      5.024     -7.954] (conf  27/ 27) +
HD13 LEU   27  A [     2.149      4.188     -6.663] (conf  27/ 27) +
CD2  LEU   27  A [     1.410      1.610     -7.330] (conf  27/ 27) +
HD21 LEU   27  A [     2.192      1.421     -8.096] (conf  27/ 27) +
HD22 LEU   27  A [     1.899      1.673     -6.336] (conf  27/ 27) +
HD23 LEU   27  A [     0.713      0.747     -7.335] (conf  27/ 27) +
C    LEU   27  A [    -2.238      2.471     -5.134] (conf   1/  1) +
O    LEU   27  A [    -1.898      2.071     -4.024] (conf   1/  1) +
N    LEU   28  A [    -3.339      3.224     -5.322] (conf   1/  1) +
HN   LEU   28  A [    -3.643      3.582     -6.203] (conf   1/  1) +
CA   LEU   28  A [    -4.199      3.582     -4.202] (conf   1/  1) +
HA   LEU   28  A [    -3.561      4.024     -3.450] (conf  27/ 27) +
CB   LEU   28  A [    -5.333      4.580     -4.543] (conf  27/ 27) +
HB1  LEU   28  A [    -5.938      4.183     -5.386] (conf  27/ 27) +
HB2  LEU   28  A [    -6.008      4.663     -3.662] (conf  27/ 27) +
CG   LEU   28  A [    -4.846      5.997     -4.890] (conf  27/ 27) +
HG   LEU   28  A [    -4.322      5.950     -5.872] (conf  27/ 27) +
CD1  LEU   28  A [    -6.065      6.917     -4.998] (conf  27/ 27) +
HD11 LEU   28  A [    -5.746      7.947     -5.258] (conf  27/ 27) +
HD12 LEU   28  A [    -6.764      6.548     -5.776] (conf  27/ 27) +
HD13 LEU   28  A [    -6.601      6.947     -4.024] (conf  27/ 27) +
CD2  LEU   28  A [    -3.865      6.597     -3.859] (conf  27/ 27) +
HD21 LEU   28  A [    -3.562      7.618     -4.173] (conf  27/ 27) +
HD22 LEU   28  A [    -4.350      6.664     -2.863] (conf  27/ 27) +
HD23 LEU   28  A [    -2.947      5.981     -3.771] (conf  27/ 27) +
C    LEU   28  A [    -4.787      2.362     -3.567] (conf   1/  1) +
O    LEU   28  A [    -4.860      2.260     -2.344] (conf   1/  1) +
N    LEU   29  A [    -5.228      1.395     -4.397] (conf   1/  1) +
HN   LEU   29  A [    -5.202      1.443     -5.394] (conf   1/  1) +
CA   LEU   29  A [    -5.798      0.162     -3.872] (conf   1/  1) +
HA   LEU   29  A [    -6.573      0.450     -3.177] (conf  27/ 27) +
CB   LEU   29  A [    -6.407     -0.781     -4.938] (conf  27/ 27) +
HB1  LEU   29  A [    -5.647     -1.005     -5.717] (conf  27/ 27) +
HB2  LEU   29  A [    -6.672     -1.745     -4.447] (conf  27/ 27) +
CG   LEU   29  A [    -7.679     -0.237     -5.611] (conf  27/ 27) +
HG   LEU   29  A [    -7.386      0.624     -6.254] (conf  27/ 27) +
CD1  LEU   29  A [    -8.282     -1.347     -6.476] (conf  27/ 27) +
HD11 LEU   29  A [    -9.198     -0.981     -6.985] (conf  27/ 27) +
HD12 LEU   29  A [    -7.554     -1.683     -7.243] (conf  27/ 27) +
HD13 LEU   29  A [    -8.554     -2.216     -5.839] (conf  27/ 27) +
CD2  LEU   29  A [    -8.755      0.256     -4.619] (conf  27/ 27) +
HD21 LEU   29  A [    -9.641      0.628     -5.176] (conf  27/ 27) +
HD22 LEU   29  A [    -9.078     -0.576     -3.960] (conf  27/ 27) +
HD23 LEU   29  A [    -8.374      1.086     -3.992] (conf  27/ 27) +
C    LEU   29  A [    -4.789     -0.591     -3.062] (conf   1/  1) +
O    LEU   29  A [    -5.104     -1.124     -2.001] (conf   1/  1) +
N    GLY   30  A [    -3.536     -0.652     -3.554] (conf   1/  1) +
HN   GLY   30  A [    -3.262     -0.238     -4.421] (conf   1/  1) +
CA   GLY   30  A [    -2.481     -1.344     -2.826] (conf   1/  1) +
HA1  GLY   30  A [    -1.573     -1.263     -3.407] (conf   1/  1) +
HA2  GLY   30  A [    -2.808     -2.360     -2.652] (conf   1/  1) +
C    GLY   30  A [    -2.239     -0.703     -1.495] (conf   1/  1) +
O    GLY   30  A [    -2.058     -1.386     -0.490] (conf   1/  1) +
N    ALA   31  A [    -2.228      0.645     -1.461] (conf   1/  1) +
HN   ALA   31  A [    -2.357      1.222     -2.267] (conf   1/  1) +
CA   ALA   31  A [    -2.022      1.357     -0.208] (conf   1/  1) +
HA   ALA   31  A [    -1.095      1.046      0.260] (conf   1/  1) +
CB   ALA   31  A [    -1.916      2.878     -0.466] (conf   1/  1) +
HB1  ALA   31  A [    -1.068      3.081     -1.155] (conf   1/  1) +
HB2  ALA   31  A [    -2.843      3.269     -0.939] (conf   1/  1) +
HB3  ALA   31  A [    -1.735      3.441      0.476] (conf   1/  1) +
C    ALA   31  A [    -3.113      1.052      0.770] (conf   1/  1) +
O    ALA   31  A [    -2.861      0.850      1.955] (conf   1/  1) +
N    LEU   32  A [    -4.371      1.009      0.284] (conf   1/  1) +
HN   LEU   32  A [    -4.622      1.179     -0.667] (conf   1/  1) +
CA   LEU   32  A [    -5.496      0.698      1.154] (conf   1/  1) +
HA   LEU   32  A [    -5.435      1.375      1.994] (conf  27/ 27) +
CB   LEU   32  A [    -6.890      0.844      0.496] (conf  27/ 27) +
HB1  LEU   32  A [    -6.932      0.229     -0.429] (conf  27/ 27) +
HB2  LEU   32  A [    -7.656      0.441      1.196] (conf  27/ 27) +
CG   LEU   32  A [    -7.283      2.293      0.160] (conf  27/ 27) +
HG   LEU   32  A [    -6.633      2.641     -0.674] (conf  27/ 27) +
CD1  LEU   32  A [    -8.748      2.308     -0.285] (conf  27/ 27) +
HD11 LEU   32  A [    -9.059      3.341     -0.544] (conf  27/ 27) +
HD12 LEU   32  A [    -8.893      1.654     -1.169] (conf  27/ 27) +
HD13 LEU   32  A [    -9.396      1.940      0.540] (conf  27/ 27) +
CD2  LEU   32  A [    -7.114      3.280      1.336] (conf  27/ 27) +
HD21 LEU   32  A [    -7.420      4.300      1.021] (conf  27/ 27) +
HD22 LEU   32  A [    -7.750      2.970      2.190] (conf  27/ 27) +
HD23 LEU   32  A [    -6.059      3.329      1.671] (conf  27/ 27) +
C    LEU   32  A [    -5.363     -0.676      1.732] (conf   1/  1) +
O    LEU   32  A [    -5.631     -0.893      2.912] (conf   1/  1) +
N    LEU   33  A [    -4.941     -1.648      0.899] (conf   1/  1) +
HN   LEU   33  A [    -4.727     -1.520     -0.067] (conf   1/  1) +
CA   LEU   33  A [    -4.761     -3.012      1.376] (conf   1/  1) +
HA   LEU   33  A [    -5.686     -3.296      1.857] (conf  27/ 27) +
CB   LEU   33  A [    -4.432     -4.049      0.275] (conf  27/ 27) +
HB1  LEU   33  A [    -3.538     -3.716     -0.296] (conf  27/ 27) +
HB2  LEU   33  A [    -4.169     -5.014      0.765] (conf  27/ 27) +
CG   LEU   33  A [    -5.587     -4.323     -0.703] (conf  27/ 27) +
HG   LEU   33  A [    -5.732     -3.412     -1.327] (conf  27/ 27) +
CD1  LEU   33  A [    -5.197     -5.504     -1.596] (conf  27/ 27) +
HD11 LEU   33  A [    -6.008     -5.720     -2.321] (conf  27/ 27) +
HD12 LEU   33  A [    -4.264     -5.281     -2.153] (conf  27/ 27) +
HD13 LEU   33  A [    -5.030     -6.409     -0.972] (conf  27/ 27) +
CD2  LEU   33  A [    -6.932     -4.645     -0.016] (conf  27/ 27) +
HD21 LEU   33  A [    -7.713     -4.835     -0.782] (conf  27/ 27) +
HD22 LEU   33  A [    -6.830     -5.552      0.616] (conf  27/ 27) +
HD23 LEU   33  A [    -7.272     -3.802      0.617] (conf  27/ 27) +
C    LEU   33  A [    -3.714     -3.073      2.445] (conf   1/  1) +
O    LEU   33  A [    -3.876     -3.767      3.447] (conf   1/  1) +
N    GLY   34  A [    -2.603     -2.337      2.251] (conf   1/  1) +
HN   GLY   34  A [    -2.446     -1.778      1.438] (conf   1/  1) +
CA   GLY   34  A [    -1.539     -2.315      3.245] (conf   1/  1) +
HA1  GLY   34  A [    -0.758     -1.664      2.877] (conf   1/  1) +
HA2  GLY   34  A [    -1.222     -3.335      3.418] (conf   1/  1) +
C    GLY   34  A [    -2.032     -1.759      4.546] (conf   1/  1) +
O    GLY   34  A [    -1.709     -2.273      5.614] (conf   1/  1) +
N    LEU   35  A [    -2.836     -0.678      4.480] (conf   1/  1) +
HN   LEU   35  A [    -3.111     -0.220      3.637] (conf   1/  1) +
CA   LEU   35  A [    -3.382     -0.081      5.690] (conf   1/  1) +
HA   LEU   35  A [    -2.546      0.108      6.347] (conf  27/ 27) +
CB   LEU   35  A [    -4.154      1.244      5.472] (conf  27/ 27) +
HB1  LEU   35  A [    -4.956      1.089      4.718] (conf  27/ 27) +
HB2  LEU   35  A [    -4.649      1.527      6.428] (conf  27/ 27) +
CG   LEU   35  A [    -3.272      2.427      5.038] (conf  27/ 27) +
HG   LEU   35  A [    -2.919      2.230      3.999] (conf  27/ 27) +
CD1  LEU   35  A [    -4.121      3.700      5.063] (conf  27/ 27) +
HD11 LEU   35  A [    -3.513      4.573      4.744] (conf  27/ 27) +
HD12 LEU   35  A [    -4.993      3.601      4.386] (conf  27/ 27) +
HD13 LEU   35  A [    -4.491      3.886      6.095] (conf  27/ 27) +
CD2  LEU   35  A [    -2.027      2.644      5.926] (conf  27/ 27) +
HD21 LEU   35  A [    -1.445      3.514      5.556] (conf  27/ 27) +
HD22 LEU   35  A [    -2.336      2.847      6.973] (conf  27/ 27) +
HD23 LEU   35  A [    -1.363      1.757      5.912] (conf  27/ 27) +
C    LEU   35  A [    -4.259     -1.051      6.419] (conf   1/  1) +
O    LEU   35  A [    -4.208     -1.149      7.642] (conf   1/  1) +
N    LEU   36  A [    -5.094     -1.797      5.670] (conf   1/  1) +
HN   LEU   36  A [    -5.178     -1.739      4.678] (conf   1/  1) +
CA   LEU   36  A [    -5.970     -2.783      6.288] (conf   1/  1) +
HA   LEU   36  A [    -6.514     -2.269      7.067] (conf  27/ 27) +
CB   LEU   36  A [    -6.984     -3.448      5.326] (conf  27/ 27) +
HB1  LEU   36  A [    -6.443     -3.894      4.463] (conf  27/ 27) +
HB2  LEU   36  A [    -7.490     -4.281      5.865] (conf  27/ 27) +
CG   LEU   36  A [    -8.077     -2.500      4.804] (conf  27/ 27) +
HG   LEU   36  A [    -7.597     -1.770      4.112] (conf  27/ 27) +
CD1  LEU   36  A [    -9.115     -3.329      4.042] (conf  27/ 27) +
HD11 LEU   36  A [    -9.914     -2.670      3.644] (conf  27/ 27) +
HD12 LEU   36  A [    -8.639     -3.871      3.199] (conf  27/ 27) +
HD13 LEU   36  A [    -9.579     -4.072      4.727] (conf  27/ 27) +
CD2  LEU   36  A [    -8.798     -1.700      5.910] (conf  27/ 27) +
HD21 LEU   36  A [    -9.572     -1.044      5.460] (conf  27/ 27) +
HD22 LEU   36  A [    -9.294     -2.393      6.622] (conf  27/ 27) +
HD23 LEU   36  A [    -8.089     -1.057      6.469] (conf  27/ 27) +
C    LEU   36  A [    -5.176     -3.845      6.982] (conf   1/  1) +
O    LEU   36  A [    -5.517     -4.266      8.086] (conf   1/  1) +
N    LEU   37  A [    -4.085     -4.307      6.341] (conf   1/  1) +
HN   LEU   37  A [    -3.782     -4.003      5.440] (conf   1/  1) +
CA   LEU   37  A [    -3.238     -5.325      6.947] (conf   1/  1) +
HA   LEU   37  A [    -3.887     -6.142      7.229] (conf  27/ 27) +
CB   LEU   37  A [    -2.118     -5.873      6.028] (conf  27/ 27) +
HB1  LEU   37  A [    -1.502     -5.030      5.648] (conf  27/ 27) +
HB2  LEU   37  A [    -1.449     -6.524      6.635] (conf  27/ 27) +
CG   LEU   37  A [    -2.625     -6.707      4.840] (conf  27/ 27) +
HG   LEU   37  A [    -3.142     -6.019      4.132] (conf  27/ 27) +
CD1  LEU   37  A [    -1.420     -7.349      4.148] (conf  27/ 27) +
HD11 LEU   37  A [    -1.753     -7.952      3.278] (conf  27/ 27) +
HD12 LEU   37  A [    -0.711     -6.572      3.798] (conf  27/ 27) +
HD13 LEU   37  A [    -0.890     -8.020      4.860] (conf  27/ 27) +
CD2  LEU   37  A [    -3.622     -7.820      5.231] (conf  27/ 27) +
HD21 LEU   37  A [    -3.939     -8.380      4.326] (conf  27/ 27) +
HD22 LEU   37  A [    -3.143     -8.532      5.935] (conf  27/ 27) +
HD23 LEU   37  A [    -4.530     -7.398      5.706] (conf  27/ 27) +
C    LEU   37  A [    -2.633     -4.830      8.223] (conf   1/  1) +
O    LEU   37  A [    -2.567     -5.555      9.212] (conf   1/  1) +
N    ALA   38  A [    -2.173     -3.564      8.228] (conf   1/  1) +
HN   ALA   38  A [    -2.203     -2.959      7.432] (conf   1/  1) +
CA   ALA   38  A [    -1.589     -2.986      9.430] (conf   1/  1) +
HA   ALA   38  A [    -0.768     -3.596      9.788] (conf   1/  1) +
CB   ALA   38  A [    -1.017     -1.581      9.130] (conf   1/  1) +
HB1  ALA   38  A [    -0.242     -1.656      8.337] (conf   1/  1) +
HB2  ALA   38  A [    -1.813     -0.895      8.765] (conf   1/  1) +
HB3  ALA   38  A [    -0.545     -1.130     10.029] (conf   1/  1) +
C    ALA   38  A [    -2.590     -2.933     10.541] (conf   1/  1) +
O    ALA   38  A [    -2.274     -3.231     11.690] (conf   1/  1) +
N    ALA   39  A [    -3.840     -2.546     10.216] (conf   1/  1) +
HN   ALA   39  A [    -4.119     -2.285      9.292] (conf   1/  1) +
CA   ALA   39  A [    -4.888     -2.484     11.227] (conf   1/  1) +
HA   ALA   39  A [    -4.587     -1.847     12.050] (conf   1/  1) +
CB   ALA   39  A [    -6.178     -1.879     10.628] (conf   1/  1) +
HB1  ALA   39  A [    -5.969     -0.857     10.246] (conf   1/  1) +
HB2  ALA   39  A [    -6.550     -2.492      9.779] (conf   1/  1) +
HB3  ALA   39  A [    -6.985     -1.802     11.389] (conf   1/  1) +
C    ALA   39  A [    -5.148     -3.837     11.812] (conf   1/  1) +
O    ALA   39  A [    -5.323     -3.978     13.020] (conf   1/  1) +
N    LEU   40  A [    -5.179     -4.876     10.954] (conf   1/  1) +
HN   LEU   40  A [    -5.056     -4.805      9.966] (conf   1/  1) +
CA   LEU   40  A [    -5.402     -6.234     11.433] (conf   1/  1) +
HA   LEU   40  A [    -6.303     -6.208     12.029] (conf  27/ 27) +
CB   LEU   40  A [    -5.570     -7.298     10.321] (conf  27/ 27) +
HB1  LEU   40  A [    -4.694     -7.266      9.638] (conf  27/ 27) +
HB2  LEU   40  A [    -5.583     -8.306     10.794] (conf  27/ 27) +
CG   LEU   40  A [    -6.861     -7.155      9.497] (conf  27/ 27) +
HG   LEU   40  A [    -6.773     -6.234      8.877] (conf  27/ 27) +
CD1  LEU   40  A [    -6.995     -8.379      8.588] (conf  27/ 27) +
HD11 LEU   40  A [    -7.915     -8.300      7.972] (conf  27/ 27) +
HD12 LEU   40  A [    -6.117     -8.464      7.916] (conf  27/ 27) +
HD13 LEU   40  A [    -7.062     -9.301      9.205] (conf  27/ 27) +
CD2  LEU   40  A [    -8.143     -7.030     10.350] (conf  27/ 27) +
HD21 LEU   40  A [    -9.030     -6.935      9.690] (conf  27/ 27) +
HD22 LEU   40  A [    -8.270     -7.933     10.983] (conf  27/ 27) +
HD23 LEU   40  A [    -8.106     -6.135     11.003] (conf  27/ 27) +
C    LEU   40  A [    -4.312     -6.660     12.365] (conf   1/  1) +
O    LEU   40  A [    -4.568     -7.282     13.394] (conf   1/  1) +
N    ILE   41  A [    -3.052     -6.329     12.019] (conf   1/  1) +
HN   ILE   41  A [    -2.796     -5.838     11.189] (conf   1/  1) +
CA   ILE   41  A [    -1.927     -6.682     12.874] (conf   1/  1) +
HA   ILE   41  A [    -2.035     -7.741     13.072] (conf  15/ 15) +
CB   ILE   41  A [    -0.524     -6.501     12.231] (conf  15/ 15) +
HB   ILE   41  A [     0.246     -6.819     12.973] (conf  15/ 15) +
CG2  ILE   41  A [    -0.411     -7.462     11.010] (conf  15/ 15) +
HG21 ILE   41  A [     0.590     -7.380     10.540] (conf  15/ 15) +
HG22 ILE   41  A [    -0.556     -8.514     11.334] (conf  15/ 15) +
HG23 ILE   41  A [    -1.178     -7.218     10.249] (conf  15/ 15) +
CG1  ILE   41  A [    -0.218     -5.017     11.897] (conf  15/ 15) +
HG11 ILE   41  A [    -0.939     -4.671     11.125] (conf  15/ 15) +
HG12 ILE   41  A [    -0.392     -4.405     12.810] (conf  15/ 15) +
CD   ILE   41  A [     1.218     -4.724     11.401] (conf  15/ 15) +
HD1  ILE   41  A [     1.338     -3.638     11.198] (conf  15/ 15) +
HD2  ILE   41  A [     1.964     -5.022     12.168] (conf  15/ 15) +
HD3  ILE   41  A [     1.430     -5.278     10.464] (conf  15/ 15) +
C    ILE   41  A [    -2.042     -6.022     14.213] (conf   1/  1) +
O    ILE   41  A [    -1.778     -6.638     15.243] (conf   1/  1) +
N    LEU   42  A [    -2.444     -4.736     14.224] (conf   1/  1) +
HN   LEU   42  A [    -2.653     -4.196     13.411] (conf   1/  1) +
CA   LEU   42  A [    -2.607     -4.016     15.479] (conf   1/  1) +
HA   LEU   42  A [    -1.680     -4.130     16.024] (conf  27/ 27) +
CB   LEU   42  A [    -2.915     -2.506     15.330] (conf  27/ 27) +
HB1  LEU   42  A [    -3.810     -2.371     14.684] (conf  27/ 27) +
HB2  LEU   42  A [    -3.167     -2.095     16.333] (conf  27/ 27) +
CG   LEU   42  A [    -1.751     -1.675     14.765] (conf  27/ 27) +
HG   LEU   42  A [    -1.615     -1.956     13.695] (conf  27/ 27) +
CD1  LEU   42  A [    -2.119     -0.193     14.867] (conf  27/ 27) +
HD11 LEU   42  A [    -1.301      0.435     14.457] (conf  27/ 27) +
HD12 LEU   42  A [    -3.052      0.018     14.304] (conf  27/ 27) +
HD13 LEU   42  A [    -2.276      0.084     15.932] (conf  27/ 27) +
CD2  LEU   42  A [    -0.406     -1.901     15.488] (conf  27/ 27) +
HD21 LEU   42  A [     0.382     -1.268     15.030] (conf  27/ 27) +
HD22 LEU   42  A [    -0.497     -1.630     16.560] (conf  27/ 27) +
HD23 LEU   42  A [    -0.081     -2.958     15.411] (conf  27/ 27) +
C    LEU   42  A [    -3.659     -4.655     16.333] (conf   1/  1) +
O    LEU   42  A [    -3.492     -4.792     17.542] (conf   1/  1) +
N    ILE   43  A [    -4.780     -5.068     15.709] (conf   1/  1) +
HN   ILE   43  A [    -4.962     -4.966     14.733] (conf   1/  1) +
CA   ILE   43  A [    -5.849     -5.720     16.451] (conf   1/  1) +
HA   ILE   43  A [    -6.061     -5.068     17.290] (conf  15/ 15) +
CB   ILE   43  A [    -7.188     -5.884     15.680] (conf  15/ 15) +
HB   ILE   43  A [    -7.926     -6.376     16.357] (conf  15/ 15) +
CG2  ILE   43  A [    -7.744     -4.466     15.347] (conf  15/ 15) +
HG21 ILE   43  A [    -8.716     -4.543     14.818] (conf  15/ 15) +
HG22 ILE   43  A [    -7.903     -3.887     16.281] (conf  15/ 15) +
HG23 ILE   43  A [    -7.035     -3.911     14.702] (conf  15/ 15) +
CG1  ILE   43  A [    -7.045     -6.812     14.445] (conf  15/ 15) +
HG11 ILE   43  A [    -6.349     -6.336     13.722] (conf  15/ 15) +
HG12 ILE   43  A [    -6.579     -7.768     14.772] (conf  15/ 15) +
CD   ILE   43  A [    -8.362     -7.159     13.710] (conf  15/ 15) +
HD1  ILE   43  A [    -8.155     -7.831     12.850] (conf  15/ 15) +
HD2  ILE   43  A [    -9.067     -7.673     14.396] (conf  15/ 15) +
HD3  ILE   43  A [    -8.849     -6.239     13.324] (conf  15/ 15) +
C    ILE   43  A [    -5.372     -7.000     17.065] (conf   1/  1) +
OT1  ILE   43  A [    -4.173     -7.337     16.874] (conf   1/  1) +
OT2  ILE   43  A [    -6.195     -7.675     17.740] (conf   1/  1) +
N    ARG   20  B [     2.170     -5.983    -17.161] (conf   1/  1) +
CA   ARG   20  B [     1.618     -6.576    -15.953] (conf   1/  1) +
HA   ARG   20  B [     0.779     -5.970    -15.632] (conf 246/246) +
HT1  ARG   20  B [     1.447     -5.979    -17.908] (conf   1/  1) +
HT2  ARG   20  B [     2.991     -6.538    -17.477] (conf   1/  1) +
HT3  ARG   20  B [     2.469     -5.006    -16.963] (conf   1/  1) +
CB   ARG   20  B [     1.138     -8.018    -16.224] (conf 246/246) +
HB1  ARG   20  B [     1.938     -8.563    -16.772] (conf 246/246) +
HB2  ARG   20  B [     0.995     -8.533    -15.247] (conf 246/246) +
CG   ARG   20  B [    -0.181     -8.129    -17.011] (conf 246/246) +
HG1  ARG   20  B [    -0.971     -7.562    -16.472] (conf 246/246) +
HG2  ARG   20  B [    -0.065     -7.676    -18.018] (conf 246/246) +
CD   ARG   20  B [    -0.587     -9.607    -17.145] (conf 246/246) +
HD1  ARG   20  B [     0.059    -10.105    -17.901] (conf 246/246) +
HD2  ARG   20  B [    -0.412    -10.128    -16.180] (conf 246/246) +
NE   ARG   20  B [    -2.011     -9.759    -17.570] (conf 246/246) +
HE   ARG   20  B [    -2.242     -9.635    -18.529] (conf 246/246) +
CZ   ARG   20  B [    -3.005    -10.088    -16.722] (conf 246/246) +
NH1  ARG   20  B [    -2.767    -10.279    -15.419] (conf 246/246) +
HH11 ARG   20  B [    -3.512    -10.514    -14.807] (conf 246/246) +
HH12 ARG   20  B [    -1.844    -10.162    -15.081] (conf 246/246) +
NH2  ARG   20  B [    -4.255    -10.225    -17.178] (conf 246/246) +
HH21 ARG   20  B [    -4.983    -10.461    -16.546] (conf 246/246) +
HH22 ARG   20  B [    -4.447    -10.086    -18.142] (conf 246/246) +
C    ARG   20  B [     2.633     -6.599    -14.853] (conf   1/  1) +
O    ARG   20  B [     2.319     -6.309    -13.700] (conf   1/  1) +
N    ALA   21  B [     3.890     -6.949    -15.191] (conf   1/  1) +
HN   ALA   21  B [     4.166     -7.202    -16.118] (conf   1/  1) +
CA   ALA   21  B [     4.950     -6.977    -14.194] (conf   1/  1) +
HA   ALA   21  B [     4.679     -7.623    -13.366] (conf   1/  1) +
CB   ALA   21  B [     6.252     -7.542    -14.807] (conf   1/  1) +
HB1  ALA   21  B [     6.069     -8.570    -15.186] (conf   1/  1) +
HB2  ALA   21  B [     6.594     -6.919    -15.661] (conf   1/  1) +
HB3  ALA   21  B [     7.069     -7.594    -14.056] (conf   1/  1) +
C    ALA   21  B [     5.175     -5.616    -13.612] (conf   1/  1) +
O    ALA   21  B [     5.360     -5.470    -12.405] (conf   1/  1) +
N    SER   22  B [     5.164     -4.577    -14.469] (conf   1/  1) +
HN   SER   22  B [     5.032     -4.649    -15.457] (conf   1/  1) +
CA   SER   22  B [     5.353     -3.215    -13.992] (conf   1/  1) +
HA   SER   22  B [     6.267     -3.204    -13.412] (conf  40/ 40) +
CB   SER   22  B [     5.506     -2.165    -15.122] (conf  40/ 40) +
HB1  SER   22  B [     5.331     -1.140    -14.728] (conf  40/ 40) +
HB2  SER   22  B [     6.550     -2.202    -15.506] (conf  40/ 40) +
OG   SER   22  B [     4.634     -2.423    -16.213] (conf  40/ 40) +
HG1  SER   22  B [     3.734     -2.231    -15.923] (conf  40/ 40) +
C    SER   22  B [     4.260     -2.821    -13.048] (conf   1/  1) +
O    SER   22  B [     4.510     -2.191    -12.023] (conf   1/  1) +
N    LEU   23  B [     3.006     -3.190    -13.379] (conf   1/  1) +
HN   LEU   23  B [     2.757     -3.689    -14.207] (conf   1/  1) +
CA   LEU   23  B [     1.883     -2.871    -12.512] (conf   1/  1) +
HA   LEU   23  B [     1.929     -1.808    -12.323] (conf  27/ 27) +
CB   LEU   23  B [     0.491     -3.213    -13.098] (conf  27/ 27) +
HB1  LEU   23  B [     0.463     -4.284    -13.393] (conf  27/ 27) +
HB2  LEU   23  B [    -0.274     -3.070    -12.300] (conf  27/ 27) +
CG   LEU   23  B [     0.078     -2.345    -14.298] (conf  27/ 27) +
HG   LEU   23  B [     0.727     -2.619    -15.161] (conf  27/ 27) +
CD1  LEU   23  B [    -1.384     -2.647    -14.636] (conf  27/ 27) +
HD11 LEU   23  B [    -1.710     -2.042    -15.507] (conf  27/ 27) +
HD12 LEU   23  B [    -1.515     -3.723    -14.875] (conf  27/ 27) +
HD13 LEU   23  B [    -2.032     -2.394    -13.768] (conf  27/ 27) +
CD2  LEU   23  B [     0.226     -0.826    -14.059] (conf  27/ 27) +
HD21 LEU   23  B [    -0.093     -0.267    -14.963] (conf  27/ 27) +
HD22 LEU   23  B [    -0.410     -0.510    -13.206] (conf  27/ 27) +
HD23 LEU   23  B [     1.278     -0.554    -13.843] (conf  27/ 27) +
C    LEU   23  B [     2.033     -3.527    -11.175] (conf   1/  1) +
O    LEU   23  B [     1.761     -2.920    -10.141] (conf   1/  1) +
N    LEU   24  B [     2.473     -4.801    -11.168] (conf   1/  1) +
HN   LEU   24  B [     2.690     -5.335    -11.983] (conf   1/  1) +
CA   LEU   24  B [     2.672     -5.515     -9.915] (conf   1/  1) +
HA   LEU   24  B [     1.749     -5.430     -9.360] (conf  27/ 27) +
CB   LEU   24  B [     3.027     -7.014    -10.069] (conf  27/ 27) +
HB1  LEU   24  B [     3.918     -7.122    -10.724] (conf  27/ 27) +
HB2  LEU   24  B [     3.302     -7.418     -9.068] (conf  27/ 27) +
CG   LEU   24  B [     1.883     -7.882    -10.621] (conf  27/ 27) +
HG   LEU   24  B [     1.727     -7.605    -11.689] (conf  27/ 27) +
CD1  LEU   24  B [     2.298     -9.352    -10.524] (conf  27/ 27) +
HD11 LEU   24  B [     1.495    -10.004    -10.925] (conf  27/ 27) +
HD12 LEU   24  B [     3.231     -9.533    -11.096] (conf  27/ 27) +
HD13 LEU   24  B [     2.476     -9.623     -9.460] (conf  27/ 27) +
CD2  LEU   24  B [     0.539     -7.697     -9.883] (conf  27/ 27) +
HD21 LEU   24  B [    -0.234     -8.356    -10.333] (conf  27/ 27) +
HD22 LEU   24  B [     0.651     -7.966     -8.812] (conf  27/ 27) +
HD23 LEU   24  B [     0.180     -6.651     -9.956] (conf  27/ 27) +
C    LEU   24  B [     3.712     -4.844     -9.074] (conf   1/  1) +
O    LEU   24  B [     3.557     -4.712     -7.862] (conf   1/  1) +
N    LEU   25  B [     4.815     -4.397     -9.711] (conf   1/  1) +
HN   LEU   25  B [     4.989     -4.493    -10.688] (conf   1/  1) +
CA   LEU   25  B [     5.871     -3.713     -8.980] (conf   1/  1) +
HA   LEU   25  B [     6.142     -4.354     -8.154] (conf  27/ 27) +
CB   LEU   25  B [     7.142     -3.402     -9.809] (conf  27/ 27) +
HB1  LEU   25  B [     6.863     -2.828    -10.718] (conf  27/ 27) +
HB2  LEU   25  B [     7.812     -2.753     -9.200] (conf  27/ 27) +
CG   LEU   25  B [     7.948     -4.646    -10.221] (conf  27/ 27) +
HG   LEU   25  B [     7.352     -5.207    -10.976] (conf  27/ 27) +
CD1  LEU   25  B [     9.268     -4.184    -10.844] (conf  27/ 27) +
HD11 LEU   25  B [     9.870     -5.060    -11.161] (conf  27/ 27) +
HD12 LEU   25  B [     9.078     -3.538    -11.725] (conf  27/ 27) +
HD13 LEU   25  B [     9.855     -3.604    -10.098] (conf  27/ 27) +
CD2  LEU   25  B [     8.263     -5.608     -9.054] (conf  27/ 27) +
HD21 LEU   25  B [     8.848     -6.475     -9.426] (conf  27/ 27) +
HD22 LEU   25  B [     8.860     -5.086     -8.279] (conf  27/ 27) +
HD23 LEU   25  B [     7.333     -5.997     -8.592] (conf  27/ 27) +
C    LEU   25  B [     5.363     -2.448     -8.361] (conf   1/  1) +
O    LEU   25  B [     5.688     -2.130     -7.218] (conf   1/  1) +
N    SER   26  B [     4.543     -1.688     -9.114] (conf   1/  1) +
HN   SER   26  B [     4.266     -1.899    -10.051] (conf   1/  1) +
CA   SER   26  B [     3.981     -0.452     -8.590] (conf   1/  1) +
HA   SER   26  B [     4.808      0.146     -8.231] (conf  40/ 40) +
CB   SER   26  B [     3.218      0.390     -9.645] (conf  40/ 40) +
HB1  SER   26  B [     2.559      1.133     -9.146] (conf  40/ 40) +
HB2  SER   26  B [     3.958      0.956    -10.254] (conf  40/ 40) +
OG   SER   26  B [     2.458     -0.420    -10.528] (conf  40/ 40) +
HG1  SER   26  B [     1.715     -0.782    -10.031] (conf  40/ 40) +
C    SER   26  B [     3.115     -0.718     -7.398] (conf   1/  1) +
O    SER   26  B [     3.160      0.011     -6.410] (conf   1/  1) +
N    LEU   27  B [     2.296     -1.786     -7.469] (conf   1/  1) +
HN   LEU   27  B [     2.217     -2.396     -8.255] (conf   1/  1) +
CA   LEU   27  B [     1.432     -2.137     -6.351] (conf   1/  1) +
HA   LEU   27  B [     0.876     -1.246     -6.097] (conf  27/ 27) +
CB   LEU   27  B [     0.433     -3.286     -6.635] (conf  27/ 27) +
HB1  LEU   27  B [     0.986     -4.180     -6.997] (conf  27/ 27) +
HB2  LEU   27  B [    -0.063     -3.568     -5.679] (conf  27/ 27) +
CG   LEU   27  B [    -0.671     -2.929     -7.645] (conf  27/ 27) +
HG   LEU   27  B [    -0.199     -2.825     -8.648] (conf  27/ 27) +
CD1  LEU   27  B [    -1.693     -4.069     -7.670] (conf  27/ 27) +
HD11 LEU   27  B [    -2.499     -3.845     -8.399] (conf  27/ 27) +
HD12 LEU   27  B [    -1.205     -5.024     -7.954] (conf  27/ 27) +
HD13 LEU   27  B [    -2.149     -4.188     -6.663] (conf  27/ 27) +
CD2  LEU   27  B [    -1.410     -1.610     -7.330] (conf  27/ 27) +
HD21 LEU   27  B [    -2.192     -1.421     -8.096] (conf  27/ 27) +
HD22 LEU   27  B [    -1.899     -1.673     -6.336] (conf  27/ 27) +
HD23 LEU   27  B [    -0.713     -0.747     -7.335] (conf  27/ 27) +
C    LEU   27  B [     2.238     -2.471     -5.134] (conf   1/  1) +
O    LEU   27  B [     1.898     -2.071     -4.024] (conf   1/  1) +
N    LEU   28  B [     3.339     -3.224     -5.322] (conf   1/  1) +
HN   LEU   28  B [     3.643     -3.582     -6.203] (conf   1/  1) +
CA   LEU   28  B [     4.199     -3.582     -4.202] (conf   1/  1) +
HA   LEU   28  B [     3.561     -4.024     -3.450] (conf  27/ 27) +
CB   LEU   28  B [     5.333     -4.580     -4.543] (conf  27/ 27) +
HB1  LEU   28  B [     5.938     -4.183     -5.386] (conf  27/ 27) +
HB2  LEU   28  B [     6.008     -4.663     -3.662] (conf  27/ 27) +
CG   LEU   28  B [     4.846     -5.997     -4.890] (conf  27/ 27) +
HG   LEU   28  B [     4.322     -5.950     -5.872] (conf  27/ 27) +
CD1  LEU   28  B [     6.065     -6.917     -4.998] (conf  27/ 27) +
HD11 LEU   28  B [     5.746     -7.947     -5.258] (conf  27/ 27) +
HD12 LEU   28  B [     6.764     -6.548     -5.776] (conf  27/ 27) +
HD13 LEU   28  B [     6.601     -6.947     -4.024] (conf  27/ 27) +
CD2  LEU   28  B [     3.865     -6.597     -3.859] (conf  27/ 27) +
HD21 LEU   28  B [     3.562     -7.618     -4.173] (conf  27/ 27) +
HD22 LEU   28  B [     4.350     -6.664     -2.863] (conf  27/ 27) +
HD23 LEU   28  B [     2.947     -5.981     -3.771] (conf  27/ 27) +
C    LEU   28  B [     4.787     -2.362     -3.567] (conf   1/  1) +
O    LEU   28  B [     4.860     -2.260     -2.344] (conf   1/  1) +
N    LEU   29  B [     5.228     -1.395     -4.397] (conf   1/  1) +
HN   LEU   29  B [     5.202     -1.443     -5.394] (conf   1/  1) +
CA   LEU   29  B [     5.798     -0.162     -3.872] (conf   1/  1) +
HA   LEU   29  B [     6.573     -0.450     -3.177] (conf  27/ 27) +
CB   LEU   29  B [     6.407      0.781     -4.938] (conf  27/ 27) +
HB1  LEU   29  B [     5.647      1.005     -5.717] (conf  27/ 27) +
HB2  LEU   29  B [     6.672      1.745     -4.447] (conf  27/ 27) +
CG   LEU   29  B [     7.679      0.237     -5.611] (conf  27/ 27) +
HG   LEU   29  B [     7.386     -0.624     -6.254] (conf  27/ 27) +
CD1  LEU   29  B [     8.282      1.347     -6.476] (conf  27/ 27) +
HD11 LEU   29  B [     9.198      0.981     -6.985] (conf  27/ 27) +
HD12 LEU   29  B [     7.554      1.683     -7.243] (conf  27/ 27) +
HD13 LEU   29  B [     8.554      2.216     -5.839] (conf  27/ 27) +
CD2  LEU   29  B [     8.755     -0.256     -4.619] (conf  27/ 27) +
HD21 LEU   29  B [     9.641     -0.628     -5.176] (conf  27/ 27) +
HD22 LEU   29  B [     9.078      0.576     -3.960] (conf  27/ 27) +
HD23 LEU   29  B [     8.374     -1.086     -3.992] (conf  27/ 27) +
C    LEU   29  B [     4.789      0.591     -3.062] (conf   1/  1) +
O    LEU   29  B [     5.104      1.124     -2.001] (conf   1/  1) +
N    GLY   30  B [     3.536      0.652     -3.554] (conf   1/  1) +
HN   GLY   30  B [     3.262      0.238     -4.421] (conf   1/  1) +
CA   GLY   30  B [     2.481      1.344     -2.826] (conf   1/  1) +
HA1  GLY   30  B [     1.573      1.263     -3.407] (conf   1/  1) +
HA2  GLY   30  B [     2.808      2.360     -2.652] (conf   1/  1) +
C    GLY   30  B [     2.239      0.703     -1.495] (conf   1/  1) +
O    GLY   30  B [     2.058      1.386     -0.490] (conf   1/  1) +
N    ALA   31  B [     2.228     -0.645     -1.461] (conf   1/  1) +
HN   ALA   31  B [     2.357     -1.222     -2.267] (conf   1/  1) +
CA   ALA   31  B [     2.022     -1.357     -0.208] (conf   1/  1) +
HA   ALA   31  B [     1.095     -1.046      0.260] (conf   1/  1) +
CB   ALA   31  B [     1.916     -2.878     -0.466] (conf   1/  1) +
HB1  ALA   31  B [     1.068     -3.081     -1.155] (conf   1/  1) +
HB2  ALA   31  B [     2.843     -3.269     -0.939] (conf   1/  1) +
HB3  ALA   31  B [     1.735     -3.441      0.476] (conf   1/  1) +
C    ALA   31  B [     3.113     -1.052      0.770] (conf   1/  1) +
O    ALA   31  B [     2.861     -0.850      1.955] (conf   1/  1) +
N    LEU   32  B [     4.371     -1.009      0.284] (conf   1/  1) +
HN   LEU   32  B [     4.622     -1.179     -0.667] (conf   1/  1) +
CA   LEU   32  B [     5.496     -0.698      1.154] (conf   1/  1) +
HA   LEU   32  B [     5.435     -1.375      1.994] (conf  27/ 27) +
CB   LEU   32  B [     6.890     -0.844      0.496] (conf  27/ 27) +
HB1  LEU   32  B [     6.932     -0.229     -0.429] (conf  27/ 27) +
HB2  LEU   32  B [     7.656     -0.441      1.196] (conf  27/ 27) +
CG   LEU   32  B [     7.283     -2.293      0.160] (conf  27/ 27) +
HG   LEU   32  B [     6.633     -2.641     -0.674] (conf  27/ 27) +
CD1  LEU   32  B [     8.748     -2.308     -0.285] (conf  27/ 27) +
HD11 LEU   32  B [     9.059     -3.341     -0.544] (conf  27/ 27) +
HD12 LEU   32  B [     8.893     -1.654     -1.169] (conf  27/ 27) +
HD13 LEU   32  B [     9.396     -1.940      0.540] (conf  27/ 27) +
CD2  LEU   32  B [     7.114     -3.280      1.336] (conf  27/ 27) +
HD21 LEU   32  B [     7.420     -4.300      1.021] (conf  27/ 27) +
HD22 LEU   32  B [     7.750     -2.970      2.190] (conf  27/ 27) +
HD23 LEU   32  B [     6.059     -3.329      1.671] (conf  27/ 27) +
C    LEU   32  B [     5.363      0.676      1.732] (conf   1/  1) +
O    LEU   32  B [     5.631      0.893      2.912] (conf   1/  1) +
N    LEU   33  B [     4.941      1.648      0.899] (conf   1/  1) +
HN   LEU   33  B [     4.727      1.520     -0.067] (conf   1/  1) +
CA   LEU   33  B [     4.761      3.012      1.376] (conf   1/  1) +
HA   LEU   33  B [     5.686      3.296      1.857] (conf  27/ 27) +
CB   LEU   33  B [     4.432      4.049      0.275] (conf  27/ 27) +
HB1  LEU   33  B [     3.538      3.716     -0.296] (conf  27/ 27) +
HB2  LEU   33  B [     4.169      5.014      0.765] (conf  27/ 27) +
CG   LEU   33  B [     5.587      4.323     -0.703] (conf  27/ 27) +
HG   LEU   33  B [     5.732      3.412     -1.327] (conf  27/ 27) +
CD1  LEU   33  B [     5.197      5.504     -1.596] (conf  27/ 27) +
HD11 LEU   33  B [     6.008      5.720     -2.321] (conf  27/ 27) +
HD12 LEU   33  B [     4.264      5.281     -2.153] (conf  27/ 27) +
HD13 LEU   33  B [     5.030      6.409     -0.972] (conf  27/ 27) +
CD2  LEU   33  B [     6.932      4.645     -0.016] (conf  27/ 27) +
HD21 LEU   33  B [     7.713      4.835     -0.782] (conf  27/ 27) +
HD22 LEU   33  B [     6.830      5.552      0.616] (conf  27/ 27) +
HD23 LEU   33  B [     7.272      3.802      0.617] (conf  27/ 27) +
C    LEU   33  B [     3.714      3.073      2.445] (conf   1/  1) +
O    LEU   33  B [     3.876      3.767      3.447] (conf   1/  1) +
N    GLY   34  B [     2.603      2.337      2.251] (conf   1/  1) +
HN   GLY   34  B [     2.446      1.778      1.438] (conf   1/  1) +
CA   GLY   34  B [     1.539      2.315      3.245] (conf   1/  1) +
HA1  GLY   34  B [     0.758      1.664      2.877] (conf   1/  1) +
HA2  GLY   34  B [     1.222      3.335      3.418] (conf   1/  1) +
C    GLY   34  B [     2.032      1.759      4.546] (conf   1/  1) +
O    GLY   34  B [     1.709      2.273      5.614] (conf   1/  1) +
N    LEU   35  B [     2.836      0.678      4.480] (conf   1/  1) +
HN   LEU   35  B [     3.111      0.220      3.637] (conf   1/  1) +
CA   LEU   35  B [     3.382      0.081      5.690] (conf   1/  1) +
HA   LEU   35  B [     2.546     -0.108      6.347] (conf  27/ 27) +
CB   LEU   35  B [     4.154     -1.244      5.472] (conf  27/ 27) +
HB1  LEU   35  B [     4.956     -1.089      4.718] (conf  27/ 27) +
HB2  LEU   35  B [     4.649     -1.527      6.428] (conf  27/ 27) +
CG   LEU   35  B [     3.272     -2.427      5.038] (conf  27/ 27) +
HG   LEU   35  B [     2.919     -2.230      3.999] (conf  27/ 27) +
CD1  LEU   35  B [     4.121     -3.700      5.063] (conf  27/ 27) +
HD11 LEU   35  B [     3.513     -4.573      4.744] (conf  27/ 27) +
HD12 LEU   35  B [     4.993     -3.601      4.386] (conf  27/ 27) +
HD13 LEU   35  B [     4.491     -3.886      6.095] (conf  27/ 27) +
CD2  LEU   35  B [     2.027     -2.644      5.926] (conf  27/ 27) +
HD21 LEU   35  B [     1.445     -3.514      5.556] (conf  27/ 27) +
HD22 LEU   35  B [     2.336     -2.847      6.973] (conf  27/ 27) +
HD23 LEU   35  B [     1.363     -1.757      5.912] (conf  27/ 27) +
C    LEU   35  B [     4.259      1.051      6.419] (conf   1/  1) +
O    LEU   35  B [     4.208      1.149      7.642] (conf   1/  1) +
N    LEU   36  B [     5.094      1.797      5.670] (conf   1/  1) +
HN   LEU   36  B [     5.178      1.739      4.678] (conf   1/  1) +
CA   LEU   36  B [     5.970      2.783      6.288] (conf   1/  1) +
HA   LEU   36  B [     6.514      2.269      7.067] (conf  27/ 27) +
CB   LEU   36  B [     6.984      3.448      5.326] (conf  27/ 27) +
HB1  LEU   36  B [     6.443      3.894      4.463] (conf  27/ 27) +
HB2  LEU   36  B [     7.490      4.281      5.865] (conf  27/ 27) +
CG   LEU   36  B [     8.077      2.500      4.804] (conf  27/ 27) +
HG   LEU   36  B [     7.597      1.770      4.112] (conf  27/ 27) +
CD1  LEU   36  B [     9.115      3.329      4.042] (conf  27/ 27) +
HD11 LEU   36  B [     9.914      2.670      3.644] (conf  27/ 27) +
HD12 LEU   36  B [     8.639      3.871      3.199] (conf  27/ 27) +
HD13 LEU   36  B [     9.579      4.072      4.727] (conf  27/ 27) +
CD2  LEU   36  B [     8.798      1.700      5.910] (conf  27/ 27) +
HD21 LEU   36  B [     9.572      1.044      5.460] (conf  27/ 27) +
HD22 LEU   36  B [     9.294      2.393      6.622] (conf  27/ 27) +
HD23 LEU   36  B [     8.089      1.057      6.469] (conf  27/ 27) +
C    LEU   36  B [     5.176      3.845      6.982] (conf   1/  1) +
O    LEU   36  B [     5.517      4.266      8.086] (conf   1/  1) +
N    LEU   37  B [     4.085      4.307      6.341] (conf   1/  1) +
HN   LEU   37  B [     3.782      4.003      5.440] (conf   1/  1) +
CA   LEU   37  B [     3.238      5.325      6.947] (conf   1/  1) +
HA   LEU   37  B [     3.887      6.142      7.229] (conf  27/ 27) +
CB   LEU   37  B [     2.118      5.873      6.028] (conf  27/ 27) +
HB1  LEU   37  B [     1.502      5.030      5.648] (conf  27/ 27) +
HB2  LEU   37  B [     1.449      6.524      6.635] (conf  27/ 27) +
CG   LEU   37  B [     2.625      6.707      4.840] (conf  27/ 27) +
HG   LEU   37  B [     3.142      6.019      4.132] (conf  27/ 27) +
CD1  LEU   37  B [     1.420      7.349      4.148] (conf  27/ 27) +
HD11 LEU   37  B [     1.753      7.952      3.278] (conf  27/ 27) +
HD12 LEU   37  B [     0.711      6.572      3.798] (conf  27/ 27) +
HD13 LEU   37  B [     0.890      8.020      4.860] (conf  27/ 27) +
CD2  LEU   37  B [     3.622      7.820      5.231] (conf  27/ 27) +
HD21 LEU   37  B [     3.939      8.380      4.326] (conf  27/ 27) +
HD22 LEU   37  B [     3.143      8.532      5.935] (conf  27/ 27) +
HD23 LEU   37  B [     4.530      7.398      5.706] (conf  27/ 27) +
C    LEU   37  B [     2.633      4.830      8.223] (conf   1/  1) +
O    LEU   37  B [     2.567      5.555      9.212] (conf   1/  1) +
N    ALA   38  B [     2.173      3.564      8.228] (conf   1/  1) +
HN   ALA   38  B [     2.203      2.959      7.432] (conf   1/  1) +
CA   ALA   38  B [     1.589      2.986      9.430] (conf   1/  1) +
HA   ALA   38  B [     0.768      3.596      9.788] (conf   1/  1) +
CB   ALA   38  B [     1.017      1.581      9.130] (conf   1/  1) +
HB1  ALA   38  B [     0.242      1.656      8.337] (conf   1/  1) +
HB2  ALA   38  B [     1.813      0.895      8.765] (conf   1/  1) +
HB3  ALA   38  B [     0.545      1.130     10.029] (conf   1/  1) +
C    ALA   38  B [     2.590      2.933     10.541] (conf   1/  1) +
O    ALA   38  B [     2.274      3.231     11.690] (conf   1/  1) +
N    ALA   39  B [     3.840      2.546     10.216] (conf   1/  1) +
HN   ALA   39  B [     4.119      2.285      9.292] (conf   1/  1) +
CA   ALA   39  B [     4.888      2.484     11.227] (conf   1/  1) +
HA   ALA   39  B [     4.587      1.847     12.050] (conf   1/  1) +
CB   ALA   39  B [     6.178      1.879     10.628] (conf   1/  1) +
HB1  ALA   39  B [     5.969      0.857     10.246] (conf   1/  1) +
HB2  ALA   39  B [     6.550      2.492      9.779] (conf   1/  1) +
HB3  ALA   39  B [     6.985      1.802     11.389] (conf   1/  1) +
C    ALA   39  B [     5.148      3.837     11.812] (conf   1/  1) +
O    ALA   39  B [     5.323      3.978     13.020] (conf   1/  1) +
N    LEU   40  B [     5.179      4.876     10.954] (conf   1/  1) +
HN   LEU   40  B [     5.056      4.805      9.966] (conf   1/  1) +
CA   LEU   40  B [     5.402      6.234     11.433] (conf   1/  1) +
HA   LEU   40  B [     6.303      6.208     12.029] (conf  27/ 27) +
CB   LEU   40  B [     5.570      7.298     10.321] (conf  27/ 27) +
HB1  LEU   40  B [     4.694      7.266      9.638] (conf  27/ 27) +
HB2  LEU   40  B [     5.583      8.306     10.794] (conf  27/ 27) +
CG   LEU   40  B [     6.861      7.155      9.497] (conf  27/ 27) +
HG   LEU   40  B [     6.773      6.234      8.877] (conf  27/ 27) +
CD1  LEU   40  B [     6.995      8.379      8.588] (conf  27/ 27) +
HD11 LEU   40  B [     7.915      8.300      7.972] (conf  27/ 27) +
HD12 LEU   40  B [     6.117      8.464      7.916] (conf  27/ 27) +
HD13 LEU   40  B [     7.062      9.301      9.205] (conf  27/ 27) +
CD2  LEU   40  B [     8.143      7.030     10.350] (conf  27/ 27) +
HD21 LEU   40  B [     9.030      6.935      9.690] (conf  27/ 27) +
HD22 LEU   40  B [     8.270      7.933     10.983] (conf  27/ 27) +
HD23 LEU   40  B [     8.106      6.135     11.003] (conf  27/ 27) +
C    LEU   40  B [     4.312      6.660     12.365] (conf   1/  1) +
O    LEU   40  B [     4.568      7.282     13.394] (conf   1/  1) +
N    ILE   41  B [     3.052      6.329     12.019] (conf   1/  1) +
HN   ILE   41  B [     2.796      5.838     11.189] (conf   1/  1) +
CA   ILE   41  B [     1.927      6.682     12.874] (conf   1/  1) +
HA   ILE   41  B [     2.035      7.741     13.072] (conf  15/ 15) +
CB   ILE   41  B [     0.524      6.501     12.231] (conf  15/ 15) +
HB   ILE   41  B [    -0.246      6.819     12.973] (conf  15/ 15) +
CG2  ILE   41  B [     0.411      7.462     11.010] (conf  15/ 15) +
HG21 ILE   41  B [    -0.590      7.380     10.540] (conf  15/ 15) +
HG22 ILE   41  B [     0.556      8.514     11.334] (conf  15/ 15) +
HG23 ILE   41  B [     1.178      7.218     10.249] (conf  15/ 15) +
CG1  ILE   41  B [     0.218      5.017     11.897] (conf  15/ 15) +
HG11 ILE   41  B [     0.939      4.671     11.125] (conf  15/ 15) +
HG12 ILE   41  B [     0.392      4.405     12.810] (conf  15/ 15) +
CD   ILE   41  B [    -1.218      4.724     11.401] (conf  15/ 15) +
HD1  ILE   41  B [    -1.338      3.638     11.198] (conf  15/ 15) +
HD2  ILE   41  B [    -1.964      5.022     12.168] (conf  15/ 15) +
HD3  ILE   41  B [    -1.430      5.278     10.464] (conf  15/ 15) +
C    ILE   41  B [     2.042      6.022     14.213] (conf   1/  1) +
O    ILE   41  B [     1.778      6.638     15.243] (conf   1/  1) +
N    LEU   42  B [     2.444      4.736     14.224] (conf   1/  1) +
HN   LEU   42  B [     2.653      4.196     13.411] (conf   1/  1) +
CA   LEU   42  B [     2.607      4.016     15.479] (conf   1/  1) +
HA   LEU   42  B [     1.680      4.130     16.024] (conf  27/ 27) +
CB   LEU   42  B [     2.915      2.506     15.330] (conf  27/ 27) +
HB1  LEU   42  B [     3.810      2.371     14.684] (conf  27/ 27) +
HB2  LEU   42  B [     3.167      2.095     16.333] (conf  27/ 27) +
CG   LEU   42  B [     1.751      1.675     14.765] (conf  27/ 27) +
HG   LEU   42  B [     1.615      1.956     13.695] (conf  27/ 27) +
CD1  LEU   42  B [     2.119      0.193     14.867] (conf  27/ 27) +
HD11 LEU   42  B [     1.301     -0.435     14.457] (conf  27/ 27) +
HD12 LEU   42  B [     3.052     -0.018     14.304] (conf  27/ 27) +
HD13 LEU   42  B [     2.276     -0.084     15.932] (conf  27/ 27) +
CD2  LEU   42  B [     0.406      1.901     15.488] (conf  27/ 27) +
HD21 LEU   42  B [    -0.382      1.268     15.030] (conf  27/ 27) +
HD22 LEU   42  B [     0.497      1.630     16.560] (conf  27/ 27) +
HD23 LEU   42  B [     0.081      2.958     15.411] (conf  27/ 27) +
C    LEU   42  B [     3.659      4.655     16.333] (conf   1/  1) +
O    LEU   42  B [     3.492      4.792     17.542] (conf   1/  1) +
N    ILE   43  B [     4.780      5.068     15.709] (conf   1/  1) +
HN   ILE   43  B [     4.962      4.966     14.733] (conf   1/  1) +
CA   ILE   43  B [     5.849      5.720     16.451] (conf   1/  1) +
HA   ILE   43  B [     6.061      5.068     17.290] (conf  15/ 15) +
CB   ILE   43  B [     7.188      5.884     15.680] (conf  15/ 15) +
HB   ILE   43  B [     7.926      6.376     16.357] (conf  15/ 15) +
CG2  ILE   43  B [     7.744      4.466     15.347] (conf  15/ 15) +
HG21 ILE   43  B [     8.716      4.543     14.818] (conf  15/ 15) +
HG22 ILE   43  B [     7.903      3.887     16.281] (conf  15/ 15) +
HG23 ILE   43  B [     7.035      3.911     14.702] (conf  15/ 15) +
CG1  ILE   43  B [     7.045      6.812     14.445] (conf  15/ 15) +
HG11 ILE   43  B [     6.349      6.336     13.722] (conf  15/ 15) +
HG12 ILE   43  B [     6.579      7.768     14.772] (conf  15/ 15) +
CD   ILE   43  B [     8.362      7.159     13.710] (conf  15/ 15) +
HD1  ILE   43  B [     8.155      7.831     12.850] (conf  15/ 15) +
HD2  ILE   43  B [     9.067      7.673     14.396] (conf  15/ 15) +
HD3  ILE   43  B [     8.849      6.239     13.324] (conf  15/ 15) +
C    ILE   43  B [     5.372      7.000     17.065] (conf   1/  1) +
OT1  ILE   43  B [     4.173      7.337     16.874] (conf   1/  1) +
OT2  ILE   43  B [     6.195      7.675     17.740] (conf   1/  1) +

================  ======================
Interaction Type    Energy                
================  ======================
CHARMM_IMM1                    30.029886
CHARMM_IMM1REF               -386.124709
CHARMM_VDW                    -79.022975
SCWRL4_HBOND                  -74.118159
================  ======================
Total                        -509.235958
================  ======================

Removing Hbonds from A,20
Removing Hbonds from A,43
Removing Hbonds from A,21
Removing Hbonds from A,42
Removing Hbonds from A,22
Removing Hbonds from A,41
Cycle 0 converged in 2 cycles with Energy -235.925
State 0 289,23,34,7,7,1,34,2,28,2,2,2,2,2,2,8,2,8
Cycle 1 converged in 3 cycles with Energy -235.925
State 1 289,23,34,7,7,1,34,2,28,2,2,2,2,2,2,8,2,8
Cycle 2 converged in 2 cycles with Energy -235.925
State 2 289,23,34,7,7,1,34,2,28,2,2,2,2,2,2,8,2,8
Cycle 0 converged in 1 cycles with Energy -238.16
State 0 289,23,34,7,7,1,34,2,28,2,2,2,2,2,2,8,2,8
Cycle 1 converged in 2 cycles with Energy -238.16
State 1 289,23,34,7,7,1,34,2,28,2,2,2,2,2,2,8,2,8
Cycle 2 converged in 1 cycles with Energy -238.16
State 2 289,23,34,7,7,1,34,2,28,2,2,2,2,2,2,8,2,8
Cycle 0 converged in 2 cycles with Energy -240.375
State 0 289,23,34,7,7,1,34,2,28,2,2,2,2,2,2,8,2,8
Cycle 1 converged in 4 cycles with Energy -240.375
State 1 289,23,34,7,7,1,34,2,28,2,2,2,2,2,2,8,2,8
Cycle 2 converged in 2 cycles with Energy -240.41
State 2 289,23,1,7,7,1,2,2,28,2,2,2,2,2,2,8,2,8
Cycle 0 converged in 1 cycles with Energy -242.396
State 0 289,23,1,7,7,1,2,2,28,2,2,2,2,2,2,8,2,8
Cycle 1 converged in 2 cycles with Energy -242.396
State 1 289,23,1,7,7,1,2,2,28,2,2,2,2,2,2,8,2,8
Cycle 2 converged in 2 cycles with Energy -242.396
State 2 289,23,1,7,7,1,2,2,28,2,2,2,2,2,2,8,2,8
Cycle 0 converged in 2 cycles with Energy -243.157
State 0 198,22,1,7,7,1,2,2,28,2,2,2,2,2,2,8,2,8
Cycle 1 converged in 2 cycles with Energy -242.687
State 1 198,22,34,7,7,1,5,2,28,2,2,2,2,2,2,8,2,8
Cycle 2 converged in 3 cycles with Energy -243.157
State 2 198,22,1,7,7,1,2,2,28,2,2,2,2,2,2,8,2,8
Cycle 0 converged in 1 cycles with Energy -242.445
State 0 238,22,1,1,28,1,2,2,2,2,2,2,2,2,2,8,2,8
Cycle 1 converged in 1 cycles with Energy -241.96
State 1 238,22,34,1,28,1,5,2,2,2,2,2,2,2,2,8,2,8
Cycle 2 converged in 2 cycles with Energy -241.918
State 2 238,22,1,7,34,1,2,2,5,2,2,2,2,2,2,8,2,8
Cycle 0 converged in 1 cycles with Energy -240.525
State 0 238,22,1,2,2,1,2,2,2,2,2,2,2,2,2,8,2,8
Cycle 1 converged in 2 cycles with Energy -240.031
State 1 238,22,1,28,7,1,2,34,28,5,2,2,2,2,2,8,2,8
Cycle 2 converged in 2 cycles with Energy -240.525
State 2 238,22,1,2,2,1,2,2,2,2,2,2,2,2,2,8,2,8
Cycle 0 converged in 1 cycles with Energy -237.172
State 0 238,22,1,2,2,1,2,2,2,2,2,2,2,2,2,8,2,8
Cycle 1 converged in 2 cycles with Energy -237.172
State 1 238,22,1,2,2,1,2,2,2,2,2,2,2,2,2,8,2,8
Cycle 2 converged in 2 cycles with Energy -236.563
State 2 238,22,1,2,7,1,2,34,28,5,2,2,2,2,2,8,2,8
Cycle 0 converged in 1 cycles with Energy -232.504
State 0 238,22,1,2,2,1,2,2,2,2,2,2,2,2,2,8,2,8
Cycle 1 converged in 2 cycles with Energy -232.504
State 1 238,22,1,2,2,1,2,2,2,2,2,2,2,2,2,8,2,8
Cycle 2 converged in 2 cycles with Energy -232.201
State 2 238,22,34,28,2,1,5,2,2,2,2,2,2,2,2,8,2,8
Cycle 0 converged in 1 cycles with Energy -226.967
State 0 238,22,1,2,2,1,2,2,2,2,2,2,2,2,2,8,2,8
Cycle 1 converged in 3 cycles with Energy -226.967
State 1 238,22,1,2,2,1,2,2,2,2,2,2,2,2,2,8,2,8
Cycle 2 converged in 1 cycles with Energy -226.678
State 2 238,22,34,28,2,1,5,2,2,2,2,2,2,2,2,8,2,8
Cycle 0 converged in 1 cycles with Energy -221.093
State 0 238,23,1,2,2,1,2,2,2,2,2,2,2,2,2,8,2,8
Cycle 1 converged in 2 cycles with Energy -221.093
State 1 238,23,1,2,2,1,2,2,2,2,2,2,2,2,2,8,2,8
Cycle 2 converged in 1 cycles with Energy -221.093
State 2 238,23,1,2,2,1,2,2,2,2,2,2,2,2,2,8,2,8
Cycle 0 converged in 1 cycles with Energy -215.081
State 0 238,23,34,28,2,1,5,2,2,2,2,2,2,2,2,8,2,8
Cycle 1 converged in 2 cycles with Energy -215.081
State 1 238,23,34,28,2,1,5,2,2,2,2,2,2,2,2,8,2,8
Cycle 2 converged in 2 cycles with Energy -215.359
State 2 238,23,1,2,2,1,2,2,2,2,2,2,2,2,2,8,2,8
Cycle 0 converged in 2 cycles with Energy -248.088
State 0 289,22,1,7,7,1,2,2,28,2,2,2,2,2,2,8,2,8
Cycle 1 converged in 2 cycles with Energy -247.464
State 1 289,22,34,7,7,1,5,2,28,2,2,2,2,2,2,8,2,8
Cycle 2 converged in 2 cycles with Energy -247.529
State 2 289,22,1,7,34,1,2,2,5,2,2,2,2,2,2,8,2,8
Cycle 0 converged in 1 cycles with Energy -239.22
State 0 238,23,1,7,7,1,2,2,28,2,2,2,2,2,2,8,2,8
Cycle 1 converged in 2 cycles with Energy -238.216
State 1 238,23,34,34,7,1,5,5,28,2,2,2,2,2,2,8,2,8
Cycle 2 converged in 3 cycles with Energy -239.22
State 2 238,23,1,7,7,1,2,2,28,2,2,2,2,2,2,8,2,8
Cycle 0 converged in 2 cycles with Energy -228.937
State 0 238,22,1,2,28,1,2,2,2,2,2,2,2,2,2,8,2,8
Cycle 1 converged in 2 cycles with Energy -228.937
State 1 238,22,1,2,28,1,2,2,2,2,2,2,2,2,2,8,2,8
Cycle 2 converged in 2 cycles with Energy -228.937
State 2 238,22,1,2,28,1,2,2,2,2,2,2,2,2,2,8,2,8
Cycle 0 converged in 2 cycles with Energy -240.136
State 0 289,9,1,1,28,1,2,2,2,2,2,2,2,2,2,8,2,8
Cycle 1 converged in 1 cycles with Energy -240.136
State 1 289,9,1,1,28,1,2,2,2,2,2,2,2,2,2,8,2,8
Cycle 2 converged in 2 cycles with Energy -239.621
State 2 289,9,34,1,28,1,5,2,2,2,2,2,2,2,2,8,2,8
Cycle 0 converged in 2 cycles with Energy -247.654
State 0 289,22,1,7,7,1,2,2,28,2,2,2,2,2,2,8,2,8
Cycle 1 converged in 2 cycles with Energy -247.654
State 1 289,22,1,7,7,1,2,2,28,2,2,2,2,2,2,8,2,8
Cycle 2 converged in 3 cycles with Energy -247.145
State 2 289,22,1,7,34,1,2,2,5,2,2,2,2,2,2,8,2,8
Cycle 0 converged in 2 cycles with Energy -229.3
State 0 238,23,1,7,7,1,2,2,28,2,2,2,2,2,2,8,2,8
Cycle 1 converged in 1 cycles with Energy -228.861
State 1 238,23,1,28,7,1,2,34,28,5,2,2,2,2,2,8,2,8
Cycle 2 converged in 2 cycles with Energy -229.3
State 2 238,23,1,7,7,1,2,2,28,2,2,2,2,2,2,8,2,8
Cycle 0 converged in 1 cycles with Energy -201.293
State 0 88,9,1,2,2,1,2,2,2,2,2,2,2,2,2,8,2,8
Cycle 1 converged in 2 cycles with Energy -201.021
State 1 88,9,34,28,2,1,5,2,2,2,2,2,2,2,2,8,2,8
Cycle 2 converged in 2 cycles with Energy -201.293
State 2 88,9,1,2,2,1,2,2,2,2,2,2,2,2,2,8,2,8
Cycle 0 converged in 1 cycles with Energy -230
State 0 289,9,1,2,2,1,2,2,2,2,2,2,2,2,2,8,2,8
Cycle 1 converged in 1 cycles with Energy -230
State 1 289,9,1,2,2,1,2,2,2,2,2,2,2,2,2,8,2,8
Cycle 2 converged in 1 cycles with Energy -229.584
State 2 289,9,34,2,2,1,5,2,2,2,2,2,2,2,2,8,2,8
Cycle 0 converged in 2 cycles with Energy -241.074
State 0 289,22,1,7,7,1,2,2,28,2,2,2,2,2,2,8,2,8
Cycle 1 converged in 2 cycles with Energy -241.074
State 1 289,22,1,7,7,1,2,2,28,2,2,2,2,2,2,8,2,8
Cycle 2 converged in 2 cycles with Energy -241.074
State 2 289,22,1,7,7,1,2,2,28,2,2,2,2,2,2,8,2,8
Cycle 0 converged in 1 cycles with Energy -213.548
State 0 238,23,34,28,7,1,5,2,2,2,2,2,2,2,2,8,2,8
Cycle 1 converged in 1 cycles with Energy -213.804
State 1 238,23,1,28,7,1,2,2,2,2,2,2,2,2,2,8,2,8
Cycle 2 converged in 2 cycles with Energy -213.804
State 2 238,23,1,28,7,1,2,2,2,2,2,2,2,2,2,8,2,8
Cycle 0 converged in 1 cycles with Energy -190.142
State 0 70,23,24,2,2,1,2,2,2,2,2,2,2,2,2,8,2,8
Cycle 1 converged in 2 cycles with Energy -190.142
State 1 70,23,24,2,2,1,2,2,2,2,2,2,2,2,2,8,2,8
Cycle 2 converged in 2 cycles with Energy -190.142
State 2 70,23,24,2,2,1,2,2,2,2,2,2,2,2,2,8,2,8
Cycle 0 converged in 1 cycles with Energy -213.173
State 0 78,23,1,2,2,1,2,2,2,2,2,2,2,2,2,8,2,8
Cycle 1 converged in 2 cycles with Energy -213.173
State 1 78,23,1,2,2,1,2,2,2,2,2,2,2,2,2,8,2,8
Cycle 2 converged in 2 cycles with Energy -213.173
State 2 78,23,1,2,2,1,2,2,2,2,2,2,2,2,2,8,2,8
Cycle 0 converged in 1 cycles with Energy -247.991
State 0 289,22,1,7,7,1,2,2,28,2,2,2,2,2,2,8,2,8
Cycle 1 converged in 3 cycles with Energy -247.362
State 1 289,22,34,7,7,1,5,2,28,2,2,2,2,2,2,8,2,8
Cycle 2 converged in 2 cycles with Energy -247.385
State 2 289,22,1,34,7,1,2,5,28,2,2,2,2,2,2,8,2,8
Cycle 0 converged in 2 cycles with Energy -248.366
State 0 289,22,1,7,7,1,2,2,28,2,2,2,2,2,2,8,2,8
Cycle 1 converged in 2 cycles with Energy -247.812
State 1 289,22,1,7,34,1,2,2,5,2,2,2,2,2,2,8,2,8
Cycle 2 converged in 1 cycles with Energy -248.366
State 2 289,22,1,7,7,1,2,2,28,2,2,2,2,2,2,8,2,8
Cycle 0 converged in 2 cycles with Energy -248.406
State 0 289,22,1,7,7,1,2,2,28,2,2,2,2,2,2,8,2,8
Cycle 1 converged in 2 cycles with Energy -248.406
State 1 289,22,1,7,7,1,2,2,28,2,2,2,2,2,2,8,2,8
Cycle 2 converged in 2 cycles with Energy -247.775
State 2 289,22,34,7,7,1,5,2,28,2,2,2,2,2,2,8,2,8
Cycle 0 converged in 2 cycles with Energy -248.436
State 0 289,22,1,7,7,1,2,2,28,2,2,2,2,2,2,8,2,8
Cycle 1 converged in 2 cycles with Energy -248.436
State 1 289,22,1,7,7,1,2,2,28,2,2,2,2,2,2,8,2,8
Cycle 2 converged in 3 cycles with Energy -247.876
State 2 289,22,1,7,34,1,2,2,5,2,2,2,2,2,2,8,2,8
Cycle 0 converged in 2 cycles with Energy -248.475
State 0 289,22,1,7,7,1,2,2,28,2,2,2,2,2,2,8,2,8
Cycle 1 converged in 2 cycles with Energy -248.475
State 1 289,22,1,7,7,1,2,2,28,2,2,2,2,2,2,8,2,8
Cycle 2 converged in 1 cycles with Energy -248.475
State 2 289,22,1,7,7,1,2,2,28,2,2,2,2,2,2,8,2,8
Cycle 0 converged in 1 cycles with Energy -248.522
State 0 289,22,1,7,7,1,2,2,28,2,2,2,2,2,2,8,2,8
Cycle 1 converged in 3 cycles with Energy -248.522
State 1 289,22,1,7,7,1,2,2,28,2,2,2,2,2,2,8,2,8
Cycle 2 converged in 2 cycles with Energy -247.971
State 2 289,22,1,7,34,1,2,2,5,2,2,2,2,2,2,8,2,8
Cycle 0 converged in 2 cycles with Energy -248.509
State 0 289,22,1,7,7,1,2,2,28,2,2,2,2,2,2,8,2,8
Cycle 1 converged in 2 cycles with Energy -248.509
State 1 289,22,1,7,7,1,2,2,28,2,2,2,2,2,2,8,2,8
Cycle 2 converged in 3 cycles with Energy -248.509
State 2 289,22,1,7,7,1,2,2,28,2,2,2,2,2,2,8,2,8
Cycle 0 converged in 2 cycles with Energy -248.502
State 0 289,22,1,7,7,1,2,2,28,2,2,2,2,2,2,8,2,8
Cycle 1 converged in 2 cycles with Energy -248.502
State 1 289,22,1,7,7,1,2,2,28,2,2,2,2,2,2,8,2,8
Cycle 2 converged in 2 cycles with Energy -248.502
State 2 289,22,1,7,7,1,2,2,28,2,2,2,2,2,2,8,2,8
Cycle 0 converged in 2 cycles with Energy -248.516
State 0 289,22,1,7,7,1,2,2,28,2,2,2,2,2,2,8,2,8
Cycle 1 converged in 2 cycles with Energy -248.516
State 1 289,22,1,7,7,1,2,2,28,2,2,2,2,2,2,8,2,8
Cycle 2 converged in 3 cycles with Energy -248.516
State 2 289,22,1,7,7,1,2,2,28,2,2,2,2,2,2,8,2,8
Cycle 0 converged in 2 cycles with Energy -248.518
State 0 289,22,1,7,7,1,2,2,28,2,2,2,2,2,2,8,2,8
Cycle 1 converged in 2 cycles with Energy -248.518
State 1 289,22,1,7,7,1,2,2,28,2,2,2,2,2,2,8,2,8
Cycle 2 converged in 2 cycles with Energy -247.962
State 2 289,22,1,7,34,1,2,2,5,2,2,2,2,2,2,8,2,8
Cycle 0 converged in 2 cycles with Energy -248.514
State 0 289,22,1,7,7,1,2,2,28,2,2,2,2,2,2,8,2,8
Cycle 1 converged in 1 cycles with Energy -248.514
State 1 289,22,1,7,7,1,2,2,28,2,2,2,2,2,2,8,2,8
Cycle 2 converged in 2 cycles with Energy -248.514
State 2 289,22,1,7,7,1,2,2,28,2,2,2,2,2,2,8,2,8
Cycle 0 converged in 2 cycles with Energy -248.52
State 0 289,22,1,7,7,1,2,2,28,2,2,2,2,2,2,8,2,8
Cycle 1 converged in 2 cycles with Energy -248.52
State 1 289,22,1,7,7,1,2,2,28,2,2,2,2,2,2,8,2,8
Cycle 2 converged in 2 cycles with Energy -248.52
State 2 289,22,1,7,7,1,2,2,28,2,2,2,2,2,2,8,2,8
Cycle 0 converged in 2 cycles with Energy -248.52
State 0 289,22,1,7,7,1,2,2,28,2,2,2,2,2,2,8,2,8
Cycle 1 converged in 2 cycles with Energy -247.962
State 1 289,22,1,7,34,1,2,2,5,2,2,2,2,2,2,8,2,8
Cycle 2 converged in 2 cycles with Energy -248.52
State 2 289,22,1,7,7,1,2,2,28,2,2,2,2,2,2,8,2,8
Cycle 0 converged in 2 cycles with Energy -248.52
State 0 289,22,1,7,7,1,2,2,28,2,2,2,2,2,2,8,2,8
Cycle 1 converged in 2 cycles with Energy -248.52
State 1 289,22,1,7,7,1,2,2,28,2,2,2,2,2,2,8,2,8
Cycle 2 converged in 2 cycles with Energy -248.52
State 2 289,22,1,7,7,1,2,2,28,2,2,2,2,2,2,8,2,8
Cycle 0 converged in 1 cycles with Energy -248.522
State 0 289,22,1,7,7,1,2,2,28,2,2,2,2,2,2,8,2,8
Cycle 1 converged in 2 cycles with Energy -248.522
State 1 289,22,1,7,7,1,2,2,28,2,2,2,2,2,2,8,2,8
Cycle 2 converged in 2 cycles with Energy -248.522
State 2 289,22,1,7,7,1,2,2,28,2,2,2,2,2,2,8,2,8
Cycle 0 converged in 2 cycles with Energy -248.522
State 0 289,22,1,7,7,1,2,2,28,2,2,2,2,2,2,8,2,8
Cycle 1 converged in 2 cycles with Energy -248.522
State 1 289,22,1,7,7,1,2,2,28,2,2,2,2,2,2,8,2,8
Cycle 2 converged in 2 cycles with Energy -247.873
State 2 289,22,34,7,7,1,5,2,28,2,2,2,2,2,2,8,2,8
Cycle 0 converged in 2 cycles with Energy -248.52
State 0 289,22,1,7,7,1,2,2,28,2,2,2,2,2,2,8,2,8
Cycle 1 converged in 2 cycles with Energy -248.52
State 1 289,22,1,7,7,1,2,2,28,2,2,2,2,2,2,8,2,8
Cycle 2 converged in 2 cycles with Energy -248.52
State 2 289,22,1,7,7,1,2,2,28,2,2,2,2,2,2,8,2,8
Cycle 0 converged in 2 cycles with Energy -248.515
State 0 289,22,1,7,7,1,2,2,28,2,2,2,2,2,2,8,2,8
Cycle 1 converged in 3 cycles with Energy -248.515
State 1 289,22,1,7,7,1,2,2,28,2,2,2,2,2,2,8,2,8
Cycle 2 converged in 2 cycles with Energy -248.515
State 2 289,22,1,7,7,1,2,2,28,2,2,2,2,2,2,8,2,8
Cycle 0 converged in 2 cycles with Energy -248.509
State 0 289,22,1,7,7,1,2,2,28,2,2,2,2,2,2,8,2,8
Cycle 1 converged in 2 cycles with Energy -247.945
State 1 289,22,1,7,34,1,2,2,5,2,2,2,2,2,2,8,2,8
Cycle 2 converged in 3 cycles with Energy -248.509
State 2 289,22,1,7,7,1,2,2,28,2,2,2,2,2,2,8,2,8
Cycle 0 converged in 2 cycles with Energy -248.481
State 0 289,22,1,7,7,1,2,2,28,2,2,2,2,2,2,8,2,8
Cycle 1 converged in 2 cycles with Energy -248.481
State 1 289,22,1,7,7,1,2,2,28,2,2,2,2,2,2,8,2,8
Cycle 2 converged in 2 cycles with Energy -248.481
State 2 289,22,1,7,7,1,2,2,28,2,2,2,2,2,2,8,2,8
Cycle 0 converged in 2 cycles with Energy -248.521
State 0 289,22,1,7,7,1,2,2,28,2,2,2,2,2,2,8,2,8
Cycle 1 converged in 3 cycles with Energy -248.521
State 1 289,22,1,7,7,1,2,2,28,2,2,2,2,2,2,8,2,8
Cycle 2 converged in 2 cycles with Energy -248.521
State 2 289,22,1,7,7,1,2,2,28,2,2,2,2,2,2,8,2,8
Cycle 0 converged in 2 cycles with Energy -248.52
State 0 289,22,1,7,7,1,2,2,28,2,2,2,2,2,2,8,2,8
Cycle 1 converged in 2 cycles with Energy -247.966
State 1 289,22,1,7,34,1,2,2,5,2,2,2,2,2,2,8,2,8
Cycle 2 converged in 2 cycles with Energy -248.52
State 2 289,22,1,7,7,1,2,2,28,2,2,2,2,2,2,8,2,8
Cycle 0 converged in 2 cycles with Energy -248.519
State 0 289,22,1,7,7,1,2,2,28,2,2,2,2,2,2,8,2,8
Cycle 1 converged in 1 cycles with Energy -248.519
State 1 289,22,1,7,7,1,2,2,28,2,2,2,2,2,2,8,2,8
Cycle 2 converged in 2 cycles with Energy -248.519
State 2 289,22,1,7,7,1,2,2,28,2,2,2,2,2,2,8,2,8
Cycle 0 converged in 2 cycles with Energy -248.518
State 0 289,22,1,7,7,1,2,2,28,2,2,2,2,2,2,8,2,8
Cycle 1 converged in 2 cycles with Energy -248.518
State 1 289,22,1,7,7,1,2,2,28,2,2,2,2,2,2,8,2,8
Cycle 2 converged in 3 cycles with Energy -247.877
State 2 289,22,34,7,7,1,5,2,28,2,2,2,2,2,2,8,2,8
Cycle 0 converged in 2 cycles with Energy -248.508
State 0 289,22,1,7,7,1,2,2,28,2,2,2,2,2,2,8,2,8
Cycle 1 converged in 2 cycles with Energy -248.508
State 1 289,22,1,7,7,1,2,2,28,2,2,2,2,2,2,8,2,8
Cycle 2 converged in 3 cycles with Energy -248.508
State 2 289,22,1,7,7,1,2,2,28,2,2,2,2,2,2,8,2,8
Cycle 0 converged in 2 cycles with Energy -248.521
State 0 289,22,1,7,7,1,2,2,28,2,2,2,2,2,2,8,2,8
Cycle 1 converged in 3 cycles with Energy -248.521
State 1 289,22,1,7,7,1,2,2,28,2,2,2,2,2,2,8,2,8
Cycle 2 converged in 2 cycles with Energy -248.521
State 2 289,22,1,7,7,1,2,2,28,2,2,2,2,2,2,8,2,8
Cycle 0 converged in 2 cycles with Energy -248.52
State 0 289,22,1,7,7,1,2,2,28,2,2,2,2,2,2,8,2,8
Cycle 1 converged in 2 cycles with Energy -248.52
State 1 289,22,1,7,7,1,2,2,28,2,2,2,2,2,2,8,2,8
Cycle 2 converged in 2 cycles with Energy -248.52
State 2 289,22,1,7,7,1,2,2,28,2,2,2,2,2,2,8,2,8
Cycle 0 converged in 2 cycles with Energy -248.513
State 0 289,22,1,7,7,1,2,2,28,2,2,2,2,2,2,8,2,8
Cycle 1 converged in 2 cycles with Energy -248.513
State 1 289,22,1,7,7,1,2,2,28,2,2,2,2,2,2,8,2,8
Cycle 2 converged in 2 cycles with Energy -248.513
State 2 289,22,1,7,7,1,2,2,28,2,2,2,2,2,2,8,2,8
Cycle 0 converged in 2 cycles with Energy -248.509
State 0 289,22,1,7,7,1,2,2,28,2,2,2,2,2,2,8,2,8
Cycle 1 converged in 2 cycles with Energy -248.509
State 1 289,22,1,7,7,1,2,2,28,2,2,2,2,2,2,8,2,8
Cycle 2 converged in 2 cycles with Energy -247.963
State 2 289,22,1,7,34,1,2,2,5,2,2,2,2,2,2,8,2,8
Monomer Energy: -497.017
Dimer-Monomer: -12.2189
xShift: 7.3 energy: -14.0166
xShift: 7.2 energy: -17.532
xShift: 7.1 energy: -20.1017
xShift: 7 energy: -23.9258
xShift: 6.9 energy: -26.911
xShift: 6.8 energy: -29.4931
xShift: 6.7 energy: -31.5649
xShift: 6.6 energy: -34.5545
xShift: 6.5 energy: -36.0363
xShift: 6.4 energy: -36.4881
Best Energy at x shift: -36.4881 at 6.4
Starting Geometry
xShift: 6.400 crossingAngle: -40.998 axialRotation: -81.951 zShift: 6.245

Current Best Energy: -36.488
==============================================
 Performing Local Monte Carlo Backbone Repack 
==============================================
MCAccept 0 xShift: 6.400 crossingAngle: -41.065 axialRotation: -81.951 zShift: 6.245 energy: -36.488
MCAccept 1 xShift: 6.400 crossingAngle: -41.065 axialRotation: -81.951 zShift: 6.250 energy: -36.501
MCAccept 2 xShift: 6.400 crossingAngle: -41.025 axialRotation: -81.951 zShift: 6.250 energy: -36.501
MCAccept 3 xShift: 6MCAccept 3 xShift: 6.391 crossingAngle: -40.998 axialRotation: -81.765 zShift: 6.MCAccept 4 xShift: 6MCAccept 4 xShift: 6.391 crossingAngle: -40.998 axialRotation: -81.684 zShift: 6.MCAccept 5 xShift: 6MCAccept 5 xShift: 6.391 crossingAngle: -40.998 axialRotation: -81.684 zShift: 6.243 energy: -36.470
MCAccept 6 xShift: 6.394 crossingAngle: -40.998 axialRotation: -81.684 zShift: 6.243 energy: -36.470
MCAccept 7 xShift: 6.394 crossingAngle: -40.998 axialRotation: -81.683 zShift: 6.243 energy: -36.470
MCReject   xShift: 6.394 crossingAngle: -40.998 axialRotation: -81.683 zShift: 6.244 energy: -36.295
MCAccept 8 xShift: 6.394 crossingAngle: -40.968 axialRotation: -81.683 zShift: 6.243 energy: -36.470
MCAccept 9 xShift: 6.394 crossingAngle: -40.877 axialRotation: -81.683 zShift: 6.243 energy: -36.470
MCAccept 10 xShift: 6.394 crossingAngle: -40.877 axialRotation: -81.683 zShift: 6.245 energy: -36.475
MCAccept 11 xShift: 6.394 crossingAngle: -40.918 axialRotation: -81.683 zShift: 6.245 energy: -36.475
MCAccept 12 xShift: 6.394 crossingAngle: -40.918 axialRotation: -81.683 zShift: 6.253 energy: -36.318
MCAccept 13 xShift: 6.394 crossingAngle: -40.894 axialRotation: -81.683 zShift: 6.253 energy: -36.318
MCAccept 14 xShift: 6.416 crossingAngle: -40.894 axialRotation: -81.683 zShift: 6.253 energy: -36.318
MCAccept 15 xShift: 6.416 crossingAngle: -40.894 axialRotation: -81.683 zShift: 6.243 energy: -36.470
MCAccept 16 xShift: 6.416 crossingAngle: -40.894 axialRotation: -81.683 zShift: 6.245 energy: -36.476
MCAccept 17 xShift: 6.414 crossingAngle: -40.894 axialRotation: -81.683 zShift: 6.245 energy: -36.476
MCAccept 18 xShift: 6.399 crossingAngle: -40.894 axialRotation: -81.683 zShift: 6.245 energy: -36.476
MCAccept 19 xShift: 6.399 crossingAngle: -40.894 axialRotation: -81.824 zShift: 6.245 energy: -36.476
MCAccept 20 xShift: 6.399 crossingAngle: -40.894 axialRotation: -81.815 zShift: 6.245 energy: -36.476
MCAccept 21 xShift: 6.399 crossingAngle: -40.772 axialRotation: -81.815 zShift: 6.245 energy: -36.476
MCAccept 22 xShift: 6.399 crossingAngle: -40.754 axialRotation: -81.815 zShift: 6.245 energy: -36.476
MCAccept 23 xShift: 6.402 crossingAngle: -40.754 axialRotation: -81.815 zShift: 6.245 energy: -36.476
MCReject   xShift: 6.414 crossingAngle: -40.754 axialRotation: -81.815 zShift: 6.245 energy: -36.296
MCAccept 24 xShift: 6.402 crossingAngle: -40.754 axialRotation: -81.815 zShift: 6.233 energy: -36.447
MCAccept 25 xShift: 6.411 crossingAngle: -40.754 axialRotation: -81.815 zShift: 6.233 energy: -36.447
MCAccept 26 xShift: 6.411 crossingAngle: -40.754 axialRotation: -81.815 zShift: 6.245 energy: -36.475
MCAccept 27 xShift: 6.411 crossingAngle: -40.723 axialRotation: -81.815 zShift: 6.245 energy: -36.475
MCAccept 28 xShift: 6.411 crossingAngle: -40.723 axialRotation: -81.815 zShift: 6.249 energy: -36.488
MCAccept 29 xShift: 6.411 crossingAngle: -40.723 axialRotation: -81.890 zShift: 6.249 energy: -36.488
MCAccept 30 xShift: 6.411 crossingAngle: -40.723 axialRotation: -81.890 zShift: 6.251 energy: -36.493
MCAccept 31 xShift: 6.428 crossingAngle: -40.723 axialRotation: -81.890 zShift: 6.251 energy: -36.493
MCAccept 32 xShift: 6.428 crossingAngle: -40.813 axialRotation: -81.890 zShift: 6.251 energy: -36.493
MCAccept 33 xShift: 6.428 crossingAngle: -40.813 axialRotation: -81.890 zShift: 6.255 energy: -36.501
MCAccept 34 xShift: 6.428 crossingAngle: -40.746 axialRotation: -81.890 zShift: 6.255 energy: -36.501
MCReject   xShift: 6.428 crossingAngle: -40.857 axialRotation: -81.890 zShift: 6.255 energy: -36.323
MCAccept 35 xShift: 6.428 crossingAngle: -40.628 axialRotation: -81.890 zShift: 6.255 energy: -36.501
MCReject   xShift: 6.441 crossingAngle: -40.628 axialRotation: -81.890 zShift: 6.255 energy: -36.323
MCAccept 36 xShift: 6.428 crossingAngle: -40.628 axialRotation: -81.731 zShift: 6.255 energy: -36.501
MCReject   xShift: 6.428 crossingAngle: -40.628 axialRotation: -81.731 zShift: 6.227 energy: -36.428
MCReject   xShift: 6.428 crossingAngle: -40.663 axialRotation: -81.731 zShift: 6.255 energy: -36.323
MCAccept 37 xShift: 6.430 crossingAngle: -40.628 axialRotation: -81.731 zShift: 6.255 energy: -36.501
MCAccept 38 xShift: 6.434 crossingAngle: -40.628 axialRotation: -81.731 zShift: 6.255 energy: -36.501
MCAccept 39 xShift: 6.434 crossingAngle: -40.628 axialRotation: -81.684 zShift: 6.255 energy: -36.501
MCAccept 40 xShift: 6.434 crossingAngle: -40.628 axialRotation: -81.684 zShift: 6.260 energy: -36.514
MCAccept 41 xShift: 6.434 crossingAngle: -40.628 axialRotation: -81.612 zShift: 6.260 energy: -36.514
MCAccept 42 xShift: 6.446 crossingAngle: -40.628 axialRotation: -81.612 zShift: 6.260 energy: -36.337
MCAccept 43 xShift: 6.446 crossingAngle: -40.741 axialRotation: -81.612 zShift: 6.260 energy: -36.514
MCAccept 44 xShift: 6.446 crossingAngle: -40.746 axialRotation: -81.612 zShift: 6.260 energy: -36.514
MCAccept 45 xShift: 6.446 crossingAngle: -40.846 axialRotation: -81.612 zShift: 6.260 energy: -36.514
MCReject   xShift: 6.446 crossingAngle: -40.846 axialRotation: -81.668 zShift: 6.260 energy: -36.337
MCAccept 46 xShift: 6.446 crossingAngle: -40.840 axialRotation: -81.612 zShift: 6.260 energy: -36.514
MCAccept 47 xShift: 6.446 crossingAngle: -40.840 axialRotation: -81.668 zShift: 6.260 energy: -36.514
MCReject   xShift: 6.446 crossingAngle: -40.809 axialRotation: -81.668 zShift: 6.260 energy: -36.337
MCAccept 48 xShift: 6.446 crossingAngle: -40.931 axialRotation: -81.668 zShift: 6.260 energy: -36.514
MCAccept 49 xShift: 6.446 crossingAngle: -41.036 axialRotation: -81.668 zShift: 6.260 energy: -36.514
MCAccept 50 xShift: 6.446 crossingAngle: -41.036 axialRotation: -81.668 zShift: 6.269 energy: -36.532
MCAccept 51 xShift: 6.443 crossingAngle: -41.036 axialRotation: -81.668 zShift: 6.269 energy: -36.532
MCAccept 52 xShift: 6.443 crossingAngle: -41.036 axialRotation: -81.638 zShift: 6.269 energy: -36.532
MCAccept 53 xShift: 6.443 crossingAngle: -41.036 axialRotation: -81.651 zShift: 6.269 energy: -36.532
MCReject   xShift: 6.448 crossingAngle: -41.036 axialRotation: -81.651 zShift: 6.269 energy: -36.355
MCReject   xShift: 6.443 crossingAngle: -41.036 axialRotation: -81.627 zShift: 6.269 energy: -36.355
MCAccept 54 xShift: 6.442 crossingAngle: -41.036 axialRotation: -81.651 zShift: 6.269 energy: -36.532
MCAccept 55 xShift: 6.442 crossingAngle: -41.036 axialRotation: -81.568 zShift: 6.269 energy: -36.532
MCAccept 56 xShift: 6.442 crossingAngle: -41.036 axialRotation: -81.568 zShift: 6.266 energy: -36.528
MCAccept 57 xShift: 6.442 crossingAngle: -41.037 axialRotation: -81.568 zShift: 6.266 energy: -36.528
MCAccept 58 xShift: 6.442 crossingAngle: -41.037 axialRotation: -81.568 zShift: 6.269 energy: -36.534
MCReject   xShift: 6.444 crossingAngle: -41.037 axialRotation: -81.568 zShift: 6.269 energy: -36.357
MCAccept 59 xShift: 6.442 crossingAngle: -41.069 axialRotation: -81.568 zShift: 6.269 energy: -36.534
MCAccept 60 xShift: 6.442 crossingAngle: -41.069 axialRotation: -81.583 zShift: 6.269 energy: -36.534
MCAccept 61 xShift: 6.444 crossingAngle: -41.069 axialRotation: -81.583 zShift: 6.269 energy: -36.534
MCAccept 62 xShift: 6.444 crossingAngle: -41.069 axialRotation: -81.599 zShift: 6.269 energy: -36.534
MCReject   xShift: 6.444 crossingAngle: -41.069 axialRotation: -81.599 zShift: 6.268 energy: -36.353
MCAccept 63 xShift: 6.444 crossingAngle: -41.069 axialRotation: -81.573 zShift: 6.269 energy: -36.534
MCAccept 64 xShift: 6.444 crossingAngle: -41.055 axialRotation: -81.573 zShift: 6.269 energy: -36.534
MCAccept 65 xShift: 6.444 crossingAngle: -41.042 axialRotation: -81.573 zShift: 6.269 energy: -36.534
MCAccept 66 xShift: 6.444 crossingAngle: -41.042 axialRotation: -81.573 zShift: 6.271 energy: -36.537
MCAccept 67 xShift: 6.444 crossingAngle: -41.042 axialRotation: -81.565 zShift: 6.271 energy: -36.537
MCReject   xShift: 6.444 crossingAngle: -41.047 axialRotation: -81.565 zShift: 6.271 energy: -36.361
MCAccept 68 xShift: 6.444 crossingAngle: -41.042 axialRotation: -81.570 zShift: 6.271 energy: -36.537
MCAccept 69 xShift: 6.444 crossingAngle: -41.042 axialRotation: -81.571 zShift: 6.271 energy: -36.537
MCAccept 70 xShift: 6.444 crossingAngle: -41.042 axialRotation: -81.571 zShift: 6.270 energy: -36.536
MCAccept 71 xShift: 6.444 crossingAngle: -41.052 axialRotation: -81.571 zShift: 6.270 energy: -36.536
MCAccept 72 xShift: 6.444 crossingAngle: -41.052 axialRotation: -81.571 zShift: 6.270 energy: -36.535
MCAccept 73 xShift: 6.444 crossingAngle: -41.052 axialRotation: -81.572 zShift: 6.270 energy: -36.535
MCAccept 74 xShift: 6.444 crossingAngle: -41.052 axialRotation: -81.569 zShift: 6.270 energy: -36.535
MCAccept 75 xShift: 6.444 crossingAngle: -41.052 axialRotation: -81.580 zShift: 6.270 energy: -36.535
MCAccept 76 xShift: 6.444 crossingAngle: -41.053 axialRotation: -81.580 zShift: 6.270 energy: -36.535
MCAccept 77 xShift: 6.444 crossingAngle: -41.053 axialRotation: -81.580 zShift: 6.270 energy: -36.535
MCAccept 78 xShift: 6.444 crossingAngle: -41.053 axialRotation: -81.575 zShift: 6.270 energy: -36.535
MCAccept 79 xShift: 6.444 crossingAngle: -41.049 axialRotation: -81.575 zShift: 6.270 energy: -36.535
MCReject   xShift: 6.444 crossingAngle: -41.049 axialRotation: -81.575 zShift: 6.270 energy: -36.358
MCReject   xShift: 6.444 crossingAngle: -41.049 axialRotation: -81.575 zShift: 6.269 energy: -36.357
MCAccept 80 xShift: 6.443 crossingAngle: -41.049 axialRotation: -81.575 zShift: 6.270 energy: -36.535
MCAccept 81 xShift: 6.443 crossingAngle: -41.049 axialRotation: -81.575 zShift: 6.270 energy: -36.535
MCAccept 82 xShift: 6.443 crossingAngle: -41.049 axialRotation: -81.576 zShift: 6.270 energy: -36.535
MCAccept 83 xShift: 6.443 crossingAngle: -41.049 axialRotation: -81.576 zShift: 6.270 energy: -36.535
MCAccept 84 xShift: 6.443 crossingAngle: -41.049 axialRotation: -81.579 zShift: 6.270 energy: -36.535
MCReject   xShift: 6.443 crossingAngle: -41.049 axialRotation: -81.579 zShift: 6.270 energy: -36.358
MCAccept 85 xShift: 6.443 crossingAngle: -41.049 axialRotation: -81.579 zShift: 6.270 energy: -36.535
MCAccept 86 xShift: 6.443 crossingAngle: -41.049 axialRotation: -81.579 zShift: 6.270 energy: -36.535
MCAccept 87 xShift: 6.443 crossingAngle: -41.049 axialRotation: -81.579 zShift: 6.270 energy: -36.535
MCReject   xShift: 6.443 crossingAngle: -41.049 axialRotation: -81.579 zShift: 6.270 energy: -36.358
MCReject   xShift: 6.443 crossingAngle: -41.049 axialRotation: -81.579 zShift: 6.270 energy: -36.358
MCAccept 88 xShift: 6.443 crossingAngle: -41.049 axialRotation: -81.579 zShift: 6.270 energy: -36.535
MCAccept 89 xShift: 6.443 crossingAngle: -41.047 axialRotation: -81.579 zShift: 6.270 energy: -36.535
MCAccept 90 xShift: 6.443 crossingAngle: -41.047 axialRotation: -81.579 zShift: 6.270 energy: -36.535
MCAccept 91 xShift: 6.443 crossingAngle: -41.047 axialRotation: -81.579 zShift: 6.269 energy: -36.534
MCAccept 92 xShift: 6.443 crossingAngle: -41.047 axialRotation: -81.579 zShift: 6.269 energy: -36.534
MCAccept 93 xShift: 6.443 crossingAngle: -41.047 axialRotation: -81.579 zShift: 6.269 energy: -36.534
MCAccept 94 xShift: 6.443 crossingAngle: -41.047 axialRotation: -81.577 zShift: 6.269 energy: -36.534
MCAccept 95 xShift: 6.443 crossingAngle: -41.048 axialRotation: -81.577 zShift: 6.269 energy: -36.534
MCAccept 96 xShift: 6.443 crossingAngle: -41.048 axialRotation: -81.577 zShift: 6.269 energy: -36.534
MCAccept 97 xShift: 6.443 crossingAngle: -41.048 axialRotation: -81.577 zShift: 6.269 energy: -36.534
MCAccept 98 xShift: 6.443 crossingAngle: -41.048 axialRotation: -81.577 zShift: 6.269 energy: -36.534
MCAccept 99 xShift: 6.443 crossingAngle: -41.048 axialRotation: -81.577 zShift: 6.269 energy: -36.534
Best: ================  ======================
Interaction Type    Energy                
================  ======================
CHARMM_IMM1                    30.612699
CHARMM_IMM1REF               -385.748376
CHARMM_VDW                    -91.763996
SCWRL4_HBOND                  -86.663774
================  ======================
Total                        -533.563447
================  ======================

Test: ================  ======================
Interaction Type    Energy                
================  ======================
CHARMM_IMM1                    30.612699
CHARMM_IMM1REF               -385.748376
CHARMM_VDW                    -91.763996
SCWRL4_HBOND                  -86.663774
================  ======================
Total                        -533.563447
================  ======================

CHARMM_IMM1: 30.613
CHARMM_IMM1REF: -385.748
CHARMM_VDW: -91.764
SCWRL4_HBOND: -86.664
RASLLLSLLLGALLGLLLAALILI,-36.534,-533.563,-533.563,-497.029,4137.950,-91.764,-54.557,-86.664,-72.401,30.613,37.536,-385.748,-407.623,7.400,6.443,-40.998,-41.048,-81.951,-81.577,6.245,6.269
Monte Carlo repack complete. Time: 2330.000 seconds

Total Time: 46 minutes
=============  ======================
CHARMM_IMM1                    30.075186
CHARMM_IMM1REF               -386.088374
CHARMM_VDW                    -90.796630
SCWRL4_HBOND                  -86.614415
================  ======================
Total                        -533.424233
================  ======================

CHARMM_IMM1: 30.075
CHARMM_IMM1REF: -386.088
CHARMM_VDW: -90.797
SCWRL4_HBOND: -86.614
RASLLLSLLLGALLGLLLAALILI,-36.399,-533.424,-533.424,-497.025,4136.868,-90.797,-54.557,-86.614,-72.401,30.075,37.544,-386.088,-407.630,7.400,6.382,-40.998,-41.007,-81.951,-82.009,6.245,6.216
Monte Carlo repack complete. Time: 1516.000 seconds

Total Time: 32 minutes
