Removing Hbonds from A,20
Removing Hbonds from A,43
Removing Hbonds from A,21
Removing Hbonds from A,42
Removing Hbonds from A,22
Removing Hbonds from A,41
Removing Hbonds from B,20
Removing Hbonds from B,43
Removing Hbonds from B,21
Removing Hbonds from B,42
Removing Hbonds from B,22
Removing Hbonds from B,41
***STARTING GEOMETRY:***
xShift:        7.407
crossingAngle: -47.141
axialRotation: -87.908
zShift:        5.643
N    ARG   20  A [    -2.174      7.230    -16.739] (conf   1/  1) +
CA   ARG   20  A [    -1.726      7.805    -15.480] (conf   1/  1) +
HA   ARG   20  A [    -0.845      7.265    -15.157] (conf 246/246) +
HT1  ARG   20  A [    -1.427      7.336    -17.454] (conf   1/  1) +
HT2  ARG   20  A [    -3.033      7.721    -17.059] (conf   1/  1) +
HT3  ARG   20  A [    -2.383      6.220    -16.604] (conf   1/  1) +
CB   ARG   20  A [    -1.380      9.299    -15.656] (conf 246/246) +
HB1  ARG   20  A [    -2.208      9.795    -16.208] (conf 246/246) +
HB2  ARG   20  A [    -1.323      9.770    -14.649] (conf 246/246) +
CG   ARG   20  A [    -0.050      9.578    -16.381] (conf 246/246) +
HG1  ARG   20  A [     0.772      9.060    -15.840] (conf 246/246) +
HG2  ARG   20  A [    -0.085      9.173    -17.414] (conf 246/246) +
CD   ARG   20  A [     0.215     11.093    -16.422] (conf 246/246) +
HD1  ARG   20  A [    -0.448     11.568    -17.177] (conf 246/246) +
HD2  ARG   20  A [    -0.044     11.541    -15.439] (conf 246/246) +
NE   ARG   20  A [     1.632     11.403    -16.779] (conf 246/246) +
HE   ARG   20  A [     1.909     11.355    -17.733] (conf 246/246) +
CZ   ARG   20  A [     2.558     11.778    -15.874] (conf 246/246) +
NH1  ARG   20  A [     2.256     11.873    -14.575] (conf 246/246) +
HH11 ARG   20  A [     2.951     12.144    -13.921] (conf 246/246) +
HH12 ARG   20  A [     1.337     11.650    -14.281] (conf 246/246) +
NH2  ARG   20  A [     3.805     12.058    -16.271] (conf 246/246) +
HH21 ARG   20  A [     4.483     12.327    -15.598] (conf 246/246) +
HH22 ARG   20  A [     4.044     11.991    -17.232] (conf 246/246) +
C    ARG   20  A [    -2.778      7.670    -14.423] (conf   1/  1) +
O    ARG   20  A [    -2.480      7.349    -13.275] (conf   1/  1) +
N    ALA   21  A [    -4.050      7.917    -14.795] (conf   1/  1) +
HN   ALA   21  A [    -4.316      8.194    -15.718] (conf   1/  1) +
CA   ALA   21  A [    -5.143      7.789    -13.842] (conf   1/  1) +
HA   ALA   21  A [    -4.967      8.411    -12.972] (conf   1/  1) +
CB   ALA   21  A [    -6.471      8.261    -14.479] (conf   1/  1) +
HB1  ALA   21  A [    -6.376      9.321    -14.797] (conf   1/  1) +
HB2  ALA   21  A [    -6.720      7.656    -15.378] (conf   1/  1) +
HB3  ALA   21  A [    -7.316      8.193    -13.761] (conf   1/  1) +
C    ALA   21  A [    -5.256      6.383    -13.341] (conf   1/  1) +
O    ALA   21  A [    -5.470      6.154    -12.152] (conf   1/  1) +
N    SER   22  A [    -5.113      5.398    -14.250] (conf   1/  1) +
HN   SER   22  A [    -4.953      5.538    -15.227] (conf   1/  1) +
CA   SER   22  A [    -5.186      4.000    -13.851] (conf   1/  1) +
HA   SER   22  A [    -6.115      3.871    -13.311] (conf  40/ 40) +
CB   SER   22  A [    -5.195      3.005    -15.040] (conf  40/ 40) +
HB1  SER   22  A [    -4.935      1.981    -14.692] (conf  40/ 40) +
HB2  SER   22  A [    -6.223      2.964    -15.464] (conf  40/ 40) +
OG   SER   22  A [    -4.313      3.404    -16.078] (conf  40/ 40) +
HG1  SER   22  A [    -3.410      3.283    -15.762] (conf  40/ 40) +
C    SER   22  A [    -4.095      3.660    -12.884] (conf   1/  1) +
O    SER   22  A [    -4.319      2.954    -11.904] (conf   1/  1) +
N    LEU   23  A [    -2.872      4.165    -13.144] (conf   1/  1) +
HN   LEU   23  A [    -2.642      4.730    -13.934] (conf   1/  1) +
CA   LEU   23  A [    -1.755      3.907    -12.249] (conf   1/  1) +
HA   LEU   23  A [    -1.705      2.836    -12.117] (conf  27/ 27) +
CB   LEU   23  A [    -0.382      4.412    -12.757] (conf  27/ 27) +
HB1  LEU   23  A [    -0.448      5.495    -12.996] (conf  27/ 27) +
HB2  LEU   23  A [     0.363      4.298    -11.938] (conf  27/ 27) +
CG   LEU   23  A [     0.157      3.655    -13.983] (conf  27/ 27) +
HG   LEU   23  A [    -0.485      3.913    -14.856] (conf  27/ 27) +
CD1  LEU   23  A [     1.594      4.113    -14.244] (conf  27/ 27) +
HD11 LEU   23  A [     2.008      3.590    -15.131] (conf  27/ 27) +
HD12 LEU   23  A [     1.628      5.207    -14.421] (conf  27/ 27) +
HD13 LEU   23  A [     2.230      3.875    -13.364] (conf  27/ 27) +
CD2  LEU   23  A [     0.148      2.118    -13.828] (conf  27/ 27) +
HD21 LEU   23  A [     0.553      1.642    -14.747] (conf  27/ 27) +
HD22 LEU   23  A [     0.781      1.817    -12.968] (conf  27/ 27) +
HD23 LEU   23  A [    -0.880      1.735    -13.671] (conf  27/ 27) +
C    LEU   23  A [    -2.016      4.470    -10.887] (conf   1/  1) +
O    LEU   23  A [    -1.724      3.836     -9.875] (conf   1/  1) +
N    LEU   24  A [    -2.579      5.694    -10.833] (conf   1/  1) +
HN   LEU   24  A [    -2.816      6.249    -11.628] (conf   1/  1) +
CA   LEU   24  A [    -2.892      6.316     -9.554] (conf   1/  1) +
HA   LEU   24  A [    -1.985      6.289     -8.966] (conf  27/ 27) +
CB   LEU   24  A [    -3.384      7.781     -9.645] (conf  27/ 27) +
HB1  LEU   24  A [    -4.257      7.839    -10.330] (conf  27/ 27) +
HB2  LEU   24  A [    -3.733      8.100     -8.636] (conf  27/ 27) +
CG   LEU   24  A [    -2.311      8.783    -10.104] (conf  27/ 27) +
HG   LEU   24  A [    -2.090      8.582    -11.177] (conf  27/ 27) +
CD1  LEU   24  A [    -2.870     10.199     -9.948] (conf  27/ 27) +
HD11 LEU   24  A [    -2.121     10.946    -10.281] (conf  27/ 27) +
HD12 LEU   24  A [    -3.794     10.322    -10.549] (conf  27/ 27) +
HD13 LEU   24  A [    -3.112     10.393     -8.880] (conf  27/ 27) +
CD2  LEU   24  A [    -0.983      8.686     -9.321] (conf  27/ 27) +
HD21 LEU   24  A [    -0.262      9.439     -9.703] (conf  27/ 27) +
HD22 LEU   24  A [    -1.160      8.884     -8.243] (conf  27/ 27) +
HD23 LEU   24  A [    -0.522      7.685     -9.432] (conf  27/ 27) +
C    LEU   24  A [    -3.891      5.504     -8.792] (conf   1/  1) +
O    LEU   24  A [    -3.768      5.321     -7.583] (conf   1/  1) +
N    LEU   25  A [    -4.921      4.989     -9.496] (conf   1/  1) +
HN   LEU   25  A [    -5.069      5.123    -10.474] (conf   1/  1) +
CA   LEU   25  A [    -5.932      4.169     -8.846] (conf   1/  1) +
HA   LEU   25  A [    -6.294      4.734     -8.000] (conf  27/ 27) +
CB   LEU   25  A [    -7.136      3.785     -9.742] (conf  27/ 27) +
HB1  LEU   25  A [    -6.769      3.291    -10.668] (conf  27/ 27) +
HB2  LEU   25  A [    -7.761      3.043     -9.196] (conf  27/ 27) +
CG   LEU   25  A [    -8.044      4.967    -10.123] (conf  27/ 27) +
HG   LEU   25  A [    -7.478      5.624    -10.822] (conf  27/ 27) +
CD1  LEU   25  A [    -9.289      4.417    -10.823] (conf  27/ 27) +
HD11 LEU   25  A [    -9.961      5.248    -11.120] (conf  27/ 27) +
HD12 LEU   25  A [    -9.005      3.841    -11.728] (conf  27/ 27) +
HD13 LEU   25  A [    -9.843      3.744    -10.133] (conf  27/ 27) +
CD2  LEU   25  A [    -8.492      5.829     -8.922] (conf  27/ 27) +
HD21 LEU   25  A [    -9.145      6.656     -9.272] (conf  27/ 27) +
HD22 LEU   25  A [    -9.064      5.211     -8.200] (conf  27/ 27) +
HD23 LEU   25  A [    -7.622      6.278     -8.402] (conf  27/ 27) +
C    LEU   25  A [    -5.326      2.926     -8.273] (conf   1/  1) +
O    LEU   25  A [    -5.660      2.516     -7.163] (conf   1/  1) +
N    LEU   26  A [    -4.410      2.290     -9.030] (conf   1/  1) +
HN   LEU   26  A [    -4.121      2.579     -9.941] (conf   1/  1) +
CA   LEU   26  A [    -3.749      1.086     -8.547] (conf   1/  1) +
HA   LEU   26  A [    -4.531      0.404     -8.245] (conf  27/ 27) +
CB   LEU   26  A [    -2.844      0.380     -9.585] (conf  27/ 27) +
HB1  LEU   26  A [    -2.097      1.101     -9.981] (conf  27/ 27) +
HB2  LEU   26  A [    -2.279     -0.431     -9.070] (conf  27/ 27) +
CG   LEU   26  A [    -3.605     -0.259    -10.759] (conf  27/ 27) +
HG   LEU   26  A [    -4.021      0.562    -11.387] (conf  27/ 27) +
CD1  LEU   26  A [    -2.618     -1.090    -11.583] (conf  27/ 27) +
HD11 LEU   26  A [    -3.137     -1.557    -12.446] (conf  27/ 27) +
HD12 LEU   26  A [    -1.792     -0.453    -11.960] (conf  27/ 27) +
HD13 LEU   26  A [    -2.186     -1.897    -10.952] (conf  27/ 27) +
CD2  LEU   26  A [    -4.778     -1.167    -10.330] (conf  27/ 27) +
HD21 LEU   26  A [    -5.275     -1.594    -11.227] (conf  27/ 27) +
HD22 LEU   26  A [    -4.405     -2.004     -9.703] (conf  27/ 27) +
HD23 LEU   26  A [    -5.538     -0.599     -9.757] (conf  27/ 27) +
C    LEU   26  A [    -2.957      1.367     -7.308] (conf   1/  1) +
O    LEU   26  A [    -2.967      0.583     -6.362] (conf   1/  1) +
N    VAL   27  A [    -2.243      2.510     -7.290] (conf   1/  1) +
HN   VAL   27  A [    -2.197      3.165     -8.040] (conf   1/  1) +
CA   VAL   27  A [    -1.459      2.880     -6.120] (conf   1/  1) +
HA   VAL   27  A [    -0.804      2.049     -5.892] (conf   6/  6) +
CB   VAL   27  A [    -0.573      4.084     -6.420] (conf   6/  6) +
HB   VAL   27  A [    -1.176      4.894     -6.890] (conf   6/  6) +
CG1  VAL   27  A [     0.062      4.647     -5.143] (conf   6/  6) +
HG11 VAL   27  A [     0.713      5.511     -5.389] (conf   6/  6) +
HG12 VAL   27  A [    -0.713      4.998     -4.430] (conf   6/  6) +
HG13 VAL   27  A [     0.677      3.867     -4.645] (conf   6/  6) +
CG2  VAL   27  A [     0.524      3.604     -7.397] (conf   6/  6) +
HG21 VAL   27  A [     1.209      4.440     -7.648] (conf   6/  6) +
HG22 VAL   27  A [     1.120      2.791     -6.931] (conf   6/  6) +
HG23 VAL   27  A [     0.077      3.219     -8.336] (conf   6/  6) +
C    VAL   27  A [    -2.337      3.068     -4.922] (conf   1/  1) +
O    VAL   27  A [    -2.000      2.640     -3.821] (conf   1/  1) +
N    LEU   28  A [    -3.499      3.722     -5.117] (conf   1/  1) +
HN   LEU   28  A [    -3.804      4.097     -5.990] (conf   1/  1) +
CA   LEU   28  A [    -4.429      3.934     -4.016] (conf   1/  1) +
HA   LEU   28  A [    -3.865      4.392     -3.217] (conf  27/ 27) +
CB   LEU   28  A [    -5.642      4.837     -4.352] (conf  27/ 27) +
HB1  LEU   28  A [    -6.175      4.431     -5.239] (conf  27/ 27) +
HB2  LEU   28  A [    -6.354      4.806     -3.496] (conf  27/ 27) +
CG   LEU   28  A [    -5.283      6.311     -4.605] (conf  27/ 27) +
HG   LEU   28  A [    -4.722      6.368     -5.566] (conf  27/ 27) +
CD1  LEU   28  A [    -6.581      7.114     -4.716] (conf  27/ 27) +
HD11 LEU   28  A [    -6.355      8.183     -4.909] (conf  27/ 27) +
HD12 LEU   28  A [    -7.212      6.724     -5.540] (conf  27/ 27) +
HD13 LEU   28  A [    -7.152      7.040     -3.765] (conf  27/ 27) +
CD2  LEU   28  A [    -4.403      6.943     -3.504] (conf  27/ 27) +
HD21 LEU   28  A [    -4.189      8.004     -3.753] (conf  27/ 27) +
HD22 LEU   28  A [    -4.928      6.908     -2.528] (conf  27/ 27) +
HD23 LEU   28  A [    -3.434      6.413     -3.411] (conf  27/ 27) +
C    LEU   28  A [    -4.919      2.630     -3.470] (conf   1/  1) +
O    LEU   28  A [    -5.026      2.454     -2.258] (conf   1/  1) +
N    LEU   29  A [    -5.234      1.673     -4.367] (conf   1/  1) +
HN   LEU   29  A [    -5.176      1.778     -5.357] (conf   1/  1) +
CA   LEU   29  A [    -5.699      0.364     -3.929] (conf   1/  1) +
HA   LEU   29  A [    -6.524      0.538     -3.253] (conf  27/ 27) +
CB   LEU   29  A [    -6.175     -0.572     -5.067] (conf  27/ 27) +
HB1  LEU   29  A [    -5.369     -0.679     -5.824] (conf  27/ 27) +
HB2  LEU   29  A [    -6.363     -1.583     -4.638] (conf  27/ 27) +
CG   LEU   29  A [    -7.468     -0.116     -5.764] (conf  27/ 27) +
HG   LEU   29  A [    -7.238      0.804     -6.348] (conf  27/ 27) +
CD1  LEU   29  A [    -7.929     -1.228     -6.709] (conf  27/ 27) +
HD11 LEU   29  A [    -8.857     -0.924     -7.236] (conf  27/ 27) +
HD12 LEU   29  A [    -7.144     -1.451     -7.461] (conf  27/ 27) +
HD13 LEU   29  A [    -8.139     -2.153     -6.129] (conf  27/ 27) +
CD2  LEU   29  A [    -8.623      0.217     -4.793] (conf  27/ 27) +
HD21 LEU   29  A [    -9.520      0.534     -5.366] (conf  27/ 27) +
HD22 LEU   29  A [    -8.887     -0.677     -4.192] (conf  27/ 27) +
HD23 LEU   29  A [    -8.347      1.044     -4.108] (conf  27/ 27) +
C    LEU   29  A [    -4.652     -0.333     -3.119] (conf   1/  1) +
O    LEU   29  A [    -4.952     -0.951     -2.100] (conf   1/  1) +
N    GLY   30  A [    -3.382     -0.247     -3.560] (conf   1/  1) +
HN   GLY   30  A [    -3.118      0.238     -4.393] (conf   1/  1) +
CA   GLY   30  A [    -2.293     -0.875     -2.826] (conf   1/  1) +
HA1  GLY   30  A [    -1.376     -0.676     -3.364] (conf   1/  1) +
HA2  GLY   30  A [    -2.525     -1.926     -2.718] (conf   1/  1) +
C    GLY   30  A [    -2.162     -0.288     -1.455] (conf   1/  1) +
O    GLY   30  A [    -1.952     -1.006     -0.480] (conf   1/  1) +
N    VAL   31  A [    -2.284      1.050     -1.351] (conf   1/  1) +
HN   VAL   31  A [    -2.438      1.668     -2.117] (conf   1/  1) +
CA   VAL   31  A [    -2.194      1.708     -0.056] (conf   1/  1) +
HA   VAL   31  A [    -1.261      1.402      0.401] (conf   6/  6) +
CB   VAL   31  A [    -2.139      3.224     -0.221] (conf   6/  6) +
HB   VAL   31  A [    -2.956      3.564     -0.895] (conf   6/  6) +
CG1  VAL   31  A [    -2.304      3.942      1.124] (conf   6/  6) +
HG11 VAL   31  A [    -2.245      5.040      0.980] (conf   6/  6) +
HG12 VAL   31  A [    -3.288      3.713      1.584] (conf   6/  6) +
HG13 VAL   31  A [    -1.501      3.631      1.826] (conf   6/  6) +
CG2  VAL   31  A [    -0.764      3.559     -0.842] (conf   6/  6) +
HG21 VAL   31  A [    -0.661      4.656     -0.980] (conf   6/  6) +
HG22 VAL   31  A [     0.052      3.213     -0.172] (conf   6/  6) +
HG23 VAL   31  A [    -0.643      3.066     -1.828] (conf   6/  6) +
C    VAL   31  A [    -3.284      1.247      0.859] (conf   1/  1) +
O    VAL   31  A [    -3.057      1.005      2.042] (conf   1/  1) +
N    LEU   32  A [    -4.514      1.112      0.320] (conf   1/  1) +
HN   LEU   32  A [    -4.746      1.309     -0.630] (conf   1/  1) +
CA   LEU   32  A [    -5.634      0.648      1.126] (conf   1/  1) +
HA   LEU   32  A [    -5.670      1.280      2.001] (conf  27/ 27) +
CB   LEU   32  A [    -7.011      0.697      0.418] (conf  27/ 27) +
HB1  LEU   32  A [    -6.959      0.132     -0.538] (conf  27/ 27) +
HB2  LEU   32  A [    -7.759      0.184      1.064] (conf  27/ 27) +
CG   LEU   32  A [    -7.530      2.118      0.142] (conf  27/ 27) +
HG   LEU   32  A [    -6.887      2.572     -0.646] (conf  27/ 27) +
CD1  LEU   32  A [    -8.972      2.018     -0.362] (conf  27/ 27) +
HD11 LEU   32  A [    -9.373      3.029     -0.581] (conf  27/ 27) +
HD12 LEU   32  A [    -9.021      1.403     -1.284] (conf  27/ 27) +
HD13 LEU   32  A [    -9.611      1.544      0.415] (conf  27/ 27) +
CD2  LEU   32  A [    -7.501      3.050      1.373] (conf  27/ 27) +
HD21 LEU   32  A [    -7.893      4.052      1.099] (conf  27/ 27) +
HD22 LEU   32  A [    -8.134      2.634      2.183] (conf  27/ 27) +
HD23 LEU   32  A [    -6.468      3.180      1.754] (conf  27/ 27) +
C    LEU   32  A [    -5.389     -0.738      1.637] (conf   1/  1) +
O    LEU   32  A [    -5.677     -1.044      2.792] (conf   1/  1) +
N    LEU   33  A [    -4.845     -1.618      0.773] (conf   1/  1) +
HN   LEU   33  A [    -4.609     -1.417     -0.175] (conf   1/  1) +
CA   LEU   33  A [    -4.551     -2.982      1.186] (conf   1/  1) +
HA   LEU   33  A [    -5.461     -3.379      1.613] (conf  27/ 27) +
CB   LEU   33  A [    -4.082     -3.921      0.048] (conf  27/ 27) +
HB1  LEU   33  A [    -3.205     -3.473     -0.468] (conf  27/ 27) +
HB2  LEU   33  A [    -3.745     -4.882      0.497] (conf  27/ 27) +
CG   LEU   33  A [    -5.169     -4.249     -0.990] (conf  27/ 27) +
HG   LEU   33  A [    -5.379     -3.323     -1.572] (conf  27/ 27) +
CD1  LEU   33  A [    -4.634     -5.336     -1.926] (conf  27/ 27) +
HD11 LEU   33  A [    -5.393     -5.588     -2.695] (conf  27/ 27) +
HD12 LEU   33  A [    -3.708     -4.995     -2.432] (conf  27/ 27) +
HD13 LEU   33  A [    -4.403     -6.254     -1.343] (conf  27/ 27) +
CD2  LEU   33  A [    -6.500     -4.735     -0.377] (conf  27/ 27) +
HD21 LEU   33  A [    -7.230     -4.956     -1.183] (conf  27/ 27) +
HD22 LEU   33  A [    -6.334     -5.662      0.211] (conf  27/ 27) +
HD23 LEU   33  A [    -6.944     -3.964      0.284] (conf  27/ 27) +
C    LEU   33  A [    -3.542     -3.003      2.293] (conf   1/  1) +
O    LEU   33  A [    -3.672     -3.763      3.250] (conf   1/  1) +
N    GLY   34  A [    -2.501     -2.155      2.183] (conf   1/  1) +
HN   GLY   34  A [    -2.370     -1.539      1.407] (conf   1/  1) +
CA   GLY   34  A [    -1.481     -2.087      3.221] (conf   1/  1) +
HA1  GLY   34  A [    -0.754     -1.345      2.920] (conf   1/  1) +
HA2  GLY   34  A [    -1.074     -3.080      3.354] (conf   1/  1) +
C    GLY   34  A [    -2.073     -1.653      4.527] (conf   1/  1) +
O    GLY   34  A [    -1.741     -2.192      5.580] (conf   1/  1) +
N    SER   35  A [    -2.976     -0.651      4.483] (conf   1/  1) +
HN   SER   35  A [    -3.264     -0.174      3.653] (conf   1/  1) +
CA   SER   35  A [    -3.621     -0.176      5.699] (conf   1/  1) +
HA   SER   35  A [    -2.835      0.068      6.401] (conf  40/ 40) +
CB   SER   35  A [    -4.482      1.097      5.499] (conf  40/ 40) +
HB1  SER   35  A [    -5.184      1.229      6.351] (conf  40/ 40) +
HB2  SER   35  A [    -3.810      1.984      5.480] (conf  40/ 40) +
OG   SER   35  A [    -5.201      1.071      4.276] (conf  40/ 40) +
HG1  SER   35  A [    -5.896      0.407      4.355] (conf  40/ 40) +
C    SER   35  A [    -4.425     -1.265      6.340] (conf   1/  1) +
O    SER   35  A [    -4.410     -1.424      7.558] (conf   1/  1) +
N    LEU   36  A [    -5.156     -2.044      5.520] (conf   1/  1) +
HN   LEU   36  A [    -5.209     -1.939      4.529] (conf   1/  1) +
CA   LEU   36  A [    -5.953     -3.141      6.049] (conf   1/  1) +
HA   LEU   36  A [    -6.573     -2.726      6.831] (conf  27/ 27) +
CB   LEU   36  A [    -6.862     -3.846      5.012] (conf  27/ 27) +
HB1  LEU   36  A [    -6.249     -4.190      4.151] (conf  27/ 27) +
HB2  LEU   36  A [    -7.304     -4.752      5.486] (conf  27/ 27) +
CG   LEU   36  A [    -8.023     -2.979      4.495] (conf  27/ 27) +
HG   LEU   36  A [    -7.592     -2.170      3.862] (conf  27/ 27) +
CD1  LEU   36  A [    -8.947     -3.859      3.650] (conf  27/ 27) +
HD11 LEU   36  A [    -9.791     -3.258      3.252] (conf  27/ 27) +
HD12 LEU   36  A [    -8.391     -4.305      2.800] (conf  27/ 27) +
HD13 LEU   36  A [    -9.361     -4.680      4.275] (conf  27/ 27) +
CD2  LEU   36  A [    -8.858     -2.313      5.611] (conf  27/ 27) +
HD21 LEU   36  A [    -9.676     -1.710      5.163] (conf  27/ 27) +
HD22 LEU   36  A [    -9.309     -3.088      6.264] (conf  27/ 27) +
HD23 LEU   36  A [    -8.236     -1.637      6.230] (conf  27/ 27) +
C    LEU   36  A [    -5.086     -4.160      6.720] (conf   1/  1) +
O    LEU   36  A [    -5.424     -4.672      7.785] (conf   1/  1) +
N    LEU   37  A [    -3.933     -4.480      6.102] (conf   1/  1) +
HN   LEU   37  A [    -3.628     -4.099      5.231] (conf   1/  1) +
CA   LEU   37  A [    -3.013     -5.445      6.689] (conf   1/  1) +
HA   LEU   37  A [    -3.590     -6.334      6.901] (conf  27/ 27) +
CB   LEU   37  A [    -1.813     -5.832      5.790] (conf  27/ 27) +
HB1  LEU   37  A [    -1.268     -4.914      5.480] (conf  27/ 27) +
HB2  LEU   37  A [    -1.106     -6.449      6.390] (conf  27/ 27) +
CG   LEU   37  A [    -2.193     -6.643      4.540] (conf  27/ 27) +
HG   LEU   37  A [    -2.748     -5.970      3.848] (conf  27/ 27) +
CD1  LEU   37  A [    -0.907     -7.129      3.867] (conf  27/ 27) +
HD11 LEU   37  A [    -1.148     -7.711      2.954] (conf  27/ 27) +
HD12 LEU   37  A [    -0.264     -6.269      3.588] (conf  27/ 27) +
HD13 LEU   37  A [    -0.340     -7.784      4.564] (conf  27/ 27) +
CD2  LEU   37  A [    -3.090     -7.866      4.832] (conf  27/ 27) +
HD21 LEU   37  A [    -3.318     -8.403      3.887] (conf  27/ 27) +
HD22 LEU   37  A [    -2.570     -8.567      5.518] (conf  27/ 27) +
HD23 LEU   37  A [    -4.051     -7.560      5.291] (conf  27/ 27) +
C    LEU   37  A [    -2.506     -4.965      8.013] (conf   1/  1) +
O    LEU   37  A [    -2.406     -5.735      8.965] (conf   1/  1) +
N    ALA   38  A [    -2.172     -3.664      8.102] (conf   1/  1) +
HN   ALA   38  A [    -2.231     -3.022      7.338] (conf   1/  1) +
CA   ALA   38  A [    -1.691     -3.100      9.356] (conf   1/  1) +
HA   ALA   38  A [    -0.827     -3.648      9.715] (conf   1/  1) +
CB   ALA   38  A [    -1.247     -1.633      9.152] (conf   1/  1) +
HB1  ALA   38  A [    -0.440     -1.590      8.390] (conf   1/  1) +
HB2  ALA   38  A [    -2.092     -1.007      8.791] (conf   1/  1) +
HB3  ALA   38  A [    -0.855     -1.189     10.092] (conf   1/  1) +
C    ALA   38  A [    -2.732     -3.204     10.425] (conf   1/  1) +
O    ALA   38  A [    -2.430     -3.534     11.570] (conf   1/  1) +
N    GLY   39  A [    -4.001     -2.921     10.069] (conf   1/  1) +
HN   GLY   39  A [    -4.267     -2.637      9.148] (conf   1/  1) +
CA   GLY   39  A [    -5.086     -3.015     11.037] (conf   1/  1) +
HA1  GLY   39  A [    -6.002     -2.742     10.532] (conf   1/  1) +
HA2  GLY   39  A [    -4.837     -2.383     11.879] (conf   1/  1) +
C    GLY   39  A [    -5.234     -4.416     11.541] (conf   1/  1) +
O    GLY   39  A [    -5.439     -4.640     12.731] (conf   1/  1) +
N    LEU   40  A [    -5.133     -5.405     10.629] (conf   1/  1) +
HN   LEU   40  A [    -4.982     -5.268      9.652] (conf   1/  1) +
CA   LEU   40  A [    -5.241     -6.802     11.028] (conf   1/  1) +
HA   LEU   40  A [    -6.161     -6.895     11.587] (conf  27/ 27) +
CB   LEU   40  A [    -5.264     -7.814      9.857] (conf  27/ 27) +
HB1  LEU   40  A [    -4.371     -7.661      9.213] (conf  27/ 27) +
HB2  LEU   40  A [    -5.196     -8.843     10.277] (conf  27/ 27) +
CG   LEU   40  A [    -6.532     -7.749      8.989] (conf  27/ 27) +
HG   LEU   40  A [    -6.511     -6.791      8.421] (conf  27/ 27) +
CD1  LEU   40  A [    -6.513     -8.928      8.013] (conf  27/ 27) +
HD11 LEU   40  A [    -7.413     -8.903      7.364] (conf  27/ 27) +
HD12 LEU   40  A [    -5.607     -8.892      7.374] (conf  27/ 27) +
HD13 LEU   40  A [    -6.512     -9.886      8.579] (conf  27/ 27) +
CD2  LEU   40  A [    -7.849     -7.794      9.793] (conf  27/ 27) +
HD21 LEU   40  A [    -8.717     -7.748      9.102] (conf  27/ 27) +
HD22 LEU   40  A [    -7.911     -8.739     10.373] (conf  27/ 27) +
HD23 LEU   40  A [    -7.924     -6.937     10.492] (conf  27/ 27) +
C    LEU   40  A [    -4.148     -7.173     11.982] (conf   1/  1) +
O    LEU   40  A [    -4.381     -7.873     12.965] (conf   1/  1) +
N    ILE   41  A [    -2.915     -6.705     11.706] (conf   1/  1) +
HN   ILE   41  A [    -2.678     -6.147     10.913] (conf   1/  1) +
CA   ILE   41  A [    -1.793     -6.997     12.587] (conf   1/  1) +
HA   ILE   41  A [    -1.804     -8.071     12.726] (conf  15/ 15) +
CB   ILE   41  A [    -0.392     -6.647     12.013] (conf  15/ 15) +
HB   ILE   41  A [     0.378     -6.932     12.769] (conf  15/ 15) +
CG2  ILE   41  A [    -0.142     -7.525     10.750] (conf  15/ 15) +
HG21 ILE   41  A [     0.863     -7.322     10.327] (conf  15/ 15) +
HG22 ILE   41  A [    -0.196     -8.602     11.014] (conf  15/ 15) +
HG23 ILE   41  A [    -0.901     -7.313      9.971] (conf  15/ 15) +
CG1  ILE   41  A [    -0.219     -5.125     11.769] (conf  15/ 15) +
HG11 ILE   41  A [    -0.942     -4.807     10.987] (conf  15/ 15) +
HG12 ILE   41  A [    -0.485     -4.584     12.705] (conf  15/ 15) +
CD   ILE   41  A [     1.199     -4.670     11.349] (conf  15/ 15) +
HD1  ILE   41  A [     1.220     -3.568     11.208] (conf  15/ 15) +
HD2  ILE   41  A [     1.941     -4.938     12.130] (conf  15/ 15) +
HD3  ILE   41  A [     1.498     -5.149     10.394] (conf  15/ 15) +
C    ILE   41  A [    -2.020     -6.425     13.953] (conf   1/  1) +
O    ILE   41  A [    -1.735     -7.069     14.960] (conf   1/  1) +
N    LEU   42  A [    -2.545     -5.186     14.013] (conf   1/  1) +
HN   LEU   42  A [    -2.777     -4.624     13.222] (conf   1/  1) +
CA   LEU   42  A [    -2.823     -4.556     15.296] (conf   1/  1) +
HA   LEU   42  A [    -1.910     -4.611     15.872] (conf  27/ 27) +
CB   LEU   42  A [    -3.271     -3.076     15.212] (conf  27/ 27) +
HB1  LEU   42  A [    -4.151     -2.991     14.538] (conf  27/ 27) +
HB2  LEU   42  A [    -3.597     -2.747     16.224] (conf  27/ 27) +
CG   LEU   42  A [    -2.174     -2.108     14.739] (conf  27/ 27) +
HG   LEU   42  A [    -1.972     -2.315     13.663] (conf  27/ 27) +
CD1  LEU   42  A [    -2.687     -0.675     14.902] (conf  27/ 27) +
HD11 LEU   42  A [    -1.919      0.049     14.559] (conf  27/ 27) +
HD12 LEU   42  A [    -3.615     -0.524     14.313] (conf  27/ 27) +
HD13 LEU   42  A [    -2.909     -0.474     15.973] (conf  27/ 27) +
CD2  LEU   42  A [    -0.840     -2.245     15.505] (conf  27/ 27) +
HD21 LEU   42  A [    -0.101     -1.515     15.114] (conf  27/ 27) +
HD22 LEU   42  A [    -0.996     -2.043     16.585] (conf  27/ 27) +
HD23 LEU   42  A [    -0.411     -3.260     15.388] (conf  27/ 27) +
C    LEU   42  A [    -3.838     -5.338     16.071] (conf   1/  1) +
O    LEU   42  A [    -3.703     -5.525     17.278] (conf   1/  1) +
N    ILE   43  A [    -4.890     -5.820     15.381] (conf   1/  1) +
HN   ILE   43  A [    -5.046     -5.683     14.405] (conf   1/  1) +
CA   ILE   43  A [    -5.917     -6.611     16.044] (conf   1/  1) +
HA   ILE   43  A [    -6.221     -6.030     16.905] (conf  15/ 15) +
CB   ILE   43  A [    -7.205     -6.859     15.210] (conf  15/ 15) +
HB   ILE   43  A [    -7.915     -7.456     15.829] (conf  15/ 15) +
CG2  ILE   43  A [    -7.884     -5.485     14.928] (conf  15/ 15) +
HG21 ILE   43  A [    -8.824     -5.624     14.356] (conf  15/ 15) +
HG22 ILE   43  A [    -8.132     -4.976     15.883] (conf  15/ 15) +
HG23 ILE   43  A [    -7.209     -4.829     14.342] (conf  15/ 15) +
CG1  ILE   43  A [    -6.928     -7.700     13.935] (conf  15/ 15) +
HG11 ILE   43  A [    -6.255     -7.120     13.268] (conf  15/ 15) +
HG12 ILE   43  A [    -6.383     -8.623     14.232] (conf  15/ 15) +
CD   ILE   43  A [    -8.177     -8.129     13.130] (conf  15/ 15) +
HD1  ILE   43  A [    -7.875     -8.729     12.246] (conf  15/ 15) +
HD2  ILE   43  A [    -8.854     -8.745     13.759] (conf  15/ 15) +
HD3  ILE   43  A [    -8.737     -7.240     12.771] (conf  15/ 15) +
C    ILE   43  A [    -5.341     -7.872     16.610] (conf   1/  1) +
OT1  ILE   43  A [    -4.109     -8.082     16.452] (conf   1/  1) +
OT2  ILE   43  A [    -6.118     -8.659     17.214] (conf   1/  1) +
N    ARG   20  B [     2.174     -7.230    -16.739] (conf   1/  1) +
CA   ARG   20  B [     1.726     -7.805    -15.480] (conf   1/  1) +
HA   ARG   20  B [     0.845     -7.265    -15.157] (conf 246/246) +
HT1  ARG   20  B [     1.427     -7.336    -17.454] (conf   1/  1) +
HT2  ARG   20  B [     3.033     -7.721    -17.059] (conf   1/  1) +
HT3  ARG   20  B [     2.383     -6.220    -16.604] (conf   1/  1) +
CB   ARG   20  B [     1.380     -9.299    -15.656] (conf 246/246) +
HB1  ARG   20  B [     2.208     -9.795    -16.208] (conf 246/246) +
HB2  ARG   20  B [     1.323     -9.770    -14.649] (conf 246/246) +
CG   ARG   20  B [     0.050     -9.578    -16.381] (conf 246/246) +
HG1  ARG   20  B [    -0.772     -9.060    -15.840] (conf 246/246) +
HG2  ARG   20  B [     0.085     -9.173    -17.414] (conf 246/246) +
CD   ARG   20  B [    -0.215    -11.093    -16.422] (conf 246/246) +
HD1  ARG   20  B [     0.448    -11.568    -17.177] (conf 246/246) +
HD2  ARG   20  B [     0.044    -11.541    -15.439] (conf 246/246) +
NE   ARG   20  B [    -1.632    -11.403    -16.779] (conf 246/246) +
HE   ARG   20  B [    -1.909    -11.355    -17.733] (conf 246/246) +
CZ   ARG   20  B [    -2.558    -11.778    -15.874] (conf 246/246) +
NH1  ARG   20  B [    -2.256    -11.873    -14.575] (conf 246/246) +
HH11 ARG   20  B [    -2.951    -12.144    -13.921] (conf 246/246) +
HH12 ARG   20  B [    -1.337    -11.650    -14.281] (conf 246/246) +
NH2  ARG   20  B [    -3.805    -12.058    -16.271] (conf 246/246) +
HH21 ARG   20  B [    -4.483    -12.327    -15.598] (conf 246/246) +
HH22 ARG   20  B [    -4.044    -11.991    -17.232] (conf 246/246) +
C    ARG   20  B [     2.778     -7.670    -14.423] (conf   1/  1) +
O    ARG   20  B [     2.480     -7.349    -13.275] (conf   1/  1) +
N    ALA   21  B [     4.050     -7.917    -14.795] (conf   1/  1) +
HN   ALA   21  B [     4.316     -8.194    -15.718] (conf   1/  1) +
CA   ALA   21  B [     5.143     -7.789    -13.842] (conf   1/  1) +
HA   ALA   21  B [     4.967     -8.411    -12.972] (conf   1/  1) +
CB   ALA   21  B [     6.471     -8.261    -14.479] (conf   1/  1) +
HB1  ALA   21  B [     6.376     -9.321    -14.797] (conf   1/  1) +
HB2  ALA   21  B [     6.720     -7.656    -15.378] (conf   1/  1) +
HB3  ALA   21  B [     7.316     -8.193    -13.761] (conf   1/  1) +
C    ALA   21  B [     5.256     -6.383    -13.341] (conf   1/  1) +
O    ALA   21  B [     5.470     -6.154    -12.152] (conf   1/  1) +
N    SER   22  B [     5.113     -5.398    -14.250] (conf   1/  1) +
HN   SER   22  B [     4.953     -5.538    -15.227] (conf   1/  1) +
CA   SER   22  B [     5.186     -4.000    -13.851] (conf   1/  1) +
HA   SER   22  B [     6.115     -3.871    -13.311] (conf  40/ 40) +
CB   SER   22  B [     5.195     -3.005    -15.040] (conf  40/ 40) +
HB1  SER   22  B [     4.935     -1.981    -14.692] (conf  40/ 40) +
HB2  SER   22  B [     6.223     -2.964    -15.464] (conf  40/ 40) +
OG   SER   22  B [     4.313     -3.404    -16.078] (conf  40/ 40) +
HG1  SER   22  B [     3.410     -3.283    -15.762] (conf  40/ 40) +
C    SER   22  B [     4.095     -3.660    -12.884] (conf   1/  1) +
O    SER   22  B [     4.319     -2.954    -11.904] (conf   1/  1) +
N    LEU   23  B [     2.872     -4.165    -13.144] (conf   1/  1) +
HN   LEU   23  B [     2.642     -4.730    -13.934] (conf   1/  1) +
CA   LEU   23  B [     1.755     -3.907    -12.249] (conf   1/  1) +
HA   LEU   23  B [     1.705     -2.836    -12.117] (conf  27/ 27) +
CB   LEU   23  B [     0.382     -4.412    -12.757] (conf  27/ 27) +
HB1  LEU   23  B [     0.448     -5.495    -12.996] (conf  27/ 27) +
HB2  LEU   23  B [    -0.363     -4.298    -11.938] (conf  27/ 27) +
CG   LEU   23  B [    -0.157     -3.655    -13.983] (conf  27/ 27) +
HG   LEU   23  B [     0.485     -3.913    -14.856] (conf  27/ 27) +
CD1  LEU   23  B [    -1.594     -4.113    -14.244] (conf  27/ 27) +
HD11 LEU   23  B [    -2.008     -3.590    -15.131] (conf  27/ 27) +
HD12 LEU   23  B [    -1.628     -5.207    -14.421] (conf  27/ 27) +
HD13 LEU   23  B [    -2.230     -3.875    -13.364] (conf  27/ 27) +
CD2  LEU   23  B [    -0.148     -2.118    -13.828] (conf  27/ 27) +
HD21 LEU   23  B [    -0.553     -1.642    -14.747] (conf  27/ 27) +
HD22 LEU   23  B [    -0.781     -1.817    -12.968] (conf  27/ 27) +
HD23 LEU   23  B [     0.880     -1.735    -13.671] (conf  27/ 27) +
C    LEU   23  B [     2.016     -4.470    -10.887] (conf   1/  1) +
O    LEU   23  B [     1.724     -3.836     -9.875] (conf   1/  1) +
N    LEU   24  B [     2.579     -5.694    -10.833] (conf   1/  1) +
HN   LEU   24  B [     2.816     -6.249    -11.628] (conf   1/  1) +
CA   LEU   24  B [     2.892     -6.316     -9.554] (conf   1/  1) +
HA   LEU   24  B [     1.985     -6.289     -8.966] (conf  27/ 27) +
CB   LEU   24  B [     3.384     -7.781     -9.645] (conf  27/ 27) +
HB1  LEU   24  B [     4.257     -7.839    -10.330] (conf  27/ 27) +
HB2  LEU   24  B [     3.733     -8.100     -8.636] (conf  27/ 27) +
CG   LEU   24  B [     2.311     -8.783    -10.104] (conf  27/ 27) +
HG   LEU   24  B [     2.090     -8.582    -11.177] (conf  27/ 27) +
CD1  LEU   24  B [     2.870    -10.199     -9.948] (conf  27/ 27) +
HD11 LEU   24  B [     2.121    -10.946    -10.281] (conf  27/ 27) +
HD12 LEU   24  B [     3.794    -10.322    -10.549] (conf  27/ 27) +
HD13 LEU   24  B [     3.112    -10.393     -8.880] (conf  27/ 27) +
CD2  LEU   24  B [     0.983     -8.686     -9.321] (conf  27/ 27) +
HD21 LEU   24  B [     0.262     -9.439     -9.703] (conf  27/ 27) +
HD22 LEU   24  B [     1.160     -8.884     -8.243] (conf  27/ 27) +
HD23 LEU   24  B [     0.522     -7.685     -9.432] (conf  27/ 27) +
C    LEU   24  B [     3.891     -5.504     -8.792] (conf   1/  1) +
O    LEU   24  B [     3.768     -5.321     -7.583] (conf   1/  1) +
N    LEU   25  B [     4.921     -4.989     -9.496] (conf   1/  1) +
HN   LEU   25  B [     5.069     -5.123    -10.474] (conf   1/  1) +
CA   LEU   25  B [     5.932     -4.169     -8.846] (conf   1/  1) +
HA   LEU   25  B [     6.294     -4.734     -8.000] (conf  27/ 27) +
CB   LEU   25  B [     7.136     -3.785     -9.742] (conf  27/ 27) +
HB1  LEU   25  B [     6.769     -3.291    -10.668] (conf  27/ 27) +
HB2  LEU   25  B [     7.761     -3.043     -9.196] (conf  27/ 27) +
CG   LEU   25  B [     8.044     -4.967    -10.123] (conf  27/ 27) +
HG   LEU   25  B [     7.478     -5.624    -10.822] (conf  27/ 27) +
CD1  LEU   25  B [     9.289     -4.417    -10.823] (conf  27/ 27) +
HD11 LEU   25  B [     9.961     -5.248    -11.120] (conf  27/ 27) +
HD12 LEU   25  B [     9.005     -3.841    -11.728] (conf  27/ 27) +
HD13 LEU   25  B [     9.843     -3.744    -10.133] (conf  27/ 27) +
CD2  LEU   25  B [     8.492     -5.829     -8.922] (conf  27/ 27) +
HD21 LEU   25  B [     9.145     -6.656     -9.272] (conf  27/ 27) +
HD22 LEU   25  B [     9.064     -5.211     -8.200] (conf  27/ 27) +
HD23 LEU   25  B [     7.622     -6.278     -8.402] (conf  27/ 27) +
C    LEU   25  B [     5.326     -2.926     -8.273] (conf   1/  1) +
O    LEU   25  B [     5.660     -2.516     -7.163] (conf   1/  1) +
N    LEU   26  B [     4.410     -2.290     -9.030] (conf   1/  1) +
HN   LEU   26  B [     4.121     -2.579     -9.941] (conf   1/  1) +
CA   LEU   26  B [     3.749     -1.086     -8.547] (conf   1/  1) +
HA   LEU   26  B [     4.531     -0.404     -8.245] (conf  27/ 27) +
CB   LEU   26  B [     2.844     -0.380     -9.585] (conf  27/ 27) +
HB1  LEU   26  B [     2.097     -1.101     -9.981] (conf  27/ 27) +
HB2  LEU   26  B [     2.279      0.431     -9.070] (conf  27/ 27) +
CG   LEU   26  B [     3.605      0.259    -10.759] (conf  27/ 27) +
HG   LEU   26  B [     4.021     -0.562    -11.387] (conf  27/ 27) +
CD1  LEU   26  B [     2.618      1.090    -11.583] (conf  27/ 27) +
HD11 LEU   26  B [     3.137      1.557    -12.446] (conf  27/ 27) +
HD12 LEU   26  B [     1.792      0.453    -11.960] (conf  27/ 27) +
HD13 LEU   26  B [     2.186      1.897    -10.952] (conf  27/ 27) +
CD2  LEU   26  B [     4.778      1.167    -10.330] (conf  27/ 27) +
HD21 LEU   26  B [     5.275      1.594    -11.227] (conf  27/ 27) +
HD22 LEU   26  B [     4.405      2.004     -9.703] (conf  27/ 27) +
HD23 LEU   26  B [     5.538      0.599     -9.757] (conf  27/ 27) +
C    LEU   26  B [     2.957     -1.367     -7.308] (conf   1/  1) +
O    LEU   26  B [     2.967     -0.583     -6.362] (conf   1/  1) +
N    VAL   27  B [     2.243     -2.510     -7.290] (conf   1/  1) +
HN   VAL   27  B [     2.197     -3.165     -8.040] (conf   1/  1) +
CA   VAL   27  B [     1.459     -2.880     -6.120] (conf   1/  1) +
HA   VAL   27  B [     0.804     -2.049     -5.892] (conf   6/  6) +
CB   VAL   27  B [     0.573     -4.084     -6.420] (conf   6/  6) +
HB   VAL   27  B [     1.176     -4.894     -6.890] (conf   6/  6) +
CG1  VAL   27  B [    -0.062     -4.647     -5.143] (conf   6/  6) +
HG11 VAL   27  B [    -0.713     -5.511     -5.389] (conf   6/  6) +
HG12 VAL   27  B [     0.713     -4.998     -4.430] (conf   6/  6) +
HG13 VAL   27  B [    -0.677     -3.867     -4.645] (conf   6/  6) +
CG2  VAL   27  B [    -0.524     -3.604     -7.397] (conf   6/  6) +
HG21 VAL   27  B [    -1.209     -4.440     -7.648] (conf   6/  6) +
HG22 VAL   27  B [    -1.120     -2.791     -6.931] (conf   6/  6) +
HG23 VAL   27  B [    -0.077     -3.219     -8.336] (conf   6/  6) +
C    VAL   27  B [     2.337     -3.068     -4.922] (conf   1/  1) +
O    VAL   27  B [     2.000     -2.640     -3.821] (conf   1/  1) +
N    LEU   28  B [     3.499     -3.722     -5.117] (conf   1/  1) +
HN   LEU   28  B [     3.804     -4.097     -5.990] (conf   1/  1) +
CA   LEU   28  B [     4.429     -3.934     -4.016] (conf   1/  1) +
HA   LEU   28  B [     3.865     -4.392     -3.217] (conf  27/ 27) +
CB   LEU   28  B [     5.642     -4.837     -4.352] (conf  27/ 27) +
HB1  LEU   28  B [     6.175     -4.431     -5.239] (conf  27/ 27) +
HB2  LEU   28  B [     6.354     -4.806     -3.496] (conf  27/ 27) +
CG   LEU   28  B [     5.283     -6.311     -4.605] (conf  27/ 27) +
HG   LEU   28  B [     4.722     -6.368     -5.566] (conf  27/ 27) +
CD1  LEU   28  B [     6.581     -7.114     -4.716] (conf  27/ 27) +
HD11 LEU   28  B [     6.355     -8.183     -4.909] (conf  27/ 27) +
HD12 LEU   28  B [     7.212     -6.724     -5.540] (conf  27/ 27) +
HD13 LEU   28  B [     7.152     -7.040     -3.765] (conf  27/ 27) +
CD2  LEU   28  B [     4.403     -6.943     -3.504] (conf  27/ 27) +
HD21 LEU   28  B [     4.189     -8.004     -3.753] (conf  27/ 27) +
HD22 LEU   28  B [     4.928     -6.908     -2.528] (conf  27/ 27) +
HD23 LEU   28  B [     3.434     -6.413     -3.411] (conf  27/ 27) +
C    LEU   28  B [     4.919     -2.630     -3.470] (conf   1/  1) +
O    LEU   28  B [     5.026     -2.454     -2.258] (conf   1/  1) +
N    LEU   29  B [     5.234     -1.673     -4.367] (conf   1/  1) +
HN   LEU   29  B [     5.176     -1.778     -5.357] (conf   1/  1) +
CA   LEU   29  B [     5.699     -0.364     -3.929] (conf   1/  1) +
HA   LEU   29  B [     6.524     -0.538     -3.253] (conf  27/ 27) +
CB   LEU   29  B [     6.175      0.572     -5.067] (conf  27/ 27) +
HB1  LEU   29  B [     5.369      0.679     -5.824] (conf  27/ 27) +
HB2  LEU   29  B [     6.363      1.583     -4.638] (conf  27/ 27) +
CG   LEU   29  B [     7.468      0.116     -5.764] (conf  27/ 27) +
HG   LEU   29  B [     7.238     -0.804     -6.348] (conf  27/ 27) +
CD1  LEU   29  B [     7.929      1.228     -6.709] (conf  27/ 27) +
HD11 LEU   29  B [     8.857      0.924     -7.236] (conf  27/ 27) +
HD12 LEU   29  B [     7.144      1.451     -7.461] (conf  27/ 27) +
HD13 LEU   29  B [     8.139      2.153     -6.129] (conf  27/ 27) +
CD2  LEU   29  B [     8.623     -0.217     -4.793] (conf  27/ 27) +
HD21 LEU   29  B [     9.520     -0.534     -5.366] (conf  27/ 27) +
HD22 LEU   29  B [     8.887      0.677     -4.192] (conf  27/ 27) +
HD23 LEU   29  B [     8.347     -1.044     -4.108] (conf  27/ 27) +
C    LEU   29  B [     4.652      0.333     -3.119] (conf   1/  1) +
O    LEU   29  B [     4.952      0.951     -2.100] (conf   1/  1) +
N    GLY   30  B [     3.382      0.247     -3.560] (conf   1/  1) +
HN   GLY   30  B [     3.118     -0.238     -4.393] (conf   1/  1) +
CA   GLY   30  B [     2.293      0.875     -2.826] (conf   1/  1) +
HA1  GLY   30  B [     1.376      0.676     -3.364] (conf   1/  1) +
HA2  GLY   30  B [     2.525      1.926     -2.718] (conf   1/  1) +
C    GLY   30  B [     2.162      0.288     -1.455] (conf   1/  1) +
O    GLY   30  B [     1.952      1.006     -0.480] (conf   1/  1) +
N    VAL   31  B [     2.284     -1.050     -1.351] (conf   1/  1) +
HN   VAL   31  B [     2.438     -1.668     -2.117] (conf   1/  1) +
CA   VAL   31  B [     2.194     -1.708     -0.056] (conf   1/  1) +
HA   VAL   31  B [     1.261     -1.402      0.401] (conf   6/  6) +
CB   VAL   31  B [     2.139     -3.224     -0.221] (conf   6/  6) +
HB   VAL   31  B [     2.956     -3.564     -0.895] (conf   6/  6) +
CG1  VAL   31  B [     2.304     -3.942      1.124] (conf   6/  6) +
HG11 VAL   31  B [     2.245     -5.040      0.980] (conf   6/  6) +
HG12 VAL   31  B [     3.288     -3.713      1.584] (conf   6/  6) +
HG13 VAL   31  B [     1.501     -3.631      1.826] (conf   6/  6) +
CG2  VAL   31  B [     0.764     -3.559     -0.842] (conf   6/  6) +
HG21 VAL   31  B [     0.661     -4.656     -0.980] (conf   6/  6) +
HG22 VAL   31  B [    -0.052     -3.213     -0.172] (conf   6/  6) +
HG23 VAL   31  B [     0.643     -3.066     -1.828] (conf   6/  6) +
C    VAL   31  B [     3.284     -1.247      0.859] (conf   1/  1) +
O    VAL   31  B [     3.057     -1.005      2.042] (conf   1/  1) +
N    LEU   32  B [     4.514     -1.112      0.320] (conf   1/  1) +
HN   LEU   32  B [     4.746     -1.309     -0.630] (conf   1/  1) +
CA   LEU   32  B [     5.634     -0.648      1.126] (conf   1/  1) +
HA   LEU   32  B [     5.670     -1.280      2.001] (conf  27/ 27) +
CB   LEU   32  B [     7.011     -0.697      0.418] (conf  27/ 27) +
HB1  LEU   32  B [     6.959     -0.132     -0.538] (conf  27/ 27) +
HB2  LEU   32  B [     7.759     -0.184      1.064] (conf  27/ 27) +
CG   LEU   32  B [     7.530     -2.118      0.142] (conf  27/ 27) +
HG   LEU   32  B [     6.887     -2.572     -0.646] (conf  27/ 27) +
CD1  LEU   32  B [     8.972     -2.018     -0.362] (conf  27/ 27) +
HD11 LEU   32  B [     9.373     -3.029     -0.581] (conf  27/ 27) +
HD12 LEU   32  B [     9.021     -1.403     -1.284] (conf  27/ 27) +
HD13 LEU   32  B [     9.611     -1.544      0.415] (conf  27/ 27) +
CD2  LEU   32  B [     7.501     -3.050      1.373] (conf  27/ 27) +
HD21 LEU   32  B [     7.893     -4.052      1.099] (conf  27/ 27) +
HD22 LEU   32  B [     8.134     -2.634      2.183] (conf  27/ 27) +
HD23 LEU   32  B [     6.468     -3.180      1.754] (conf  27/ 27) +
C    LEU   32  B [     5.389      0.738      1.637] (conf   1/  1) +
O    LEU   32  B [     5.677      1.044      2.792] (conf   1/  1) +
N    LEU   33  B [     4.845      1.618      0.773] (conf   1/  1) +
HN   LEU   33  B [     4.609      1.417     -0.175] (conf   1/  1) +
CA   LEU   33  B [     4.551      2.982      1.186] (conf   1/  1) +
HA   LEU   33  B [     5.461      3.379      1.613] (conf  27/ 27) +
CB   LEU   33  B [     4.082      3.921      0.048] (conf  27/ 27) +
HB1  LEU   33  B [     3.205      3.473     -0.468] (conf  27/ 27) +
HB2  LEU   33  B [     3.745      4.882      0.497] (conf  27/ 27) +
CG   LEU   33  B [     5.169      4.249     -0.990] (conf  27/ 27) +
HG   LEU   33  B [     5.379      3.323     -1.572] (conf  27/ 27) +
CD1  LEU   33  B [     4.634      5.336     -1.926] (conf  27/ 27) +
HD11 LEU   33  B [     5.393      5.588     -2.695] (conf  27/ 27) +
HD12 LEU   33  B [     3.708      4.995     -2.432] (conf  27/ 27) +
HD13 LEU   33  B [     4.403      6.254     -1.343] (conf  27/ 27) +
CD2  LEU   33  B [     6.500      4.735     -0.377] (conf  27/ 27) +
HD21 LEU   33  B [     7.230      4.956     -1.183] (conf  27/ 27) +
HD22 LEU   33  B [     6.334      5.662      0.211] (conf  27/ 27) +
HD23 LEU   33  B [     6.944      3.964      0.284] (conf  27/ 27) +
C    LEU   33  B [     3.542      3.003      2.293] (conf   1/  1) +
O    LEU   33  B [     3.672      3.763      3.250] (conf   1/  1) +
N    GLY   34  B [     2.501      2.155      2.183] (conf   1/  1) +
HN   GLY   34  B [     2.370      1.539      1.407] (conf   1/  1) +
CA   GLY   34  B [     1.481      2.087      3.221] (conf   1/  1) +
HA1  GLY   34  B [     0.754      1.345      2.920] (conf   1/  1) +
HA2  GLY   34  B [     1.074      3.080      3.354] (conf   1/  1) +
C    GLY   34  B [     2.073      1.653      4.527] (conf   1/  1) +
O    GLY   34  B [     1.741      2.192      5.580] (conf   1/  1) +
N    SER   35  B [     2.976      0.651      4.483] (conf   1/  1) +
HN   SER   35  B [     3.264      0.174      3.653] (conf   1/  1) +
CA   SER   35  B [     3.621      0.176      5.699] (conf   1/  1) +
HA   SER   35  B [     2.835     -0.068      6.401] (conf  40/ 40) +
CB   SER   35  B [     4.482     -1.097      5.499] (conf  40/ 40) +
HB1  SER   35  B [     5.184     -1.229      6.351] (conf  40/ 40) +
HB2  SER   35  B [     3.810     -1.984      5.480] (conf  40/ 40) +
OG   SER   35  B [     5.201     -1.071      4.276] (conf  40/ 40) +
HG1  SER   35  B [     5.896     -0.407      4.355] (conf  40/ 40) +
C    SER   35  B [     4.425      1.265      6.340] (conf   1/  1) +
O    SER   35  B [     4.410      1.424      7.558] (conf   1/  1) +
N    LEU   36  B [     5.156      2.044      5.520] (conf   1/  1) +
HN   LEU   36  B [     5.209      1.939      4.529] (conf   1/  1) +
CA   LEU   36  B [     5.953      3.141      6.049] (conf   1/  1) +
HA   LEU   36  B [     6.573      2.726      6.831] (conf  27/ 27) +
CB   LEU   36  B [     6.862      3.846      5.012] (conf  27/ 27) +
HB1  LEU   36  B [     6.249      4.190      4.151] (conf  27/ 27) +
HB2  LEU   36  B [     7.304      4.752      5.486] (conf  27/ 27) +
CG   LEU   36  B [     8.023      2.979      4.495] (conf  27/ 27) +
HG   LEU   36  B [     7.592      2.170      3.862] (conf  27/ 27) +
CD1  LEU   36  B [     8.947      3.859      3.650] (conf  27/ 27) +
HD11 LEU   36  B [     9.791      3.258      3.252] (conf  27/ 27) +
HD12 LEU   36  B [     8.391      4.305      2.800] (conf  27/ 27) +
HD13 LEU   36  B [     9.361      4.680      4.275] (conf  27/ 27) +
CD2  LEU   36  B [     8.858      2.313      5.611] (conf  27/ 27) +
HD21 LEU   36  B [     9.676      1.710      5.163] (conf  27/ 27) +
HD22 LEU   36  B [     9.309      3.088      6.264] (conf  27/ 27) +
HD23 LEU   36  B [     8.236      1.637      6.230] (conf  27/ 27) +
C    LEU   36  B [     5.086      4.160      6.720] (conf   1/  1) +
O    LEU   36  B [     5.424      4.672      7.785] (conf   1/  1) +
N    LEU   37  B [     3.933      4.480      6.102] (conf   1/  1) +
HN   LEU   37  B [     3.628      4.099      5.231] (conf   1/  1) +
CA   LEU   37  B [     3.013      5.445      6.689] (conf   1/  1) +
HA   LEU   37  B [     3.590      6.334      6.901] (conf  27/ 27) +
CB   LEU   37  B [     1.813      5.832      5.790] (conf  27/ 27) +
HB1  LEU   37  B [     1.268      4.914      5.480] (conf  27/ 27) +
HB2  LEU   37  B [     1.106      6.449      6.390] (conf  27/ 27) +
CG   LEU   37  B [     2.193      6.643      4.540] (conf  27/ 27) +
HG   LEU   37  B [     2.748      5.970      3.848] (conf  27/ 27) +
CD1  LEU   37  B [     0.907      7.129      3.867] (conf  27/ 27) +
HD11 LEU   37  B [     1.148      7.711      2.954] (conf  27/ 27) +
HD12 LEU   37  B [     0.264      6.269      3.588] (conf  27/ 27) +
HD13 LEU   37  B [     0.340      7.784      4.564] (conf  27/ 27) +
CD2  LEU   37  B [     3.090      7.866      4.832] (conf  27/ 27) +
HD21 LEU   37  B [     3.318      8.403      3.887] (conf  27/ 27) +
HD22 LEU   37  B [     2.570      8.567      5.518] (conf  27/ 27) +
HD23 LEU   37  B [     4.051      7.560      5.291] (conf  27/ 27) +
C    LEU   37  B [     2.506      4.965      8.013] (conf   1/  1) +
O    LEU   37  B [     2.406      5.735      8.965] (conf   1/  1) +
N    ALA   38  B [     2.172      3.664      8.102] (conf   1/  1) +
HN   ALA   38  B [     2.231      3.022      7.338] (conf   1/  1) +
CA   ALA   38  B [     1.691      3.100      9.356] (conf   1/  1) +
HA   ALA   38  B [     0.827      3.648      9.715] (conf   1/  1) +
CB   ALA   38  B [     1.247      1.633      9.152] (conf   1/  1) +
HB1  ALA   38  B [     0.440      1.590      8.390] (conf   1/  1) +
HB2  ALA   38  B [     2.092      1.007      8.791] (conf   1/  1) +
HB3  ALA   38  B [     0.855      1.189     10.092] (conf   1/  1) +
C    ALA   38  B [     2.732      3.204     10.425] (conf   1/  1) +
O    ALA   38  B [     2.430      3.534     11.570] (conf   1/  1) +
N    GLY   39  B [     4.001      2.921     10.069] (conf   1/  1) +
HN   GLY   39  B [     4.267      2.637      9.148] (conf   1/  1) +
CA   GLY   39  B [     5.086      3.015     11.037] (conf   1/  1) +
HA1  GLY   39  B [     6.002      2.742     10.532] (conf   1/  1) +
HA2  GLY   39  B [     4.837      2.383     11.879] (conf   1/  1) +
C    GLY   39  B [     5.234      4.416     11.541] (conf   1/  1) +
O    GLY   39  B [     5.439      4.640     12.731] (conf   1/  1) +
N    LEU   40  B [     5.133      5.405     10.629] (conf   1/  1) +
HN   LEU   40  B [     4.982      5.268      9.652] (conf   1/  1) +
CA   LEU   40  B [     5.241      6.802     11.028] (conf   1/  1) +
HA   LEU   40  B [     6.161      6.895     11.587] (conf  27/ 27) +
CB   LEU   40  B [     5.264      7.814      9.857] (conf  27/ 27) +
HB1  LEU   40  B [     4.371      7.661      9.213] (conf  27/ 27) +
HB2  LEU   40  B [     5.196      8.843     10.277] (conf  27/ 27) +
CG   LEU   40  B [     6.532      7.749      8.989] (conf  27/ 27) +
HG   LEU   40  B [     6.511      6.791      8.421] (conf  27/ 27) +
CD1  LEU   40  B [     6.513      8.928      8.013] (conf  27/ 27) +
HD11 LEU   40  B [     7.413      8.903      7.364] (conf  27/ 27) +
HD12 LEU   40  B [     5.607      8.892      7.374] (conf  27/ 27) +
HD13 LEU   40  B [     6.512      9.886      8.579] (conf  27/ 27) +
CD2  LEU   40  B [     7.849      7.794      9.793] (conf  27/ 27) +
HD21 LEU   40  B [     8.717      7.748      9.102] (conf  27/ 27) +
HD22 LEU   40  B [     7.911      8.739     10.373] (conf  27/ 27) +
HD23 LEU   40  B [     7.924      6.937     10.492] (conf  27/ 27) +
C    LEU   40  B [     4.148      7.173     11.982] (conf   1/  1) +
O    LEU   40  B [     4.381      7.873     12.965] (conf   1/  1) +
N    ILE   41  B [     2.915      6.705     11.706] (conf   1/  1) +
HN   ILE   41  B [     2.678      6.147     10.913] (conf   1/  1) +
CA   ILE   41  B [     1.793      6.997     12.587] (conf   1/  1) +
HA   ILE   41  B [     1.804      8.071     12.726] (conf  15/ 15) +
CB   ILE   41  B [     0.392      6.647     12.013] (conf  15/ 15) +
HB   ILE   41  B [    -0.378      6.932     12.769] (conf  15/ 15) +
CG2  ILE   41  B [     0.142      7.525     10.750] (conf  15/ 15) +
HG21 ILE   41  B [    -0.863      7.322     10.327] (conf  15/ 15) +
HG22 ILE   41  B [     0.196      8.602     11.014] (conf  15/ 15) +
HG23 ILE   41  B [     0.901      7.313      9.971] (conf  15/ 15) +
CG1  ILE   41  B [     0.219      5.125     11.769] (conf  15/ 15) +
HG11 ILE   41  B [     0.942      4.807     10.987] (conf  15/ 15) +
HG12 ILE   41  B [     0.485      4.584     12.705] (conf  15/ 15) +
CD   ILE   41  B [    -1.199      4.670     11.349] (conf  15/ 15) +
HD1  ILE   41  B [    -1.220      3.568     11.208] (conf  15/ 15) +
HD2  ILE   41  B [    -1.941      4.938     12.130] (conf  15/ 15) +
HD3  ILE   41  B [    -1.498      5.149     10.394] (conf  15/ 15) +
C    ILE   41  B [     2.020      6.425     13.953] (conf   1/  1) +
O    ILE   41  B [     1.735      7.069     14.960] (conf   1/  1) +
N    LEU   42  B [     2.545      5.186     14.013] (conf   1/  1) +
HN   LEU   42  B [     2.777      4.624     13.222] (conf   1/  1) +
CA   LEU   42  B [     2.823      4.556     15.296] (conf   1/  1) +
HA   LEU   42  B [     1.910      4.611     15.872] (conf  27/ 27) +
CB   LEU   42  B [     3.271      3.076     15.212] (conf  27/ 27) +
HB1  LEU   42  B [     4.151      2.991     14.538] (conf  27/ 27) +
HB2  LEU   42  B [     3.597      2.747     16.224] (conf  27/ 27) +
CG   LEU   42  B [     2.174      2.108     14.739] (conf  27/ 27) +
HG   LEU   42  B [     1.972      2.315     13.663] (conf  27/ 27) +
CD1  LEU   42  B [     2.687      0.675     14.902] (conf  27/ 27) +
HD11 LEU   42  B [     1.919     -0.049     14.559] (conf  27/ 27) +
HD12 LEU   42  B [     3.615      0.524     14.313] (conf  27/ 27) +
HD13 LEU   42  B [     2.909      0.474     15.973] (conf  27/ 27) +
CD2  LEU   42  B [     0.840      2.245     15.505] (conf  27/ 27) +
HD21 LEU   42  B [     0.101      1.515     15.114] (conf  27/ 27) +
HD22 LEU   42  B [     0.996      2.043     16.585] (conf  27/ 27) +
HD23 LEU   42  B [     0.411      3.260     15.388] (conf  27/ 27) +
C    LEU   42  B [     3.838      5.338     16.071] (conf   1/  1) +
O    LEU   42  B [     3.703      5.525     17.278] (conf   1/  1) +
N    ILE   43  B [     4.890      5.820     15.381] (conf   1/  1) +
HN   ILE   43  B [     5.046      5.683     14.405] (conf   1/  1) +
CA   ILE   43  B [     5.917      6.611     16.044] (conf   1/  1) +
HA   ILE   43  B [     6.221      6.030     16.905] (conf  15/ 15) +
CB   ILE   43  B [     7.205      6.859     15.210] (conf  15/ 15) +
HB   ILE   43  B [     7.915      7.456     15.829] (conf  15/ 15) +
CG2  ILE   43  B [     7.884      5.485     14.928] (conf  15/ 15) +
HG21 ILE   43  B [     8.824      5.624     14.356] (conf  15/ 15) +
HG22 ILE   43  B [     8.132      4.976     15.883] (conf  15/ 15) +
HG23 ILE   43  B [     7.209      4.829     14.342] (conf  15/ 15) +
CG1  ILE   43  B [     6.928      7.700     13.935] (conf  15/ 15) +
HG11 ILE   43  B [     6.255      7.120     13.268] (conf  15/ 15) +
HG12 ILE   43  B [     6.383      8.623     14.232] (conf  15/ 15) +
CD   ILE   43  B [     8.177      8.129     13.130] (conf  15/ 15) +
HD1  ILE   43  B [     7.875      8.729     12.246] (conf  15/ 15) +
HD2  ILE   43  B [     8.854      8.745     13.759] (conf  15/ 15) +
HD3  ILE   43  B [     8.737      7.240     12.771] (conf  15/ 15) +
C    ILE   43  B [     5.341      7.872     16.610] (conf   1/  1) +
OT1  ILE   43  B [     4.109      8.082     16.452] (conf   1/  1) +
OT2  ILE   43  B [     6.118      8.659     17.214] (conf   1/  1) +

================  ======================
Interaction Type    Energy                
================  ======================
CHARMM_IMM1                    26.855017
CHARMM_IMM1REF               -379.332314
CHARMM_VDW                    -72.178559
SCWRL4_HBOND                  -73.792844
================  ======================
Total                        -498.448699
================  ======================

Removing Hbonds from A,20
Removing Hbonds from A,43
Removing Hbonds from A,21
Removing Hbonds from A,42
Removing Hbonds from A,22
Removing Hbonds from A,41
Cycle 0 converged in 1 cycles with Energy -225.842
State 0 289,23,34,7,7,7,5,2,2,5,2,2,1,2,2,2,8,2,8
Cycle 1 converged in 2 cycles with Energy -225.842
State 1 289,23,34,7,7,7,5,2,2,5,2,2,1,2,2,2,8,2,8
Cycle 2 converged in 2 cycles with Energy -225.842
State 2 289,23,34,7,7,7,5,2,2,5,2,2,1,2,2,2,8,2,8
Cycle 0 converged in 1 cycles with Energy -229.368
State 0 289,23,34,7,7,7,5,2,2,5,2,2,1,2,2,2,8,2,8
Cycle 1 converged in 2 cycles with Energy -229.368
State 1 289,23,34,7,7,7,5,2,2,5,2,2,1,2,2,2,8,2,8
Cycle 2 converged in 2 cycles with Energy -229.368
State 2 289,23,34,7,7,7,5,2,2,5,2,2,1,2,2,2,8,2,8
Cycle 0 converged in 1 cycles with Energy -232.559
State 0 289,23,34,7,7,7,5,2,2,5,2,2,1,2,2,2,8,2,8
Cycle 1 converged in 3 cycles with Energy -232.559
State 1 289,23,34,7,7,7,5,2,2,5,2,2,1,2,2,2,8,2,8
Cycle 2 converged in 2 cycles with Energy -232.559
State 2 289,23,34,7,7,7,5,2,2,5,2,2,1,2,2,2,8,2,8
Cycle 0 converged in 3 cycles with Energy -234.983
State 0 198,23,34,7,7,34,5,2,28,5,2,2,1,2,2,2,8,2,8
Cycle 1 converged in 2 cycles with Energy -234.577
State 1 198,23,7,34,7,34,5,5,28,5,2,2,1,2,2,2,8,2,8
Cycle 2 converged in 2 cycles with Energy -234.577
State 2 198,23,7,34,7,34,5,5,28,5,2,2,1,2,2,2,8,2,8
Cycle 0 converged in 1 cycles with Energy -236.297
State 0 238,22,34,1,7,2,5,2,2,5,2,2,1,2,2,2,8,2,8
Cycle 1 converged in 2 cycles with Energy -235.913
State 1 238,22,34,34,7,2,5,5,2,5,2,2,1,2,2,2,8,2,8
Cycle 2 converged in 3 cycles with Energy -236.297
State 2 238,22,34,1,7,2,5,2,2,5,2,2,1,2,2,2,8,2,8
Cycle 0 converged in 1 cycles with Energy -236.247
State 0 238,22,34,1,28,2,5,2,2,5,2,2,1,2,2,2,8,2,8
Cycle 1 converged in 3 cycles with Energy -235.857
State 1 238,22,34,2,34,28,5,2,5,5,2,2,1,2,2,2,8,2,8
Cycle 2 converged in 2 cycles with Energy -236.247
State 2 238,22,34,1,28,2,5,2,2,5,2,2,1,2,2,2,8,2,8
Cycle 0 converged in 1 cycles with Energy -234.534
State 0 238,22,34,2,2,2,5,2,2,5,2,2,1,2,2,2,8,2,8
Cycle 1 converged in 2 cycles with Energy -233.913
State 1 238,22,34,2,1,2,5,34,2,5,5,2,1,2,2,2,8,2,8
Cycle 2 converged in 2 cycles with Energy -234.534
State 2 238,22,34,2,2,2,5,2,2,5,2,2,1,2,2,2,8,2,8
Cycle 0 converged in 1 cycles with Energy -231.132
State 0 238,22,34,2,2,2,5,2,2,5,2,2,1,2,2,2,8,2,8
Cycle 1 converged in 1 cycles with Energy -231.132
State 1 238,22,34,2,2,2,5,2,2,5,2,2,1,2,2,2,8,2,8
Cycle 2 converged in 1 cycles with Energy -231.132
State 2 238,22,34,2,2,2,5,2,2,5,2,2,1,2,2,2,8,2,8
Cycle 0 converged in 1 cycles with Energy -226.502
State 0 238,22,34,2,2,2,5,2,2,5,2,2,1,2,2,2,8,2,8
Cycle 1 converged in 2 cycles with Energy -226.502
State 1 238,22,34,2,2,2,5,2,2,5,2,2,1,2,2,2,8,2,8
Cycle 2 converged in 2 cycles with Energy -226.502
State 2 238,22,34,2,2,2,5,2,2,5,2,2,1,2,2,2,8,2,8
Cycle 0 converged in 1 cycles with Energy -221.245
State 0 238,23,34,2,2,2,5,2,2,5,2,2,1,2,2,2,8,2,8
Cycle 1 converged in 3 cycles with Energy -221.245
State 1 238,23,34,2,2,2,5,2,2,5,2,2,1,2,2,2,8,2,8
Cycle 2 converged in 2 cycles with Energy -221.245
State 2 238,23,34,2,2,2,5,2,2,5,2,2,1,2,2,2,8,2,8
Cycle 0 converged in 1 cycles with Energy -215.953
State 0 238,23,34,2,2,2,5,2,2,5,2,2,1,2,2,2,8,2,8
Cycle 1 converged in 3 cycles with Energy -215.953
State 1 238,23,34,2,2,2,5,2,2,5,2,2,1,2,2,2,8,2,8
Cycle 2 converged in 1 cycles with Energy -215.953
State 2 238,23,34,2,2,2,5,2,2,5,2,2,1,2,2,2,8,2,8
Cycle 0 converged in 1 cycles with Energy -211.305
State 0 238,23,6,2,2,2,5,2,2,5,2,2,1,2,2,2,8,2,8
Cycle 1 converged in 2 cycles with Energy -211.305
State 1 238,23,6,2,2,2,5,2,2,5,2,2,1,2,2,2,8,2,8
Cycle 2 converged in 1 cycles with Energy -211.305
State 2 238,23,6,2,2,2,5,2,2,5,2,2,1,2,2,2,8,2,8
Cycle 0 converged in 1 cycles with Energy -243.137
State 0 289,22,7,7,7,2,5,2,2,5,2,2,1,2,2,2,8,2,8
Cycle 1 converged in 2 cycles with Energy -243.137
State 1 289,22,7,7,7,2,5,2,2,5,2,2,1,2,2,2,8,2,8
Cycle 2 converged in 1 cycles with Energy -243.137
State 2 289,22,7,7,7,2,5,2,2,5,2,2,1,2,2,2,8,2,8
Cycle 0 converged in 2 cycles with Energy -232.058
State 0 238,23,7,7,7,34,5,2,2,5,2,2,1,2,2,2,8,2,8
Cycle 1 converged in 3 cycles with Energy -232.058
State 1 238,23,7,7,7,34,5,2,2,5,2,2,1,2,2,2,8,2,8
Cycle 2 converged in 2 cycles with Energy -231.652
State 2 238,23,7,34,7,34,5,5,2,5,2,2,1,2,2,2,8,2,8
Cycle 0 converged in 1 cycles with Energy -219.082
State 0 238,23,34,2,2,2,5,2,2,5,2,2,1,2,2,2,8,2,8
Cycle 1 converged in 1 cycles with Energy -219.082
State 1 238,23,34,2,2,2,5,2,2,5,2,2,1,2,2,2,8,2,8
Cycle 2 converged in 2 cycles with Energy -219.082
State 2 238,23,34,2,2,2,5,2,2,5,2,2,1,2,2,2,8,2,8
Cycle 0 converged in 2 cycles with Energy -233.305
State 0 108,9,7,34,28,2,5,5,2,5,2,2,1,2,2,2,8,2,8
Cycle 1 converged in 2 cycles with Energy -232.914
State 1 108,9,34,2,1,2,5,34,2,5,5,2,1,2,2,2,8,2,8
Cycle 2 converged in 3 cycles with Energy -233.55
State 2 108,9,34,1,2,2,5,2,2,5,2,2,1,2,2,2,8,2,8
Cycle 0 converged in 1 cycles with Energy -244.06
State 0 289,22,7,7,7,2,5,2,2,5,2,2,1,2,2,2,8,2,8
Cycle 1 converged in 2 cycles with Energy -244.06
State 1 289,22,7,7,7,2,5,2,2,5,2,2,1,2,2,2,8,2,8
Cycle 2 converged in 1 cycles with Energy -244.06
State 2 289,22,7,7,7,2,5,2,2,5,2,2,1,2,2,2,8,2,8
Cycle 0 converged in 2 cycles with Energy -222.783
State 0 238,23,34,7,7,2,5,2,2,5,2,2,1,2,2,2,8,2,8
Cycle 1 converged in 2 cycles with Energy -222.783
State 1 238,23,34,7,7,2,5,2,2,5,2,2,1,2,2,2,8,2,8
Cycle 2 converged in 2 cycles with Energy -222.783
State 2 238,23,34,7,7,2,5,2,2,5,2,2,1,2,2,2,8,2,8
Cycle 0 converged in 2 cycles with Energy -190.661
State 0 26,23,24,2,2,2,5,2,2,5,2,2,1,2,2,2,8,2,8
Cycle 1 converged in 2 cycles with Energy -190.661
State 1 26,23,24,2,2,2,5,2,2,5,2,2,1,2,2,2,8,2,8
Cycle 2 converged in 3 cycles with Energy -190.661
State 2 26,23,24,2,2,2,5,2,2,5,2,2,1,2,2,2,8,2,8
Cycle 0 converged in 1 cycles with Energy -223.173
State 0 88,9,34,2,2,2,5,2,2,5,2,2,1,2,2,2,8,2,8
Cycle 1 converged in 2 cycles with Energy -223.173
State 1 88,9,34,2,2,2,5,2,2,5,2,2,1,2,2,2,8,2,8
Cycle 2 converged in 2 cycles with Energy -223.173
State 2 88,9,34,2,2,2,5,2,2,5,2,2,1,2,2,2,8,2,8
Cycle 0 converged in 1 cycles with Energy -239.343
State 0 289,22,7,7,1,2,5,2,2,5,2,2,1,2,2,2,8,2,8
Cycle 1 converged in 2 cycles with Energy -239.343
State 1 289,22,7,7,1,2,5,2,2,5,2,2,1,2,2,2,8,2,8
Cycle 2 converged in 2 cycles with Energy -238.994
State 2 289,22,7,7,34,2,5,2,5,5,2,2,1,2,2,2,8,2,8
Cycle 0 converged in 2 cycles with Energy -207.474
State 0 238,23,34,28,7,2,5,2,2,5,2,2,1,2,2,2,8,2,8
Cycle 1 converged in 2 cycles with Energy -207.474
State 1 238,23,34,28,7,2,5,2,2,5,2,2,1,2,2,2,8,2,8
Cycle 2 converged in 2 cycles with Energy -207.474
State 2 238,23,34,28,7,2,5,2,2,5,2,2,1,2,2,2,8,2,8
Cycle 0 converged in 2 cycles with Energy -186.137
State 0 70,23,24,2,2,2,5,2,2,5,2,2,1,2,2,2,8,2,8
Cycle 1 converged in 2 cycles with Energy -186.53
State 1 226,23,1,29,2,2,5,2,2,5,2,2,1,2,2,2,8,2,8
Cycle 2 converged in 3 cycles with Energy -186.137
State 2 70,23,24,2,2,2,5,2,2,5,2,2,1,2,2,2,8,2,8
Cycle 0 converged in 2 cycles with Energy -206.31
State 0 88,9,6,2,2,2,5,2,2,5,2,2,1,2,2,2,8,2,8
Cycle 1 converged in 2 cycles with Energy -206.31
State 1 88,9,6,2,2,2,5,2,2,5,2,2,1,2,2,2,8,2,8
Cycle 2 converged in 1 cycles with Energy -206.31
State 2 88,9,6,2,2,2,5,2,2,5,2,2,1,2,2,2,8,2,8
Cycle 0 converged in 1 cycles with Energy -244.081
State 0 289,22,7,7,1,2,5,2,2,5,2,2,1,2,2,2,8,2,8
Cycle 1 converged in 1 cycles with Energy -243.698
State 1 289,22,7,7,34,2,5,2,5,5,2,2,1,2,2,2,8,2,8
Cycle 2 converged in 1 cycles with Energy -243.698
State 2 289,22,7,7,34,2,5,2,5,5,2,2,1,2,2,2,8,2,8
Cycle 0 converged in 1 cycles with Energy -244.235
State 0 289,22,7,7,7,2,5,2,2,5,2,2,1,2,2,2,8,2,8
Cycle 1 converged in 2 cycles with Energy -244.235
State 1 289,22,7,7,7,2,5,2,2,5,2,2,1,2,2,2,8,2,8
Cycle 2 converged in 2 cycles with Energy -243.64
State 2 289,22,7,34,7,2,5,5,2,5,2,2,1,2,2,2,8,2,8
Cycle 0 converged in 1 cycles with Energy -244.316
State 0 289,22,7,7,7,2,5,2,2,5,2,2,1,2,2,2,8,2,8
Cycle 1 converged in 1 cycles with Energy -243.515
State 1 289,22,7,34,7,2,5,34,2,5,5,2,1,2,2,2,8,2,8
Cycle 2 converged in 2 cycles with Energy -244.316
State 2 289,22,7,7,7,2,5,2,2,5,2,2,1,2,2,2,8,2,8
Cycle 0 converged in 1 cycles with Energy -244.366
State 0 289,22,7,7,7,2,5,2,2,5,2,2,1,2,2,2,8,2,8
Cycle 1 converged in 1 cycles with Energy -244.366
State 1 289,22,7,7,7,2,5,2,2,5,2,2,1,2,2,2,8,2,8
Cycle 2 converged in 2 cycles with Energy -243.812
State 2 289,22,7,34,7,2,5,5,2,5,2,2,1,2,2,2,8,2,8
Cycle 0 converged in 1 cycles with Energy -244.347
State 0 289,22,7,7,7,2,5,2,2,5,2,2,1,2,2,2,8,2,8
Cycle 1 converged in 3 cycles with Energy -244.347
State 1 289,22,7,7,7,2,5,2,2,5,2,2,1,2,2,2,8,2,8
Cycle 2 converged in 2 cycles with Energy -244.347
State 2 289,22,7,7,7,2,5,2,2,5,2,2,1,2,2,2,8,2,8
Cycle 0 converged in 1 cycles with Energy -244.339
State 0 289,22,7,7,7,2,5,2,2,5,2,2,1,2,2,2,8,2,8
Cycle 1 converged in 2 cycles with Energy -244.339
State 1 289,22,7,7,7,2,5,2,2,5,2,2,1,2,2,2,8,2,8
Cycle 2 converged in 2 cycles with Energy -243.804
State 2 289,22,7,34,7,2,5,5,2,5,2,2,1,2,2,2,8,2,8
Cycle 0 converged in 1 cycles with Energy -244.368
State 0 289,22,7,7,7,2,5,2,2,5,2,2,1,2,2,2,8,2,8
Cycle 1 converged in 2 cycles with Energy -243.813
State 1 289,22,7,34,7,2,5,5,2,5,2,2,1,2,2,2,8,2,8
Cycle 2 converged in 2 cycles with Energy -243.958
State 2 289,22,7,7,34,2,5,2,5,5,2,2,1,2,2,2,8,2,8
Cycle 0 converged in 1 cycles with Energy -244.368
State 0 289,22,7,7,7,2,5,2,2,5,2,2,1,2,2,2,8,2,8
Cycle 1 converged in 2 cycles with Energy -244.368
State 1 289,22,7,7,7,2,5,2,2,5,2,2,1,2,2,2,8,2,8
Cycle 2 converged in 1 cycles with Energy -243.96
State 2 289,22,7,7,34,2,5,2,5,5,2,2,1,2,2,2,8,2,8
Cycle 0 converged in 1 cycles with Energy -244.365
State 0 289,22,7,7,7,2,5,2,2,5,2,2,1,2,2,2,8,2,8
Cycle 1 converged in 2 cycles with Energy -243.957
State 1 289,22,7,7,34,2,5,2,5,5,2,2,1,2,2,2,8,2,8
Cycle 2 converged in 2 cycles with Energy -244.365
State 2 289,22,7,7,7,2,5,2,2,5,2,2,1,2,2,2,8,2,8
Cycle 0 converged in 1 cycles with Energy -244.368
State 0 289,22,7,7,7,2,5,2,2,5,2,2,1,2,2,2,8,2,8
Cycle 1 converged in 1 cycles with Energy -243.96
State 1 289,22,7,7,34,2,5,2,5,5,2,2,1,2,2,2,8,2,8
Cycle 2 converged in 1 cycles with Energy -244.368
State 2 289,22,7,7,7,2,5,2,2,5,2,2,1,2,2,2,8,2,8
Cycle 0 converged in 1 cycles with Energy -244.323
State 0 289,22,7,7,7,2,5,2,2,5,2,2,1,2,2,2,8,2,8
Cycle 1 converged in 2 cycles with Energy -244.323
State 1 289,22,7,7,7,2,5,2,2,5,2,2,1,2,2,2,8,2,8
Cycle 2 converged in 2 cycles with Energy -244.323
State 2 289,22,7,7,7,2,5,2,2,5,2,2,1,2,2,2,8,2,8
Cycle 0 converged in 1 cycles with Energy -244.366
State 0 289,22,7,7,7,2,5,2,2,5,2,2,1,2,2,2,8,2,8
Cycle 1 converged in 2 cycles with Energy -244.366
State 1 289,22,7,7,7,2,5,2,2,5,2,2,1,2,2,2,8,2,8
Cycle 2 converged in 2 cycles with Energy -244.366
State 2 289,22,7,7,7,2,5,2,2,5,2,2,1,2,2,2,8,2,8
Cycle 0 converged in 1 cycles with Energy -244.358
State 0 289,22,7,7,7,2,5,2,2,5,2,2,1,2,2,2,8,2,8
Cycle 1 converged in 3 cycles with Energy -243.954
State 1 289,22,7,7,34,2,5,2,5,5,2,2,1,2,2,2,8,2,8
Cycle 2 converged in 2 cycles with Energy -243.954
State 2 289,22,7,7,34,2,5,2,5,5,2,2,1,2,2,2,8,2,8
Cycle 0 converged in 1 cycles with Energy -244.349
State 0 289,22,7,7,7,2,5,2,2,5,2,2,1,2,2,2,8,2,8
Cycle 1 converged in 2 cycles with Energy -243.397
State 1 289,22,7,34,34,2,5,5,5,5,2,2,1,2,2,2,8,2,8
Cycle 2 converged in 1 cycles with Energy -243.946
State 2 289,22,7,7,34,2,5,2,5,5,2,2,1,2,2,2,8,2,8
Cycle 0 converged in 1 cycles with Energy -244.365
State 0 289,22,7,7,7,2,5,2,2,5,2,2,1,2,2,2,8,2,8
Cycle 1 converged in 2 cycles with Energy -243.954
State 1 289,22,7,7,34,2,5,2,5,5,2,2,1,2,2,2,8,2,8
Cycle 2 converged in 3 cycles with Energy -243.954
State 2 289,22,7,7,34,2,5,2,5,5,2,2,1,2,2,2,8,2,8
Cycle 0 converged in 1 cycles with Energy -244.355
State 0 289,22,7,7,7,2,5,2,2,5,2,2,1,2,2,2,8,2,8
Cycle 1 converged in 1 cycles with Energy -244.355
State 1 289,22,7,7,7,2,5,2,2,5,2,2,1,2,2,2,8,2,8
Cycle 2 converged in 1 cycles with Energy -244.355
State 2 289,22,7,7,7,2,5,2,2,5,2,2,1,2,2,2,8,2,8
Cycle 0 converged in 1 cycles with Energy -244.368
State 0 289,22,7,7,7,2,5,2,2,5,2,2,1,2,2,2,8,2,8
Cycle 1 converged in 1 cycles with Energy -244.368
State 1 289,22,7,7,7,2,5,2,2,5,2,2,1,2,2,2,8,2,8
Cycle 2 converged in 1 cycles with Energy -243.961
State 2 289,22,7,7,34,2,5,2,5,5,2,2,1,2,2,2,8,2,8
Cycle 0 converged in 1 cycles with Energy -244.365
State 0 289,22,7,7,7,2,5,2,2,5,2,2,1,2,2,2,8,2,8
Cycle 1 converged in 2 cycles with Energy -244.365
State 1 289,22,7,7,7,2,5,2,2,5,2,2,1,2,2,2,8,2,8
Cycle 2 converged in 2 cycles with Energy -243.958
State 2 289,22,7,7,34,2,5,2,5,5,2,2,1,2,2,2,8,2,8
Cycle 0 converged in 1 cycles with Energy -244.36
State 0 289,22,7,7,7,2,5,2,2,5,2,2,1,2,2,2,8,2,8
Cycle 1 converged in 2 cycles with Energy -243.945
State 1 289,22,7,7,34,2,5,2,5,5,2,2,1,2,2,2,8,2,8
Cycle 2 converged in 2 cycles with Energy -243.945
State 2 289,22,7,7,34,2,5,2,5,5,2,2,1,2,2,2,8,2,8
Cycle 0 converged in 1 cycles with Energy -244.349
State 0 289,22,7,7,7,2,5,2,2,5,2,2,1,2,2,2,8,2,8
Cycle 1 converged in 2 cycles with Energy -244.349
State 1 289,22,7,7,7,2,5,2,2,5,2,2,1,2,2,2,8,2,8
Cycle 2 converged in 1 cycles with Energy -244.349
State 2 289,22,7,7,7,2,5,2,2,5,2,2,1,2,2,2,8,2,8
Cycle 0 converged in 1 cycles with Energy -244.368
State 0 289,22,7,7,7,2,5,2,2,5,2,2,1,2,2,2,8,2,8
Cycle 1 converged in 2 cycles with Energy -243.816
State 1 289,22,7,34,7,2,5,5,2,5,2,2,1,2,2,2,8,2,8
Cycle 2 converged in 3 cycles with Energy -244.368
State 2 289,22,7,7,7,2,5,2,2,5,2,2,1,2,2,2,8,2,8
Cycle 0 converged in 1 cycles with Energy -244.362
State 0 289,22,7,7,7,2,5,2,2,5,2,2,1,2,2,2,8,2,8
Cycle 1 converged in 2 cycles with Energy -244.362
State 1 289,22,7,7,7,2,5,2,2,5,2,2,1,2,2,2,8,2,8
Cycle 2 converged in 2 cycles with Energy -243.817
State 2 289,22,7,34,7,2,5,5,2,5,2,2,1,2,2,2,8,2,8
Cycle 0 converged in 1 cycles with Energy -244.367
State 0 289,22,7,7,7,2,5,2,2,5,2,2,1,2,2,2,8,2,8
Cycle 1 converged in 1 cycles with Energy -243.811
State 1 289,22,7,34,7,2,5,5,2,5,2,2,1,2,2,2,8,2,8
Cycle 2 converged in 1 cycles with Energy -243.956
State 2 289,22,7,7,34,2,5,2,5,5,2,2,1,2,2,2,8,2,8
Cycle 0 converged in 1 cycles with Energy -244.363
State 0 289,22,7,7,7,2,5,2,2,5,2,2,1,2,2,2,8,2,8
Cycle 1 converged in 2 cycles with Energy -244.363
State 1 289,22,7,7,7,2,5,2,2,5,2,2,1,2,2,2,8,2,8
Cycle 2 converged in 2 cycles with Energy -244.363
State 2 289,22,7,7,7,2,5,2,2,5,2,2,1,2,2,2,8,2,8
Cycle 0 converged in 1 cycles with Energy -244.362
State 0 289,22,7,7,7,2,5,2,2,5,2,2,1,2,2,2,8,2,8
Cycle 1 converged in 2 cycles with Energy -244.362
State 1 289,22,7,7,7,2,5,2,2,5,2,2,1,2,2,2,8,2,8
Cycle 2 converged in 2 cycles with Energy -244.362
State 2 289,22,7,7,7,2,5,2,2,5,2,2,1,2,2,2,8,2,8
Cycle 0 converged in 1 cycles with Energy -244.368
State 0 289,22,7,7,7,2,5,2,2,5,2,2,1,2,2,2,8,2,8
Cycle 1 converged in 1 cycles with Energy -243.813
State 1 289,22,7,34,7,2,5,5,2,5,2,2,1,2,2,2,8,2,8
Cycle 2 converged in 3 cycles with Energy -244.368
State 2 289,22,7,7,7,2,5,2,2,5,2,2,1,2,2,2,8,2,8
Cycle 0 converged in 1 cycles with Energy -244.347
State 0 289,22,7,7,7,2,5,2,2,5,2,2,1,2,2,2,8,2,8
Cycle 1 converged in 3 cycles with Energy -244.347
State 1 289,22,7,7,7,2,5,2,2,5,2,2,1,2,2,2,8,2,8
Cycle 2 converged in 2 cycles with Energy -243.933
State 2 289,22,7,7,34,2,5,2,5,5,2,2,1,2,2,2,8,2,8
Cycle 0 converged in 1 cycles with Energy -244.364
State 0 289,22,7,7,7,2,5,2,2,5,2,2,1,2,2,2,8,2,8
Cycle 1 converged in 1 cycles with Energy -243.959
State 1 289,22,7,7,34,2,5,2,5,5,2,2,1,2,2,2,8,2,8
Cycle 2 converged in 2 cycles with Energy -243.959
State 2 289,22,7,7,34,2,5,2,5,5,2,2,1,2,2,2,8,2,8
Cycle 0 converged in 1 cycles with Energy -244.368
State 0 289,22,7,7,7,2,5,2,2,5,2,2,1,2,2,2,8,2,8
Cycle 1 converged in 2 cycles with Energy -243.959
State 1 289,22,7,7,34,2,5,2,5,5,2,2,1,2,2,2,8,2,8
Cycle 2 converged in 2 cycles with Energy -244.368
State 2 289,22,7,7,7,2,5,2,2,5,2,2,1,2,2,2,8,2,8
Cycle 0 converged in 1 cycles with Energy -244.355
State 0 289,22,7,7,7,2,5,2,2,5,2,2,1,2,2,2,8,2,8
Cycle 1 converged in 2 cycles with Energy -243.938
State 1 289,22,7,7,34,2,5,2,5,5,2,2,1,2,2,2,8,2,8
Cycle 2 converged in 2 cycles with Energy -243.787
State 2 289,22,7,34,7,2,5,5,2,5,2,2,1,2,2,2,8,2,8
Cycle 0 converged in 1 cycles with Energy -244.367
State 0 289,22,7,7,7,2,5,2,2,5,2,2,1,2,2,2,8,2,8
Cycle 1 converged in 2 cycles with Energy -244.367
State 1 289,22,7,7,7,2,5,2,2,5,2,2,1,2,2,2,8,2,8
Cycle 2 converged in 2 cycles with Energy -243.958
State 2 289,22,7,7,34,2,5,2,5,5,2,2,1,2,2,2,8,2,8
Cycle 0 converged in 1 cycles with Energy -244.364
State 0 289,22,7,7,7,2,5,2,2,5,2,2,1,2,2,2,8,2,8
Cycle 1 converged in 2 cycles with Energy -244.364
State 1 289,22,7,7,7,2,5,2,2,5,2,2,1,2,2,2,8,2,8
Cycle 2 converged in 2 cycles with Energy -244.364
State 2 289,22,7,7,7,2,5,2,2,5,2,2,1,2,2,2,8,2,8
Monomer Energy: -488.728
Dimer-Monomer: -9.72108
xShift: 7.307 energy: -11.2153
xShift: 7.207 energy: -12.9285
xShift: 7.107 energy: -14.7291
xShift: 7.007 energy: -16.1171
xShift: 6.907 energy: -18.9434
xShift: 6.807 energy: -22.2665
xShift: 6.707 energy: -25.1353
xShift: 6.607 energy: -25.4146
xShift: 6.507 energy: -26.1708
xShift: 6.407 energy: -26.449
Best Energy at x shift: -26.449 at 6.407
Starting Geometry
xShift: 6.407 crossingAngle: -47.141 axialRotation: -87.908 zShift: 5.643

Current Best Energy: -26.449
==============================================
 Performing Local Monte Carlo Backbone Repack 
==============================================
MCAccept 0 xShift: 6.407 crossingAngle: -47.141 axialRotation: -87.908 zShift: 5.617 energy: -29.030
MCAccept 1 xShift: 6.400 crossingAngle: -47.141 axialRotation: -87.908 zShift: 5.617 energy: -29.004
MCAccept 2 xShift: 6.404 crossingAngle: -47.141 axialRotation: -87.908 zShift: 5.617 energy: -29.030
MCReject   xShift: 6.404 crossingAngle: -47.146 axialRotation: -87.908 zShift: 5.617 energy: -26.933
MCAccept 3 xShift: 6.404 crossingAngle: -47.141 axialRotation: -87.912 zShift: 5.617 energy: -29.030
MCAccept 4 xShift: 6.404 crossingAngle: -47.141 axialRotation: -87.912 zShift: 5.617 energy: -29.004
MCAccept 5 xShift: 6.404 crossingAngle: -47.142 axialRotation: -87.912 zShift: 5.617 energy: -29.004
MCAccept 6 xShift: 6.404 crossingAngle: -47.142 axialRotation: -87.912 zShift: 5.617 energy: -29.004
MCAccept 7 xShift: 6.404 crossingAngle: -47.142 axialRotation: -87.912 zShift: 5.617 energy: -29.030
MCAccept 8 xShift: 6.404 crossingAngle: -47.142 axialRotation: -87.912 zShift: 5.617 energy: -29.030
MCReject   xShift: 6.404 crossingAngle: -47.142 axialRotation: -87.912 zShift: 5.617 energy: -29.003
MCAccept 9 xShift: 6.404 crossingAngle: -47.142 axialRotation: -87.912 zShift: 5.617 energy: -29.030
Best: ================  ======================
Interaction Type    Energy                
================  ======================
CHARMM_IMM1                    27.332583
CHARMM_IMM1REF               -379.552339
CHARMM_VDW                    -83.766990
SCWRL4_HBOND                  -81.770402
================  ======================
Total                        -517.757148
================  ======================

Test: ================  ======================
Interaction Type    Energy                
================  ======================
CHARMM_IMM1                    27.358967
CHARMM_IMM1REF               -379.552339
CHARMM_VDW                    -83.766990
SCWRL4_HBOND                  -81.770402
================  ======================
Total                        -517.730765
================  ======================

CHARMM_IMM1: 27.359
CHARMM_IMM1REF: -379.552
CHARMM_VDW: -83.767
SCWRL4_HBOND: -81.770
RASLLLLVLLGVLLGSLLAGLILI,-29.003,-517.757,-517.731,-488.728,4184.140,-83.767,-46.626,-81.770,-72.510,27.333,37.519,-379.552,-407.115,7.407,6.404,-47.141,-47.142,-87.908,-87.912,5.643,5.617
Monte Carlo repack complete. Time: 154.000 seconds

Total Time: 9 minutes
9 axialRotation: -87.592 zShift: 5.615 energy: -29.078
MCAccept 22 xShift: 6.411 crossingAngle: -47.519 axialRotation: -87.577 zShift: 5.615 energy: -29.078
MCAccept 23 xShift: 6.411 crossingAngle: -47.519 axialRotation: -87.550 zShift: 5.615 energy: -29.078
MCAccept 24 xShift: 6.410 crossingAngle: -47.519 axialRotation: -87.550 zShift: 5.615 energy: -29.078
MCReject   xShift: 6.410 crossingAngle: -47.519 axialRotation: -87.550 zShift: 5.615 energy: -26.984
MCAccept 25 xShift: 6.410 crossingAngle: -47.519 axialRotation: -87.550 zShift: 5.617 energy: -29.040
MCReject   xShift: 6.410 crossingAngle: -47.516 axialRotation: -87.550 zShift: 5.617 energy: -26.969
MCReject   xShift: 6.410 crossingAngle: -47.519 axialRotation: -87.550 zShift: 5.616 energy: -26.974
MCAccept 26 xShift: 6.410 crossingAngle: -47.519 axialRotation: -87.550 zShift: 5.616 energy: -29.072
MCAccept 27 xShift: 6.411 crossingAngle: -47.519 axialRotation: -87.550 zShift: 5.616 energy: -29.072
MCAccept 28 xShift: 6.411 crossingAngle: -47.519 axialRotation: -87.550 zShift: 5.616 energy: -29.072
MCAccept 29 xShift: 6.411 crossingAngle: -47.527 axialRotation: -87.550 zShift: 5.616 energy: -29.072
MCReject   xShift: 6.412 crossingAngle: -47.527 axialRotation: -87.550 zShift: 5.616 energy: -26.974
MCAccept 30 xShift: 6.411 crossingAngle: -47.527 axialRotation: -87.550 zShift: 5.615 energy: -29.056
MCReject   xShift: 6.412 crossingAngle: -47.527 axialRotation: -87.550 zShift: 5.615 energy: -26.958
MCAccept 31 xShift: 6.411 crossingAngle: -47.527 axialRotation: -87.550 zShift: 5.615 energy: -29.079
MCAccept 32 xShift: 6.411 crossingAngle: -47.524 axialRotation: -87.550 zShift: 5.615 energy: -29.079
MCAccept 33 xShift: 6.411 crossingAngle: -47.524 axialRotation: -87.550 zShift: 5.615 energy: -29.082
MCAccept 34 xShift: 6.411 crossingAngle: -47.524 axialRotation: -87.550 zShift: 5.615 energy: -29.055
MCAccept 35 xShift: 6.411 crossingAngle: -47.524 axialRotation: -87.550 zShift: 5.615 energy: -29.055
MCAccept 36 xShift: 6.412 crossingAngle: -47.524 axialRotation: -87.550 zShift: 5.615 energy: -29.082
MCAccept 37 xShift: 6.412 crossingAngle: -47.524 axialRotation: -87.555 zShift: 5.615 energy: -29.055
MCAccept 38 xShift: 6.412 crossingAngle: -47.524 axialRotation: -87.558 zShift: 5.615 energy: -29.055
MCAccept 39 xShift: 6.412 crossingAngle: -47.520 axialRotation: -87.558 zShift: 5.615 energy: -29.082
MCReject   xShift: 6.413 crossingAngle: -47.520 axialRotation: -87.558 zShift: 5.615 energy: -29.055
MCReject   xShift: 6.412 crossingAngle: -47.520 axialRotation: -87.558 zShift: 5.615 energy: -26.980
MCReject   xShift: 6.412 crossingAngle: -47.520 axialRotation: -87.558 zShift: 5.615 energy: -29.055
MCAccept 40 xShift: 6.413 crossingAngle: -47.520 axialRotation: -87.558 zShift: 5.615 energy: -29.082
MCReject   xShift: 6.413 crossingAngle: -47.520 axialRotation: -87.558 zShift: 5.616 energy: -26.952
MCAccept 41 xShift: 6.413 crossingAngle: -47.519 axialRotation: -87.558 zShift: 5.615 energy: -29.082
MCAccept 42 xShift: 6.413 crossingAngle: -47.518 axialRotation: -87.558 zShift: 5.615 energy: -29.082
MCReject   xShift: 6.413 crossingAngle: -47.518 axialRotation: -87.558 zShift: 5.615 energy: -26.983
MCAccept 43 xShift: 6.413 crossingAngle: -47.518 axialRotation: -87.558 zShift: 5.615 energy: -29.082
MCReject   xShift: 6.413 crossingAngle: -47.518 axialRotation: -87.562 zShift: 5.615 energy: -26.983
MCAccept 44 xShift: 6.413 crossingAngle: -47.518 axialRotation: -87.561 zShift: 5.615 energy: -29.082
MCAccept 45 xShift: 6.413 crossingAngle: -47.518 axialRotation: -87.564 zShift: 5.615 energy: -29.082
MCReject   xShift: 6.413 crossingAngle: -47.518 axialRotation: -87.564 zShift: 5.615 energy: -29.053
MCAccept 46 xShift: 6.413 crossingAngle: -47.526 axialRotation: -87.564 zShift: 5.615 energy: -29.082
MCReject   xShift: 6.413 crossingAngle: -47.526 axialRotation: -87.568 zShift: 5.615 energy: -26.956
MCAccept 47 xShift: 6.413 crossingAngle: -47.526 axialRotation: -87.567 zShift: 5.615 energy: -29.082
MCReject   xShift: 6.413 crossingAngle: -47.526 axialRotation: -87.567 zShift: 5.615 energy: -29.053
MCAccept 48 xShift: 6.412 crossingAngle: -47.526 axialRotation: -87.567 zShift: 5.615 energy: -29.082
MCAccept 49 xShift: 6.412 crossingAngle: -47.526 axialRotation: -87.560 zShift: 5.615 energy: -29.082
MCAccept 50 xShift: 6.412 crossingAngle: -47.527 axialRotation: -87.560 zShift: 5.615 energy: -29.082
MCAccept 51 xShift: 6.412 crossingAngle: -47.526 axialRotation: -87.560 zShift: 5.615 energy: -29.082
MCAccept 52 xShift: 6.412 crossingAngle: -47.526 axialRotation: -87.560 zShift: 5.615 energy: -29.083
MCAccept 53 xShift: 6.412 crossingAngle: -47.526 axialRotation: -87.560 zShift: 5.615 energy: -29.084
MCReject   xShift: 6.412 crossingAngle: -47.526 axialRotation: -87.560 zShift: 5.615 energy: -26.985
MCAccept 54 xShift: 6.412 crossingAngle: -47.526 axialRotation: -87.560 zShift: 5.615 energy: -29.084
MCAccept 55 xShift: 6.412 crossingAngle: -47.526 axialRotation: -87.560 zShift: 5.615 energy: -29.058
MCAccept 56 xShift: 6.412 crossingAngle: -47.528 axialRotation: -87.560 zShift: 5.615 energy: -29.058
MCReject   xShift: 6.412 crossingAngle: -47.529 axialRotation: -87.560 zShift: 5.615 energy: -26.985
MCReject   xShift: 6.412 crossingAngle: -47.528 axialRotation: -87.560 zShift: 5.615 energy: -26.985
MCAccept 57 xShift: 6.412 crossingAngle: -47.528 axialRotation: -87.558 zShift: 5.615 energy: -29.084
MCReject   xShift: 6.412 crossingAngle: -47.528 axialRotation: -87.558 zShift: 5.615 energy: -26.985
MCReject   xShift: 6.412 crossingAngle: -47.528 axialRotation: -87.558 zShift: 5.615 energy: -29.058
MCReject   xShift: 6.412 crossingAngle: -47.528 axialRotation: -87.558 zShift: 5.615 energy: -29.058
MCAccept 58 xShift: 6.412 crossingAngle: -47.528 axialRotation: -87.557 zShift: 5.615 energy: -29.084
MCReject   xShift: 6.412 crossingAngle: -47.528 axialRotation: -87.557 zShift: 5.615 energy: -29.058
MCReject   xShift: 6.412 crossingAngle: -47.528 axialRotation: -87.557 zShift: 5.615 energy: -29.058
MCAccept 59 xShift: 6.412 crossingAngle: -47.528 axialRotation: -87.557 zShift: 5.615 energy: -29.084
MCAccept 60 xShift: 6.412 crossingAngle: -47.526 axialRotation: -87.557 zShift: 5.615 energy: -29.058
MCAccept 61 xShift: 6.412 crossingAngle: -47.526 axialRotation: -87.557 zShift: 5.615 energy: -29.084
MCAccept 62 xShift: 6.412 crossingAngle: -47.526 axialRotation: -87.556 zShift: 5.615 energy: -29.084
MCAccept 63 xShift: 6.412 crossingAngle: -47.527 axialRotation: -87.556 zShift: 5.615 energy: -29.084
MCAccept 64 xShift: 6.412 crossingAngle: -47.527 axialRotation: -87.556 zShift: 5.615 energy: -29.084
MCReject   xShift: 6.412 crossingAngle: -47.527 axialRotation: -87.556 zShift: 5.615 energy: -26.959
MCAccept 65 xShift: 6.412 crossingAngle: -47.528 axialRotation: -87.556 zShift: 5.615 energy: -29.084
MCAccept 66 xShift: 6.412 crossingAngle: -47.528 axialRotation: -87.556 zShift: 5.615 energy: -29.084
MCAccept 67 xShift: 6.412 crossingAngle: -47.528 axialRotation: -87.556 zShift: 5.615 energy: -29.084
MCAccept 68 xShift: 6.412 crossingAngle: -47.528 axialRotation: -87.556 zShift: 5.615 energy: -29.084
MCAccept 69 xShift: 6.412 crossingAngle: -47.528 axialRotation: -87.556 zShift: 5.615 energy: -29.084
MCReject   xShift: 6.412 crossingAngle: -47.526 axialRotation: -87.556 zShift: 5.615 energy: -29.058
MCReject   xShift: 6.412 crossingAngle: -47.528 axialRotation: -87.556 zShift: 5.615 energy: -26.959
MCAccept 70 xShift: 6.412 crossingAngle: -47.528 axialRotation: -87.556 zShift: 5.615 energy: -29.084
MCReject   xShift: 6.412 crossingAngle: -47.528 axialRotation: -87.556 zShift: 5.615 energy: -29.058
MCReject   xShift: 6.412 crossingAngle: -47.528 axialRotation: -87.555 zShift: 5.615 energy: -29.058
MCAccept 71 xShift: 6.412 crossingAngle: -47.528 axialRotation: -87.557 zShift: 5.615 energy: -29.084
MCReject   xShift: 6.412 crossingAngle: -47.528 axialRotation: -87.557 zShift: 5.615 energy: -29.058
MCAccept 72 xShift: 6.412 crossingAngle: -47.528 axialRotation: -87.557 zShift: 5.615 energy: -29.084
MCAccept 73 xShift: 6.412 crossingAngle: -47.528 axialRotation: -87.557 zShift: 5.615 energy: -29.084
MCReject   xShift: 6.412 crossingAngle: -47.528 axialRotation: -87.557 zShift: 5.615 energy: -29.057
MCAccept 74 xShift: 6.412 crossingAngle: -47.528 axialRotation: -87.557 zShift: 5.615 energy: -29.084
MCReject   xShift: 6.412 crossingAngle: -47.528 axialRotation: -87.557 zShift: 5.615 energy: -29.057
MCReject   xShift: 6.412 crossingAngle: -47.528 axialRotation: -87.557 zShift: 5.615 energy: -26.985
MCAccept 75 xShift: 6.412 crossingAngle: -47.528 axialRotation: -87.557 zShift: 5.615 energy: -29.084
MCReject   xShift: 6.412 crossingAngle: -47.528 axialRotation: -87.557 zShift: 5.615 energy: -29.057
MCReject   xShift: 6.412 crossingAngle: -47.528 axialRotation: -87.557 zShift: 5.615 energy: -29.057
MCAccept 76 xShift: 6.412 crossingAngle: -47.528 axialRotation: -87.557 zShift: 5.615 energy: -29.084
MCAccept 77 xShift: 6.412 crossingAngle: -47.528 axialRotation: -87.557 zShift: 5.615 energy: -29.084
MCReject   xShift: 6.412 crossingAngle: -47.528 axialRotation: -87.557 zShift: 5.615 energy: -29.057
MCReject   xShift: 6.412 crossingAngle: -47.528 axialRotation: -87.557 zShift: 5.615 energy: -26.959
MCReject   xShift: 6.412 crossingAngle: -47.528 axialRotation: -87.557 zShift: 5.615 energy: -29.057
MCAccept 78 xShift: 6.412 crossingAngle: -47.528 axialRotation: -87.557 zShift: 5.615 energy: -29.084
MCAccept 79 xShift: 6.412 crossingAngle: -47.528 axialRotation: -87.557 zShift: 5.615 energy: -29.084
MCAccept 80 xShift: 6.412 crossingAngle: -47.528 axialRotation: -87.557 zShift: 5.615 energy: -29.084
MCReject   xShift: 6.412 crossingAngle: -47.528 axialRotation: -87.557 zShift: 5.615 energy: -26.959
MCReject   xShift: 6.412 crossingAngle: -47.528 axialRotation: -87.557 zShift: 5.615 energy: -26.985
MCAccept 81 xShift: 6.412 crossingAngle: -47.528 axialRotation: -87.557 zShift: 5.615 energy: -29.084
MCAccept 82 xShift: 6.412 crossingAngle: -47.528 axialRotation: -87.558 zShift: 5.615 energy: -29.084
MCAccept 83 xShift: 6.412 crossingAngle: -47.528 axialRotation: -87.558 zShift: 5.615 energy: -29.084
MCAccept 84 xShift: 6.412 crossingAngle: -47.528 axialRotation: -87.558 zShift: 5.615 energy: -29.084
MCReject   xShift: 6.412 crossingAngle: -47.528 axialRotation: -87.558 zShift: 5.615 energy: -29.057
MCReject   xShift: 6.412 crossingAngle: -47.528 axialRotation: -87.558 zShift: 5.615 energy: -29.057
MCAccept 85 xShift: 6.412 crossingAngle: -47.528 axialRotation: -87.558 zShift: 5.615 energy: -29.084
MCAccept 86 xShift: 6.412 crossingAngle: -47.528 axialRotation: -87.558 zShift: 5.615 energy: -29.084
MCReject   xShift: 6.412 crossingAngle: -47.528 axialRotation: -87.558 zShift: 5.615 energy: -29.057
MCReject   xShift: 6.412 crossingAngle: -47.528 axialRotation: -87.558 zShift: 5.615 energy: -29.057
MCAccept 87 xShift: 6.412 crossingAngle: -47.528 axialRotation: -87.558 zShift: 5.615 energy: -29.084
MCAccept 88 xShift: 6.412 crossingAngle: -47.528 axialRotation: -87.558 zShift: 5.615 energy: -29.084
MCReject   xShift: 6.412 crossingAngle: -47.528 axialRotation: -87.557 zShift: 5.615 energy: -26.985
MCAccept 89 xShift: 6.412 crossingAngle: -47.528 axialRotation: -87.558 zShift: 5.615 energy: -29.084
MCReject   xShift: 6.412 crossingAngle: -47.528 axialRotation: -87.558 zShift: 5.615 energy: -29.057
MCReject   xShift: 6.412 crossingAngle: -47.528 axialRotation: -87.558 zShift: 5.615 energy: -26.985
MCAccept 90 xShift: 6.412 crossingAngle: -47.528 axialRotation: -87.558 zShift: 5.615 energy: -29.084
MCReject   xShift: 6.412 crossingAngle: -47.528 axialRotation: -87.558 zShift: 5.615 energy: -29.057
MCReject   xShift: 6.412 crossingAngle: -47.528 axialRotation: -87.558 zShift: 5.615 energy: -26.959
MCAccept 91 xShift: 6.412 crossingAngle: -47.528 axialRotation: -87.558 zShift: 5.615 energy: -29.084
MCReject   xShift: 6.412 crossingAngle: -47.528 axialRotation: -87.558 zShift: 5.615 energy: -29.057
MCReject   xShift: 6.412 crossingAngle: -47.528 axialRotation: -87.558 zShift: 5.615 energy: -29.057
MCReject   xShift: 6.412 crossingAngle: -47.528 axialRotation: -87.558 zShift: 5.615 energy: -26.959
MCAccept 92 xShift: 6.412 crossingAngle: -47.528 axialRotation: -87.557 zShift: 5.615 energy: -29.084
MCReject   xShift: 6.412 crossingAngle: -47.528 axialRotation: -87.557 zShift: 5.615 energy: -29.057
MCAccept 93 xShift: 6.412 crossingAngle: -47.528 axialRotation: -87.557 zShift: 5.615 energy: -29.084
MCAccept 94 xShift: 6.412 crossingAngle: -47.528 axialRotation: -87.557 zShift: 5.615 energy: -29.084
MCReject   xShift: 6.412 crossingAngle: -47.528 axialRotation: -87.557 zShift: 5.615 energy: -26.985
MCReject   xShift: 6.412 crossingAngle: -47.528 axialRotation: -87.557 zShift: 5.615 energy: -29.057
MCAccept 95 xShift: 6.412 crossingAngle: -47.528 axialRotation: -87.557 zShift: 5.615 energy: -29.084
Best: ================  ======================
Interaction Type    Energy                
================  ======================
CHARMM_IMM1                    27.335396
CHARMM_IMM1REF               -379.558103
CHARMM_VDW                    -83.786359
SCWRL4_HBOND                  -81.764152
================  ======================
Total                        -517.773217
================  =========MCAccept 99 xShTest: ================  ======================
Interaction Type    Energy                
================  ======================
CHARMM_IMM1                    27.335396
CHARMM_IMM1REF               -379.558103
CHARMM_VDW                    -83.786359
SCWRL4_HBOND                  -81.764152
================  ======================
Total                        -517.773217
================  ======================

CHARMM_IMM1: 27.335
CHARMM_IMM1REF: -379.558
CHARMM_VDW: -83.786
SCWRL4_HBOND: -81.764
Test: ================  ======================
Interaction Type    Energy                
================  ======================
CHARMM_IMM1                    27.374319
CHARMM_IMM1REF               -379.583028
CHARMM_VDW                    -83.866245
SCWRL4_HBOND                  -81.736863
================  ======================
Total                        -517.811818
================  ======================

CHARMM_IMM1: 27.374
CHARMM_IMM1REF: -379.583
CHARMM_VDW: -83.866
SCWRL4_HBOND: -81.737
RASLLLLVLLGVLLGSLLAGLILI,-29.086,-517.838,-517.812,-488.726,4183.966,-83.866,-46.626,-81.737,-72.510,27.348,37.367,-379.583,-406.965,7.407,6.447,-47.141,-47.447,-87.908,-87.923,5.643,5.605
Monte Carlo repack complete. Time: 2880.000 seconds

Total Time: 55 minutes
