Removing Hbonds from A,24
Removing Hbonds from A,47
Removing Hbonds from A,25
Removing Hbonds from A,46
Removing Hbonds from A,26
Removing Hbonds from A,45
Removing Hbonds from B,24
Removing Hbonds from B,47
Removing Hbonds from B,25
Removing Hbonds from B,46
Removing Hbonds from B,26
Removing Hbonds from B,45
***STARTING GEOMETRY:***
xShift:        7.491
crossingAngle: -45
axialRotation: -44.676
zShift:        0.844
N    ARG   24  A [    -2.214      6.362    -16.910] (conf   1/  1) +
CA   ARG   24  A [    -1.701      6.934    -15.673] (conf   1/  1) +
HA   ARG   24  A [    -0.844      6.350    -15.362] (conf 246/246) +
HT1  ARG   24  A [    -1.481      6.412    -17.646] (conf   1/  1) +
HT2  ARG   24  A [    -3.051      6.896    -17.219] (conf   1/  1) +
HT3  ARG   24  A [    -2.477      5.369    -16.751] (conf   1/  1) +
CB   ARG   24  A [    -1.275      8.402    -15.888] (conf 246/246) +
HB1  ARG   24  A [    -2.087      8.934    -16.428] (conf 246/246) +
HB2  ARG   24  A [    -1.165      8.888    -14.892] (conf 246/246) +
CG   ARG   24  A [     0.050      8.590    -16.650] (conf 246/246) +
HG1  ARG   24  A [     0.854      8.036    -16.120] (conf 246/246) +
HG2  ARG   24  A [    -0.035      8.169    -17.674] (conf 246/246) +
CD   ARG   24  A [     0.400     10.087    -16.728] (conf 246/246) +
HD1  ARG   24  A [    -0.254     10.585    -17.476] (conf 246/246) +
HD2  ARG   24  A [     0.192     10.567    -15.748] (conf 246/246) +
NE   ARG   24  A [     1.822     10.308    -17.126] (conf 246/246) +
HE   ARG   24  A [     2.072     10.227    -18.085] (conf 246/246) +
CZ   ARG   24  A [     2.791     10.645    -16.252] (conf 246/246) +
NH1  ARG   24  A [     2.529     10.781    -14.948] (conf 246/246) +
HH11 ARG   24  A [     3.255     11.024    -14.317] (conf 246/246) +
HH12 ARG   24  A [     1.606     10.617    -14.627] (conf 246/246) +
NH2  ARG   24  A [     4.041     10.846    -16.685] (conf 246/246) +
HH21 ARG   24  A [     4.751     11.088    -16.034] (conf 246/246) +
HH22 ARG   24  A [     4.251     10.748    -17.650] (conf 246/246) +
C    ARG   24  A [    -2.731      6.879    -14.589] (conf   1/  1) +
O    ARG   24  A [    -2.425      6.562    -13.442] (conf   1/  1) +
N    ALA   25  A [    -3.997      7.193    -14.935] (conf   1/  1) +
HN   ALA   25  A [    -4.270      7.467    -15.857] (conf   1/  1) +
CA   ALA   25  A [    -5.071      7.147    -13.954] (conf   1/  1) +
HA   ALA   25  A [    -4.836      7.774    -13.101] (conf   1/  1) +
CB   ALA   25  A [    -6.385      7.684    -14.567] (conf   1/  1) +
HB1  ALA   25  A [    -6.236      8.730    -14.909] (conf   1/  1) +
HB2  ALA   25  A [    -6.691      7.077    -15.447] (conf   1/  1) +
HB3  ALA   25  A [    -7.214      7.679    -13.827] (conf   1/  1) +
C    ALA   25  A [    -5.252      5.760    -13.421] (conf   1/  1) +
O    ALA   25  A [    -5.449      5.565    -12.224] (conf   1/  1) +
N    SER   26  A [    -5.191      4.753    -14.315] (conf   1/  1) +
HN   SER   26  A [    -5.049      4.865    -15.298] (conf   1/  1) +
CA   SER   26  A [    -5.334      3.368    -13.888] (conf   1/  1) +
HA   SER   26  A [    -6.255      3.303    -13.325] (conf  40/ 40) +
CB   SER   26  A [    -5.428      2.355    -15.058] (conf  40/ 40) +
HB1  SER   26  A [    -5.219      1.324    -14.697] (conf  40/ 40) +
HB2  SER   26  A [    -6.467      2.365    -15.456] (conf  40/ 40) +
OG   SER   26  A [    -4.551      2.685    -16.124] (conf  40/ 40) +
HG1  SER   26  A [    -3.649      2.518    -15.827] (conf  40/ 40) +
C    SER   26  A [    -4.241      2.982    -12.941] (conf   1/  1) +
O    SER   26  A [    -4.481      2.307    -11.942] (conf   1/  1) +
N    LEU   27  A [    -2.998      3.409    -13.240] (conf   1/  1) +
HN   LEU   27  A [    -2.756      3.946    -14.046] (conf   1/  1) +
CA   LEU   27  A [    -1.875      3.102    -12.367] (conf   1/  1) +
HA   LEU   27  A [    -1.884      2.032    -12.215] (conf  27/ 27) +
CB   LEU   27  A [    -0.489      3.516    -12.919] (conf  27/ 27) +
HB1  LEU   27  A [    -0.497      4.598    -13.176] (conf  27/ 27) +
HB2  LEU   27  A [     0.270      3.374    -12.115] (conf  27/ 27) +
CG   LEU   27  A [    -0.026      2.707    -14.142] (conf  27/ 27) +
HG   LEU   27  A [    -0.674      2.987    -15.005] (conf  27/ 27) +
CD1  LEU   27  A [     1.428      3.076    -14.447] (conf  27/ 27) +
HD11 LEU   27  A [     1.788      2.514    -15.334] (conf  27/ 27) +
HD12 LEU   27  A [     1.521      4.163    -14.646] (conf  27/ 27) +
HD13 LEU   27  A [     2.072      2.816    -13.579] (conf  27/ 27) +
CD2  LEU   27  A [    -0.120      1.176    -13.958] (conf  27/ 27) +
HD21 LEU   27  A [     0.233      0.662    -14.876] (conf  27/ 27) +
HD22 LEU   27  A [     0.516      0.854    -13.107] (conf  27/ 27) +
HD23 LEU   27  A [    -1.164      0.857    -13.768] (conf  27/ 27) +
C    LEU   27  A [    -2.068      3.704    -11.010] (conf   1/  1) +
O    LEU   27  A [    -1.789      3.072     -9.995] (conf   1/  1) +
N    LEU   28  A [    -2.557      4.959    -10.967] (conf   1/  1) +
HN   LEU   28  A [    -2.782      5.513    -11.766] (conf   1/  1) +
CA   LEU   28  A [    -2.800      5.621     -9.692] (conf   1/  1) +
HA   LEU   28  A [    -1.883      5.552     -9.126] (conf  27/ 27) +
CB   LEU   28  A [    -3.209      7.111     -9.799] (conf  27/ 27) +
HB1  LEU   28  A [    -4.094      7.209    -10.464] (conf  27/ 27) +
HB2  LEU   28  A [    -3.513      7.469     -8.789] (conf  27/ 27) +
CG   LEU   28  A [    -2.091      8.040    -10.303] (conf  27/ 27) +
HG   LEU   28  A [    -1.909      7.807    -11.378] (conf  27/ 27) +
CD1  LEU   28  A [    -2.563      9.489    -10.161] (conf  27/ 27) +
HD11 LEU   28  A [    -1.780     10.185    -10.527] (conf  27/ 27) +
HD12 LEU   28  A [    -3.493      9.655    -10.741] (conf  27/ 27) +
HD13 LEU   28  A [    -2.765      9.716     -9.091] (conf  27/ 27) +
CD2  LEU   28  A [    -0.752      7.880     -9.551] (conf  27/ 27) +
HD21 LEU   28  A [     0.002      8.582     -9.966] (conf  27/ 27) +
HD22 LEU   28  A [    -0.889      8.106     -8.474] (conf  27/ 27) +
HD23 LEU   28  A [    -0.353      6.851     -9.655] (conf  27/ 27) +
C    LEU   28  A [    -3.826      4.883     -8.892] (conf   1/  1) +
O    LEU   28  A [    -3.683      4.716     -7.683] (conf   1/  1) +
N    LEU   29  A [    -4.902      4.418     -9.560] (conf   1/  1) +
HN   LEU   29  A [    -5.065      4.543    -10.536] (conf   1/  1) +
CA   LEU   29  A [    -5.943      3.670     -8.870] (conf   1/  1) +
HA   LEU   29  A [    -6.249      4.270     -8.025] (conf  27/ 27) +
CB   LEU   29  A [    -7.189      3.342     -9.728] (conf  27/ 27) +
HB1  LEU   29  A [    -6.876      2.811    -10.653] (conf  27/ 27) +
HB2  LEU   29  A [    -7.843      2.648     -9.153] (conf  27/ 27) +
CG   LEU   29  A [    -8.036      4.569    -10.109] (conf  27/ 27) +
HG   LEU   29  A [    -7.450      5.179    -10.834] (conf  27/ 27) +
CD1  LEU   29  A [    -9.328      4.081    -10.768] (conf  27/ 27) +
HD11 LEU   29  A [    -9.958      4.946    -11.064] (conf  27/ 27) +
HD12 LEU   29  A [    -9.102      3.474    -11.668] (conf  27/ 27) +
HD13 LEU   29  A [    -9.903      3.454    -10.052] (conf  27/ 27) +
CD2  LEU   29  A [    -8.402      5.477     -8.914] (conf  27/ 27) +
HD21 LEU   29  A [    -9.014      6.335     -9.264] (conf  27/ 27) +
HD22 LEU   29  A [    -8.991      4.906     -8.167] (conf  27/ 27) +
HD23 LEU   29  A [    -7.494      5.883     -8.425] (conf  27/ 27) +
C    LEU   29  A [    -5.396      2.404     -8.288] (conf   1/  1) +
O    LEU   29  A [    -5.723      2.034     -7.162] (conf   1/  1) +
N    TRP   30  A [    -4.537      1.702     -9.053] (conf   1/  1) +
HN   TRP   30  A [    -4.263      1.968     -9.975] (conf   1/  1) +
CA   TRP   30  A [    -3.936      0.469     -8.564] (conf   1/  1) +
HA   TRP   30  A [    -4.738     -0.209     -8.297] (conf  94/ 94) +
CB   TRP   30  A [    -3.042     -0.144     -9.657] (conf  94/ 94) +
HB1  TRP   30  A [    -3.674     -0.370    -10.541] (conf  94/ 94) +
HB2  TRP   30  A [    -2.299      0.621     -9.968] (conf  94/ 94) +
CG   TRP   30  A [    -2.283     -1.411     -9.306] (conf  94/ 94) +
CD2  TRP   30  A [    -1.006     -1.775     -9.857] (conf  94/ 94) +
CD1  TRP   30  A [    -2.628     -2.410     -8.444] (conf  94/ 94) +
HD1  TRP   30  A [    -3.534     -2.432     -7.853] (conf  94/ 94) +
NE1  TRP   30  A [    -1.647     -3.371     -8.419] (conf  94/ 94) +
HE1  TRP   30  A [    -1.643     -4.175     -7.866] (conf  94/ 94) +
CE2  TRP   30  A [    -0.653     -3.010     -9.289] (conf  94/ 94) +
CE3  TRP   30  A [    -0.170     -1.153    -10.783] (conf  94/ 94) +
HE3  TRP   30  A [    -0.423     -0.207    -11.237] (conf  94/ 94) +
CZ2  TRP   30  A [     0.522     -3.660     -9.639] (conf  94/ 94) +
HZ2  TRP   30  A [     0.787     -4.618     -9.218] (conf  94/ 94) +
CZ3  TRP   30  A [     1.034     -1.792    -11.117] (conf  94/ 94) +
HZ3  TRP   30  A [     1.711     -1.326    -11.820] (conf  94/ 94) +
CH2  TRP   30  A [     1.364     -3.033    -10.559] (conf  94/ 94) +
HH2  TRP   30  A [     2.290     -3.514    -10.843] (conf  94/ 94) +
C    TRP   30  A [    -3.097      0.726     -7.351] (conf   1/  1) +
O    TRP   30  A [    -3.128     -0.038     -6.390] (conf   1/  1) +
N    LEU   31  A [    -2.317      1.826     -7.372] (conf   1/  1) +
HN   LEU   31  A [    -2.250      2.464     -8.136] (conf   1/  1) +
CA   LEU   31  A [    -1.484      2.170     -6.229] (conf   1/  1) +
HA   LEU   31  A [    -0.897      1.293     -5.998] (conf  27/ 27) +
CB   LEU   31  A [    -0.526      3.365     -6.459] (conf  27/ 27) +
HB1  LEU   31  A [    -1.107      4.249     -6.798] (conf  27/ 27) +
HB2  LEU   31  A [    -0.054      3.632     -5.486] (conf  27/ 27) +
CG   LEU   31  A [     0.605      3.086     -7.463] (conf  27/ 27) +
HG   LEU   31  A [     0.152      2.999     -8.477] (conf  27/ 27) +
CD1  LEU   31  A [     1.583      4.263     -7.433] (conf  27/ 27) +
HD11 LEU   31  A [     2.407      4.096     -8.157] (conf  27/ 27) +
HD12 LEU   31  A [     1.062      5.208     -7.692] (conf  27/ 27) +
HD13 LEU   31  A [     2.020      4.365     -6.416] (conf  27/ 27) +
CD2  LEU   31  A [     1.390      1.785     -7.183] (conf  27/ 27) +
HD21 LEU   31  A [     2.189      1.653     -7.942] (conf  27/ 27) +
HD22 LEU   31  A [     1.862      1.832     -6.180] (conf  27/ 27) +
HD23 LEU   31  A [     0.727      0.898     -7.228] (conf  27/ 27) +
C    LEU   31  A [    -2.318      2.430     -5.014] (conf   1/  1) +
O    LEU   31  A [    -1.980      2.003     -3.913] (conf   1/  1) +
N    LEU   32  A [    -3.446      3.148     -5.193] (conf   1/  1) +
HN   LEU   32  A [    -3.751      3.525     -6.066] (conf   1/  1) +
CA   LEU   32  A [    -4.333      3.434     -4.075] (conf   1/  1) +
HA   LEU   32  A [    -3.722      3.872     -3.298] (conf  27/ 27) +
CB   LEU   32  A [    -5.499      4.400     -4.397] (conf  27/ 27) +
HB1  LEU   32  A [    -6.077      4.011     -5.263] (conf  27/ 27) +
HB2  LEU   32  A [    -6.189      4.427     -3.524] (conf  27/ 27) +
CG   LEU   32  A [    -5.061      5.846     -4.688] (conf  27/ 27) +
HG   LEU   32  A [    -4.523      5.853     -5.663] (conf  27/ 27) +
CD1  LEU   32  A [    -6.313      6.723     -4.782] (conf  27/ 27) +
HD11 LEU   32  A [    -6.029      7.773     -5.001] (conf  27/ 27) +
HD12 LEU   32  A [    -6.987      6.356     -5.582] (conf  27/ 27) +
HD13 LEU   32  A [    -6.862      6.699     -3.815] (conf  27/ 27) +
CD2  LEU   32  A [    -4.117      6.445     -3.622] (conf  27/ 27) +
HD21 LEU   32  A [    -3.849      7.487     -3.896] (conf  27/ 27) +
HD22 LEU   32  A [    -4.618      6.459     -2.632] (conf  27/ 27) +
HD23 LEU   32  A [    -3.178      5.861     -3.543] (conf  27/ 27) +
C    LEU   32  A [    -4.884      2.170     -3.491] (conf   1/  1) +
O    LEU   32  A [    -4.970      2.023     -2.274] (conf   1/  1) +
N    LEU   33  A [    -5.276      1.219     -4.361] (conf   1/  1) +
HN   LEU   33  A [    -5.238      1.302     -5.355] (conf   1/  1) +
CA   LEU   33  A [    -5.806     -0.051     -3.887] (conf   1/  1) +
HA   LEU   33  A [    -6.601      0.184     -3.195] (conf  27/ 27) +
CB   LEU   33  A [    -6.365     -0.978     -4.994] (conf  27/ 27) +
HB1  LEU   33  A [    -5.587     -1.146     -5.769] (conf  27/ 27) +
HB2  LEU   33  A [    -6.600     -1.968     -4.542] (conf  27/ 27) +
CG   LEU   33  A [    -7.647     -0.458     -5.667] (conf  27/ 27) +
HG   LEU   33  A [    -7.378      0.436     -6.275] (conf  27/ 27) +
CD1  LEU   33  A [    -8.197     -1.558     -6.580] (conf  27/ 27) +
HD11 LEU   33  A [    -9.119     -1.208     -7.089] (conf  27/ 27) +
HD12 LEU   33  A [    -7.446     -1.840     -7.346] (conf  27/ 27) +
HD13 LEU   33  A [    -8.445     -2.458     -5.977] (conf  27/ 27) +
CD2  LEU   33  A [    -8.755     -0.040     -4.675] (conf  27/ 27) +
HD21 LEU   33  A [    -9.646      0.318     -5.231] (conf  27/ 27) +
HD22 LEU   33  A [    -9.055     -0.907     -4.050] (conf  27/ 27) +
HD23 LEU   33  A [    -8.413      0.780     -4.013] (conf  27/ 27) +
C    LEU   33  A [    -4.781     -0.796     -3.089] (conf   1/  1) +
O    LEU   33  A [    -5.091     -1.377     -2.051] (conf   1/  1) +
N    GLY   34  A [    -3.520     -0.793     -3.563] (conf   1/  1) +
HN   GLY   34  A [    -3.250     -0.339     -4.412] (conf   1/  1) +
CA   GLY   34  A [    -2.450     -1.471     -2.844] (conf   1/  1) +
HA1  GLY   34  A [    -1.537     -1.335     -3.408] (conf   1/  1) +
HA2  GLY   34  A [    -2.740     -2.504     -2.711] (conf   1/  1) +
C    GLY   34  A [    -2.251     -0.868     -1.487] (conf   1/  1) +
O    GLY   34  A [    -2.059     -1.580     -0.504] (conf   1/  1) +
N    ALA   35  A [    -2.292      0.478     -1.406] (conf   1/  1) +
HN   ALA   35  A [    -2.431      1.078     -2.193] (conf   1/  1) +
CA   ALA   35  A [    -2.131      1.152     -0.126] (conf   1/  1) +
HA   ALA   35  A [    -1.200      0.859      0.346] (conf   1/  1) +
CB   ALA   35  A [    -2.078      2.684     -0.328] (conf   1/  1) +
HB1  ALA   35  A [    -1.229      2.943     -0.996] (conf   1/  1) +
HB2  ALA   35  A [    -3.012      3.057     -0.803] (conf   1/  1) +
HB3  ALA   35  A [    -1.932      3.219      0.635] (conf   1/  1) +
C    ALA   35  A [    -3.224      0.771      0.823] (conf   1/  1) +
O    ALA   35  A [    -2.980      0.539      2.004] (conf   1/  1) +
N    LEU   36  A [    -4.470      0.700      0.317] (conf   1/  1) +
HN   LEU   36  A [    -4.715      0.895     -0.630] (conf   1/  1) +
CA   LEU   36  A [    -5.596      0.317      1.159] (conf   1/  1) +
HA   LEU   36  A [    -5.572      0.965      2.023] (conf  27/ 27) +
CB   LEU   36  A [    -6.984      0.434      0.483] (conf  27/ 27) +
HB1  LEU   36  A [    -6.989     -0.149     -0.463] (conf  27/ 27) +
HB2  LEU   36  A [    -7.745     -0.022      1.157] (conf  27/ 27) +
CG   LEU   36  A [    -7.427      1.878      0.193] (conf  27/ 27) +
HG   LEU   36  A [    -6.778      2.280     -0.618] (conf  27/ 27) +
CD1  LEU   36  A [    -8.884      1.854     -0.275] (conf  27/ 27) +
HD11 LEU   36  A [    -9.231      2.884     -0.502] (conf  27/ 27) +
HD12 LEU   36  A [    -8.992      1.228     -1.184] (conf  27/ 27) +
HD13 LEU   36  A [    -9.530      1.433      0.527] (conf  27/ 27) +
CD2  LEU   36  A [    -7.312      2.828      1.405] (conf  27/ 27) +
HD21 LEU   36  A [    -7.652      3.847      1.122] (conf  27/ 27) +
HD22 LEU   36  A [    -7.949      2.464      2.238] (conf  27/ 27) +
HD23 LEU   36  A [    -6.265      2.904      1.759] (conf  27/ 27) +
C    LEU   36  A [    -5.419     -1.071      1.690] (conf   1/  1) +
O    LEU   36  A [    -5.695     -1.339      2.858] (conf   1/  1) +
N    LEU   37  A [    -4.949     -1.996      0.832] (conf   1/  1) +
HN   LEU   37  A [    -4.727     -1.826     -0.126] (conf   1/  1) +
CA   LEU   37  A [    -4.724     -3.370      1.263] (conf   1/  1) +
HA   LEU   37  A [    -5.644     -3.707      1.719] (conf  27/ 27) +
CB   LEU   37  A [    -4.339     -4.354      0.131] (conf  27/ 27) +
HB1  LEU   37  A [    -3.451     -3.967     -0.413] (conf  27/ 27) +
HB2  LEU   37  A [    -4.047     -5.325      0.591] (conf  27/ 27) +
CG   LEU   37  A [    -5.468     -4.636     -0.874] (conf  27/ 27) +
HG   LEU   37  A [    -5.639     -3.710     -1.468] (conf  27/ 27) +
CD1  LEU   37  A [    -5.020     -5.769     -1.801] (conf  27/ 27) +
HD11 LEU   37  A [    -5.811     -5.990     -2.547] (conf  27/ 27) +
HD12 LEU   37  A [    -4.088     -5.491     -2.335] (conf  27/ 27) +
HD13 LEU   37  A [    -4.828     -6.689     -1.207] (conf  27/ 27) +
CD2  LEU   37  A [    -6.809     -5.034     -0.220] (conf  27/ 27) +
HD21 LEU   37  A [    -7.571     -5.226     -1.005] (conf  27/ 27) +
HD22 LEU   37  A [    -6.683     -5.958      0.381] (conf  27/ 27) +
HD23 LEU   37  A [    -7.191     -4.227      0.436] (conf  27/ 27) +
C    LEU   37  A [    -3.691     -3.429      2.344] (conf   1/  1) +
O    LEU   37  A [    -3.841     -4.163      3.319] (conf   1/  1) +
N    GLY   38  A [    -2.606     -2.646      2.194] (conf   1/  1) +
HN   GLY   38  A [    -2.459     -2.053      1.403] (conf   1/  1) +
CA   GLY   38  A [    -1.558     -2.619      3.205] (conf   1/  1) +
HA1  GLY   38  A [    -0.797     -1.926      2.872] (conf   1/  1) +
HA2  GLY   38  A [    -1.206     -3.631      3.347] (conf   1/  1) +
C    GLY   38  A [    -2.090     -2.127      4.515] (conf   1/  1) +
O    GLY   38  A [    -1.763     -2.665      5.570] (conf   1/  1) +
N    ALA   39  A [    -2.933     -1.077      4.474] (conf   1/  1) +
HN   ALA   39  A [    -3.204     -0.613      3.631] (conf   1/  1) +
CA   ALA   39  A [    -3.518     -0.542      5.697] (conf   1/  1) +
HA   ALA   39  A [    -2.743     -0.269      6.403] (conf   1/  1) +
CB   ALA   39  A [    -4.329      0.739      5.391] (conf   1/  1) +
HB1  ALA   39  A [    -3.663      1.501      4.932] (conf   1/  1) +
HB2  ALA   39  A [    -5.153      0.528      4.675] (conf   1/  1) +
HB3  ALA   39  A [    -4.766      1.177      6.314] (conf   1/  1) +
C    ALA   39  A [    -4.368     -1.568      6.378] (conf   1/  1) +
O    ALA   39  A [    -4.332     -1.709      7.598] (conf   1/  1) +
N    LEU   40  A [    -5.164     -2.319      5.590] (conf   1/  1) +
HN   LEU   40  A [    -5.236     -2.229      4.599] (conf   1/  1) +
CA   LEU   40  A [    -6.011     -3.359      6.160] (conf   1/  1) +
HA   LEU   40  A [    -6.586     -2.894      6.947] (conf  27/ 27) +
CB   LEU   40  A [    -6.984     -4.028      5.159] (conf  27/ 27) +
HB1  LEU   40  A [    -6.413     -4.423      4.291] (conf  27/ 27) +
HB2  LEU   40  A [    -7.466     -4.898      5.661] (conf  27/ 27) +
CG   LEU   40  A [    -8.105     -3.105      4.652] (conf  27/ 27) +
HG   LEU   40  A [    -7.644     -2.334      3.993] (conf  27/ 27) +
CD1  LEU   40  A [    -9.099     -3.945      3.846] (conf  27/ 27) +
HD11 LEU   40  A [    -9.917     -3.304      3.457] (conf  27/ 27) +
HD12 LEU   40  A [    -8.591     -4.439      2.993] (conf  27/ 27) +
HD13 LEU   40  A [    -9.544     -4.729      4.497] (conf  27/ 27) +
CD2  LEU   40  A [    -8.873     -2.372      5.773] (conf  27/ 27) +
HD21 LEU   40  A [    -9.665     -1.730      5.333] (conf  27/ 27) +
HD22 LEU   40  A [    -9.352     -3.107      6.453] (conf  27/ 27) +
HD23 LEU   40  A [    -8.197     -1.722      6.365] (conf  27/ 27) +
C    LEU   40  A [    -5.187     -4.414      6.830] (conf   1/  1) +
O    LEU   40  A [    -5.526     -4.886      7.913] (conf   1/  1) +
N    LEU   41  A [    -4.070     -4.812      6.189] (conf   1/  1) +
HN   LEU   41  A [    -3.765     -4.467      5.304] (conf   1/  1) +
CA   LEU   41  A [    -3.194     -5.818      6.772] (conf   1/  1) +
HA   LEU   41  A [    -3.817     -6.667      7.016] (conf  27/ 27) +
CB   LEU   41  A [    -2.042     -6.291      5.853] (conf  27/ 27) +
HB1  LEU   41  A [    -1.452     -5.413      5.512] (conf  27/ 27) +
HB2  LEU   41  A [    -1.357     -6.938      6.447] (conf  27/ 27) +
CG   LEU   41  A [    -2.500     -7.102      4.629] (conf  27/ 27) +
HG   LEU   41  A [    -3.033     -6.409      3.938] (conf  27/ 27) +
CD1  LEU   41  A [    -1.262     -7.674      3.934] (conf  27/ 27) +
HD11 LEU   41  A [    -1.560     -8.257      3.038] (conf  27/ 27) +
HD12 LEU   41  A [    -0.577     -6.859      3.622] (conf  27/ 27) +
HD13 LEU   41  A [    -0.718     -8.349      4.630] (conf  27/ 27) +
CD2  LEU   41  A [    -3.460     -8.264      4.966] (conf  27/ 27) +
HD21 LEU   41  A [    -3.743     -8.803      4.037] (conf  27/ 27) +
HD22 LEU   41  A [    -2.965     -8.981      5.653] (conf  27/ 27) +
HD23 LEU   41  A [    -4.389     -7.893      5.442] (conf  27/ 27) +
C    LEU   41  A [    -2.627     -5.346      8.075] (conf   1/  1) +
O    LEU   41  A [    -2.547     -6.104      9.039] (conf   1/  1) +
N    ALA   42  A [    -2.215     -4.064      8.130] (conf   1/  1) +
HN   ALA   42  A [    -2.256     -3.434      7.355] (conf   1/  1) +
CA   ALA   42  A [    -1.670     -3.508      9.360] (conf   1/  1) +
HA   ALA   42  A [    -0.831     -4.100      9.709] (conf   1/  1) +
CB   ALA   42  A [    -1.146     -2.074      9.117] (conf   1/  1) +
HB1  ALA   42  A [    -0.358     -2.092      8.334] (conf   1/  1) +
HB2  ALA   42  A [    -1.962     -1.405      8.765] (conf   1/  1) +
HB3  ALA   42  A [    -0.704     -1.637     10.039] (conf   1/  1) +
C    ALA   42  A [    -2.689     -3.531     10.458] (conf   1/  1) +
O    ALA   42  A [    -2.377     -3.859     11.601] (conf   1/  1) +
N    VAL   43  A [    -3.947     -3.180     10.127] (conf   1/  1) +
HN   VAL   43  A [    -4.238     -2.897      9.217] (conf   1/  1) +
CA   VAL   43  A [    -5.010     -3.193     11.122] (conf   1/  1) +
HA   VAL   43  A [    -4.682     -2.590     11.959] (conf   6/  6) +
CB   VAL   43  A [    -6.278     -2.548     10.570] (conf   6/  6) +
HB   VAL   43  A [    -6.524     -2.982      9.575] (conf   6/  6) +
CG1  VAL   43  A [    -7.477     -2.782     11.498] (conf   6/  6) +
HG11 VAL   43  A [    -8.381     -2.291     11.084] (conf   6/  6) +
HG12 VAL   43  A [    -7.698     -3.864     11.605] (conf   6/  6) +
HG13 VAL   43  A [    -7.270     -2.358     12.504] (conf   6/  6) +
CG2  VAL   43  A [    -5.992     -1.036     10.435] (conf   6/  6) +
HG21 VAL   43  A [    -6.886     -0.508     10.042] (conf   6/  6) +
HG22 VAL   43  A [    -5.738     -0.605     11.427] (conf   6/  6) +
HG23 VAL   43  A [    -5.143     -0.854      9.745] (conf   6/  6) +
C    VAL   43  A [    -5.227     -4.575     11.657] (conf   1/  1) +
O    VAL   43  A [    -5.414     -4.764     12.856] (conf   1/  1) +
N    LEU   44  A [    -5.206     -5.584     10.763] (conf   1/  1) +
HN   LEU   44  A [    -5.072     -5.474      9.780] (conf   1/  1) +
CA   LEU   44  A [    -5.386     -6.964     11.191] (conf   1/  1) +
HA   LEU   44  A [    -6.295     -6.991     11.776] (conf  27/ 27) +
CB   LEU   44  A [    -5.501     -7.995     10.041] (conf  27/ 27) +
HB1  LEU   44  A [    -4.618     -7.907      9.372] (conf  27/ 27) +
HB2  LEU   44  A [    -5.484     -9.018     10.480] (conf  27/ 27) +
CG   LEU   44  A [    -6.786     -7.870      9.205] (conf  27/ 27) +
HG   LEU   44  A [    -6.723     -6.925      8.618] (conf  27/ 27) +
CD1  LEU   44  A [    -6.863     -9.066      8.253] (conf  27/ 27) +
HD11 LEU   44  A [    -7.777     -8.998      7.626] (conf  27/ 27) +
HD12 LEU   44  A [    -5.974     -9.096      7.591] (conf  27/ 27) +
HD13 LEU   44  A [    -6.904    -10.010      8.837] (conf  27/ 27) +
CD2  LEU   44  A [    -8.082     -7.821     10.044] (conf  27/ 27) +
HD21 LEU   44  A [    -8.963     -7.735      9.374] (conf  27/ 27) +
HD22 LEU   44  A [    -8.184     -8.748     10.644] (conf  27/ 27) +
HD23 LEU   44  A [    -8.086     -6.948     10.727] (conf  27/ 27) +
C    LEU   44  A [    -4.293     -7.382     12.124] (conf   1/  1) +
O    LEU   44  A [    -4.541     -8.048     13.126] (conf   1/  1) +
N    ILE   45  A [    -3.041     -6.993     11.810] (conf   1/  1) +
HN   ILE   45  A [    -2.792     -6.465     11.001] (conf   1/  1) +
CA   ILE   45  A [    -1.917     -7.334     12.669] (conf   1/  1) +
HA   ILE   45  A [    -1.988     -8.402     12.830] (conf  15/ 15) +
CB   ILE   45  A [    -0.513     -7.079     12.055] (conf  15/ 15) +
HB   ILE   45  A [     0.258     -7.394     12.797] (conf  15/ 15) +
CG2  ILE   45  A [    -0.347     -7.994     10.804] (conf  15/ 15) +
HG21 ILE   45  A [     0.657     -7.859     10.352] (conf  15/ 15) +
HG22 ILE   45  A [    -0.458     -9.061     11.091] (conf  15/ 15) +
HG23 ILE   45  A [    -1.112     -7.752     10.039] (conf  15/ 15) +
CG1  ILE   45  A [    -0.257     -5.574     11.775] (conf  15/ 15) +
HG11 ILE   45  A [    -0.980     -5.229     11.005] (conf  15/ 15) +
HG12 ILE   45  A [    -0.467     -5.001     12.705] (conf  15/ 15) +
CD   ILE   45  A [     1.173     -5.212     11.311] (conf  15/ 15) +
HD1  ILE   45  A [     1.256     -4.117     11.147] (conf  15/ 15) +
HD2  ILE   45  A [     1.919     -5.509     12.079] (conf  15/ 15) +
HD3  ILE   45  A [     1.419     -5.726     10.360] (conf  15/ 15) +
C    ILE   45  A [    -2.075     -6.725     14.028] (conf   1/  1) +
O    ILE   45  A [    -1.803     -7.366     15.041] (conf   1/  1) +
N    LEU   46  A [    -2.526     -5.456     14.078] (conf   1/  1) +
HN   LEU   46  A [    -2.745     -4.896     13.282] (conf   1/  1) +
CA   LEU   46  A [    -2.733     -4.788     15.355] (conf   1/  1) +
HA   LEU   46  A [    -1.811     -4.887     15.909] (conf  27/ 27) +
CB   LEU   46  A [    -3.097     -3.287     15.253] (conf  27/ 27) +
HB1  LEU   46  A [    -3.987     -3.161     14.599] (conf  27/ 27) +
HB2  LEU   46  A [    -3.378     -2.921     16.267] (conf  27/ 27) +
CG   LEU   46  A [    -1.957     -2.393     14.735] (conf  27/ 27) +
HG   LEU   46  A [    -1.796     -2.630     13.659] (conf  27/ 27) +
CD1  LEU   46  A [    -2.382     -0.930     14.884] (conf  27/ 27) +
HD11 LEU   46  A [    -1.583     -0.258     14.508] (conf  27/ 27) +
HD12 LEU   46  A [    -3.314     -0.734     14.315] (conf  27/ 27) +
HD13 LEU   46  A [    -2.565     -0.697     15.956] (conf  27/ 27) +
CD2  LEU   46  A [    -0.615     -2.594     15.471] (conf  27/ 27) +
HD21 LEU   46  A [     0.155     -1.916     15.048] (conf  27/ 27) +
HD22 LEU   46  A [    -0.732     -2.364     16.550] (conf  27/ 27) +
HD23 LEU   46  A [    -0.249     -3.635     15.362] (conf  27/ 27) +
C    LEU   46  A [    -3.772     -5.495     16.168] (conf   1/  1) +
O    LEU   46  A [    -3.618     -5.668     17.375] (conf   1/  1) +
N    ILE   47  A [    -4.868     -5.927     15.513] (conf   1/  1) +
HN   ILE   47  A [    -5.042     -5.797     14.539] (conf   1/  1) +
CA   ILE   47  A [    -5.923     -6.645     16.217] (conf   1/  1) +
HA   ILE   47  A [    -6.170     -6.031     17.074] (conf  15/ 15) +
CB   ILE   47  A [    -7.243     -6.832     15.420] (conf  15/ 15) +
HB   ILE   47  A [    -7.971     -7.376     16.068] (conf  15/ 15) +
CG2  ILE   47  A [    -7.849     -5.426     15.128] (conf  15/ 15) +
HG21 ILE   47  A [    -8.809     -5.521     14.582] (conf  15/ 15) +
HG22 ILE   47  A [    -8.042     -4.887     16.079] (conf  15/ 15) +
HG23 ILE   47  A [    -7.153     -4.822     14.513] (conf  15/ 15) +
CG1  ILE   47  A [    -7.048     -7.711     14.155] (conf  15/ 15) +
HG11 ILE   47  A [    -6.360     -7.183     13.460] (conf  15/ 15) +
HG12 ILE   47  A [    -6.550     -8.659     14.457] (conf  15/ 15) +
CD   ILE   47  A [    -8.340     -8.080     13.389] (conf  15/ 15) +
HD1  ILE   47  A [    -8.095     -8.713     12.510] (conf  15/ 15) +
HD2  ILE   47  A [    -9.034     -8.645     14.046] (conf  15/ 15) +
HD3  ILE   47  A [    -8.856     -7.167     13.027] (conf  15/ 15) +
C    ILE   47  A [    -5.406     -7.926     16.792] (conf   1/  1) +
OT1  ILE   47  A [    -4.193     -8.210     16.609] (conf   1/  1) +
OT2  ILE   47  A [    -6.212     -8.655     17.431] (conf   1/  1) +
N    ARG   24  B [     2.214     -6.362    -16.910] (conf   1/  1) +
CA   ARG   24  B [     1.701     -6.934    -15.673] (conf   1/  1) +
HA   ARG   24  B [     0.844     -6.350    -15.362] (conf 246/246) +
HT1  ARG   24  B [     1.481     -6.412    -17.646] (conf   1/  1) +
HT2  ARG   24  B [     3.051     -6.896    -17.219] (conf   1/  1) +
HT3  ARG   24  B [     2.477     -5.369    -16.751] (conf   1/  1) +
CB   ARG   24  B [     1.275     -8.402    -15.888] (conf 246/246) +
HB1  ARG   24  B [     2.087     -8.934    -16.428] (conf 246/246) +
HB2  ARG   24  B [     1.165     -8.888    -14.892] (conf 246/246) +
CG   ARG   24  B [    -0.050     -8.590    -16.650] (conf 246/246) +
HG1  ARG   24  B [    -0.854     -8.036    -16.120] (conf 246/246) +
HG2  ARG   24  B [     0.035     -8.169    -17.674] (conf 246/246) +
CD   ARG   24  B [    -0.400    -10.087    -16.728] (conf 246/246) +
HD1  ARG   24  B [     0.254    -10.585    -17.476] (conf 246/246) +
HD2  ARG   24  B [    -0.192    -10.567    -15.748] (conf 246/246) +
NE   ARG   24  B [    -1.822    -10.308    -17.126] (conf 246/246) +
HE   ARG   24  B [    -2.072    -10.227    -18.085] (conf 246/246) +
CZ   ARG   24  B [    -2.791    -10.645    -16.252] (conf 246/246) +
NH1  ARG   24  B [    -2.529    -10.781    -14.948] (conf 246/246) +
HH11 ARG   24  B [    -3.255    -11.024    -14.317] (conf 246/246) +
HH12 ARG   24  B [    -1.606    -10.617    -14.627] (conf 246/246) +
NH2  ARG   24  B [    -4.041    -10.846    -16.685] (conf 246/246) +
HH21 ARG   24  B [    -4.751    -11.088    -16.034] (conf 246/246) +
HH22 ARG   24  B [    -4.251    -10.748    -17.650] (conf 246/246) +
C    ARG   24  B [     2.731     -6.879    -14.589] (conf   1/  1) +
O    ARG   24  B [     2.425     -6.562    -13.442] (conf   1/  1) +
N    ALA   25  B [     3.997     -7.193    -14.935] (conf   1/  1) +
HN   ALA   25  B [     4.270     -7.467    -15.857] (conf   1/  1) +
CA   ALA   25  B [     5.071     -7.147    -13.954] (conf   1/  1) +
HA   ALA   25  B [     4.836     -7.774    -13.101] (conf   1/  1) +
CB   ALA   25  B [     6.385     -7.684    -14.567] (conf   1/  1) +
HB1  ALA   25  B [     6.236     -8.730    -14.909] (conf   1/  1) +
HB2  ALA   25  B [     6.691     -7.077    -15.447] (conf   1/  1) +
HB3  ALA   25  B [     7.214     -7.679    -13.827] (conf   1/  1) +
C    ALA   25  B [     5.252     -5.760    -13.421] (conf   1/  1) +
O    ALA   25  B [     5.449     -5.565    -12.224] (conf   1/  1) +
N    SER   26  B [     5.191     -4.753    -14.315] (conf   1/  1) +
HN   SER   26  B [     5.049     -4.865    -15.298] (conf   1/  1) +
CA   SER   26  B [     5.334     -3.368    -13.888] (conf   1/  1) +
HA   SER   26  B [     6.255     -3.303    -13.325] (conf  40/ 40) +
CB   SER   26  B [     5.428     -2.355    -15.058] (conf  40/ 40) +
HB1  SER   26  B [     5.219     -1.324    -14.697] (conf  40/ 40) +
HB2  SER   26  B [     6.467     -2.365    -15.456] (conf  40/ 40) +
OG   SER   26  B [     4.551     -2.685    -16.124] (conf  40/ 40) +
HG1  SER   26  B [     3.649     -2.518    -15.827] (conf  40/ 40) +
C    SER   26  B [     4.241     -2.982    -12.941] (conf   1/  1) +
O    SER   26  B [     4.481     -2.307    -11.942] (conf   1/  1) +
N    LEU   27  B [     2.998     -3.409    -13.240] (conf   1/  1) +
HN   LEU   27  B [     2.756     -3.946    -14.046] (conf   1/  1) +
CA   LEU   27  B [     1.875     -3.102    -12.367] (conf   1/  1) +
HA   LEU   27  B [     1.884     -2.032    -12.215] (conf  27/ 27) +
CB   LEU   27  B [     0.489     -3.516    -12.919] (conf  27/ 27) +
HB1  LEU   27  B [     0.497     -4.598    -13.176] (conf  27/ 27) +
HB2  LEU   27  B [    -0.270     -3.374    -12.115] (conf  27/ 27) +
CG   LEU   27  B [     0.026     -2.707    -14.142] (conf  27/ 27) +
HG   LEU   27  B [     0.674     -2.987    -15.005] (conf  27/ 27) +
CD1  LEU   27  B [    -1.428     -3.076    -14.447] (conf  27/ 27) +
HD11 LEU   27  B [    -1.788     -2.514    -15.334] (conf  27/ 27) +
HD12 LEU   27  B [    -1.521     -4.163    -14.646] (conf  27/ 27) +
HD13 LEU   27  B [    -2.072     -2.816    -13.579] (conf  27/ 27) +
CD2  LEU   27  B [     0.120     -1.176    -13.958] (conf  27/ 27) +
HD21 LEU   27  B [    -0.233     -0.662    -14.876] (conf  27/ 27) +
HD22 LEU   27  B [    -0.516     -0.854    -13.107] (conf  27/ 27) +
HD23 LEU   27  B [     1.164     -0.857    -13.768] (conf  27/ 27) +
C    LEU   27  B [     2.068     -3.704    -11.010] (conf   1/  1) +
O    LEU   27  B [     1.789     -3.072     -9.995] (conf   1/  1) +
N    LEU   28  B [     2.557     -4.959    -10.967] (conf   1/  1) +
HN   LEU   28  B [     2.782     -5.513    -11.766] (conf   1/  1) +
CA   LEU   28  B [     2.800     -5.621     -9.692] (conf   1/  1) +
HA   LEU   28  B [     1.883     -5.552     -9.126] (conf  27/ 27) +
CB   LEU   28  B [     3.209     -7.111     -9.799] (conf  27/ 27) +
HB1  LEU   28  B [     4.094     -7.209    -10.464] (conf  27/ 27) +
HB2  LEU   28  B [     3.513     -7.469     -8.789] (conf  27/ 27) +
CG   LEU   28  B [     2.091     -8.040    -10.303] (conf  27/ 27) +
HG   LEU   28  B [     1.909     -7.807    -11.378] (conf  27/ 27) +
CD1  LEU   28  B [     2.563     -9.489    -10.161] (conf  27/ 27) +
HD11 LEU   28  B [     1.780    -10.185    -10.527] (conf  27/ 27) +
HD12 LEU   28  B [     3.493     -9.655    -10.741] (conf  27/ 27) +
HD13 LEU   28  B [     2.765     -9.716     -9.091] (conf  27/ 27) +
CD2  LEU   28  B [     0.752     -7.880     -9.551] (conf  27/ 27) +
HD21 LEU   28  B [    -0.002     -8.582     -9.966] (conf  27/ 27) +
HD22 LEU   28  B [     0.889     -8.106     -8.474] (conf  27/ 27) +
HD23 LEU   28  B [     0.353     -6.851     -9.655] (conf  27/ 27) +
C    LEU   28  B [     3.826     -4.883     -8.892] (conf   1/  1) +
O    LEU   28  B [     3.683     -4.716     -7.683] (conf   1/  1) +
N    LEU   29  B [     4.902     -4.418     -9.560] (conf   1/  1) +
HN   LEU   29  B [     5.065     -4.543    -10.536] (conf   1/  1) +
CA   LEU   29  B [     5.943     -3.670     -8.870] (conf   1/  1) +
HA   LEU   29  B [     6.249     -4.270     -8.025] (conf  27/ 27) +
CB   LEU   29  B [     7.189     -3.342     -9.728] (conf  27/ 27) +
HB1  LEU   29  B [     6.876     -2.811    -10.653] (conf  27/ 27) +
HB2  LEU   29  B [     7.843     -2.648     -9.153] (conf  27/ 27) +
CG   LEU   29  B [     8.036     -4.569    -10.109] (conf  27/ 27) +
HG   LEU   29  B [     7.450     -5.179    -10.834] (conf  27/ 27) +
CD1  LEU   29  B [     9.328     -4.081    -10.768] (conf  27/ 27) +
HD11 LEU   29  B [     9.958     -4.946    -11.064] (conf  27/ 27) +
HD12 LEU   29  B [     9.102     -3.474    -11.668] (conf  27/ 27) +
HD13 LEU   29  B [     9.903     -3.454    -10.052] (conf  27/ 27) +
CD2  LEU   29  B [     8.402     -5.477     -8.914] (conf  27/ 27) +
HD21 LEU   29  B [     9.014     -6.335     -9.264] (conf  27/ 27) +
HD22 LEU   29  B [     8.991     -4.906     -8.167] (conf  27/ 27) +
HD23 LEU   29  B [     7.494     -5.883     -8.425] (conf  27/ 27) +
C    LEU   29  B [     5.396     -2.404     -8.288] (conf   1/  1) +
O    LEU   29  B [     5.723     -2.034     -7.162] (conf   1/  1) +
N    TRP   30  B [     4.537     -1.702     -9.053] (conf   1/  1) +
HN   TRP   30  B [     4.263     -1.968     -9.975] (conf   1/  1) +
CA   TRP   30  B [     3.936     -0.469     -8.564] (conf   1/  1) +
HA   TRP   30  B [     4.738      0.209     -8.297] (conf  94/ 94) +
CB   TRP   30  B [     3.042      0.144     -9.657] (conf  94/ 94) +
HB1  TRP   30  B [     3.674      0.370    -10.541] (conf  94/ 94) +
HB2  TRP   30  B [     2.299     -0.621     -9.968] (conf  94/ 94) +
CG   TRP   30  B [     2.283      1.411     -9.306] (conf  94/ 94) +
CD2  TRP   30  B [     1.006      1.775     -9.857] (conf  94/ 94) +
CD1  TRP   30  B [     2.628      2.410     -8.444] (conf  94/ 94) +
HD1  TRP   30  B [     3.534      2.432     -7.853] (conf  94/ 94) +
NE1  TRP   30  B [     1.647      3.371     -8.419] (conf  94/ 94) +
HE1  TRP   30  B [     1.643      4.175     -7.866] (conf  94/ 94) +
CE2  TRP   30  B [     0.653      3.010     -9.289] (conf  94/ 94) +
CE3  TRP   30  B [     0.170      1.153    -10.783] (conf  94/ 94) +
HE3  TRP   30  B [     0.423      0.207    -11.237] (conf  94/ 94) +
CZ2  TRP   30  B [    -0.522      3.660     -9.639] (conf  94/ 94) +
HZ2  TRP   30  B [    -0.787      4.618     -9.218] (conf  94/ 94) +
CZ3  TRP   30  B [    -1.034      1.792    -11.117] (conf  94/ 94) +
HZ3  TRP   30  B [    -1.711      1.326    -11.820] (conf  94/ 94) +
CH2  TRP   30  B [    -1.364      3.033    -10.559] (conf  94/ 94) +
HH2  TRP   30  B [    -2.290      3.514    -10.843] (conf  94/ 94) +
C    TRP   30  B [     3.097     -0.726     -7.351] (conf   1/  1) +
O    TRP   30  B [     3.128      0.038     -6.390] (conf   1/  1) +
N    LEU   31  B [     2.317     -1.826     -7.372] (conf   1/  1) +
HN   LEU   31  B [     2.250     -2.464     -8.136] (conf   1/  1) +
CA   LEU   31  B [     1.484     -2.170     -6.229] (conf   1/  1) +
HA   LEU   31  B [     0.897     -1.293     -5.998] (conf  27/ 27) +
CB   LEU   31  B [     0.526     -3.365     -6.459] (conf  27/ 27) +
HB1  LEU   31  B [     1.107     -4.249     -6.798] (conf  27/ 27) +
HB2  LEU   31  B [     0.054     -3.632     -5.486] (conf  27/ 27) +
CG   LEU   31  B [    -0.605     -3.086     -7.463] (conf  27/ 27) +
HG   LEU   31  B [    -0.152     -2.999     -8.477] (conf  27/ 27) +
CD1  LEU   31  B [    -1.583     -4.263     -7.433] (conf  27/ 27) +
HD11 LEU   31  B [    -2.407     -4.096     -8.157] (conf  27/ 27) +
HD12 LEU   31  B [    -1.062     -5.208     -7.692] (conf  27/ 27) +
HD13 LEU   31  B [    -2.020     -4.365     -6.416] (conf  27/ 27) +
CD2  LEU   31  B [    -1.390     -1.785     -7.183] (conf  27/ 27) +
HD21 LEU   31  B [    -2.189     -1.653     -7.942] (conf  27/ 27) +
HD22 LEU   31  B [    -1.862     -1.832     -6.180] (conf  27/ 27) +
HD23 LEU   31  B [    -0.727     -0.898     -7.228] (conf  27/ 27) +
C    LEU   31  B [     2.318     -2.430     -5.014] (conf   1/  1) +
O    LEU   31  B [     1.980     -2.003     -3.913] (conf   1/  1) +
N    LEU   32  B [     3.446     -3.148     -5.193] (conf   1/  1) +
HN   LEU   32  B [     3.751     -3.525     -6.066] (conf   1/  1) +
CA   LEU   32  B [     4.333     -3.434     -4.075] (conf   1/  1) +
HA   LEU   32  B [     3.722     -3.872     -3.298] (conf  27/ 27) +
CB   LEU   32  B [     5.499     -4.400     -4.397] (conf  27/ 27) +
HB1  LEU   32  B [     6.077     -4.011     -5.263] (conf  27/ 27) +
HB2  LEU   32  B [     6.189     -4.427     -3.524] (conf  27/ 27) +
CG   LEU   32  B [     5.061     -5.846     -4.688] (conf  27/ 27) +
HG   LEU   32  B [     4.523     -5.853     -5.663] (conf  27/ 27) +
CD1  LEU   32  B [     6.313     -6.723     -4.782] (conf  27/ 27) +
HD11 LEU   32  B [     6.029     -7.773     -5.001] (conf  27/ 27) +
HD12 LEU   32  B [     6.987     -6.356     -5.582] (conf  27/ 27) +
HD13 LEU   32  B [     6.862     -6.699     -3.815] (conf  27/ 27) +
CD2  LEU   32  B [     4.117     -6.445     -3.622] (conf  27/ 27) +
HD21 LEU   32  B [     3.849     -7.487     -3.896] (conf  27/ 27) +
HD22 LEU   32  B [     4.618     -6.459     -2.632] (conf  27/ 27) +
HD23 LEU   32  B [     3.178     -5.861     -3.543] (conf  27/ 27) +
C    LEU   32  B [     4.884     -2.170     -3.491] (conf   1/  1) +
O    LEU   32  B [     4.970     -2.023     -2.274] (conf   1/  1) +
N    LEU   33  B [     5.276     -1.219     -4.361] (conf   1/  1) +
HN   LEU   33  B [     5.238     -1.302     -5.355] (conf   1/  1) +
CA   LEU   33  B [     5.806      0.051     -3.887] (conf   1/  1) +
HA   LEU   33  B [     6.601     -0.184     -3.195] (conf  27/ 27) +
CB   LEU   33  B [     6.365      0.978     -4.994] (conf  27/ 27) +
HB1  LEU   33  B [     5.587      1.146     -5.769] (conf  27/ 27) +
HB2  LEU   33  B [     6.600      1.968     -4.542] (conf  27/ 27) +
CG   LEU   33  B [     7.647      0.458     -5.667] (conf  27/ 27) +
HG   LEU   33  B [     7.378     -0.436     -6.275] (conf  27/ 27) +
CD1  LEU   33  B [     8.197      1.558     -6.580] (conf  27/ 27) +
HD11 LEU   33  B [     9.119      1.208     -7.089] (conf  27/ 27) +
HD12 LEU   33  B [     7.446      1.840     -7.346] (conf  27/ 27) +
HD13 LEU   33  B [     8.445      2.458     -5.977] (conf  27/ 27) +
CD2  LEU   33  B [     8.755      0.040     -4.675] (conf  27/ 27) +
HD21 LEU   33  B [     9.646     -0.318     -5.231] (conf  27/ 27) +
HD22 LEU   33  B [     9.055      0.907     -4.050] (conf  27/ 27) +
HD23 LEU   33  B [     8.413     -0.780     -4.013] (conf  27/ 27) +
C    LEU   33  B [     4.781      0.796     -3.089] (conf   1/  1) +
O    LEU   33  B [     5.091      1.377     -2.051] (conf   1/  1) +
N    GLY   34  B [     3.520      0.793     -3.563] (conf   1/  1) +
HN   GLY   34  B [     3.250      0.339     -4.412] (conf   1/  1) +
CA   GLY   34  B [     2.450      1.471     -2.844] (conf   1/  1) +
HA1  GLY   34  B [     1.537      1.335     -3.408] (conf   1/  1) +
HA2  GLY   34  B [     2.740      2.504     -2.711] (conf   1/  1) +
C    GLY   34  B [     2.251      0.868     -1.487] (conf   1/  1) +
O    GLY   34  B [     2.059      1.580     -0.504] (conf   1/  1) +
N    ALA   35  B [     2.292     -0.478     -1.406] (conf   1/  1) +
HN   ALA   35  B [     2.431     -1.078     -2.193] (conf   1/  1) +
CA   ALA   35  B [     2.131     -1.152     -0.126] (conf   1/  1) +
HA   ALA   35  B [     1.200     -0.859      0.346] (conf   1/  1) +
CB   ALA   35  B [     2.078     -2.684     -0.328] (conf   1/  1) +
HB1  ALA   35  B [     1.229     -2.943     -0.996] (conf   1/  1) +
HB2  ALA   35  B [     3.012     -3.057     -0.803] (conf   1/  1) +
HB3  ALA   35  B [     1.932     -3.219      0.635] (conf   1/  1) +
C    ALA   35  B [     3.224     -0.771      0.823] (conf   1/  1) +
O    ALA   35  B [     2.980     -0.539      2.004] (conf   1/  1) +
N    LEU   36  B [     4.470     -0.700      0.317] (conf   1/  1) +
HN   LEU   36  B [     4.715     -0.895     -0.630] (conf   1/  1) +
CA   LEU   36  B [     5.596     -0.317      1.159] (conf   1/  1) +
HA   LEU   36  B [     5.572     -0.965      2.023] (conf  27/ 27) +
CB   LEU   36  B [     6.984     -0.434      0.483] (conf  27/ 27) +
HB1  LEU   36  B [     6.989      0.149     -0.463] (conf  27/ 27) +
HB2  LEU   36  B [     7.745      0.022      1.157] (conf  27/ 27) +
CG   LEU   36  B [     7.427     -1.878      0.193] (conf  27/ 27) +
HG   LEU   36  B [     6.778     -2.280     -0.618] (conf  27/ 27) +
CD1  LEU   36  B [     8.884     -1.854     -0.275] (conf  27/ 27) +
HD11 LEU   36  B [     9.231     -2.884     -0.502] (conf  27/ 27) +
HD12 LEU   36  B [     8.992     -1.228     -1.184] (conf  27/ 27) +
HD13 LEU   36  B [     9.530     -1.433      0.527] (conf  27/ 27) +
CD2  LEU   36  B [     7.312     -2.828      1.405] (conf  27/ 27) +
HD21 LEU   36  B [     7.652     -3.847      1.122] (conf  27/ 27) +
HD22 LEU   36  B [     7.949     -2.464      2.238] (conf  27/ 27) +
HD23 LEU   36  B [     6.265     -2.904      1.759] (conf  27/ 27) +
C    LEU   36  B [     5.419      1.071      1.690] (conf   1/  1) +
O    LEU   36  B [     5.695      1.339      2.858] (conf   1/  1) +
N    LEU   37  B [     4.949      1.996      0.832] (conf   1/  1) +
HN   LEU   37  B [     4.727      1.826     -0.126] (conf   1/  1) +
CA   LEU   37  B [     4.724      3.370      1.263] (conf   1/  1) +
HA   LEU   37  B [     5.644      3.707      1.719] (conf  27/ 27) +
CB   LEU   37  B [     4.339      4.354      0.131] (conf  27/ 27) +
HB1  LEU   37  B [     3.451      3.967     -0.413] (conf  27/ 27) +
HB2  LEU   37  B [     4.047      5.325      0.591] (conf  27/ 27) +
CG   LEU   37  B [     5.468      4.636     -0.874] (conf  27/ 27) +
HG   LEU   37  B [     5.639      3.710     -1.468] (conf  27/ 27) +
CD1  LEU   37  B [     5.020      5.769     -1.801] (conf  27/ 27) +
HD11 LEU   37  B [     5.811      5.990     -2.547] (conf  27/ 27) +
HD12 LEU   37  B [     4.088      5.491     -2.335] (conf  27/ 27) +
HD13 LEU   37  B [     4.828      6.689     -1.207] (conf  27/ 27) +
CD2  LEU   37  B [     6.809      5.034     -0.220] (conf  27/ 27) +
HD21 LEU   37  B [     7.571      5.226     -1.005] (conf  27/ 27) +
HD22 LEU   37  B [     6.683      5.958      0.381] (conf  27/ 27) +
HD23 LEU   37  B [     7.191      4.227      0.436] (conf  27/ 27) +
C    LEU   37  B [     3.691      3.429      2.344] (conf   1/  1) +
O    LEU   37  B [     3.841      4.163      3.319] (conf   1/  1) +
N    GLY   38  B [     2.606      2.646      2.194] (conf   1/  1) +
HN   GLY   38  B [     2.459      2.053      1.403] (conf   1/  1) +
CA   GLY   38  B [     1.558      2.619      3.205] (conf   1/  1) +
HA1  GLY   38  B [     0.797      1.926      2.872] (conf   1/  1) +
HA2  GLY   38  B [     1.206      3.631      3.347] (conf   1/  1) +
C    GLY   38  B [     2.090      2.127      4.515] (conf   1/  1) +
O    GLY   38  B [     1.763      2.665      5.570] (conf   1/  1) +
N    ALA   39  B [     2.933      1.077      4.474] (conf   1/  1) +
HN   ALA   39  B [     3.204      0.613      3.631] (conf   1/  1) +
CA   ALA   39  B [     3.518      0.542      5.697] (conf   1/  1) +
HA   ALA   39  B [     2.743      0.269      6.403] (conf   1/  1) +
CB   ALA   39  B [     4.329     -0.739      5.391] (conf   1/  1) +
HB1  ALA   39  B [     3.663     -1.501      4.932] (conf   1/  1) +
HB2  ALA   39  B [     5.153     -0.528      4.675] (conf   1/  1) +
HB3  ALA   39  B [     4.766     -1.177      6.314] (conf   1/  1) +
C    ALA   39  B [     4.368      1.568      6.378] (conf   1/  1) +
O    ALA   39  B [     4.332      1.709      7.598] (conf   1/  1) +
N    LEU   40  B [     5.164      2.319      5.590] (conf   1/  1) +
HN   LEU   40  B [     5.236      2.229      4.599] (conf   1/  1) +
CA   LEU   40  B [     6.011      3.359      6.160] (conf   1/  1) +
HA   LEU   40  B [     6.586      2.894      6.947] (conf  27/ 27) +
CB   LEU   40  B [     6.984      4.028      5.159] (conf  27/ 27) +
HB1  LEU   40  B [     6.413      4.423      4.291] (conf  27/ 27) +
HB2  LEU   40  B [     7.466      4.898      5.661] (conf  27/ 27) +
CG   LEU   40  B [     8.105      3.105      4.652] (conf  27/ 27) +
HG   LEU   40  B [     7.644      2.334      3.993] (conf  27/ 27) +
CD1  LEU   40  B [     9.099      3.945      3.846] (conf  27/ 27) +
HD11 LEU   40  B [     9.917      3.304      3.457] (conf  27/ 27) +
HD12 LEU   40  B [     8.591      4.439      2.993] (conf  27/ 27) +
HD13 LEU   40  B [     9.544      4.729      4.497] (conf  27/ 27) +
CD2  LEU   40  B [     8.873      2.372      5.773] (conf  27/ 27) +
HD21 LEU   40  B [     9.665      1.730      5.333] (conf  27/ 27) +
HD22 LEU   40  B [     9.352      3.107      6.453] (conf  27/ 27) +
HD23 LEU   40  B [     8.197      1.722      6.365] (conf  27/ 27) +
C    LEU   40  B [     5.187      4.414      6.830] (conf   1/  1) +
O    LEU   40  B [     5.526      4.886      7.913] (conf   1/  1) +
N    LEU   41  B [     4.070      4.812      6.189] (conf   1/  1) +
HN   LEU   41  B [     3.765      4.467      5.304] (conf   1/  1) +
CA   LEU   41  B [     3.194      5.818      6.772] (conf   1/  1) +
HA   LEU   41  B [     3.817      6.667      7.016] (conf  27/ 27) +
CB   LEU   41  B [     2.042      6.291      5.853] (conf  27/ 27) +
HB1  LEU   41  B [     1.452      5.413      5.512] (conf  27/ 27) +
HB2  LEU   41  B [     1.357      6.938      6.447] (conf  27/ 27) +
CG   LEU   41  B [     2.500      7.102      4.629] (conf  27/ 27) +
HG   LEU   41  B [     3.033      6.409      3.938] (conf  27/ 27) +
CD1  LEU   41  B [     1.262      7.674      3.934] (conf  27/ 27) +
HD11 LEU   41  B [     1.560      8.257      3.038] (conf  27/ 27) +
HD12 LEU   41  B [     0.577      6.859      3.622] (conf  27/ 27) +
HD13 LEU   41  B [     0.718      8.349      4.630] (conf  27/ 27) +
CD2  LEU   41  B [     3.460      8.264      4.966] (conf  27/ 27) +
HD21 LEU   41  B [     3.743      8.803      4.037] (conf  27/ 27) +
HD22 LEU   41  B [     2.965      8.981      5.653] (conf  27/ 27) +
HD23 LEU   41  B [     4.389      7.893      5.442] (conf  27/ 27) +
C    LEU   41  B [     2.627      5.346      8.075] (conf   1/  1) +
O    LEU   41  B [     2.547      6.104      9.039] (conf   1/  1) +
N    ALA   42  B [     2.215      4.064      8.130] (conf   1/  1) +
HN   ALA   42  B [     2.256      3.434      7.355] (conf   1/  1) +
CA   ALA   42  B [     1.670      3.508      9.360] (conf   1/  1) +
HA   ALA   42  B [     0.831      4.100      9.709] (conf   1/  1) +
CB   ALA   42  B [     1.146      2.074      9.117] (conf   1/  1) +
HB1  ALA   42  B [     0.358      2.092      8.334] (conf   1/  1) +
HB2  ALA   42  B [     1.962      1.405      8.765] (conf   1/  1) +
HB3  ALA   42  B [     0.704      1.637     10.039] (conf   1/  1) +
C    ALA   42  B [     2.689      3.531     10.458] (conf   1/  1) +
O    ALA   42  B [     2.377      3.859     11.601] (conf   1/  1) +
N    VAL   43  B [     3.947      3.180     10.127] (conf   1/  1) +
HN   VAL   43  B [     4.238      2.897      9.217] (conf   1/  1) +
CA   VAL   43  B [     5.010      3.193     11.122] (conf   1/  1) +
HA   VAL   43  B [     4.682      2.590     11.959] (conf   6/  6) +
CB   VAL   43  B [     6.278      2.548     10.570] (conf   6/  6) +
HB   VAL   43  B [     6.524      2.982      9.575] (conf   6/  6) +
CG1  VAL   43  B [     7.477      2.782     11.498] (conf   6/  6) +
HG11 VAL   43  B [     8.381      2.291     11.084] (conf   6/  6) +
HG12 VAL   43  B [     7.698      3.864     11.605] (conf   6/  6) +
HG13 VAL   43  B [     7.270      2.358     12.504] (conf   6/  6) +
CG2  VAL   43  B [     5.992      1.036     10.435] (conf   6/  6) +
HG21 VAL   43  B [     6.886      0.508     10.042] (conf   6/  6) +
HG22 VAL   43  B [     5.738      0.605     11.427] (conf   6/  6) +
HG23 VAL   43  B [     5.143      0.854      9.745] (conf   6/  6) +
C    VAL   43  B [     5.227      4.575     11.657] (conf   1/  1) +
O    VAL   43  B [     5.414      4.764     12.856] (conf   1/  1) +
N    LEU   44  B [     5.206      5.584     10.763] (conf   1/  1) +
HN   LEU   44  B [     5.072      5.474      9.780] (conf   1/  1) +
CA   LEU   44  B [     5.386      6.964     11.191] (conf   1/  1) +
HA   LEU   44  B [     6.295      6.991     11.776] (conf  27/ 27) +
CB   LEU   44  B [     5.501      7.995     10.041] (conf  27/ 27) +
HB1  LEU   44  B [     4.618      7.907      9.372] (conf  27/ 27) +
HB2  LEU   44  B [     5.484      9.018     10.480] (conf  27/ 27) +
CG   LEU   44  B [     6.786      7.870      9.205] (conf  27/ 27) +
HG   LEU   44  B [     6.723      6.925      8.618] (conf  27/ 27) +
CD1  LEU   44  B [     6.863      9.066      8.253] (conf  27/ 27) +
HD11 LEU   44  B [     7.777      8.998      7.626] (conf  27/ 27) +
HD12 LEU   44  B [     5.974      9.096      7.591] (conf  27/ 27) +
HD13 LEU   44  B [     6.904     10.010      8.837] (conf  27/ 27) +
CD2  LEU   44  B [     8.082      7.821     10.044] (conf  27/ 27) +
HD21 LEU   44  B [     8.963      7.735      9.374] (conf  27/ 27) +
HD22 LEU   44  B [     8.184      8.748     10.644] (conf  27/ 27) +
HD23 LEU   44  B [     8.086      6.948     10.727] (conf  27/ 27) +
C    LEU   44  B [     4.293      7.382     12.124] (conf   1/  1) +
O    LEU   44  B [     4.541      8.048     13.126] (conf   1/  1) +
N    ILE   45  B [     3.041      6.993     11.810] (conf   1/  1) +
HN   ILE   45  B [     2.792      6.465     11.001] (conf   1/  1) +
CA   ILE   45  B [     1.917      7.334     12.669] (conf   1/  1) +
HA   ILE   45  B [     1.988      8.402     12.830] (conf  15/ 15) +
CB   ILE   45  B [     0.513      7.079     12.055] (conf  15/ 15) +
HB   ILE   45  B [    -0.258      7.394     12.797] (conf  15/ 15) +
CG2  ILE   45  B [     0.347      7.994     10.804] (conf  15/ 15) +
HG21 ILE   45  B [    -0.657      7.859     10.352] (conf  15/ 15) +
HG22 ILE   45  B [     0.458      9.061     11.091] (conf  15/ 15) +
HG23 ILE   45  B [     1.112      7.752     10.039] (conf  15/ 15) +
CG1  ILE   45  B [     0.257      5.574     11.775] (conf  15/ 15) +
HG11 ILE   45  B [     0.980      5.229     11.005] (conf  15/ 15) +
HG12 ILE   45  B [     0.467      5.001     12.705] (conf  15/ 15) +
CD   ILE   45  B [    -1.173      5.212     11.311] (conf  15/ 15) +
HD1  ILE   45  B [    -1.256      4.117     11.147] (conf  15/ 15) +
HD2  ILE   45  B [    -1.919      5.509     12.079] (conf  15/ 15) +
HD3  ILE   45  B [    -1.419      5.726     10.360] (conf  15/ 15) +
C    ILE   45  B [     2.075      6.725     14.028] (conf   1/  1) +
O    ILE   45  B [     1.803      7.366     15.041] (conf   1/  1) +
N    LEU   46  B [     2.526      5.456     14.078] (conf   1/  1) +
HN   LEU   46  B [     2.745      4.896     13.282] (conf   1/  1) +
CA   LEU   46  B [     2.733      4.788     15.355] (conf   1/  1) +
HA   LEU   46  B [     1.811      4.887     15.909] (conf  27/ 27) +
CB   LEU   46  B [     3.097      3.287     15.253] (conf  27/ 27) +
HB1  LEU   46  B [     3.987      3.161     14.599] (conf  27/ 27) +
HB2  LEU   46  B [     3.378      2.921     16.267] (conf  27/ 27) +
CG   LEU   46  B [     1.957      2.393     14.735] (conf  27/ 27) +
HG   LEU   46  B [     1.796      2.630     13.659] (conf  27/ 27) +
CD1  LEU   46  B [     2.382      0.930     14.884] (conf  27/ 27) +
HD11 LEU   46  B [     1.583      0.258     14.508] (conf  27/ 27) +
HD12 LEU   46  B [     3.314      0.734     14.315] (conf  27/ 27) +
HD13 LEU   46  B [     2.565      0.697     15.956] (conf  27/ 27) +
CD2  LEU   46  B [     0.615      2.594     15.471] (conf  27/ 27) +
HD21 LEU   46  B [    -0.155      1.916     15.048] (conf  27/ 27) +
HD22 LEU   46  B [     0.732      2.364     16.550] (conf  27/ 27) +
HD23 LEU   46  B [     0.249      3.635     15.362] (conf  27/ 27) +
C    LEU   46  B [     3.772      5.495     16.168] (conf   1/  1) +
O    LEU   46  B [     3.618      5.668     17.375] (conf   1/  1) +
N    ILE   47  B [     4.868      5.927     15.513] (conf   1/  1) +
HN   ILE   47  B [     5.042      5.797     14.539] (conf   1/  1) +
CA   ILE   47  B [     5.923      6.645     16.217] (conf   1/  1) +
HA   ILE   47  B [     6.170      6.031     17.074] (conf  15/ 15) +
CB   ILE   47  B [     7.243      6.832     15.420] (conf  15/ 15) +
HB   ILE   47  B [     7.971      7.376     16.068] (conf  15/ 15) +
CG2  ILE   47  B [     7.849      5.426     15.128] (conf  15/ 15) +
HG21 ILE   47  B [     8.809      5.521     14.582] (conf  15/ 15) +
HG22 ILE   47  B [     8.042      4.887     16.079] (conf  15/ 15) +
HG23 ILE   47  B [     7.153      4.822     14.513] (conf  15/ 15) +
CG1  ILE   47  B [     7.048      7.711     14.155] (conf  15/ 15) +
HG11 ILE   47  B [     6.360      7.183     13.460] (conf  15/ 15) +
HG12 ILE   47  B [     6.550      8.659     14.457] (conf  15/ 15) +
CD   ILE   47  B [     8.340      8.080     13.389] (conf  15/ 15) +
HD1  ILE   47  B [     8.095      8.713     12.510] (conf  15/ 15) +
HD2  ILE   47  B [     9.034      8.645     14.046] (conf  15/ 15) +
HD3  ILE   47  B [     8.856      7.167     13.027] (conf  15/ 15) +
C    ILE   47  B [     5.406      7.926     16.792] (conf   1/  1) +
OT1  ILE   47  B [     4.193      8.210     16.609] (conf   1/  1) +
OT2  ILE   47  B [     6.212      8.655     17.431] (conf   1/  1) +

================  ======================
Interaction Type    Energy                
================  ======================
CHARMM_IMM1                    28.552666
CHARMM_IMM1REF               -387.930660
CHARMM_VDW                    -68.007693
SCWRL4_HBOND                  -58.005803
================  ======================
Total                        -485.391490
================  ======================

Removing Hbonds from A,24
Removing Hbonds from A,47
Removing Hbonds from A,25
Removing Hbonds from A,46
Removing Hbonds from A,26
Removing Hbonds from A,45
Cycle 0 converged in 1 cycles with Energy -224.846
State 0 289,23,34,7,7,106,34,2,2,2,2,2,2,5,2,8,2,8
Cycle 1 converged in 2 cycles with Energy -224.846
State 1 289,23,34,7,7,106,34,2,2,2,2,2,2,5,2,8,2,8
Cycle 2 converged in 2 cycles with Energy -224.846
State 2 289,23,34,7,7,106,34,2,2,2,2,2,2,5,2,8,2,8
Cycle 0 converged in 3 cycles with Energy -227.997
State 0 289,23,34,7,7,106,34,2,2,2,2,2,2,5,2,8,2,8
Cycle 1 converged in 2 cycles with Energy -227.997
State 1 289,23,34,7,7,106,34,2,2,2,2,2,2,5,2,8,2,8
Cycle 2 converged in 2 cycles with Energy -227.997
State 2 289,23,34,7,7,106,34,2,2,2,2,2,2,5,2,8,2,8
Cycle 0 converged in 2 cycles with Energy -230.798
State 0 289,23,1,7,7,106,2,2,2,2,2,2,2,5,2,8,2,8
Cycle 1 converged in 2 cycles with Energy -230.798
State 1 289,23,1,7,7,106,2,2,2,2,2,2,2,5,2,8,2,8
Cycle 2 converged in 2 cycles with Energy -230.769
State 2 289,23,34,7,7,106,34,2,2,2,2,2,2,5,2,8,2,8
Cycle 0 converged in 1 cycles with Energy -232.927
State 0 289,23,1,7,7,106,2,2,2,2,2,2,2,5,2,8,2,8
Cycle 1 converged in 2 cycles with Energy -232.927
State 1 289,23,1,7,7,106,2,2,2,2,2,2,2,5,2,8,2,8
Cycle 2 converged in 2 cycles with Energy -232.927
State 2 289,23,1,7,7,106,2,2,2,2,2,2,2,5,2,8,2,8
Cycle 0 converged in 2 cycles with Energy -233.608
State 0 198,22,8,7,1,26,2,2,2,2,2,2,2,5,2,8,2,8
Cycle 1 converged in 2 cycles with Energy -232.792
State 1 198,22,34,7,34,26,5,2,5,2,2,2,2,5,2,8,2,8
Cycle 2 converged in 2 cycles with Energy -233.358
State 2 198,22,8,7,34,26,2,2,5,2,2,2,2,5,2,8,2,8
Cycle 0 converged in 3 cycles with Energy -233.301
State 0 238,22,8,7,1,26,2,2,2,2,2,2,2,5,2,8,2,8
Cycle 1 converged in 3 cycles with Energy -233.301
State 1 238,22,8,7,1,26,2,2,2,2,2,2,2,5,2,8,2,8
Cycle 2 converged in 4 cycles with Energy -233.301
State 2 238,22,8,7,1,26,2,2,2,2,2,2,2,5,2,8,2,8
Cycle 0 converged in 3 cycles with Energy -231.327
State 0 238,9,8,2,2,26,2,2,2,2,2,2,2,5,2,8,2,8
Cycle 1 converged in 2 cycles with Energy -230.855
State 1 238,9,34,28,2,26,5,2,2,2,2,2,2,5,2,8,2,8
Cycle 2 converged in 2 cycles with Energy -231.327
State 2 238,9,8,2,2,26,2,2,2,2,2,2,2,5,2,8,2,8
Cycle 0 converged in 2 cycles with Energy -227.558
State 0 238,9,8,2,2,26,2,2,2,2,2,2,2,5,2,8,2,8
Cycle 1 converged in 2 cycles with Energy -227.558
State 1 238,9,8,2,2,26,2,2,2,2,2,2,2,5,2,8,2,8
Cycle 2 converged in 3 cycles with Energy -227.558
State 2 238,9,8,2,2,26,2,2,2,2,2,2,2,5,2,8,2,8
Cycle 0 converged in 2 cycles with Energy -222.168
State 0 238,9,8,2,2,26,2,2,2,2,2,2,2,5,2,8,2,8
Cycle 1 converged in 2 cycles with Energy -221.739
State 1 238,9,34,28,2,26,5,2,2,2,2,2,2,5,2,8,2,8
Cycle 2 converged in 3 cycles with Energy -222.168
State 2 238,9,8,2,2,26,2,2,2,2,2,2,2,5,2,8,2,8
Cycle 0 converged in 2 cycles with Energy -215.8
State 0 238,9,8,2,2,26,2,2,2,2,2,2,2,5,2,8,2,8
Cycle 1 converged in 3 cycles with Energy -215.8
State 1 238,9,8,2,2,26,2,2,2,2,2,2,2,5,2,8,2,8
Cycle 2 converged in 2 cycles with Energy -215.38
State 2 238,9,34,28,2,26,5,2,2,2,2,2,2,5,2,8,2,8
Cycle 0 converged in 2 cycles with Energy -209.226
State 0 238,9,8,2,2,26,2,2,2,2,2,2,2,5,2,8,2,8
Cycle 1 converged in 3 cycles with Energy -209.226
State 1 238,9,8,2,2,26,2,2,2,2,2,2,2,5,2,8,2,8
Cycle 2 converged in 3 cycles with Energy -208.874
State 2 238,9,8,2,34,26,2,2,5,2,2,2,2,5,2,8,2,8CCycle 0 converged in 4 cycles with Energy -203.206
State 0 238,9,8,2,2,26,2,2,2,2,2,2,2,5,2,8,2,8
Cycle 1 converged in 2 cycles with Energy -202.792
State 1 238,9,34,28,2,26,5,2,2,2,2,2,2,5,2,8,2,8
Cycle 2 converged in 4 cycles with Energy -203.206
State 2 238,9,8,2,2,26,2,2,2,2,2,2,2,5,2,8,2,8CCycle 0 converged in 2 cycles with Energy -239.283
State 0 289,22,7,7,1,106,2,2,2,2,2,2,2,5,2,8,2,8
Cycle 1 converged in 2 cycles with Energy -239.283
State 1 289,22,7,7,1,106,2,2,2,2,2,2,2,5,2,8,2,8
Cycle 2 converged in 3 cycles with Energy -239.283
State 2 289,22,7,7,1,106,2,2,2,2,2,2,2,5,2,8,2,8CCycle 0 converged in 2 cycles with Energy -229.989
State 0 238,22,8,7,7,26,2,2,2,2,2,2,2,5,2,8,2,8
Cycle 1 converged in 2 cycles with Energy -229.463
State 1 238,22,34,7,7,26,5,2,2,2,2,2,2,5,2,8,2,8
Cycle 2 converged in 2 cycles with Energy -229.463
State 2 238,22,34,7,7,26,5,2,2,2,2,2,2,5,2,8,2CycCycle 0 converged in 3 cycles with Energy -218.313
State 0 238,9,8,2,2,26,2,2,2,2,2,2,2,5,2,8,2,8
Cycle 1 converged in 2 cycles with Energy -217.839
State 1 238,9,34,28,2,26,5,2,2,2,2,2,2,5,2,8,2,8
Cycle 2 converged in 1 cycles with Energy -218.313
State 2 238,9,8,2,2,26,2,2,2,2,2,2,2,5,2,8,2CycCycle 0 converged in 2 cycles with Energy -230.57
State 0 289,9,8,1,2,26,2,2,2,2,2,2,2,5,2,8,2,8
Cycle 1 converged in 1 cycles with Energy -229.982
State 1 289,9,34,28,2,26,5,2,2,2,2,2,2,5,2,8,2,8
Cycle 2 converged in 3 cycles with Energy -230.57
State 2 289,9,8,1,2,26,2,2,2,2,2,2,2,5,2,8,2CycCycle 0 converged in 2 cycles with Energy -240.086
State 0 289,22,7,7,1,97,2,2,2,2,2,2,2,5,2,8,2,8
Cycle 1 converged in 2 cycles with Energy -240.086
State 1 289,22,7,7,1,97,2,2,2,2,2,2,2,5,2,8,2,8
Cycle 2 converged in 3 cycles with Energy -240.086
State 2 289,22,7,7,1,97,2,2,2,2,2,2,2,5,2,8,2,8CCycle 0 converged in 2 cycles with Energy -221.001
State 0 238,22,1,7,7,26,2,2,2,2,2,2,2,5,2,8,2,8CCycle 1 converged in 3 cycles with Energy -221.001
State 1 238,22,1,7,7,26,2,2,2,2,2,2,2,5,2,8,2,8
Cycle 2 converged in 2 cycles with Energy -220.15
State 2 238,22,34,28,7,26,5,34,28,5,2,2,2,5,2,8,2,8
Cycle 0 converged in 2 cycles with Energy -191.089
State 0 26,9,8,2,2,26,2,2,2,2,2,2,2,5,2,8,2,8
Cycle 1 converged in 2 cycles with Energy -191.089
State 1 26,9,8,2,2,26,2,2,2,2,2,2,2,5,2,8,2,8
Cycle 2 converged in 3 cycles with Energy -191.089
State 2 26,9,8,2,2,26,2,2,2,2,2,2,2,5,2,8,2,8
Cycle 0 converged in 2 cycles with Energy -220.67
State 0 108,9,8,2,2,26,2,2,2,2,2,2,2,5,2,8,2,8
Cycle 1 converged in 3 cycles with Energy -220.331
State 1 108,9,8,2,34,26,2,2,5,2,2,2,2,5,2,8,2,8
Cycle 2 converged in 2 cycles with Energy -220.67
State 2 108,9,8,2,2,26,2,2,2,2,2,2,2,5,2,8,2,8
Cycle 0 converged in 1 cycles with Energy -235.207
State 0 289,22,7,7,1,97,2,2,2,2,2,2,2,5,2,8,2,8
Cycle 1 converged in 2 cycles with Energy -234.543
State 1 289,22,34,7,34,26,5,2,5,2,2,2,2,5,2,8,2,8
Cycle 2 converged in 2 cycles with Energy -235.394
State 2 289,22,1,7,1,26,2,2,2,2,2,2,2,5,2,8,2,8
Cycle 0 converged in 2 cycles with Energy -205.861
State 0 238,22,8,28,7,26,2,2,2,2,2,2,2,5,2,8,2,8
Cycle 1 converged in 4 cycles with Energy -205.861
State 1 238,22,8,28,7,26,2,2,2,2,2,2,2,5,2,8,2,8
Cycle 2 converged in 3 cycles with Energy -205.432
State 2 238,22,8,28,7,26,2,34,2,5,2,2,2,5,2,8,2,8CCycle 0 converged in 1 cycles with Energy -181.706
State 0 70,23,24,2,2,106,2,2,2,2,2,2,2,5,2,8,2,CyCycle 1 converged in 2 cycles with Energy -181.847
State 1 70,8,20,2,2,2,2,2,2,2,2,2,2,5,2,8,2,8
Cycle 2 converged in 2 cycles with Energy -182.868
State 2 18,9,34,28,2,26,5,2,2,2,2,2,2,5,2,8,2,8
Cycle 0 converged in 3 cycles with Energy -203.758
State 0 78,9,8,2,2,26,2,2,2,2,2,2,2,5,2,8,2,8
Cycle 1 converged in 2 cycles with Energy -203.758
State 1 78,9,8,2,2,26,2,2,2,2,2,2,2,5,2,8,2,8
Cycle 2 converged in 3 cycles with Energy -203.758
State 2 78,9,8,2,2,26,2,2,2,2,2,2,2,5,2,8,2,8
Cycle 0 converged in 2 cycles with Energy -240.134
State 0 289,22,7,7,1,97,2,2,2,2,2,2,2,5,2,8,2,8
Cycle 1 converged in 3 cycles with Energy -239.961
State 1 289,22,7,7,34,97,2,2,5,2,2,2,2,5,2,8,2,8
Cycle 2 converged in 1 cycles with Energy -240.134
State 2 289,22,7,7,1,97,2,2,2,2,2,2,2,5,2,8,2,8
Cycle 0 converged in 2 cycles with Energy -240.262
State 0 289,22,7,7,1,97,2,2,2,2,2,2,2,5,2,8,2,8
Cycle 1 converged in 2 cycles with Energy -240.262
State 1 289,22,7,7,1,97,2,2,2,2,2,2,2,5,2,8,2,8
Cycle 2 converged in 2 cycles with Energy -240.084
State 2 289,22,7,7,34,97,2,2,5,2,2,2,2,5,2,8,2,8
Cycle 0 converged in 2 cycles with Energy -240.34
State 0 289,22,7,7,1,97,2,2,2,2,2,2,2,5,2,8,2,8
Cycle 1 converged in 2 cycles with Energy -240.34
State 1 289,22,7,7,1,97,2,2,2,2,2,2,2,5,2,8,2,8
Cycle 2 converged in 2 cycles with Energy -240.156
State 2 289,22,7,7,34,97,2,2,5,2,2,2,2,5,2,8,2,8
Cycle 0 converged in 2 cycles with Energy -240.399
State 0 289,22,7,7,1,97,2,2,2,2,2,2,2,5,2,8,2,8
Cycle 1 converged in 3 cycles with Energy -240.553
State 1 289,22,1,7,1,26,2,2,2,2,2,2,2,5,2,8,2,8
Cycle 2 converged in 1 cycles with Energy -240.205
State 2 289,22,7,7,34,97,2,2,5,2,2,2,2,5,2,8,2,8
Cycle 0 converged in 2 cycles with Energy -240.396
State 0 289,22,7,7,1,97,2,2,2,2,2,2,2,5,2,8,2,8
Cycle 1 converged in 2 cycles with Energy -240.207
State 1 289,22,7,7,34,97,2,2,5,2,2,2,2,5,2,8,2,8
Cycle 2 converged in 2 cycles with Energy -240.552
State 2 289,22,1,7,1,26,2,2,2,2,2,2,2,5,2,8,2,8
Cycle 0 converged in 2 cycles with Energy -240.341
State 0 289,22,7,7,1,97,2,2,2,2,2,2,2,5,2,8,2,8
Cycle 1 converged in 2 cycles with Energy -240.145
State 1 289,22,7,7,34,97,2,2,5,2,2,2,2,5,2,8,2,8
Cycle 2 converged in 2 cycles with Energy -240.145
State 2 289,22,7,7,34,97,2,2,5,2,2,2,2,5,2,8,2,8
Cycle 0 converged in 2 cycles with Energy -240.394
State 0 289,22,7,7,1,97,2,2,2,2,2,2,2,5,2,8,2,8
Cycle 1 converged in 2 cycles with Energy -240.56
State 1 289,22,1,7,1,26,2,2,2,2,2,2,2,5,2,8,2,8
Cycle 2 converged in 2 cycles with Energy -240.394
State 2 289,22,7,7,1,97,2,2,2,2,2,2,2,5,2,8,2,8
Cycle 0 converged in 1 cycles with Energy -240.394
State 0 289,22,7,7,1,97,2,2,2,2,2,2,2,5,2,8,2,8
Cycle 1 converged in 1 cycles with Energy -240.202
State 1 289,22,7,7,34,97,2,2,5,2,2,2,2,5,2,8,2,8
Cycle 2 converged in 1 cycles with Energy -240.202
State 2 289,22,7,7,34,97,2,2,5,2,2,2,2,5,2,8,2,8
Cycle 0 converged in 2 cycles with Energy -240.314
State 0 289,22,7,7,1,97,2,2,2,2,2,2,2,5,2,8,2,8
Cycle 1 converged in 2 cycles with Energy -240.115
State 1 289,22,7,7,34,97,2,2,5,2,2,2,2,5,2,8,2,8
Cycle 2 converged in 2 cycles with Energy -240.314
State 2 289,22,7,7,1,97,2,2,2,2,2,2,2,5,2,8,2,8
Cycle 0 converged in 2 cycles with Energy -240.399
State 0 289,22,7,7,1,97,2,2,2,2,2,2,2,5,2,8,2,8
Cycle 1 converged in 2 cycles with Energy -240.203
State 1 289,22,7,7,34,97,2,2,5,2,2,2,2,5,2,8,2,8
Cycle 2 converged in 2 cycles with Energy -240.399
State 2 289,22,7,7,1,97,2,2,2,2,2,2,2,5,2,8,2,8CCycle 0 converged in 2 cycles with Energy -240.402
State 0 289,22,7,7,1,97,2,2,2,2,2,2,2,5,2,8,2,8CCycle 1 converged in 3 cycles with Energy -240.563
State 1 289,22,1,7,1,26,2,2,2,2,2,2,2,5,2,8,2,8
Cycle 2 converged in 2 cycles with Energy -240.402
State 2 289,22,7,7,1,97,2,2,2,2,2,2,2,5,2,8,2,8
Cycle 0 converged in 2 cycles with Energy -240.201
State 0 289,22,7,7,34,97,2,2,5,2,2,2,2,5,2,8,2,Cycle 1 converged in 5 cycles with Energy -240.179
State 1 289,22,7,7,34,97,2,2,5,2,2,2,2,5,2,8,2,8
CyCycle 2 converged in 2 cycles with Energy -240.303
State 2 289,22,1,7,34,26,2,2,5,2,2,2,2,5,2,8,2,Cycle 0 converged in 2 cycles with Energy -240.12
State 0 289,22,7,7,34,97,2,2,5,2,2,2,2,5,2,8,2,8
Cycle 1 converged in 3 cycles with Energy -240.241
State 1 289,22,1,7,34,26,2,2,5,2,2,2,2,5,2,8,2,8
Cycle 2 converged in 2 cycles with Energy -240.32
State 2 289,22,7,7,1,97,2,2,2,2,2,2,2,5,2,8,2,8
Cycle 0 converged in 1 cycles with Energy -240.381
State 0 289,22,7,7,1,97,2,2,2,2,2,2,2,5,2,8,2,8
Cycle 1 converged in 2 cycles with Energy -240.381
State 1 289,22,7,7,1,97,2,2,2,2,2,2,2,5,2,8,2,8
Cycle 2 converged in 2 cycles with Energy -240.381
State 2 289,22,7,7,1,97,2,2,2,2,2,2,2,5,2,8,2,8
Cycle 0 converged in 2 cycles with Energy -240.382
State 0 289,22,7,7,1,97,2,2,2,2,2,2,2,5,2,8,2,8
Cycle 1 converged in 2 cycles with Energy -240.289
State 1 289,22,1,7,34,26,2,2,5,2,2,2,2,5,2,8,2,8
Cycle 2 converged in 2 cycles with Energy -240.382
State 2 289,22,7,7,1,97,2,2,2,2,2,2,2,5,2,8,2,8
Cycle 0 converged in 2 cycles with Energy -240.378
State 0 289,22,7,7,1,97,2,2,2,2,2,2,2,5,2,8,2,8
Cycle 1 converged in 2 cycles with Energy -240.378
State 1 289,22,7,7,1,97,2,2,2,2,2,2,2,5,2,8,2,8
Cycle 2 converged in 2 cycles with Energy -240.378
State 2 289,22,7,7,1,97,2,2,2,2,2,2,2,5,2,8,2,8
Cycle 0 converged in 2 cycles with Energy -240.38
State 0 289,22,7,7,1,97,2,2,2,2,2,2,2,5,2,8,2,8
Cycle 1 converged in 2 cycles with Energy -240.286
State 1 289,22,1,7,34,26,2,2,5,2,2,2,2,5,2,8,2,8
Cycle 2 converged in 2 cycles with Energy -240.38
State 2 289,22,7,7,1,97,2,2,2,2,2,2,2,5,2,8,2,8
Cycle 0 converged in 2 cycles with Energy -240.338
State 0 289,22,7,7,1,97,2,2,2,2,2,2,2,5,2,8,2,8
Cycle 1 converged in 1 cycles with Energy -240.338
State 1 289,22,7,7,1,97,2,2,2,2,2,2,2,5,2,8,2,8
Cycle 2 converged in 2 cycles with Energy -240.138
State 2 289,22,7,7,34,97,2,2,5,2,2,2,2,5,2,8,2,8
Cycle 0 converged in 1 cycles with Energy -240.396
State 0 289,22,7,7,1,97,2,2,2,2,2,2,2,5,2,8,2,8
Cycle 1 converged in 2 cycles with Energy -240.199
State 1 289,22,7,7,34,97,2,2,5,2,2,2,2,5,2,8,2,8
Cycle 2 converged in 2 cycles with Energy -240.396
State 2 289,22,7,7,1,97,2,2,2,2,2,2,2,5,2,8,2,8
Cycle 0 converged in 1 cycles with Energy -240.182
State 0 289,22,7,7,34,97,2,2,5,2,2,2,2,5,2,8,2,8
Cycle 1 converged in 3 cycles with Energy -240.554
State 1 289,22,1,7,1,26,2,2,2,2,2,2,2,5,2,8,2,8
Cycle 2 converged in 3 cycles with Energy -240.182
State 2 289,22,7,7,34,97,2,2,5,2,2,2,2,5,2,8,2,8
Cycle 0 converged in 2 cycles with Energy -240.333
State 0 289,22,7,7,1,97,2,2,2,2,2,2,2,5,2,8,2,8
Cycle 1 converged in 1 cycles with Energy -240.333
State 1 289,22,7,7,1,97,2,2,2,2,2,2,2,5,2,8,2,8
Cycle 2 converged in 3 cycles with Energy -240.333
State 2 289,22,7,7,1,97,2,2,2,2,2,2,2,5,2,8,2,8
Cycle 0 converged in 2 cycles with Energy -240.386
State 0 289,22,7,7,1,97,2,2,2,2,2,2,2,5,2,8,2,8
Cycle 1 converged in 2 cycles with Energy -240.193
State 1 289,22,7,7,34,97,2,2,5,2,2,2,2,5,2,8,2,8
Cycle 2 converged in 3 cycles with Energy -240.553
State 2 289,22,1,7,1,26,2,2,2,2,2,2,2,5,2,8,2,8
Cycle 0 converged in 2 cycles with Energy -240.377
State 0 289,22,7,7,1,97,2,2,2,2,2,2,2,5,2,8,2,8
Cycle 1 converged in 2 cycles with Energy -240.377
State 1 289,22,7,7,1,97,2,2,2,2,2,2,2,5,2,8,2,8
Cycle 2 converged in 3 cycles with Energy -240.377
State 2 289,22,7,7,1,97,2,2,2,2,2,2,2,5,2,8,2,8
Cycle 0 converged in 2 cycles with Energy -240.188
State 0 289,22,7,7,34,97,2,2,5,2,2,2,2,5,2,8,2,8
Cycle 1 converged in 2 cycles with Energy -240.385
State 1 289,22,7,7,1,97,2,2,2,2,2,2,2,5,2,8,2,8
Cycle 2 converged in 1 cycles with Energy -240.385
State 2 289,22,7,7,1,97,2,2,2,2,2,2,2,5,2,8,2,8
Cycle 0 converged in 2 cycles with Energy -240.349
State 0 289,22,7,7,1,97,2,2,2,2,2,2,2,5,2,8,2,8
Cycle 1 converged in 1 cycles with Energy -240.273
State 1 289,22,1,7,34,26,2,2,5,2,2,2,2,5,2,8,2,8
Cycle 2 converged in 2 cycles with Energy -240.159
State 2 289,22,7,7,34,97,2,2,5,2,2,2,2,5,2,8,2,8
Cycle 0 converged in 2 cycles with Energy -240.383
State 0 289,22,7,7,1,97,2,2,2,2,2,2,2,5,2,8,2,8
Cycle 1 converged in 2 cycles with Energy -240.383
State 1 289,22,7,7,1,97,2,2,2,2,2,2,2,5,2,8,2,8
Cycle 2 converged in 2 cycles with Energy -240.293
State 2 289,22,1,7,34,26,2,2,5,2,2,2,2,5,2,8,2,8
Cycle 0 converged in 2 cycles with Energy -240.387
State 0 289,22,7,7,1,97,2,2,2,2,2,2,2,5,2,8,2,8
Cycle 1 converged in 2 cycles with Energy -240.192
State 1 289,22,7,7,34,97,2,2,5,2,2,2,2,5,2,8,2,8
Cycle 2 converged in 2 cycles with Energy -240.387
State 2 289,22,7,7,1,97,2,2,2,2,2,2,2,5,2,8,2,8
Cycle 0 converged in 2 cycles with Energy -240.328
State 0 289,22,7,7,1,97,2,2,2,2,2,2,2,5,2,8,2,8
Cycle 1 converged in 1 cycles with Energy -240.328
State 1 289,22,7,7,1,97,2,2,2,2,2,2,2,5,2,8,2,8
Cycle 2 converged in 2 cycles with Energy -240.128
State 2 289,22,7,7,34,97,2,2,5,2,2,2,2,5,2,8,2,8
Cycle 0 converged in 2 cycles with Energy -240.382
State 0 289,22,7,7,1,97,2,2,2,2,2,2,2,5,2,8,2,8
Cycle 1 converged in 3 cycles with Energy -240.184
State 1 289,22,7,7,34,97,2,2,5,2,2,2,2,5,2,8,2,8
Cycle 2 converged in 3 cycles with Energy -240.557
State 2 289,22,1,7,1,26,2,2,2,2,2,2,2,5,2,8,2,8
Cycle 0 converged in 1 cycles with Energy -240.386
State 0 289,22,7,7,1,97,2,2,2,2,2,2,2,5,2,8,2,8
Cycle 1 converged in 2 cycles with Energy -240.19
State 1 289,22,7,7,34,97,2,2,5,2,2,2,2,5,2,8,2,8
Cycle 2 converged in 2 cycles with Energy -240.558
State 2 289,22,1,7,1,26,2,2,2,2,2,2,2,5,2,8,2,8
Cycle 0 converged in 1 cycles with Energy -240.383
State 0 289,22,7,7,1,97,2,2,2,2,2,2,2,5,2,8,2,8
Cycle 1 converged in 2 cycles with Energy -240.291
State 1 289,22,1,7,34,26,2,2,5,2,2,2,2,5,2,8,2,8
Cycle 2 converged in 4 cycles with Energy -240.383
State 2 289,22,7,7,1,97,2,2,2,2,2,2,2,5,2,8,2,8
Cycle 0 converged in 2 cycles with Energy -240.394
State 0 289,22,7,7,1,97,2,2,2,2,2,2,2,5,2,8,2,8
Cycle 1 converged in 2 cycles with Energy -240.394
State 1 289,22,7,7,1,97,2,2,2,2,2,2,2,5,2,8,2,8
Cycle 2 converged in 4 cycles with Energy -240.394
State 2 289,22,7,7,1,97,2,2,2,2,2,2,2,5,2,8,2,8
Cycle 0 converged in 2 cycles with Energy -240.393
State 0 289,22,7,7,1,97,2,2,2,2,2,2,2,5,2,8,2,8
Cycle 1 converged in 2 cycles with Energy -240.393
State 1 289,22,7,7,1,97,2,2,2,2,2,2,2,5,2,8,2,8
Cycle 2 converged in 1 cycles with Energy -240.393
State 2 289,22,7,7,1,97,2,2,2,2,2,2,2,5,2,8,2,8
Cycle 0 converged in 2 cycles with Energy -240.399
State 0 289,22,7,7,1,97,2,2,2,2,2,2,2,5,2,8,2,8
Cycle 1 converged in 3 cycles with Energy -240.564
State 1 289,22,1,7,1,26,2,2,2,2,2,2,2,5,2,8,2,8
Cycle 2 converged in 3 cycles with Energy -240.399
State 2 289,22,7,7,1,97,2,2,2,2,2,2,2,5,2,8,2,8
Cycle 0 converged in 2 cycles with Energy -240.388
State 0 289,22,7,7,1,97,2,2,2,2,2,2,2,5,2,8,2,8
Cycle 1 converged in 2 cycles with Energy -240.559
State 1 289,22,1,7,1,26,2,2,2,2,2,2,2,5,2,8,2,8
Cycle 2 converged in 2 cycles with Energy -240.559
State 2 289,22,1,7,1,26,2,2,2,2,2,2,2,5,2,8,2,8
Cycle 0 converged in 2 cycles with Energy -240.397
State 0 289,22,7,7,1,97,2,2,2,2,2,2,2,5,2,8,2,8
Cycle 1 converged in 2 cycles with Energy -240.397
State 1 289,22,7,7,1,97,2,2,2,2,2,2,2,5,2,8,2,8
Cycle 2 converged in 1 cycles with Energy -240.397
State 2 289,22,7,7,1,97,2,2,2,2,2,2,2,5,2,8,2,8
Cycle 0 converged in 2 cycles with Energy -240.396
State 0 289,22,7,7,1,97,2,2,2,2,2,2,2,5,2,8,2,8
Cycle 1 converged in 3 cycles with Energy -240.207
State 1 289,22,7,7,34,97,2,2,5,2,2,2,2,5,2,8,2,8
Cycle 2 converged in 2 cycles with Energy -240.396
State 2 289,22,7,7,1,97,2,2,2,2,2,2,2,5,2,8,2,8
Cycle 0 converged in 2 cycles with Energy -240.397
State 0 289,22,7,7,1,97,2,2,2,2,2,2,2,5,2,8,2,8
Cycle 1 converged in 1 cycles with Energy -240.301
State 1 289,22,1,7,34,26,2,2,5,2,2,2,2,5,2,8,2,8
Cycle 2 converged in 1 cycles with Energy -240.207
State 2 289,22,7,7,34,97,2,2,5,2,2,2,2,5,2,8,2,8
Cycle 0 converged in 2 cycles with Energy -240.39
State 0 289,22,7,7,1,97,2,2,2,2,2,2,2,5,2,8,2,8
Cycle 1 converged in 2 cycles with Energy -240.39
State 1 289,22,7,7,1,97,2,2,2,2,2,2,2,5,2,8,2,8
Cycle 2 converged in 3 cycles with Energy -240.192
State 2 289,22,7,7,34,97,2,2,5,2,2,2,2,5,2,8,2,8
Cycle 0 converged in 1 cycles with Energy -240.397
State 0 289,22,7,7,1,97,2,2,2,2,2,2,2,5,2,8,2,8
Cycle 1 converged in 2 cycles with Energy -240.397
State 1 289,22,7,7,1,97,2,2,2,2,2,2,2,5,2,8,2,8
Cycle 2 converged in 2 cycles with Energy -240.206
State 2 289,22,7,7,34,97,2,2,5,2,2,2,2,5,2,8,2,8
Cycle 0 converged in 1 cycles with Energy -240.209
State 0 289,22,7,7,34,97,2,2,5,2,2,2,2,5,2,8,2,8
Cycle 1 converged in 3 cycles with Energy -240.301
State 1 289,22,1,7,34,26,2,2,5,2,2,2,2,5,2,8,2,8
Cycle 2 converged in 2 cycles with Energy -240.209
State 2 289,22,7,7,34,97,2,2,5,2,2,2,2,5,2,8,2,8
Cycle 0 converged in 2 cycles with Energy -240.388
State 0 289,22,7,7,1,97,2,2,2,2,2,2,2,5,2,8,2,8
Cycle 1 converged in 3 cycles with Energy -240.388
State 1 289,22,7,7,1,97,2,2,2,2,2,2,2,5,2,8,2,8
Cycle 2 converged in 3 cycles with Energy -240.188
State 2 289,22,7,7,34,97,2,2,5,2,2,2,2,5,2,8,2,8
Cycle 0 converged in 2 cycles with Energy -240.401
State 0 289,22,7,7,1,97,2,2,2,2,2,2,2,5,2,8,2,8
Cycle 1 converged in 2 cycles with Energy -240.207
State 1 289,22,7,7,34,97,2,2,5,2,2,2,2,5,2,8,2,8
Cycle 2 converged in 2 cycles with Energy -240.401
State 2 289,22,7,7,1,97,2,2,2,2,2,2,2,5,2,8,2,8
Cycle 0 converged in 2 cycles with Energy -240.157
State 0 289,22,7,7,34,97,2,2,5,2,2,xShift: 7.191 Cycle 1 convergedxShift: 7.091 energy: -13.3009
xShift: 6.991 energy: -15.0372
xShift: 6.891 energy: -15.9695
xShift: 6.791 energy: -18.8981
xShift: 6.691 energy: -22.1449
xShift: 6.591 energy: -24.5427
xShift: 6.491 energy: -24.0653
Best Energy at x shift: -24.5427 at 6.591
Starting Geometry
xShift: 6.591 crossingAngle: -45.000 axialRotation: -44.676 zShift: 0.844

Current Best Energy: -24.543
==============================================
 Performing Local Monte Carlo Backbone Repack 
==============================================
MCAccept 0 xShift: 6.591 crossingAngle: -45.000 axialRotation: -44.725 zShift: 0.844 energy: -23.789
MCReject   xShift: 6.591 crossingAngle: -45.000 axialRotation: -44.725 zShift: 0.848 energy: 1.506
MCAccept 1 xShift: 6.591 crossingAngle: -45.000 axialRotation: -44.725 zShift: 0.844 energy: -24.541
MCAccept 2 xShift: 6.591 crossingAngle: -45.000 axialRotation: -44.725 zShift: 0.860 energy: -24.350
MCReject   xShift: 6.591 crossingAngle: -45.000 axialRotation: -44.725 zShift: 0.865 energy: -23.523
MCReject   xShift: 6.591 crossingAngle: -45.000 axialRotation: -44.725 zShift: 0.857 energy: 2.079
MCAccept 3 xShift: 6.591 crossingAngle: -44.999 axialRotation: -44.725 zShift: 0.860 energy: -23.551
MCAccept 4 xShift: 6.591 crossingAngle: -44.892 axialRotation: -44.725 zShift: 0.860 energy: -24.350
MCReject   xShift: 6.591 crossingAngle: -44.835 axialRotation: -44.725 zShift: 0.860 energy: 2.223
MCReject   xShift: 6.591 crossingAngle: -44.892 axialRotation: -44.725 zShift: 0.865 energy: -23.533
MCReject   xShift: 6.591 crossingAngle: -44.892 axialRotation: -44.721 zShift: 0.860 energy: -23.586
MCReject   xShift: 6.591 crossingAngle: -44.892 axialRotation: -44.734 zShift: 0.860 energy: -23.586
MCReject   xShift: 6.606 crossingAngle: -44.892 axialRotation: -44.725 zShift: 0.860 energy: -23.586
MCAccept 5 xShift: 6.591 crossingAngle: -44.892 axialRotation: -44.725 zShift: 0.867 energy: -24.269
MCReject   xShift: 6.591 crossingAngle: -44.892 axialRotation: -44.705 zShift: 0.867 energy: -23.467
MCAccept 6 xShift: 6.591 crossingAngle: -44.892 axialRotation: -44.727 zShift: 0.867 energy: -23.503
MCAccept 7 xShift: 6.591 crossingAngle: -44.892 axialRotation: -44.730 zShift: 0.867 energy: -23.503
MCAccept 8 xShift: 6.591 crossingAngle: -44.892 axialRotation: -44.730 zShift: 0.867 energy: -23.503
Best: ================  ======================
Interaction Type    Energy                
================  ======================
CHARMM_IMM1                    30.053149
CHARMM_IMM1REF   MCAccept 7 xShift: 6.469 crossingAngle: -45.017 axialRotation: -44.593 zShift: 0.861 energy: -25.253
MCReject   xShift: 6.469 crossingAngle: -45.017 axialRotation: -44.593 zShift: 0.858 energy: -23.464
MCAccept 8 xShift: 6.476 crossingAngle: -45.017 axialRotation: -44.593 zShift: 0.861 energy: -25.253
MCReject   xShift: 6.483 crossingAngle: -45.017 axialRotation: -44.593 zShift: 0.861 energy: -23.406
MCReject   xShift: 6.476 crossingAngle: -45.017 axialRotation: -44.720 zShift: 0.861 energy: -23.440
MCAccept 9 xShift: 6.476 crossingAngle: -45.017 axialRotation: -44.610 zShift: 0.861 energy: -23.406
MCAccept 10 xShift: 6.476 crossingAngle: -45.017 axialRotation: -44.825 zShift: 0.861 energy: -23.440
MCAccept 11 xShift: 6.476 crossingAngle: -45.032 axialRotation: -44.825 zShift: 0.861 energy: -25.253
MCAccept 12 xShift: 6.458 crossingAngle: -45.032 axialRotation: -44.825 zShift: 0.861 energy: -25.253
MCReject   xShift: 6.454 crossingAngle: -45.032 axialRotation: -44.825 zShift: 0.861 energy: -23.440
MCAccept 13 xShift: 6.468 crossingAngle: -45.032 axialRotation: -44.825 zShift: 0.861 energy: -25.253
MCAccept 14 xShift: 6.468 crossingAngle: -44.952 axialRotation: -44.825 zShift: 0.861 energy: -23.440
MCReject   xShift: 6.468 crossingAngle: -44.952 axialRotation: -44.825 zShift: 0.861 energy: 9.457
MCAccept 15 xShift: 6.468 crossingAngle: -44.935 axialRotation: -44.825 zShift: 0.861 energy: -25.253
MCAccept 16 xShift: 6.468 crossingAngle: -44.935 axialRotation: -44.825 zShift: 0.867 energy: -25.168
MCAccept 17 xShift: 6.468 crossingAngle: -44.954 axialRotation: -44.825 zShift: 0.867 energy: -23.339
MCAccept 18 xShift: 6.475 crossingAngle: -44.954 axialRotation: -44.825 zShift: 0.867 energy: -25.168
MCAccept 19 xShift: 6.475 crossingAngle: -44.954 axialRotation: -44.779 zShift: 0.867 energy: -25.168
MCReject   xShift: 6.475 crossingAngle: -45.021 axialRotation: -44.779 zShift: 0.867 energy: -23.339
MCAccept 20 xShift: 6.475 crossingAngle: -44.954 axialRotation: -44.756 zShift: 0.867 energy: -25.168
MCReject   xShift: 6.461 crossingAngle: -44.954 axialRotation: -44.756 zShift: 0.867 energy: -23.339
MCReject   xShift: 6.473 crossingAngle: -44.954 axialRotation: -44.756 zShift: 0.867 energy: 10.014
MCReject   xShift: 6.475 crossingAngle: -44.821 axialRotation: -44.756 zShift: 0.867 energy: -23.304
MCReject   xShift: 6.475 crossingAngle: -45.222 axialRotation: -44.756 zShift: 0.867 energy: -23.339
MCAccept 21 xShift: 6.475 crossingAngle: -44.954 axialRotation: -44.756 zShift: 0.862 energy: -25.244
MCAccept 22 xShift: 6.475 crossingAngle: -44.954 axialRotation: -44.566 zShift: 0.862 energy: -25.244
MCAccept 23 xShift: 6.475 crossingAngle: -44.954 axialRotation: -44.566 zShift: 0.862 energy: -23.429
MCAccept 24 xShift: 6.475 crossingAngle: -44.954 axialRotation: -44.433 zShift: 0.862 energy: -23.394
MCAccept 25 xShift: 6.483 crossingAngle: -44.954 axialRotation: -44.433 zShift: 0.862 energy: -25.243
MCAccept 26 xShift: 6.476 crossingAngle: -44.954 axialRotation: -44.433 zShift: 0.862 energy: -25.243
MCReject   xShift: 6.476 crossingAngle: -44.964 axialRotation: -44.433 zShift: 0.862 energy: -23.429
MCAccept 27 xShift: 6.476 crossingAngle: -44.954 axialRotation: -44.433 zShift: 0.870 energy: -25.118
MCReject   xShift: 6.476 crossingAngle: -44.954 axialRotation: -44.495 zShift: 0.870 energy: 10.143
MCAccept 28 xShift: 6.468 crossingAngle: -44.954 axialRotation: -44.433 zShift: 0.870 energy: -25.118
MCAccept 29 xShift: 6.468 crossingAngle: -44.954 axialRotation: -44.433 zShift: 0.870 energy: -25.118
MCReject   xShift: 6.468 crossingAngle: -44.954 axialRotation: -44.468 zShift: 0.870 energy: -23.245
MCAccept 30 xShift: 6.468 crossingAngle: -45.030 axialRotation: -44.433 zShift: 0.870 energy: -25.118
MCAccept 31 xShift: 6.468 crossingAngle: -45.030 axialRotation: -44.556 zShift: 0.870 energy: -25.118
MCAccept 32 xShift: 6.468 crossingAngle: -45.030 axialRotation: -44.657 zShift: 0.870 energy: -25.118
MCAccept 33 xShift: 6.468 crossingAngle: -45.030 axialRotation: -44.727 zShift: 0.870 energy: -23.245
MCAccept 34 xShift: 6.468 crossingAngle: -45.026 axialRotation: -44.727 zShift: 0.870 energy: -23.245
MCAccept 35 xShift: 6.468 crossingAngle: -45.026 axialRotation: -44.553 zShift: 0.870 energy: -23.280
MCAccept 36 xShift: 6.468 crossingAngle: -45.094 axialRotation: -44.553 zShift: 0.870 energy: -23.245
MCAccept 37 xShift: 6.468 crossingAngle: -45.165 axialRotation: -44.553 zShift: 0.870 energy: -25.118
MCAccept 38 xShift: 6.468 crossingAngle: -45.165 axialRotation: -44.392 zShift: 0.870 energy: -25.118
MCReject   xShift: 6.465 crossingAngle: -45.165 axialRotation: -44.392 zShift: 0.870 energy: -23.280
MCAccept 39 xShift: 6.468 crossingAngle: -45.165 axialRotation: -44.449 zShift: 0.870 energy: -23.245
MCAccept 40 xShift: 6.472 crossingAngle: -45.165 axialRotation: -44.449 zShift: 0.870 energy: -23.280
MCAccept 41 xShift: 6.473 crossingAngle: -45.165 axialRotation: -44.449 zShift: 0.870 energy: -23.245
MCAccept 42 xShift: 6.479 crossingAngle: -45.165 axialRotation: -44.449 zShift: 0.870 energy: -25.118
MCAccept 43 xShift: 6.479 crossingAngle: -45.165 axialRotation: -44.437 zShift: 0.870 energy: -25.118
MCAccept 44 xShift: 6.479 crossingAngle: -45.165 axialRotation: -44.455 zShift: 0.870 energy: -25.118
MCAccept 45 xShift: 6.478 crossingAngle: -45.165 axialRotation: -44.455 zShift: 0.870 energy: -25.118
MCAccept 46 xShift: 6.477 crossingAngle: -45.165 axialRotation: -44.455 zShift: 0.870 energy: -25.118
MCReject   xShift: 6.477 crossingAngle: -45.165 axialRotation: -44.557 zShift: 0.870 energy: -23.280
MCReject   xShift: 6.477 crossingAngle: -45.233 axialRotation: -44.455 zShift: 0.870 energy: 10.143
MCAccept 47 xShift: 6.477 crossingAngle: -45.165 axialRotation: -44.411 zShift: 0.870 energy: -25.118
MCAccept 48 xShift: 6.477 crossingAngle: -45.165 axialRotation: -44.324 zShift: 0.870 energy: -25.118
MCAccept 49 xShift: 6.477 crossingAngle: -45.177 axialRotation: -44.324 zShift: 0.870 energy: -25.118
MCAccept 50 xShift: 6.477 crossingAngle: -45.177 axialRotation: -44.324 zShift: 0.877 energy: -25.006
MCAccept 51 xShift: 6.481 crossingAngle: -45.177 axialRotation: -44.324 zShift: 0.877 energy: -25.006
MCReject   xShift: 6.481 crossingAngle: -45.159 axialRotation: -44.324 zShift: 0.877 energy: -23.112
MCAccept 52 xShift: 6.481 crossingAngle: -45.199 axialRotation: -44.324 zShift: 0.877 energy: -25.006
MCAccept 53 xShift: 6.481 crossingAngle: -45.199 axialRotation: -44.324 zShift: 0.871 energy: -25.103
MCAccept 54 xShift: 6.481 crossingAngle: -45.199 axialRotation: -44.343 zShift: 0.871 energy: -25.103
MCReject   xShift: 6.481 crossingAngle: -45.163 axialRotation: -44.343 zShift: 0.871 energy: -23.263
MCReject   xShift: 6.481 crossingAngle: -45.199 axialRotation: -44.343 zShift: 0.872 energy: 10.281
MCAccept 55 xShift: 6.481 crossingAngle: -45.218 axialRotation: -44.343 zShift: 0.871 energy: -25.103
MCAccept 56 xShift: 6.481 crossingAngle: -45.271 axialRotation: -44.343 zShift: 0.871 energy: -23.263
MCAccept 57 xShift: 6.481 crossingAngle: -45.271 axialRotation: -44.343 zShift: 0.869 energy: -23.302
MCAccept 58 xShift: 6.481 crossingAngle: -45.259 axialRotation: -44.343 zShift: 0.869 energy: -25.136
MCReject   xShift: 6.481 crossingAngle: -45.259 axialRotation: -44.327 zShift: 0.869 energy: -23.267
MCAccept 59 xShift: 6.480 crossingAngle: -45.259 axialRotation: -44.343 zShift: 0.869 energy: -25.136
MCAccept 60 xShift: 6.478 crossingAngle: -45.259 axialRotation: -44.343 zShift: 0.869 energy: -25.136
MCAccept 61 xShift: 6.478 crossingAngle: -45.247 axialRotation: -44.343 zShift: 0.869 energy: -25.136
MCAccept 62 xShift: 6.478 crossingAngle: -45.247 axialRotation: -44.343 zShift: 0.867 energy: -25.172
MCReject   xShift: 6.478 crossingAngle: -45.223 axialRotation: -44.343 zShift: 0.867 energy: -23.344
MCAccept 63 xShift: 6.478 crossingAngle: -45.245 axialRotation: -44.343 zShift: 0.867 energy: -25.172
MCAccept 64 xShift: 6.478 crossingAngle: -45.245 axialRotation: -44.343 zShift: 0.867 energy: -25.172
MCAccept 65 xShift: 6.478 crossingAngle: -45.244 axialRotation: -44.343 zShift: 0.867 energy: -25.172
MCAccept 66 xShift: 6.478 crossingAngle: -45.244 axialRotation: -44.343 zShift: 0.867 energy: -25.172
MCAccept 67 xShift: 6.478 crossingAngle: -45.244 axialRotation: -44.357 zShift: 0.867 energy: -25.172
MCAccept 68 xShift: 6.477 crossingAngle: -45.244 axialRotation: -44.357 zShift: 0.867 energy: -25.172
MCAccept 69 xShift: 6.477 crossingAngle: -45.224 axialRotation: -44.357 zShift: 0.867 energy: -25.172
MCAccept 70 xShift: 6.477 crossingAngle: -45.224 axialRotation: -44.357 zShift: 0.867 energy: -25.172
MCAccept 71 xShift: 6.477 crossingAngle: -45.222 axialRotation: -44.357 zShift: 0.867 energy: -25.172
MCReject   xShift: 6.477 crossingAngle: -45.222 axialRotation: -44.357 zShift: 0.867 energy: -23.341
MCReject   xShift: 6.477 crossingAngle: -45.236 axialRotation: -44.357 zShift: 0.867 energy: -23.344
MCReject   xShift: 6.477 crossingAngle: -45.222 axialRotation: -44.351 zShift: 0.867 energy: -23.344
MCReject   xShift: 6.477 crossingAngle: -45.222 axialRotation: -44.357 zShift: 0.867 energy: 9.866
MCAccept 72 xShift: 6.477 crossingAngle: -45.222 axialRotation: -44.356 zShift: 0.867 energy: -25.172
MCReject   xShift: 6.477 crossingAngle: -45.222 axialRotation: -44.356 zShift: 0.867 energy: -23.330
MCAccept 73 xShift: 6.477 crossingAngle: -45.222 axialRotation: -44.356 zShift: 0.866 energy: -25.179
MCAccept 74 xShift: 6.477 crossingAngle: -45.222 axialRotation: -44.357 zShift: 0.866 energy: -25.179
MCAccept 75 xShift: 6.477 crossingAngle: -45.222 axialRotation: -44.357 zShift: 0.866 energy: -25.183
MCReject   xShift: 6.477 crossingAngle: -45.217 axialRotation: -44.357 zShift: 0.866 energy: -23.357
MCAccept 76 xShift: 6.477 crossingAngle: -45.222 axialRotation: -44.357 zShift: 0.866 energy: -25.183
MCAccept 77 xShift: 6.477 crossingAngle: -45.222 axialRotation: -44.357 zShift: 0.866 energy: -25.183
MCAccept 78 xShift: 6.477 crossingAngle: -45.222 axialRotation: -44.357 zShift: 0.866 energy: -25.181
MCReject   xShift: 6.477 crossingAngle: -45.222 axialRotation: -44.357 zShift: 0.866 energy: -24.989
MCAccept 79 xShift: 6.477 crossingAngle: -45.222 axialRotation: -44.357 zShift: 0.866 energy: -25.181
MCReject   xShift: 6.477 crossingAngle: -45.222 axialRotation: -44.357 zShift: 0.866 energy: -23.355
MCReject   xShift: 6.477 crossingAngle: -45.223 axialRotation: -44.357 zShift: 0.866 energy: -23.355
MCAccept 80 xShift: 6.477 crossingAngle: -45.222 axialRotation: -44.357 zShift: 0.866 energy: -25.181
MCReject   xShift: 6.477 crossingAngle: -45.222 axialRotation: -44.357 zShift: 0.866 energy: -23.360
MCAccept 81 xShift: 6.477 crossingAngle: -45.221 axialRotation: -44.357 zShift: 0.866 energy: -25.181
MCReject   xShift: 6.477 crossingAngle: -45.219 axialRotation: -44.357 zShift: 0.866 energy: -23.355
MCReject   xShift: 6.477 crossingAngle: -45.221 axialRotation: -44.356 zShift: 0.866 energy: -24.982
MCAccept 82 xShift: 6.478 crossingAngle: -45.221 axialRotation: -44.357 zShift: 0.866 energy: -25.181
MCAccept 83 xShift: 6.478 crossingAngle: -45.221 axialRotation: -44.357 zShift: 0.866 energy: -25.180
MCReject   xShift: 6.478 crossingAngle: -45.221 axialRotation: -44.357 zShift: 0.866 energy: -23.354
MCReject   xShift: 6.478 crossingAngle: -45.221 axialRotation: -44.358 zShift: 0.866 energy: -23.319
MCAccept 84 xShift: 6.478 crossingAngle: -45.221 axialRotation: -44.357 zShift: 0.866 energy: -25.180
MCAccept 85 xShift: 6.478 crossingAngle: -45.221 axialRotation: -44.357 zShift: 0.866 energy: -25.181
MCAccept 86 xShift: 6.478 crossingAngle: -45.221 axialRotation: -44.358 zShift: 0.866 energy: -25.181
MCReject   xShift: 6.478 crossingAngle: -45.221 axialRotation: -44.357 zShift: 0.866 energy: -23.320
MCAccept 87 xShift: 6.478 crossingAngle: -45.221 axialRotation: -44.358 zShift: 0.866 energy: -25.181
MCAccept 88 xShift: 6.478 crossingAngle: -45.221 axialRotation: -44.358 zShift: 0.866 energy: -25.181
MCAccept 89 xShift: 6.478 crossingAngle: -45.221 axialRotation: -44.358 zShift: 0.866 energy: -25.181
MCAccept 90 xShift: 6.478 crossingAngle: -45.221 axialRotation: -44.358 zShift: 0.866 energy: -25.181
MCAccept 91 xShift: 6.478 crossingAngle: -45.221 axialRotation: -44.358 zShift: 0.866 energy: -25.181
MCReject   xShift: 6.478 crossingAngle: -45.221 axialRotation: -44.358 zShift: 0.866 energy: -23.320
MCAccept 92 xShift: 6.478 crossingAngle: -45.221 axialRotation: -44.358 zShift: 0.866 energy: -25.181
MCReject   xShift: 6.478 crossingAngle: -45.221 axialRotation: -44.358 zShift: 0.866 energy: -23.354
MCAccept 93 xShift: 6.478 crossingAngle: -45.221 axialRotation: -44.358 zShift: 0.866 energy: -25.181
MCAccept 94 xShift: 6.478 crossingAngle: -45.221 axialRotation: -44.358 zShift: 0.866 energy: -25.181
MCReject   xShift: 6.478 crossingAngle: -45.221 axialRotation: -44.358 zShift: 0.866 energy: 9.822
MCReject   xShift: 6.478 crossingAngle: -45.221 axialRotation: -44.358 zShift: 0.866 energy: -23.353
MCReject   xShift: 6.478 crossingAngle: -45.221 axialRotation: -44.358 zShift: 0.866 energy: -23.354
MCReject   xShift: 6.478 crossingAngle: -45.221 axialRotation: -44.358 zShift: 0.866 energy: -23.320
MCAccept 95 xShift: 6.478 crossingAngle: -45.221 axialRotation: -44.358 zShift: 0.866 energy: -25.181
MCAccept 96 xShift: 6.478 crossingAngle: -45.221 axialRotation: -44.358 zShift: 0.866 energy: -25.181
Best: ================  ======================
Interaction Type    Energy                
================  ======================
CHARMM_IMM1                    30.057988
CHARMM_IMM1REF               -386.691539
CHARMM_VDW                    -79.727520
SCWRL4_HBOND                  -69.946806
================  ======================
Total                        -506.307877
================  ======================

Test: ================  ======================
Interaction Type    Energy                
================  ======================
CHARMM_IMM1                    30.057988
CHARMM_IMM1REF               -386.691539
CHARMM_VDW                    -79.727520
SCWRL4_HBOND                  -69.946806
================  ======================
Total         MCReject   xShift: 6.605 crossingAngle: -45.160 axialRotation: -44.578 zShift: 0.847 energy: -23.469
MCReject   xShift: 6.605 crossingAngle: -45.159 axialRotation: -44.578 zShift: 0.847 energy: -23.470
MCReject   xShift: 6.605 crossingAngle: -45.159 axialRotation: -44.578 zShift: 0.847 energy: -23.469
MCReject   xShift: 6.605 crossingAngle: -45.159 axialRotation: -44.578 zShift: 0.847 energy: 1.643
MCReject   xShift: 6.605 crossingAngle: -45.158 axialRotation: -44.578 zShift: 0.847 energy: -23.469
MCReject   xShift: 6.605 crossingAngle: -45.159 axialRotation: -44.578 zShift: 0.847 energy: 1.855
MCReject   xShift: 6.605 crossingAngle: -45.159 axialRotation: -44.578 zShift: 0.847 energy: 1.743
MCReject   xShift: 6.605 crossingAngle: -45.159 axialRotation: -44.578 zShift: 0.847 energy: -23.469
MCReject   xShift: 6.605 crossingAngle: -45.159 axialRotation: -44.577 zShift: 0.847 energy: 1.644
MCReject   xShift: 6.605 crossingAngle: -45.159 axialRotation: -44.578 zShift: 0.847 energy: 1.949
MCReject   xShift: 6.605 crossingAngle: -45.159 axialRotation: -44.578 zShift: 0.847 energy: -23.469
MCAccept 62 xShift: 6.605 crossingAngle: -45.159 axialRotation: -44.578 zShift: 0.847 energy: -24.223
MCReject   xShift: 6.605 crossingAngle: -45.158 axialRotation: -44.578 zShift: 0.847 energy: -23.468
MCReject   xShift: 6.605 crossingAngle: -45.157 axialRotation: -44.578 zShift: 0.847 energy: 1.747
MCReject   xShift: 6.605 crossingAngle: -45.158 axialRotation: -44.578 zShift: 0.847 energy: -23.468
MCAccept 63 xShift: 6.605 crossingAngle: -45.159 axialRotation: -44.578 zShift: 0.847 energy: -24.224
MCReject   xShift: 6.605 crossingAngle: -45.159 axialRotation: -44.578 zShift: 0.847 energy: -24.223
MCReject   xShift: 6.605 crossingAngle: -45.159 axialRotation: -44.577 zShift: 0.847 energy: -23.468
MCReject   xShift: 6.605 crossingAngle: -45.159 axialRotation: -44.578 zShift: 0.847 energy: -23.468
MCAccept 64 xShift: 6.605 crossingAngle: -45.158 axialRotation: -44.578 zShift: 0.847 energy: -24.224
MCReject   xShift: 6.605 crossingAngle: -45.158 axialRotation: -44.578 zShift: 0.847 energy: -23.434
MCReject   xShift: 6.605 crossingAngle: -45.158 axialRotation: -44.578 zShift: 0.847 energy: -23.468
MCReject   xShift: 6.605 crossingAngle: -45.158 axialRotation: -44.578 zShift: 0.847 energy: -23.468
MCReject   xShift: 6.605 crossingAngle: -45.160 axialRotation: -44.578 zShift: 0.847 energy: -23.434
MCReject   xShift: 6.605 crossingAngle: -45.158 axialRotation: -44.578 zShift: 0.847 energy: -23.469
MCReject   xShift: 6.605 crossingAngle: -45.158 axialRotation: -44.578 zShift: 0.847 energy: -23.468
MCReject   xShift: 6.605 crossingAngle: -45.158 axialRotation: -44.578 zShift: 0.847 energy: -23.468
MCReject   xShift: 6.605 crossingAngle: -45.159 axialRotation: -44.578 zShift: 0.847 energy: -23.468
MCReject   xShift: 6.605 crossingAngle: -45.158 axialRotation: -44.578 zShift: 0.847 energy: -23.434
MCReject   xShift: 6.605 crossingAngle: -45.158 axialRotation: -44.578 zShift: 0.847 energy: -23.434
MCReject   xShift: 6.605 crossingAngle: -45.158 axialRotation: -44.578 zShift: 0.847 energy: -23.469
MCAccept 65 xShift: 6.605 crossingAngle: -45.158 axialRotation: -44.576 zShift: 0.847 energy: -24.224
MCReject   xShift: 6.605 crossingAngle: -45.158 axialRotation: -44.576 zShift: 0.847 energy: -23.468
MCAccept 66 xShift: 6.605 crossingAngle: -45.158 axialRotation: -44.576 zShift: 0.847 energy: -24.224
MCAccept 67 xShift: 6.605 crossingAngle: -45.158 axialRotation: -44.576 zShift: 0.847 energy: -24.225
MCReject   xShift: 6.605 crossingAngle: -45.158 axialRotation: -44.576 zShift: 0.847 energy: -23.434
MCReject   xShift: 6.605 crossingAngle: -45.157 axialRotation: -44.576 zShift: 0.847 energy: -23.470
MCReject   xShift: 6.605 crossingAngle: -45.158 axialRotation: -44.576 zShift: 0.847 energy: 1.639
MCReject   xShift: 6.605 crossingAngle: -45.158 axialRotation: -44.576 zShift: 0.847 energy: -23.436
MCReject   xShift: 6.605 crossingAngle: -45.158 axialRotation: -44.576 zShift: 0.847 energy: 1.846
MCReject   xShift: 6.605 crossingAngle: -45.158 axialRotation: -44.576 zShift: 0.847 energy: -23.436
MCAccept 68 xShift: 6.605 crossingAngle: -45.157 axialRotation: -44.576 zShift: 0.847 energy: -24.225
MCReject   xShift: 6.605 crossingAngle: -45.157 axialRotation: -44.575 zShift: 0.847 energy: -23.470
MCReject   xShift: 6.605 crossingAngle: -45.157 axialRotation: -44.576 zShift: 0.847 energy: -23.436
MCReject   xShift: 6.605 crossingAngle: -45.157 axialRotation: -44.576 zShift: 0.847 energy: -23.470
MCReject   xShift: 6.605 crossingAngle: -45.157 axialRotation: -44.576 zShift: 0.847 energy: -23.470
MCReject   xShift: 6.605 crossingAngle: -45.156 axialRotation: -44.576 zShift: 0.847 energy: -23.470
MCAccept 69 xShift: 6.605 crossingAngle: -45.157 axialRotation: -44.576 zShift: 0.847 energy: -24.225
MCReject   xShift: 6.605 crossingAngle: -45.157 axialRotation: -44.575 zShift: 0.847 energy: -23.436
MCReject   xShift: 6.605 crossingAngle: -45.157 axialRotation: -44.576 zShift: 0.847 energy: -23.469
MCAccept 70 xShift: 6.605 crossingAngle: -45.157 axialRotation: -44.576 zShift: 0.847 energy: -24.225
MCReject   xShift: 6.605 crossingAngle: -45.157 axialRotation: -44.576 zShift: 0.847 energy: 1.737
MCReject   xShift: 6.605 crossingAngle: -45.157 axialRotation: -44.576 zShift: 0.847 energy: -23.437
MCReject   xShift: 6.605 crossingAngle: -45.157 axialRotation: -44.576 zShift: 0.847 energy: -23.436
Best: ================  ======================
Interaction Type    Energy                
================  ======================
CHARMM_IMM1                    29.999225
CHARMM_IMM1REF               -386.754158
CHARMM_VDW                    -79.691619
SCWRL4_HBOND                  -68.864115
================  ======================
Total                        -505.310668
================  ======================

Test: ================  ======================
Interaction Type    Energy                
================  ======================
CHARMM_IMM1                    30.069292
CHARMM_IMM1REF               -386.617394
CHARMM_VDW                    -79.143011
SCWRL4_HBOND                  -68.864115
================  ======================
Total                        -504.555229
================  ======================

CHARMM_IMM1: 30.069
CHARMM_IMM1REF: -386.617
CHARMM_VDW: -79.143
SCWRL4_HBOND: -68.864
RASLLLWLLLGALLGALLAVLILI,-23.470,-504.521,-504.555,-481.085,4256.405,-79.692,-50.810,-68.864,-57.140,29.999,39.214,-386.754,-411.867,7.491,6.605,-45.000,-45.157,-44.676,-44.576,0.844,0.847
Monte Carlo repack complete. Time: 4021.000 seconds

Total Time: 78 minutes
