Removing Hbonds from A,20
Removing Hbonds from A,43
Removing Hbonds from A,21
Removing Hbonds from A,42
Removing Hbonds from A,22
Removing Hbonds from A,41
Removing Hbonds from B,20
Removing Hbonds from B,43
Removing Hbonds from B,21
Removing Hbonds from B,42
Removing Hbonds from B,22
Removing Hbonds from B,41
***STARTING GEOMETRY:***
xShift:        7.454
crossingAngle: -31
axialRotation: -95
zShift:        6.843
N    ARG   20  A [    -2.220      4.722    -17.544] (conf   1/  1) +
CA   ARG   20  A [    -1.903      5.515    -16.365] (conf   1/  1) +
HA   ARG   20  A [    -0.983      5.132    -15.940] (conf 246/246) +
HT1  ARG   20  A [    -1.455      4.817    -18.242] (conf   1/  1) +
HT2  ARG   20  A [    -3.112      5.059    -17.959] (conf   1/  1) +
HT3  ARG   20  A [    -2.320      3.723    -17.274] (conf   1/  1) +
CB   ARG   20  A [    -1.719      7.000    -16.741] (conf 246/246) +
HB1  ARG   20  A [    -2.570      7.313    -17.385] (conf 246/246) +
HB2  ARG   20  A [    -1.765      7.609    -15.810] (conf 246/246) +
CG   ARG   20  A [    -0.395      7.333    -17.454] (conf 246/246) +
HG1  ARG   20  A [     0.452      6.996    -16.818] (conf 246/246) +
HG2  ARG   20  A [    -0.333      6.789    -18.420] (conf 246/246) +
CD   ARG   20  A [    -0.302      8.849    -17.701] (conf 246/246) +
HD1  ARG   20  A [    -0.976      9.134    -18.537] (conf 246/246) +
HD2  ARG   20  A [    -0.658      9.394    -16.801] (conf 246/246) +
NE   ARG   20  A [     1.087      9.273    -18.052] (conf 246/246) +
HE   ARG   20  A [     1.414      9.128    -18.979] (conf 246/246) +
CZ   ARG   20  A [     1.918      9.876    -17.180] (conf 246/246) +
NH1  ARG   20  A [     1.544     10.112    -15.917] (conf 246/246) +
HH11 ARG   20  A [     2.171     10.551    -15.286] (conf 246/246) +
HH12 ARG   20  A [     0.643      9.825    -15.625] (conf 246/246) +
NH2  ARG   20  A [     3.144     10.246    -17.570] (conf 246/246) +
HH21 ARG   20  A [     3.753     10.684    -16.920] (conf 246/246) +
HH22 ARG   20  A [     3.436     10.077    -18.504] (conf 246/246) +
C    ARG   20  A [    -2.984      5.402    -15.336] (conf   1/  1) +
O    ARG   20  A [    -2.708      5.279    -14.145] (conf   1/  1) +
N    ALA   21  A [    -4.255      5.442    -15.780] (conf   1/  1) +
HN   ALA   21  A [    -4.504      5.556    -16.742] (conf   1/  1) +
CA   ALA   21  A [    -5.373      5.318    -14.856] (conf   1/  1) +
HA   ALA   21  A [    -5.311      6.070    -14.078] (conf   1/  1) +
CB   ALA   21  A [    -6.712      5.536    -15.597] (conf   1/  1) +
HB1  ALA   21  A [    -6.722      6.546    -16.059] (conf   1/  1) +
HB2  ALA   21  A [    -6.846      4.787    -16.408] (conf   1/  1) +
HB3  ALA   21  A [    -7.579      5.467    -14.905] (conf   1/  1) +
C    ALA   21  A [    -5.350      3.990    -14.164] (conf   1/  1) +
O    ALA   21  A [    -5.595      3.902    -12.962] (conf   1/  1) +
N    SER   22  A [    -5.052      2.914    -14.918] (conf   1/  1) +
HN   SER   22  A [    -4.861      2.936    -15.899] (conf   1/  1) +
CA   SER   22  A [    -4.986      1.585    -14.327] (conf   1/  1) +
HA   SER   22  A [    -5.920      1.422    -13.805] (conf  40/ 40) +
CB   SER   22  A [    -4.823      0.442    -15.362] (conf  40/ 40) +
HB1  SER   22  A [    -4.467     -0.486    -14.864] (conf  40/ 40) +
HB2  SER   22  A [    -5.818      0.221    -15.809] (conf  40/ 40) +
OG   SER   22  A [    -3.942      0.797    -16.417] (conf  40/ 40) +
HG1  SER   22  A [    -3.048      0.829    -16.057] (conf  40/ 40) +
C    SER   22  A [    -3.912      1.514    -13.286] (conf   1/  1) +
O    SER   22  A [    -4.103      0.927    -12.224] (conf   1/  1) +
N    LEU   23  A [    -2.743      2.120    -13.575] (conf   1/  1) +
HN   LEU   23  A [    -2.540      2.594    -14.429] (conf   1/  1) +
CA   LEU   23  A [    -1.649      2.122    -12.616] (conf   1/  1) +
HA   LEU   23  A [    -1.485      1.092    -12.331] (conf  27/ 27) +
CB   LEU   23  A [    -0.319      2.712    -13.145] (conf  27/ 27) +
HB1  LEU   23  A [    -0.495      3.737    -13.537] (conf  27/ 27) +
HB2  LEU   23  A [     0.393      2.801    -12.294] (conf  27/ 27) +
CG   LEU   23  A [     0.362      1.863    -14.232] (conf  27/ 27) +
HG   LEU   23  A [    -0.261      1.921    -15.154] (conf  27/ 27) +
CD1  LEU   23  A [     1.749      2.448    -14.508] (conf  27/ 27) +
HD11 LEU   23  A [     2.263      1.862    -15.298] (conf  27/ 27) +
HD12 LEU   23  A [     1.668      3.504    -14.838] (conf  27/ 27) +
HD13 LEU   23  A [     2.364      2.411    -13.583] (conf  27/ 27) +
CD2  LEU   23  A [     0.519      0.372    -13.861] (conf  27/ 27) +
HD21 LEU   23  A [     1.020     -0.174    -14.688] (conf  27/ 27) +
HD22 LEU   23  A [     1.139      0.269    -12.946] (conf  27/ 27) +
HD23 LEU   23  A [    -0.465     -0.105    -13.685] (conf  27/ 27) +
C    LEU   23  A [    -2.040      2.832    -11.357] (conf   1/  1) +
O    LEU   23  A [    -1.728      2.382    -10.256] (conf   1/  1) +
N    LEU   24  A [    -2.739      3.976    -11.496] (conf   1/  1) +
HN   LEU   24  A [    -2.999      4.384    -12.369] (conf   1/  1) +
CA   LEU   24  A [    -3.183      4.726    -10.330] (conf   1/  1) +
HA   LEU   24  A [    -2.310      4.888     -9.715] (conf  27/ 27) +
CB   LEU   24  A [    -3.833      6.095    -10.644] (conf  27/ 27) +
HB1  LEU   24  A [    -4.673      5.955    -11.359] (conf  27/ 27) +
HB2  LEU   24  A [    -4.266      6.507     -9.704] (conf  27/ 27) +
CG   LEU   24  A [    -2.859      7.145    -11.205] (conf  27/ 27) +
HG   LEU   24  A [    -2.564      6.826    -12.231] (conf  27/ 27) +
CD1  LEU   24  A [    -3.582      8.492    -11.271] (conf  27/ 27) +
HD11 LEU   24  A [    -2.906      9.271    -11.683] (conf  27/ 27) +
HD12 LEU   24  A [    -4.483      8.421    -11.913] (conf  27/ 27) +
HD13 LEU   24  A [    -3.896      8.801    -10.250] (conf  27/ 27) +
CD2  LEU   24  A [    -1.569      7.316    -10.373] (conf  27/ 27) +
HD21 LEU   24  A [    -0.920      8.089    -10.835] (conf  27/ 27) +
HD22 LEU   24  A [    -1.820      7.637     -9.341] (conf  27/ 27) +
HD23 LEU   24  A [    -0.992      6.370    -10.326] (conf  27/ 27) +
C    LEU   24  A [    -4.121      3.913     -9.493] (conf   1/  1) +
O    LEU   24  A [    -4.037      3.914     -8.268] (conf   1/  1) +
N    LEU   25  A [    -5.050      3.188    -10.151] (conf   1/  1) +
HN   LEU   25  A [    -5.163      3.167    -11.142] (conf   1/  1) +
CA   LEU   25  A [    -5.992      2.350     -9.425] (conf   1/  1) +
HA   LEU   25  A [    -6.457      2.979     -8.680] (conf  27/ 27) +
CB   LEU   25  A [    -7.099      1.706    -10.296] (conf  27/ 27) +
HB1  LEU   25  A [    -6.634      1.137    -11.129] (conf  27/ 27) +
HB2  LEU   25  A [    -7.663      0.977     -9.671] (conf  27/ 27) +
CG   LEU   25  A [    -8.115      2.708    -10.870] (conf  27/ 27) +
HG   LEU   25  A [    -7.593      3.325    -11.637] (conf  27/ 27) +
CD1  LEU   25  A [    -9.254      1.923    -11.526] (conf  27/ 27) +
HD11 LEU   25  A [   -10.000      2.620    -11.960] (conf  27/ 27) +
HD12 LEU   25  A [    -8.862      1.266    -12.330] (conf  27/ 27) +
HD13 LEU   25  A [    -9.761      1.290    -10.766] (conf  27/ 27) +
CD2  LEU   25  A [    -8.717      3.668     -9.820] (conf  27/ 27) +
HD21 LEU   25  A [    -9.441      4.355    -10.306] (conf  27/ 27) +
HD22 LEU   25  A [    -9.250      3.091     -9.037] (conf  27/ 27) +
HD23 LEU   25  A [    -7.930      4.284     -9.341] (conf  27/ 27) +
C    LEU   25  A [    -5.278      1.279     -8.660] (conf   1/  1) +
O    LEU   25  A [    -5.618      0.988     -7.515] (conf   1/  1) +
N    GLY   26  A [    -4.260      0.659     -9.289] (conf   1/  1) +
HN   GLY   26  A [    -3.978      0.868    -10.224] (conf   1/  1) +
CA   GLY   26  A [    -3.492     -0.380     -8.618] (conf   1/  1) +
HA1  GLY   26  A [    -2.736     -0.728     -9.309] (conf   1/  1) +
HA2  GLY   26  A [    -4.183     -1.147     -8.293] (conf   1/  1) +
C    GLY   26  A [    -2.799      0.160     -7.406] (conf   1/  1) +
O    GLY   26  A [    -2.767     -0.482     -6.359] (conf   1/  1) +
N    PHE   27  A [    -2.221      1.372     -7.527] (conf   1/  1) +
HN   PHE   27  A [    -2.213      1.918     -8.363] (conf   1/  1) +
CA   PHE   27  A [    -1.543      1.989     -6.397] (conf   1/  1) +
HA   PHE   27  A [    -0.787      1.291     -6.054] (conf  87/ 87) +
CB   PHE   27  A [    -0.867      3.340     -6.782] (conf  87/ 87) +
HB1  PHE   27  A [    -1.563      3.945     -7.402] (conf  87/ 87) +
HB2  PHE   27  A [    -0.641      3.921     -5.861] (conf  87/ 87) +
CG   PHE   27  A [     0.440      3.154     -7.547] (conf  87/ 87) +
CD1  PHE   27  A [     0.424      2.920     -8.935] (conf  87/ 87) +
HD1  PHE   27  A [    -0.521      2.860     -9.455] (conf  87/ 87) +
CD2  PHE   27  A [     1.691      3.231     -6.894] (conf  87/ 87) +
HD2  PHE   27  A [     1.721      3.407     -5.827] (conf  87/ 87) +
CE1  PHE   27  A [     1.620      2.776     -9.659] (conf  87/ 87) +
HE1  PHE   27  A [     1.592      2.601    -10.726] (conf  87/ 87) +
CE2  PHE   27  A [     2.894      3.087     -7.609] (conf  87/ 87) +
HE2  PHE   27  A [     3.844      3.149     -7.095] (conf  87/ 87) +
CZ   PHE   27  A [     2.854      2.861     -8.996] (conf  87/ 87) +
HZ   PHE   27  A [     3.774      2.751     -9.554] (conf  87/ 87) +
C    PHE   27  A [    -2.494      2.234     -5.267] (conf   1/  1) +
O    PHE   27  A [    -2.166      2.006     -4.106] (conf   1/  1) +
N    LEU   28  A [    -3.711      2.713     -5.591] (conf   1/  1) +
HN   LEU   28  A [    -4.013      2.926     -6.518] (conf   1/  1) +
CA   LEU   28  A [    -4.713      2.962     -4.563] (conf   1/  1) +
HA   LEU   28  A [    -4.244      3.589     -3.819] (conf  27/ 27) +
CB   LEU   28  A [    -6.002      3.659     -5.064] (conf  27/ 27) +
HB1  LEU   28  A [    -6.441      3.075     -5.902] (conf  27/ 27) +
HB2  LEU   28  A [    -6.747      3.662     -4.237] (conf  27/ 27) +
CG   LEU   28  A [    -5.800      5.116     -5.512] (conf  27/ 27) +
HG   LEU   28  A [    -5.202      5.108     -6.452] (conf  27/ 27) +
CD1  LEU   28  A [    -7.173      5.737     -5.779] (conf  27/ 27) +
HD11 LEU   28  A [    -7.060      6.789     -6.115] (conf  27/ 27) +
HD12 LEU   28  A [    -7.715      5.165     -6.560] (conf  27/ 27) +
HD13 LEU   28  A [    -7.779      5.727     -4.846] (conf  27/ 27) +
CD2  LEU   28  A [    -5.052      5.994     -4.484] (conf  27/ 27) +
HD21 LEU   28  A [    -4.948      7.028     -4.873] (conf  27/ 27) +
HD22 LEU   28  A [    -5.618      6.032     -3.530] (conf  27/ 27) +
HD23 LEU   28  A [    -4.035      5.601     -4.284] (conf  27/ 27) +
C    LEU   28  A [    -5.079      1.696     -3.854] (conf   1/  1) +
O    LEU   28  A [    -5.224      1.677     -2.633] (conf   1/  1) +
N    LEU   29  A [    -5.238      0.595     -4.615] (conf   1/  1) +
HN   LEU   29  A [    -5.144      0.568     -5.608] (conf   1/  1) +
CA   LEU   29  A [    -5.574     -0.687     -4.011] (conf   1/  1) +
HA   LEU   29  A [    -6.445     -0.522     -3.395] (conf  27/ 27) +
CB   LEU   29  A [    -5.884     -1.821     -5.019] (conf  27/ 27) +
HB1  LEU   29  A [    -5.034     -1.935     -5.726] (conf  27/ 27) +
HB2  LEU   29  A [    -5.977     -2.779     -4.458] (conf  27/ 27) +
CG   LEU   29  A [    -7.184     -1.622     -5.816] (conf  27/ 27) +
HG   LEU   29  A [    -7.031     -0.771     -6.518] (conf  27/ 27) +
CD1  LEU   29  A [    -7.469     -2.901     -6.609] (conf  27/ 27) +
HD11 LEU   29  A [    -8.398     -2.784     -7.204] (conf  27/ 27) +
HD12 LEU   29  A [    -6.627     -3.129     -7.295] (conf  27/ 27) +
HD13 LEU   29  A [    -7.601     -3.756     -5.910] (conf  27/ 27) +
CD2  LEU   29  A [    -8.416     -1.299     -4.942] (conf  27/ 27) +
HD21 LEU   29  A [    -9.313     -1.173     -5.583] (conf  27/ 27) +
HD22 LEU   29  A [    -8.606     -2.127     -4.228] (conf  27/ 27) +
HD23 LEU   29  A [    -8.269     -0.359     -4.373] (conf  27/ 27) +
C    LEU   29  A [    -4.496     -1.138     -3.076] (conf   1/  1) +
O    LEU   29  A [    -4.774     -1.641     -1.990] (conf   1/  1) +
N    GLY   30  A [    -3.223     -0.962     -3.483] (conf   1/  1) +
HN   GLY   30  A [    -2.975     -0.568     -4.367] (conf   1/  1) +
CA   GLY   30  A [    -2.107     -1.349     -2.631] (conf   1/  1) +
HA1  GLY   30  A [    -1.193     -1.119     -3.161] (conf   1/  1) +
HA2  GLY   30  A [    -2.224     -2.396     -2.383] (conf   1/  1) +
C    GLY   30  A [    -2.111     -0.568     -1.354] (conf   1/  1) +
O    GLY   30  A [    -1.871     -1.115     -0.280] (conf   1/  1) +
N    CYS   31  A [    -2.389      0.747     -1.446] (conf   1/  1) +
HN   CYS   31  A [    -2.574      1.227     -2.301] (conf   1/  1) +
CA   CYS   31  A [    -2.438      1.584     -0.255] (conf   1/  1) +
HA   CYS   31  A [    -1.483      1.482      0.246] (conf   2/  2) +
CB   CYS   31  A [    -2.665      3.069     -0.617] (conf   2/  2) +
HB1  CYS   31  A [    -1.966      3.339     -1.439] (conf   2/  2) +
HB2  CYS   31  A [    -3.696      3.201     -1.010] (conf   2/  2) +
SG   CYS   31  A [    -2.377      4.193      0.786] (conf   2/  2) +
HG1  CYS   31  A [    -3.232      3.705      1.675] (conf   2/  2) +
C    CYS   31  A [    -3.513      1.126      0.680] (conf   1/  1) +
O    CYS   31  A [    -3.319      1.077      1.892] (conf   1/  1) +
N    LEU   32  A [    -4.691      0.773      0.125] (conf   1/  1) +
HN   LEU   32  A [    -4.897      0.809     -0.851] (conf   1/  1) +
CA   LEU   32  A [    -5.791      0.294      0.951] (conf   1/  1) +
HA   LEU   32  A [    -5.941      1.031      1.726] (conf  27/ 27) +
CB   LEU   32  A [    -7.127      0.081      0.199] (conf  27/ 27) +
HB1  LEU   32  A [    -6.965     -0.599     -0.665] (conf  27/ 27) +
HB2  LEU   32  A [    -7.844     -0.423      0.886] (conf  27/ 27) +
CG   LEU   32  A [    -7.790      1.378     -0.294] (conf  27/ 27) +
HG   LEU   32  A [    -7.164      1.793     -1.117] (conf  27/ 27) +
CD1  LEU   32  A [    -9.185      1.039     -0.826] (conf  27/ 27) +
HD11 LEU   32  A [    -9.686      1.956     -1.199] (conf  27/ 27) +
HD12 LEU   32  A [    -9.118      0.302     -1.652] (conf  27/ 27) +
HD13 LEU   32  A [    -9.804      0.605     -0.011] (conf  27/ 27) +
CD2  LEU   32  A [    -7.927      2.468      0.792] (conf  27/ 27) +
HD21 LEU   32  A [    -8.416      3.369      0.366] (conf  27/ 27) +
HD22 LEU   32  A [    -8.549      2.094      1.632] (conf  27/ 27) +
HD23 LEU   32  A [    -6.936      2.771      1.185] (conf  27/ 27) +
C    LEU   32  A [    -5.416     -0.970      1.663] (conf   1/  1) +
O    LEU   32  A [    -5.724     -1.146      2.839] (conf   1/  1) +
N    LEU   33  A [    -4.733     -1.888      0.951] (conf   1/  1) +
HN   LEU   33  A [    -4.475     -1.793     -0.008] (conf   1/  1) +
CA   LEU   33  A [    -4.308     -3.138      1.563] (conf   1/  1) +
HA   LEU   33  A [    -5.187     -3.579      2.012] (conf  27/ 27) +
CB   LEU   33  A [    -3.680     -4.162      0.586] (conf  27/ 27) +
HB1  LEU   33  A [    -2.835     -3.688      0.041] (conf  27/ 27) +
HB2  LEU   33  A [    -3.259     -5.006      1.179] (conf  27/ 27) +
CG   LEU   33  A [    -4.670     -4.757     -0.430] (conf  27/ 27) +
HG   LEU   33  A [    -4.955     -3.951     -1.144] (conf  27/ 27) +
CD1  LEU   33  A [    -3.970     -5.891     -1.183] (conf  27/ 27) +
HD11 LEU   33  A [    -4.657     -6.335     -1.933] (conf  27/ 27) +
HD12 LEU   33  A [    -3.065     -5.515     -1.702] (conf  27/ 27) +
HD13 LEU   33  A [    -3.666     -6.686     -0.468] (conf  27/ 27) +
CD2  LEU   33  A [    -5.966     -5.309      0.202] (conf  27/ 27) +
HD21 LEU   33  A [    -6.627     -5.724     -0.589] (conf  27/ 27) +
HD22 LEU   33  A [    -5.726     -6.120      0.921] (conf  27/ 27) +
HD23 LEU   33  A [    -6.527     -4.513      0.731] (conf  27/ 27) +
C    LEU   33  A [    -3.359     -2.887      2.695] (conf   1/  1) +
O    LEU   33  A [    -3.450     -3.519      3.745] (conf   1/  1) +
N    GLY   34  A [    -2.417     -1.944      2.500] (conf   1/  1) +
HN   GLY   34  A [    -2.318     -1.430      1.649] (conf   1/  1) +
CA   GLY   34  A [    -1.463     -1.613      3.550] (conf   1/  1) +
HA1  GLY   34  A [    -0.811     -0.839      3.171] (conf   1/  1) +
HA2  GLY   34  A [    -0.953     -2.523      3.836] (conf   1/  1) +
C    GLY   34  A [    -2.164     -1.077      4.760] (conf   1/  1) +
O    GLY   34  A [    -1.825     -1.423      5.890] (conf   1/  1) +
N    MET   35  A [    -3.171     -0.206      4.546] (conf   1/  1) +
HN   MET   35  A [    -3.467      0.112      3.647] (conf   1/  1) +
CA   MET   35  A [    -3.925      0.351      5.659] (conf   1/  1) +
HA   MET   35  A [    -3.216      0.833      6.323] (conf  48/ 48) +
CB   MET   35  A [    -4.970      1.369      5.158] (conf  48/ 48) +
HB1  MET   35  A [    -4.487      2.053      4.428] (conf  48/ 48) +
HB2  MET   35  A [    -5.779      0.836      4.614] (conf  48/ 48) +
CG   MET   35  A [    -5.541      2.206      6.308] (conf  48/ 48) +
HG1  MET   35  A [    -4.746      2.375      7.067] (conf  48/ 48) +
HG2  MET   35  A [    -5.837      3.204      5.921] (conf  48/ 48) +
SD   MET   35  A [    -6.982      1.425      7.073] (conf  48/ 48) +
CE   MET   35  A [    -8.129      1.541      5.644] (conf  48/ 48) +
HE1  MET   35  A [    -9.181      1.588      5.995] (conf  48/ 48) +
HE2  MET   35  A [    -7.929      2.455      5.045] (conf  48/ 48) +
HE3  MET   35  A [    -8.032      0.659      4.975] (conf  48/ 48) +
C    MET   35  A [    -4.632     -0.726      6.422] (conf   1/  1) +
O    MET   35  A [    -4.659     -0.714      7.650] (conf   1/  1) +
N    LEU   36  A [    -5.228     -1.692      5.697] (conf   1/  1) +
HN   LEU   36  A [    -5.244     -1.732      4.700] (conf   1/  1) +
CA   LEU   36  A [    -5.921     -2.794      6.351] (conf   1/  1) +
HA   LEU   36  A [    -6.622     -2.351      7.044] (conf  27/ 27) +
CB   LEU   36  A [    -6.693     -3.737      5.395] (conf  27/ 27) +
HB1  LEU   36  A [    -6.003     -4.121      4.613] (conf  27/ 27) +
HB2  LEU   36  A [    -7.052     -4.615      5.978] (conf  27/ 27) +
CG   LEU   36  A [    -7.917     -3.094      4.722] (conf  27/ 27) +
HG   LEU   36  A [    -7.549     -2.333      3.995] (conf  27/ 27) +
CD1  LEU   36  A [    -8.692     -4.185      3.980] (conf  27/ 27) +
HD11 LEU   36  A [    -9.579     -3.749      3.474] (conf  27/ 27) +
HD12 LEU   36  A [    -8.048     -4.675      3.221] (conf  27/ 27) +
HD13 LEU   36  A [    -9.041     -4.956      4.702] (conf  27/ 27) +
CD2  LEU   36  A [    -8.876     -2.385      5.703] (conf  27/ 27) +
HD21 LEU   36  A [    -9.734     -1.951      5.147] (conf  27/ 27) +
HD22 LEU   36  A [    -9.269     -3.111      6.445] (conf  27/ 27) +
HD23 LEU   36  A [    -8.366     -1.561      6.241] (conf  27/ 27) +
C    LEU   36  A [    -4.979     -3.600      7.188] (conf   1/  1) +
O    LEU   36  A [    -5.309     -3.997      8.303] (conf   1/  1) +
N    LEU   37  A [    -3.768     -3.862      6.659] (conf   1/  1) +
HN   LEU   37  A [    -3.465     -3.572      5.754] (conf   1/  1) +
CA   LEU   37  A [    -2.775     -4.621      7.408] (conf   1/  1) +
HA   LEU   37  A [    -3.257     -5.534      7.725] (conf  27/ 27) +
CB   LEU   37  A [    -1.495     -4.982      6.614] (conf  27/ 27) +
HB1  LEU   37  A [    -1.043     -4.058      6.194] (conf  27/ 27) +
HB2  LEU   37  A [    -0.753     -5.422      7.318] (conf  27/ 27) +
CG   LEU   37  A [    -1.719     -5.997      5.480] (conf  27/ 27) +
HG   LEU   37  A [    -2.312     -5.496      4.682] (conf  27/ 27) +
CD1  LEU   37  A [    -0.354     -6.414      4.926] (conf  27/ 27) +
HD11 LEU   37  A [    -0.483     -7.141      4.097] (conf  27/ 27) +
HD12 LEU   37  A [     0.200     -5.531      4.548] (conf  27/ 27) +
HD13 LEU   37  A [     0.247     -6.895      5.727] (conf  27/ 27) +
CD2  LEU   37  A [    -2.485     -7.266      5.913] (conf  27/ 27) +
HD21 LEU   37  A [    -2.605     -7.951      5.047] (conf  27/ 27) +
HD22 LEU   37  A [    -1.924     -7.799      6.708] (conf  27/ 27) +
HD23 LEU   37  A [    -3.497     -7.016      6.291] (conf  27/ 27) +
C    LEU   37  A [    -2.391     -3.907      8.666] (conf   1/  1) +
O    LEU   37  A [    -2.252     -4.521      9.721] (conf   1/  1) +
N    GLY   38  A [    -2.212     -2.575      8.580] (conf   1/  1) +
HN   GLY   38  A [    -2.306     -2.059      7.730] (conf   1/  1) +
CA   GLY   38  A [    -1.860     -1.791      9.756] (conf   1/  1) +
HA1  GLY   38  A [    -1.768     -0.759      9.448] (conf   1/  1) +
HA2  GLY   38  A [    -0.956     -2.211     10.179] (conf   1/  1) +
C    GLY   38  A [    -2.934     -1.871     10.795] (conf   1/  1) +
O    GLY   38  A [    -2.654     -2.002     11.984] (conf   1/  1) +
N    ALA   39  A [    -4.208     -1.792     10.360] (conf   1/  1) +
HN   ALA   39  A [    -4.461     -1.671      9.401] (conf   1/  1) +
CA   ALA   39  A [    -5.321     -1.880     11.296] (conf   1/  1) +
HA   ALA   39  A [    -5.228     -1.130     12.073] (conf   1/  1) +
CB   ALA   39  A [    -6.659     -1.619     10.567] (conf   1/  1) +
HB1  ALA   39  A [    -6.641     -0.610     10.104] (conf   1/  1) +
HB2  ALA   39  A [    -6.825     -2.363      9.757] (conf   1/  1) +
HB3  ALA   39  A [    -7.522     -1.660     11.267] (conf   1/  1) +
C    ALA   39  A [    -5.335     -3.207     11.988] (conf   1/  1) +
O    ALA   39  A [    -5.571     -3.288     13.191] (conf   1/  1) +
N    LEU   40  A [    -5.077     -4.292     11.231] (conf   1/  1) +
HN   LEU   40  A [    -4.895     -4.274     10.250] (conf   1/  1) +
CA   LEU   40  A [    -5.046     -5.624     11.820] (conf   1/  1) +
HA   LEU   40  A [    -5.976     -5.748     12.356] (conf  27/ 27) +
CB   LEU   40  A [    -4.896     -6.783     10.805] (conf  27/ 27) +
HB1  LEU   40  A [    -3.996     -6.615     10.176] (conf  27/ 27) +
HB2  LEU   40  A [    -4.734     -7.730     11.369] (conf  27/ 27) +
CG   LEU   40  A [    -6.119     -6.990      9.895] (conf  27/ 27) +
HG   LEU   40  A [    -6.179     -6.123      9.198] (conf  27/ 27) +
CD1  LEU   40  A [    -5.919     -8.281      9.098] (conf  27/ 27) +
HD11 LEU   40  A [    -6.783     -8.453      8.423] (conf  27/ 27) +
HD12 LEU   40  A [    -4.992     -8.225      8.491] (conf  27/ 27) +
HD13 LEU   40  A [    -5.837     -9.144      9.794] (conf  27/ 27) +
CD2  LEU   40  A [    -7.461     -7.080     10.654] (conf  27/ 27) +
HD21 LEU   40  A [    -8.294     -7.232      9.935] (conf  27/ 27) +
HD22 LEU   40  A [    -7.445     -7.936     11.360] (conf  27/ 27) +
HD23 LEU   40  A [    -7.667     -6.150     11.221] (conf  27/ 27) +
C    LEU   40  A [    -3.967     -5.728     12.853] (conf   1/  1) +
O    LEU   40  A [    -4.167     -6.309     13.917] (conf   1/  1) +
N    ILE   41  A [    -2.782     -5.159     12.554] (conf   1/  1) +
HN   ILE   41  A [    -2.571     -4.691     11.698] (conf   1/  1) +
CA   ILE   41  A [    -1.680     -5.191     13.504] (conf   1/  1) +
HA   ILE   41  A [    -1.576     -6.229     13.794] (conf  15/ 15) +
CB   ILE   41  A [    -0.300     -4.760     12.933] (conf  15/ 15) +
HB   ILE   41  A [     0.459     -4.844     13.747] (conf  15/ 15) +
CG2  ILE   41  A [     0.109     -5.767     11.816] (conf  15/ 15) +
HG21 ILE   41  A [     1.105     -5.505     11.402] (conf  15/ 15) +
HG22 ILE   41  A [     0.165     -6.796     12.229] (conf  15/ 15) +
HG23 ILE   41  A [    -0.629     -5.755     10.990] (conf  15/ 15) +
CG1  ILE   41  A [    -0.289     -3.275     12.481] (conf  15/ 15) +
HG11 ILE   41  A [    -1.004     -3.157     11.638] (conf  15/ 15) +
HG12 ILE   41  A [    -0.660     -2.647     13.320] (conf  15/ 15) +
CD   ILE   41  A [     1.087     -2.717     12.047] (conf  15/ 15) +
HD1  ILE   41  A [     0.990     -1.651     11.751] (conf  15/ 15) +
HD2  ILE   41  A [     1.816     -2.785     12.882] (conf  15/ 15) +
HD3  ILE   41  A [     1.485     -3.284     11.181] (conf  15/ 15) +
C    ILE   41  A [    -2.037     -4.469     14.766] (conf   1/  1) +
O    ILE   41  A [    -1.731     -4.930     15.864] (conf   1/  1) +
N    LEU   42  A [    -2.701     -3.304     14.632] (conf   1/  1) +
HN   LEU   42  A [    -2.955     -2.888     13.762] (conf   1/  1) +
CA   LEU   42  A [    -3.111     -2.541     15.803] (conf   1/  1) +
HA   LEU   42  A [    -2.228     -2.407     16.411] (conf  27/ 27) +
CB   LEU   42  A [    -3.720     -1.151     15.494] (conf  27/ 27) +
HB1  LEU   42  A [    -4.569     -1.264     14.786] (conf  27/ 27) +
HB2  LEU   42  A [    -4.131     -0.727     16.438] (conf  27/ 27) +
CG   LEU   42  A [    -2.717     -0.133     14.925] (conf  27/ 27) +
HG   LEU   42  A [    -2.440     -0.461     13.897] (conf  27/ 27) +
CD1  LEU   42  A [    -3.397      1.237     14.866] (conf  27/ 27) +
HD11 LEU   42  A [    -2.700      1.993     14.449] (conf  27/ 27) +
HD12 LEU   42  A [    -4.305      1.195     14.231] (conf  27/ 27) +
HD13 LEU   42  A [    -3.692      1.555     15.889] (conf  27/ 27) +
CD2  LEU   42  A [    -1.415     -0.004     15.746] (conf  27/ 27) +
HD21 LEU   42  A [    -0.745      0.748     15.279] (conf  27/ 27) +
HD22 LEU   42  A [    -1.647      0.325     16.781] (conf  27/ 27) +
HD23 LEU   42  A [    -0.869     -0.968     15.789] (conf  27/ 27) +
C    LEU   42  A [    -4.069     -3.325     16.647] (conf   1/  1) +
O    LEU   42  A [    -3.973     -3.326     17.872] (conf   1/  1) +
N    ILE   43  A [    -5.024     -4.019     15.998] (conf   1/  1) +
HN   ILE   43  A [    -5.146     -4.036     15.008] (conf   1/  1) +
CA   ILE   43  A [    -5.987     -4.828     16.733] (conf   1/  1) +
HA   ILE   43  A [    -6.397     -4.174     17.492] (conf  15/ 15) +
CB   ILE   43  A [    -7.195     -5.339     15.900] (conf  15/ 15) +
HB   ILE   43  A [    -7.863     -5.926     16.575] (conf  15/ 15) +
CG2  ILE   43  A [    -8.010     -4.107     15.404] (conf  15/ 15) +
HG21 ILE   43  A [    -8.899     -4.435     14.826] (conf  15/ 15) +
HG22 ILE   43  A [    -8.361     -3.505     16.268] (conf  15/ 15) +
HG23 ILE   43  A [    -7.386     -3.463     14.753] (conf  15/ 15) +
CG1  ILE   43  A [    -6.762     -6.308     14.768] (conf  15/ 15) +
HG11 ILE   43  A [    -6.127     -5.749     14.048] (conf  15/ 15) +
HG12 ILE   43  A [    -6.132     -7.111     15.212] (conf  15/ 15) +
CD   ILE   43  A [    -7.914     -6.989     13.992] (conf  15/ 15) +
HD1  ILE   43  A [    -7.502     -7.665     13.213] (conf  15/ 15) +
HD2  ILE   43  A [    -8.546     -7.589     14.679] (conf  15/ 15) +
HD3  ILE   43  A [    -8.552     -6.231     13.492] (conf  15/ 15) +
C    ILE   43  A [    -5.300     -5.922     17.491] (conf   1/  1) +
OT1  ILE   43  A [    -4.045     -6.003     17.405] (conf   1/  1) +
OT2  ILE   43  A [    -6.012     -6.704     18.175] (conf   1/  1) +
N    ARG   20  B [     2.220     -4.722    -17.544] (conf   1/  1) +
CA   ARG   20  B [     1.903     -5.515    -16.365] (conf   1/  1) +
HA   ARG   20  B [     0.983     -5.132    -15.940] (conf 246/246) +
HT1  ARG   20  B [     1.455     -4.817    -18.242] (conf   1/  1) +
HT2  ARG   20  B [     3.112     -5.059    -17.959] (conf   1/  1) +
HT3  ARG   20  B [     2.320     -3.723    -17.274] (conf   1/  1) +
CB   ARG   20  B [     1.719     -7.000    -16.741] (conf 246/246) +
HB1  ARG   20  B [     2.570     -7.313    -17.385] (conf 246/246) +
HB2  ARG   20  B [     1.765     -7.609    -15.810] (conf 246/246) +
CG   ARG   20  B [     0.395     -7.333    -17.454] (conf 246/246) +
HG1  ARG   20  B [    -0.452     -6.996    -16.818] (conf 246/246) +
HG2  ARG   20  B [     0.333     -6.789    -18.420] (conf 246/246) +
CD   ARG   20  B [     0.302     -8.849    -17.701] (conf 246/246) +
HD1  ARG   20  B [     0.976     -9.134    -18.537] (conf 246/246) +
HD2  ARG   20  B [     0.658     -9.394    -16.801] (conf 246/246) +
NE   ARG   20  B [    -1.087     -9.273    -18.052] (conf 246/246) +
HE   ARG   20  B [    -1.414     -9.128    -18.979] (conf 246/246) +
CZ   ARG   20  B [    -1.918     -9.876    -17.180] (conf 246/246) +
NH1  ARG   20  B [    -1.544    -10.112    -15.917] (conf 246/246) +
HH11 ARG   20  B [    -2.171    -10.551    -15.286] (conf 246/246) +
HH12 ARG   20  B [    -0.643     -9.825    -15.625] (conf 246/246) +
NH2  ARG   20  B [    -3.144    -10.246    -17.570] (conf 246/246) +
HH21 ARG   20  B [    -3.753    -10.684    -16.920] (conf 246/246) +
HH22 ARG   20  B [    -3.436    -10.077    -18.504] (conf 246/246) +
C    ARG   20  B [     2.984     -5.402    -15.336] (conf   1/  1) +
O    ARG   20  B [     2.708     -5.279    -14.145] (conf   1/  1) +
N    ALA   21  B [     4.255     -5.442    -15.780] (conf   1/  1) +
HN   ALA   21  B [     4.504     -5.556    -16.742] (conf   1/  1) +
CA   ALA   21  B [     5.373     -5.318    -14.856] (conf   1/  1) +
HA   ALA   21  B [     5.311     -6.070    -14.078] (conf   1/  1) +
CB   ALA   21  B [     6.712     -5.536    -15.597] (conf   1/  1) +
HB1  ALA   21  B [     6.722     -6.546    -16.059] (conf   1/  1) +
HB2  ALA   21  B [     6.846     -4.787    -16.408] (conf   1/  1) +
HB3  ALA   21  B [     7.579     -5.467    -14.905] (conf   1/  1) +
C    ALA   21  B [     5.350     -3.990    -14.164] (conf   1/  1) +
O    ALA   21  B [     5.595     -3.902    -12.962] (conf   1/  1) +
N    SER   22  B [     5.052     -2.914    -14.918] (conf   1/  1) +
HN   SER   22  B [     4.861     -2.936    -15.899] (conf   1/  1) +
CA   SER   22  B [     4.986     -1.585    -14.327] (conf   1/  1) +
HA   SER   22  B [     5.920     -1.422    -13.805] (conf  40/ 40) +
CB   SER   22  B [     4.823     -0.442    -15.362] (conf  40/ 40) +
HB1  SER   22  B [     4.467      0.486    -14.864] (conf  40/ 40) +
HB2  SER   22  B [     5.818     -0.221    -15.809] (conf  40/ 40) +
OG   SER   22  B [     3.942     -0.797    -16.417] (conf  40/ 40) +
HG1  SER   22  B [     3.048     -0.829    -16.057] (conf  40/ 40) +
C    SER   22  B [     3.912     -1.514    -13.286] (conf   1/  1) +
O    SER   22  B [     4.103     -0.927    -12.224] (conf   1/  1) +
N    LEU   23  B [     2.743     -2.120    -13.575] (conf   1/  1) +
HN   LEU   23  B [     2.540     -2.594    -14.429] (conf   1/  1) +
CA   LEU   23  B [     1.649     -2.122    -12.616] (conf   1/  1) +
HA   LEU   23  B [     1.485     -1.092    -12.331] (conf  27/ 27) +
CB   LEU   23  B [     0.319     -2.712    -13.145] (conf  27/ 27) +
HB1  LEU   23  B [     0.495     -3.737    -13.537] (conf  27/ 27) +
HB2  LEU   23  B [    -0.393     -2.801    -12.294] (conf  27/ 27) +
CG   LEU   23  B [    -0.362     -1.863    -14.232] (conf  27/ 27) +
HG   LEU   23  B [     0.261     -1.921    -15.154] (conf  27/ 27) +
CD1  LEU   23  B [    -1.749     -2.448    -14.508] (conf  27/ 27) +
HD11 LEU   23  B [    -2.263     -1.862    -15.298] (conf  27/ 27) +
HD12 LEU   23  B [    -1.668     -3.504    -14.838] (conf  27/ 27) +
HD13 LEU   23  B [    -2.364     -2.411    -13.583] (conf  27/ 27) +
CD2  LEU   23  B [    -0.519     -0.372    -13.861] (conf  27/ 27) +
HD21 LEU   23  B [    -1.020      0.174    -14.688] (conf  27/ 27) +
HD22 LEU   23  B [    -1.139     -0.269    -12.946] (conf  27/ 27) +
HD23 LEU   23  B [     0.465      0.105    -13.685] (conf  27/ 27) +
C    LEU   23  B [     2.040     -2.832    -11.357] (conf   1/  1) +
O    LEU   23  B [     1.728     -2.382    -10.256] (conf   1/  1) +
N    LEU   24  B [     2.739     -3.976    -11.496] (conf   1/  1) +
HN   LEU   24  B [     2.999     -4.384    -12.369] (conf   1/  1) +
CA   LEU   24  B [     3.183     -4.726    -10.330] (conf   1/  1) +
HA   LEU   24  B [     2.310     -4.888     -9.715] (conf  27/ 27) +
CB   LEU   24  B [     3.833     -6.095    -10.644] (conf  27/ 27) +
HB1  LEU   24  B [     4.673     -5.955    -11.359] (conf  27/ 27) +
HB2  LEU   24  B [     4.266     -6.507     -9.704] (conf  27/ 27) +
CG   LEU   24  B [     2.859     -7.145    -11.205] (conf  27/ 27) +
HG   LEU   24  B [     2.564     -6.826    -12.231] (conf  27/ 27) +
CD1  LEU   24  B [     3.582     -8.492    -11.271] (conf  27/ 27) +
HD11 LEU   24  B [     2.906     -9.271    -11.683] (conf  27/ 27) +
HD12 LEU   24  B [     4.483     -8.421    -11.913] (conf  27/ 27) +
HD13 LEU   24  B [     3.896     -8.801    -10.250] (conf  27/ 27) +
CD2  LEU   24  B [     1.569     -7.316    -10.373] (conf  27/ 27) +
HD21 LEU   24  B [     0.920     -8.089    -10.835] (conf  27/ 27) +
HD22 LEU   24  B [     1.820     -7.637     -9.341] (conf  27/ 27) +
HD23 LEU   24  B [     0.992     -6.370    -10.326] (conf  27/ 27) +
C    LEU   24  B [     4.121     -3.913     -9.493] (conf   1/  1) +
O    LEU   24  B [     4.037     -3.914     -8.268] (conf   1/  1) +
N    LEU   25  B [     5.050     -3.188    -10.151] (conf   1/  1) +
HN   LEU   25  B [     5.163     -3.167    -11.142] (conf   1/  1) +
CA   LEU   25  B [     5.992     -2.350     -9.425] (conf   1/  1) +
HA   LEU   25  B [     6.457     -2.979     -8.680] (conf  27/ 27) +
CB   LEU   25  B [     7.099     -1.706    -10.296] (conf  27/ 27) +
HB1  LEU   25  B [     6.634     -1.137    -11.129] (conf  27/ 27) +
HB2  LEU   25  B [     7.663     -0.977     -9.671] (conf  27/ 27) +
CG   LEU   25  B [     8.115     -2.708    -10.870] (conf  27/ 27) +
HG   LEU   25  B [     7.593     -3.325    -11.637] (conf  27/ 27) +
CD1  LEU   25  B [     9.254     -1.923    -11.526] (conf  27/ 27) +
HD11 LEU   25  B [    10.000     -2.620    -11.960] (conf  27/ 27) +
HD12 LEU   25  B [     8.862     -1.266    -12.330] (conf  27/ 27) +
HD13 LEU   25  B [     9.761     -1.290    -10.766] (conf  27/ 27) +
CD2  LEU   25  B [     8.717     -3.668     -9.820] (conf  27/ 27) +
HD21 LEU   25  B [     9.441     -4.355    -10.306] (conf  27/ 27) +
HD22 LEU   25  B [     9.250     -3.091     -9.037] (conf  27/ 27) +
HD23 LEU   25  B [     7.930     -4.284     -9.341] (conf  27/ 27) +
C    LEU   25  B [     5.278     -1.279     -8.660] (conf   1/  1) +
O    LEU   25  B [     5.618     -0.988     -7.515] (conf   1/  1) +
N    GLY   26  B [     4.260     -0.659     -9.289] (conf   1/  1) +
HN   GLY   26  B [     3.978     -0.868    -10.224] (conf   1/  1) +
CA   GLY   26  B [     3.492      0.380     -8.618] (conf   1/  1) +
HA1  GLY   26  B [     2.736      0.728     -9.309] (conf   1/  1) +
HA2  GLY   26  B [     4.183      1.147     -8.293] (conf   1/  1) +
C    GLY   26  B [     2.799     -0.160     -7.406] (conf   1/  1) +
O    GLY   26  B [     2.767      0.482     -6.359] (conf   1/  1) +
N    PHE   27  B [     2.221     -1.372     -7.527] (conf   1/  1) +
HN   PHE   27  B [     2.213     -1.918     -8.363] (conf   1/  1) +
CA   PHE   27  B [     1.543     -1.989     -6.397] (conf   1/  1) +
HA   PHE   27  B [     0.787     -1.291     -6.054] (conf  87/ 87) +
CB   PHE   27  B [     0.867     -3.340     -6.782] (conf  87/ 87) +
HB1  PHE   27  B [     1.563     -3.945     -7.402] (conf  87/ 87) +
HB2  PHE   27  B [     0.641     -3.921     -5.861] (conf  87/ 87) +
CG   PHE   27  B [    -0.440     -3.154     -7.547] (conf  87/ 87) +
CD1  PHE   27  B [    -0.424     -2.920     -8.935] (conf  87/ 87) +
HD1  PHE   27  B [     0.521     -2.860     -9.455] (conf  87/ 87) +
CD2  PHE   27  B [    -1.691     -3.231     -6.894] (conf  87/ 87) +
HD2  PHE   27  B [    -1.721     -3.407     -5.827] (conf  87/ 87) +
CE1  PHE   27  B [    -1.620     -2.776     -9.659] (conf  87/ 87) +
HE1  PHE   27  B [    -1.592     -2.601    -10.726] (conf  87/ 87) +
CE2  PHE   27  B [    -2.894     -3.087     -7.609] (conf  87/ 87) +
HE2  PHE   27  B [    -3.844     -3.149     -7.095] (conf  87/ 87) +
CZ   PHE   27  B [    -2.854     -2.861     -8.996] (conf  87/ 87) +
HZ   PHE   27  B [    -3.774     -2.751     -9.554] (conf  87/ 87) +
C    PHE   27  B [     2.494     -2.234     -5.267] (conf   1/  1) +
O    PHE   27  B [     2.166     -2.006     -4.106] (conf   1/  1) +
N    LEU   28  B [     3.711     -2.713     -5.591] (conf   1/  1) +
HN   LEU   28  B [     4.013     -2.926     -6.518] (conf   1/  1) +
CA   LEU   28  B [     4.713     -2.962     -4.563] (conf   1/  1) +
HA   LEU   28  B [     4.244     -3.589     -3.819] (conf  27/ 27) +
CB   LEU   28  B [     6.002     -3.659     -5.064] (conf  27/ 27) +
HB1  LEU   28  B [     6.441     -3.075     -5.902] (conf  27/ 27) +
HB2  LEU   28  B [     6.747     -3.662     -4.237] (conf  27/ 27) +
CG   LEU   28  B [     5.800     -5.116     -5.512] (conf  27/ 27) +
HG   LEU   28  B [     5.202     -5.108     -6.452] (conf  27/ 27) +
CD1  LEU   28  B [     7.173     -5.737     -5.779] (conf  27/ 27) +
HD11 LEU   28  B [     7.060     -6.789     -6.115] (conf  27/ 27) +
HD12 LEU   28  B [     7.715     -5.165     -6.560] (conf  27/ 27) +
HD13 LEU   28  B [     7.779     -5.727     -4.846] (conf  27/ 27) +
CD2  LEU   28  B [     5.052     -5.994     -4.484] (conf  27/ 27) +
HD21 LEU   28  B [     4.948     -7.028     -4.873] (conf  27/ 27) +
HD22 LEU   28  B [     5.618     -6.032     -3.530] (conf  27/ 27) +
HD23 LEU   28  B [     4.035     -5.601     -4.284] (conf  27/ 27) +
C    LEU   28  B [     5.079     -1.696     -3.854] (conf   1/  1) +
O    LEU   28  B [     5.224     -1.677     -2.633] (conf   1/  1) +
N    LEU   29  B [     5.238     -0.595     -4.615] (conf   1/  1) +
HN   LEU   29  B [     5.144     -0.568     -5.608] (conf   1/  1) +
CA   LEU   29  B [     5.574      0.687     -4.011] (conf   1/  1) +
HA   LEU   29  B [     6.445      0.522     -3.395] (conf  27/ 27) +
CB   LEU   29  B [     5.884      1.821     -5.019] (conf  27/ 27) +
HB1  LEU   29  B [     5.034      1.935     -5.726] (conf  27/ 27) +
HB2  LEU   29  B [     5.977      2.779     -4.458] (conf  27/ 27) +
CG   LEU   29  B [     7.184      1.622     -5.816] (conf  27/ 27) +
HG   LEU   29  B [     7.031      0.771     -6.518] (conf  27/ 27) +
CD1  LEU   29  B [     7.469      2.901     -6.609] (conf  27/ 27) +
HD11 LEU   29  B [     8.398      2.784     -7.204] (conf  27/ 27) +
HD12 LEU   29  B [     6.627      3.129     -7.295] (conf  27/ 27) +
HD13 LEU   29  B [     7.601      3.756     -5.910] (conf  27/ 27) +
CD2  LEU   29  B [     8.416      1.299     -4.942] (conf  27/ 27) +
HD21 LEU   29  B [     9.313      1.173     -5.583] (conf  27/ 27) +
HD22 LEU   29  B [     8.606      2.127     -4.228] (conf  27/ 27) +
HD23 LEU   29  B [     8.269      0.359     -4.373] (conf  27/ 27) +
C    LEU   29  B [     4.496      1.138     -3.076] (conf   1/  1) +
O    LEU   29  B [     4.774      1.641     -1.990] (conf   1/  1) +
N    GLY   30  B [     3.223      0.962     -3.483] (conf   1/  1) +
HN   GLY   30  B [     2.975      0.568     -4.367] (conf   1/  1) +
CA   GLY   30  B [     2.107      1.349     -2.631] (conf   1/  1) +
HA1  GLY   30  B [     1.193      1.119     -3.161] (conf   1/  1) +
HA2  GLY   30  B [     2.224      2.396     -2.383] (conf   1/  1) +
C    GLY   30  B [     2.111      0.568     -1.354] (conf   1/  1) +
O    GLY   30  B [     1.871      1.115     -0.280] (conf   1/  1) +
N    CYS   31  B [     2.389     -0.747     -1.446] (conf   1/  1) +
HN   CYS   31  B [     2.574     -1.227     -2.301] (conf   1/  1) +
CA   CYS   31  B [     2.438     -1.584     -0.255] (conf   1/  1) +
HA   CYS   31  B [     1.483     -1.482      0.246] (conf   2/  2) +
CB   CYS   31  B [     2.665     -3.069     -0.617] (conf   2/  2) +
HB1  CYS   31  B [     1.966     -3.339     -1.439] (conf   2/  2) +
HB2  CYS   31  B [     3.696     -3.201     -1.010] (conf   2/  2) +
SG   CYS   31  B [     2.377     -4.193      0.786] (conf   2/  2) +
HG1  CYS   31  B [     3.232     -3.705      1.675] (conf   2/  2) +
C    CYS   31  B [     3.513     -1.126      0.680] (conf   1/  1) +
O    CYS   31  B [     3.319     -1.077      1.892] (conf   1/  1) +
N    LEU   32  B [     4.691     -0.773      0.125] (conf   1/  1) +
HN   LEU   32  B [     4.897     -0.809     -0.851] (conf   1/  1) +
CA   LEU   32  B [     5.791     -0.294      0.951] (conf   1/  1) +
HA   LEU   32  B [     5.941     -1.031      1.726] (conf  27/ 27) +
CB   LEU   32  B [     7.127     -0.081      0.199] (conf  27/ 27) +
HB1  LEU   32  B [     6.965      0.599     -0.665] (conf  27/ 27) +
HB2  LEU   32  B [     7.844      0.423      0.886] (conf  27/ 27) +
CG   LEU   32  B [     7.790     -1.378     -0.294] (conf  27/ 27) +
HG   LEU   32  B [     7.164     -1.793     -1.117] (conf  27/ 27) +
CD1  LEU   32  B [     9.185     -1.039     -0.826] (conf  27/ 27) +
HD11 LEU   32  B [     9.686     -1.956     -1.199] (conf  27/ 27) +
HD12 LEU   32  B [     9.118     -0.302     -1.652] (conf  27/ 27) +
HD13 LEU   32  B [     9.804     -0.605     -0.011] (conf  27/ 27) +
CD2  LEU   32  B [     7.927     -2.468      0.792] (conf  27/ 27) +
HD21 LEU   32  B [     8.416     -3.369      0.366] (conf  27/ 27) +
HD22 LEU   32  B [     8.549     -2.094      1.632] (conf  27/ 27) +
HD23 LEU   32  B [     6.936     -2.771      1.185] (conf  27/ 27) +
C    LEU   32  B [     5.416      0.970      1.663] (conf   1/  1) +
O    LEU   32  B [     5.724      1.146      2.839] (conf   1/  1) +
N    LEU   33  B [     4.733      1.888      0.951] (conf   1/  1) +
HN   LEU   33  B [     4.475      1.793     -0.008] (conf   1/  1) +
CA   LEU   33  B [     4.308      3.138      1.563] (conf   1/  1) +
HA   LEU   33  B [     5.187      3.579      2.012] (conf  27/ 27) +
CB   LEU   33  B [     3.680      4.162      0.586] (conf  27/ 27) +
HB1  LEU   33  B [     2.835      3.688      0.041] (conf  27/ 27) +
HB2  LEU   33  B [     3.259      5.006      1.179] (conf  27/ 27) +
CG   LEU   33  B [     4.670      4.757     -0.430] (conf  27/ 27) +
HG   LEU   33  B [     4.955      3.951     -1.144] (conf  27/ 27) +
CD1  LEU   33  B [     3.970      5.891     -1.183] (conf  27/ 27) +
HD11 LEU   33  B [     4.657      6.335     -1.933] (conf  27/ 27) +
HD12 LEU   33  B [     3.065      5.515     -1.702] (conf  27/ 27) +
HD13 LEU   33  B [     3.666      6.686     -0.468] (conf  27/ 27) +
CD2  LEU   33  B [     5.966      5.309      0.202] (conf  27/ 27) +
HD21 LEU   33  B [     6.627      5.724     -0.589] (conf  27/ 27) +
HD22 LEU   33  B [     5.726      6.120      0.921] (conf  27/ 27) +
HD23 LEU   33  B [     6.527      4.513      0.731] (conf  27/ 27) +
C    LEU   33  B [     3.359      2.887      2.695] (conf   1/  1) +
O    LEU   33  B [     3.450      3.519      3.745] (conf   1/  1) +
N    GLY   34  B [     2.417      1.944      2.500] (conf   1/  1) +
HN   GLY   34  B [     2.318      1.430      1.649] (conf   1/  1) +
CA   GLY   34  B [     1.463      1.613      3.550] (conf   1/  1) +
HA1  GLY   34  B [     0.811      0.839      3.171] (conf   1/  1) +
HA2  GLY   34  B [     0.953      2.523      3.836] (conf   1/  1) +
C    GLY   34  B [     2.164      1.077      4.760] (conf   1/  1) +
O    GLY   34  B [     1.825      1.423      5.890] (conf   1/  1) +
N    MET   35  B [     3.171      0.206      4.546] (conf   1/  1) +
HN   MET   35  B [     3.467     -0.112      3.647] (conf   1/  1) +
CA   MET   35  B [     3.925     -0.351      5.659] (conf   1/  1) +
HA   MET   35  B [     3.216     -0.833      6.323] (conf  48/ 48) +
CB   MET   35  B [     4.970     -1.369      5.158] (conf  48/ 48) +
HB1  MET   35  B [     4.487     -2.053      4.428] (conf  48/ 48) +
HB2  MET   35  B [     5.779     -0.836      4.614] (conf  48/ 48) +
CG   MET   35  B [     5.541     -2.206      6.308] (conf  48/ 48) +
HG1  MET   35  B [     4.746     -2.375      7.067] (conf  48/ 48) +
HG2  MET   35  B [     5.837     -3.204      5.921] (conf  48/ 48) +
SD   MET   35  B [     6.982     -1.425      7.073] (conf  48/ 48) +
CE   MET   35  B [     8.129     -1.541      5.644] (conf  48/ 48) +
HE1  MET   35  B [     9.181     -1.588      5.995] (conf  48/ 48) +
HE2  MET   35  B [     7.929     -2.455      5.045] (conf  48/ 48) +
HE3  MET   35  B [     8.032     -0.659      4.975] (conf  48/ 48) +
C    MET   35  B [     4.632      0.726      6.422] (conf   1/  1) +
O    MET   35  B [     4.659      0.714      7.650] (conf   1/  1) +
N    LEU   36  B [     5.228      1.692      5.697] (conf   1/  1) +
HN   LEU   36  B [     5.244      1.732      4.700] (conf   1/  1) +
CA   LEU   36  B [     5.921      2.794      6.351] (conf   1/  1) +
HA   LEU   36  B [     6.622      2.351      7.044] (conf  27/ 27) +
CB   LEU   36  B [     6.693      3.737      5.395] (conf  27/ 27) +
HB1  LEU   36  B [     6.003      4.121      4.613] (conf  27/ 27) +
HB2  LEU   36  B [     7.052      4.615      5.978] (conf  27/ 27) +
CG   LEU   36  B [     7.917      3.094      4.722] (conf  27/ 27) +
HG   LEU   36  B [     7.549      2.333      3.995] (conf  27/ 27) +
CD1  LEU   36  B [     8.692      4.185      3.980] (conf  27/ 27) +
HD11 LEU   36  B [     9.579      3.749      3.474] (conf  27/ 27) +
HD12 LEU   36  B [     8.048      4.675      3.221] (conf  27/ 27) +
HD13 LEU   36  B [     9.041      4.956      4.702] (conf  27/ 27) +
CD2  LEU   36  B [     8.876      2.385      5.703] (conf  27/ 27) +
HD21 LEU   36  B [     9.734      1.951      5.147] (conf  27/ 27) +
HD22 LEU   36  B [     9.269      3.111      6.445] (conf  27/ 27) +
HD23 LEU   36  B [     8.366      1.561      6.241] (conf  27/ 27) +
C    LEU   36  B [     4.979      3.600      7.188] (conf   1/  1) +
O    LEU   36  B [     5.309      3.997      8.303] (conf   1/  1) +
N    LEU   37  B [     3.768      3.862      6.659] (conf   1/  1) +
HN   LEU   37  B [     3.465      3.572      5.754] (conf   1/  1) +
CA   LEU   37  B [     2.775      4.621      7.408] (conf   1/  1) +
HA   LEU   37  B [     3.257      5.534      7.725] (conf  27/ 27) +
CB   LEU   37  B [     1.495      4.982      6.614] (conf  27/ 27) +
HB1  LEU   37  B [     1.043      4.058      6.194] (conf  27/ 27) +
HB2  LEU   37  B [     0.753      5.422      7.318] (conf  27/ 27) +
CG   LEU   37  B [     1.719      5.997      5.480] (conf  27/ 27) +
HG   LEU   37  B [     2.312      5.496      4.682] (conf  27/ 27) +
CD1  LEU   37  B [     0.354      6.414      4.926] (conf  27/ 27) +
HD11 LEU   37  B [     0.483      7.141      4.097] (conf  27/ 27) +
HD12 LEU   37  B [    -0.200      5.531      4.548] (conf  27/ 27) +
HD13 LEU   37  B [    -0.247      6.895      5.727] (conf  27/ 27) +
CD2  LEU   37  B [     2.485      7.266      5.913] (conf  27/ 27) +
HD21 LEU   37  B [     2.605      7.951      5.047] (conf  27/ 27) +
HD22 LEU   37  B [     1.924      7.799      6.708] (conf  27/ 27) +
HD23 LEU   37  B [     3.497      7.016      6.291] (conf  27/ 27) +
C    LEU   37  B [     2.391      3.907      8.666] (conf   1/  1) +
O    LEU   37  B [     2.252      4.521      9.721] (conf   1/  1) +
N    GLY   38  B [     2.212      2.575      8.580] (conf   1/  1) +
HN   GLY   38  B [     2.306      2.059      7.730] (conf   1/  1) +
CA   GLY   38  B [     1.860      1.791      9.756] (conf   1/  1) +
HA1  GLY   38  B [     1.768      0.759      9.448] (conf   1/  1) +
HA2  GLY   38  B [     0.956      2.211     10.179] (conf   1/  1) +
C    GLY   38  B [     2.934      1.871     10.795] (conf   1/  1) +
O    GLY   38  B [     2.654      2.002     11.984] (conf   1/  1) +
N    ALA   39  B [     4.208      1.792     10.360] (conf   1/  1) +
HN   ALA   39  B [     4.461      1.671      9.401] (conf   1/  1) +
CA   ALA   39  B [     5.321      1.880     11.296] (conf   1/  1) +
HA   ALA   39  B [     5.228      1.130     12.073] (conf   1/  1) +
CB   ALA   39  B [     6.659      1.619     10.567] (conf   1/  1) +
HB1  ALA   39  B [     6.641      0.610     10.104] (conf   1/  1) +
HB2  ALA   39  B [     6.825      2.363      9.757] (conf   1/  1) +
HB3  ALA   39  B [     7.522      1.660     11.267] (conf   1/  1) +
C    ALA   39  B [     5.335      3.207     11.988] (conf   1/  1) +
O    ALA   39  B [     5.571      3.288     13.191] (conf   1/  1) +
N    LEU   40  B [     5.077      4.292     11.231] (conf   1/  1) +
HN   LEU   40  B [     4.895      4.274     10.250] (conf   1/  1) +
CA   LEU   40  B [     5.046      5.624     11.820] (conf   1/  1) +
HA   LEU   40  B [     5.976      5.748     12.356] (conf  27/ 27) +
CB   LEU   40  B [     4.896      6.783     10.805] (conf  27/ 27) +
HB1  LEU   40  B [     3.996      6.615     10.176] (conf  27/ 27) +
HB2  LEU   40  B [     4.734      7.730     11.369] (conf  27/ 27) +
CG   LEU   40  B [     6.119      6.990      9.895] (conf  27/ 27) +
HG   LEU   40  B [     6.179      6.123      9.198] (conf  27/ 27) +
CD1  LEU   40  B [     5.919      8.281      9.098] (conf  27/ 27) +
HD11 LEU   40  B [     6.783      8.453      8.423] (conf  27/ 27) +
HD12 LEU   40  B [     4.992      8.225      8.491] (conf  27/ 27) +
HD13 LEU   40  B [     5.837      9.144      9.794] (conf  27/ 27) +
CD2  LEU   40  B [     7.461      7.080     10.654] (conf  27/ 27) +
HD21 LEU   40  B [     8.294      7.232      9.935] (conf  27/ 27) +
HD22 LEU   40  B [     7.445      7.936     11.360] (conf  27/ 27) +
HD23 LEU   40  B [     7.667      6.150     11.221] (conf  27/ 27) +
C    LEU   40  B [     3.967      5.728     12.853] (conf   1/  1) +
O    LEU   40  B [     4.167      6.309     13.917] (conf   1/  1) +
N    ILE   41  B [     2.782      5.159     12.554] (conf   1/  1) +
HN   ILE   41  B [     2.571      4.691     11.698] (conf   1/  1) +
CA   ILE   41  B [     1.680      5.191     13.504] (conf   1/  1) +
HA   ILE   41  B [     1.576      6.229     13.794] (conf  15/ 15) +
CB   ILE   41  B [     0.300      4.760     12.933] (conf  15/ 15) +
HB   ILE   41  B [    -0.459      4.844     13.747] (conf  15/ 15) +
CG2  ILE   41  B [    -0.109      5.767     11.816] (conf  15/ 15) +
HG21 ILE   41  B [    -1.105      5.505     11.402] (conf  15/ 15) +
HG22 ILE   41  B [    -0.165      6.796     12.229] (conf  15/ 15) +
HG23 ILE   41  B [     0.629      5.755     10.990] (conf  15/ 15) +
CG1  ILE   41  B [     0.289      3.275     12.481] (conf  15/ 15) +
HG11 ILE   41  B [     1.004      3.157     11.638] (conf  15/ 15) +
HG12 ILE   41  B [     0.660      2.647     13.320] (conf  15/ 15) +
CD   ILE   41  B [    -1.087      2.717     12.047] (conf  15/ 15) +
HD1  ILE   41  B [    -0.990      1.651     11.751] (conf  15/ 15) +
HD2  ILE   41  B [    -1.816      2.785     12.882] (conf  15/ 15) +
HD3  ILE   41  B [    -1.485      3.284     11.181] (conf  15/ 15) +
C    ILE   41  B [     2.037      4.469     14.766] (conf   1/  1) +
O    ILE   41  B [     1.731      4.930     15.864] (conf   1/  1) +
N    LEU   42  B [     2.701      3.304     14.632] (conf   1/  1) +
HN   LEU   42  B [     2.955      2.888     13.762] (conf   1/  1) +
CA   LEU   42  B [     3.111      2.541     15.803] (conf   1/  1) +
HA   LEU   42  B [     2.228      2.407     16.411] (conf  27/ 27) +
CB   LEU   42  B [     3.720      1.151     15.494] (conf  27/ 27) +
HB1  LEU   42  B [     4.569      1.264     14.786] (conf  27/ 27) +
HB2  LEU   42  B [     4.131      0.727     16.438] (conf  27/ 27) +
CG   LEU   42  B [     2.717      0.133     14.925] (conf  27/ 27) +
HG   LEU   42  B [     2.440      0.461     13.897] (conf  27/ 27) +
CD1  LEU   42  B [     3.397     -1.237     14.866] (conf  27/ 27) +
HD11 LEU   42  B [     2.700     -1.993     14.449] (conf  27/ 27) +
HD12 LEU   42  B [     4.305     -1.195     14.231] (conf  27/ 27) +
HD13 LEU   42  B [     3.692     -1.555     15.889] (conf  27/ 27) +
CD2  LEU   42  B [     1.415      0.004     15.746] (conf  27/ 27) +
HD21 LEU   42  B [     0.745     -0.748     15.279] (conf  27/ 27) +
HD22 LEU   42  B [     1.647     -0.325     16.781] (conf  27/ 27) +
HD23 LEU   42  B [     0.869      0.968     15.789] (conf  27/ 27) +
C    LEU   42  B [     4.069      3.325     16.647] (conf   1/  1) +
O    LEU   42  B [     3.973      3.326     17.872] (conf   1/  1) +
N    ILE   43  B [     5.024      4.019     15.998] (conf   1/  1) +
HN   ILE   43  B [     5.146      4.036     15.008] (conf   1/  1) +
CA   ILE   43  B [     5.987      4.828     16.733] (conf   1/  1) +
HA   ILE   43  B [     6.397      4.174     17.492] (conf  15/ 15) +
CB   ILE   43  B [     7.195      5.339     15.900] (conf  15/ 15) +
HB   ILE   43  B [     7.863      5.926     16.575] (conf  15/ 15) +
CG2  ILE   43  B [     8.010      4.107     15.404] (conf  15/ 15) +
HG21 ILE   43  B [     8.899      4.435     14.826] (conf  15/ 15) +
HG22 ILE   43  B [     8.361      3.505     16.268] (conf  15/ 15) +
HG23 ILE   43  B [     7.386      3.463     14.753] (conf  15/ 15) +
CG1  ILE   43  B [     6.762      6.308     14.768] (conf  15/ 15) +
HG11 ILE   43  B [     6.127      5.749     14.048] (conf  15/ 15) +
HG12 ILE   43  B [     6.132      7.111     15.212] (conf  15/ 15) +
CD   ILE   43  B [     7.914      6.989     13.992] (conf  15/ 15) +
HD1  ILE   43  B [     7.502      7.665     13.213] (conf  15/ 15) +
HD2  ILE   43  B [     8.546      7.589     14.679] (conf  15/ 15) +
HD3  ILE   43  B [     8.552      6.231     13.492] (conf  15/ 15) +
C    ILE   43  B [     5.300      5.922     17.491] (conf   1/  1) +
OT1  ILE   43  B [     4.045      6.003     17.405] (conf   1/  1) +
OT2  ILE   43  B [     6.012      6.704     18.175] (conf   1/  1) +

================  ======================
Interaction Type    Energy                
================  ======================
CHARMM_IMM1                    32.766191
CHARMM_IMM1REF               -396.827754
CHARMM_VDW                    -75.892609
SCWRL4_HBOND                  -58.177955
================  ======================
Total                        -498.132127
================  ======================

Removing Hbonds from A,20
Removing Hbonds from A,43
Removing Hbonds from A,21
Removing Hbonds from A,42
Removing Hbonds from A,22
Removing Hbonds from A,41
Cycle 0 converged in 1 cycles with Energy -221.138
State 0 289,23,34,7,7,22,34,28,0,5,2,37,2,2,2,8,2,8
Cycle 1 converged in 2 cycles with Energy -221.118
State 1 289,23,34,7,7,22,2,28,0,1,2,46,2,2,2,8,2,8
Cycle 2 converged in 2 cycles with Energy -221.501
State 2 289,23,34,7,7,22,2,28,0,2,2,37,2,2,2,8,2,8CCycle 0 converged in 2 cycles with Energy -224.935
State 0 289,23,34,7,7,22,2,28,0,2,2,37,2,2,2,8,2,8
Cycle 1 converged in 2 cycles with Energy -224.935
State 1 289,23,34,7,7,22,2,28,0,2,2,37,2,2,2,8,2,8
Cycle 2 converged in 2 cycles with Energy -224.935
State 2 289,23,34,7,7,22,2,28,0,2,2,37,2,2,2,8,2,8CCycle 0 converged in 2 cycles with Energy -228.26
State 0 289,23,34,7,7,22,2,28,0,2,2,37,2,2,2,8,2,8
Cycle 1 converged in 1 cycles with Energy -228.26
State 1 289,23,34,7,7,22,2,28,0,2,2,37,2,2,2,8,2,8CCycle 2 converged in 2 cycles with Energy -228.26
State 2 289,23,34,7,7,22,2,28,0,2,2,37,2,2,2,8,2,8
Cycle 0 converged in 2 cycles with Energy -230.591
State 0 289,23,34,7,7,22,2,28,0,2,2,37,2,2,2,8,2,8
Cycle 1 converged in 2 cycles with Energy -230.591
State 1 289,23,34,7,7,22,2,28,0,2,2,37,2,2,2,8,2,8
Cycle 2 converged in 2 cycles with Energy -230.591
State 2 289,23,34,7,7,22,2,28,0,2,2,37,2,2,2,8,2,8
Cycle 0 converged in 2 cycles with Energy -230.035
State 0 198,22,2,7,7,72,2,28,0,2,2,37,2,2,2,8,2,8
Cycle 1 converged in 2 cycles with Energy -229.631
State 1 198,22,2,7,7,72,2,28,0,1,2,46,2,2,2,8,2,8
Cycle 2 converged in 2 cycles with Energy -230.914
State 2 198,22,34,7,7,22,2,28,0,1,2,46,2,2,2,8,2,8
Cycle 0 converged in 2 cycles with Energy -229.364
State 0 198,22,2,7,7,72,2,28,0,2,2,37,2,2,2,8,2,8
Cycle 1 converged in 2 cycles with Energy -229.905
State 1 198,22,34,7,7,22,2,28,0,1,2,46,2,2,2,8,2,8
Cycle 2 converged in 2 cycles with Energy -229.364
State 2 198,22,2,7,7,72,2,28,0,2,2,37,2,2,2,8,2,8
Cycle 0 converged in 2 cycles with Energy -227.623
State 0 238,22,2,7,28,72,2,2,0,2,2,37,2,2,2,8,2,8
Cycle 1 converged in 2 cycles with Energy -227.25
State 1 238,22,2,7,28,72,2,2,0,1,2,46,2,2,2,8,2,8
Cycle 2 converged in 1 cycles with Energy -227.623
State 2 238,22,2,7,28,72,2,2,0,2,2,37,2,2,2,8,2,8
Cycle 0 converged in 3 cycles with Energy -224.757
State 0 238,22,34,2,2,22,2,2,0,2,2,37,2,2,2,8,2,8
Cycle 1 converged in 3 cycles with Energy -224.801
State 1 238,22,2,2,2,72,2,2,0,2,2,37,2,2,2,8,2,8
Cycle 2 converged in 3 cycles with Energy -224.395
State 2 238,22,34,34,28,22,5,2,0,2,2,37,2,2,2,8,2,8
Cycle 0 converged in 1 cycles with Energy -220.395
State 0 238,22,34,2,2,22,2,2,0,2,2,37,2,2,2,8,2,8
Cycle 1 converged in 2 cycles with Energy -220.771
State 1 238,22,2,2,2,72,2,2,0,2,2,37,2,2,2,8,2,8
Cycle 2 converged in 2 cycles with Energy -220.771
State 2 238,22,2,2,2,72,2,2,0,2,2,37,2,2,2,8,2,8
Cycle 0 converged in 1 cycles with Energy -215.9
State 0 238,22,2,2,2,72,2,2,0,2,2,37,2,2,2,8,2,8
Cycle 1 converged in 1 cycles with Energy -215.346
State 1 238,22,29,2,2,1,2,2,0,2,2,37,2,2,2,8,2,8
Cycle 2 converged in 2 cycles with Energy -215.9
State 2 238,22,2,2,2,72,2,2,0,2,2,37,2,2,2,8,2,8
Cycle 0 converged in 1 cycles with Energy -210.05
State 0 238,23,34,2,2,22,2,2,0,2,2,37,2,2,2,8,2,8
Cycle 1 converged in 2 cycles with Energy -210.734
State 1 238,23,2,2,2,72,2,2,0,2,2,37,2,2,2,8,2,8
Cycle 2 converged in 2 cycles with Energy -209.285
State 2 238,23,29,2,2,1,2,2,0,34,28,46,5,2,2,8,2,8
Cycle 0 converged in 2 cycles with Energy -205.628
State 0 238,23,2,2,2,72,2,2,0,2,2,37,2,2,2,8,2,8
Cycle 1 converged in 1 cycles with Energy -205.628
State 1 238,23,2,2,2,72,2,2,0,2,2,37,2,2,2,8,2,8
Cycle 2 converged in 2 cycles with Energy -205.628
State 2 238,23,2,2,2,72,2,2,0,2,2,37,2,2,2,8,2,8
Cycle 0 converged in 2 cycles with Energy -233.008
State 0 289,22,2,7,7,72,2,28,0,2,2,37,2,2,2,8,2,8
Cycle 1 converged in 2 cycles with Energy -233.429
State 1 289,22,7,7,34,22,2,5,0,2,2,37,2,2,2,8,2,8
Cycle 2 converged in 2 cycles with Energy -232.605
State 2 289,22,2,7,7,72,2,28,0,1,2,46,2,2,2,8,2,8
Cycle 0 converged in 1 cycles with Energy -227.459
State 0 165,23,34,7,7,22,2,28,0,2,2,37,2,2,2,8,2,8
Cycle 1 converged in 3 cycles with Energy -225.885
State 1 165,23,2,7,7,72,2,28,0,1,2,46,2,2,2,8,2,8
Cycle 2 converged in 2 cycles with Energy -226.286
State 2 165,23,2,7,7,72,2,28,0,2,2,37,2,2,2,8,2,8
Cycle 0 converged in 1 cycles with Energy -219.296
State 0 238,22,2,7,28,72,2,2,0,2,2,37,2,2,2,8,2,8
Cycle 1 converged in 3 cycles with Energy -219.596
State 1 238,22,34,34,28,22,5,2,0,1,2,46,2,2,2,8,2,8
Cycle 2 converged in 1 cycles with Energy -219.296
State 2 238,22,2,7,28,72,2,2,0,2,2,37,2,2,2,8,2,8
Cycle 0 converged in 2 cycles with Energy -227.885
State 0 289,9,34,1,28,22,2,2,0,2,2,37,2,2,2,8,2,8
Cycle 1 converged in 2 cycles with Energy -227.509
State 1 289,9,34,1,28,22,2,2,0,1,2,46,2,2,2,8,2,8
Cycle 2 converged in 2 cycles with Energy -227.509
State 2 289,9,34,1,28,22,2,2,0,1,2,46,2,2,2,8,2,8
Cycle 0 converged in 2 cycles with Energy -231.125
State 0 289,22,2,7,7,72,2,28,0,2,2,37,2,2,2,8,2,8
Cycle 1 converged in 3 cycles with Energy -231.145
State 1 289,22,7,7,34,22,2,5,0,2,2,37,2,2,2,8,2,8
Cycle 2 converged in 3 cycles with Energy -231.672
State 2 289,22,7,7,7,22,2,28,0,2,2,37,2,2,2,8,2,8
Cycle 0 converged in 2 cycles with Energy -216.061
State 0 238,23,2,7,7,72,2,28,0,2,2,37,2,2,2,8,2,8
Cycle 1 converged in 2 cycles with Energy -215.632
State 1 238,23,34,28,7,22,34,28,0,5,2,37,2,2,2,8,2,8
Cycle 2 converged in 2 cycles with Energy -216.061
State 2 238,23,2,7,7,72,2,28,0,2,2,37,2,2,2,8,2,8
Cycle 0 converged in 1 cycles with Energy -194.117
State 0 238,23,34,2,2,22,2,2,0,2,2,37,2,2,2,8,2,8
Cycle 1 converged in 2 cycles with Energy -194.117
State 1 238,23,34,2,2,22,2,2,0,2,2,37,2,2,2,8,2,8
Cycle 2 converged in 2 cycles with Energy -194.246
State 2 238,23,2,2,2,72,2,2,0,2,2,37,2,2,2,8,2,8
Cycle 0 converged in 1 cycles with Energy -217.308
State 0 289,9,34,2,2,22,2,2,0,2,2,37,2,2,2,8,2,8
Cycle 1 converged in 2 cycles with Energy -216.934
State 1 289,9,34,2,2,22,2,2,0,1,2,46,2,2,2,8,2,8
Cycle 2 converged in 2 cycles with Energy -216.901
State 2 289,9,34,34,28,22,5,2,0,2,2,37,2,2,2,8,2,8
Cycle 0 converged in 1 cycles with Energy -222.385
State 0 289,22,2,7,2,72,2,2,0,2,2,37,2,2,2,8,2,8
Cycle 1 converged in 2 cycles with Energy -222.226
State 1 289,22,34,7,2,22,2,2,0,2,2,37,2,2,2,8,2,8
Cycle 2 converged in 2 cycles with Energy -221.792
State 2 289,22,2,34,28,72,5,2,0,2,2,37,2,2,2,8,2,8
Cycle 0 converged in 2 cycles with Energy -202.753
State 0 238,23,2,28,7,72,2,2,0,2,2,37,2,2,2,8,2,8
Cycle 1 converged in 1 cycles with Energy -202.265
State 1 238,23,34,28,7,22,2,2,0,2,2,37,2,2,2,8,2,8
Cycle 2 converged in 1 cycles with Energy -202.753
State 2 238,23,2,28,7,72,2,2,0,2,2,37,2,2,2,8,2,8
Cycle 0 converged in 2 cycles with Energy -177.421
State 0 70,23,24,2,2,72,2,2,0,2,2,37,2,2,2,8,2,8
Cycle 1 converged in 3 cycles with Energy -176.529
State 1 226,23,2,29,2,72,2,2,0,34,28,46,5,2,2,8,2,8
Cycle 2 converged in 2 cycles with Energy -175.601
State 2 18,23,34,28,2,22,2,2,0,2,2,37,2,2,2,8,2,8
Cycle 0 converged in 2 cycles with Energy -199.771
State 0 88,23,6,2,2,72,2,2,0,2,2,37,2,2,2,8,2,8
Cycle 1 converged in 2 cycles with Energy -199.771
State 1 88,23,6,2,2,72,2,2,0,2,2,37,2,2,2,8,2,8
Cycle 2 converged in 2 cycles with Energy -199.4
State 2 88,23,6,2,2,72,2,2,0,1,2,46,2,2,2,8,2,8
Cycle 0 converged in 1 cycles with Energy -233.995
State 0 289,22,7,7,7,22,2,28,0,2,2,37,2,2,2,8,2,8
Cycle 1 converged in 2 cycles with Energy -233.995
State 1 289,22,7,7,7,22,2,28,0,2,2,37,2,2,2,8,2,8
Cycle 2 converged in 2 cycles with Energy -233.995
State 2 289,22,7,7,7,22,2,28,0,2,2,37,2,2,2,8,2,8
Cycle 0 converged in 2 cycles with Energy -234.011
State 0 289,22,7,7,7,22,2,28,0,2,2,37,2,2,2,8,2,8
Cycle 1 converged in 2 cycles with Energy -234.011
State 1 289,22,7,7,7,22,2,28,0,2,2,37,2,2,2,8,2,8
Cycle 2 converged in 2 cycles with Energy -232.985
State 2 289,22,2,7,7,72,2,28,0,2,2,37,2,2,2,Cycle Cycle 0 converged in 1 cycles with Energy -232.973
State 0 289,22,2,7,7,72,2,28,0,2,2,37,2,2,2,8,2,8
Cycle 1 converged in 2 cycles with Energy -233.631
State 1 289,22,7,7,7,22,2,28,0,1,2,46,2,2,2,8,2,8
Cycle 2 converged in 2 cycles with Energy -232.973
State 2 289,22,2,7,7,72,2,28,0,2,2,37,2,2,2,8,2,8
Cycle 0 converged in 2 cycles with Energy -232.99
State 0 289,22,2,7,7,72,2,28,0,2,2,37,2,2,2,8,2,8
Cycle 1 converged in 2 cycles with Energy -233.221
State 1 289,22,7,7,7,22,2,28,0,34,28,46,5,2,2,8,2,8
Cycle 2 converged in 1 cycles with Energy -234.053
State 2 289,22,7,7,7,22,2,28,0,2,2,37,2,2Cycle 0 cCycle 0 converged in 2 cycles with Energy -233.053
State 0 289,22,2,7,7,72,2,28,0,2,2,37,2,2,2,8,2,8
Cycle 1 converged in 3 cycles with Energy -234.077
State 1 289,22,7,7,7,22,2,28,0,2,2,37,2,2,2,8,2,8
Cycle 2 converged in 2 cycles with Energy -234.077
State 2 289,22,7,7,7,22,2,28,0,2,2,37,2,2Cycle 0 cCycle 0 converged in 1 cycles with Energy -233.079
State 0 289,22,2,7,7,72,2,28,0,2,2,37,2,2,2,8,2,8
Cycle 1 converged in 2 cycles with Energy -234.077
State 1 289,22,7,7,7,22,2,28,0,2,2,37,2,2,2,8,2,8
Cycle 2 converged in 2 cycles with Energy -232.677
State 2 289,22,2,7,7,72,2,28,0,1,2,46,2,2Cycle 0 cCycle 0 converged in 2 cycles with Energy -234.081
State 0 289,22,34,7,7,22,2,28,0,2,2,37,2,2,2,8,2,8
Cycle 1 converged in 2 cycles with Energy -233.07
State 1 289,22,2,7,7,72,2,28,0,2,2,37,2,2,2,8,2,8
Cycle 2 converged in 2 cycles with Energy -233.07
State 2 289,22,2,7,7,72,2,28,0,2,2,37,2,2,Cycle 0 Cycle 0 converged in 2 cycles with Energy -233.081
State 0 289,22,2,7,7,72,2,28,0,2,2,37,2,2,2,8,2,8
Cycle 1 converged in 3 cycles with Energy -232.678
State 1 289,22,2,7,7,72,2,28,0,1,2,46,2,2,2,8,2,8
Cycle 2 converged in 1 cycles with Energy -234.084
State 2 289,22,34,7,7,22,2,28,0,2,2,37,2,2,2Cycle 0Cycle 0 converged in 2 cycles with Energy -234.082
State 0 289,22,34,7,7,22,2,28,0,2,2,37,2,2,2,8,2,8
Cycle 1 converged in 2 cycles with Energy -234.082
State 1 289,22,34,7,7,22,2,28,0,2,2,37,2,2,2,8,2,8
Cycle 2 converged in 2 cycles with Energy -234.082
State 2 289,22,34,7,7,22,2,28,0,2,2,37,2,Cycle 0 coCycle 0 converged in 2 cycles with Energy -234.084
State 0 289,22,34,7,7,22,2,28,0,2,2,37,2Cycle 1 conCycle 1 converged in 2 cycles with Energy -234.084
State 1 289,22,34,7,7,22,2,28,0,2,2,37,Cycle 2 convCycle 2 converged in 2 cycles with Energy -233.677
State 2 289,22,34,7,7,22,2,28,0,1,2,46Cycle 0 conveCycle 0 converged in 2 cycles with Energy -234.085
State 0 289,22,34,7,7,22,2,28,0,2,2,3Cycle 1 converged in 2 cycles with Energy -234.079
State 1 289,22,7,7,7,22,2,28,0,2,2,37,2,2,2,8,2,8
Cycle 2 converged in 1 cycles with Energy -232.462
State 2 289,22,2,7,34,72,2,5,0,2,2,37,2,2,2,8,2,8
Cycle 0 converged in 3 cycles with Energy -234.074
State 0 289,22,34,7,7,22,2,28,0,2,2,37,2,2,2,8,2,8
Cycle 1 convergeCycle 1 converged in 1 cycles with Energy -233.06
State 1 289,22,2,7,7,72,2,28,0,2,2,Cycle 2 converged in 3 cycles with Energy -234.074
State 2 289,22,34,7,7,22,2,28,0,2,2,37,2,2,2,8,2,8
Cycle 0 converged in 2 cycles with Energy -234.059
State 0 289,22,7,7,7,22,2,28,0,2,2,37,2,2,2,8,2,8
Cycle 1 convergeCycle 1 converged in 2 cycles with Energy -234.065
State 1 289,22,34,7,7,22,2,28,0,2,Cycle 2 convergedCycle 2 converged in 2 cycles with Energy -233.658
State 2 289,22,34,7,7,22,2,28,0,1,Cycle 0 convergedCycle 0 converged in 1 cycles with Energy -233.085
State 0 289,22,2,7,7,72,2,28,0,2,Cycle 1 convergedCycle 1 converged in 2 cycles with Energy -232.682
State 1 289,22,2,7,7,72,2,28,0,1,2,46,2,2,2,8,2,8
Cycle 2 converged in 2 cycles with Energy -234.086
State 2 289,22,34,7,7,22,2,28,0,2Cycle 0 converged Cycle 0 converged in 2 cycles with Energy -233.09
State 0 289,22,2,7,7,72,2,28,0,2,2,37,2Cycle 1 conCycle 1 converged in 2 cycles with Energy -234.083
State 1 289,22,34,7,7,22,2,28,0,2,2,37,Cycle 2 convCycle 2 converged in 2 cycles with Energy -234.083
State 2 289,22,34,7,7,22,2,28,0,Cycle Cycle 0 conveCycle 0 converged in 1 cycles with Energy -234.024
State 0 289,22,34,7,7,22,2,28,0Cycle Cycle 1 converCycle 1 converged in 1 cycles with Energy -234.024
State 1 289,22,34,7,7,22,2,28,Cycle Cycle 2 convergCycle 2 converged in 2 cycles with Energy -233.618
State 2 289,22,34,7,7,22,2,28Cycle Cycle 0 converged in 2 cycles with Energy -233.063
State 0 289,22,2,7,7,72,2,28,0,2,2,37,2,2,2,Cycle Cycle 1 converged in 3 cycles with Energy -234.078
State 1 289,22,7,7,7,22,2,28,0,2,2,37,2,2,2,Cycle Cycle 2 converged in 2 cycles with Energy -234.078
State 2 289,22,7,7,7,22,2,28,0,2,2,37,2,2,2,Cycle Cycle 0 converged in 1 cycles with Energy -233.067
State 0 289,22,2,7,7,72,2,28,0,2,2,37,2,2,2,8,2,8
Cycle 1 converged in 1 cycles with Energy -231.666
State 1 289,22,2,7,34,72,2,5,0,34,28,46,5,2,2,8,2,8
Cycle 2 converged in 2 cycles with Energy -233.067
State 2 289,22,2,7,7,72,2,28,0,2,2,37,2Cycle 0 conCycle 0 converged in 2 cycles with Energy -234.067
State 0 289,22,34,7,7,22,2,28,0,2,2,37,2,2,2,8,2,8
Cycle 1 converged in 3 cycles with Energy -233.66
State 1 289,22,34,7,7,22,2,28,0,1,2,46,2,2,2,8,2,8
Cycle 2 converged in 2 cycles with Energy -233.094
State 2 289,22,2,7,7,72,2,28,0,2,2,37,Cycle 0 convCycle 0 converged in 1 cycles with Energy -233.077
State 0 289,22,2,7,7,72,2,28,0,2,2,37,2,2,2,8,2,8
Cycle 1 converged in 2 cycles with Energy -234.079
State 1 289,22,7,7,7,22,2,28,0,2,2,37,2,2,2,8,2,8
Cycle 2 converged in 2 cycles with Energy -232.674
State 2 289,22,2,7,7,72,2,28,0,1,2,46,Cycle 0 convCycle 0 converged in 2 cycles with Energy -234.065
State 0 289,22,34,7,7,22,2,28,0,2,2,37,2,2,2,8,2,8
Cycle 1 converged in 2 cycles with Energy -233.023
State 1 289,22,2,7,7,72,2,28,0,2,2,37,2,2,2,8,2,8
Cycle 2 converged in 1 cycles with Energy -233.023
State 2 289,22,2,7,7,72,2,28,0,2,2,3Cycle 0 converCycle 0 converged in 2 cycles with Energy -234.079
State 0 289,22,7,7,7,22,2,28,0,2,2,37,2,2,2,8,2,8
Cycle 1 converged in 2 cycles with Energy -234.079
State 1 289,22,7,7,7,22,2,28,0,2,2,37,2,2,2,8,2,8
Cycle 2 converged in 2 cycles with Energy -234.079
State 2 289,22,7,7,7,22,2,28,0,2,2,37,2,2,2,8,2,8
Cycle 0 converged in 2 cycles with Energy -234.077
State 0 289,22,34,7,7,22,2,28,0,2,2,37,2,2,2,8,2,8
Cycle 1 converged in 1 cycles with Energy -233.671
State 1 289,22,34,7,7,22,2,28,0,1,2,46,2,2,2,8,2,8
Cycle 2 converged in 2 cycles with Energy -233.671
State 2 289,22,34,7,7,22,2,28,0,1,2,46,2,2,2,8,2,8
Cycle 0 converged in 2 cycles with Energy -233.076
State 0 289,22,2,7,7,72,2,28,0,2,2,37,2,2,2,8,2,8
Cycle 1 converged in 2 cycles with Energy -234.085
State 1 289,22,34,7,7,22,2,28,0,2,2,37,2,2,2,8,2,8
Cycle 2 converged in 2 cycles with Energy -233.678
State 2 289,22,34,7,7,22,2,28,0,1,2,46,2,2,2,8,2,8
Cycle 0 converged in 1 cycles with Energy -233.064
State 0 289,22,2,7,7,72,2,28,0,2,2,37,2,2,2,8,2,8
Cycle 1 converged in 3 cycles with Energy -233.677
State 1 289,22,34,7,7,22,2,28,0,1,2,46,2,2,2,8,2,8
Cycle 2 converged in 1 cycles with Energy -234.084
State 2 289,22,34,7,7,22,2,28,0,2,2,37,2,2,2,8,2,8
Cycle 0 converged in 1 cycles with Energy -233.072
State 0 289,22,2,7,7,72,2,28,0,2,2,37,2,2,2,8,2,8
Cycle 1 converged in 3 cycles with Energy -231.665
State 1 289,22,2,7,34,72,2,5,0,34,28,46,5,2,2,8,2,8
Cycle 2 converged in 2 cycles with Energy -233.072
State 2 289,22,2,7,7,72,2,28,0,2,2,37,2,2,2,8,2,8
Cycle 0 converged in 1 cycles with Energy -233.081
State 0 289,22,2,7,7,72,2,28,0,2,2,37,2,2,2,8,2,8
Cycle 1 converged in 2 cycles with Energy -233.081
State 1 289,22,2,7,7,72,2,28,0,2,2,37,2,2,2,8,2,8
Cycle 2 converged in 3 cycles with Energy -233.081
State 2 289,22,2,7,7,72,2,28,0,2,2,37,2,2,2,8,2,8
Cycle 0 converged in 2 cycles with Energy -233.077
State 0 289,22,2,7,7,72,2,28,0,2,2,37,2,2,2,8,2,8
Cycle 1 converged in 3 cycles with Energy -233.68
State 1 289,22,34,7,7,22,2,28,0,1,2,46,2,2,2,8,2,8
Cycle 2 converged in 2 cycles with Energy -233.077
State 2 289,22,2,7,7,72,2,28,0,2,2,37,2,2,2,8,2,8
Cycle 0 converged in 2 cycles with Energy -233.055
State 0 289,22,2,7,7,72,2,28,0,2,2,37,2,2,2,8,2,8
Cycle 1 converged in 3 cycles with Energy -234.076
State 1 289,22,34,7,7,22,2,28,0,2,2,37,2,2,2,8,2,8
Cycle 2 converged in 2 cycles with Energy -233.055
State 2 289,22,2,7,7,72,2,28,0,2,2,37,2,2,2,8,2,8
Cycle 0 converged in 2 cycles with Energy -234.07
State 0 289,22,34,7,7,22,2,28,0,2,2,37,2,2,2,8,2,8
Cycle 1 converged in 2 cycles with Energy -234.07
State 1 289,22,34,7,7,22,2,28,0,2,2,37,2,2,2,8,2,8
Cycle 2 converged in 4 cycles with Energy -234.07
State 2 289,22,34,7,7,22,2,28,0,2,2,37,2,2,2,8,2,8
Cycle 0 converged in 2 cycles with Energy -234.081
State 0 289,22,34,7,7,22,2,28,0,2,2,37,2,2,2,8,2,8
Cycle 1 converged in 2 cycles with Energy -233.092
State 1 289,22,2,7,7,72,2,28,0,2,2,37,2,2,2,8,2,8
Cycle 2 converged in 1 cycles with Energy -234.081
State 2 289,22,34,7,7,22,2,28,0,2,2,37,2,2,2,8,2,8
Cycle 0 converged in 2 cycles with Energy -234.063
State 0 289,22,7,7,7,22,2,28,0,2,2,37,2,2,2,8,2,8
Cycle 1 converged in 2 cycles with Energy -233.657
State 1 289,22,7,7,7,22,2,28,0,1,2,46,2,2,2,8,2,8
Cycle 2 converged in 2 cycles with Energy -233.026
State 2 289,22,2,7,7,72,2,28,0,2,2,37,2,2,2,8,2,8
Cycle 0 converged in 1 cycles with Energy -233.079
State 0 289,22,2,7,7,72,2,28,0,2,2,37,2,2,2,8,2,8
Cycle 1 converged in 1 cycles with Energy -233.079
State 1 289,22,2,7,7,72,2,28,0,2,2,37,2,2,2,8,2,8
Cycle 2 converged in 1 cycles with Energy -234.086
State 2 289,22,34,7,7,22,2,28,0,2,2,37,2,2,2,8,2,8
Cycle 0 converged in 2 cycles with Energy -233.088
State 0 289,22,2,7,7,72,2,28,0,2,2,37,2,2,2,8,2,8
Cycle 1 converged in 2 cycles with Energy -233.477
State 1 289,22,34,7,34,22,2,5,0,2,2,37,2,2,2,8,2,8
Cycle 2 converged in 2 cycles with Energy -234.072
State 2 289,22,34,7,7,22,2,28,0,2,2,37,2,2,2,8,2,8
Cycle 0 converged in 2 cycles with Energy -233.087
State 0 289,22,2,7,7,72,2,28,0,2,2,37,2,2,2,8,2,8
Cycle 1 converged in 2 cycles with Energy -232.684
State 1 289,22,2,7,7,72,2,28,0,1,2,46,2,2,2,8,2,8
Cycle 2 converged in 3 cycles with Energy -233.087
State 2 289,22,2,7,7,72,2,28,0,2,2,37,2,2,2,8,2,8
Cycle 0 converged in 2 cycles with Energy -233.055
State 0 289,22,2,7,7,72,2,28,0,2,2,37,2,2,2,8,2,8
Cycle 1 converged in 2 cycles with Energy -234.076
State 1 289,22,34,7,7,22,2,28,0,2,2,37,2,2,2,8,2,8
Cycle 2 converged in 1 cycles with Energy -233.055
State 2 289,22,2,7,7,72,2,28,0,2,2,37,2,2Cycle 0 cCycle 0 converged in 1 cycles with xShift: 7.354 enerxShift: 7.354xShift: 7.254 enerxShift: 7.254xShift: 7.154 enerxShift: 7.154xShift: 7.054 enerxShift: 7.054xShift: 6.954 enerxShift: 6.954xShift: 6.854 enerxShift: 6.854xShift: 6.754 enerxShift: 6.754xShift: 6.654 enerxShift: 6.654xShift: 6.554 enerxShift: 6.554xShift: 6.454 enerxShift: 6.454 energy: -52.1957
Best Energy at x shift: Starting Geometry
Starting Geometry
xShift: 6.454 crossingAngle: -31.000 axialRotation: -95.000 zShift: 6.843

Current Best Energy: -52.196
==============================================
 Performing Local Monte Carlo Backbone Repack 
=============================MCAccept 0 xShift:MCAccept 0 xShift: 6.454 crossingAngle: -31.000 axialRotation: -95.008 zShift: 6.84MCReject   xShift:MCAccept 1 xShift: 6.454 crossingAngle: -31.037 axialRotation: -95.008 zShift: 6.84MCAccept 1 xShift:MCAccept 2 xShift: 6.454 crossingAngle: -31.021 axialRotation: -95.008 zShift: 6.84MCAccept 2 xShift:MCAccept 3 xShift: 6.456 crossingAngle: -31.021 axialRotation: -95.008 zShift: 6.84MCAccept 3 xShift:MCAccept 4 xShift: 6.456 crossingAngle: -31.021 axialRotation: -95.008 zShift: 6.843 energy: -52.198
MCReject   xShift: 6.456 crossingAngle: -31.021 axialRotation: -95.008 zShift: 6.84MCReject   xShift:MCAccept 5 xShift: 6.456 crossingAngle: -31.021 axialRotation: -95.008 zShift: 6.843 energy: -52.198
MCReject   xShift: 6.456 crossingAngle: -31.020 axialRotation: -95.008 zShift: 6.843 energy: -51.144
MCAccept 6 xShift: 6.456 crossingAngle: -31.019 axialRotation: -95.008 zShift: 6.843 energy: -52.198
MCAccept 7 xShift: 6.456 crossingAngle: -31.019 axialRotation: -95.008 zShift: 6.843 energy: -52.198
MCAccept 8 xShift: 6.456 crossingAngle: -31.019 axialRotation: -95.007 zShift: 6.843 energy: -52.198
MCAccept 9 xShift: 6.456 crossingAngle: -31.019 axialRotation: -95.007 zShift: 6.843 energy: -52.198
Best: ================  ======================
Interaction Type    Energy           MCAccept 11 xShift: 6.454 crossingAngle: -30.873 axialRotation: -94.850 zShift: 6.843 energy: -52.241
MCAccept 12 xShift: 6.454 crossingAngle: -30.922 axialRotation: -94.850 zShift: 6.843 energy: -52.241
MCAccept 13 xShift: 6.454 crossingAngle: -30.922 axialRotation: -94.850 zShift: 6.837 energy: -52.196
MCAccept 14 xShift: 6.458 crossingAngle: -30.922 axialRotation: -94.850 zShift: 6.837 energy: -52.196
MCReject   xShift: 6.458 crossingAngle: -30.922 axialRotation: -94.918 zShift: 6.837 energy: -51.145
MCAccept 15 xShift: 6.458 crossingAngle: -30.922 axialRotation: -94.850 zShift: 6.840 energy: -52.219
MCAccept 16 xShift: 6.458 crossingAngle: -30.910 axialRotation: -94.850 zShift: 6.840 energy: -52.219
MCAccept 17 xShift: 6.453 crossingAngle: -30.910 axialRotation: -94.850 zShift: 6.840 energy: -52.219
MCAccept 18 xShift: 6.453 crossingAngle: -30.990 axialRotation: -94.850 zShift: 6.840 energy: -52.219
MCAccept 19 xShift: 6.453 crossingAngle: -30.990 axialRotation: -94.851 zShift: 6.840 energy: -52.219
MCAccept 20 xShift: 6.453 crossingAngle: -30.991 axialRotation: -94.851 zShift: 6.840 energy: -52.219
MCAccept 21 xShift: 6.451 crossingAngle: -30.991 axialRotation: -94.851 zShift: 6.840 energy: -52.219
MCAccept 22 xShift: 6.451 crossingAngle: -31.002 axialRotation: -94.851 zShift: 6.840 energy: -52.219
MCAccept 23 xShift: 6.453 crossingAngle: -31.002 axialRotation: -94.851 zShift: 6.840 energy: -52.219
MCAccept 24 xShift: 6.452 crossingAngle: -31.002 axialRotation: -94.851 zShift: 6.840 energy: -52.219
MCAccept 25 xShift: 6.452 crossingAngle: -31.002 axialRotation: -94.851 zShift: 6.840 energy: -52.219
MCAccept 26 xShift: 6.452 crossingAngle: -31.004 axialRotation: -94.851 zShift: 6.840 energy: -52.219
MCAccept 27 xShift: 6.452 crossingAngle: -31.004 axialRotation: -94.851 zShift: 6.840 energy: -52.219
MCAccept 28 xShift: 6.452 crossingAngle: -31.007 axialRotation: -94.851 zShift: 6.840 energy: -52.219
MCAccept 29 xShift: 6.452 crossingAngle: -31.014 axialRotation: -94.851 zShift: 6.840 energy: -52.219
MCAccept 30 xShift: 6.452 crossingAngle: -31.014 axialRotation: -94.851 zShift: 6.840 energy: -52.220
MCAccept 31 xShift: 6.451 crossingAngle: -31.014 axialRotation: -94.851 zShift: 6.840 energy: -52.220
MCAccept 32 xShift: 6.451 crossingAngle: -31.014 axialRotation: -94.833 zShift: 6.840 energy: -52.220
MCAccept 33 xShift: 6.452 crossingAngle: -31.014 axialRotation: -94.833 zShift: 6.840 energy: -52.220
MCAccept 34 xShift: 6.452 crossingAngle: -31.014 axialRotation: -94.833 zShift: 6.840 energy: -52.222
MCAccept 35 xShift: 6.452 crossingAngle: -31.014 axialRotation: -94.833 zShift: 6.840 energy: -52.217
MCAccept 36 xShift: 6.452 crossingAngle: -31.014 axialRotation: -94.832 zShift: 6.840 energy: -52.217
MCAccept 37 xShift: 6.452 crossingAngle: -31.014 axialRotation: -94.832 zShift: 6.840 energy: -52.222
MCAccept 38 xShift: 6.452 crossingAngle: -31.010 axialRotation: -94.832 zShift: 6.840 energy: -52.222
MCAccept 39 xShift: 6.452 crossingAngle: -31.010 axialRotation: -94.832 zShift: 6.840 energy: -52.222
MCAccept 40 xShift: 6.452 crossingAngle: -31.010 axialRotation: -94.832 zShift: 6.840 energy: -52.222
MCAccept 41 xShift: 6.452 crossingAngle: -31.010 axialRotation: -94.839 zShift: 6.840 energy: -52.222
MCReject   xShift: 6.452 crossingAngle: -31.010 axialRotation: -94.839 zShift: 6.841 energy: -51.172
MCReject   xShift: 6.452 crossingAngle: -31.010 axialRotation: -94.843 zShift: 6.840 energy: -51.170
MCAccept 42 xShift: 6.452 crossingAngle: -31.010 axialRotation: -94.839 zShift: 6.841 energy: -52.224
MCAccept 43 xShift: 6.452 crossingAngle: -31.010 axialRotation: -94.839 zShift: 6.841 energy: -52.225
MCReject   xShift: 6.453 crossingAngle: -31.010 axialRotation: -94.839 zShift: 6.841 energy: -51.173
MCAccept 44 xShift: 6.452 crossingAngle: -31.010 axialRotation: -94.833 zShift: 6.841 energy: -52.225
MCAccept 45 xShift: 6.452 crossingAngle: -31.011 axialRotation: -94.833 zShift: 6.841 energy: -52.225
MCAccept 46 xShift: 6.452 crossingAngle: -31.011 axialRotation: -94.833 zShift: 6.841 energy: -52.223
MCAccept 47 xShift: 6.452 crossingAngle: -31.011 axialRotation: -94.832 zShift: 6.841 energy: -52.223
MCReject   xShift: 6.452 crossingAngle: -31.011 axialRotation: -94.831 zShift: 6.841 energy: -51.171
MCAccept 48 xShift: 6.452 crossingAngle: -31.004 axialRotation: -94.832 zShift: 6.841 energy: -52.223
MCAccept 49 xShift: 6.452 crossingAngle: -31.004 axialRotation: -94.832 zShift: 6.840 energy: -52.221
MCAccept 50 xShift: 6.452 crossingAngle: -31.003 axialRotation: -94.832 zShift: 6.840 energy: -52.221
MCReject   xShift: 6.452 crossingAngle: -31.003 axialRotation: -94.831 zShift: 6.840 energy: -51.169
MCAccept 51 xShift: 6.453 crossingAngle: -31.003 axialRotation: -94.832 zShift: 6.840 energy: -52.221
MCAccept 52 xShift: 6.453 crossingAngle: -31.003 axialRotation: -94.832 zShift: 6.840 energy: -52.221
MCAccept 53 xShift: 6.453 crossingAngle: -31.001 axialRotation: -94.832 zShift: 6.840 energy: -52.221
MCAccept 54 xShift: 6.452 crossingAngle: -31.001 axialRotation: -94.832 zShift: 6.840 energy: -52.221
MCAccept 55 xShift: 6.452 crossingAngle: -31.001 axialRotation: -94.832 zShift: 6.840 energy: -52.221
MCAccept 56 xShift: 6.452 crossingAngle: -31.001 axialRotation: -94.833 zShift: 6.840 energy: -52.221
MCAccept 57 xShift: 6.452 crossingAngle: -31.001 axialRotation: -94.833 zShift: 6.840 energy: -52.221
MCReject   xShift: 6.452 crossingAngle: -31.001 axialRotation: -94.834 zShift: 6.840 energy: -51.169
MCAccept 58 xShift: 6.452 crossingAngle: -31.001 axialRotation: -94.833 zShift: 6.840 energy: -52.221
MCAccept 59 xShift: 6.452 crossingAngle: -31.001 axialRotation: -94.834 zShift: 6.840 energy: -52.221
MCAccept 60 xShift: 6.452 crossingAngle: -31.001 axialRotation: -94.834 zShift: 6.840 energy: -52.221
MCAccept 61 xShift: 6.452 crossingAngle: -31.002 axialRotation: -94.834 zShift: 6.840 energy: -52.221
MCAccept 62 xShift: 6.452 crossingAngle: -31.002 axialRotation: -94.834 zShift: 6.840 energy: -52.221
MCAccept MCAccept 49 xShift: 6.501 crossingAngle: -31.381 axialRotation: -94.952 zShift: 6.853 energy:MCAccept MCAccept 50 xShift: 6.501 crossingAngle: -31.409 axialRotation: -94.952 zShift: 6.853 energy:MCAccept MCAccept 51 xShift: 6.501 crossingAngle: -31.297 axialRotation: -94.952 zShift: 6.853 energy:MCAccept MCAccept 52 xShift: 6.501 crossingAngle: -31.297 axialRotation: -94.973 zShift: 6.853 energy:MCReject MCAccept 53 xShift: 6.501 crossingAngle: -31.297 axialRotation: -94.973 zShift: 6.858 energy: -52.313
MCAccept 54 xShift: 6.501 crossingAngle: -31.252 axialRotation: -94.973 zShift: 6.858 energy: -52.313
MCAccept 55 xShift: 6.501 crossingAngle: -31.252 axialRotation: -94.973 zShift: 6.863 energy: -52.347
MCAccept 56 xShift: 6.501 crossingAngle: -31.252 axialRotation: -94.973 zShift: 6.863 energy: -52.343
MCAccept 57 xShift: 6.501 crossingAngle: -31.222 axialRotation: -94.973 zShift: 6.863 energy: -52.343
MCAccept 58 xShift: 6.501 crossingAngle: -31.222 axialRotation: -94.973 zShift: 6.863 energy: -52.344
MCAccept 59 xShift: 6.501 crossingAngle: -31.226 axialRotation: -94.973 zShift: 6.863 energy: -52.344
MCAccept 60 xShift: 6.501 crossingAngle: -31.226 axialRotation: -94.969 zShift: 6.863 energy: -52.344
MCAccept 61 xShift: 6.501 crossingAngle: -31.267 axialRotation: -94.969 zShift: 6.863 energy: -52.344
MCAccept 62 xShift: 6.501 crossingAngle: -31.268 axialRotation: -94.969 zShift: 6.863 energy: -52.344
MCAccept 63 xShift: 6.501 crossingAngle: -31.271 axialRotation: -94.969 zShift: 6.863 energy: -52.344
MCAccept 64 xShift: 6.501 crossingAngle: -31.271 axialRotation: -94.969 zShift: 6.863 energy: -52.344
MCAccept 65 xShift: 6.501 crossingAngle: -31.310 axialRotation: -94.969 zShift: 6.863 energy: -52.344
MCAccept 66 xShift: 6.501 crossingAngle: -31.310 axialRotation: -94.969 zShift: 6.862 energy: -52.342
MCAccept 67 xShift: 6.501 crossingAngle: -31.310 axialRotation: -94.969 zShift: 6.863 energy: -52.344
MCAccept 68 xShift: 6.501 crossingAngle: -31.310 axialRotation: -94.974 zShift: 6.863 energy: -52.344
MCAccept 69 xShift: 6.501 crossingAngle: -31.310 axialRotation: -94.966 zShift: 6.863 energy: -52.344
MCAccept 70 xShift: 6.501 crossingAngle: -31.310 axialRotation: -94.966 zShift: 6.863 energy: -52.347
MCAccept 71 xShift: 6.501 crossingAngle: -31.311 axialRotation: -94.966 zShift: 6.863 energy: -52.347
MCAccept 72 xShift: 6.501 crossingAngle: -31.311 axialRotation: -94.966 zShift: 6.864 energy: -52.351
MCAccept 73 xShift: 6.502 crossingAngle: -31.311 axialRotation: -94.966 zShift: 6.864 energy: -52.351
MCAccept 74 xShift: 6.501 crossingAngle: -31.311 axialRotation: -94.966 zShift: 6.864 energy: -52.351
MCAccept 75 xShift: 6.501 crossingAngle: -31.313 axialRotation: -94.966 zShift: 6.864 energy: -52.351
MCAccept 76 xShift: 6.501 crossingAngle: -31.313 axialRotation: -94.966 zShift: 6.864 energy: -52.351
MCAccept 77 xShift: 6.502 crossingAngle: -31.313 axialRotation: -94.966 zShift: 6.864 energy: -52.351
MCAccept 78 xShift: 6.502 crossingAngle: -31.316 axialRotation: -94.966 zShift: 6.864 energy: -52.351
MCAccept 79 xShift: 6.502 crossingAngle: -31.318 axialRotation: -94.966 zShift: 6.864 energy: -52.351
MCAccept 80 xShift: 6.501 crossingAngle: -31.318 axialRotation: -94.966 zShift: 6.864 energy: -52.351
MCAccept 81 xShift: 6.501 crossingAngle: -31.318 axialRotation: -94.966 zShift: 6.864 energy: -52.352
MCAccept 82 xShift: 6.501 crossingAngle: -31.318 axialRotation: -94.966 zShift: 6.864 energy: -52.352
MCAccept 83 xShift: 6.501 crossingAngle: -31.318 axialRotation: -94.962 zShift: 6.864 energy: -52.352
MCAccept 84 xShift: 6.501 crossingAngle: -31.318 axialRotation: -94.962 zShift: 6.864 energy: -52.352
MCAccept 85 xShift: 6.501 crossingAngle: -31.318 axialRotation: -94.962 zShift: 6.864 energy: -52.352
MCAccept 86 xShift: 6.501 crossingAngle: -31.318 axialRotation: -94.961 zShift: 6.864 energy: -52.352
MCAccept 87 xShift: 6.501 crossingAngle: -31.318 axialRotation: -94.961 zShift: 6.864 energy: -52.352
MCReject   xShift: 6.501 crossingAngle: -31.318 axialRotation: -94.961 zShift: 6.864 energy: -51.291
MCAccept 88 xShift: 6.501 crossingAngle: -31.318 axialRotation: -94.961 zShift: 6.864 energy: -52.352
MCAccept 89 xShift: 6.501 crossingAngle: -31.318 axialRotation: -94.961 zShift: 6.864 energy: -52.352
MCAccept 90 xShift: 6.501 crossingAngle: -31.318 axialRotation: -94.961 zShift: 6.864 energy: -52.352
MCAccept 91 xShift: 6.501 crossingAngle: -31.318 axialRotation: -94.961 zShift: 6.864 energy: -52.352
MCAccept 92 xShift: 6.501 crossingAngle: -31.318 axialRotation: -94.961 zShift: 6.864 energy: -52.352
MCAccept 93 xShift: 6.501 crossingAngle: -31.318 axialRotation: -94.961 zShift: 6.864 energy: -52.352
MCAccept 94 xShift: 6.501 crossingAngle: -31.318 axialRotation: -94.961 zShift: 6.864 energy: -52.352
MCAccept 95 xShift: 6.501 crossingAngle: -31.318 axialRotation: -94.961 zShift: 6.864 energy: -52.352
MCAccept 96 xShift: 6.501 crossingAngle: -31.318 axialRotation: -94.961 zShift: 6.864 energy: -52.352
MCAccept 97 xShift: 6.501 crossingAngle: -31.318 axialRotation: -94.961 zShift: 6.864 energy: -52.352
MCReject   xShift: 6.501 crossingAngle: -31.318 axialRotation: -94.961 zShift: 6.864 energy: -51.291
MCAccept 98 xShift: 6.501 crossingAngle: -31.319 axialRotation: -94.961 zShift: 6.864 energy: -52.352
MCReject   xShift: 6.501 crossingAngle: -31.319 axialRotation: -94.961 zShift: 6.864 energy: -51.291
MCAccept 99 xShift: 6.501 crossingAngle: -31.319 axialRotation: -94.961 zShift: 6.864 energy: -52.352
Best: ================  ======================
Interaction Type    Energy                
================  ======================
CHARMM_IMM1                    34.036063
CHARMM_IMM1REF               -396.515692
CHARMM_VDW                    -88.548689
SCWRL4_HBOND                  -69.485030
================  ======================
Total                        -520.513348
================  ======================

Test: ================  ======================
Interaction Type    Energy                
================  ======================
CHARMM_IMM1                    34.036063
CHARMM_IMM1REF               -396.515692
CHARMM_VDW                    -88.548689
SCWRL4_HBOND                  -69.485030
================  ======================
Total                        -520.513348
================  ======================

CHARMM_IMM1: 34.036
CHARMM_IMM1REF: -396.516
CHARMM_VDW: -88.549
SCWRL4_HBOND: -69.485
RASLLLGFLLGCLLGMLLGALILI,-52.352,-520.513,-520.513,-468.161,3964.461,-88.549,-37.900,-69.485,-57.181,34.036,36.955,-396.516,-410.045,7.454,6.501,-31.000,-31.319,-95.000,-94.961,6.843,6.864
Monte Carlo repack complete. Time: 1897.000 seconds

Total Time: 40 minutes
