backboneCrd /exports/home/gloiseau/mslib/trunk_AS/myProgs/CATM/parameterFiles/69-gly-residue-helix.crd
pdbOutputDir /exports/home/gloiseau/mslib/trunk_AS/P06028_1
fullSequence RASLLLLILLCVLLGILLTILILIN
tmStart 4
tmEnd 20
helixGeoFile /exports/home/gloiseau/mslib/trunk_AS/myProgs/CATM/parameterFiles/CENTROIDS_0.5_cutoff-6_byHbond
rulesFile /exports/home/gloiseau/mslib/trunk_AS/myProgs/CATM/parameterFiles/TMRULES_byHbond.txt
topFile /exports/home/gloiseau/mslib/trunk_AS/myProgs/CATM/parameterFiles/top_all22_prot.inp
parFile /exports/home/gloiseau/mslib/trunk_AS/myProgs/CATM/parameterFiles/par_all22_prot.inp
solvFile /exports/home/gloiseau/mslib/trunk_AS/myProgs/CATM/parameterFiles/solvpar22.inp
hBondFile /exports/home/gloiseau/mslib/trunk_AS/myProgs/CATM/parameterFiles/par_hbond_CA.inp
rotLibFile /exports/home/gloiseau/mslib/trunk_AS/myProgs/CATM/parameterFiles/rotlib_combined_-60_-40.txt
monoRotLibFile /exports/home/gloiseau/mslib/trunk_AS/myProgs/CATM/parameterFiles/rotlib_combined_-60_-40.txt
MCCycles 10
MCMaxRejects 2
MCStartTemp 1000
MCEndTemp 0.5
MCCurve 2
deltaZ 0.1
deltaAx 1
deltaCross 1
deltaX 0.1
verbose 0
greedyCycles 3
seed 1
numberOfStructuresToMCRepack 1000
energyCutOff 50
uniprotName PROTEIN_UNK
uniprotAccession P06028_1
monoE_vdw 1e+06
monoE_solv 1e+06
monoE_solvRef1e+06
monoE_hbond1e+06
rmsdCutoff 2
clusterSolutions 1
printAllCrds 0
printAxes 1
printTermEnergies 1
deleteTerminalBonds 1
deleteTerminalInteractions: CHARMM_ELEC SCWRL4_HBOND 
fullSequenceStart 1
startResNum 1
endResNum 25
threadStart 12
threadEnd 30
weight_elec 1
weight_vdw 1
weight_hbond 1
weight_solv 1
configfile config/CATM_v24.5.config

