***STARTING GEOMETRY***
xShift;        Before: 0; After: 0
crossingAngle; Before: 0; After: 0
axialRotation; Before: -0; After: -0
zShift;        Before: 0; After: 0

axialRotationPrime; Before: 100; After: 100
zShiftPrime;        Before: 0; After: 0

Starting Repack Cycles
MCAccept 0 xShift: 0 crossingAngle: 0 axialRotation: 0 zShift: -0.239946 energy: 1.48358e+08
MCReject   xShift: 0 crossingAngle: 0 axialRotation: 0 zShift: -0.13746 energy: 2.3571e+08
MCReject   xShift: 0 crossingAngle: -0.742748 axialRotation: 0 zShift: -0.239946 energy: 2.52591e+08
MCAccept 1 xShift: 0 crossingAngle: 0.391333 axialRotation: 0 zShift: -0.239946 energy: 1.13391e+08
MCReject   xShift: 0 crossingAngle: 0.391333 axialRotation: 0 zShift: -0.218682 energy: 1.24541e+08
MCAccept 2 xShift: 0 crossingAngle: 0.391333 axialRotation: 0 zShift: -0.291963 energy: 9.06012e+07
MCReject   xShift: 0 crossingAngle: 0.391333 axialRotation: -0.337054 zShift: -0.291963 energy: 1.69353e+08
MCReject   xShift: 0 crossingAngle: -0.605464 axialRotation: 0 zShift: -0.291963 energy: 1.83779e+08
MCAccept 3 xShift: -0.0934829 crossingAngle: 0.391333 axialRotation: 0 zShift: -0.291963 energy: 5.48354e+07
MCReject   xShift: -0.0934829 crossingAngle: 0.391333 axialRotation: -0.370678 zShift: -0.291963 energy: 9.43746e+07
MCAccept 4 xShift: -0.0934829 crossingAngle: 0.391333 axialRotation: 0.00972309 zShift: -0.291963 energy: 5.41256e+07
MCAccept 5 xShift: -0.0934829 crossingAngle: 0.915936 axialRotation: 0.00972309 zShift: -0.291963 energy: 4.21748e+07
MCReject   xShift: -0.0934829 crossingAngle: 0.915936 axialRotation: -0.443519 zShift: -0.291963 energy: 7.82277e+07
MCAccept 6 xShift: -0.0934829 crossingAngle: 1.08327 axialRotation: 0.00972309 zShift: -0.291963 energy: 3.94092e+07
MCAccept 7 xShift: -0.0934829 crossingAngle: 1.08422 axialRotation: 0.00972309 zShift: -0.291963 energy: 3.93949e+07
MCReject   xShift: -0.0925206 crossingAngle: 1.08422 axialRotation: 0.00972309 zShift: -0.291963 energy: 3.95245e+07
MCAccept 8 xShift: -0.0934829 crossingAngle: 1.08422 axialRotation: 0.00972309 zShift: -0.296834 energy: 3.88566e+07
MCAccept 9 xShift: -0.0934829 crossingAngle: 1.08422 axialRotation: 0.00972309 zShift: -0.319587 energy: 3.64976e+07
End Repack Cycles

***REPACK GEOMETRY***
xShift;        Before: 0; After: -0.0934829
crossingAngle; Before: 0; After: 1.08422
axialRotation; Before: -0; After: 0.00972309
zShift;        Before: 0; After: -0.319587

axialRotationPrime; Before: 100; After: 97.6435
zShiftPrime;        Before: 0; After: -0.354934

Energy;        Before: 4.53335e+08; After: 3.64976e+07

Completed all cycles. Accepted 10/18
Monte Carlo repack complete. Time: 0.05min

