***STARTING GEOMETRY***
xShift;        Before: 9.48664; After: 9.48664
crossingAngle; Before: 19.8237; After: 19.8237
axialRotation; Before: -53.1199; After: -53.1199
zShift;        Before: 4.30906; After: 4.30906

axialRotationPrime; Before: 72.8968; After: 72.8968
zShiftPrime;        Before: 3.90251; After: 3.90251

Starting Repack Cycles
MCAccept 0 xShift: 9.48664 crossingAngle: 20.0049 axialRotation: -53.1199 zShift: 4.30906 energy: -30.4371
MCAccept 1 xShift: 9.49759 crossingAngle: 20.0049 axialRotation: -53.1199 zShift: 4.30906 energy: -30.3681
MCAccept 2 xShift: 9.39134 crossingAngle: 20.0049 axialRotation: -53.1199 zShift: 4.30906 energy: -30.6148
MCReject   xShift: 9.39134 crossingAngle: 20.0049 axialRotation: -52.8273 zShift: 4.30906 energy: -29.7344
MCAccept 3 xShift: 9.37229 crossingAngle: 20.0049 axialRotation: -53.1199 zShift: 4.30906 energy: -30.5349
MCAccept 4 xShift: 9.37229 crossingAngle: 20.0049 axialRotation: -53.1199 zShift: 4.4033 energy: -29.9654
MCReject   xShift: 9.31191 crossingAngle: 20.0049 axialRotation: -53.1199 zShift: 4.4033 energy: -29.2842
MCAccept 5 xShift: 9.37229 crossingAngle: 20.0049 axialRotation: -53.1199 zShift: 4.37852 energy: -30.2427
MCAccept 6 xShift: 9.37229 crossingAngle: 20.0049 axialRotation: -53.1199 zShift: 4.38478 energy: -30.1822
MCAccept 7 xShift: 9.40111 crossingAngle: 20.0049 axialRotation: -53.1199 zShift: 4.38478 energy: -30.342
MCAccept 8 xShift: 9.40111 crossingAngle: 20.0049 axialRotation: -53.1199 zShift: 4.3695 energy: -30.4623
MCReject   xShift: 9.3587 crossingAngle: 20.0049 axialRotation: -53.1199 zShift: 4.3695 energy: -30.2121
MCReject   xShift: 9.40111 crossingAngle: 20.3009 axialRotation: -53.1199 zShift: 4.3695 energy: -29.908
MCAccept 9 xShift: 9.40111 crossingAngle: 19.9713 axialRotation: -53.1199 zShift: 4.3695 energy: -30.5167
MCAccept 10 xShift: 9.40111 crossingAngle: 19.9713 axialRotation: -53.1199 zShift: 4.35762 energy: -30.591
MCReject   xShift: 9.40111 crossingAngle: 19.9713 axialRotation: -53.3146 zShift: 4.35762 energy: -30.2801
MCReject   xShift: 9.37562 crossingAngle: 19.9713 axialRotation: -53.1199 zShift: 4.35762 energy: -30.4843
MCAccept 11 xShift: 9.40111 crossingAngle: 19.7557 axialRotation: -53.1199 zShift: 4.35762 energy: -30.9193
End Repack Cycles

***REPACK GEOMETRY***
xShift;        Before: 9.48664; After: 9.40111
crossingAngle; Before: 19.8237; After: 19.7557
axialRotation; Before: -53.1199; After: -53.1199
zShift;        Before: 4.30906; After: 4.35762

axialRotationPrime; Before: 72.8968; After: 73.2565
zShiftPrime;        Before: 3.90251; After: 3.95647

Energy;        Before: -30.7217; After: -30.9193

Completed all cycles. Accepted 20/26
Monte Carlo repack complete. Time: 0.2min

