***STARTING GEOMETRY***
xShift;        Before: 9.221; After: 9.221
crossingAngle; Before: 22.4593; After: 22.4593
axialRotation; Before: -53.1199; After: -53.1199
zShift;        Before: 4.29672; After: 4.29672

axialRotationPrime; Before: 72.8054; After: 72.8054
zShiftPrime;        Before: 3.8888; After: 3.8888

Starting Repack Cycles
MCReject   xShift: 9.221 crossingAngle: 22.4593 axialRotation: -53.5624 zShift: 4.29672 energy: -2.7856
MCAccept 0 xShift: 9.30761 crossingAngle: 22.4593 axialRotation: -53.1199 zShift: 4.29672 energy: -11.92
MCReject   xShift: 9.30761 crossingAngle: 22.4593 axialRotation: -53.1199 zShift: 4.22331 energy: -8.23069
MCAccept 1 xShift: 9.30761 crossingAngle: 22.2777 axialRotation: -53.1199 zShift: 4.29672 energy: -14.3815
MCReject   xShift: 9.30761 crossingAngle: 22.2777 axialRotation: -53.4159 zShift: 4.29672 energy: -13.6718
MCAccept 2 xShift: 9.30761 crossingAngle: 22.2777 axialRotation: -53.1199 zShift: 4.26048 energy: -13.1221
MCReject   xShift: 9.30761 crossingAngle: 22.4997 axialRotation: -53.1199 zShift: 4.26048 energy: -9.64086
MCReject   xShift: 9.30761 crossingAngle: 22.426 axialRotation: -53.1199 zShift: 4.26048 energy: -10.8747
MCAccept 3 xShift: 9.30761 crossingAngle: 22.2777 axialRotation: -53.1199 zShift: 4.27617 energy: -13.7072
MCAccept 4 xShift: 9.37593 crossingAngle: 22.2777 axialRotation: -53.1199 zShift: 4.27617 energy: -16.9668
MCReject   xShift: 9.37593 crossingAngle: 22.2777 axialRotation: -53.1199 zShift: 4.23238 energy: -15.2995
MCAccept 5 xShift: 9.37593 crossingAngle: 22.2777 axialRotation: -53.1199 zShift: 4.28329 energy: -17.1957
MCAccept 6 xShift: 9.39643 crossingAngle: 22.2777 axialRotation: -53.1199 zShift: 4.28329 energy: -17.9251
MCReject   xShift: 9.39643 crossingAngle: 22.2777 axialRotation: -53.1199 zShift: 4.27027 energy: -17.5088
MCReject   xShift: 9.39643 crossingAngle: 22.2777 axialRotation: -53.1199 zShift: 4.25146 energy: -16.8422
MCAccept 7 xShift: 9.40274 crossingAngle: 22.2777 axialRotation: -53.1199 zShift: 4.28329 energy: -18.1304
MCAccept 8 xShift: 9.40274 crossingAngle: 22.1021 axialRotation: -53.1199 zShift: 4.28329 energy: -19.8136
MCAccept 9 xShift: 9.40274 crossingAngle: 21.8855 axialRotation: -53.1199 zShift: 4.28329 energy: -21.5793
MCReject   xShift: 9.40274 crossingAngle: 22.083 axialRotation: -53.1199 zShift: 4.28329 energy: -19.9823
MCReject   xShift: 9.40274 crossingAngle: 22.08 axialRotation: -53.1199 zShift: 4.28329 energy: -20.0085
MCReject   xShift: 9.40274 crossingAngle: 21.8855 axialRotation: -53.1199 zShift: 4.24297 energy: -20.7142
MCReject   xShift: 9.40274 crossingAngle: 21.8855 axialRotation: -53.1199 zShift: 4.27588 energy: -21.437
MCReject   xShift: 9.39103 crossingAngle: 21.8855 axialRotation: -53.1199 zShift: 4.28329 energy: -21.2951
MCAccept 10 xShift: 9.40979 crossingAngle: 21.8855 axialRotation: -53.1199 zShift: 4.28329 energy: -21.7379
MCReject   xShift: 9.40473 crossingAngle: 21.8855 axialRotation: -53.1199 zShift: 4.28329 energy: -21.6249
MCReject   xShift: 9.40979 crossingAngle: 21.8855 axialRotation: -52.7918 zShift: 4.28329 energy: -20.0458
MCAccept 11 xShift: 9.40979 crossingAngle: 21.7072 axialRotation: -53.1199 zShift: 4.28329 energy: -22.9601
MCReject   xShift: 9.40979 crossingAngle: 22.0451 axialRotation: -53.1199 zShift: 4.28329 energy: -20.4897
MCReject   xShift: 9.40979 crossingAngle: 21.7072 axialRotation: -53.4718 zShift: 4.28329 energy: -22.644
MCReject   xShift: 9.40979 crossingAngle: 21.7072 axialRotation: -52.4745 zShift: 4.28329 energy: -18.5293
MCReject   xShift: 9.37355 crossingAngle: 21.7072 axialRotation: -53.1199 zShift: 4.28329 energy: -22.1641
MCReject   xShift: 9.40908 crossingAngle: 21.7072 axialRotation: -53.1199 zShift: 4.28329 energy: -22.9469
MCReject   xShift: 9.40979 crossingAngle: 21.7072 axialRotation: -52.6482 zShift: 4.28329 energy: -20.3828
MCReject   xShift: 9.3918 crossingAngle: 21.7072 axialRotation: -53.1199 zShift: 4.28329 energy: -22.596
MCReject   xShift: 9.39046 crossingAngle: 21.7072 axialRotation: -53.1199 zShift: 4.28329 energy: -22.5664
MCAccept 12 xShift: 9.40979 crossingAngle: 21.5164 axialRotation: -53.1199 zShift: 4.28329 energy: -24.1012
End Repack Cycles

***REPACK GEOMETRY***
xShift;        Before: 9.221; After: 9.40979
crossingAngle; Before: 22.4593; After: 21.5164
axialRotation; Before: -53.1199; After: -53.1199
zShift;        Before: 4.29672; After: 4.28329

axialRotationPrime; Before: 72.8054; After: 72.7059
zShiftPrime;        Before: 3.8888; After: 3.87388

Energy;        Before: -4.72565; After: -24.1012

Completed all cycles. Accepted 19/42
Monte Carlo repack complete. Time: 0.316667min

