Accept/Reject	Cycle	PrevSequence	CurrSequence	PrevEnergy	CurrEnergy	PrevEntropy	CurrEntropy	CurrentTemp	Accepts
Reject	0	LLLLTVLLAILLALLSFLILI	LLLLTVLLAILYALLSFLILI	257.9	268.239	43.6652	52.3087	5000	0
Reject	1	LLLLTVLLAILLALLSFLILI	LLLLTVLLAILSALLSFLILI	257.9	276.163	43.6652	54.0522	5000	0
Reject	2	LLLLTVLLAILLALLSFLILI	LLLLTVLLAILLALLAFLILI	257.9	266.664	43.6652	46.1885	5000	0
Accept	3	LLLLTVLLAILLALLSFLILI	LLLLTVLLAILLALLSSLILI	257.9	265.666	43.6652	49.5122	5000	1
Accept	4	LLLLTVLLAILLALLSSLILI	LLLLTVLLAILFALLSSLILI	265.666	271.007	49.5122	54.0522	4996.64	2
Accept	5	LLLLTVLLAILFALLSSLILI	LLLLTVLLAILFVLLSSLILI	271.007	270.169	54.0522	54.8014	4992.38	3
Accept	6	LLLLTVLLAILFVLLSSLILI	LLLLTLLLAILFVLLSSLILI	270.169	264.262	54.8014	47.6458	4986.97	4
Reject	7	LLLLTLLLAILFVLLSSLILI	LLLLTLLLSILFVLLSSLILI	264.262	275.91	47.6458	58.1301	4980.11	4
Accept	8	LLLLTLLLAILFVLLSSLILI	LLLLTLLLAILFVLLASLILI	264.262	266.39	47.6458	43.6652	4980.11	5
Reject	9	LLLLTLLLAILFVLLASLILI	LLLLTLLLAILFTLLASLILI	266.39	275.34	43.6652	51.5967	4971.41	5
Reject	10	LLLLTLLLAILFVLLASLILI	LLLLSLLLAILFVLLASLILI	266.39	283.782	43.6652	47.1719	4971.41	5
Accept	11	LLLLTLLLAILFVLLASLILI	LLLLTLLLALLFVLLASLILI	266.39	267.358	43.6652	44.4768	4971.41	6
Reject	12	LLLLTLLLALLFVLLASLILI	LLLLTLLLALLFYLLASLILI	267.358	282.012	44.4768	50.068	4960.4	6
Accept	13	LLLLTLLLALLFVLLASLILI	LLLLTLLLALLFILLASLILI	267.358	272.818	44.4768	44.7165	4960.4	7
Accept	14	LLLLTLLLALLFILLASLILI	LLLLTLLLALLFVLLASLILI	272.818	267.358	44.7165	44.4768	4946.48	8
Accept	15	LLLLTLLLALLFVLLASLILI	LLLLALLLALLFVLLASLILI	267.358	269.292	44.4768	46.4033	4928.89	9
Accept	16	LLLLALLLALLFVLLASLILI	LLLLALLLASLFVLLASLILI	269.292	273.547	46.4033	52.6867	4906.7	10
Accept	17	LLLLALLLASLFVLLASLILI	LLLLALLLASLFVLLSSLILI	273.547	271.419	52.6867	56.6673	4878.79	11
Accept	18	LLLLALLLASLFVLLSSLILI	LLLLALLLASLFVLLASLILI	271.419	273.547	56.6673	52.6867	4843.76	12
Accept	19	LLLLALLLASLFVLLASLILI	LLLLAFLLASLFVLLASLILI	273.547	285.014	52.6867	61.3302	4799.94	13
Accept	20	LLLLAFLLASLFVLLASLILI	LLLLAFLLASLFYLLASLILI	285.014	299.175	61.3302	66.9214	4745.37	14
Accept	21	LLLLAFLLASLFYLLASLILI	LLLLAFLLASLFFLLASLILI	299.175	298.912	66.9214	69.3217	4677.76	15
Accept	22	LLLLAFLLASLFFLLASLILI	LLLLAFLLASLFFLLALLILI	298.912	288.115	69.3217	58.9348	4594.53	16
Accept	23	LLLLAFLLASLFFLLALLILI	LLLLAFLLSSLFFLLALLILI	288.115	291.311	58.9348	60.515	4492.9	17
Accept	24	LLLLAFLLSSLFFLLALLILI	LLLLAFLLASLFFLLALLILI	291.311	288.115	60.515	58.9348	4370	18
Accept	25	LLLLAFLLASLFFLLALLILI	LLLLTFLLASLFFLLALLILI	288.115	285.087	58.9348	57.0083	4223.12	19
Accept	26	LLLLTFLLASLFFLLALLILI	LLLLTFLLASLLFLLALLILI	285.087	279.142	57.0083	50.068	4050.03	20
Accept	27	LLLLTFLLASLLFLLALLILI	LLLLTFLLSSLLFLLALLILI	279.142	284.286	50.068	54.0485	3849.41	21
Reject	28	LLLLTFLLSSLLFLLALLILI	LLLLTFLLSSLFFLLALLILI	284.286	290.421	54.0485	60.9888	3621.29	21
Accept	29	LLLLTFLLSSLLFLLALLILI	LLLLTFLLSSLLFLLAVLILI	284.286	281.563	54.0485	52.9973	3621.29	22
Accept	30	LLLLTFLLSSLLFLLAVLILI	LLLLAFLLSSLLFLLAVLILI	281.563	282.29	52.9973	52.5234	3367.49	23
Accept	31	LLLLAFLLSSLLFLLAVLILI	LLLLAFLLSSLLFLLSVLILI	282.29	282.211	52.5234	58.9043	3091.86	24
Accept	32	LLLLAFLLSSLLFLLSVLILI	LLLLAFLLASLLFLLSVLILI	282.211	274.088	58.9043	52.5234	2800.27	25
Reject	33	LLLLAFLLASLLFLLSVLILI	LLLLAFLLASLLFLLLVLILI	274.088	285.742	52.5234	46.2399	2500.25	25
Accept	34	LLLLAFLLASLLFLLSVLILI	LLLLTFLLASLLFLLSVLILI	274.088	273.483	52.5234	52.9973	2500.25	26
Reject	35	LLLLTFLLASLLFLLSVLILI	LLLLTFLLSSLLFLLSVLILI	273.483	285.587	52.9973	63.4816	2200.23	26
Accept	36	LLLLTFLLASLLFLLSVLILI	LLLLTLLLASLLFLLSVLILI	273.483	267.172	52.9973	48.4573	2200.23	27
Reject	37	LLLLTLLLASLLFLLSVLILI	LLLLTLLLASLLFLLSTLILI	267.172	275.32	48.4573	56.3887	1908.64	27
Reject	38	LLLLTLLLASLLFLLSVLILI	LLLLTLLLASLLFLLSILILI	267.172	270.434	48.4573	48.697	1908.64	27
Reject	39	LLLLTLLLASLLFLLSVLILI	LLLLTLLLSSLLFLLSVLILI	267.172	279.545	48.4573	58.9416	1908.64	27
Accept	40	LLLLTLLLASLLFLLSVLILI	LLLLTLLLAILLFLLSVLILI	267.172	262.287	48.4573	41.3623	1908.64	28
Reject	41	LLLLTLLLAILLFLLSVLILI	LLLLTLLLAILFFLLSVLILI	262.287	266.494	41.3623	45.9023	1633.01	28
Accept	42	LLLLTLLLAILLFLLSVLILI	LLLLTLLLSILLFLLSVLILI	262.287	272.159	41.3623	49.4462	1633.01	29
Accept	43	LLLLTLLLSILLFLLSVLILI	LLLLTLLLSILLFLLSALILI	272.159	269.953	49.4462	48.697	1379.21	30
Accept	44	LLLLTLLLSILLFLLSALILI	LLLLTLLLAILLFLLSALILI	269.953	264.185	48.697	44.7165	1151.09	31
Accept	45	LLLLTLLLAILLFLLSALILI	LLLLTLLLAILLFLLSVLILI	264.185	262.287	44.7165	41.3623	950.467	32
Accept	46	LLLLTLLLAILLFLLSVLILI	LLLLALLLAILLFLLSVLILI	262.287	261.797	41.3623	40.8884	777.379	33
Accept	47	LLLLALLLAILLFLLSVLILI	LLLLALLLAILLALLSVLILI	261.797	260.985	40.8884	45.1552	630.498	34
Accept	48	LLLLALLLAILLALLSVLILI	LLLLAVLLAILLALLSVLILI	260.985	262.428	45.1552	48.2074	507.596	35
Accept	49	LLLLAVLLAILLALLSVLILI	LLLLALLLAILLALLSVLILI	262.428	260.985	48.2074	45.1552	405.965	36
Reject	50	LLLLALLLAILLALLSVLILI	LLLLALLLAILFALLSVLILI	260.985	262.225	45.1552	45.5917	322.739	36
Reject	51	LLLLALLLAILLALLSVLILI	LLLLALLLAILLALLSFLILI	260.985	262.128	45.1552	46.643	322.739	36
Reject	52	LLLLALLLAILLALLSVLILI	LLLLAVLLAILLALLSVLILI	260.985	262.428	45.1552	48.2074	322.739	36
Reject	53	LLLLALLLAILLALLSVLILI	LLLLALLLAILFALLSVLILI	260.985	262.225	45.1552	45.5917	322.739	36
Reject	54	LLLLALLLAILLALLSVLILI	LLLLALLLAILLTLLSVLILI	260.985	261.844	45.1552	43.2287	322.739	36
Reject	55	LLLLALLLAILLALLSVLILI	LLLLALLLAVLLALLSVLILI	260.985	262.197	45.1552	49.0189	322.739	36
Accept	56	LLLLALLLAILLALLSVLILI	LLLLTLLLAILLALLSVLILI	260.985	259.068	45.1552	43.2287	255.126	37
Reject	57	LLLLTLLLAILLALLSVLILI	LLLLTVLLAILLALLSVLILI	259.068	260.86	43.2287	46.2809	200.555	37
Reject	58	LLLLTLLLAILLALLSVLILI	LLLLTLLLAILLFLLSVLILI	259.068	262.287	43.2287	41.3623	200.555	37
Reject	59	LLLLTLLLAILLALLSVLILI	LLLLTLLLAILFALLSVLILI	259.068	260.29	43.2287	43.6652	200.555	37
Reject	60	LLLLTLLLAILLALLSVLILI	LLLLALLLAILLALLSVLILI	259.068	260.985	43.2287	45.1552	200.555	37
Reject	61	LLLLTLLLAILLALLSVLILI	LLLLTLLLAILLFLLSVLILI	259.068	262.287	43.2287	41.3623	200.555	37
Reject	62	LLLLTLLLAILLALLSVLILI	LLLLTLLLAILFALLSVLILI	259.068	260.29	43.2287	43.6652	200.555	37
Reject	63	LLLLTLLLAILLALLSVLILI	LLLLALLLAILLALLSVLILI	259.068	260.985	43.2287	45.1552	156.74	37
Reject	64	LLLLTLLLAILLALLSVLILI	LLLLTLLLSILLALLSVLILI	259.068	264.555	43.2287	47.2092	156.74	37
Reject	65	LLLLTLLLAILLALLSVLILI	LLLLTVLLAILLALLSVLILI	259.068	260.86	43.2287	46.2809	156.74	37
Reject	66	LLLLTLLLAILLALLSVLILI	LLLLTLLLAILFALLSVLILI	259.068	260.29	43.2287	43.6652	156.74	37
Reject	67	LLLLTLLLAILLALLSVLILI	LLLLTLLLAILLALLSFLILI	259.068	260.211	43.2287	44.7165	156.74	37
Reject	68	LLLLTLLLAILLALLSVLILI	LLLLALLLAILLALLSVLILI	259.068	260.985	43.2287	45.1552	156.74	37
Reject	69	LLLLTLLLAILLALLSVLILI	LLLLALLLAILLALLSVLILI	259.068	260.985	43.2287	45.1552	121.709	37
Reject	70	LLLLTLLLAILLALLSVLILI	LLLLTLLLAILFALLSVLILI	259.068	260.29	43.2287	43.6652	121.709	37
Reject	71	LLLLTLLLAILLALLSVLILI	LLLLTFLLAILLALLSVLILI	259.068	260.738	43.2287	43.6652	121.709	37
Reject	72	LLLLTLLLAILLALLSVLILI	LLLLTLLLAVLLALLSVLILI	259.068	260.29	43.2287	47.0924	121.709	37
Reject	73	LLLLTLLLAILLALLSVLILI	LLLLTLLLAILFALLSVLILI	259.068	260.29	43.2287	43.6652	121.709	37
Reject	74	LLLLTLLLAILLALLSVLILI	LLLLTLLLAVLLALLSVLILI	259.068	260.29	43.2287	47.0924	121.709	37
Reject	75	LLLLTLLLAILLALLSVLILI	LLLLTLLLAILLALLAVLILI	259.068	267.82	43.2287	45.7519	93.7957	37
Reject	76	LLLLTLLLAILLALLSVLILI	LLLLTLLLSILLALLSVLILI	259.068	264.555	43.2287	47.2092	93.7957	37
Reject	77	LLLLTLLLAILLALLSVLILI	LLLLTLLLAILLFLLSVLILI	259.068	262.287	43.2287	41.3623	93.7957	37
Reject	78	LLLLTLLLAILLALLSVLILI	LLLLTVLLAILLALLSVLILI	259.068	260.86	43.2287	46.2809	93.7957	37
Reject	79	LLLLTLLLAILLALLSVLILI	LLLLTLLLSILLALLSVLILI	259.068	264.555	43.2287	47.2092	93.7957	37
Reject	80	LLLLTLLLAILLALLSVLILI	LLLLTLLLAILLFLLSVLILI	259.068	262.287	43.2287	41.3623	93.7957	37
Reject	81	LLLLTLLLAILLALLSVLILI	LLLLALLLAILLALLSVLILI	259.068	260.985	43.2287	45.1552	71.6133	37
Reject	82	LLLLTLLLAILLALLSVLILI	LLLLTLLLSILLALLSVLILI	259.068	264.555	43.2287	47.2092	71.6133	37
Reject	83	LLLLTLLLAILLALLSVLILI	LLLLTLLLAILLALLAVLILI	259.068	267.82	43.2287	45.7519	71.6133	37
Reject	84	LLLLTLLLAILLALLSVLILI	LLLLTLLLAILLFLLSVLILI	259.068	262.287	43.2287	41.3623	71.6133	37
Reject	85	LLLLTLLLAILLALLSVLILI	LLLLTFLLAILLALLSVLILI	259.068	260.738	43.2287	43.6652	71.6133	37
Reject	86	LLLLTLLLAILLALLSVLILI	LLLLTFLLAILLALLSVLILI	259.068	260.738	43.2287	43.6652	71.6133	37
Reject	87	LLLLTLLLAILLALLSVLILI	LLLLTLLLAILLALLSFLILI	259.068	260.211	43.2287	44.7165	54.0228	37
Reject	88	LLLLTLLLAILLALLSVLILI	LLLLTLLLAILFALLSVLILI	259.068	260.29	43.2287	43.6652	54.0228	37
Reject	89	LLLLTLLLAILLALLSVLILI	LLLLTLLLAILLFLLSVLILI	259.068	262.287	43.2287	41.3623	54.0228	37
Reject	90	LLLLTLLLAILLALLSVLILI	LLLLTLLLAVLLALLSVLILI	259.068	260.29	43.2287	47.0924	54.0228	37
Reject	91	LLLLTLLLAILLALLSVLILI	LLLLTLLLSILLALLSVLILI	259.068	264.555	43.2287	47.2092	54.0228	37
Reject	92	LLLLTLLLAILLALLSVLILI	LLLLTFLLAILLALLSVLILI	259.068	260.738	43.2287	43.6652	54.0228	37
Reject	93	LLLLTLLLAILLALLSVLILI	LLLLTLLLAILLFLLSVLILI	259.068	262.287	43.2287	41.3623	40.0975	37
Reject	94	LLLLTLLLAILLALLSVLILI	LLLLTLLLAILFALLSVLILI	259.068	260.29	43.2287	43.6652	40.0975	37
Reject	95	LLLLTLLLAILLALLSVLILI	LLLLTFLLAILLALLSVLILI	259.068	260.738	43.2287	43.6652	40.0975	37
Reject	96	LLLLTLLLAILLALLSVLILI	LLLLTLLLAILLALLAVLILI	259.068	267.82	43.2287	45.7519	40.0975	37
Reject	97	LLLLTLLLAILLALLSVLILI	LLLLTLLLAILLALLAVLILI	259.068	267.82	43.2287	45.7519	40.0975	37
Reject	98	LLLLTLLLAILLALLSVLILI	LLLLTLLLSILLALLSVLILI	259.068	264.555	43.2287	47.2092	40.0975	37
Reject	99	LLLLTLLLAILLALLSVLILI	LLLLTLLLAILFALLSVLILI	259.068	260.29	43.2287	43.6652	29.0883	37
Reject	100	LLLLTLLLAILLALLSVLILI	LLLLTLLLSILLALLSVLILI	259.068	264.555	43.2287	47.2092	29.0883	37
Reject	101	LLLLTLLLAILLALLSVLILI	LLLLALLLAILLALLSVLILI	259.068	260.985	43.2287	45.1552	29.0883	37
Reject	102	LLLLTLLLAILLALLSVLILI	LLLLTLLLSILLALLSVLILI	259.068	264.555	43.2287	47.2092	29.0883	37
Reject	103	LLLLTLLLAILLALLSVLILI	LLLLALLLAILLALLSVLILI	259.068	260.985	43.2287	45.1552	29.0883	37
Reject	104	LLLLTLLLAILLALLSVLILI	LLLLTLLLAILLALLSFLILI	259.068	260.211	43.2287	44.7165	29.0883	37
Reject	105	LLLLTLLLAILLALLSVLILI	LLLLTLLLAILFALLSVLILI	259.068	260.29	43.2287	43.6652	20.3938	37
Reject	106	LLLLTLLLAILLALLSVLILI	LLLLTLLLSILLALLSVLILI	259.068	264.555	43.2287	47.2092	20.3938	37
Reject	107	LLLLTLLLAILLALLSVLILI	LLLLTLLLSILLALLSVLILI	259.068	264.555	43.2287	47.2092	20.3938	37
Reject	108	LLLLTLLLAILLALLSVLILI	LLLLALLLAILLALLSVLILI	259.068	260.985	43.2287	45.1552	20.3938	37
Reject	109	LLLLTLLLAILLALLSVLILI	LLLLTLLLAILFALLSVLILI	259.068	260.29	43.2287	43.6652	20.3938	37
Reject	110	LLLLTLLLAILLALLSVLILI	LLLLALLLAILLALLSVLILI	259.068	260.985	43.2287	45.1552	20.3938	37
Reject	111	LLLLTLLLAILLALLSVLILI	LLLLTLLLAILLALLAVLILI	259.068	267.82	43.2287	45.7519	13.5332	37
Reject	112	LLLLTLLLAILLALLSVLILI	LLLLTLLLSILLALLSVLILI	259.068	264.555	43.2287	47.2092	13.5332	37
Reject	113	LLLLTLLLAILLALLSVLILI	LLLLTLLLAILLFLLSVLILI	259.068	262.287	43.2287	41.3623	13.5332	37
Reject	114	LLLLTLLLAILLALLSVLILI	LLLLTLLLSILLALLSVLILI	259.068	264.555	43.2287	47.2092	13.5332	37
Reject	115	LLLLTLLLAILLALLSVLILI	LLLLTFLLAILLALLSVLILI	259.068	260.738	43.2287	43.6652	13.5332	37
Reject	116	LLLLTLLLAILLALLSVLILI	LLLLALLLAILLALLSVLILI	259.068	260.985	43.2287	45.1552	13.5332	37
Reject	117	LLLLTLLLAILLALLSVLILI	LLLLTLLLSILLALLSVLILI	259.068	264.555	43.2287	47.2092	8.12315	37
Reject	118	LLLLTLLLAILLALLSVLILI	LLLLTLLLAILLFLLSVLILI	259.068	262.287	43.2287	41.3623	8.12315	37
Reject	119	LLLLTLLLAILLALLSVLILI	LLLLTLLLAILLFLLSVLILI	259.068	262.287	43.2287	41.3623	8.12315	37
Reject	120	LLLLTLLLAILLALLSVLILI	LLLLALLLAILLALLSVLILI	259.068	260.985	43.2287	45.1552	8.12315	37
Reject	121	LLLLTLLLAILLALLSVLILI	LLLLTLLLAILLALLSFLILI	259.068	260.211	43.2287	44.7165	8.12315	37
Reject	122	LLLLTLLLAILLALLSVLILI	LLLLTLLLAILLALLAVLILI	259.068	267.82	43.2287	45.7519	8.12315	37
Reject	123	LLLLTLLLAILLALLSVLILI	LLLLTLLLAILFALLSVLILI	259.068	260.29	43.2287	43.6652	3.85923	37
Reject	124	LLLLTLLLAILLALLSVLILI	LLLLTLLLAILLALLSFLILI	259.068	260.211	43.2287	44.7165	3.85923	37
Reject	125	LLLLTLLLAILLALLSVLILI	LLLLTLLLSILLALLSVLILI	259.068	264.555	43.2287	47.2092	3.85923	37
Reject	126	LLLLTLLLAILLALLSVLILI	LLLLTLLLAILFALLSVLILI	259.068	260.29	43.2287	43.6652	3.85923	37
Reject	127	LLLLTLLLAILLALLSVLILI	LLLLTLLLSILLALLSVLILI	259.068	264.555	43.2287	47.2092	3.85923	37
Reject	128	LLLLTLLLAILLALLSVLILI	LLLLTLLLAVLLALLSVLILI	259.068	260.29	43.2287	47.0924	3.85923	37
Accept	129	LLLLTLLLAILLALLSVLILI	LLLLTLLLAVLLALLSVLILI	259.068	260.29	43.2287	47.0924	3649	38
Accept	130	LLLLTLLLAVLLALLSVLILI	LLLLTLLLAVLFALLSVLILI	260.29	261.52	47.0924	47.529	3649	39
Accept	131	LLLLTLLLAVLFALLSVLILI	LLLLTLLLAVLFALLSYLILI	261.52	263.851	47.529	49.0167	3649	40
Accept	132	LLLLTLLLAVLFALLSYLILI	LLLLTLLLSVLFALLSYLILI	263.851	269.089	49.0167	52.9973	3649	41
Reject	133	LLLLTLLLSVLFALLSYLILI	LLLLTLLLSVLTALLSYLILI	269.089	276.996	52.9973	59.4409	3649	41
Accept	134	LLLLTLLLSVLFALLSYLILI	LLLLTLLLAVLFALLSYLILI	269.089	263.851	52.9973	49.0167	3649	42
Reject	135	LLLLTLLLAVLFALLSYLILI	LLLLALLLAVLFALLSYLILI	263.851	265.776	49.0167	50.9432	3649	42
Accept	136	LLLLTLLLAVLFALLSYLILI	LLLLTLLLAILFALLSYLILI	263.851	266.718	49.0167	49.2565	3649	43
Accept	137	LLLLTLLLAILFALLSYLILI	LLLLTLLLAILFALLSFLILI	266.718	265.524	49.2565	49.2565	3649	44
Reject	138	LLLLTLLLAILFALLSFLILI	LLLLTLLLAILFALLAFLILI	265.524	274.045	49.2565	51.7797	3649	44
Reject	139	LLLLTLLLAILFALLSFLILI	LLLLTLLLAILFALLAFLILI	265.524	274.045	49.2565	51.7797	3649	44
Accept	140	LLLLTLLLAILFALLSFLILI	LLLLTLLLAILFVLLSFLILI	265.524	263.103	49.2565	45.9023	3649	45
Reject	141	LLLLTLLLAILFVLLSFLILI	LLLLTLLLAILFTLLSFLILI	263.103	269.982	45.9023	53.8337	3649	45
Reject	142	LLLLTLLLAILFVLLSFLILI	LLLLTLLLAILFVLLTFLILI	263.103	280.292	45.9023	50.6025	3649	45
Accept	143	LLLLTLLLAILFVLLSFLILI	LLLLTLLLSILFVLLSFLILI	263.103	272.35	45.9023	53.9862	3649	46
Accept	144	LLLLTLLLSILFVLLSFLILI	LLLLTLLLAILFVLLSFLILI	272.35	263.103	53.9862	45.9023	3649	47
Accept	145	LLLLTLLLAILFVLLSFLILI	LLLLALLLAILFVLLSFLILI	263.103	262.64	45.9023	45.4284	3649	48
Reject	146	LLLLALLLAILFVLLSFLILI	LLLLALLLATLFVLLSFLILI	262.64	265.123	45.4284	49.0167	3649	48
Accept	147	LLLLALLLAILFVLLSFLILI	LLLLALLLAILTVLLSFLILI	262.64	263.28	45.4284	43.6652	3649	49
Accept	148	LLLLALLLAILTVLLSFLILI	LLLLALLLAILFVLLSFLILI	263.28	262.64	43.6652	45.4284	3649	50
Accept	149	LLLLALLLAILFVLLSFLILI	LLLLALLLAILFVLLSSLILI	262.64	263.799	45.4284	47.1719	3649	51
Reject	150	LLLLALLLAILFVLLSSLILI	LLLLALLLAILFVLLTSLILI	263.799	272.678	47.1719	43.6652	3649	51
Accept	151	LLLLALLLAILFVLLSSLILI	LLLLTLLLAILFVLLSSLILI	263.799	264.262	47.1719	47.6458	3649	52
Reject	152	LLLLTLLLAILFVLLSSLILI	LLLLTLLLAILLVLLSSLILI	264.262	277.575	47.6458	47.2092	3649	52
Accept	153	LLLLTLLLAILFVLLSSLILI	LLLLTFLLAILFVLLSSLILI	264.262	274.15	47.6458	56.2892	3649	53
Accept	154	LLLLTFLLAILFVLLSSLILI	LLLLTFLLAILFTLLSSLILI	274.15	283.459	56.2892	64.2206	3649	54
Accept	155	LLLLTFLLAILFTLLSSLILI	LLLLTFLLAILFTLLSLLILI	283.459	273.23	64.2206	53.8337	3649	55
Accept	156	LLLLTFLLAILFTLLSLLILI	LLLLTVLLAILFTLLSLLILI	273.23	265.154	53.8337	48.2425	3649	56
Reject	157	LLLLTVLLAILFTLLSLLILI	LLLLTVLLAILFWLLSLLILI	265.154	275.92	48.2425	49.2152	3649	56
Reject	158	LLLLTVLLAILFTLLSLLILI	LLLLTVLLAILFTLLSFLILI	265.154	271.784	48.2425	56.8859	3649	56
Reject	159	LLLLTVLLAILFTLLSLLILI	LLLLTVLLAILFFLLSLLILI	265.154	266.916	48.2425	45.9023	3649	56
Accept	160	LLLLTVLLAILFTLLSLLILI	LLLLAVLLAILFTLLSLLILI	265.154	260.24	48.2425	43.6652	3649	57
Reject	161	LLLLAVLLAILFTLLSLLILI	LLLLSVLLAILFTLLSLLILI	260.24	278.382	43.6652	47.6458	3649	57
Accept	162	LLLLAVLLAILFTLLSLLILI	LLLLAVLLAILFLLLSLLILI	260.24	258.408	43.6652	40.8884	3649	58
Reject	163	LLLLAVLLAILFLLLSLLILI	LLLLAVLLAFLFLLLSLLILI	258.408	269.607	40.8884	46.2399	3649	58
Reject	164	LLLLAVLLAILFLLLSLLILI	LLLLAVLLAILFLLLTLLILI	258.408	272.171	40.8884	41.4852	3649	58
Accept	165	LLLLAVLLAILFLLLSLLILI	LLLLAVLLAILFLLLSILILI	258.408	262.992	40.8884	44.1803	3649	59
Reject	166	LLLLAVLLAILFLLLSILILI	LLLLAVLLAILFTLLSILILI	262.992	267.812	44.1803	51.0606	3649	59
Accept	167	LLLLAVLLAILFLLLSILILI	LLLLAVLLAILFVLLSILILI	262.992	266.201	44.1803	51.336	3649	60
Reject	168	LLLLAVLLAILFVLLSILILI	LLLLAVLLASLFVLLSILILI	266.201	267.756	51.336	54.3275	3649	60
Accept	169	LLLLAVLLAILFVLLSILILI	LLLLAVLLAILFLLLSILILI	266.201	262.992	51.336	44.1803	3649	61
Accept	170	LLLLAVLLAILFLLLSILILI	LLLLALLLAILFLLLSILILI	262.992	265.643	44.1803	45.2316	3649	62
Accept	171	LLLLALLLAILFLLLSILILI	LLLLALLLAILFVLLSILILI	265.643	260.644	45.2316	44.1803	3649	63
Accept	172	LLLLALLLAILFVLLSILILI	LLLLALLLSILFVLLSILILI	260.644	265.911	44.1803	48.1609	3649	64
Reject	173	LLLLALLLSILFVLLSILILI	LLLLYLLLSILFVLLSILILI	265.911	287.116	48.1609	54.5013	3649	64
Accept	174	LLLLALLLSILFVLLSILILI	LLLLALLLAILFVLLSILILI	265.911	260.644	48.1609	44.1803	3649	65
Accept	175	LLLLALLLAILFVLLSILILI	LLLLALLLSILFVLLSILILI	260.644	265.911	44.1803	48.1609	3649	66
Accept	176	LLLLALLLSILFVLLSILILI	LLLLALLLSILYVLLSILILI	265.911	271.081	48.1609	52.2643	3649	67
Accept	177	LLLLALLLSILYVLLSILILI	LLLLALLLSILYVLLSVLILI	271.081	269.547	52.2643	52.0246	3649	68
Accept	178	LLLLALLLSILYVLLSVLILI	LLLLALLLSILFVLLSVLILI	269.547	264.378	52.0246	47.9212	3649	69
Reject	179	LLLLALLLSILFVLLSVLILI	LLLLALLLSILLVLLSVLILI	264.378	277.98	47.9212	47.4846	3649	69
Accept	180	LLLLALLLSILFVLLSVLILI	LLLLALLLSTLFVLLSVLILI	264.378	266.814	47.9212	51.5095	3649	70
Reject	181	LLLLALLLSTLFVLLSVLILI	LLLLALLLSTLLVLLSVLILI	266.814	280.375	51.5095	51.0729	3649	70
Accept	182	LLLLALLLSTLFVLLSVLILI	LLLLALLLATLFVLLSVLILI	266.814	261.581	51.5095	47.529	3649	71
Accept	183	LLLLALLLATLFVLLSVLILI	LLLLALLLATLLVLLSVLILI	261.581	274.821	47.529	47.0924	3649	72
Accept	184	LLLLALLLATLLVLLSVLILI	LLLLALLLATLLVLLAVLILI	274.821	283.775	47.0924	49.6157	3649	73
Reject	185	LLLLALLLATLLVLLAVLILI	LLLLAWLLATLLVLLAVLILI	283.775	293.155	49.6157	57.4686	3649	73
Accept	186	LLLLALLLATLLVLLAVLILI	LLLLALLLATLLVLLSVLILI	283.775	274.821	49.6157	47.0924	3649	74
Reject	187	LLLLALLLATLLVLLSVLILI	LLLLALLLATLLVLLTVLILI	274.821	292.081	47.0924	51.7926	3649	74
Accept	188	LLLLALLLATLLVLLSVLILI	LLLLALLLATLYVLLSVLILI	274.821	266.907	47.0924	51.6324	3649	75
Accept	189	LLLLALLLATLYVLLSVLILI	LLLLTLLLATLYVLLSVLILI	266.907	271.459	51.6324	56.2097	3649	76
Accept	190	LLLLTLLLATLYVLLSVLILI	LLLLTLLLATLFVLLSVLILI	271.459	266.153	56.2097	52.1062	3649	77
Accept	191	LLLLTLLLATLFVLLSVLILI	LLLLALLLATLFVLLSVLILI	266.153	261.581	52.1062	47.529	3649	78
Accept	192	LLLLALLLATLFVLLSVLILI	LLLLALLLAYLFVLLSVLILI	261.581	265.775	47.529	49.2921	3649	79
Reject	193	LLLLALLLAYLFVLLSVLILI	LLLLALLLAYLFVLLLVLILI	265.775	281.828	49.2921	47.1121	3649	79
Accept	194	LLLLALLLAYLFVLLSVLILI	LLLLALLLAYLFVLLSYLILI	265.775	275.045	49.2921	54.8834	3649	80
Accept	195	LLLLALLLAYLFVLLSYLILI	LLLLALLLAYLFVLLAYLILI	275.045	283.855	54.8834	57.4066	3649	81
Accept	196	LLLLALLLAYLFVLLAYLILI	LLLLALLLAFLFVLLAYLILI	283.855	279.716	57.4066	53.3032	3649	82
Accept	197	LLLLALLLAFLFVLLAYLILI	LLLLALLLAFLTVLLAYLILI	279.716	280.752	53.3032	51.54	3649	83
Reject	198	LLLLALLLAFLTVLLAYLILI	LLLLAILLAFLTVLLAYLILI	280.752	286.559	51.54	54.8319	3649	83
Accept	199	LLLLALLLAFLTVLLAYLILI	LLLLAILLAFLTVLLAYLILI	280.752	286.559	51.54	54.8319	3649	84
Reject	200	LLLLAILLAFLTVLLAYLILI	LLLLAILLAFLTFLLAYLILI	286.559	292.431	54.8319	60.4231	3649	84
Accept	201	LLLLAILLAFLTVLLAYLILI	LLLLAILLSFLTVLLAYLILI	286.559	285.571	54.8319	52.3087	3649	85
Reject	202	LLLLAILLSFLTVLLAYLILI	LLLLAWLLSFLTVLLAYLILI	285.571	292.331	52.3087	60.9731	3649	85
Accept	203	LLLLAILLSFLTVLLAYLILI	LLLLAILLSLLTVLLAYLILI	285.571	277.348	52.3087	47.7687	3649	86
Accept	204	LLLLAILLSLLTVLLAYLILI	LLLLAILLSLLTVLLSYLILI	277.348	274.748	47.7687	51.7492	3649	87
Reject	205	LLLLAILLSLLTVLLSYLILI	LLLLTILLSLLTVLLSYLILI	274.748	283.588	51.7492	60.4299	3649	87
Reject	206	LLLLAILLSLLTVLLSYLILI	LLLLAILLSWLTVLLSYLILI	274.748	295.277	51.7492	63.7055	3649	87
Accept	207	LLLLAILLSLLTVLLSYLILI	LLLLAILLSILTVLLSYLILI	274.748	281.989	51.7492	59.1445	3649	88
Accept	208	LLLLAILLSILTVLLSYLILI	LLLLAILLSILTVLLSFLILI	281.989	276.245	59.1445	55.0411	3649	89
Accept	209	LLLLAILLSILTVLLSFLILI	LLLLAILLSLLTVLLSFLILI	276.245	269.014	55.0411	47.6458	3649	90
Accept	210	LLLLAILLSLLTVLLSFLILI	LLLLAILLSLLTLLLSFLILI	269.014	269.35	47.6458	48.697	3649	91
Accept	211	LLLLAILLSLLTLLLSFLILI	LLLLAILLSVLTLLLSFLILI	269.35	265.596	48.697	47.6458	3649	92
Accept	212	LLLLAILLSVLTLLLSFLILI	LLLLAILLSVLYLLLSFLILI	265.596	264.133	47.6458	49.4089	3649	93
Reject	213	LLLLAILLSVLYLLLSFLILI	LLLLAILLSVLYTLLSFLILI	264.133	272.247	49.4089	56.2892	3649	93
Accept	214	LLLLAILLSVLYLLLSFLILI	LLLLAILLAVLYLLLSFLILI	264.133	259.083	49.4089	45.4284	3649	94
Accept	215	LLLLAILLAVLYLLLSFLILI	LLLLAILLAVLTLLLSFLILI	259.083	260.169	45.4284	43.6652	3649	95
Accept	216	LLLLAILLAVLTLLLSFLILI	LLLLALLLAVLTLLLSFLILI	260.169	260.655	43.6652	44.4768	3649	96
Reject	217	LLLLALLLAVLTLLLSFLILI	LLLLALLLSVLTLLLSFLILI	260.655	266.22	44.4768	48.4573	3649	96
Reject	218	LLLLALLLAVLTLLLSFLILI	LLLLALLLAVLTLLLAFLILI	260.655	269.595	44.4768	47	3649	96
Reject	219	LLLLALLLAVLTLLLSFLILI	LLLLALLLAVLTYLLSFLILI	260.655	268.407	44.4768	49.0167	3649	96
Accept	220	LLLLALLLAVLTLLLSFLILI	LLLLTLLLAVLTLLLSFLILI	260.655	265.253	44.4768	49.054	3649	97
Accept	221	LLLLTLLLAVLTLLLSFLILI	LLLLTLLLAVLTILLSFLILI	265.253	267.115	49.054	48.2425	3649	98
Reject	222	LLLLTLLLAVLTILLSFLILI	LLLLTLLLSVLTILLSFLILI	267.115	276.63	48.2425	56.3265	3649	98
Accept	223	LLLLTLLLAVLTILLSFLILI	LLLLTFLLAVLTILLSFLILI	267.115	277.517	48.2425	56.8859	3649	99
Reject	224	LLLLTFLLAVLTILLSFLILI	LLLLTFLLSVLTILLSFLILI	277.517	286.762	56.8859	64.9699	3649	99
Reject	225	LLLLTFLLAVLTILLSFLILI	LLLLTFLLSVLTILLSFLILI	277.517	286.762	56.8859	64.9699	3649	99
Accept	226	LLLLTFLLAVLTILLSFLILI	LLLLTFLLAVLTSLLSFLILI	277.517	281.887	56.8859	63.9809	3649	100
Reject	227	LLLLTFLLAVLTSLLSFLILI	LLLLTFLLWVLTSLLSFLILI	281.887	300.774	63.9809	73.6343	3649	100
Reject	228	LLLLTFLLAVLTSLLSFLILI	LLLLTFLLAVLTTLLSFLILI	281.887	284.565	63.9809	66.9781	3649	100
Accept	229	LLLLTFLLAVLTSLLSFLILI	LLLLAFLLAVLTSLLSFLILI	281.887	278.393	63.9809	59.4037	3649	101
Reject	230	LLLLAFLLAVLTSLLSFLILI	LLLLTFLLAVLTSLLSFLILI	278.393	281.887	59.4037	63.9809	3649	101
Accept	231	LLLLAFLLAVLTSLLSFLILI	LLLLAFLLAVLTTLLSFLILI	278.393	278.674	59.4037	60.0004	3649	102
Accept	232	LLLLAFLLAVLTTLLSFLILI	LLLLAFLLAVLTTLLSLLILI	278.674	271.982	60.0004	51.357	3649	103
Accept	233	LLLLAFLLAVLTTLLSLLILI	LLLLAFLLAVLTLLLSLLILI	271.982	265.426	51.357	44.4768	3649	104
Reject	234	LLLLAFLLAVLTLLLSLLILI	LLLLAFLLAYLTLLLSLLILI	265.426	274.513	44.4768	50.068	3649	104
Accept	235	LLLLAFLLAVLTLLLSLLILI	LLLLAFLLAVLTLLLSILILI	265.426	264.986	44.4768	43.6652	3649	105
Accept	236	LLLLAFLLAVLTLLLSILILI	LLLLALLLAVLTLLLSILILI	264.986	261.678	43.6652	43.2287	3649	106
Accept	237	LLLLALLLAVLTLLLSILILI	LLLLALLLAVLLLLLSILILI	261.678	261.041	43.2287	42.8522	3649	107
Accept	238	LLLLALLLAVLLLLLSILILI	LLLLALLLAVLLSLLSILILI	261.041	263.12	42.8522	46.7353	3649	108
Reject	239	LLLLALLLAVLLSLLSILILI	LLLLALLLAVLFSLLSILILI	263.12	264.58	46.7353	47.1719	3649	108
Accept	240	LLLLALLLAVLLSLLSILILI	LLLLALLLAVLLSLLAILILI	263.12	267.908	46.7353	45.1552	3649	109
Accept	241	LLLLALLLAVLLSLLAILILI	LLLLALLLAVLYSLLAILILI	267.908	273.77	45.1552	49.6952	3649	110
Accept	242	LLLLALLLAVLYSLLAILILI	LLLLALLLAVLYSLLTILILI	273.77	277.756	49.6952	47.7687	3649	111
Reject	243	LLLLALLLAVLYSLLTILILI	LLLLAFLLAVLYSLLTILILI	277.756	285.13	47.7687	52.3087	3649	111
Accept	244	LLLLALLLAVLYSLLTILILI	LLLLALLLAVLFSLLTILILI	277.756	273.271	47.7687	43.6652	3649	112
Accept	245	LLLLALLLAVLFSLLTILILI	LLLLALLLAVLFSLLTTLILI	273.271	280.056	43.6652	51.357	3649	113
Reject	246	LLLLALLLAVLFSLLTTLILI	LLLLALLLATLFSLLTTLILI	280.056	292.243	51.357	61.6888	3649	113
Reject	247	LLLLALLLAVLFSLLTTLILI	LLLLLLLLAVLFSLLTTLILI	280.056	296.318	51.357	49.054	3649	113
Accept	248	LLLLALLLAVLFSLLTTLILI	LLLLALLLAVLFLLLTTLILI	280.056	277.131	51.357	49.1769	3649	114
Accept	249	LLLLALLLAVLFLLLTTLILI	LLLLALLLAILFLLLTTLILI	277.131	280.182	49.1769	49.4167	3649	115
Accept	250	LLLLALLLAILFLLLTTLILI	LLLLALLLAILFVLLTTLILI	280.182	276.42	49.4167	48.3654	3649	116
Reject	251	LLLLALLLAILFVLLTTLILI	LLLLATLLAILFVLLTTLILI	276.42	292.103	48.3654	61.7495	3649	116
Reject	252	LLLLALLLAILFVLLTTLILI	LLLLSLLLAILFVLLTTLILI	276.42	290.171	48.3654	48.2425	3649	116
Accept	253	LLLLALLLAILFVLLTTLILI	LLLLAFLLAILFVLLTTLILI	276.42	287.42	48.3654	57.0089	3649	117
Accept	254	LLLLAFLLAILFVLLTTLILI	LLLLAFLLALLFVLLTTLILI	287.42	285.049	57.0089	53.7169	3649	118
Accept	255	LLLLAFLLALLFVLLTTLILI	LLLLAILLALLFVLLTTLILI	285.049	276.728	53.7169	48.3654	3649	119
Reject	256	LLLLAILLALLFVLLTTLILI	LLLLAILLALLFYLLTTLILI	276.728	289.889	48.3654	53.9566	3649	119
Reject	257	LLLLAILLALLFVLLTTLILI	LLLLAYLLALLFVLLTTLILI	276.728	284.29	48.3654	53.7169	3649	119
Accept	258	LLLLAILLALLFVLLTTLILI	LLLLAYLLALLFVLLTTLILI	276.728	283.94	48.3654	53.7169	3649	120
Reject	259	LLLLAYLLALLFVLLTTLILI	LLLLAYLLAWLFVLLTTLILI	283.94	303.13	53.7169	65.6733	3649	120
Accept	260	LLLLAYLLALLFVLLTTLILI	LLLLAYLLALLFVLLTILILI	283.94	277.446	53.7169	46.0252	3649	121
Accept	261	LLLLAYLLALLFVLLTILILI	LLLLAYLLALLFVLLTVLILI	277.446	279.636	46.0252	49.8889	3649	122
Reject	262	LLLLAYLLALLFVLLTVLILI	LLLLTYLLALLFVLLTVLILI	279.636	283.661	49.8889	54.4662	3649	122
Accept	263	LLLLAYLLALLFVLLTVLILI	LLLLAYLLALLFLLLTVLILI	279.636	279.432	49.8889	46.8367	3649	123
Accept	264	LLLLAYLLALLFLLLTVLILI	LLLLAYLLSLLFLLLTVLILI	279.432	281.687	46.8367	46.7138	3649	124
Accept	265	LLLLAYLLSLLFLLLTVLILI	LLLLAYLLALLFLLLTVLILI	281.687	279.772	46.7138	46.8367	3649	125
Reject	266	LLLLAYLLALLFLLLTVLILI	LLLLTYLLALLFLLLTVLILI	279.772	283.087	46.8367	51.414	3649	125
Reject	267	LLLLAYLLALLFLLLTVLILI	LLLLAYLLSLLFLLLTVLILI	279.772	281.687	46.8367	46.7138	3649	125
Accept	268	LLLLAYLLALLFLLLTVLILI	LLLLAYLLALLFLLLTILILI	279.772	281.855	46.8367	47.0764	3649	126
Reject	269	LLLLAYLLALLFLLLTILILI	LLLLAYLLSLLFLLLTILILI	281.855	283.042	47.0764	46.9535	3649	126
Accept	270	LLLLAYLLALLFLLLTILILI	LLLLAYLLALLFLLLTLLILI	281.855	284.707	47.0764	50.2883	3649	127
Accept	271	LLLLAYLLALLFLLLTLLILI	LLLLTYLLALLFLLLTLLILI	284.707	288.72	50.2883	54.8656	3649	128
Accept	272	LLLLTYLLALLFLLLTLLILI	LLLLTYLLALLFLLLTFLILI	288.72	288.013	54.8656	57.0052	3649	129
Accept	273	LLLLTYLLALLFLLLTFLILI	LLLLTVLLALLFLLLTFLILI	288.013	281.876	57.0052	51.414	3649	130
Accept	274	LLLLTVLLALLFLLLTFLILI	LLLLTLLLALLFLLLTFLILI	281.876	286.478	51.414	54.8656	3649	131
Accept	275	LLLLTLLLALLFLLLTFLILI	LLLLTLLLSLLFLLLTFLILI	286.478	289.474	54.8656	58.8461	3649	132
Accept	276	LLLLTLLLSLLFLLLTFLILI	LLLLTLLLSLLFLLLTVLILI	289.474	284.552	58.8461	53.2549	3649	133
Reject	277	LLLLTLLLSLLFLLLTVLILI	LLLLTLLLSLLTLLLTVLILI	284.552	295.431	53.2549	62.0989	3649	133
Accept	278	LLLLTLLLSLLFLLLTVLILI	LLLLTLLLSLLFLLLAVLILI	284.552	271.027	53.2549	44.5741	3649	134
Accept	279	LLLLTLLLSLLFLLLAVLILI	LLLLTLLLSLLYLLLAVLILI	271.027	272.28	44.5741	48.6776	3649	135
Accept	280	LLLLTLLLSLLYLLLAVLILI	LLLLTLLLSLLYLLLSVLILI	272.28	274.75	48.6776	56.7615	3649	136
Accept	281	LLLLTLLLSLLYLLLSVLILI	LLLLTLLLSVLYLLLSVLILI	274.75	272.602	56.7615	57.4134	3649	137
Accept	282	LLLLTLLLSVLYLLLSVLILI	LLLLALLLSVLYLLLSVLILI	272.602	268.174	57.4134	52.8361	3649	138
Accept	283	LLLLALLLSVLYLLLSVLILI	LLLLALLLSVLYLLLAVLILI	268.174	269.807	52.8361	48.8556	3338.43	139
Accept	284	LLLLALLLSVLYLLLAVLILI	LLLLALLLSVLLLLLAVLILI	269.807	271.986	48.8556	46.7159	3054.29	140
Accept	285	LLLLALLLSVLLLLLAVLILI	LLLLALLLSVLLFLLAVLILI	271.986	271.242	46.7159	44.7521	2794.33	141
Accept	286	LLLLALLLSVLLFLLAVLILI	LLLLALLLSTLLFLLAVLILI	271.242	272.352	44.7521	44.4768	2556.5	142
Accept	287	LLLLALLLSTLLFLLAVLILI	LLLLALLLSTLLFLLSVLILI	272.352	269.873	44.4768	48.4573	2338.91	143
Accept	288	LLLLALLLSTLLFLLSVLILI	LLLLAVLLSTLLFLLSVLILI	269.873	271.224	48.4573	51.5095	2139.84	144
Accept	289	LLLLAVLLSTLLFLLSVLILI	LLLLAVLLSILLFLLSVLILI	271.224	268.928	51.5095	47.9212	1957.72	145
Accept	290	LLLLAVLLSILLFLLSVLILI	LLLLAVLLSILLLLLSVLILI	268.928	267.526	47.9212	47.4846	1791.09	146
Accept	291	LLLLAVLLSILLLLLSVLILI	LLLLTVLLSILLLLLSVLILI	267.526	272.34	47.4846	52.0619	1638.65	147
Accept	292	LLLLTVLLSILLLLLSVLILI	LLLLTVLLSILLLLLSALILI	272.34	265.987	52.0619	47.2092	1499.18	148
Accept	293	LLLLTVLLSILLLLLSALILI	LLLLAVLLSILLLLLSALILI	265.987	265.094	47.2092	46.7353	1371.58	149
Accept	294	LLLLAVLLSILLLLLSALILI	LLLLAVLLSILYLLLSALILI	265.094	265.315	46.7353	51.2753	1254.84	150
Accept	295	LLLLAVLLSILYLLLSALILI	LLLLAVLLSILFLLLSALILI	265.315	263.8	51.2753	47.1719	1148.04	151
Accept	296	LLLLAVLLSILFLLLSALILI	LLLLAVLLAILFLLLSALILI	263.8	261.087	47.1719	45.5917	1050.33	152
Accept	297	LLLLAVLLAILFLLLSALILI	LLLLAVLLAILLLLLSALILI	261.087	261.98	45.5917	45.1552	960.933	153
Reject	298	LLLLAVLLAILLLLLSALILI	LLLLAVLLSILLLLLSALILI	261.98	265.274	45.1552	46.7353	879.146	153
Reject	299	LLLLAVLLAILLLLLSALILI	LLLLAILLAILLLLLSALILI	261.98	268.145	45.1552	49.4983	879.146	153
Reject	300	LLLLAVLLAILLLLLSALILI	LLLLALLLAILLLLLSALILI	261.98	267.233	45.1552	48.6068	879.146	153
Accept	301	LLLLAVLLAILLLLLSALILI	LLLLAVLLSILLLLLSALILI	261.98	265.274	45.1552	46.7353	879.146	154
Reject	302	LLLLAVLLSILLLLLSALILI	LLLLTVLLSILLLLLSALILI	265.274	265.987	46.7353	47.2092	804.321	154
Reject	303	LLLLAVLLSILLLLLSALILI	LLLLAVLLSILLLLLSTLILI	265.274	267.729	46.7353	47.2092	804.321	154
Accept	304	LLLLAVLLSILLLLLSALILI	LLLLAVLLSTLLLLLSALILI	265.274	267.674	46.7353	50.3237	804.321	155
Accept	305	LLLLAVLLSTLLLLLSALILI	LLLLAILLSTLLLLLSALILI	267.674	269.707	50.3237	50.5634	735.863	156
Accept	306	LLLLAILLSTLLLLLSALILI	LLLLAILLSTLLLLLSVLILI	269.707	267.858	50.5634	47.2092	673.233	157
Accept	307	LLLLAILLSTLLLLLSVLILI	LLLLAILLSTLFLLLSVLILI	267.858	265.719	47.2092	47.6458	615.932	158
Accept	308	LLLLAILLSTLFLLLSVLILI	LLLLAILLSALFLLLSVLILI	265.719	264.055	47.6458	47.1719	563.509	159
Reject	309	LLLLAILLSALFLLLSVLILI	LLLLAILLSALFLLLAVLILI	264.055	268.466	47.1719	45.5917	515.548	159
Accept	310	LLLLAILLSALFLLLSVLILI	LLLLAILLSVLFLLLSVLILI	264.055	264.543	47.1719	47.9212	515.548	160
Accept	311	LLLLAILLSVLFLLLSVLILI	LLLLAILLAVLFLLLSVLILI	264.543	260.633	47.9212	43.9406	471.669	161
Reject	312	LLLLAILLAVLFLLLSVLILI	LLLLAILLAVLLLLLSVLILI	260.633	261.141	43.9406	43.5041	431.524	161
Accept	313	LLLLAILLAVLFLLLSVLILI	LLLLTILLAVLFLLLSVLILI	260.633	261.362	43.9406	44.4145	431.524	162
Reject	314	LLLLTILLAVLFLLLSVLILI	LLLLTLLLAVLFLLLSVLILI	261.362	261.57	44.4145	45.226	394.796	162
Reject	315	LLLLTILLAVLFLLLSVLILI	LLLLTILLAVLFLLLAVLILI	261.362	267.478	44.4145	44.5374	394.796	162
Accept	316	LLLLTILLAVLFLLLSVLILI	LLLLTILLAVLFLLLSALILI	261.362	257.165	44.4145	43.6652	394.796	163
Reject	317	LLLLTILLAVLFLLLSALILI	LLLLTILLSVLFLLLSALILI	257.165	262.129	43.6652	47.6458	361.194	163
Reject	318	LLLLTILLAVLFLLLSALILI	LLLLTILLSVLFLLLSALILI	257.165	263.633	43.6652	47.6458	361.194	163
Reject	319	LLLLTILLAVLFLLLSALILI	LLLLTILLAVLFLLLAALILI	257.165	268.395	43.6652	46.1885	361.194	163
Reject	320	LLLLTILLAVLFLLLSALILI	LLLLTILLAVLFLLLAALILI	257.165	266.997	43.6652	46.1885	361.194	163
Reject	321	LLLLTILLAVLFLLLSALILI	LLLLTILLAVLLLLLSALILI	257.165	259.662	43.6652	43.2287	361.194	163
Reject	322	LLLLTILLAVLFLLLSALILI	LLLLTILLAVLFVLLSALILI	257.165	262.002	43.6652	50.8209	361.194	163
Reject	323	LLLLTILLAVLFLLLSALILI	LLLLTLLLAVLFLLLSALILI	257.165	258.759	43.6652	44.4768	330.452	163
Reject	324	LLLLTILLAVLFLLLSALILI	LLLLTILLAVLFLLLAALILI	257.165	265.584	43.6652	46.1885	330.452	163
Accept	325	LLLLTILLAVLFLLLSALILI	LLLLTILLAVLFLLLSLLILI	257.165	258.26	43.6652	41.3623	330.452	164
Reject	326	LLLLTILLAVLFLLLSLLILI	LLLLTILLAALFLLLSLLILI	258.26	260.607	41.3623	44.7165	302.327	164
Reject	327	LLLLTILLAVLFLLLSLLILI	LLLLTILLSVLFLLLSLLILI	258.26	268.394	41.3623	49.4462	302.327	164
Reject	328	LLLLTILLAVLFLLLSLLILI	LLLLTILLAALFLLLSLLILI	258.26	261.48	41.3623	44.7165	302.327	164
Accept	329	LLLLTILLAVLFLLLSLLILI	LLLLTILLAVLFVLLSLLILI	258.26	258.487	41.3623	44.4145	302.327	165
Reject	330	LLLLTILLAVLFVLLSLLILI	LLLLTILLSVLFVLLSLLILI	258.487	267.631	44.4145	52.4984	276.595	165
Reject	331	LLLLTILLAVLFVLLSLLILI	LLLLTILLAVLFVLLALLILI	258.487	264.826	44.4145	44.5374	276.595	165
Reject	332	LLLLTILLAVLFVLLSLLILI	LLLLTILLAVLFVLLSALILI	258.487	262.002	44.4145	50.8209	276.595	165
Reject	333	LLLLTILLAVLFVLLSLLILI	LLLLTILLAVLFVLLSALILI	258.487	262.002	44.4145	50.8209	276.595	165
Reject	334	LLLLTILLAVLFVLLSLLILI	LLLLTILLAVLFLLLSLLILI	258.487	259.209	44.4145	41.3623	276.595	165
Reject	335	LLLLTILLAVLFVLLSLLILI	LLLLTILLAVLFVLLSALILI	258.487	262.002	44.4145	50.8209	276.595	165
Accept	336	LLLLTILLAVLFVLLSLLILI	LLLLTILLAALFVLLSLLILI	258.487	256.673	44.4145	43.6652	253.054	166
Reject	337	LLLLTILLAALFVLLSLLILI	LLLLTILLALLFVLLSLLILI	256.673	258.109	43.6652	41.3623	231.516	166
Reject	338	LLLLTILLAALFVLLSLLILI	LLLLTILLAALFVLLALLILI	256.673	265.411	43.6652	46.1885	231.516	166
Reject	339	LLLLTILLAALFVLLSLLILI	LLLLTILLAALFVLLALLILI	256.673	265.411	43.6652	46.1885	231.516	166
Reject	340	LLLLTILLAALFVLLSLLILI	LLLLTILLAALYVLLSLLILI	256.673	261.99	43.6652	47.7687	231.516	166
Accept	341	LLLLTILLAALFVLLSLLILI	LLLLTLLLAALFVLLSLLILI	256.673	256.615	43.6652	44.4768	231.516	167
Reject	342	LLLLTLLLAALFVLLSLLILI	LLLLTLLLAALFILLSLLILI	256.615	262.303	44.4768	44.7165	211.811	167
Accept	343	LLLLTLLLAALFVLLSLLILI	LLLLTLLLAALFVLLSILILI	256.615	256.082	44.4768	43.6652	211.811	168
Reject	344	LLLLTLLLAALFVLLSILILI	LLLLTLLLSALFVLLSILILI	256.082	261.331	43.6652	47.6458	193.783	168
Reject	345	LLLLTLLLAALFVLLSILILI	LLLLTLLLSALFVLLSILILI	256.082	261.331	43.6652	47.6458	193.783	168
Reject	346	LLLLTLLLAALFVLLSILILI	LLLLTLLLALLFVLLSILILI	256.082	257.971	43.6652	41.3623	193.783	168
Reject	347	LLLLTLLLAALFVLLSILILI	LLLLTLLLALLFVLLSILILI	256.082	257.971	43.6652	41.3623	193.783	168
Accept	348	LLLLTLLLAALFVLLSILILI	LLLLTLLLAALFVLLSLLILI	256.082	256.615	43.6652	44.4768	193.783	169
Reject	349	LLLLTLLLAALFVLLSLLILI	LLLLTLLLSALFVLLSLLILI	256.615	261.864	44.4768	48.4573	177.29	169
Reject	350	LLLLTLLLAALFVLLSLLILI	LLLLTLLLAALYVLLSLLILI	256.615	261.928	44.4768	48.5802	177.29	169
Reject	351	LLLLTLLLAALFVLLSLLILI	LLLLTLLLAALFILLSLLILI	256.615	262.303	44.4768	44.7165	177.29	169
Reject	352	LLLLTLLLAALFVLLSLLILI	LLLLTLLLAILFVLLSLLILI	256.615	257.535	44.4768	41.3623	177.29	169
Accept	353	LLLLTLLLAALFVLLSLLILI	LLLLTLLLAALFVLLSILILI	256.615	256.082	44.4768	43.6652	177.29	170
Accept	354	LLLLTLLLAALFVLLSILILI	LLLLTLLLAALFVLLSLLILI	256.082	256.615	43.6652	44.4768	162.201	171
Accept	355	LLLLTLLLAALFVLLSLLILI	LLLLTLLLAALFVLLSILILI	256.615	256.082	44.4768	43.6652	148.395	172
Reject	356	LLLLTLLLAALFVLLSILILI	LLLLTLLLSALFVLLSILILI	256.082	261.331	43.6652	47.6458	135.765	172
Reject	357	LLLLTLLLAALFVLLSILILI	LLLLTLLLSALFVLLSILILI	256.082	261.331	43.6652	47.6458	135.765	172
Reject	358	LLLLTLLLAALFVLLSILILI	LLLLTLLLAALYVLLSILILI	256.082	261.392	43.6652	47.7687	135.765	172
Reject	359	LLLLTLLLAALFVLLSILILI	LLLLTVLLAALFVLLSILILI	256.082	262.588	43.6652	50.8209	135.765	172
Reject	360	LLLLTLLLAALFVLLSILILI	LLLLTVLLAALFVLLSILILI	256.082	262.588	43.6652	50.8209	135.765	172
Reject	361	LLLLTLLLAALFVLLSILILI	LLLLTLLLALLFVLLSILILI	256.082	257.971	43.6652	41.3623	135.765	172
Reject	362	LLLLTLLLAALFVLLSILILI	LLLLTLLLAALFVLLAILILI	256.082	264.818	43.6652	46.1885	124.21	172
Reject	363	LLLLTLLLAALFVLLSILILI	LLLLTLLLAALFVLLSLLILI	256.082	256.615	43.6652	44.4768	124.21	172
Reject	364	LLLLTLLLAALFVLLSILILI	LLLLTVLLAALFVLLSILILI	256.082	262.588	43.6652	50.8209	124.21	172
Reject	365	LLLLTLLLAALFVLLSILILI	LLLLTLLLSALFVLLSILILI	256.082	261.331	43.6652	47.6458	124.21	172
Reject	366	LLLLTLLLAALFVLLSILILI	LLLLTLLLALLFVLLSILILI	256.082	257.971	43.6652	41.3623	124.21	172
Reject	367	LLLLTLLLAALFVLLSILILI	LLLLTLLLSALFVLLSILILI	256.082	261.331	43.6652	47.6458	124.21	172
Reject	368	LLLLTLLLAALFVLLSILILI	LLLLTLLLAVLFVLLSILILI	256.082	258.16	43.6652	44.4145	113.638	172
Reject	369	LLLLTLLLAALFVLLSILILI	LLLLTLLLAALFVLLAILILI	256.082	264.818	43.6652	46.1885	113.638	172
Reject	370	LLLLTLLLAALFVLLSILILI	LLLLTLLLAALFLLLSILILI	256.082	260.966	43.6652	44.7165	113.638	172
Reject	371	LLLLTLLLAALFVLLSILILI	LLLLTLLLAALYVLLSILILI	256.082	261.392	43.6652	47.7687	113.638	172
Reject	372	LLLLTLLLAALFVLLSILILI	LLLLTVLLAALFVLLSILILI	256.082	262.588	43.6652	50.8209	113.638	172
Reject	373	LLLLTLLLAALFVLLSILILI	LLLLTLLLSALFVLLSILILI	256.082	261.331	43.6652	47.6458	113.638	172
Reject	374	LLLLTLLLAALFVLLSILILI	LLLLTLLLAVLFVLLSILILI	256.082	258.16	43.6652	44.4145	103.966	172
Reject	375	LLLLTLLLAALFVLLSILILI	LLLLALLLAALFVLLSILILI	256.082	257.999	43.6652	45.5917	103.966	172
Reject	376	LLLLTLLLAALFVLLSILILI	LLLLTLLLAALFLLLSILILI	256.082	260.12	43.6652	44.7165	103.966	172
Reject	377	LLLLTLLLAALFVLLSILILI	LLLLTLLLALLFVLLSILILI	256.082	257.971	43.6652	41.3623	103.966	172
Reject	378	LLLLTLLLAALFVLLSILILI	LLLLTLLLSALFVLLSILILI	256.082	261.331	43.6652	47.6458	103.966	172
Reject	379	LLLLTLLLAALFVLLSILILI	LLLLTVLLAALFVLLSILILI	256.082	262.588	43.6652	50.8209	103.966	172
Reject	380	LLLLTLLLAALFVLLSILILI	LLLLTLLLAALFVLLSLLILI	256.082	256.615	43.6652	44.4768	95.1175	172
Reject	381	LLLLTLLLAALFVLLSILILI	LLLLTLLLAALYVLLSILILI	256.082	261.392	43.6652	47.7687	95.1175	172
Reject	382	LLLLTLLLAALFVLLSILILI	LLLLTLLLAALFVLLAILILI	256.082	264.818	43.6652	46.1885	95.1175	172
Reject	383	LLLLTLLLAALFVLLSILILI	LLLLTLLLAALFVLLAILILI	256.082	264.818	43.6652	46.1885	95.1175	172
Reject	384	LLLLTLLLAALFVLLSILILI	LLLLTVLLAALFVLLSILILI	256.082	262.588	43.6652	50.8209	95.1175	172
Reject	385	LLLLTLLLAALFVLLSILILI	LLLLTLLLAALFVLLSLLILI	256.082	256.615	43.6652	44.4768	95.1175	172
Reject	386	LLLLTLLLAALFVLLSILILI	LLLLALLLAALFVLLSILILI	256.082	257.999	43.6652	45.5917	87.0218	172
Reject	387	LLLLTLLLAALFVLLSILILI	LLLLTLLLSALFVLLSILILI	256.082	261.331	43.6652	47.6458	87.0218	172
Reject	388	LLLLTLLLAALFVLLSILILI	LLLLTVLLAALFVLLSILILI	256.082	262.588	43.6652	50.8209	87.0218	172
Reject	389	LLLLTLLLAALFVLLSILILI	LLLLTLLLAALFVLLSLLILI	256.082	256.615	43.6652	44.4768	87.0218	172
Reject	390	LLLLTLLLAALFVLLSILILI	LLLLTLLLAALFVLLSLLILI	256.082	256.615	43.6652	44.4768	87.0218	172
Reject	391	LLLLTLLLAALFVLLSILILI	LLLLTVLLAALFVLLSILILI	256.082	262.588	43.6652	50.8209	87.0218	172
Reject	392	LLLLTLLLAALFVLLSILILI	LLLLTVLLAALFVLLSILILI	256.082	262.588	43.6652	50.8209	79.6152	172
Reject	393	LLLLTLLLAALFVLLSILILI	LLLLTLLLAALFLLLSILILI	256.082	260.966	43.6652	44.7165	79.6152	172
Reject	394	LLLLTLLLAALFVLLSILILI	LLLLTLLLSALFVLLSILILI	256.082	261.331	43.6652	47.6458	79.6152	172
Reject	395	LLLLTLLLAALFVLLSILILI	LLLLTLLLAALYVLLSILILI	256.082	261.392	43.6652	47.7687	79.6152	172
Reject	396	LLLLTLLLAALFVLLSILILI	LLLLTLLLAALFLLLSILILI	256.082	260.12	43.6652	44.7165	79.6152	172
Reject	397	LLLLTLLLAALFVLLSILILI	LLLLTVLLAALFVLLSILILI	256.082	262.588	43.6652	50.8209	79.6152	172
Reject	398	LLLLTLLLAALFVLLSILILI	LLLLALLLAALFVLLSILILI	256.082	257.999	43.6652	45.5917	72.839	172
Reject	399	LLLLTLLLAALFVLLSILILI	LLLLTVLLAALFVLLSILILI	256.082	262.588	43.6652	50.8209	72.839	172
Reject	400	LLLLTLLLAALFVLLSILILI	LLLLTLLLAALYVLLSILILI	256.082	261.392	43.6652	47.7687	72.839	172
Reject	401	LLLLTLLLAALFVLLSILILI	LLLLTLLLAALYVLLSILILI	256.082	261.392	43.6652	47.7687	72.839	172
Reject	402	LLLLTLLLAALFVLLSILILI	LLLLTLLLAALFVLLAILILI	256.082	264.818	43.6652	46.1885	72.839	172
Reject	403	LLLLTLLLAALFVLLSILILI	LLLLTLLLSALFVLLSILILI	256.082	261.331	43.6652	47.6458	72.839	172
Reject	404	LLLLTLLLAALFVLLSILILI	LLLLTLLLAALFLLLSILILI	256.082	260.966	43.6652	44.7165	66.6396	172
Reject	405	LLLLTLLLAALFVLLSILILI	LLLLTVLLAALFVLLSILILI	256.082	262.588	43.6652	50.8209	66.6396	172
Reject	406	LLLLTLLLAALFVLLSILILI	LLLLTLLLAALFVLLSLLILI	256.082	256.615	43.6652	44.4768	66.6396	172
Reject	407	LLLLTLLLAALFVLLSILILI	LLLLTLLLALLFVLLSILILI	256.082	257.971	43.6652	41.3623	66.6396	172
Reject	408	LLLLTLLLAALFVLLSILILI	LLLLTLLLSALFVLLSILILI	256.082	261.331	43.6652	47.6458	66.6396	172
Reject	409	LLLLTLLLAALFVLLSILILI	LLLLTVLLAALFVLLSILILI	256.082	262.588	43.6652	50.8209	66.6396	172
Reject	410	LLLLTLLLAALFVLLSILILI	LLLLTLLLAALFLLLSILILI	256.082	260.12	43.6652	44.7165	60.9677	172
Reject	411	LLLLTLLLAALFVLLSILILI	LLLLTLLLAALFVLLSLLILI	256.082	256.615	43.6652	44.4768	60.9677	172
Reject	412	LLLLTLLLAALFVLLSILILI	LLLLTLLLAALFVLLAILILI	256.082	264.818	43.6652	46.1885	60.9677	172
Reject	413	LLLLTLLLAALFVLLSILILI	LLLLTLLLAALFLLLSILILI	256.082	260.12	43.6652	44.7165	60.9677	172
Reject	414	LLLLTLLLAALFVLLSILILI	LLLLTLLLSALFVLLSILILI	256.082	261.331	43.6652	47.6458	60.9677	172
Reject	415	LLLLTLLLAALFVLLSILILI	LLLLTLLLALLFVLLSILILI	256.082	257.971	43.6652	41.3623	60.9677	172
Reject	416	LLLLTLLLAALFVLLSILILI	LLLLALLLAALFVLLSILILI	256.082	257.999	43.6652	45.5917	55.7787	172
Reject	417	LLLLTLLLAALFVLLSILILI	LLLLALLLAALFVLLSILILI	256.082	257.999	43.6652	45.5917	55.7787	172
Reject	418	LLLLTLLLAALFVLLSILILI	LLLLTLLLAALFVLLSLLILI	256.082	256.615	43.6652	44.4768	55.7787	172
Reject	419	LLLLTLLLAALFVLLSILILI	LLLLTLLLSALFVLLSILILI	256.082	261.331	43.6652	47.6458	55.7787	172
Reject	420	LLLLTLLLAALFVLLSILILI	LLLLTLLLAALFLLLSILILI	256.082	260.12	43.6652	44.7165	55.7787	172
Reject	421	LLLLTLLLAALFVLLSILILI	LLLLTLLLAALFLLLSILILI	256.082	260.12	43.6652	44.7165	55.7787	172
Reject	422	LLLLTLLLAALFVLLSILILI	LLLLTLLLAALYVLLSILILI	256.082	261.392	43.6652	47.7687	51.0312	172
Reject	423	LLLLTLLLAALFVLLSILILI	LLLLTVLLAALFVLLSILILI	256.082	262.588	43.6652	50.8209	51.0312	172
Reject	424	LLLLTLLLAALFVLLSILILI	LLLLTLLLAALFVLLAILILI	256.082	264.818	43.6652	46.1885	51.0312	172
Reject	425	LLLLTLLLAALFVLLSILILI	LLLLTLLLAALFVLLAILILI	256.082	264.818	43.6652	46.1885	51.0312	172
Reject	426	LLLLTLLLAALFVLLSILILI	LLLLTLLLAALFLLLSILILI	256.082	260.12	43.6652	44.7165	51.0312	172
Reject	427	LLLLTLLLAALFVLLSILILI	LLLLTLLLAALFLLLSILILI	256.082	260.966	43.6652	44.7165	51.0312	172
Reject	428	LLLLTLLLAALFVLLSILILI	LLLLTLLLAALFLLLSILILI	256.082	260.966	43.6652	44.7165	46.6879	172
Reject	429	LLLLTLLLAALFVLLSILILI	LLLLTLLLAALFVLLAILILI	256.082	264.818	43.6652	46.1885	46.6879	172
Reject	430	LLLLTLLLAALFVLLSILILI	LLLLTLLLALLFVLLSILILI	256.082	257.971	43.6652	41.3623	46.6879	172
Reject	431	LLLLTLLLAALFVLLSILILI	LLLLTLLLAALFVLLAILILI	256.082	264.818	43.6652	46.1885	46.6879	172
Reject	432	LLLLTLLLAALFVLLSILILI	LLLLTLLLSALFVLLSILILI	256.082	261.331	43.6652	47.6458	46.6879	172
Reject	433	LLLLTLLLAALFVLLSILILI	LLLLTVLLAALFVLLSILILI	256.082	262.588	43.6652	50.8209	46.6879	172
Reject	434	LLLLTLLLAALFVLLSILILI	LLLLTVLLAALFVLLSILILI	256.082	262.588	43.6652	50.8209	42.7142	172
Reject	435	LLLLTLLLAALFVLLSILILI	LLLLTLLLAALFVLLAILILI	256.082	264.818	43.6652	46.1885	42.7142	172
Reject	436	LLLLTLLLAALFVLLSILILI	LLLLTLLLAALYVLLSILILI	256.082	261.392	43.6652	47.7687	42.7142	172
Reject	437	LLLLTLLLAALFVLLSILILI	LLLLTVLLAALFVLLSILILI	256.082	262.588	43.6652	50.8209	42.7142	172
Reject	438	LLLLTLLLAALFVLLSILILI	LLLLTLLLALLFVLLSILILI	256.082	257.971	43.6652	41.3623	42.7142	172
Reject	439	LLLLTLLLAALFVLLSILILI	LLLLTLLLAALFVLLAILILI	256.082	264.818	43.6652	46.1885	42.7142	172
Reject	440	LLLLTLLLAALFVLLSILILI	LLLLTLLLSALFVLLSILILI	256.082	261.331	43.6652	47.6458	39.0787	172
Reject	441	LLLLTLLLAALFVLLSILILI	LLLLALLLAALFVLLSILILI	256.082	257.999	43.6652	45.5917	39.0787	172
Reject	442	LLLLTLLLAALFVLLSILILI	LLLLALLLAALFVLLSILILI	256.082	257.999	43.6652	45.5917	39.0787	172
Reject	443	LLLLTLLLAALFVLLSILILI	LLLLTLLLAALYVLLSILILI	256.082	261.392	43.6652	47.7687	39.0787	172
Reject	444	LLLLTLLLAALFVLLSILILI	LLLLALLLAALFVLLSILILI	256.082	257.999	43.6652	45.5917	39.0787	172
Reject	445	LLLLTLLLAALFVLLSILILI	LLLLTLLLAALFVLLSLLILI	256.082	256.615	43.6652	44.4768	39.0787	172
Reject	446	LLLLTLLLAALFVLLSILILI	LLLLTLLLSALFVLLSILILI	256.082	261.331	43.6652	47.6458	35.7526	172
Reject	447	LLLLTLLLAALFVLLSILILI	LLLLTLLLAALFVLLAILILI	256.082	264.818	43.6652	46.1885	35.7526	172
Reject	448	LLLLTLLLAALFVLLSILILI	LLLLTLLLAALFLLLSILILI	256.082	260.966	43.6652	44.7165	35.7526	172
Reject	449	LLLLTLLLAALFVLLSILILI	LLLLTLLLSALFVLLSILILI	256.082	261.331	43.6652	47.6458	35.7526	172
Reject	450	LLLLTLLLAALFVLLSILILI	LLLLTLLLAALFVLLSLLILI	256.082	256.615	43.6652	44.4768	35.7526	172
Reject	451	LLLLTLLLAALFVLLSILILI	LLLLTLLLAALYVLLSILILI	256.082	261.392	43.6652	47.7687	35.7526	172
Reject	452	LLLLTLLLAALFVLLSILILI	LLLLTVLLAALFVLLSILILI	256.082	262.588	43.6652	50.8209	32.7096	172
Reject	453	LLLLTLLLAALFVLLSILILI	LLLLALLLAALFVLLSILILI	256.082	257.999	43.6652	45.5917	32.7096	172
Reject	454	LLLLTLLLAALFVLLSILILI	LLLLALLLAALFVLLSILILI	256.082	257.999	43.6652	45.5917	32.7096	172
Reject	455	LLLLTLLLAALFVLLSILILI	LLLLTLLLSALFVLLSILILI	256.082	261.331	43.6652	47.6458	32.7096	172
Reject	456	LLLLTLLLAALFVLLSILILI	LLLLTLLLAALYVLLSILILI	256.082	261.392	43.6652	47.7687	32.7096	172
Reject	457	LLLLTLLLAALFVLLSILILI	LLLLTLLLALLFVLLSILILI	256.082	257.971	43.6652	41.3623	32.7096	172
Reject	458	LLLLTLLLAALFVLLSILILI	LLLLTLLLAALYVLLSILILI	256.082	261.392	43.6652	47.7687	29.9257	172
Reject	459	LLLLTLLLAALFVLLSILILI	LLLLTLLLSALFVLLSILILI	256.082	261.331	43.6652	47.6458	29.9257	172
Reject	460	LLLLTLLLAALFVLLSILILI	LLLLTLLLAALFLLLSILILI	256.082	260.966	43.6652	44.7165	29.9257	172
Reject	461	LLLLTLLLAALFVLLSILILI	LLLLTLLLAALFVLLAILILI	256.082	264.818	43.6652	46.1885	29.9257	172
Reject	462	LLLLTLLLAALFVLLSILILI	LLLLTLLLAALYVLLSILILI	256.082	261.392	43.6652	47.7687	29.9257	172
Reject	463	LLLLTLLLAALFVLLSILILI	LLLLTLLLAALFLLLSILILI	256.082	260.966	43.6652	44.7165	29.9257	172
Reject	464	LLLLTLLLAALFVLLSILILI	LLLLALLLAALFVLLSILILI	256.082	257.999	43.6652	45.5917	27.3786	172
Reject	465	LLLLTLLLAALFVLLSILILI	LLLLTLLLAALYVLLSILILI	256.082	261.392	43.6652	47.7687	27.3786	172
Reject	466	LLLLTLLLAALFVLLSILILI	LLLLTVLLAALFVLLSILILI	256.082	262.588	43.6652	50.8209	27.3786	172
Reject	467	LLLLTLLLAALFVLLSILILI	LLLLTVLLAALFVLLSILILI	256.082	262.588	43.6652	50.8209	27.3786	172
Reject	468	LLLLTLLLAALFVLLSILILI	LLLLTLLLAALFVLLSLLILI	256.082	256.615	43.6652	44.4768	27.3786	172
Reject	469	LLLLTLLLAALFVLLSILILI	LLLLTLLLAALYVLLSILILI	256.082	261.392	43.6652	47.7687	27.3786	172
Reject	470	LLLLTLLLAALFVLLSILILI	LLLLTLLLAALYVLLSILILI	256.082	261.392	43.6652	47.7687	25.0484	172
Reject	471	LLLLTLLLAALFVLLSILILI	LLLLTLLLAALFVLLAILILI	256.082	264.818	43.6652	46.1885	25.0484	172
Reject	472	LLLLTLLLAALFVLLSILILI	LLLLTLLLAALFLLLSILILI	256.082	260.12	43.6652	44.7165	25.0484	172
Reject	473	LLLLTLLLAALFVLLSILILI	LLLLTLLLAALYVLLSILILI	256.082	261.392	43.6652	47.7687	25.0484	172
Reject	474	LLLLTLLLAALFVLLSILILI	LLLLALLLAALFVLLSILILI	256.082	257.999	43.6652	45.5917	25.0484	172
Reject	475	LLLLTLLLAALFVLLSILILI	LLLLTVLLAALFVLLSILILI	256.082	262.588	43.6652	50.8209	25.0484	172
Reject	476	LLLLTLLLAALFVLLSILILI	LLLLTVLLAALFVLLSILILI	256.082	262.588	43.6652	50.8209	22.9165	172
Reject	477	LLLLTLLLAALFVLLSILILI	LLLLTLLLALLFVLLSILILI	256.082	257.971	43.6652	41.3623	22.9165	172
Reject	478	LLLLTLLLAALFVLLSILILI	LLLLALLLAALFVLLSILILI	256.082	257.999	43.6652	45.5917	22.9165	172
Reject	479	LLLLTLLLAALFVLLSILILI	LLLLTLLLALLFVLLSILILI	256.082	257.971	43.6652	41.3623	22.9165	172
Reject	480	LLLLTLLLAALFVLLSILILI	LLLLTLLLSALFVLLSILILI	256.082	261.331	43.6652	47.6458	22.9165	172
Reject	481	LLLLTLLLAALFVLLSILILI	LLLLTLLLAALFVLLAILILI	256.082	264.818	43.6652	46.1885	22.9165	172
Reject	482	LLLLTLLLAALFVLLSILILI	LLLLTLLLSALFVLLSILILI	256.082	261.331	43.6652	47.6458	20.966	172
Reject	483	LLLLTLLLAALFVLLSILILI	LLLLALLLAALFVLLSILILI	256.082	257.999	43.6652	45.5917	20.966	172
Reject	484	LLLLTLLLAALFVLLSILILI	LLLLTLLLAALFVLLAILILI	256.082	264.818	43.6652	46.1885	20.966	172
Reject	485	LLLLTLLLAALFVLLSILILI	LLLLTVLLAALFVLLSILILI	256.082	262.588	43.6652	50.8209	20.966	172
Reject	486	LLLLTLLLAALFVLLSILILI	LLLLTLLLALLFVLLSILILI	256.082	257.971	43.6652	41.3623	20.966	172
Reject	487	LLLLTLLLAALFVLLSILILI	LLLLALLLAALFVLLSILILI	256.082	257.999	43.6652	45.5917	20.966	172
Reject	488	LLLLTLLLAALFVLLSILILI	LLLLTLLLAALFVLLSLLILI	256.082	256.615	43.6652	44.4768	19.1815	172
Reject	489	LLLLTLLLAALFVLLSILILI	LLLLTLLLAALFLLLSILILI	256.082	260.12	43.6652	44.7165	19.1815	172
Reject	490	LLLLTLLLAALFVLLSILILI	LLLLTVLLAALFVLLSILILI	256.082	262.588	43.6652	50.8209	19.1815	172
Reject	491	LLLLTLLLAALFVLLSILILI	LLLLTLLLAALFVLLAILILI	256.082	264.818	43.6652	46.1885	19.1815	172
Reject	492	LLLLTLLLAALFVLLSILILI	LLLLTLLLAALFVLLAILILI	256.082	264.818	43.6652	46.1885	19.1815	172
Reject	493	LLLLTLLLAALFVLLSILILI	LLLLTLLLALLFVLLSILILI	256.082	257.971	43.6652	41.3623	19.1815	172
Reject	494	LLLLTLLLAALFVLLSILILI	LLLLALLLAALFVLLSILILI	256.082	257.999	43.6652	45.5917	17.549	172
Reject	495	LLLLTLLLAALFVLLSILILI	LLLLALLLAALFVLLSILILI	256.082	257.999	43.6652	45.5917	17.549	172
Reject	496	LLLLTLLLAALFVLLSILILI	LLLLTLLLAALFVLLAILILI	256.082	264.818	43.6652	46.1885	17.549	172
Reject	497	LLLLTLLLAALFVLLSILILI	LLLLTLLLAALYVLLSILILI	256.082	261.392	43.6652	47.7687	17.549	172
Reject	498	LLLLTLLLAALFVLLSILILI	LLLLALLLAALFVLLSILILI	256.082	257.999	43.6652	45.5917	17.549	172
Reject	499	LLLLTLLLAALFVLLSILILI	LLLLTLLLSALFVLLSILILI	256.082	261.331	43.6652	47.6458	17.549	172
Reject	500	LLLLTLLLAALFVLLSILILI	LLLLTLLLSALFVLLSILILI	256.082	261.331	43.6652	47.6458	16.0553	172
Reject	501	LLLLTLLLAALFVLLSILILI	LLLLTLLLAALFVLLAILILI	256.082	264.818	43.6652	46.1885	16.0553	172
Reject	502	LLLLTLLLAALFVLLSILILI	LLLLTLLLSALFVLLSILILI	256.082	261.331	43.6652	47.6458	16.0553	172
Reject	503	LLLLTLLLAALFVLLSILILI	LLLLTLLLAALFVLLAILILI	256.082	264.818	43.6652	46.1885	16.0553	172
Reject	504	LLLLTLLLAALFVLLSILILI	LLLLTLLLSALFVLLSILILI	256.082	261.331	43.6652	47.6458	16.0553	172
Reject	505	LLLLTLLLAALFVLLSILILI	LLLLTLLLAALFVLLAILILI	256.082	264.818	43.6652	46.1885	16.0553	172
Reject	506	LLLLTLLLAALFVLLSILILI	LLLLTLLLAALFVLLAILILI	256.082	264.818	43.6652	46.1885	14.6888	172
Reject	507	LLLLTLLLAALFVLLSILILI	LLLLTLLLAALFVLLSLLILI	256.082	256.615	43.6652	44.4768	14.6888	172
Reject	508	LLLLTLLLAALFVLLSILILI	LLLLTLLLAALFVLLSLLILI	256.082	256.615	43.6652	44.4768	14.6888	172
Reject	509	LLLLTLLLAALFVLLSILILI	LLLLTLLLAALFLLLSILILI	256.082	260.12	43.6652	44.7165	14.6888	172
Reject	510	LLLLTLLLAALFVLLSILILI	LLLLTLLLALLFVLLSILILI	256.082	257.971	43.6652	41.3623	14.6888	172
Reject	511	LLLLTLLLAALFVLLSILILI	LLLLTVLLAALFVLLSILILI	256.082	262.588	43.6652	50.8209	14.6888	172
Reject	512	LLLLTLLLAALFVLLSILILI	LLLLTLLLAALFLLLSILILI	256.082	260.12	43.6652	44.7165	13.4386	172
Reject	513	LLLLTLLLAALFVLLSILILI	LLLLTLLLSALFVLLSILILI	256.082	261.331	43.6652	47.6458	13.4386	172
Reject	514	LLLLTLLLAALFVLLSILILI	LLLLTLLLAALFLLLSILILI	256.082	260.12	43.6652	44.7165	13.4386	172
Reject	515	LLLLTLLLAALFVLLSILILI	LLLLTLLLALLFVLLSILILI	256.082	257.971	43.6652	41.3623	13.4386	172
Reject	516	LLLLTLLLAALFVLLSILILI	LLLLTLLLAALFVLLSLLILI	256.082	256.615	43.6652	44.4768	13.4386	172
Reject	517	LLLLTLLLAALFVLLSILILI	LLLLTLLLAALFLLLSILILI	256.082	260.966	43.6652	44.7165	13.4386	172
Reject	518	LLLLTLLLAALFVLLSILILI	LLLLTLLLAALYVLLSILILI	256.082	261.392	43.6652	47.7687	12.2949	172
Reject	519	LLLLTLLLAALFVLLSILILI	LLLLTLLLALLFVLLSILILI	256.082	257.971	43.6652	41.3623	12.2949	172
Reject	520	LLLLTLLLAALFVLLSILILI	LLLLTLLLALLFVLLSILILI	256.082	257.971	43.6652	41.3623	12.2949	172
Reject	521	LLLLTLLLAALFVLLSILILI	LLLLTLLLAALYVLLSILILI	256.082	261.392	43.6652	47.7687	12.2949	172
Reject	522	LLLLTLLLAALFVLLSILILI	LLLLTLLLAALFLLLSILILI	256.082	260.966	43.6652	44.7165	12.2949	172
Reject	523	LLLLTLLLAALFVLLSILILI	LLLLTVLLAALFVLLSILILI	256.082	262.588	43.6652	50.8209	12.2949	172
Reject	524	LLLLTLLLAALFVLLSILILI	LLLLTLLLAALYVLLSILILI	256.082	261.392	43.6652	47.7687	11.2484	172
Reject	525	LLLLTLLLAALFVLLSILILI	LLLLTLLLSALFVLLSILILI	256.082	261.331	43.6652	47.6458	11.2484	172
Reject	526	LLLLTLLLAALFVLLSILILI	LLLLTLLLALLFVLLSILILI	256.082	257.971	43.6652	41.3623	11.2484	172
Reject	527	LLLLTLLLAALFVLLSILILI	LLLLTLLLALLFVLLSILILI	256.082	257.971	43.6652	41.3623	11.2484	172
Reject	528	LLLLTLLLAALFVLLSILILI	LLLLTLLLSALFVLLSILILI	256.082	261.331	43.6652	47.6458	11.2484	172
Reject	529	LLLLTLLLAALFVLLSILILI	LLLLTLLLALLFVLLSILILI	256.082	257.971	43.6652	41.3623	11.2484	172
Reject	530	LLLLTLLLAALFVLLSILILI	LLLLTLLLALLFVLLSILILI	256.082	257.971	43.6652	41.3623	10.291	172
Reject	531	LLLLTLLLAALFVLLSILILI	LLLLTLLLAALFVLLAILILI	256.082	264.818	43.6652	46.1885	10.291	172
Reject	532	LLLLTLLLAALFVLLSILILI	LLLLTLLLAALFVLLSLLILI	256.082	256.615	43.6652	44.4768	10.291	172
Reject	533	LLLLTLLLAALFVLLSILILI	LLLLTLLLAALFLLLSILILI	256.082	260.966	43.6652	44.7165	10.291	172
Reject	534	LLLLTLLLAALFVLLSILILI	LLLLTLLLAALFVLLSLLILI	256.082	256.615	43.6652	44.4768	10.291	172
Reject	535	LLLLTLLLAALFVLLSILILI	LLLLTLLLAALFLLLSILILI	256.082	260.966	43.6652	44.7165	10.291	172
Reject	536	LLLLTLLLAALFVLLSILILI	LLLLTLLLAALFVLLAILILI	256.082	264.818	43.6652	46.1885	9.41515	172
Reject	537	LLLLTLLLAALFVLLSILILI	LLLLTLLLAALFLLLSILILI	256.082	260.12	43.6652	44.7165	9.41515	172
Reject	538	LLLLTLLLAALFVLLSILILI	LLLLTLLLAALYVLLSILILI	256.082	261.392	43.6652	47.7687	9.41515	172
Reject	539	LLLLTLLLAALFVLLSILILI	LLLLTLLLAALFLLLSILILI	256.082	260.12	43.6652	44.7165	9.41515	172
Reject	540	LLLLTLLLAALFVLLSILILI	LLLLTVLLAALFVLLSILILI	256.082	262.588	43.6652	50.8209	9.41515	172
Reject	541	LLLLTLLLAALFVLLSILILI	LLLLTLLLAALFVLLSLLILI	256.082	256.615	43.6652	44.4768	9.41515	172
Reject	542	LLLLTLLLAALFVLLSILILI	LLLLTVLLAALFVLLSILILI	256.082	262.588	43.6652	50.8209	8.61381	172
Reject	543	LLLLTLLLAALFVLLSILILI	LLLLTLLLAALFVLLSLLILI	256.082	256.615	43.6652	44.4768	8.61381	172
Reject	544	LLLLTLLLAALFVLLSILILI	LLLLTLLLAALYVLLSILILI	256.082	261.392	43.6652	47.7687	8.61381	172
Reject	545	LLLLTLLLAALFVLLSILILI	LLLLTVLLAALFVLLSILILI	256.082	262.588	43.6652	50.8209	8.61381	172
Reject	546	LLLLTLLLAALFVLLSILILI	LLLLALLLAALFVLLSILILI	256.082	257.999	43.6652	45.5917	8.61381	172
Reject	547	LLLLTLLLAALFVLLSILILI	LLLLTVLLAALFVLLSILILI	256.082	262.588	43.6652	50.8209	8.61381	172
Reject	548	LLLLTLLLAALFVLLSILILI	LLLLTLLLALLFVLLSILILI	256.082	257.971	43.6652	41.3623	7.88067	172
Reject	549	LLLLTLLLAALFVLLSILILI	LLLLALLLAALFVLLSILILI	256.082	257.999	43.6652	45.5917	7.88067	172
Reject	550	LLLLTLLLAALFVLLSILILI	LLLLTLLLSALFVLLSILILI	256.082	261.331	43.6652	47.6458	7.88067	172
Reject	551	LLLLTLLLAALFVLLSILILI	LLLLTLLLALLFVLLSILILI	256.082	257.971	43.6652	41.3623	7.88067	172
Reject	552	LLLLTLLLAALFVLLSILILI	LLLLTLLLSALFVLLSILILI	256.082	261.331	43.6652	47.6458	7.88067	172
Reject	553	LLLLTLLLAALFVLLSILILI	LLLLTLLLAALYVLLSILILI	256.082	261.392	43.6652	47.7687	7.88067	172
Reject	554	LLLLTLLLAALFVLLSILILI	LLLLTLLLAALFVLLSLLILI	256.082	256.615	43.6652	44.4768	7.20993	172
Reject	555	LLLLTLLLAALFVLLSILILI	LLLLTLLLAALFVLLSLLILI	256.082	256.615	43.6652	44.4768	7.20993	172
Reject	556	LLLLTLLLAALFVLLSILILI	LLLLTLLLAALFVLLAILILI	256.082	264.818	43.6652	46.1885	7.20993	172
Reject	557	LLLLTLLLAALFVLLSILILI	LLLLTLLLAALFVLLAILILI	256.082	264.818	43.6652	46.1885	7.20993	172
Reject	558	LLLLTLLLAALFVLLSILILI	LLLLTLLLAALFVLLAILILI	256.082	264.818	43.6652	46.1885	7.20993	172
Reject	559	LLLLTLLLAALFVLLSILILI	LLLLTLLLAALFVLLSLLILI	256.082	256.615	43.6652	44.4768	7.20993	172
Reject	560	LLLLTLLLAALFVLLSILILI	LLLLTLLLAALFVLLSLLILI	256.082	256.615	43.6652	44.4768	6.59628	172
Reject	561	LLLLTLLLAALFVLLSILILI	LLLLTLLLAALFLLLSILILI	256.082	260.12	43.6652	44.7165	6.59628	172
Reject	562	LLLLTLLLAALFVLLSILILI	LLLLTLLLAALFLLLSILILI	256.082	260.966	43.6652	44.7165	6.59628	172
Reject	563	LLLLTLLLAALFVLLSILILI	LLLLTLLLAALFVLLAILILI	256.082	264.818	43.6652	46.1885	6.59628	172
Reject	564	LLLLTLLLAALFVLLSILILI	LLLLTLLLAALFVLLAILILI	256.082	264.818	43.6652	46.1885	6.59628	172
Reject	565	LLLLTLLLAALFVLLSILILI	LLLLTLLLAALFVLLAILILI	256.082	264.818	43.6652	46.1885	6.59628	172
Reject	566	LLLLTLLLAALFVLLSILILI	LLLLTLLLAALFLLLSILILI	256.082	260.12	43.6652	44.7165	6.03486	172
Reject	567	LLLLTLLLAALFVLLSILILI	LLLLTLLLALLFVLLSILILI	256.082	257.971	43.6652	41.3623	6.03486	172
Reject	568	LLLLTLLLAALFVLLSILILI	LLLLTLLLAALFVLLSLLILI	256.082	256.615	43.6652	44.4768	6.03486	172
Reject	569	LLLLTLLLAALFVLLSILILI	LLLLTLLLAALFLLLSILILI	256.082	260.966	43.6652	44.7165	6.03486	172
Reject	570	LLLLTLLLAALFVLLSILILI	LLLLTLLLAALFLLLSILILI	256.082	260.966	43.6652	44.7165	6.03486	172
Reject	571	LLLLTLLLAALFVLLSILILI	LLLLTVLLAALFVLLSILILI	256.082	262.588	43.6652	50.8209	6.03486	172
Reject	572	LLLLTLLLAALFVLLSILILI	LLLLTLLLAALFVLLSLLILI	256.082	256.615	43.6652	44.4768	5.52122	172
Reject	573	LLLLTLLLAALFVLLSILILI	LLLLTLLLAALFVLLAILILI	256.082	264.818	43.6652	46.1885	5.52122	172
Reject	574	LLLLTLLLAALFVLLSILILI	LLLLTLLLAALFVLLSLLILI	256.082	256.615	43.6652	44.4768	5.52122	172
Reject	575	LLLLTLLLAALFVLLSILILI	LLLLTLLLAALFVLLSLLILI	256.082	256.615	43.6652	44.4768	5.52122	172
Reject	576	LLLLTLLLAALFVLLSILILI	LLLLTLLLAALFVLLSLLILI	256.082	256.615	43.6652	44.4768	5.52122	172
Reject	577	LLLLTLLLAALFVLLSILILI	LLLLALLLAALFVLLSILILI	256.082	257.999	43.6652	45.5917	5.52122	172
Reject	578	LLLLTLLLAALFVLLSILILI	LLLLTLLLALLFVLLSILILI	256.082	257.971	43.6652	41.3623	5.0513	172
Reject	579	LLLLTLLLAALFVLLSILILI	LLLLALLLAALFVLLSILILI	256.082	257.999	43.6652	45.5917	5.0513	172
Reject	580	LLLLTLLLAALFVLLSILILI	LLLLTLLLAALYVLLSILILI	256.082	261.392	43.6652	47.7687	5.0513	172
Reject	581	LLLLTLLLAALFVLLSILILI	LLLLTLLLAALFVLLSLLILI	256.082	256.615	43.6652	44.4768	5.0513	172
Reject	582	LLLLTLLLAALFVLLSILILI	LLLLTLLLAALFVLLAILILI	256.082	264.818	43.6652	46.1885	5.0513	172
Reject	583	LLLLTLLLAALFVLLSILILI	LLLLTLLLAALFLLLSILILI	256.082	260.12	43.6652	44.7165	5.0513	172
Reject	584	LLLLTLLLAALFVLLSILILI	LLLLTLLLSALFVLLSILILI	256.082	261.331	43.6652	47.6458	4.62137	172
Reject	585	LLLLTLLLAALFVLLSILILI	LLLLTLLLAALFLLLSILILI	256.082	260.12	43.6652	44.7165	4.62137	172
Reject	586	LLLLTLLLAALFVLLSILILI	LLLLTLLLAALFVLLAILILI	256.082	264.818	43.6652	46.1885	4.62137	172
Reject	587	LLLLTLLLAALFVLLSILILI	LLLLTLLLALLFVLLSILILI	256.082	257.971	43.6652	41.3623	4.62137	172
Reject	588	LLLLTLLLAALFVLLSILILI	LLLLTVLLAALFVLLSILILI	256.082	262.588	43.6652	50.8209	4.62137	172
Reject	589	LLLLTLLLAALFVLLSILILI	LLLLTLLLAALFVLLSLLILI	256.082	256.615	43.6652	44.4768	4.62137	172
Reject	590	LLLLTLLLAALFVLLSILILI	LLLLTLLLAALFLLLSILILI	256.082	260.966	43.6652	44.7165	4.22804	172
Reject	591	LLLLTLLLAALFVLLSILILI	LLLLTLLLAALFVLLAILILI	256.082	264.818	43.6652	46.1885	4.22804	172
Reject	592	LLLLTLLLAALFVLLSILILI	LLLLTLLLAALYVLLSILILI	256.082	261.392	43.6652	47.7687	4.22804	172
Reject	593	LLLLTLLLAALFVLLSILILI	LLLLTLLLAALFVLLSLLILI	256.082	256.615	43.6652	44.4768	4.22804	172
Reject	594	LLLLTLLLAALFVLLSILILI	LLLLTVLLAALFVLLSILILI	256.082	262.588	43.6652	50.8209	4.22804	172
Reject	595	LLLLTLLLAALFVLLSILILI	LLLLTLLLAALFVLLSLLILI	256.082	256.615	43.6652	44.4768	4.22804	172
Reject	596	LLLLTLLLAALFVLLSILILI	LLLLTLLLAALFVLLSLLILI	256.082	256.615	43.6652	44.4768	3.86818	172
Reject	597	LLLLTLLLAALFVLLSILILI	LLLLTLLLAALFLLLSILILI	256.082	260.966	43.6652	44.7165	3.86818	172
Reject	598	LLLLTLLLAALFVLLSILILI	LLLLTLLLAALYVLLSILILI	256.082	261.392	43.6652	47.7687	3.86818	172
Reject	599	LLLLTLLLAALFVLLSILILI	LLLLTLLLALLFVLLSILILI	256.082	257.971	43.6652	41.3623	3.86818	172
Reject	600	LLLLTLLLAALFVLLSILILI	LLLLTLLLSALFVLLSILILI	256.082	261.331	43.6652	47.6458	3.86818	172
Reject	601	LLLLTLLLAALFVLLSILILI	LLLLTVLLAALFVLLSILILI	256.082	262.588	43.6652	50.8209	3.86818	172
Reject	602	LLLLTLLLAALFVLLSILILI	LLLLTLLLAALYVLLSILILI	256.082	261.392	43.6652	47.7687	3.53895	172
Reject	603	LLLLTLLLAALFVLLSILILI	LLLLALLLAALFVLLSILILI	256.082	257.999	43.6652	45.5917	3.53895	172
Reject	604	LLLLTLLLAALFVLLSILILI	LLLLTVLLAALFVLLSILILI	256.082	262.588	43.6652	50.8209	3.53895	172
Reject	605	LLLLTLLLAALFVLLSILILI	LLLLTLLLAALYVLLSILILI	256.082	261.392	43.6652	47.7687	3.53895	172
Reject	606	LLLLTLLLAALFVLLSILILI	LLLLTLLLSALFVLLSILILI	256.082	261.331	43.6652	47.6458	3.53895	172
Reject	607	LLLLTLLLAALFVLLSILILI	LLLLTLLLALLFVLLSILILI	256.082	257.971	43.6652	41.3623	3.53895	172
Reject	608	LLLLTLLLAALFVLLSILILI	LLLLALLLAALFVLLSILILI	256.082	257.999	43.6652	45.5917	3.23775	172
Reject	609	LLLLTLLLAALFVLLSILILI	LLLLTLLLAALFVLLAILILI	256.082	264.818	43.6652	46.1885	3.23775	172
Reject	610	LLLLTLLLAALFVLLSILILI	LLLLTLLLAALYVLLSILILI	256.082	261.392	43.6652	47.7687	3.23775	172
Reject	611	LLLLTLLLAALFVLLSILILI	LLLLTLLLAALFVLLAILILI	256.082	264.818	43.6652	46.1885	3.23775	172
Reject	612	LLLLTLLLAALFVLLSILILI	LLLLALLLAALFVLLSILILI	256.082	257.999	43.6652	45.5917	3.23775	172
Reject	613	LLLLTLLLAALFVLLSILILI	LLLLTVLLAALFVLLSILILI	256.082	262.588	43.6652	50.8209	3.23775	172
Reject	614	LLLLTLLLAALFVLLSILILI	LLLLALLLAALFVLLSILILI	256.082	257.999	43.6652	45.5917	2.96218	172
Reject	615	LLLLTLLLAALFVLLSILILI	LLLLTLLLAALFVLLSLLILI	256.082	256.615	43.6652	44.4768	2.96218	172
Reject	616	LLLLTLLLAALFVLLSILILI	LLLLTLLLAALFVLLAILILI	256.082	264.818	43.6652	46.1885	2.96218	172
Reject	617	LLLLTLLLAALFVLLSILILI	LLLLALLLAALFVLLSILILI	256.082	257.999	43.6652	45.5917	2.96218	172
Reject	618	LLLLTLLLAALFVLLSILILI	LLLLTLLLAALFLLLSILILI	256.082	260.966	43.6652	44.7165	2.96218	172
Reject	619	LLLLTLLLAALFVLLSILILI	LLLLTVLLAALFVLLSILILI	256.082	262.588	43.6652	50.8209	2.96218	172
Reject	620	LLLLTLLLAALFVLLSILILI	LLLLTLLLSALFVLLSILILI	256.082	261.331	43.6652	47.6458	2.71006	172
Reject	621	LLLLTLLLAALFVLLSILILI	LLLLALLLAALFVLLSILILI	256.082	257.999	43.6652	45.5917	2.71006	172
Reject	622	LLLLTLLLAALFVLLSILILI	LLLLTLLLALLFVLLSILILI	256.082	257.971	43.6652	41.3623	2.71006	172
Reject	623	LLLLTLLLAALFVLLSILILI	LLLLTLLLAALYVLLSILILI	256.082	261.392	43.6652	47.7687	2.71006	172
Reject	624	LLLLTLLLAALFVLLSILILI	LLLLTVLLAALFVLLSILILI	256.082	262.588	43.6652	50.8209	2.71006	172
Reject	625	LLLLTLLLAALFVLLSILILI	LLLLTVLLAALFVLLSILILI	256.082	262.588	43.6652	50.8209	2.71006	172
Reject	626	LLLLTLLLAALFVLLSILILI	LLLLTVLLAALFVLLSILILI	256.082	262.588	43.6652	50.8209	2.4794	172
Reject	627	LLLLTLLLAALFVLLSILILI	LLLLTLLLAALFVLLAILILI	256.082	264.818	43.6652	46.1885	2.4794	172
Reject	628	LLLLTLLLAALFVLLSILILI	LLLLTLLLAALYVLLSILILI	256.082	261.392	43.6652	47.7687	2.4794	172
Reject	629	LLLLTLLLAALFVLLSILILI	LLLLTLLLAALYVLLSILILI	256.082	261.392	43.6652	47.7687	2.4794	172
Reject	630	LLLLTLLLAALFVLLSILILI	LLLLTLLLAALFVLLSLLILI	256.082	256.615	43.6652	44.4768	2.4794	172
Reject	631	LLLLTLLLAALFVLLSILILI	LLLLTLLLSALFVLLSILILI	256.082	261.331	43.6652	47.6458	2.4794	172
Reject	632	LLLLTLLLAALFVLLSILILI	LLLLTVLLAALFVLLSILILI	256.082	262.588	43.6652	50.8209	2.26837	172
Reject	633	LLLLTLLLAALFVLLSILILI	LLLLTLLLAALFVLLSLLILI	256.082	256.615	43.6652	44.4768	2.26837	172
Reject	634	LLLLTLLLAALFVLLSILILI	LLLLTLLLAALYVLLSILILI	256.082	261.392	43.6652	47.7687	2.26837	172
Reject	635	LLLLTLLLAALFVLLSILILI	LLLLTLLLAALFVLLAILILI	256.082	264.818	43.6652	46.1885	2.26837	172
Reject	636	LLLLTLLLAALFVLLSILILI	LLLLTLLLAALFVLLSLLILI	256.082	256.615	43.6652	44.4768	2.26837	172
Reject	637	LLLLTLLLAALFVLLSILILI	LLLLTLLLALLFVLLSILILI	256.082	257.971	43.6652	41.3623	2.26837	172
Reject	638	LLLLTLLLAALFVLLSILILI	LLLLTLLLAALFLLLSILILI	256.082	261.797	43.6652	44.7165	2.07531	172
Reject	639	LLLLTLLLAALFVLLSILILI	LLLLTLLLAALYVLLSILILI	256.082	261.392	43.6652	47.7687	2.07531	172
Reject	640	LLLLTLLLAALFVLLSILILI	LLLLTLLLAALFVLLAILILI	256.082	264.818	43.6652	46.1885	2.07531	172
Reject	641	LLLLTLLLAALFVLLSILILI	LLLLTVLLAALFVLLSILILI	256.082	262.588	43.6652	50.8209	2.07531	172
Reject	642	LLLLTLLLAALFVLLSILILI	LLLLALLLAALFVLLSILILI	256.082	257.999	43.6652	45.5917	2.07531	172
Reject	643	LLLLTLLLAALFVLLSILILI	LLLLTLLLAALFVLLSLLILI	256.082	256.615	43.6652	44.4768	2.07531	172
Reject	644	LLLLTLLLAALFVLLSILILI	LLLLTLLLALLFVLLSILILI	256.082	257.971	43.6652	41.3623	1.89867	172
Reject	645	LLLLTLLLAALFVLLSILILI	LLLLTLLLAALYVLLSILILI	256.082	261.392	43.6652	47.7687	1.89867	172
Reject	646	LLLLTLLLAALFVLLSILILI	LLLLTLLLAALYVLLSILILI	256.082	261.392	43.6652	47.7687	1.89867	172
Reject	647	LLLLTLLLAALFVLLSILILI	LLLLTVLLAALFVLLSILILI	256.082	262.588	43.6652	50.8209	1.89867	172
Reject	648	LLLLTLLLAALFVLLSILILI	LLLLTLLLAALFVLLSLLILI	256.082	256.615	43.6652	44.4768	1.89867	172
Reject	649	LLLLTLLLAALFVLLSILILI	LLLLTLLLSALFVLLSILILI	256.082	261.331	43.6652	47.6458	1.89867	172
Reject	650	LLLLTLLLAALFVLLSILILI	LLLLTLLLSALFVLLSILILI	256.082	261.331	43.6652	47.6458	1.73707	172
Reject	651	LLLLTLLLAALFVLLSILILI	LLLLTLLLSALFVLLSILILI	256.082	261.331	43.6652	47.6458	1.73707	172
Reject	652	LLLLTLLLAALFVLLSILILI	LLLLTLLLAALFVLLAILILI	256.082	264.818	43.6652	46.1885	1.73707	172
Reject	653	LLLLTLLLAALFVLLSILILI	LLLLALLLAALFVLLSILILI	256.082	257.999	43.6652	45.5917	1.73707	172
Reject	654	LLLLTLLLAALFVLLSILILI	LLLLTLLLAALFVLLSLLILI	256.082	256.615	43.6652	44.4768	1.73707	172
Reject	655	LLLLTLLLAALFVLLSILILI	LLLLTLLLAALFVLLSLLILI	256.082	256.615	43.6652	44.4768	1.73707	172
Reject	656	LLLLTLLLAALFVLLSILILI	LLLLTVLLAALFVLLSILILI	256.082	262.588	43.6652	50.8209	1.58923	172
Reject	657	LLLLTLLLAALFVLLSILILI	LLLLTLLLAALFVLLSLLILI	256.082	256.615	43.6652	44.4768	1.58923	172
Reject	658	LLLLTLLLAALFVLLSILILI	LLLLTLLLAALFLLLSILILI	256.082	260.966	43.6652	44.7165	1.58923	172
Reject	659	LLLLTLLLAALFVLLSILILI	LLLLALLLAALFVLLSILILI	256.082	257.999	43.6652	45.5917	1.58923	172
Reject	660	LLLLTLLLAALFVLLSILILI	LLLLTLLLAALFLLLSILILI	256.082	260.12	43.6652	44.7165	1.58923	172
Reject	661	LLLLTLLLAALFVLLSILILI	LLLLTLLLAALYVLLSILILI	256.082	261.392	43.6652	47.7687	1.58923	172
Reject	662	LLLLTLLLAALFVLLSILILI	LLLLTLLLALLFVLLSILILI	256.082	257.971	43.6652	41.3623	1.45397	172
Reject	663	LLLLTLLLAALFVLLSILILI	LLLLTLLLALLFVLLSILILI	256.082	257.971	43.6652	41.3623	1.45397	172
Reject	664	LLLLTLLLAALFVLLSILILI	LLLLALLLAALFVLLSILILI	256.082	257.999	43.6652	45.5917	1.45397	172
Reject	665	LLLLTLLLAALFVLLSILILI	LLLLTVLLAALFVLLSILILI	256.082	262.588	43.6652	50.8209	1.45397	172
Reject	666	LLLLTLLLAALFVLLSILILI	LLLLTLLLAALYVLLSILILI	256.082	261.392	43.6652	47.7687	1.45397	172
Reject	667	LLLLTLLLAALFVLLSILILI	LLLLTLLLAALYVLLSILILI	256.082	261.392	43.6652	47.7687	1.45397	172
Reject	668	LLLLTLLLAALFVLLSILILI	LLLLTLLLAALYVLLSILILI	256.082	261.392	43.6652	47.7687	1.33022	172
Reject	669	LLLLTLLLAALFVLLSILILI	LLLLTVLLAALFVLLSILILI	256.082	262.588	43.6652	50.8209	1.33022	172
Reject	670	LLLLTLLLAALFVLLSILILI	LLLLTVLLAALFVLLSILILI	256.082	262.588	43.6652	50.8209	1.33022	172
Reject	671	LLLLTLLLAALFVLLSILILI	LLLLTLLLAALFLLLSILILI	256.082	260.966	43.6652	44.7165	1.33022	172
Reject	672	LLLLTLLLAALFVLLSILILI	LLLLTLLLSALFVLLSILILI	256.082	261.331	43.6652	47.6458	1.33022	172
Reject	673	LLLLTLLLAALFVLLSILILI	LLLLTLLLAALYVLLSILILI	256.082	261.392	43.6652	47.7687	1.33022	172
Reject	674	LLLLTLLLAALFVLLSILILI	LLLLALLLAALFVLLSILILI	256.082	257.999	43.6652	45.5917	1.217	172
Reject	675	LLLLTLLLAALFVLLSILILI	LLLLTLLLAALFVLLSLLILI	256.082	256.615	43.6652	44.4768	1.217	172
Reject	676	LLLLTLLLAALFVLLSILILI	LLLLTLLLSALFVLLSILILI	256.082	261.331	43.6652	47.6458	1.217	172
Reject	677	LLLLTLLLAALFVLLSILILI	LLLLTLLLAALFLLLSILILI	256.082	260.12	43.6652	44.7165	1.217	172
Reject	678	LLLLTLLLAALFVLLSILILI	LLLLTLLLAALFVLLSLLILI	256.082	256.615	43.6652	44.4768	1.217	172
Reject	679	LLLLTLLLAALFVLLSILILI	LLLLALLLAALFVLLSILILI	256.082	257.999	43.6652	45.5917	1.217	172
Reject	680	LLLLTLLLAALFVLLSILILI	LLLLTLLLAALFVLLAILILI	256.082	264.818	43.6652	46.1885	1.11342	172
Reject	681	LLLLTLLLAALFVLLSILILI	LLLLTLLLALLFVLLSILILI	256.082	257.971	43.6652	41.3623	1.11342	172
Reject	682	LLLLTLLLAALFVLLSILILI	LLLLTLLLAALFVLLAILILI	256.082	264.818	43.6652	46.1885	1.11342	172
Reject	683	LLLLTLLLAALFVLLSILILI	LLLLTVLLAALFVLLSILILI	256.082	262.588	43.6652	50.8209	1.11342	172
Reject	684	LLLLTLLLAALFVLLSILILI	LLLLTLLLALLFVLLSILILI	256.082	257.971	43.6652	41.3623	1.11342	172
Reject	685	LLLLTLLLAALFVLLSILILI	LLLLTVLLAALFVLLSILILI	256.082	262.588	43.6652	50.8209	1.11342	172
Reject	686	LLLLTLLLAALFVLLSILILI	LLLLALLLAALFVLLSILILI	256.082	257.999	43.6652	45.5917	1.01865	172
Reject	687	LLLLTLLLAALFVLLSILILI	LLLLTLLLAALFLLLSILILI	256.082	260.966	43.6652	44.7165	1.01865	172
Reject	688	LLLLTLLLAALFVLLSILILI	LLLLTLLLSALFVLLSILILI	256.082	261.331	43.6652	47.6458	1.01865	172
Reject	689	LLLLTLLLAALFVLLSILILI	LLLLTLLLAALFVLLSLLILI	256.082	256.615	43.6652	44.4768	1.01865	172
Reject	690	LLLLTLLLAALFVLLSILILI	LLLLTLLLAALFVLLAILILI	256.082	264.818	43.6652	46.1885	1.01865	172
Reject	691	LLLLTLLLAALFVLLSILILI	LLLLTLLLAALFVLLSLLILI	256.082	256.615	43.6652	44.4768	1.01865	172
Reject	692	LLLLTLLLAALFVLLSILILI	LLLLTLLLSALFVLLSILILI	256.082	261.331	43.6652	47.6458	0.931954	172
Reject	693	LLLLTLLLAALFVLLSILILI	LLLLTLLLAALFVLLSLLILI	256.082	256.615	43.6652	44.4768	0.931954	172
Reject	694	LLLLTLLLAALFVLLSILILI	LLLLTLLLALLFVLLSILILI	256.082	257.971	43.6652	41.3623	0.931954	172
Reject	695	LLLLTLLLAALFVLLSILILI	LLLLTLLLALLFVLLSILILI	256.082	257.971	43.6652	41.3623	0.931954	172
Reject	696	LLLLTLLLAALFVLLSILILI	LLLLTVLLAALFVLLSILILI	256.082	262.588	43.6652	50.8209	0.931954	172
Reject	697	LLLLTLLLAALFVLLSILILI	LLLLTVLLAALFVLLSILILI	256.082	262.588	43.6652	50.8209	0.931954	172
Reject	698	LLLLTLLLAALFVLLSILILI	LLLLTLLLALLFVLLSILILI	256.082	257.971	43.6652	41.3623	0.852633	172
Reject	699	LLLLTLLLAALFVLLSILILI	LLLLTLLLAALFLLLSILILI	256.082	260.12	43.6652	44.7165	0.852633	172
Reject	700	LLLLTLLLAALFVLLSILILI	LLLLTLLLAALFLLLSILILI	256.082	260.966	43.6652	44.7165	0.852633	172
Reject	701	LLLLTLLLAALFVLLSILILI	LLLLTLLLAALFLLLSILILI	256.082	260.966	43.6652	44.7165	0.852633	172
Reject	702	LLLLTLLLAALFVLLSILILI	LLLLTLLLAALFLLLSILILI	256.082	260.966	43.6652	44.7165	0.852633	172
Reject	703	LLLLTLLLAALFVLLSILILI	LLLLALLLAALFVLLSILILI	256.082	257.999	43.6652	45.5917	0.852633	172
Reject	704	LLLLTLLLAALFVLLSILILI	LLLLTVLLAALFVLLSILILI	256.082	262.588	43.6652	50.8209	0.780064	172
Reject	705	LLLLTLLLAALFVLLSILILI	LLLLTLLLAALFVLLAILILI	256.082	264.818	43.6652	46.1885	0.780064	172
Reject	706	LLLLTLLLAALFVLLSILILI	LLLLTLLLAALFVLLAILILI	256.082	264.818	43.6652	46.1885	0.780064	172
Reject	707	LLLLTLLLAALFVLLSILILI	LLLLTLLLAALFVLLAILILI	256.082	264.818	43.6652	46.1885	0.780064	172
Reject	708	LLLLTLLLAALFVLLSILILI	LLLLALLLAALFVLLSILILI	256.082	257.999	43.6652	45.5917	0.780064	172
Reject	709	LLLLTLLLAALFVLLSILILI	LLLLALLLAALFVLLSILILI	256.082	257.999	43.6652	45.5917	0.780064	172
Reject	710	LLLLTLLLAALFVLLSILILI	LLLLTLLLAALFVLLSLLILI	256.082	256.615	43.6652	44.4768	0.713671	172
Reject	711	LLLLTLLLAALFVLLSILILI	LLLLTLLLAALYVLLSILILI	256.082	261.392	43.6652	47.7687	0.713671	172
Reject	712	LLLLTLLLAALFVLLSILILI	LLLLTVLLAALFVLLSILILI	256.082	262.588	43.6652	50.8209	0.713671	172
Reject	713	LLLLTLLLAALFVLLSILILI	LLLLTLLLSALFVLLSILILI	256.082	261.331	43.6652	47.6458	0.713671	172
Reject	714	LLLLTLLLAALFVLLSILILI	LLLLTLLLAALYVLLSILILI	256.082	261.392	43.6652	47.7687	0.713671	172
Reject	715	LLLLTLLLAALFVLLSILILI	LLLLTVLLAALFVLLSILILI	256.082	262.588	43.6652	50.8209	0.713671	172
Reject	716	LLLLTLLLAALFVLLSILILI	LLLLTLLLALLFVLLSILILI	256.082	257.971	43.6652	41.3623	0.652929	172
Reject	717	LLLLTLLLAALFVLLSILILI	LLLLTLLLAALFVLLAILILI	256.082	264.818	43.6652	46.1885	0.652929	172
Reject	718	LLLLTLLLAALFVLLSILILI	LLLLTVLLAALFVLLSILILI	256.082	262.588	43.6652	50.8209	0.652929	172
Reject	719	LLLLTLLLAALFVLLSILILI	LLLLTVLLAALFVLLSILILI	256.082	262.588	43.6652	50.8209	0.652929	172
Reject	720	LLLLTLLLAALFVLLSILILI	LLLLTLLLAALFLLLSILILI	256.082	260.966	43.6652	44.7165	0.652929	172
Reject	721	LLLLTLLLAALFVLLSILILI	LLLLTLLLAALFVLLAILILI	256.082	264.818	43.6652	46.1885	0.652929	172
Reject	722	LLLLTLLLAALFVLLSILILI	LLLLTVLLAALFVLLSILILI	256.082	262.588	43.6652	50.8209	0.597357	172
Reject	723	LLLLTLLLAALFVLLSILILI	LLLLTVLLAALFVLLSILILI	256.082	262.588	43.6652	50.8209	0.597357	172
Reject	724	LLLLTLLLAALFVLLSILILI	LLLLTLLLSALFVLLSILILI	256.082	261.331	43.6652	47.6458	0.597357	172
Reject	725	LLLLTLLLAALFVLLSILILI	LLLLTLLLAALYVLLSILILI	256.082	261.392	43.6652	47.7687	0.597357	172
Reject	726	LLLLTLLLAALFVLLSILILI	LLLLTVLLAALFVLLSILILI	256.082	262.588	43.6652	50.8209	0.597357	172
Reject	727	LLLLTLLLAALFVLLSILILI	LLLLTLLLAALFVLLAILILI	256.082	264.818	43.6652	46.1885	0.597357	172
Reject	728	LLLLTLLLAALFVLLSILILI	LLLLTLLLAALFVLLAILILI	256.082	264.818	43.6652	46.1885	0.546515	172
Reject	729	LLLLTLLLAALFVLLSILILI	LLLLTLLLSALFVLLSILILI	256.082	261.331	43.6652	47.6458	0.546515	172
Reject	730	LLLLTLLLAALFVLLSILILI	LLLLTLLLALLFVLLSILILI	256.082	257.971	43.6652	41.3623	0.546515	172
Reject	731	LLLLTLLLAALFVLLSILILI	LLLLTLLLALLFVLLSILILI	256.082	257.971	43.6652	41.3623	0.546515	172
Reject	732	LLLLTLLLAALFVLLSILILI	LLLLTLLLAALFLLLSILILI	256.082	260.12	43.6652	44.7165	0.546515	172
Reject	733	LLLLTLLLAALFVLLSILILI	LLLLTLLLSALFVLLSILILI	256.082	261.331	43.6652	47.6458	0.546515	172
Time: 123s
