Accept/Reject	Cycle	PrevSequence	CurrSequence	PrevEnergy	CurrEnergy	PrevEntropy	CurrEntropy	CurrentTemp	Accepts
Accept	0	LLLLTLLLAALFVLLSILILI	LLLLTLLLAVLFVLLSILILI	259.485	261.572	43.6652	44.4145	5000	1
Accept	1	LLLLTLLLAVLFVLLSILILI	LLLLTLLLASLFVLLSILILI	261.572	265.644	44.4145	47.6458	4996.64	2
Accept	2	LLLLTLLLASLFVLLSILILI	LLLLTLLLALLFVLLSILILI	265.644	261.387	47.6458	41.3623	4992.38	3
Reject	3	LLLLTLLLALLFVLLSILILI	LLLLTLLLAFLFVLLSILILI	261.387	266.989	41.3623	45.9023	4986.97	3
Accept	4	LLLLTLLLALLFVLLSILILI	LLLLTLLLALLTVLLSILILI	261.387	270.004	41.3623	47.806	4986.97	4
Reject	5	LLLLTLLLALLTVLLSILILI	LLLLTLLLALLTYLLSILILI	270.004	281.657	47.806	53.3972	4980.11	4
Accept	6	LLLLTLLLALLTVLLSILILI	LLLLTILLALLTVLLSILILI	270.004	273.673	47.806	51.0979	4980.11	5
Accept	7	LLLLTILLALLTVLLSILILI	LLLLTILLALLFVLLSILILI	273.673	265.065	51.0979	44.6542	4971.41	6
Reject	8	LLLLTILLALLFVLLSILILI	LLLLTILLALLYVLLSILILI	265.065	269.928	44.6542	48.7576	4960.4	6
Accept	9	LLLLTILLALLFVLLSILILI	LLLLTILLALLFVLLSVLILI	265.065	263.526	44.6542	44.4145	4960.4	7
Accept	10	LLLLTILLALLFVLLSVLILI	LLLLTILLAVLFVLLSVLILI	263.526	270.406	44.4145	53.9705	4946.48	8
Accept	11	LLLLTILLAVLFVLLSVLILI	LLLLTILLSVLFVLLSVLILI	270.406	279.545	53.9705	62.0544	4928.89	9
Reject	12	LLLLTILLSVLFVLLSVLILI	LLLLTILLSVLLVLLSVLILI	279.545	283.42	62.0544	57.5144	4906.7	9
Accept	13	LLLLTILLSVLFVLLSVLILI	LLLLTLLLSVLFVLLSVLILI	279.545	275.812	62.0544	58.7625	4906.7	10
Reject	14	LLLLTLLLSVLFVLLSVLILI	LLLLTLLLSVLLVLLSVLILI	275.812	283.797	58.7625	58.326	4878.79	10
Accept	15	LLLLTLLLSVLFVLLSVLILI	LLLLTLLLAVLFVLLSVLILI	275.812	266.535	58.7625	50.6786	4878.79	11
Reject	16	LLLLTLLLAVLFVLLSVLILI	LLLLTLLLSVLFVLLSVLILI	266.535	275.812	50.6786	58.7625	4843.76	11
Accept	17	LLLLTLLLAVLFVLLSVLILI	LLLLTLLLAVLFILLSVLILI	266.535	263.206	50.6786	44.4145	4843.76	12
Accept	18	LLLLTLLLAVLFILLSVLILI	LLLLTLLLSVLFILLSVLILI	263.206	273.417	44.4145	52.4984	4799.94	13
Accept	19	LLLLTLLLSVLFILLSVLILI	LLLLALLLSVLFILLSVLILI	273.417	269.076	52.4984	47.9212	4745.37	14
Accept	20	LLLLALLLSVLFILLSVLILI	LLLLALLLSVLFLLLSVLILI	269.076	268.111	47.9212	48.7327	4677.76	15
Accept	21	LLLLALLLSVLFLLLSVLILI	LLLLALLLSVLFLLLSFLILI	268.111	268.795	48.7327	50.2205	4594.53	16
Accept	22	LLLLALLLSVLFLLLSFLILI	LLLLILLLSVLFLLLSFLILI	268.795	280.294	50.2205	51.2094	4492.9	17
Accept	23	LLLLILLLSVLFLLLSFLILI	LLLLILLLSLLFLLLSFLILI	280.294	289.047	51.2094	54.661	4370	18
Accept	24	LLLLILLLSLLFLLLSFLILI	LLLLILLLSVLFLLLSFLILI	289.047	280.294	54.661	51.2094	4223.12	19
Accept	25	LLLLILLLSVLFLLLSFLILI	LLLLILLLAVLFLLLSFLILI	280.294	270.737	51.2094	43.1255	4050.03	20
Reject	26	LLLLILLLAVLFLLLSFLILI	LLLLIYLLAVLFLLLSFLILI	270.737	281.579	43.1255	47.6655	3849.41	20
Accept	27	LLLLILLLAVLFLLLSFLILI	LLLLILLLAVLYLLLSFLILI	270.737	270.019	43.1255	43.1255	3849.41	21
Reject	28	LLLLILLLAVLYLLLSFLILI	LLLLILLLASLYLLLSFLILI	270.019	278.534	43.1255	50.4602	3621.29	21
Reject	29	LLLLILLLAVLYLLLSFLILI	LLLLILLLSVLYLLLSFLILI	270.019	279.259	43.1255	51.2094	3621.29	21
Reject	30	LLLLILLLAVLYLLLSFLILI	LLLLILLLAVLYLLLSSLILI	270.019	277.895	43.1255	48.9724	3621.29	21
Reject	31	LLLLILLLAVLYLLLSFLILI	LLLLILLLAVLLLLLSFLILI	270.019	273.474	43.1255	40.9858	3621.29	21
Reject	32	LLLLILLLAVLYLLLSFLILI	LLLLILLLAVLYLLLSTLILI	270.019	273.681	43.1255	45.4657	3621.29	21
Accept	33	LLLLILLLAVLYLLLSFLILI	LLLLILLLAVLYLLLSTLILI	270.019	273.681	43.1255	45.4657	3621.29	22
Accept	34	LLLLILLLAVLYLLLSTLILI	LLLLILLLAFLYLLLSTLILI	273.681	278.92	45.4657	46.9535	3367.49	23
Reject	35	LLLLILLLAFLYLLLSTLILI	LLLLILLLSFLYLLLSTLILI	278.92	288.009	46.9535	55.0374	3091.86	23
Accept	36	LLLLILLLAFLYLLLSTLILI	LLLLILLLAFLYLLLSFLILI	278.92	279.424	46.9535	48.7167	3091.86	24
Reject	37	LLLLILLLAFLYLLLSFLILI	LLLLILLLAFLYTLLSFLILI	279.424	283.522	48.7167	51.4935	2800.27	24
Accept	38	LLLLILLLAFLYLLLSFLILI	LLLLILLLAFLYLLLSVLILI	279.424	274.576	48.7167	43.1255	2800.27	25
Reject	39	LLLLILLLAFLYLLLSVLILI	LLLLILLLAFLYLLLSFLILI	274.576	279.424	43.1255	48.7167	2500.25	25
Accept	40	LLLLILLLAFLYLLLSVLILI	LLLLITLLAFLYLLLSVLILI	274.576	283.388	43.1255	45.9023	2500.25	26
Reject	41	LLLLITLLAFLYLLLSVLILI	LLLLITLLAFLYFLLSVLILI	283.388	297.701	45.9023	54.5457	2200.23	26
Reject	42	LLLLITLLAFLYLLLSVLILI	LLLLITLLAFLYLLLTVLILI	283.388	294.904	45.9023	50.6025	2200.23	26
Reject	43	LLLLITLLAFLYLLLSVLILI	LLLLITLLAFLYLLLTVLILI	283.388	294.904	45.9023	50.6025	2200.23	26
Reject	44	LLLLITLLAFLYLLLSVLILI	LLLLITLLAFLTLLLSVLILI	283.388	291.196	45.9023	48.2425	2200.23	26
Accept	45	LLLLITLLAFLYLLLSVLILI	LLLLATLLAFLYLLLSVLILI	283.388	275.281	45.9023	49.0167	2200.23	27
Accept	46	LLLLATLLAFLYLLLSVLILI	LLLLATLLAFLLLLLSVLILI	275.281	274.361	49.0167	44.4768	1908.64	28
Accept	47	LLLLATLLAFLLLLLSVLILI	LLLLATLLAILLLLLSVLILI	274.361	269.044	44.4768	43.2287	1633.01	29
Reject	48	LLLLATLLAILLLLLSVLILI	LLLLATLLAILLTLLSVLILI	269.044	274.053	43.2287	50.1089	1379.21	29
Reject	49	LLLLATLLAILLLLLSVLILI	LLLLATLLSILLLLLSVLILI	269.044	274.927	43.2287	47.2092	1379.21	29
Reject	50	LLLLATLLAILLLLLSVLILI	LLLLFTLLAILLLLLSVLILI	269.044	269.125	43.2287	41.3623	1379.21	29
Accept	51	LLLLATLLAILLLLLSVLILI	LLLLATLLAILFLLLSVLILI	269.044	266.555	43.2287	43.6652	1379.21	30
Reject	52	LLLLATLLAILFLLLSVLILI	LLLLATLLAILFLLLLVLILI	266.555	277.336	43.6652	41.4852	1151.09	30
Reject	53	LLLLATLLAILFLLLSVLILI	LLLLATLLATLFLLLSVLILI	266.555	273.12	43.6652	51.357	1151.09	30
Reject	54	LLLLATLLAILFLLLSVLILI	LLLLTTLLAILFLLLSVLILI	266.555	273.298	43.6652	48.2425	1151.09	30
Reject	55	LLLLATLLAILFLLLSVLILI	LLLLATLLAILFFLLSVLILI	266.555	278.655	43.6652	52.3087	1151.09	30
Reject	56	LLLLATLLAILFLLLSVLILI	LLLLAFLLAILFLLLSVLILI	266.555	270.128	43.6652	45.4284	1151.09	30
Reject	57	LLLLATLLAILFLLLSVLILI	LLLLATLLSILFLLLSVLILI	266.555	273.801	43.6652	47.6458	1151.09	30
Reject	58	LLLLATLLAILFLLLSVLILI	LLLLATLLAILFLLLAVLILI	266.555	274.958	43.6652	46.1885	950.467	30
Reject	59	LLLLATLLAILFLLLSVLILI	LLLLATLLAILFILLSVLILI	266.555	274.943	43.6652	51.0606	950.467	30
Reject	60	LLLLATLLAILFLLLSVLILI	LLLLATLLAILFLLLLVLILI	266.555	277.336	43.6652	41.4852	950.467	30
Reject	61	LLLLATLLAILFLLLSVLILI	LLLLATLLSILFLLLSVLILI	266.555	272.237	43.6652	47.6458	950.467	30
Reject	62	LLLLATLLAILFLLLSVLILI	LLLLATLLAILFLLLSFLILI	266.555	271.353	43.6652	49.2565	950.467	30
Reject	63	LLLLATLLAILFLLLSVLILI	LLLLATLLAILFLLLSALILI	266.555	270.028	43.6652	49.4198	950.467	30
Accept	64	LLLLATLLAILFLLLSVLILI	LLLLATLLALLFLLLSVLILI	266.555	269.271	43.6652	44.4768	777.379	31
Reject	65	LLLLATLLALLFLLLSVLILI	LLLLATLLALLFLLLAVLILI	269.271	275.971	44.4768	47	630.498	31
Reject	66	LLLLATLLALLFLLLSVLILI	LLLLATLLALLFLLLSILILI	269.271	270.765	44.4768	44.7165	630.498	31
Reject	67	LLLLATLLALLFLLLSVLILI	LLLLFTLLALLFLLLSVLILI	269.271	271.623	44.4768	46.7138	630.498	31
Reject	68	LLLLATLLALLFLLLSVLILI	LLLLTTLLALLFLLLSVLILI	269.271	272.659	44.4768	49.054	630.498	31
Accept	69	LLLLATLLALLFLLLSVLILI	LLLLATLLAVLFLLLSVLILI	269.271	267.728	44.4768	47.529	630.498	32
Reject	70	LLLLATLLAVLFLLLSVLILI	LLLLATLLSVLFLLLSVLILI	267.728	273.442	47.529	51.5095	507.596	32
Accept	71	LLLLATLLAVLFLLLSVLILI	LLLLATLLAVLFLLLSLLILI	267.728	267.215	47.529	44.4768	507.596	33
Reject	72	LLLLATLLAVLFLLLSLLILI	LLLLVTLLAVLFLLLSLLILI	267.215	273.095	44.4768	45.226	405.965	33
Accept	73	LLLLATLLAVLFLLLSLLILI	LLLLATLLAVLFLLLSILILI	267.215	266.754	44.4768	43.6652	405.965	34
Accept	74	LLLLATLLAVLFLLLSILILI	LLLLATLLAVLFLLLSALILI	266.754	267.106	43.6652	49.1801	322.739	35
Accept	75	LLLLATLLAVLFLLLSALILI	LLLLATLLAVLFLLLSILILI	267.106	266.754	49.1801	43.6652	255.126	36
Reject	76	LLLLATLLAVLFLLLSILILI	LLLLFTLLAVLFLLLSILILI	266.754	269.507	43.6652	45.9023	200.555	36
Reject	77	LLLLATLLAVLFLLLSILILI	LLLLATLLAVLFLLLSLLILI	266.754	267.215	43.6652	44.4768	200.555	36
Reject	78	LLLLATLLAVLFLLLSILILI	LLLLATLLALLFLLLSILILI	266.754	270.765	43.6652	44.7165	200.555	36
Reject	79	LLLLATLLAVLFLLLSILILI	LLLLATLLAVLFLLLSLLILI	266.754	267.215	43.6652	44.4768	200.555	36
Reject	80	LLLLATLLAVLFLLLSILILI	LLLLATLLALLFLLLSILILI	266.754	270.765	43.6652	44.7165	200.555	36
Reject	81	LLLLATLLAVLFLLLSILILI	LLLLATLLSVLFLLLSILILI	266.754	272.398	43.6652	47.6458	200.555	36
Reject	82	LLLLATLLAVLFLLLSILILI	LLLLFTLLAVLFLLLSILILI	266.754	270.907	43.6652	45.9023	156.74	36
Reject	83	LLLLATLLAVLFLLLSILILI	LLLLTTLLAVLFLLLSILILI	266.754	270.482	43.6652	48.2425	156.74	36
Accept	84	LLLLATLLAVLFLLLSILILI	LLLLATLLAVLLLLLSILILI	266.754	267.231	43.6652	43.2287	156.74	37
Reject	85	LLLLATLLAVLLLLLSILILI	LLLLFTLLAVLLLLLSILILI	267.231	267.292	43.2287	41.3623	121.709	37
Reject	86	LLLLATLLAVLLLLLSILILI	LLLLATLLSVLLLLLSILILI	267.231	273.148	43.2287	47.2092	121.709	37
Reject	87	LLLLATLLAVLLLLLSILILI	LLLLATLLSVLLLLLSILILI	267.231	273.148	43.2287	47.2092	121.709	37
Accept	88	LLLLATLLAVLLLLLSILILI	LLLLAVLLAVLLLLLSILILI	267.231	263.717	43.2287	43.5041	121.709	38
Reject	89	LLLLAVLLAVLLLLLSILILI	LLLLAVLLSVLLLLLSILILI	263.717	269.26	43.5041	47.4846	93.7957	38
Reject	90	LLLLAVLLAVLLLLLSILILI	LLLLAVLLSVLLLLLSILILI	263.717	269.26	43.5041	47.4846	93.7957	38
Reject	91	LLLLAVLLAVLLLLLSILILI	LLLLAVLLAVLLLLLSFLILI	263.717	265.15	43.5041	44.7521	93.7957	38
Reject	92	LLLLAVLLAVLLLLLSILILI	LLLLAVLLAALLLLLSILILI	263.717	264.331	43.5041	45.1552	93.7957	38
Reject	93	LLLLAVLLAVLLLLLSILILI	LLLLAVLLAVLLALLSILILI	263.717	264.898	43.5041	48.2074	93.7957	38
Reject	94	LLLLAVLLAVLLLLLSILILI	LLLLAVLLAALLLLLSILILI	263.717	264.331	43.5041	45.1552	93.7957	38
Reject	95	LLLLAVLLAVLLLLLSILILI	LLLLAVLLAVLLLLLTILILI	263.717	272.056	43.5041	44.1008	71.6133	38
Reject	96	LLLLAVLLAVLLLLLSILILI	LLLLAVLLAVLLLLLTILILI	263.717	272.056	43.5041	44.1008	71.6133	38
Reject	97	LLLLAVLLAVLLLLLSILILI	LLLLAVLLAVLLLLLSFLILI	263.717	265.148	43.5041	44.7521	71.6133	38
Reject	98	LLLLAVLLAVLLLLLSILILI	LLLLAVLLAVLLLLLSFLILI	263.717	265.15	43.5041	44.7521	71.6133	38
Reject	99	LLLLAVLLAVLLLLLSILILI	LLLLAVLLAVLLLLLTILILI	263.717	272.056	43.5041	44.1008	71.6133	38
Reject	100	LLLLAVLLAVLLLLLSILILI	LLLLAVLLAVLLALLSILILI	263.717	264.898	43.5041	48.2074	71.6133	38
Reject	101	LLLLAVLLAVLLLLLSILILI	LLLLTVLLAVLLLLLSILILI	263.717	264.494	43.5041	43.9779	54.0228	38
Reject	102	LLLLAVLLAVLLLLLSILILI	LLLLAVLLAVLLLLLSFLILI	263.717	265.15	43.5041	44.7521	54.0228	38
Reject	103	LLLLAVLLAVLLLLLSILILI	LLLLTVLLAVLLLLLSILILI	263.717	264.494	43.5041	43.9779	54.0228	38
Reject	104	LLLLAVLLAVLLLLLSILILI	LLLLAVLLSVLLLLLSILILI	263.717	269.26	43.5041	47.4846	54.0228	38
Accept	105	LLLLAVLLAVLLLLLSILILI	LLLLAVLLAVLFLLLSILILI	263.717	263.241	43.5041	43.9406	54.0228	39
Reject	106	LLLLAVLLAVLFLLLSILILI	LLLLAVLLSVLFLLLSILILI	263.241	267.21	43.9406	47.9212	40.0975	39
Reject	107	LLLLAVLLAVLFLLLSILILI	LLLLAVLLAVLFTLLSILILI	263.241	268.548	43.9406	50.8209	40.0975	39
Reject	108	LLLLAVLLAVLFLLLSILILI	LLLLAVLLAVLLLLLSILILI	263.241	263.717	43.9406	43.5041	40.0975	39
Reject	109	LLLLAVLLAVLFLLLSILILI	LLLLAVLLAVLFLLLSLLILI	263.241	265.028	43.9406	44.7521	40.0975	39
Accept	110	LLLLAVLLAVLFLLLSILILI	LLLLALLLAVLFLLLSILILI	263.241	261.601	43.9406	40.8884	40.0975	40
Reject	111	LLLLALLLAVLFLLLSILILI	LLLLALLLAALFLLLSILILI	261.601	264.696	40.8884	46.643	29.0883	40
Reject	112	LLLLALLLAVLFLLLSILILI	LLLLALLLAVLFLLLTILILI	261.601	269.826	40.8884	41.4852	29.0883	40
Reject	113	LLLLALLLAVLFLLLSILILI	LLLLALLLAVLFLLLTILILI	261.601	268.456	40.8884	41.4852	29.0883	40
Accept	114	LLLLALLLAVLFLLLSILILI	LLLLALLLAVLFVLLSILILI	261.601	261.145	40.8884	43.9406	29.0883	41
Reject	115	LLLLALLLAVLFVLLSILILI	LLLLALLLAVLFVLLTILILI	261.145	269.57	43.9406	44.5374	20.3938	41
Accept	116	LLLLALLLAVLFVLLSILILI	LLLLALLLALLFVLLSILILI	261.145	260.967	43.9406	40.8884	20.3938	42
Reject	117	LLLLALLLALLFVLLSILILI	LLLLALLLALLFVLLTILILI	260.967	269.393	40.8884	41.4852	13.5332	42
Reject	118	LLLLALLLALLFVLLSILILI	LLLLALLLALLFVLLTILILI	260.967	269.393	40.8884	41.4852	13.5332	42
Reject	119	LLLLALLLALLFVLLSILILI	LLLLALLLSLLFVLLSILILI	260.967	266.225	40.8884	44.8689	13.5332	42
Reject	120	LLLLALLLALLFVLLSILILI	LLLLALLLAVLFVLLSILILI	260.967	261.145	40.8884	43.9406	13.5332	42
Reject	121	LLLLALLLALLFVLLSILILI	LLLLAVLLALLFVLLSILILI	260.967	262.495	40.8884	43.9406	13.5332	42
Reject	122	LLLLALLLALLFVLLSILILI	LLLLALLLAVLFVLLSILILI	260.967	261.145	40.8884	43.9406	13.5332	42
Reject	123	LLLLALLLALLFVLLSILILI	LLLLAVLLALLFVLLSILILI	260.967	262.495	40.8884	43.9406	8.12315	42
Reject	124	LLLLALLLALLFVLLSILILI	LLLLALLLAVLFVLLSILILI	260.967	261.145	40.8884	43.9406	8.12315	42
Reject	125	LLLLALLLALLFVLLSILILI	LLLLALLLAVLFVLLSILILI	260.967	261.145	40.8884	43.9406	8.12315	42
Reject	126	LLLLALLLALLFVLLSILILI	LLLLALLLAVLFVLLSILILI	260.967	261.145	40.8884	43.9406	8.12315	42
Reject	127	LLLLALLLALLFVLLSILILI	LLLLALLLALLTVLLSILILI	260.967	265.452	40.8884	43.2287	8.12315	42
Reject	128	LLLLALLLALLFVLLSILILI	LLLLALLLALLFVLLTILILI	260.967	269.393	40.8884	41.4852	8.12315	42
Reject	129	LLLLALLLALLFVLLSILILI	LLLLTLLLALLFVLLSILILI	260.967	261.387	40.8884	41.3623	3.85923	42
Reject	130	LLLLALLLALLFVLLSILILI	LLLLAVLLALLFVLLSILILI	260.967	262.495	40.8884	43.9406	3.85923	42
Reject	131	LLLLALLLALLFVLLSILILI	LLLLALLLALLFLLLSILILI	260.967	266.535	40.8884	44.34	3.85923	42
Reject	132	LLLLALLLALLFVLLSILILI	LLLLALLLSLLFVLLSILILI	260.967	266.225	40.8884	44.8689	3.85923	42
Reject	133	LLLLALLLALLFVLLSILILI	LLLLTLLLALLFVLLSILILI	260.967	261.387	40.8884	41.3623	3.85923	42
Reject	134	LLLLALLLALLFVLLSILILI	LLLLALLLSLLFVLLSILILI	260.967	266.225	40.8884	44.8689	3.85923	42
Accept	135	LLLLALLLALLFVLLSILILI	LLLLAWLLALLFVLLSILILI	260.967	271.588	40.8884	48.7413	3649	43
Accept	136	LLLLAWLLALLFVLLSILILI	LLLLAVLLALLFVLLSILILI	271.588	262.495	48.7413	43.9406	3649	44
Reject	137	LLLLAVLLALLFVLLSILILI	LLLLAVLLALLFVLLTILILI	262.495	270.921	43.9406	44.5374	3649	44
Accept	138	LLLLAVLLALLFVLLSILILI	LLLLAVLLSLLFVLLSILILI	262.495	267.558	43.9406	47.9212	3649	45
Accept	139	LLLLAVLLSLLFVLLSILILI	LLLLALLLSLLFVLLSILILI	267.558	266.225	47.9212	44.8689	3649	46
Reject	140	LLLLALLLSLLFVLLSILILI	LLLLALLLSLLFILLSILILI	266.225	274.466	44.8689	49.2121	3649	46
Accept	141	LLLLALLLSLLFVLLSILILI	LLLLALLLSLLFFLLSILILI	266.225	279.161	44.8689	50.4602	3649	47
Reject	142	LLLLALLLSLLFFLLSILILI	LLLLALLLSLLFFLLTILILI	279.161	283.696	50.4602	46.9535	3649	47
Accept	143	LLLLALLLSLLFFLLSILILI	LLLLALLLALLFFLLSILILI	279.161	272.623	50.4602	46.4796	3649	48
Reject	144	LLLLALLLALLFFLLSILILI	LLLLASLLALLFFLLSILILI	272.623	292.489	46.4796	52.7631	3649	48
Reject	145	LLLLALLLALLFFLLSILILI	LLLLALLLSLLFFLLSILILI	272.623	279.161	46.4796	50.4602	3649	48
Accept	146	LLLLALLLALLFFLLSILILI	LLLLALLLAVLFFLLSILILI	272.623	269.449	46.4796	45.4284	3649	49
Accept	147	LLLLALLLAVLFFLLSILILI	LLLLALLLAVLFFLLSVLILI	269.449	270.578	45.4284	49.2921	3649	50
Accept	148	LLLLALLLAVLFFLLSVLILI	LLLLALLLAILFFLLSVLILI	270.578	269.54	49.2921	45.4284	3649	51
Accept	149	LLLLALLLAILFFLLSVLILI	LLLLALLLAILFILLSVLILI	269.54	265.809	45.4284	44.1803	3649	52
Reject	150	LLLLALLLAILFILLSVLILI	LLLLAVLLAILFILLSVLILI	265.809	271.348	44.1803	51.336	3649	52
Accept	151	LLLLALLLAILFILLSVLILI	LLLLALLLAILTILLSVLILI	265.809	269.781	44.1803	46.5206	3649	53
Reject	152	LLLLALLLAILTILLSVLILI	LLLLTLLLAILTILLSVLILI	269.781	274.322	46.5206	51.0979	3649	53
Reject	153	LLLLALLLAILTILLSVLILI	LLLLALLLSILTILLSVLILI	269.781	275.31	46.5206	50.5011	3649	53
Accept	154	LLLLALLLAILTILLSVLILI	LLLLALLLAILTILLSYLILI	269.781	279.472	46.5206	52.1118	3649	54
Accept	155	LLLLALLLAILTILLSYLILI	LLLLALLLAILFILLSYLILI	279.472	275.459	52.1118	49.7716	3649	55
Accept	156	LLLLALLLAILFILLSYLILI	LLLLALLLAVLFILLSYLILI	275.459	268.362	49.7716	45.4284	3649	56
Accept	157	LLLLALLLAVLFILLSYLILI	LLLLALLLAVLFILLSTLILI	268.362	262.977	45.4284	43.6652	3649	57
Reject	158	LLLLALLLAVLFILLSTLILI	LLLLALLLAVLFILLLTLILI	262.977	272.454	43.6652	41.4852	3649	57
Accept	159	LLLLALLLAVLFILLSTLILI	LLLLTLLLAVLFILLSTLILI	262.977	267.469	43.6652	48.2425	3649	58
Reject	160	LLLLTLLLAVLFILLSTLILI	LLLLTLLLALLFILLSTLILI	267.469	271.289	48.2425	49.2937	3649	58
Reject	161	LLLLTLLLAVLFILLSTLILI	LLLLTLLLAYLFILLSTLILI	267.469	276.948	48.2425	53.8337	3649	58
Accept	162	LLLLTLLLAVLFILLSTLILI	LLLLTLLLAVLFILLSVLILI	267.469	263.206	48.2425	44.4145	3649	59
Accept	163	LLLLTLLLAVLFILLSVLILI	LLLLTLLLAVLFILLSILILI	263.206	264.838	44.4145	44.6542	3649	60
Accept	164	LLLLTLLLAVLFILLSILILI	LLLLTLLLSVLFILLSILILI	264.838	275.05	44.6542	52.7382	3649	61
Reject	165	LLLLTLLLSVLFILLSILILI	LLLLTLLLSVLFILLSWLILI	275.05	282.6	52.7382	57.2991	3649	61
Accept	166	LLLLTLLLSVLFILLSILILI	LLLLALLLSVLFILLSILILI	275.05	270.678	52.7382	48.1609	3649	62
Accept	167	LLLLALLLSVLFILLSILILI	LLLLALLLSVLFILLSFLILI	270.678	272.078	48.1609	49.4089	3649	63
Accept	168	LLLLALLLSVLFILLSFLILI	LLLLALLLSYLFILLSFLILI	272.078	281.568	49.4089	55.0002	3649	64
Accept	169	LLLLALLLSYLFILLSFLILI	LLLLTLLLSYLFILLSFLILI	281.568	285.883	55.0002	59.5774	3649	65
Accept	170	LLLLTLLLSYLFILLSFLILI	LLLLVLLLSYLFILLSFLILI	285.883	285.995	59.5774	55.7494	3649	66
Accept	171	LLLLVLLLSYLFILLSFLILI	LLLLVLLLSYLFILLSILILI	285.995	284.556	55.7494	54.5013	3649	67
Accept	172	LLLLVLLLSYLFILLSILILI	LLLLVLLLSYLFILLSLLILI	284.556	280.819	54.5013	51.2094	3649	68
Accept	173	LLLLVLLLSYLFILLSLLILI	LLLLVLLLSYLFILLSTLILI	280.819	283.072	51.2094	53.9862	3649	69
Accept	174	LLLLVLLLSYLFILLSTLILI	LLLLALLLSYLFILLSTLILI	283.072	278.645	53.9862	53.237	3649	70
Accept	175	LLLLALLLSYLFILLSTLILI	LLLLALLLSVLFILLSTLILI	278.645	269.206	53.237	47.6458	3649	71
Accept	176	LLLLALLLSVLFILLSTLILI	LLLLALLLSLLFILLSTLILI	269.206	272.996	47.6458	48.697	3649	72
Accept	177	LLLLALLLSLLFILLSTLILI	LLLLVLLLSLLFILLSTLILI	272.996	277.474	48.697	49.4462	3649	73
Accept	178	LLLLVLLLSLLFILLSTLILI	LLLLALLLSLLFILLSTLILI	277.474	272.996	49.4462	48.697	3649	74
Reject	179	LLLLALLLSLLFILLSTLILI	LLLLALLLSLLYILLSTLILI	272.996	276.882	48.697	52.8004	3649	74
Accept	180	LLLLALLLSLLFILLSTLILI	LLLLVLLLSLLFILLSTLILI	272.996	277.474	48.697	49.4462	3649	75
Reject	181	LLLLVLLLSLLFILLSTLILI	LLLLILLLSLLFILLSTLILI	277.474	288.545	49.4462	53.7894	3649	75
Accept	182	LLLLVLLLSLLFILLSTLILI	LLLLVLLLALLFILLSTLILI	277.474	267.357	49.4462	41.3623	3649	76
Reject	183	LLLLVLLLALLFILLSTLILI	LLLLVLLLAFLFILLSTLILI	267.357	272.873	41.3623	45.9023	3649	76
Accept	184	LLLLVLLLALLFILLSTLILI	LLLLVLLLALLFILLSLLILI	267.357	267.497	41.3623	40.9858	3649	77
Accept	185	LLLLVLLLALLFILLSLLILI	LLLLVLLLALLFTLLSLLILI	267.497	270.32	40.9858	44.5741	3649	78
Reject	186	LLLLVLLLALLFTLLSLLILI	LLLLVLLLSLLFTLLSLLILI	270.32	279.536	44.5741	52.6581	3649	78
Reject	187	LLLLVLLLALLFTLLSLLILI	LLLLVLLLSLLFTLLSLLILI	270.32	279.536	44.5741	52.6581	3649	78
Reject	188	LLLLVLLLALLFTLLSLLILI	LLLLVLLLALLFTLLLLLILI	270.32	283.336	44.5741	46.4975	3649	78
Reject	189	LLLLVLLLALLFTLLSLLILI	LLLLLLLLALLFTLLSLLILI	270.32	276.196	44.5741	49.7288	3649	78
Reject	190	LLLLVLLLALLFTLLSLLILI	LLLLVLLLALLLTLLSLLILI	270.32	275.248	44.5741	48.241	3649	78
Reject	191	LLLLVLLLALLFTLLSLLILI	LLLLVLLLALLSTLLSLLILI	270.32	284.268	44.5741	50.4211	3649	78
Accept	192	LLLLVLLLALLFTLLSLLILI	LLLLVLLLALLFFLLSLLILI	270.32	276.292	44.5741	46.3373	3649	79
Accept	193	LLLLVLLLALLFFLLSLLILI	LLLLVILLALLFFLLSLLILI	276.292	273.877	46.3373	43.1255	3649	80
Accept	194	LLLLVILLALLFFLLSLLILI	LLLLVILLALLFTLLSLLILI	273.877	267.877	43.1255	41.3623	3649	81
Reject	195	LLLLVILLALLFTLLSLLILI	LLLLYILLALLFTLLSLLILI	267.877	274.314	41.3623	46.9535	3649	81
Reject	196	LLLLVILLALLFTLLSLLILI	LLLLVTLLALLFTLLSLLILI	267.877	278.399	41.3623	49.054	3649	81
Reject	197	LLLLVILLALLFTLLSLLILI	LLLLVILLSLLFTLLSLLILI	267.877	276.955	41.3623	49.4462	3649	81
Accept	198	LLLLVILLALLFTLLSLLILI	LLLLVLLLALLFTLLSLLILI	267.877	270.32	41.3623	44.5741	3649	82
Reject	199	LLLLVLLLALLFTLLSLLILI	LLLLVLLLSLLFTLLSLLILI	270.32	279.536	44.5741	52.6581	3649	82
Accept	200	LLLLVLLLALLFTLLSLLILI	LLLLVILLALLFTLLSLLILI	270.32	267.877	44.5741	41.3623	3649	83
Reject	201	LLLLVILLALLFTLLSLLILI	LLLLVILLALLLTLLSLLILI	267.877	271.095	41.3623	43.3261	3649	83
Reject	202	LLLLVILLALLFTLLSLLILI	LLLLVILLALLLTLLSLLILI	267.877	271.095	41.3623	43.3261	3649	83
Reject	203	LLLLVILLALLFTLLSLLILI	LLLLVILLALLFTLLSTLILI	267.877	273.784	41.3623	48.2425	3649	83
Accept	204	LLLLVILLALLFTLLSLLILI	LLLLVILLALLFLLLSLLILI	267.877	267.487	41.3623	40.9858	3649	84
Reject	205	LLLLVILLALLFLLLSLLILI	LLLLVWLLALLFLLLSLLILI	267.487	283.371	40.9858	49.6502	3649	84
Accept	206	LLLLVILLALLFLLLSLLILI	LLLLVILLAVLFLLLSLLILI	267.487	265.483	40.9858	41.6377	3649	85
Accept	207	LLLLVILLAVLFLLLSLLILI	LLLLVLLLAVLFLLLSLLILI	265.483	269.153	41.6377	44.8495	3649	86
Accept	208	LLLLVLLLAVLFLLLSLLILI	LLLLVLLLAVLYLLLSLLILI	269.153	271.126	44.8495	48.953	3649	87
Reject	209	LLLLVLLLAVLYLLLSLLILI	LLLLVLLLAVLYLLLTLLILI	271.126	278.802	48.953	49.5497	3649	87
Reject	210	LLLLVLLLAVLYLLLSLLILI	LLLLVLLLSVLYLLLSLLILI	271.126	280.289	48.953	57.0369	3649	87
Accept	211	LLLLVLLLAVLYLLLSLLILI	LLLLVLLLAVLYTLLSLLILI	271.126	272.842	48.953	49.3294	3649	88
Accept	212	LLLLVLLLAVLYTLLSLLILI	LLLLLLLLAVLYTLLSLLILI	272.842	273.529	49.3294	48.6776	3649	89
Accept	213	LLLLLLLLAVLYTLLSLLILI	LLLLLLLLAVLFTLLSLLILI	273.529	268.888	48.6776	44.5741	3649	90
Accept	214	LLLLLLLLAVLFTLLSLLILI	LLLLLLLLAVLLTLLSLLILI	268.888	273.889	44.5741	48.241	3649	91
Accept	215	LLLLLLLLAVLLTLLSLLILI	LLLLLLLLAVLYTLLSLLILI	273.889	273.529	48.241	48.6776	3649	92
Accept	216	LLLLLLLLAVLYTLLSLLILI	LLLLLLLLAVLFTLLSLLILI	273.529	268.888	48.6776	44.5741	3649	93
Accept	217	LLLLLLLLAVLFTLLSLLILI	LLLLLALLAVLFTLLSLLILI	268.888	265.183	44.5741	44.4768	3649	94
Accept	218	LLLLLALLAVLFTLLSLLILI	LLLLLALLAVLFTLLSTLILI	265.183	271.092	44.4768	51.357	3649	95
Reject	219	LLLLLALLAVLFTLLSTLILI	LLLLLALLAVLFTLLITLILI	271.092	319.522	51.357	48.3654	3649	95
Reject	220	LLLLLALLAVLFTLLSTLILI	LLLLTALLAVLFTLLSTLILI	271.092	282.039	51.357	64.741	3649	95
Reject	221	LLLLLALLAVLFTLLSTLILI	LLLLWALLAVLFTLLSTLILI	271.092	287.164	51.357	63.3133	3649	95
Accept	222	LLLLLALLAVLFTLLSTLILI	LLLLLALLAYLFTLLSTLILI	271.092	281.326	51.357	56.9482	3649	96
Reject	223	LLLLLALLAYLFTLLSTLILI	LLLLWALLAYLFTLLSTLILI	281.326	295.967	56.9482	68.9046	3649	96
Accept	224	LLLLLALLAYLFTLLSTLILI	LLLLLALLAYLFLLLSTLILI	281.326	274.906	56.9482	50.068	3649	97
Accept	225	LLLLLALLAYLFLLLSTLILI	LLLLLALLSYLFLLLSTLILI	274.906	281.757	50.068	54.0485	3649	98
Accept	226	LLLLLALLSYLFLLLSTLILI	LLLLLALLAYLFLLLSTLILI	281.757	276.668	54.0485	50.068	3649	99
Reject	227	LLLLLALLAYLFLLLSTLILI	LLLLLALLAYLYLLLSTLILI	276.668	282.404	50.068	58.2748	3649	99
Accept	228	LLLLLALLAYLFLLLSTLILI	LLLLLALLAVLFLLLSTLILI	276.668	264.485	50.068	44.4768	3649	100
Reject	229	LLLLLALLAVLFLLLSTLILI	LLLLLWLLAVLFLLLSTLILI	264.485	277.726	44.4768	50.0267	3649	100
Reject	230	LLLLLALLAVLFLLLSTLILI	LLLLFALLAVLFLLLSTLILI	264.485	266.692	44.4768	49.0167	3649	100
Accept	231	LLLLLALLAVLFLLLSTLILI	LLLLLALLAVLFVLLSTLILI	264.485	265.606	44.4768	47.529	3649	101
Reject	232	LLLLLALLAVLFVLLSTLILI	LLLLLALLAYLFVLLSTLILI	265.606	271.889	47.529	49.0167	3649	101
Reject	233	LLLLLALLAVLFVLLSTLILI	LLLLLALLAVLFVLLLTLILI	265.606	274.854	47.529	45.3489	3649	101
Accept	234	LLLLLALLAVLFVLLSTLILI	LLLLLALLAVLFVLLSFLILI	265.606	269.002	47.529	49.2921	3649	102
Reject	235	LLLLLALLAVLFVLLSFLILI	LLLLLTLLAVLFVLLSFLILI	269.002	278.217	49.2921	49.766	3649	102
Accept	236	LLLLLALLAVLFVLLSFLILI	LLLLLALLAVLFVLLTFLILI	269.002	277.476	49.2921	49.8889	3649	103
Accept	237	LLLLLALLAVLFVLLTFLILI	LLLLLALLSVLFVLLTFLILI	277.476	278.354	49.8889	49.766	3649	104
Accept	238	LLLLLALLSVLFVLLTFLILI	LLLLLALLSVLFLLLTFLILI	278.354	276.833	49.766	46.7138	3649	105
Accept	239	LLLLLALLSVLFLLLTFLILI	LLLLLALLAVLFLLLTFLILI	276.833	275.769	46.7138	46.8367	3649	106
Accept	240	LLLLLALLAVLFLLLTFLILI	LLLLLALLAVLYLLLTFLILI	275.769	272.038	46.8367	46.8367	3649	107
Reject	241	LLLLLALLAVLYLLLTFLILI	LLLLLYLLAVLYLLLTFLILI	272.038	284.572	46.8367	53.1772	3649	107
Accept	242	LLLLLALLAVLYLLLTFLILI	LLLLLALLAVLFLLLTFLILI	272.038	273.295	46.8367	46.8367	3649	108
Accept	243	LLLLLALLAVLFLLLTFLILI	LLLLLALLSVLFLLLTFLILI	273.295	274.446	46.8367	46.7138	3649	109
Accept	244	LLLLLALLSVLFLLLTFLILI	LLLLLALLAVLFLLLTFLILI	274.446	275.769	46.7138	46.8367	3649	110
Accept	245	LLLLLALLAVLFLLLTFLILI	LLLLTALLAVLFLLLTFLILI	275.769	277.802	46.8367	53.7169	3649	111
Accept	246	LLLLTALLAVLFLLLTFLILI	LLLLTALLASLFLLLTFLILI	277.802	282.542	53.7169	56.9482	3649	112
Accept	247	LLLLTALLASLFLLLTFLILI	LLLLYALLASLFLLLTFLILI	282.542	284.347	56.9482	54.608	3649	113
Accept	248	LLLLYALLASLFLLLTFLILI	LLLLYALLAVLFLLLTFLILI	284.347	279.57	54.608	51.3767	3649	114
Reject	249	LLLLYALLAVLFLLLTFLILI	LLLLYTLLAVLFLLLTFLILI	279.57	292.687	51.3767	55.954	3649	114
Reject	250	LLLLYALLAVLFLLLTFLILI	LLLLYALLAVLFVLLTFLILI	279.57	287.817	51.3767	58.5323	3649	114
Accept	251	LLLLYALLAVLFLLLTFLILI	LLLLYALLAVLFLLLSFLILI	279.57	271.213	51.3767	50.7799	3649	115
Reject	252	LLLLYALLAVLFLLLSFLILI	LLLLYALLAVLFLLLLFLILI	271.213	284.896	50.7799	48.5999	3649	115
Accept	253	LLLLYALLAVLFLLLSFLILI	LLLLYALLALLFLLLSFLILI	271.213	277.918	50.7799	51.8311	3649	116
Accept	254	LLLLYALLALLFLLLSFLILI	LLLLYALLALLFTLLSFLILI	277.918	278.076	51.8311	54.608	3649	117
Accept	255	LLLLYALLALLFTLLSFLILI	LLLLLALLALLFTLLSFLILI	278.076	271.862	54.608	50.068	3649	118
Reject	256	LLLLLALLALLFTLLSFLILI	LLLLLALLSLLFTLLSFLILI	271.862	276.84	50.068	54.0485	3649	118
Accept	257	LLLLLALLALLFTLLSFLILI	LLLLLALLALLFTLLSVLILI	271.862	266.788	50.068	44.4768	3649	119
Accept	258	LLLLLALLALLFTLLSVLILI	LLLLLALLSLLFTLLSVLILI	266.788	271.768	44.4768	48.4573	3649	120
Accept	259	LLLLLALLSLLFTLLSVLILI	LLLLLALLALLFTLLSVLILI	271.768	266.788	48.4573	44.4768	3649	121
Accept	260	LLLLLALLALLFTLLSVLILI	LLLLLALLATLFTLLSVLILI	266.788	272.329	44.4768	51.357	3649	122
Reject	261	LLLLLALLATLFTLLSVLILI	LLLLLALLATLFTLLTVLILI	272.329	286.802	51.357	58.4575	3649	122
Reject	262	LLLLLALLATLFTLLSVLILI	LLLLLALLATLFTLLSFLILI	272.329	277.423	51.357	56.9482	3649	122
Reject	263	LLLLLALLATLFTLLSVLILI	LLLLLALLSTLFTLLSVLILI	272.329	277.277	51.357	55.3375	3649	122
Reject	264	LLLLLALLATLFTLLSVLILI	LLLLLALLATLFTLLFVLILI	272.329	298.445	51.357	53.7169	3649	122
Accept	265	LLLLLALLATLFTLLSVLILI	LLLLLLLLATLFTLLSVLILI	272.329	273.496	51.357	49.054	3649	123
Accept	266	LLLLLLLLATLFTLLSVLILI	LLLLLLLLAVLFTLLSVLILI	273.496	268.058	49.054	45.226	3649	124
Accept	267	LLLLLLLLAVLFTLLSVLILI	LLLLLLLLAVLFTLLSYLILI	268.058	269.811	45.226	46.7138	3649	125
Accept	268	LLLLLLLLAVLFTLLSYLILI	LLLLLLLLAVLFVLLSYLILI	269.811	271.932	46.7138	46.9892	3649	126
Accept	269	LLLLLLLLAVLFVLLSYLILI	LLLLLLLLALLFVLLSYLILI	271.932	273.473	46.9892	46.3373	3649	127
Accept	270	LLLLLLLLALLFVLLSYLILI	LLLLLALLALLFVLLSYLILI	273.473	270.699	46.3373	46.2399	3649	128
Reject	271	LLLLLALLALLFVLLSYLILI	LLLLLALLALLFVLLTYLILI	270.699	279.095	46.2399	46.8367	3649	128
Accept	272	LLLLLALLALLFVLLSYLILI	LLLLLALLALLFVLLTYLILI	270.699	279.095	46.2399	46.8367	3649	129
Reject	273	LLLLLALLALLFVLLTYLILI	LLLLLTLLALLFVLLTYLILI	279.095	292.163	46.8367	51.414	3649	129
Accept	274	LLLLLALLALLFVLLTYLILI	LLLLLALLALLFVLLTSLILI	279.095	274.484	46.8367	44.4768	3649	130
Accept	275	LLLLLALLALLFVLLTSLILI	LLLLLALLALLFVLLSSLILI	274.484	270.217	44.4768	47.9834	3649	131
Reject	276	LLLLLALLALLFVLLSSLILI	LLLLLALLALLTVLLSSLILI	270.217	274.759	47.9834	50.3237	3649	131
Accept	277	LLLLLALLALLFVLLSSLILI	LLLLLALLAFLFVLLSSLILI	270.217	275.852	47.9834	52.5234	3649	132
Accept	278	LLLLLALLAFLFVLLSSLILI	LLLLLALLAFLLVLLSSLILI	275.852	279.51	52.5234	47.9834	3649	133
Reject	279	LLLLLALLAFLLVLLSSLILI	LLLLLTLLAFLLVLLSSLILI	279.51	291.166	47.9834	48.4573	3649	133
Accept	280	LLLLLALLAFLLVLLSSLILI	LLLLLALLAFLLTLLSSLILI	279.51	278.376	47.9834	51.8115	3649	134
Accept	281	LLLLLALLAFLLTLLSSLILI	LLLLLALLAFLLTLLSLLILI	278.376	274.08	51.8115	47.9283	3649	135
Reject	282	LLLLLALLAFLLTLLSLLILI	LLLLLALLSFLLTLLSLLILI	274.08	279.22	47.9283	51.9088	3649	135
Accept	283	LLLLLALLAFLLTLLSLLILI	LLLLLLLLAFLLTLLSLLILI	274.08	281.735	47.9283	49.7288	3649	136
Accept	284	LLLLLLLLAFLLTLLSLLILI	LLLLLLLLAFLFTLLSLLILI	281.735	280.881	49.7288	50.1654	3649	137
Accept	285	LLLLLLLLAFLFTLLSLLILI	LLLLLLLLAFLFTLLSVLILI	280.881	275.938	50.1654	46.7138	3649	138
Accept	286	LLLLLLLLAFLFTLLSVLILI	LLLLLLLLAFLFTLLAVLILI	275.938	281.789	46.7138	46.8367	3649	139
Accept	287	LLLLLLLLAFLFTLLAVLILI	LLLLLLLLAFLFVLLAVLILI	281.789	281.267	46.8367	47.1121	3649	140
Accept	288	LLLLLLLLAFLFVLLAVLILI	LLLLLLLLSFLFVLLAVLILI	281.267	281.685	47.1121	46.9892	3649	141
Accept	289	LLLLLLLLSFLFVLLAVLILI	LLLLLLLLAFLFVLLAVLILI	281.685	281.47	46.9892	47.1121	3649	142
Accept	290	LLLLLLLLAFLFVLLAVLILI	LLLLLLLLAFLFILLAVLILI	281.47	279.578	47.1121	43.2484	3338.43	143
Reject	291	LLLLLLLLAFLFILLAVLILI	LLLLLTLLAFLFILLAVLILI	279.578	287.793	43.2484	46.0252	3054.29	143
Accept	292	LLLLLLLLAFLFILLAVLILI	LLLLLLLLAFLYILLAVLILI	279.578	280.025	43.2484	43.2484	3054.29	144
Accept	293	LLLLLLLLAFLYILLAVLILI	LLLLLLLLAFLYLLLAVLILI	280.025	280.593	43.2484	46.4602	2794.33	145
Reject	294	LLLLLLLLAFLYLLLAVLILI	LLLLLLLLAFLYLLLALLILI	280.593	287.417	46.4602	51.6149	2556.5	145
Reject	295	LLLLLLLLAFLYLLLAVLILI	LLLLLLLLAFLYLLLAYLILI	280.593	290.356	46.4602	56.1549	2556.5	145
Accept	296	LLLLLLLLAFLYLLLAVLILI	LLLLLLLLAFLTLLLAVLILI	280.593	282.884	46.4602	44.6971	2556.5	146
Accept	297	LLLLLLLLAFLTLLLAVLILI	LLLLLLLLAVLTLLLAVLILI	282.884	279.048	44.6971	47.3127	2338.91	147
Accept	298	LLLLLLLLAVLTLLLAVLILI	LLLLVLLLAVLTLLLAVLILI	279.048	280.665	47.3127	50.3649	2139.84	148
Accept	299	LLLLVLLLAVLTLLLAVLILI	LLLLVLLLAVLTILLAVLILI	280.665	280.358	50.3649	49.5534	1957.72	149
Accept	300	LLLLVLLLAVLTILLAVLILI	LLLLVLLLAVLTLLLAVLILI	280.358	280.665	49.5534	50.3649	1791.09	150
Accept	301	LLLLVLLLAVLTLLLAVLILI	LLLLVLLLAVLFLLLAVLILI	280.665	277.333	50.3649	48.0247	1638.65	151
Reject	302	LLLLVLLLAVLFLLLAVLILI	LLLLVLLLAFLFLLLAVLILI	277.333	280.369	48.0247	47.1121	1499.18	151
Reject	303	LLLLVLLLAVLFLLLAVLILI	LLLLVLLLAVLFYLLAVLILI	277.333	285.735	48.0247	52.5647	1499.18	151
Accept	304	LLLLVLLLAVLFLLLAVLILI	LLLLTLLLAVLFLLLAVLILI	277.333	272.267	48.0247	45.3489	1499.18	152
Accept	305	LLLLTLLLAVLFLLLAVLILI	LLLLALLLAVLFLLLAVLILI	272.267	270.976	45.3489	47.2754	1371.58	153
Accept	306	LLLLALLLAVLFLLLAVLILI	LLLLTLLLAVLFLLLAVLILI	270.976	268.965	47.2754	45.3489	1254.84	154
Reject	307	LLLLTLLLAVLFLLLAVLILI	LLLLTLLLSVLFLLLAVLILI	268.965	271.909	45.3489	45.226	1148.04	154
Accept	308	LLLLTLLLAVLFLLLAVLILI	LLLLTLLLAVLFLLLSVLILI	268.965	262.962	45.3489	45.226	1148.04	155
Reject	309	LLLLTLLLAVLFLLLSVLILI	LLLLTLLLAVLFVLLSVLILI	262.962	266.535	45.226	50.6786	1050.33	155
Reject	310	LLLLTLLLAVLFLLLSVLILI	LLLLTLLLAVLFLLLSTLILI	262.962	268.958	45.226	49.054	1050.33	155
Reject	311	LLLLTLLLAVLFLLLSVLILI	LLLLTLLLAVLYLLLSVLILI	262.962	266.372	45.226	49.3294	1050.33	155
Reject	312	LLLLTLLLAVLFLLLSVLILI	LLLLTILLAVLFLLLSVLILI	262.962	264.382	45.226	44.4145	1050.33	155
Accept	313	LLLLTLLLAVLFLLLSVLILI	LLLLTILLAVLFLLLSVLILI	262.962	262.727	45.226	44.4145	1050.33	156
Accept	314	LLLLTILLAVLFLLLSVLILI	LLLLTILLAILFLLLSVLILI	262.727	267.303	44.4145	44.6542	960.933	157
Accept	315	LLLLTILLAILFLLLSVLILI	LLLLTILLALLFLLLSVLILI	267.303	262.331	44.6542	41.3623	879.146	158
Accept	316	LLLLTILLALLFLLLSVLILI	LLLLAILLALLFLLLSVLILI	262.331	263.422	41.3623	40.8884	804.321	159
Reject	317	LLLLAILLALLFLLLSVLILI	LLLLTILLALLFLLLSVLILI	263.422	264.057	40.8884	41.3623	735.863	159
Accept	318	LLLLAILLALLFLLLSVLILI	LLLLAILLALLFTLLSVLILI	263.422	264.127	40.8884	43.6652	735.863	160
Accept	319	LLLLAILLALLFTLLSVLILI	LLLLAILLALLLTLLSVLILI	264.127	265.24	43.6652	43.2287	673.233	161
Accept	320	LLLLAILLALLLTLLSVLILI	LLLLAILLALLFTLLSVLILI	265.24	264.127	43.2287	43.6652	615.932	162
Accept	321	LLLLAILLALLFTLLSVLILI	LLLLAILLALLLTLLSVLILI	264.127	265.24	43.6652	43.2287	563.509	163
Reject	322	LLLLAILLALLLTLLSVLILI	LLLLAILLAVLLTLLSVLILI	265.24	265.662	43.2287	46.2809	515.548	163
Reject	323	LLLLAILLALLLTLLSVLILI	LLLLAILLALLLTLLSFLILI	265.24	269.792	43.2287	44.7165	515.548	163
Reject	324	LLLLAILLALLLTLLSVLILI	LLLLAILLSLLLTLLSVLILI	265.24	270.709	43.2287	47.2092	515.548	163
Accept	325	LLLLAILLALLLTLLSVLILI	LLLLAILLAVLLTLLSVLILI	265.24	265.662	43.2287	46.2809	515.548	164
Accept	326	LLLLAILLAVLLTLLSVLILI	LLLLAILLAVLLTLLSLLILI	265.662	263.782	46.2809	43.2287	471.669	165
Reject	327	LLLLAILLAVLLTLLSLLILI	LLLLTILLAVLLTLLSLLILI	263.782	268.564	43.2287	47.806	431.524	165
Reject	328	LLLLAILLAVLLTLLSLLILI	LLLLAILLAALLTLLSLLILI	263.782	268.496	43.2287	48.9832	431.524	165
Reject	329	LLLLAILLAVLLTLLSLLILI	LLLLTILLAVLLTLLSLLILI	263.782	268.564	43.2287	47.806	431.524	165
Reject	330	LLLLAILLAVLLTLLSLLILI	LLLLFILLAVLLTLLSLLILI	263.782	267.945	43.2287	41.3623	431.524	165
Reject	331	LLLLAILLAVLLTLLSLLILI	LLLLAILLAVLLTLLSVLILI	263.782	265.662	43.2287	46.2809	431.524	165
Reject	332	LLLLAILLAVLLTLLSLLILI	LLLLAILLSVLLTLLSLLILI	263.782	269.284	43.2287	47.2092	431.524	165
Reject	333	LLLLAILLAVLLTLLSLLILI	LLLLAILLAALLTLLSLLILI	263.782	268.496	43.2287	48.9832	394.796	165
Reject	334	LLLLAILLAVLLTLLSLLILI	LLLLAILLAVLLTLLALLILI	263.782	272.311	43.2287	45.7519	394.796	165
Accept	335	LLLLAILLAVLLTLLSLLILI	LLLLAILLAVLFTLLSLLILI	263.782	262.971	43.2287	43.6652	394.796	166
Reject	336	LLLLAILLAVLFTLLSLLILI	LLLLALLLAVLFTLLSLLILI	262.971	263.441	43.6652	44.4768	361.194	166
Reject	337	LLLLAILLAVLFTLLSLLILI	LLLLALLLAVLFTLLSLLILI	262.971	263.441	43.6652	44.4768	361.194	166
Reject	338	LLLLAILLAVLFTLLSLLILI	LLLLAILLAVLLTLLSLLILI	262.971	263.782	43.6652	43.2287	361.194	166
Accept	339	LLLLAILLAVLFTLLSLLILI	LLLLAILLAVLFLLLSLLILI	262.971	261.593	43.6652	40.8884	361.194	167
Reject	340	LLLLAILLAVLFLLLSLLILI	LLLLAILLSVLFLLLSLLILI	261.593	265.59	40.8884	44.8689	330.452	167
Accept	341	LLLLAILLAVLFLLLSLLILI	LLLLAILLAVLFLLLSALILI	261.593	261.483	40.8884	45.5917	330.452	168
Reject	342	LLLLAILLAVLFLLLSALILI	LLLLTILLAVLFLLLSALILI	261.483	262.385	45.5917	43.6652	302.327	168
Reject	343	LLLLAILLAVLFLLLSALILI	LLLLTILLAVLFLLLSALILI	261.483	263.352	45.5917	43.6652	302.327	168
Accept	344	LLLLAILLAVLFLLLSALILI	LLLLAILLAVLFLLLSLLILI	261.483	261.593	45.5917	40.8884	302.327	169
Reject	345	LLLLAILLAVLFLLLSLLILI	LLLLAILLAVLFLLLTLLILI	261.593	268.413	40.8884	41.4852	276.595	169
Reject	346	LLLLAILLAVLFLLLSLLILI	LLLLAILLAVLFLLLALLILI	261.593	268.635	40.8884	43.4117	276.595	169
Reject	347	LLLLAILLAVLFLLLSLLILI	LLLLAILLATLFLLLSLLILI	261.593	266.934	40.8884	44.7165	276.595	169
Reject	348	LLLLAILLAVLFLLLSLLILI	LLLLAILLSVLFLLLSLLILI	261.593	266.92	40.8884	44.8689	276.595	169
Reject	349	LLLLAILLAVLFLLLSLLILI	LLLLAILLAVLYLLLSLLILI	261.593	263.588	40.8884	44.9919	276.595	169
Reject	350	LLLLAILLAVLFLLLSLLILI	LLLLAVLLAVLFLLLSLLILI	261.593	263.702	40.8884	44.7521	276.595	169
Reject	351	LLLLAILLAVLFLLLSLLILI	LLLLAVLLAVLFLLLSLLILI	261.593	263.702	40.8884	44.7521	253.054	169
Reject	352	LLLLAILLAVLFLLLSLLILI	LLLLAILLAVLYLLLSLLILI	261.593	263.588	40.8884	44.9919	253.054	169
Reject	353	LLLLAILLAVLFLLLSLLILI	LLLLAILLAVLFLLLALLILI	261.593	270.064	40.8884	43.4117	253.054	169
Reject	354	LLLLAILLAVLFLLLSLLILI	LLLLAILLSVLFLLLSLLILI	261.593	266.92	40.8884	44.8689	253.054	169
Reject	355	LLLLAILLAVLFLLLSLLILI	LLLLALLLAVLFLLLSLLILI	261.593	263.064	40.8884	44.1003	253.054	169
Reject	356	LLLLAILLAVLFLLLSLLILI	LLLLAILLATLFLLLSLLILI	261.593	265.551	40.8884	44.7165	253.054	169
Reject	357	LLLLAILLAVLFLLLSLLILI	LLLLAILLAALFLLLSLLILI	261.593	266.247	40.8884	46.643	231.516	169
Accept	358	LLLLAILLAVLFLLLSLLILI	LLLLAILLAVLFVLLSLLILI	261.593	261.212	40.8884	43.9406	231.516	170
Accept	359	LLLLAILLAVLFVLLSLLILI	LLLLAILLAVLFLLLSLLILI	261.212	261.593	43.9406	40.8884	211.811	171
Reject	360	LLLLAILLAVLFLLLSLLILI	LLLLAILLSVLFLLLSLLILI	261.593	266.92	40.8884	44.8689	193.783	171
Reject	361	LLLLAILLAVLFLLLSLLILI	LLLLAILLAVLYLLLSLLILI	261.593	263.588	40.8884	44.9919	193.783	171
Reject	362	LLLLAILLAVLFLLLSLLILI	LLLLAILLSVLFLLLSLLILI	261.593	266.92	40.8884	44.8689	193.783	171
Reject	363	LLLLAILLAVLFLLLSLLILI	LLLLAILLATLFLLLSLLILI	261.593	266.934	40.8884	44.7165	193.783	171
Accept	364	LLLLAILLAVLFLLLSLLILI	LLLLAILLAVLFLLLSTLILI	261.593	262.358	40.8884	43.6652	193.783	172
Reject	365	LLLLAILLAVLFLLLSTLILI	LLLLAILLSVLFLLLSTLILI	262.358	267.756	43.6652	47.6458	177.29	172
Reject	366	LLLLAILLAVLFLLLSTLILI	LLLLALLLAVLFLLLSTLILI	262.358	262.826	43.6652	44.4768	177.29	172
Reject	367	LLLLAILLAVLFLLLSTLILI	LLLLALLLAVLFLLLSTLILI	262.358	262.826	43.6652	44.4768	177.29	172
Reject	368	LLLLAILLAVLFLLLSTLILI	LLLLAILLAVLFLLLTTLILI	262.358	274.705	43.6652	48.3654	177.29	172
Reject	369	LLLLAILLAVLFLLLSTLILI	LLLLAILLSVLFLLLSTLILI	262.358	269.305	43.6652	47.6458	177.29	172
Reject	370	LLLLAILLAVLFLLLSTLILI	LLLLAILLAVLFLLLLTLILI	262.358	273.162	43.6652	41.4852	177.29	172
Reject	371	LLLLAILLAVLFLLLSTLILI	LLLLAILLAVLFLLLATLILI	262.358	270.829	43.6652	46.1885	162.201	172
Reject	372	LLLLAILLAVLFLLLSTLILI	LLLLAILLSVLFLLLSTLILI	262.358	269.305	43.6652	47.6458	162.201	172
Reject	373	LLLLAILLAVLFLLLSTLILI	LLLLAILLALLFLLLSTLILI	262.358	266.074	43.6652	44.7165	162.201	172
Accept	374	LLLLAILLAVLFLLLSTLILI	LLLLAILLAVLFLLLSLLILI	262.358	260.195	43.6652	40.8884	162.201	173
Reject	375	LLLLAILLAVLFLLLSLLILI	LLLLAILLSVLFLLLSLLILI	260.195	265.59	40.8884	44.8689	148.395	173
Reject	376	LLLLAILLAVLFLLLSLLILI	LLLLAILLSVLFLLLSLLILI	260.195	265.59	40.8884	44.8689	148.395	173
Reject	377	LLLLAILLAVLFLLLSLLILI	LLLLALLLAVLFLLLSLLILI	260.195	263.064	40.8884	44.1003	148.395	173
Reject	378	LLLLAILLAVLFLLLSLLILI	LLLLAILLAVLFVLLSLLILI	260.195	261.212	40.8884	43.9406	148.395	173
Reject	379	LLLLAILLAVLFLLLSLLILI	LLLLTILLAVLFLLLSLLILI	260.195	260.817	40.8884	41.3623	148.395	173
Reject	380	LLLLAILLAVLFLLLSLLILI	LLLLAILLAVLFLLLSFLILI	260.195	262.811	40.8884	45.4284	148.395	173
Reject	381	LLLLAILLAVLFLLLSLLILI	LLLLAILLAVLYLLLSLLILI	260.195	263.588	40.8884	44.9919	135.765	173
Reject	382	LLLLAILLAVLFLLLSLLILI	LLLLAILLSVLFLLLSLLILI	260.195	265.59	40.8884	44.8689	135.765	173
Reject	383	LLLLAILLAVLFLLLSLLILI	LLLLAILLAVLFLLLTLLILI	260.195	269.808	40.8884	41.4852	135.765	173
Reject	384	LLLLAILLAVLFLLLSLLILI	LLLLTILLAVLFLLLSLLILI	260.195	260.817	40.8884	41.3623	135.765	173
Reject	385	LLLLAILLAVLFLLLSLLILI	LLLLAILLAVLFVLLSLLILI	260.195	261.212	40.8884	43.9406	135.765	173
Reject	386	LLLLAILLAVLFLLLSLLILI	LLLLAVLLAVLFLLLSLLILI	260.195	263.702	40.8884	44.7521	135.765	173
Reject	387	LLLLAILLAVLFLLLSLLILI	LLLLAILLAVLFVLLSLLILI	260.195	261.212	40.8884	43.9406	124.21	173
Reject	388	LLLLAILLAVLFLLLSLLILI	LLLLAILLAVLYLLLSLLILI	260.195	263.588	40.8884	44.9919	124.21	173
Reject	389	LLLLAILLAVLFLLLSLLILI	LLLLAILLAVLFLLLSALILI	260.195	261.483	40.8884	45.5917	124.21	173
Reject	390	LLLLAILLAVLFLLLSLLILI	LLLLAILLAVLYLLLSLLILI	260.195	263.588	40.8884	44.9919	124.21	173
Reject	391	LLLLAILLAVLFLLLSLLILI	LLLLAILLAVLFLLLTLLILI	260.195	268.413	40.8884	41.4852	124.21	173
Reject	392	LLLLAILLAVLFLLLSLLILI	LLLLAALLAVLFLLLSLLILI	260.195	263.814	40.8884	46.4033	124.21	173
Reject	393	LLLLAILLAVLFLLLSLLILI	LLLLAILLAVLYLLLSLLILI	260.195	263.588	40.8884	44.9919	113.638	173
Reject	394	LLLLAILLAVLFLLLSLLILI	LLLLAILLAVLFLLLTLLILI	260.195	268.413	40.8884	41.4852	113.638	173
Reject	395	LLLLAILLAVLFLLLSLLILI	LLLLAILLAALFLLLSLLILI	260.195	266.247	40.8884	46.643	113.638	173
Reject	396	LLLLAILLAVLFLLLSLLILI	LLLLAILLAVLYLLLSLLILI	260.195	263.588	40.8884	44.9919	113.638	173
Reject	397	LLLLAILLAVLFLLLSLLILI	LLLLAILLAVLFLLLSALILI	260.195	263.321	40.8884	45.5917	113.638	173
Reject	398	LLLLAILLAVLFLLLSLLILI	LLLLAILLAVLYLLLSLLILI	260.195	263.588	40.8884	44.9919	113.638	173
Reject	399	LLLLAILLAVLFLLLSLLILI	LLLLTILLAVLFLLLSLLILI	260.195	262.236	40.8884	41.3623	103.966	173
Reject	400	LLLLAILLAVLFLLLSLLILI	LLLLAILLAVLFLLLSALILI	260.195	263.321	40.8884	45.5917	103.966	173
Reject	401	LLLLAILLAVLFLLLSLLILI	LLLLTILLAVLFLLLSLLILI	260.195	262.236	40.8884	41.3623	103.966	173
Reject	402	LLLLAILLAVLFLLLSLLILI	LLLLAILLAVLFLLLSVLILI	260.195	263.74	40.8884	43.9406	103.966	173
Reject	403	LLLLAILLAVLFLLLSLLILI	LLLLAILLAVLFLLLALLILI	260.195	268.635	40.8884	43.4117	103.966	173
Reject	404	LLLLAILLAVLFLLLSLLILI	LLLLAILLAVLFVLLSLLILI	260.195	261.212	40.8884	43.9406	103.966	173
Reject	405	LLLLAILLAVLFLLLSLLILI	LLLLAILLAVLFVLLSLLILI	260.195	261.212	40.8884	43.9406	95.1175	173
Reject	406	LLLLAILLAVLFLLLSLLILI	LLLLALLLAVLFLLLSLLILI	260.195	263.064	40.8884	44.1003	95.1175	173
Reject	407	LLLLAILLAVLFLLLSLLILI	LLLLAILLAVLYLLLSLLILI	260.195	263.588	40.8884	44.9919	95.1175	173
Reject	408	LLLLAILLAVLFLLLSLLILI	LLLLAILLSVLFLLLSLLILI	260.195	266.92	40.8884	44.8689	95.1175	173
Reject	409	LLLLAILLAVLFLLLSLLILI	LLLLAILLAVLFLLLSTLILI	260.195	262.358	40.8884	43.6652	95.1175	173
Reject	410	LLLLAILLAVLFLLLSLLILI	LLLLAILLSVLFLLLSLLILI	260.195	266.92	40.8884	44.8689	95.1175	173
Reject	411	LLLLAILLAVLFLLLSLLILI	LLLLAILLAVLFLLLSVLILI	260.195	262.105	40.8884	43.9406	87.0218	173
Reject	412	LLLLAILLAVLFLLLSLLILI	LLLLAILLAVLFLLLSFLILI	260.195	262.811	40.8884	45.4284	87.0218	173
Reject	413	LLLLAILLAVLFLLLSLLILI	LLLLAILLATLFLLLSLLILI	260.195	265.551	40.8884	44.7165	87.0218	173
Reject	414	LLLLAILLAVLFLLLSLLILI	LLLLTILLAVLFLLLSLLILI	260.195	260.817	40.8884	41.3623	87.0218	173
Reject	415	LLLLAILLAVLFLLLSLLILI	LLLLAILLAVLYLLLSLLILI	260.195	263.588	40.8884	44.9919	87.0218	173
Reject	416	LLLLAILLAVLFLLLSLLILI	LLLLAVLLAVLFLLLSLLILI	260.195	262.306	40.8884	44.7521	87.0218	173
Reject	417	LLLLAILLAVLFLLLSLLILI	LLLLAILLATLFLLLSLLILI	260.195	265.551	40.8884	44.7165	79.6152	173
Reject	418	LLLLAILLAVLFLLLSLLILI	LLLLAVLLAVLFLLLSLLILI	260.195	263.702	40.8884	44.7521	79.6152	173
Reject	419	LLLLAILLAVLFLLLSLLILI	LLLLAILLAVLYLLLSLLILI	260.195	263.588	40.8884	44.9919	79.6152	173
Reject	420	LLLLAILLAVLFLLLSLLILI	LLLLAILLAALFLLLSLLILI	260.195	264.927	40.8884	46.643	79.6152	173
Reject	421	LLLLAILLAVLFLLLSLLILI	LLLLAILLAVLFLLLTLLILI	260.195	268.413	40.8884	41.4852	79.6152	173
Reject	422	LLLLAILLAVLFLLLSLLILI	LLLLAILLSVLFLLLSLLILI	260.195	266.92	40.8884	44.8689	79.6152	173
Reject	423	LLLLAILLAVLFLLLSLLILI	LLLLAILLAVLFVLLSLLILI	260.195	261.212	40.8884	43.9406	72.839	173
Reject	424	LLLLAILLAVLFLLLSLLILI	LLLLAVLLAVLFLLLSLLILI	260.195	263.702	40.8884	44.7521	72.839	173
Reject	425	LLLLAILLAVLFLLLSLLILI	LLLLAILLAVLFLLLSTLILI	260.195	262.358	40.8884	43.6652	72.839	173
Reject	426	LLLLAILLAVLFLLLSLLILI	LLLLAILLAVLFVLLSLLILI	260.195	261.212	40.8884	43.9406	72.839	173
Reject	427	LLLLAILLAVLFLLLSLLILI	LLLLAILLAVLFLLLSTLILI	260.195	262.358	40.8884	43.6652	72.839	173
Reject	428	LLLLAILLAVLFLLLSLLILI	LLLLAILLAVLYLLLSLLILI	260.195	263.588	40.8884	44.9919	72.839	173
Reject	429	LLLLAILLAVLFLLLSLLILI	LLLLAILLAVLFLLLALLILI	260.195	268.635	40.8884	43.4117	66.6396	173
Reject	430	LLLLAILLAVLFLLLSLLILI	LLLLAILLAVLFVLLSLLILI	260.195	261.212	40.8884	43.9406	66.6396	173
Reject	431	LLLLAILLAVLFLLLSLLILI	LLLLAILLAVLFLLLALLILI	260.195	268.635	40.8884	43.4117	66.6396	173
Reject	432	LLLLAILLAVLFLLLSLLILI	LLLLTILLAVLFLLLSLLILI	260.195	260.817	40.8884	41.3623	66.6396	173
Reject	433	LLLLAILLAVLFLLLSLLILI	LLLLAILLAVLFVLLSLLILI	260.195	261.212	40.8884	43.9406	66.6396	173
Reject	434	LLLLAILLAVLFLLLSLLILI	LLLLAILLAVLFLLLSTLILI	260.195	262.358	40.8884	43.6652	66.6396	173
Reject	435	LLLLAILLAVLFLLLSLLILI	LLLLAILLAVLFLLLTLLILI	260.195	268.413	40.8884	41.4852	60.9677	173
Reject	436	LLLLAILLAVLFLLLSLLILI	LLLLAILLATLFLLLSLLILI	260.195	265.551	40.8884	44.7165	60.9677	173
Reject	437	LLLLAILLAVLFLLLSLLILI	LLLLAILLAVLFLLLTLLILI	260.195	268.413	40.8884	41.4852	60.9677	173
Reject	438	LLLLAILLAVLFLLLSLLILI	LLLLAILLAVLYLLLSLLILI	260.195	263.588	40.8884	44.9919	60.9677	173
Reject	439	LLLLAILLAVLFLLLSLLILI	LLLLAILLAVLFLLLSTLILI	260.195	262.358	40.8884	43.6652	60.9677	173
Reject	440	LLLLAILLAVLFLLLSLLILI	LLLLTILLAVLFLLLSLLILI	260.195	262.236	40.8884	41.3623	60.9677	173
Reject	441	LLLLAILLAVLFLLLSLLILI	LLLLAILLAVLFVLLSLLILI	260.195	261.212	40.8884	43.9406	55.7787	173
Reject	442	LLLLAILLAVLFLLLSLLILI	LLLLAILLAVLFLLLTLLILI	260.195	269.808	40.8884	41.4852	55.7787	173
Reject	443	LLLLAILLAVLFLLLSLLILI	LLLLAILLAVLFVLLSLLILI	260.195	261.212	40.8884	43.9406	55.7787	173
Reject	444	LLLLAILLAVLFLLLSLLILI	LLLLAILLAVLFVLLSLLILI	260.195	261.212	40.8884	43.9406	55.7787	173
Reject	445	LLLLAILLAVLFLLLSLLILI	LLLLTILLAVLFLLLSLLILI	260.195	260.817	40.8884	41.3623	55.7787	173
Reject	446	LLLLAILLAVLFLLLSLLILI	LLLLAILLSVLFLLLSLLILI	260.195	265.59	40.8884	44.8689	55.7787	173
Reject	447	LLLLAILLAVLFLLLSLLILI	LLLLAILLAVLYLLLSLLILI	260.195	263.588	40.8884	44.9919	51.0312	173
Reject	448	LLLLAILLAVLFLLLSLLILI	LLLLAILLSVLFLLLSLLILI	260.195	265.59	40.8884	44.8689	51.0312	173
Reject	449	LLLLAILLAVLFLLLSLLILI	LLLLAILLAVLFLLLTLLILI	260.195	269.808	40.8884	41.4852	51.0312	173
Reject	450	LLLLAILLAVLFLLLSLLILI	LLLLAVLLAVLFLLLSLLILI	260.195	263.702	40.8884	44.7521	51.0312	173
Reject	451	LLLLAILLAVLFLLLSLLILI	LLLLAILLAVLYLLLSLLILI	260.195	263.588	40.8884	44.9919	51.0312	173
Reject	452	LLLLAILLAVLFLLLSLLILI	LLLLAILLAVLFLLLSVLILI	260.195	262.105	40.8884	43.9406	51.0312	173
Reject	453	LLLLAILLAVLFLLLSLLILI	LLLLTILLAVLFLLLSLLILI	260.195	262.236	40.8884	41.3623	46.6879	173
Reject	454	LLLLAILLAVLFLLLSLLILI	LLLLAILLAVLFVLLSLLILI	260.195	261.212	40.8884	43.9406	46.6879	173
Reject	455	LLLLAILLAVLFLLLSLLILI	LLLLTILLAVLFLLLSLLILI	260.195	262.236	40.8884	41.3623	46.6879	173
Reject	456	LLLLAILLAVLFLLLSLLILI	LLLLAVLLAVLFLLLSLLILI	260.195	264.459	40.8884	44.7521	46.6879	173
Reject	457	LLLLAILLAVLFLLLSLLILI	LLLLAILLAVLFLLLTLLILI	260.195	268.413	40.8884	41.4852	46.6879	173
Reject	458	LLLLAILLAVLFLLLSLLILI	LLLLAILLAVLFLLLTLLILI	260.195	268.413	40.8884	41.4852	46.6879	173
Reject	459	LLLLAILLAVLFLLLSLLILI	LLLLAILLAVLFLLLTLLILI	260.195	269.808	40.8884	41.4852	42.7142	173
Reject	460	LLLLAILLAVLFLLLSLLILI	LLLLAILLAVLFVLLSLLILI	260.195	261.212	40.8884	43.9406	42.7142	173
Reject	461	LLLLAILLAVLFLLLSLLILI	LLLLTILLAVLFLLLSLLILI	260.195	262.236	40.8884	41.3623	42.7142	173
Reject	462	LLLLAILLAVLFLLLSLLILI	LLLLTILLAVLFLLLSLLILI	260.195	262.236	40.8884	41.3623	42.7142	173
Reject	463	LLLLAILLAVLFLLLSLLILI	LLLLAILLAALFLLLSLLILI	260.195	266.247	40.8884	46.643	42.7142	173
Reject	464	LLLLAILLAVLFLLLSLLILI	LLLLAVLLAVLFLLLSLLILI	260.195	263.702	40.8884	44.7521	42.7142	173
Reject	465	LLLLAILLAVLFLLLSLLILI	LLLLAILLAVLYLLLSLLILI	260.195	263.588	40.8884	44.9919	39.0787	173
Reject	466	LLLLAILLAVLFLLLSLLILI	LLLLAILLAVLFLLLALLILI	260.195	268.635	40.8884	43.4117	39.0787	173
Reject	467	LLLLAILLAVLFLLLSLLILI	LLLLAILLAVLFVLLSLLILI	260.195	261.212	40.8884	43.9406	39.0787	173
Reject	468	LLLLAILLAVLFLLLSLLILI	LLLLAVLLAVLFLLLSLLILI	260.195	263.702	40.8884	44.7521	39.0787	173
Reject	469	LLLLAILLAVLFLLLSLLILI	LLLLAILLAALFLLLSLLILI	260.195	266.247	40.8884	46.643	39.0787	173
Reject	470	LLLLAILLAVLFLLLSLLILI	LLLLAVLLAVLFLLLSLLILI	260.195	263.702	40.8884	44.7521	39.0787	173
Reject	471	LLLLAILLAVLFLLLSLLILI	LLLLAILLAVLFVLLSLLILI	260.195	261.212	40.8884	43.9406	35.7526	173
Reject	472	LLLLAILLAVLFLLLSLLILI	LLLLAVLLAVLFLLLSLLILI	260.195	262.306	40.8884	44.7521	35.7526	173
Reject	473	LLLLAILLAVLFLLLSLLILI	LLLLAILLSVLFLLLSLLILI	260.195	265.59	40.8884	44.8689	35.7526	173
Reject	474	LLLLAILLAVLFLLLSLLILI	LLLLAILLAVLFLLLSVLILI	260.195	262.105	40.8884	43.9406	35.7526	173
Reject	475	LLLLAILLAVLFLLLSLLILI	LLLLAILLAVLFLLLTLLILI	260.195	269.808	40.8884	41.4852	35.7526	173
Reject	476	LLLLAILLAVLFLLLSLLILI	LLLLAILLSVLFLLLSLLILI	260.195	265.59	40.8884	44.8689	35.7526	173
Reject	477	LLLLAILLAVLFLLLSLLILI	LLLLAILLAVLYLLLSLLILI	260.195	263.588	40.8884	44.9919	32.7096	173
Reject	478	LLLLAILLAVLFLLLSLLILI	LLLLAILLAVLFLLLALLILI	260.195	268.635	40.8884	43.4117	32.7096	173
Reject	479	LLLLAILLAVLFLLLSLLILI	LLLLAILLAVLFLLLTLLILI	260.195	269.808	40.8884	41.4852	32.7096	173
Reject	480	LLLLAILLAVLFLLLSLLILI	LLLLAILLAVLFLLLSFLILI	260.195	262.811	40.8884	45.4284	32.7096	173
Reject	481	LLLLAILLAVLFLLLSLLILI	LLLLAILLAVLYLLLSLLILI	260.195	263.588	40.8884	44.9919	32.7096	173
Reject	482	LLLLAILLAVLFLLLSLLILI	LLLLTILLAVLFLLLSLLILI	260.195	263.584	40.8884	41.3623	32.7096	173
Reject	483	LLLLAILLAVLFLLLSLLILI	LLLLAILLAVLFLLLSALILI	260.195	261.483	40.8884	45.5917	29.9257	173
Reject	484	LLLLAILLAVLFLLLSLLILI	LLLLAILLAVLFLLLSFLILI	260.195	262.811	40.8884	45.4284	29.9257	173
Reject	485	LLLLAILLAVLFLLLSLLILI	LLLLAILLAVLFLLLTLLILI	260.195	269.808	40.8884	41.4852	29.9257	173
Reject	486	LLLLAILLAVLFLLLSLLILI	LLLLTILLAVLFLLLSLLILI	260.195	262.236	40.8884	41.3623	29.9257	173
Reject	487	LLLLAILLAVLFLLLSLLILI	LLLLAILLSVLFLLLSLLILI	260.195	266.92	40.8884	44.8689	29.9257	173
Reject	488	LLLLAILLAVLFLLLSLLILI	LLLLTILLAVLFLLLSLLILI	260.195	262.236	40.8884	41.3623	29.9257	173
Reject	489	LLLLAILLAVLFLLLSLLILI	LLLLAILLAVLFVLLSLLILI	260.195	261.212	40.8884	43.9406	27.3786	173
Reject	490	LLLLAILLAVLFLLLSLLILI	LLLLAILLAVLFVLLSLLILI	260.195	261.212	40.8884	43.9406	27.3786	173
Reject	491	LLLLAILLAVLFLLLSLLILI	LLLLAILLAVLFVLLSLLILI	260.195	261.212	40.8884	43.9406	27.3786	173
Reject	492	LLLLAILLAVLFLLLSLLILI	LLLLAILLAALFLLLSLLILI	260.195	266.247	40.8884	46.643	27.3786	173
Reject	493	LLLLAILLAVLFLLLSLLILI	LLLLAILLAALFLLLSLLILI	260.195	266.247	40.8884	46.643	27.3786	173
Reject	494	LLLLAILLAVLFLLLSLLILI	LLLLAILLAVLFLLLSALILI	260.195	261.483	40.8884	45.5917	27.3786	173
Reject	495	LLLLAILLAVLFLLLSLLILI	LLLLAILLATLFLLLSLLILI	260.195	265.551	40.8884	44.7165	25.0484	173
Reject	496	LLLLAILLAVLFLLLSLLILI	LLLLAILLAALFLLLSLLILI	260.195	264.927	40.8884	46.643	25.0484	173
Reject	497	LLLLAILLAVLFLLLSLLILI	LLLLAILLATLFLLLSLLILI	260.195	266.934	40.8884	44.7165	25.0484	173
Reject	498	LLLLAILLAVLFLLLSLLILI	LLLLAILLSVLFLLLSLLILI	260.195	266.92	40.8884	44.8689	25.0484	173
Reject	499	LLLLAILLAVLFLLLSLLILI	LLLLAILLAVLFVLLSLLILI	260.195	261.212	40.8884	43.9406	25.0484	173
Reject	500	LLLLAILLAVLFLLLSLLILI	LLLLAILLAVLFLLLTLLILI	260.195	269.808	40.8884	41.4852	25.0484	173
Reject	501	LLLLAILLAVLFLLLSLLILI	LLLLAILLAVLFLLLTLLILI	260.195	269.808	40.8884	41.4852	22.9165	173
Reject	502	LLLLAILLAVLFLLLSLLILI	LLLLALLLAVLFLLLSLLILI	260.195	263.064	40.8884	44.1003	22.9165	173
Reject	503	LLLLAILLAVLFLLLSLLILI	LLLLAILLSVLFLLLSLLILI	260.195	265.59	40.8884	44.8689	22.9165	173
Reject	504	LLLLAILLAVLFLLLSLLILI	LLLLTILLAVLFLLLSLLILI	260.195	262.236	40.8884	41.3623	22.9165	173
Reject	505	LLLLAILLAVLFLLLSLLILI	LLLLAILLAVLFVLLSLLILI	260.195	261.212	40.8884	43.9406	22.9165	173
Reject	506	LLLLAILLAVLFLLLSLLILI	LLLLAILLAVLFLLLSTLILI	260.195	262.358	40.8884	43.6652	22.9165	173
Reject	507	LLLLAILLAVLFLLLSLLILI	LLLLAILLAVLYLLLSLLILI	260.195	263.588	40.8884	44.9919	20.966	173
Reject	508	LLLLAILLAVLFLLLSLLILI	LLLLAILLAVLYLLLSLLILI	260.195	263.588	40.8884	44.9919	20.966	173
Reject	509	LLLLAILLAVLFLLLSLLILI	LLLLAILLSVLFLLLSLLILI	260.195	266.92	40.8884	44.8689	20.966	173
Reject	510	LLLLAILLAVLFLLLSLLILI	LLLLTILLAVLFLLLSLLILI	260.195	263.584	40.8884	41.3623	20.966	173
Reject	511	LLLLAILLAVLFLLLSLLILI	LLLLAILLAVLYLLLSLLILI	260.195	263.588	40.8884	44.9919	20.966	173
Reject	512	LLLLAILLAVLFLLLSLLILI	LLLLAILLAALFLLLSLLILI	260.195	266.247	40.8884	46.643	20.966	173
Reject	513	LLLLAILLAVLFLLLSLLILI	LLLLAILLAVLYLLLSLLILI	260.195	263.588	40.8884	44.9919	19.1815	173
Reject	514	LLLLAILLAVLFLLLSLLILI	LLLLTILLAVLFLLLSLLILI	260.195	262.236	40.8884	41.3623	19.1815	173
Reject	515	LLLLAILLAVLFLLLSLLILI	LLLLAILLSVLFLLLSLLILI	260.195	266.92	40.8884	44.8689	19.1815	173
Reject	516	LLLLAILLAVLFLLLSLLILI	LLLLALLLAVLFLLLSLLILI	260.195	264.463	40.8884	44.1003	19.1815	173
Reject	517	LLLLAILLAVLFLLLSLLILI	LLLLAILLAVLFVLLSLLILI	260.195	261.212	40.8884	43.9406	19.1815	173
Reject	518	LLLLAILLAVLFLLLSLLILI	LLLLAILLAVLFLLLSALILI	260.195	261.483	40.8884	45.5917	19.1815	173
Reject	519	LLLLAILLAVLFLLLSLLILI	LLLLAILLAVLYLLLSLLILI	260.195	263.588	40.8884	44.9919	17.549	173
Reject	520	LLLLAILLAVLFLLLSLLILI	LLLLAILLAVLFLLLSTLILI	260.195	262.358	40.8884	43.6652	17.549	173
Reject	521	LLLLAILLAVLFLLLSLLILI	LLLLTILLAVLFLLLSLLILI	260.195	260.817	40.8884	41.3623	17.549	173
Reject	522	LLLLAILLAVLFLLLSLLILI	LLLLALLLAVLFLLLSLLILI	260.195	264.463	40.8884	44.1003	17.549	173
Reject	523	LLLLAILLAVLFLLLSLLILI	LLLLAILLAALFLLLSLLILI	260.195	264.927	40.8884	46.643	17.549	173
Reject	524	LLLLAILLAVLFLLLSLLILI	LLLLAVLLAVLFLLLSLLILI	260.195	262.306	40.8884	44.7521	17.549	173
Reject	525	LLLLAILLAVLFLLLSLLILI	LLLLAILLATLFLLLSLLILI	260.195	265.551	40.8884	44.7165	16.0553	173
Reject	526	LLLLAILLAVLFLLLSLLILI	LLLLAILLAALFLLLSLLILI	260.195	266.247	40.8884	46.643	16.0553	173
Reject	527	LLLLAILLAVLFLLLSLLILI	LLLLALLLAVLFLLLSLLILI	260.195	263.064	40.8884	44.1003	16.0553	173
Reject	528	LLLLAILLAVLFLLLSLLILI	LLLLAILLSVLFLLLSLLILI	260.195	266.92	40.8884	44.8689	16.0553	173
Reject	529	LLLLAILLAVLFLLLSLLILI	LLLLTILLAVLFLLLSLLILI	260.195	263.584	40.8884	41.3623	16.0553	173
Reject	530	LLLLAILLAVLFLLLSLLILI	LLLLAILLAVLFVLLSLLILI	260.195	261.212	40.8884	43.9406	16.0553	173
Reject	531	LLLLAILLAVLFLLLSLLILI	LLLLAILLSVLFLLLSLLILI	260.195	266.92	40.8884	44.8689	14.6888	173
Reject	532	LLLLAILLAVLFLLLSLLILI	LLLLAILLAVLYLLLSLLILI	260.195	263.588	40.8884	44.9919	14.6888	173
Reject	533	LLLLAILLAVLFLLLSLLILI	LLLLAILLAVLFVLLSLLILI	260.195	261.212	40.8884	43.9406	14.6888	173
Reject	534	LLLLAILLAVLFLLLSLLILI	LLLLAILLAVLFVLLSLLILI	260.195	261.212	40.8884	43.9406	14.6888	173
Reject	535	LLLLAILLAVLFLLLSLLILI	LLLLAILLSVLFLLLSLLILI	260.195	266.92	40.8884	44.8689	14.6888	173
Reject	536	LLLLAILLAVLFLLLSLLILI	LLLLAILLAVLYLLLSLLILI	260.195	263.588	40.8884	44.9919	14.6888	173
Reject	537	LLLLAILLAVLFLLLSLLILI	LLLLAILLAVLFLLLSFLILI	260.195	262.811	40.8884	45.4284	13.4386	173
Reject	538	LLLLAILLAVLFLLLSLLILI	LLLLAILLAVLFLLLALLILI	260.195	268.635	40.8884	43.4117	13.4386	173
Reject	539	LLLLAILLAVLFLLLSLLILI	LLLLAVLLAVLFLLLSLLILI	260.195	262.306	40.8884	44.7521	13.4386	173
Reject	540	LLLLAILLAVLFLLLSLLILI	LLLLAVLLAVLFLLLSLLILI	260.195	263.702	40.8884	44.7521	13.4386	173
Reject	541	LLLLAILLAVLFLLLSLLILI	LLLLAILLAVLYLLLSLLILI	260.195	263.588	40.8884	44.9919	13.4386	173
Reject	542	LLLLAILLAVLFLLLSLLILI	LLLLAILLAVLYLLLSLLILI	260.195	263.588	40.8884	44.9919	13.4386	173
Reject	543	LLLLAILLAVLFLLLSLLILI	LLLLAILLAVLFVLLSLLILI	260.195	261.212	40.8884	43.9406	12.2949	173
Reject	544	LLLLAILLAVLFLLLSLLILI	LLLLAILLAVLYLLLSLLILI	260.195	263.588	40.8884	44.9919	12.2949	173
Reject	545	LLLLAILLAVLFLLLSLLILI	LLLLAILLALLFLLLSLLILI	260.195	266.313	40.8884	44.34	12.2949	173
Reject	546	LLLLAILLAVLFLLLSLLILI	LLLLAVLLAVLFLLLSLLILI	260.195	262.306	40.8884	44.7521	12.2949	173
Reject	547	LLLLAILLAVLFLLLSLLILI	LLLLTILLAVLFLLLSLLILI	260.195	262.236	40.8884	41.3623	12.2949	173
Reject	548	LLLLAILLAVLFLLLSLLILI	LLLLAILLAVLYLLLSLLILI	260.195	263.588	40.8884	44.9919	12.2949	173
Reject	549	LLLLAILLAVLFLLLSLLILI	LLLLTILLAVLFLLLSLLILI	260.195	262.236	40.8884	41.3623	11.2484	173
Reject	550	LLLLAILLAVLFLLLSLLILI	LLLLAILLATLFLLLSLLILI	260.195	265.551	40.8884	44.7165	11.2484	173
Reject	551	LLLLAILLAVLFLLLSLLILI	LLLLAILLAVLFLLLSFLILI	260.195	262.811	40.8884	45.4284	11.2484	173
Reject	552	LLLLAILLAVLFLLLSLLILI	LLLLAILLAVLFLLLTLLILI	260.195	268.413	40.8884	41.4852	11.2484	173
Reject	553	LLLLAILLAVLFLLLSLLILI	LLLLAILLSVLFLLLSLLILI	260.195	265.59	40.8884	44.8689	11.2484	173
Reject	554	LLLLAILLAVLFLLLSLLILI	LLLLAVLLAVLFLLLSLLILI	260.195	263.702	40.8884	44.7521	11.2484	173
Reject	555	LLLLAILLAVLFLLLSLLILI	LLLLAILLAALFLLLSLLILI	260.195	264.927	40.8884	46.643	10.291	173
Reject	556	LLLLAILLAVLFLLLSLLILI	LLLLAILLATLFLLLSLLILI	260.195	265.551	40.8884	44.7165	10.291	173
Reject	557	LLLLAILLAVLFLLLSLLILI	LLLLAILLAVLFLLLSVLILI	260.195	262.105	40.8884	43.9406	10.291	173
Reject	558	LLLLAILLAVLFLLLSLLILI	LLLLAILLAVLYLLLSLLILI	260.195	263.588	40.8884	44.9919	10.291	173
Reject	559	LLLLAILLAVLFLLLSLLILI	LLLLAILLSVLFLLLSLLILI	260.195	266.92	40.8884	44.8689	10.291	173
Reject	560	LLLLAILLAVLFLLLSLLILI	LLLLAILLAVLFLLLALLILI	260.195	268.635	40.8884	43.4117	10.291	173
Reject	561	LLLLAILLAVLFLLLSLLILI	LLLLAILLAVLFLLLALLILI	260.195	268.635	40.8884	43.4117	9.41515	173
Reject	562	LLLLAILLAVLFLLLSLLILI	LLLLAILLSVLFLLLSLLILI	260.195	265.59	40.8884	44.8689	9.41515	173
Reject	563	LLLLAILLAVLFLLLSLLILI	LLLLAILLAVLYLLLSLLILI	260.195	263.588	40.8884	44.9919	9.41515	173
Reject	564	LLLLAILLAVLFLLLSLLILI	LLLLAILLAVLFVLLSLLILI	260.195	261.212	40.8884	43.9406	9.41515	173
Reject	565	LLLLAILLAVLFLLLSLLILI	LLLLAILLAVLFLLLALLILI	260.195	268.635	40.8884	43.4117	9.41515	173
Reject	566	LLLLAILLAVLFLLLSLLILI	LLLLALLLAVLFLLLSLLILI	260.195	263.064	40.8884	44.1003	9.41515	173
Reject	567	LLLLAILLAVLFLLLSLLILI	LLLLTILLAVLFLLLSLLILI	260.195	262.236	40.8884	41.3623	8.61381	173
Reject	568	LLLLAILLAVLFLLLSLLILI	LLLLAILLAVLYLLLSLLILI	260.195	263.588	40.8884	44.9919	8.61381	173
Reject	569	LLLLAILLAVLFLLLSLLILI	LLLLAILLAALFLLLSLLILI	260.195	266.247	40.8884	46.643	8.61381	173
Reject	570	LLLLAILLAVLFLLLSLLILI	LLLLAILLSVLFLLLSLLILI	260.195	266.92	40.8884	44.8689	8.61381	173
Reject	571	LLLLAILLAVLFLLLSLLILI	LLLLAILLAVLFVLLSLLILI	260.195	261.212	40.8884	43.9406	8.61381	173
Reject	572	LLLLAILLAVLFLLLSLLILI	LLLLAILLAALFLLLSLLILI	260.195	264.927	40.8884	46.643	8.61381	173
Reject	573	LLLLAILLAVLFLLLSLLILI	LLLLAILLAVLYLLLSLLILI	260.195	263.588	40.8884	44.9919	7.88067	173
Reject	574	LLLLAILLAVLFLLLSLLILI	LLLLAILLSVLFLLLSLLILI	260.195	266.92	40.8884	44.8689	7.88067	173
Reject	575	LLLLAILLAVLFLLLSLLILI	LLLLAVLLAVLFLLLSLLILI	260.195	263.702	40.8884	44.7521	7.88067	173
Reject	576	LLLLAILLAVLFLLLSLLILI	LLLLAILLAVLFVLLSLLILI	260.195	261.212	40.8884	43.9406	7.88067	173
Reject	577	LLLLAILLAVLFLLLSLLILI	LLLLAILLATLFLLLSLLILI	260.195	265.551	40.8884	44.7165	7.88067	173
Reject	578	LLLLAILLAVLFLLLSLLILI	LLLLAILLAVLFLLLSALILI	260.195	263.321	40.8884	45.5917	7.88067	173
Reject	579	LLLLAILLAVLFLLLSLLILI	LLLLAILLSVLFLLLSLLILI	260.195	266.92	40.8884	44.8689	7.20993	173
Reject	580	LLLLAILLAVLFLLLSLLILI	LLLLAILLAVLFLLLALLILI	260.195	268.635	40.8884	43.4117	7.20993	173
Reject	581	LLLLAILLAVLFLLLSLLILI	LLLLAILLAVLFVLLSLLILI	260.195	261.212	40.8884	43.9406	7.20993	173
Reject	582	LLLLAILLAVLFLLLSLLILI	LLLLAILLAVLFLLLSFLILI	260.195	262.811	40.8884	45.4284	7.20993	173
Reject	583	LLLLAILLAVLFLLLSLLILI	LLLLAILLAVLFLLLSALILI	260.195	261.483	40.8884	45.5917	7.20993	173
Reject	584	LLLLAILLAVLFLLLSLLILI	LLLLAILLAVLFVLLSLLILI	260.195	261.212	40.8884	43.9406	7.20993	173
Reject	585	LLLLAILLAVLFLLLSLLILI	LLLLAILLAVLFVLLSLLILI	260.195	261.212	40.8884	43.9406	6.59628	173
Reject	586	LLLLAILLAVLFLLLSLLILI	LLLLAILLAVLYLLLSLLILI	260.195	263.588	40.8884	44.9919	6.59628	173
Reject	587	LLLLAILLAVLFLLLSLLILI	LLLLAILLSVLFLLLSLLILI	260.195	268.235	40.8884	44.8689	6.59628	173
Reject	588	LLLLAILLAVLFLLLSLLILI	LLLLAILLSVLFLLLSLLILI	260.195	265.59	40.8884	44.8689	6.59628	173
Reject	589	LLLLAILLAVLFLLLSLLILI	LLLLAILLAVLFLLLTLLILI	260.195	268.413	40.8884	41.4852	6.59628	173
Reject	590	LLLLAILLAVLFLLLSLLILI	LLLLAILLAVLFLLLTLLILI	260.195	268.413	40.8884	41.4852	6.59628	173
Reject	591	LLLLAILLAVLFLLLSLLILI	LLLLAILLAVLFLLLTLLILI	260.195	269.808	40.8884	41.4852	6.03486	173
Reject	592	LLLLAILLAVLFLLLSLLILI	LLLLAILLAVLYLLLSLLILI	260.195	263.588	40.8884	44.9919	6.03486	173
Reject	593	LLLLAILLAVLFLLLSLLILI	LLLLAILLAALFLLLSLLILI	260.195	266.247	40.8884	46.643	6.03486	173
Reject	594	LLLLAILLAVLFLLLSLLILI	LLLLAILLAVLFVLLSLLILI	260.195	261.212	40.8884	43.9406	6.03486	173
Reject	595	LLLLAILLAVLFLLLSLLILI	LLLLTILLAVLFLLLSLLILI	260.195	262.236	40.8884	41.3623	6.03486	173
Reject	596	LLLLAILLAVLFLLLSLLILI	LLLLAILLATLFLLLSLLILI	260.195	265.551	40.8884	44.7165	6.03486	173
Reject	597	LLLLAILLAVLFLLLSLLILI	LLLLAILLAALFLLLSLLILI	260.195	266.247	40.8884	46.643	5.52122	173
Reject	598	LLLLAILLAVLFLLLSLLILI	LLLLAILLAVLFLLLSALILI	260.195	261.483	40.8884	45.5917	5.52122	173
Reject	599	LLLLAILLAVLFLLLSLLILI	LLLLAILLAVLFLLLTLLILI	260.195	268.413	40.8884	41.4852	5.52122	173
Reject	600	LLLLAILLAVLFLLLSLLILI	LLLLTILLAVLFLLLSLLILI	260.195	262.236	40.8884	41.3623	5.52122	173
Reject	601	LLLLAILLAVLFLLLSLLILI	LLLLAVLLAVLFLLLSLLILI	260.195	263.702	40.8884	44.7521	5.52122	173
Reject	602	LLLLAILLAVLFLLLSLLILI	LLLLAILLAALFLLLSLLILI	260.195	264.927	40.8884	46.643	5.52122	173
Reject	603	LLLLAILLAVLFLLLSLLILI	LLLLAILLSVLFLLLSLLILI	260.195	265.59	40.8884	44.8689	5.0513	173
Reject	604	LLLLAILLAVLFLLLSLLILI	LLLLAILLAVLFLLLSALILI	260.195	263.321	40.8884	45.5917	5.0513	173
Reject	605	LLLLAILLAVLFLLLSLLILI	LLLLAILLAVLFVLLSLLILI	260.195	261.212	40.8884	43.9406	5.0513	173
Reject	606	LLLLAILLAVLFLLLSLLILI	LLLLTILLAVLFLLLSLLILI	260.195	260.817	40.8884	41.3623	5.0513	173
Reject	607	LLLLAILLAVLFLLLSLLILI	LLLLAILLAALFLLLSLLILI	260.195	266.247	40.8884	46.643	5.0513	173
Reject	608	LLLLAILLAVLFLLLSLLILI	LLLLAILLAVLFLLLSTLILI	260.195	262.358	40.8884	43.6652	5.0513	173
Reject	609	LLLLAILLAVLFLLLSLLILI	LLLLAILLSVLFLLLSLLILI	260.195	265.59	40.8884	44.8689	4.62137	173
Reject	610	LLLLAILLAVLFLLLSLLILI	LLLLTILLAVLFLLLSLLILI	260.195	262.236	40.8884	41.3623	4.62137	173
Reject	611	LLLLAILLAVLFLLLSLLILI	LLLLAVLLAVLFLLLSLLILI	260.195	263.702	40.8884	44.7521	4.62137	173
Reject	612	LLLLAILLAVLFLLLSLLILI	LLLLAILLAVLFLLLSALILI	260.195	261.483	40.8884	45.5917	4.62137	173
Reject	613	LLLLAILLAVLFLLLSLLILI	LLLLAILLAVLFVLLSLLILI	260.195	261.212	40.8884	43.9406	4.62137	173
Reject	614	LLLLAILLAVLFLLLSLLILI	LLLLAILLAVLFLLLTLLILI	260.195	269.808	40.8884	41.4852	4.62137	173
Reject	615	LLLLAILLAVLFLLLSLLILI	LLLLAILLAVLFVLLSLLILI	260.195	261.212	40.8884	43.9406	4.22804	173
Reject	616	LLLLAILLAVLFLLLSLLILI	LLLLAILLAALFLLLSLLILI	260.195	264.927	40.8884	46.643	4.22804	173
Reject	617	LLLLAILLAVLFLLLSLLILI	LLLLAILLAVLFLLLTLLILI	260.195	269.808	40.8884	41.4852	4.22804	173
Reject	618	LLLLAILLAVLFLLLSLLILI	LLLLAILLSVLFLLLSLLILI	260.195	266.92	40.8884	44.8689	4.22804	173
Reject	619	LLLLAILLAVLFLLLSLLILI	LLLLAILLAVLYLLLSLLILI	260.195	263.588	40.8884	44.9919	4.22804	173
Reject	620	LLLLAILLAVLFLLLSLLILI	LLLLAILLSVLFLLLSLLILI	260.195	266.92	40.8884	44.8689	4.22804	173
Reject	621	LLLLAILLAVLFLLLSLLILI	LLLLAILLSVLFLLLSLLILI	260.195	268.235	40.8884	44.8689	3.86818	173
Reject	622	LLLLAILLAVLFLLLSLLILI	LLLLAILLAVLFLLLSVLILI	260.195	262.105	40.8884	43.9406	3.86818	173
Reject	623	LLLLAILLAVLFLLLSLLILI	LLLLALLLAVLFLLLSLLILI	260.195	263.064	40.8884	44.1003	3.86818	173
Reject	624	LLLLAILLAVLFLLLSLLILI	LLLLAILLAALFLLLSLLILI	260.195	266.247	40.8884	46.643	3.86818	173
Reject	625	LLLLAILLAVLFLLLSLLILI	LLLLAILLAVLFLLLTLLILI	260.195	269.808	40.8884	41.4852	3.86818	173
Reject	626	LLLLAILLAVLFLLLSLLILI	LLLLAILLAALFLLLSLLILI	260.195	266.247	40.8884	46.643	3.86818	173
Reject	627	LLLLAILLAVLFLLLSLLILI	LLLLAILLAALFLLLSLLILI	260.195	264.927	40.8884	46.643	3.53895	173
Reject	628	LLLLAILLAVLFLLLSLLILI	LLLLAVLLAVLFLLLSLLILI	260.195	263.702	40.8884	44.7521	3.53895	173
Reject	629	LLLLAILLAVLFLLLSLLILI	LLLLAILLAVLFLLLTLLILI	260.195	269.808	40.8884	41.4852	3.53895	173
Reject	630	LLLLAILLAVLFLLLSLLILI	LLLLAILLSVLFLLLSLLILI	260.195	266.92	40.8884	44.8689	3.53895	173
Reject	631	LLLLAILLAVLFLLLSLLILI	LLLLAILLATLFLLLSLLILI	260.195	265.551	40.8884	44.7165	3.53895	173
Reject	632	LLLLAILLAVLFLLLSLLILI	LLLLAILLAALFLLLSLLILI	260.195	264.927	40.8884	46.643	3.53895	173
Reject	633	LLLLAILLAVLFLLLSLLILI	LLLLTILLAVLFLLLSLLILI	260.195	262.236	40.8884	41.3623	3.23775	173
Reject	634	LLLLAILLAVLFLLLSLLILI	LLLLAILLAVLFLLLALLILI	260.195	268.635	40.8884	43.4117	3.23775	173
Reject	635	LLLLAILLAVLFLLLSLLILI	LLLLAILLAVLFLLLSFLILI	260.195	262.811	40.8884	45.4284	3.23775	173
Reject	636	LLLLAILLAVLFLLLSLLILI	LLLLAILLAVLFLLLTLLILI	260.195	269.808	40.8884	41.4852	3.23775	173
Reject	637	LLLLAILLAVLFLLLSLLILI	LLLLAILLAVLFVLLSLLILI	260.195	261.212	40.8884	43.9406	3.23775	173
Reject	638	LLLLAILLAVLFLLLSLLILI	LLLLALLLAVLFLLLSLLILI	260.195	264.463	40.8884	44.1003	3.23775	173
Reject	639	LLLLAILLAVLFLLLSLLILI	LLLLALLLAVLFLLLSLLILI	260.195	263.064	40.8884	44.1003	2.96218	173
Reject	640	LLLLAILLAVLFLLLSLLILI	LLLLAILLAVLFLLLSVLILI	260.195	262.105	40.8884	43.9406	2.96218	173
Reject	641	LLLLAILLAVLFLLLSLLILI	LLLLAILLAVLFVLLSLLILI	260.195	261.212	40.8884	43.9406	2.96218	173
Reject	642	LLLLAILLAVLFLLLSLLILI	LLLLTILLAVLFLLLSLLILI	260.195	262.236	40.8884	41.3623	2.96218	173
Reject	643	LLLLAILLAVLFLLLSLLILI	LLLLAILLAVLFVLLSLLILI	260.195	261.212	40.8884	43.9406	2.96218	173
Reject	644	LLLLAILLAVLFLLLSLLILI	LLLLTILLAVLFLLLSLLILI	260.195	262.236	40.8884	41.3623	2.96218	173
Reject	645	LLLLAILLAVLFLLLSLLILI	LLLLAILLSVLFLLLSLLILI	260.195	268.235	40.8884	44.8689	2.71006	173
Reject	646	LLLLAILLAVLFLLLSLLILI	LLLLAVLLAVLFLLLSLLILI	260.195	263.702	40.8884	44.7521	2.71006	173
Reject	647	LLLLAILLAVLFLLLSLLILI	LLLLAILLAVLFLLLSALILI	260.195	261.483	40.8884	45.5917	2.71006	173
Reject	648	LLLLAILLAVLFLLLSLLILI	LLLLAILLAVLYLLLSLLILI	260.195	263.588	40.8884	44.9919	2.71006	173
Reject	649	LLLLAILLAVLFLLLSLLILI	LLLLAILLAVLFVLLSLLILI	260.195	261.212	40.8884	43.9406	2.71006	173
Reject	650	LLLLAILLAVLFLLLSLLILI	LLLLAILLSVLFLLLSLLILI	260.195	266.92	40.8884	44.8689	2.71006	173
Reject	651	LLLLAILLAVLFLLLSLLILI	LLLLAILLAVLFVLLSLLILI	260.195	261.212	40.8884	43.9406	2.4794	173
Reject	652	LLLLAILLAVLFLLLSLLILI	LLLLALLLAVLFLLLSLLILI	260.195	264.463	40.8884	44.1003	2.4794	173
Reject	653	LLLLAILLAVLFLLLSLLILI	LLLLAILLAVLFVLLSLLILI	260.195	261.212	40.8884	43.9406	2.4794	173
Reject	654	LLLLAILLAVLFLLLSLLILI	LLLLAILLAVLFLLLSALILI	260.195	263.321	40.8884	45.5917	2.4794	173
Reject	655	LLLLAILLAVLFLLLSLLILI	LLLLAILLAVLYLLLSLLILI	260.195	263.588	40.8884	44.9919	2.4794	173
Reject	656	LLLLAILLAVLFLLLSLLILI	LLLLAILLAVLFVLLSLLILI	260.195	261.212	40.8884	43.9406	2.4794	173
Reject	657	LLLLAILLAVLFLLLSLLILI	LLLLAILLAVLFLLLTLLILI	260.195	268.413	40.8884	41.4852	2.26837	173
Reject	658	LLLLAILLAVLFLLLSLLILI	LLLLTILLAVLFLLLSLLILI	260.195	260.817	40.8884	41.3623	2.26837	173
Reject	659	LLLLAILLAVLFLLLSLLILI	LLLLAILLAVLFLLLALLILI	260.195	268.635	40.8884	43.4117	2.26837	173
Reject	660	LLLLAILLAVLFLLLSLLILI	LLLLAILLAVLFLLLSVLILI	260.195	262.105	40.8884	43.9406	2.26837	173
Reject	661	LLLLAILLAVLFLLLSLLILI	LLLLAILLSVLFLLLSLLILI	260.195	265.59	40.8884	44.8689	2.26837	173
Reject	662	LLLLAILLAVLFLLLSLLILI	LLLLAILLAVLFVLLSLLILI	260.195	261.212	40.8884	43.9406	2.26837	173
Reject	663	LLLLAILLAVLFLLLSLLILI	LLLLAILLAVLYLLLSLLILI	260.195	263.588	40.8884	44.9919	2.07531	173
Reject	664	LLLLAILLAVLFLLLSLLILI	LLLLTILLAVLFLLLSLLILI	260.195	262.236	40.8884	41.3623	2.07531	173
Reject	665	LLLLAILLAVLFLLLSLLILI	LLLLAILLAVLFVLLSLLILI	260.195	261.212	40.8884	43.9406	2.07531	173
Reject	666	LLLLAILLAVLFLLLSLLILI	LLLLAILLAVLFVLLSLLILI	260.195	261.212	40.8884	43.9406	2.07531	173
Reject	667	LLLLAILLAVLFLLLSLLILI	LLLLAILLAVLFLLLSALILI	260.195	261.483	40.8884	45.5917	2.07531	173
Reject	668	LLLLAILLAVLFLLLSLLILI	LLLLAILLAVLFLLLSALILI	260.195	261.483	40.8884	45.5917	2.07531	173
Reject	669	LLLLAILLAVLFLLLSLLILI	LLLLAVLLAVLFLLLSLLILI	260.195	263.702	40.8884	44.7521	1.89867	173
Reject	670	LLLLAILLAVLFLLLSLLILI	LLLLAILLAVLYLLLSLLILI	260.195	263.588	40.8884	44.9919	1.89867	173
Reject	671	LLLLAILLAVLFLLLSLLILI	LLLLAILLAVLYLLLSLLILI	260.195	263.588	40.8884	44.9919	1.89867	173
Reject	672	LLLLAILLAVLFLLLSLLILI	LLLLAILLAVLFVLLSLLILI	260.195	261.212	40.8884	43.9406	1.89867	173
Reject	673	LLLLAILLAVLFLLLSLLILI	LLLLAILLAVLFVLLSLLILI	260.195	261.212	40.8884	43.9406	1.89867	173
Reject	674	LLLLAILLAVLFLLLSLLILI	LLLLAILLAALFLLLSLLILI	260.195	264.927	40.8884	46.643	1.89867	173
Reject	675	LLLLAILLAVLFLLLSLLILI	LLLLAILLSVLFLLLSLLILI	260.195	266.92	40.8884	44.8689	1.73707	173
Reject	676	LLLLAILLAVLFLLLSLLILI	LLLLAVLLAVLFLLLSLLILI	260.195	262.306	40.8884	44.7521	1.73707	173
Reject	677	LLLLAILLAVLFLLLSLLILI	LLLLAILLAVLFVLLSLLILI	260.195	261.212	40.8884	43.9406	1.73707	173
Reject	678	LLLLAILLAVLFLLLSLLILI	LLLLALLLAVLFLLLSLLILI	260.195	263.064	40.8884	44.1003	1.73707	173
Reject	679	LLLLAILLAVLFLLLSLLILI	LLLLAILLAALFLLLSLLILI	260.195	264.927	40.8884	46.643	1.73707	173
Reject	680	LLLLAILLAVLFLLLSLLILI	LLLLAILLAVLYLLLSLLILI	260.195	263.588	40.8884	44.9919	1.73707	173
Reject	681	LLLLAILLAVLFLLLSLLILI	LLLLAILLAVLFLLLALLILI	260.195	268.635	40.8884	43.4117	1.58923	173
Reject	682	LLLLAILLAVLFLLLSLLILI	LLLLAILLAVLFVLLSLLILI	260.195	261.212	40.8884	43.9406	1.58923	173
Reject	683	LLLLAILLAVLFLLLSLLILI	LLLLAILLAALFLLLSLLILI	260.195	266.247	40.8884	46.643	1.58923	173
Reject	684	LLLLAILLAVLFLLLSLLILI	LLLLAILLAVLYLLLSLLILI	260.195	263.588	40.8884	44.9919	1.58923	173
Reject	685	LLLLAILLAVLFLLLSLLILI	LLLLAILLATLFLLLSLLILI	260.195	265.551	40.8884	44.7165	1.58923	173
Reject	686	LLLLAILLAVLFLLLSLLILI	LLLLTILLAVLFLLLSLLILI	260.195	262.236	40.8884	41.3623	1.58923	173
Reject	687	LLLLAILLAVLFLLLSLLILI	LLLLALLLAVLFLLLSLLILI	260.195	263.064	40.8884	44.1003	1.45397	173
Reject	688	LLLLAILLAVLFLLLSLLILI	LLLLTILLAVLFLLLSLLILI	260.195	262.236	40.8884	41.3623	1.45397	173
Reject	689	LLLLAILLAVLFLLLSLLILI	LLLLAILLAVLFVLLSLLILI	260.195	261.212	40.8884	43.9406	1.45397	173
Reject	690	LLLLAILLAVLFLLLSLLILI	LLLLAILLAVLFLLLSVLILI	260.195	262.105	40.8884	43.9406	1.45397	173
Reject	691	LLLLAILLAVLFLLLSLLILI	LLLLTILLAVLFLLLSLLILI	260.195	262.236	40.8884	41.3623	1.45397	173
Reject	692	LLLLAILLAVLFLLLSLLILI	LLLLAILLAVLYLLLSLLILI	260.195	263.588	40.8884	44.9919	1.45397	173
Reject	693	LLLLAILLAVLFLLLSLLILI	LLLLAVLLAVLFLLLSLLILI	260.195	262.306	40.8884	44.7521	1.33022	173
Reject	694	LLLLAILLAVLFLLLSLLILI	LLLLAILLSVLFLLLSLLILI	260.195	266.92	40.8884	44.8689	1.33022	173
Reject	695	LLLLAILLAVLFLLLSLLILI	LLLLAILLAVLFVLLSLLILI	260.195	261.212	40.8884	43.9406	1.33022	173
Reject	696	LLLLAILLAVLFLLLSLLILI	LLLLAILLAALFLLLSLLILI	260.195	264.927	40.8884	46.643	1.33022	173
Reject	697	LLLLAILLAVLFLLLSLLILI	LLLLAILLAVLFLLLSVLILI	260.195	262.105	40.8884	43.9406	1.33022	173
Reject	698	LLLLAILLAVLFLLLSLLILI	LLLLAVLLAVLFLLLSLLILI	260.195	262.306	40.8884	44.7521	1.33022	173
Reject	699	LLLLAILLAVLFLLLSLLILI	LLLLAILLSVLFLLLSLLILI	260.195	266.92	40.8884	44.8689	1.217	173
Reject	700	LLLLAILLAVLFLLLSLLILI	LLLLTILLAVLFLLLSLLILI	260.195	262.236	40.8884	41.3623	1.217	173
Reject	701	LLLLAILLAVLFLLLSLLILI	LLLLAILLSVLFLLLSLLILI	260.195	266.92	40.8884	44.8689	1.217	173
Reject	702	LLLLAILLAVLFLLLSLLILI	LLLLAILLAVLFLLLTLLILI	260.195	268.413	40.8884	41.4852	1.217	173
Reject	703	LLLLAILLAVLFLLLSLLILI	LLLLALLLAVLFLLLSLLILI	260.195	263.064	40.8884	44.1003	1.217	173
Reject	704	LLLLAILLAVLFLLLSLLILI	LLLLAILLAVLFLLLTLLILI	260.195	268.413	40.8884	41.4852	1.217	173
Reject	705	LLLLAILLAVLFLLLSLLILI	LLLLAVLLAVLFLLLSLLILI	260.195	262.306	40.8884	44.7521	1.11342	173
Reject	706	LLLLAILLAVLFLLLSLLILI	LLLLAILLAVLYLLLSLLILI	260.195	263.588	40.8884	44.9919	1.11342	173
Reject	707	LLLLAILLAVLFLLLSLLILI	LLLLAILLAVLYLLLSLLILI	260.195	263.588	40.8884	44.9919	1.11342	173
Reject	708	LLLLAILLAVLFLLLSLLILI	LLLLAVLLAVLFLLLSLLILI	260.195	262.306	40.8884	44.7521	1.11342	173
Reject	709	LLLLAILLAVLFLLLSLLILI	LLLLTILLAVLFLLLSLLILI	260.195	260.817	40.8884	41.3623	1.11342	173
Reject	710	LLLLAILLAVLFLLLSLLILI	LLLLAILLAALFLLLSLLILI	260.195	264.927	40.8884	46.643	1.11342	173
Reject	711	LLLLAILLAVLFLLLSLLILI	LLLLAVLLAVLFLLLSLLILI	260.195	262.306	40.8884	44.7521	1.01865	173
Reject	712	LLLLAILLAVLFLLLSLLILI	LLLLAILLAVLFLLLSTLILI	260.195	262.358	40.8884	43.6652	1.01865	173
Reject	713	LLLLAILLAVLFLLLSLLILI	LLLLAILLAVLFVLLSLLILI	260.195	261.212	40.8884	43.9406	1.01865	173
Reject	714	LLLLAILLAVLFLLLSLLILI	LLLLAVLLAVLFLLLSLLILI	260.195	263.702	40.8884	44.7521	1.01865	173
Reject	715	LLLLAILLAVLFLLLSLLILI	LLLLAILLAVLFVLLSLLILI	260.195	261.212	40.8884	43.9406	1.01865	173
Reject	716	LLLLAILLAVLFLLLSLLILI	LLLLTILLAVLFLLLSLLILI	260.195	260.817	40.8884	41.3623	1.01865	173
Reject	717	LLLLAILLAVLFLLLSLLILI	LLLLTILLAVLFLLLSLLILI	260.195	260.817	40.8884	41.3623	0.931954	173
Reject	718	LLLLAILLAVLFLLLSLLILI	LLLLAILLAALFLLLSLLILI	260.195	266.247	40.8884	46.643	0.931954	173
Reject	719	LLLLAILLAVLFLLLSLLILI	LLLLAVLLAVLFLLLSLLILI	260.195	262.306	40.8884	44.7521	0.931954	173
Reject	720	LLLLAILLAVLFLLLSLLILI	LLLLTILLAVLFLLLSLLILI	260.195	262.236	40.8884	41.3623	0.931954	173
Reject	721	LLLLAILLAVLFLLLSLLILI	LLLLAILLAVLFLLLTLLILI	260.195	269.808	40.8884	41.4852	0.931954	173
Reject	722	LLLLAILLAVLFLLLSLLILI	LLLLAILLAVLFLLLTLLILI	260.195	269.808	40.8884	41.4852	0.931954	173
Reject	723	LLLLAILLAVLFLLLSLLILI	LLLLAILLAVLFLLLTLLILI	260.195	269.808	40.8884	41.4852	0.852633	173
Reject	724	LLLLAILLAVLFLLLSLLILI	LLLLAILLAVLFLLLSTLILI	260.195	262.358	40.8884	43.6652	0.852633	173
Reject	725	LLLLAILLAVLFLLLSLLILI	LLLLAILLATLFLLLSLLILI	260.195	265.551	40.8884	44.7165	0.852633	173
Reject	726	LLLLAILLAVLFLLLSLLILI	LLLLAILLAVLFVLLSLLILI	260.195	261.212	40.8884	43.9406	0.852633	173
Reject	727	LLLLAILLAVLFLLLSLLILI	LLLLAILLAVLFLLLTLLILI	260.195	268.413	40.8884	41.4852	0.852633	173
Reject	728	LLLLAILLAVLFLLLSLLILI	LLLLAILLAVLYLLLSLLILI	260.195	263.588	40.8884	44.9919	0.852633	173
Reject	729	LLLLAILLAVLFLLLSLLILI	LLLLAILLAALFLLLSLLILI	260.195	266.247	40.8884	46.643	0.780064	173
Reject	730	LLLLAILLAVLFLLLSLLILI	LLLLAILLSVLFLLLSLLILI	260.195	265.59	40.8884	44.8689	0.780064	173
Reject	731	LLLLAILLAVLFLLLSLLILI	LLLLAILLAVLFVLLSLLILI	260.195	261.212	40.8884	43.9406	0.780064	173
Reject	732	LLLLAILLAVLFLLLSLLILI	LLLLAILLSVLFLLLSLLILI	260.195	265.59	40.8884	44.8689	0.780064	173
Reject	733	LLLLAILLAVLFLLLSLLILI	LLLLAILLAVLFLLLTLLILI	260.195	269.808	40.8884	41.4852	0.780064	173
Reject	734	LLLLAILLAVLFLLLSLLILI	LLLLALLLAVLFLLLSLLILI	260.195	263.064	40.8884	44.1003	0.780064	173
Reject	735	LLLLAILLAVLFLLLSLLILI	LLLLAILLAVLFVLLSLLILI	260.195	261.212	40.8884	43.9406	0.713671	173
Reject	736	LLLLAILLAVLFLLLSLLILI	LLLLAILLAVLYLLLSLLILI	260.195	263.588	40.8884	44.9919	0.713671	173
Reject	737	LLLLAILLAVLFLLLSLLILI	LLLLAILLSVLFLLLSLLILI	260.195	266.92	40.8884	44.8689	0.713671	173
Reject	738	LLLLAILLAVLFLLLSLLILI	LLLLAILLAVLYLLLSLLILI	260.195	263.588	40.8884	44.9919	0.713671	173
Reject	739	LLLLAILLAVLFLLLSLLILI	LLLLAILLAVLFLLLSTLILI	260.195	262.358	40.8884	43.6652	0.713671	173
Reject	740	LLLLAILLAVLFLLLSLLILI	LLLLAILLAVLFLLLTLLILI	260.195	269.808	40.8884	41.4852	0.713671	173
Reject	741	LLLLAILLAVLFLLLSLLILI	LLLLAILLAVLYLLLSLLILI	260.195	263.588	40.8884	44.9919	0.652929	173
Reject	742	LLLLAILLAVLFLLLSLLILI	LLLLAILLSVLFLLLSLLILI	260.195	265.59	40.8884	44.8689	0.652929	173
Reject	743	LLLLAILLAVLFLLLSLLILI	LLLLAVLLAVLFLLLSLLILI	260.195	263.702	40.8884	44.7521	0.652929	173
Reject	744	LLLLAILLAVLFLLLSLLILI	LLLLAVLLAVLFLLLSLLILI	260.195	263.702	40.8884	44.7521	0.652929	173
Reject	745	LLLLAILLAVLFLLLSLLILI	LLLLAILLAVLFLLLSALILI	260.195	261.483	40.8884	45.5917	0.652929	173
Reject	746	LLLLAILLAVLFLLLSLLILI	LLLLAILLAVLFLLLALLILI	260.195	268.635	40.8884	43.4117	0.652929	173
Reject	747	LLLLAILLAVLFLLLSLLILI	LLLLALLLAVLFLLLSLLILI	260.195	263.064	40.8884	44.1003	0.597357	173
Reject	748	LLLLAILLAVLFLLLSLLILI	LLLLAILLAALFLLLSLLILI	260.195	266.247	40.8884	46.643	0.597357	173
Reject	749	LLLLAILLAVLFLLLSLLILI	LLLLAILLSVLFLLLSLLILI	260.195	266.92	40.8884	44.8689	0.597357	173
Reject	750	LLLLAILLAVLFLLLSLLILI	LLLLAILLAVLFLLLTLLILI	260.195	269.808	40.8884	41.4852	0.597357	173
Reject	751	LLLLAILLAVLFLLLSLLILI	LLLLTILLAVLFLLLSLLILI	260.195	262.236	40.8884	41.3623	0.597357	173
Reject	752	LLLLAILLAVLFLLLSLLILI	LLLLAILLAVLFLLLSTLILI	260.195	262.358	40.8884	43.6652	0.597357	173
Reject	753	LLLLAILLAVLFLLLSLLILI	LLLLAILLAVLFLLLSALILI	260.195	261.483	40.8884	45.5917	0.546515	173
Reject	754	LLLLAILLAVLFLLLSLLILI	LLLLAILLAVLFLLLSALILI	260.195	261.483	40.8884	45.5917	0.546515	173
Reject	755	LLLLAILLAVLFLLLSLLILI	LLLLAILLAVLFVLLSLLILI	260.195	261.212	40.8884	43.9406	0.546515	173
Reject	756	LLLLAILLAVLFLLLSLLILI	LLLLTILLAVLFLLLSLLILI	260.195	262.236	40.8884	41.3623	0.546515	173
Reject	757	LLLLAILLAVLFLLLSLLILI	LLLLAILLAVLYLLLSLLILI	260.195	263.588	40.8884	44.9919	0.546515	173
Reject	758	LLLLAILLAVLFLLLSLLILI	LLLLAILLAVLFLLLSFLILI	260.195	262.811	40.8884	45.4284	0.546515	173
Time: 128s
