Accept/Reject	Cycle	PrevSequence	CurrSequence	PrevEnergy	CurrEnergy	PrevEntropy	CurrEntropy	CurrentTemp	Accepts
Accept	0	LLLLTILLAVLLALLSFLILI	LLLLTILLATLLALLSFLILI	261.061	270.351	43.6652	51.5967	5000	1
Reject	1	LLLLTILLATLLALLSFLILI	LLLLTILLATLLALLSLLILI	270.351	271.637	51.5967	51.1601	4996.64	1
Accept	2	LLLLTILLATLLALLSFLILI	LLLLFILLATLLALLSFLILI	270.351	273.613	51.5967	49.2565	4996.64	2
Reject	3	LLLLFILLATLLALLSFLILI	LLLLFILLATLWALLSFLILI	273.613	291.962	49.2565	61.2128	4992.38	2
Accept	4	LLLLFILLATLLALLSFLILI	LLLLFILLAVLLALLSFLILI	273.613	270.85	49.2565	45.4284	4992.38	3
Reject	5	LLLLFILLAVLLALLSFLILI	LLLLFWLLAVLLALLSFLILI	270.85	282.634	45.4284	54.0928	4986.97	3
Accept	6	LLLLFILLAVLLALLSFLILI	LLLLYILLAVLLALLSFLILI	270.85	267.917	45.4284	45.4284	4986.97	4
Reject	7	LLLLYILLAVLLALLSFLILI	LLLLYILLSVLLALLSFLILI	267.917	273.881	45.4284	49.4089	4980.11	4
Accept	8	LLLLYILLAVLLALLSFLILI	LLLLYILLATLLALLSFLILI	267.917	273.101	45.4284	49.2565	4980.11	5
Accept	9	LLLLYILLATLLALLSFLILI	LLLLYILLAVLLALLSFLILI	273.101	267.917	49.2565	45.4284	4971.41	6
Reject	10	LLLLYILLAVLLALLSFLILI	LLLLYILLAVLWALLSFLILI	267.917	285.971	45.4284	57.3848	4960.4	6
Accept	11	LLLLYILLAVLLALLSFLILI	LLLLTILLAVLLALLSFLILI	267.917	261.061	45.4284	43.6652	4960.4	7
Accept	12	LLLLTILLAVLLALLSFLILI	LLLLTVLLAVLLALLSFLILI	261.061	263.269	43.6652	47.529	4946.48	8
Accept	13	LLLLTVLLAVLLALLSFLILI	LLLLTFLLAVLLALLSFLILI	263.269	267.638	47.529	49.0167	4928.89	9
Reject	14	LLLLTFLLAVLLALLSFLILI	LLLLTFLLAVLLTLLSFLILI	267.638	277.125	49.0167	53.594	4906.7	9
Accept	15	LLLLTFLLAVLLALLSFLILI	LLLLTFLLAVLLALLSYLILI	267.638	268.841	49.0167	49.0167	4906.7	10
Reject	16	LLLLTFLLAVLLALLSYLILI	LLLLTFLLSVLLALLSYLILI	268.841	274.081	49.0167	52.9973	4878.79	10
Accept	17	LLLLTFLLAVLLALLSYLILI	LLLLTTLLAVLLALLSYLILI	268.841	276.471	49.0167	55.4604	4878.79	11
Accept	18	LLLLTTLLAVLLALLSYLILI	LLLLTTLLALLLALLSYLILI	276.471	280.371	55.4604	56.5116	4843.76	12
Accept	19	LLLLTTLLALLLALLSYLILI	LLLLTTLLSLLLALLSYLILI	280.371	286.027	56.5116	60.4922	4799.94	13
Reject	20	LLLLTTLLSLLLALLSYLILI	LLLLYTLLSLLLALLSYLILI	286.027	294.767	60.4922	62.2553	4745.37	13
Accept	21	LLLLTTLLSLLLALLSYLILI	LLLLTTLLALLLALLSYLILI	286.027	280.371	60.4922	56.5116	4745.37	14
Accept	22	LLLLTTLLALLLALLSYLILI	LLLLTTLLSLLLALLSYLILI	280.371	286.027	56.5116	60.4922	4677.76	15
Accept	23	LLLLTTLLSLLLALLSYLILI	LLLLTTLLSLLLALLSTLILI	286.027	290.511	60.4922	65.2328	4594.53	16
Accept	24	LLLLTTLLSLLLALLSTLILI	LLLLTTLLSLLLALLSFLILI	290.511	280.733	65.2328	56.3887	4492.9	17
Accept	25	LLLLTTLLSLLLALLSFLILI	LLLLTTLLSLLLALLTFLILI	280.733	291.24	56.3887	59.3859	4370	18
Reject	26	LLLLTTLLSLLLALLTFLILI	LLLLTTLLSLLLILLTFLILI	291.24	305.985	59.3859	60.3748	4223.12	18
Accept	27	LLLLTTLLSLLLALLTFLILI	LLLLTTLLALLLALLTFLILI	291.24	289.686	59.3859	59.5088	4223.12	19
Accept	28	LLLLTTLLALLLALLTFLILI	LLLLTTLLALLLALLSFLILI	289.686	275.075	59.5088	52.4082	4050.03	20
Reject	29	LLLLTTLLALLLALLSFLILI	LLLLTTLLAYLLALLSFLILI	275.075	284.214	52.4082	56.9482	3849.41	20
Accept	30	LLLLTTLLALLLALLSFLILI	LLLLVTLLALLLALLSFLILI	275.075	272.184	52.4082	44.4768	3849.41	21
Accept	31	LLLLVTLLALLLALLSFLILI	LLLLVILLALLLALLSFLILI	272.184	265.761	44.4768	40.8884	3621.29	22
Reject	32	LLLLVILLALLLALLSFLILI	LLLLVILLALLLVLLSFLILI	265.761	276.205	40.8884	41.6377	3367.49	22
Accept	33	LLLLVILLALLLALLSFLILI	LLLLVVLLALLLALLSFLILI	265.761	268.103	40.8884	44.7521	3367.49	23
Reject	34	LLLLVVLLALLLALLSFLILI	LLLLVVLLALLLILLSFLILI	268.103	278.808	44.7521	41.6377	3091.86	23
Reject	35	LLLLVVLLALLLALLSFLILI	LLLLVVLLALLLALLSLLILI	268.103	271.803	44.7521	46.7159	3091.86	23
Reject	36	LLLLVVLLALLLALLSFLILI	LLLLVVLLALLLALLTFLILI	268.103	276.209	44.7521	45.3489	3091.86	23
Accept	37	LLLLVVLLALLLALLSFLILI	LLLLVVLLALLLALLTFLILI	268.103	276.209	44.7521	45.3489	3091.86	24
Reject	38	LLLLVVLLALLLALLTFLILI	LLLLSVLLALLLALLTFLILI	276.209	284.43	45.3489	44.4768	2800.27	24
Accept	39	LLLLVVLLALLLALLTFLILI	LLLLVVLLAILLALLTFLILI	276.209	275.113	45.3489	44.5374	2800.27	25
Reject	40	LLLLVVLLAILLALLTFLILI	LLLLYVLLAILLALLTFLILI	275.113	277.735	44.5374	46.0252	2500.25	25
Accept	41	LLLLVVLLAILLALLTFLILI	LLLLVVLLAILLALLLFLILI	275.113	274.733	44.5374	41.7606	2500.25	26
Accept	42	LLLLVVLLAILLALLLFLILI	LLLLTVLLAILLALLLFLILI	274.733	269.56	41.7606	41.4852	2200.23	27
Reject	43	LLLLTVLLAILLALLLFLILI	LLLLTILLAILLALLLFLILI	269.56	275.645	41.4852	45.8283	1908.64	27
Accept	44	LLLLTVLLAILLALLLFLILI	LLLLTVLLAILLALLSFLILI	269.56	261.83	41.4852	43.6652	1908.64	28
Accept	45	LLLLTVLLAILLALLSFLILI	LLLLTVLLAILLLLLSFLILI	261.83	265.232	43.6652	41.3623	1633.01	29
Reject	46	LLLLTVLLAILLLLLSFLILI	LLLLTVLLSILLLLLSFLILI	265.232	274.714	41.3623	49.4462	1379.21	29
Reject	47	LLLLTVLLAILLLLLSFLILI	LLLLVVLLAILLLLLSFLILI	265.232	270.405	41.3623	41.6377	1379.21	29
Accept	48	LLLLTVLLAILLLLLSFLILI	LLLLTVLLAILLALLSFLILI	265.232	261.83	41.3623	43.6652	1379.21	30
Reject	49	LLLLTVLLAILLALLSFLILI	LLLLTVLLAILLALLSLLILI	261.83	263.129	43.6652	43.2287	1151.09	30
Accept	50	LLLLTVLLAILLALLSFLILI	LLLLTILLAILLALLSFLILI	261.83	267.915	43.6652	48.0084	1151.09	31
Reject	51	LLLLTILLAILLALLSFLILI	LLLLTILLAILLSLLSFLILI	267.915	273.207	48.0084	51.9889	950.467	31
Accept	52	LLLLTILLAILLALLSFLILI	LLLLTILLAILLALLSVLILI	267.915	266.742	48.0084	46.5206	950.467	32
Reject	53	LLLLTILLAILLALLSVLILI	LLLLTILLAILLALLLVLILI	266.742	274.628	46.5206	44.3405	777.379	32
Reject	54	LLLLTILLAILLALLSVLILI	LLLLTILLAILLALLSLLILI	266.742	269.214	46.5206	47.5718	777.379	32
Reject	55	LLLLTILLAILLALLSVLILI	LLLLTILLAILLLLLSVLILI	266.742	268.85	46.5206	44.2176	777.379	32
Accept	56	LLLLTILLAILLALLSVLILI	LLLLTILLAILLALLSLLILI	266.742	269.214	46.5206	47.5718	777.379	33
Reject	57	LLLLTILLAILLALLSLLILI	LLLLTILLAILLLLLSLLILI	269.214	272.786	47.5718	47.6692	630.498	33
Accept	58	LLLLTILLAILLALLSLLILI	LLLLTILLAVLLALLSLLILI	269.214	262.356	47.5718	43.2287	630.498	34
Reject	59	LLLLTILLAVLLALLSLLILI	LLLLTILLAVLLALLALLILI	262.356	271.058	43.2287	45.7519	507.596	34
Reject	60	LLLLTILLAVLLALLSLLILI	LLLLTILLAVLLALLALLILI	262.356	271.058	43.2287	45.7519	507.596	34
Reject	61	LLLLTILLAVLLALLSLLILI	LLLLTILLAVLLLLLSLLILI	262.356	265.761	43.2287	43.3261	507.596	34
Accept	62	LLLLTILLAVLLALLSLLILI	LLLLTILLAVLLALLSFLILI	262.356	261.061	43.2287	43.6652	507.596	35
Reject	63	LLLLTILLAVLLALLSFLILI	LLLLTILLSVLLALLSFLILI	261.061	266.434	43.6652	47.6458	405.965	35
Reject	64	LLLLTILLAVLLALLSFLILI	LLLLTILLAVLLALLLFLILI	261.061	268.792	43.6652	41.4852	405.965	35
Reject	65	LLLLTILLAVLLALLSFLILI	LLLLTILLAVLYALLSFLILI	261.061	271.059	43.6652	52.3087	405.965	35
Reject	66	LLLLTILLAVLLALLSFLILI	LLLLTILLAVLLALLSLLILI	261.061	262.356	43.6652	43.2287	405.965	35
Reject	67	LLLLTILLAVLLALLSFLILI	LLLLTILLAVLLLLLSFLILI	261.061	264.294	43.6652	41.3623	405.965	35
Reject	68	LLLLTILLAVLLALLSFLILI	LLLLTILLAVLFALLSFLILI	261.061	270.526	43.6652	52.3087	405.965	35
Reject	69	LLLLTILLAVLLALLSFLILI	LLLLTILLAVLYALLSFLILI	261.061	271.059	43.6652	52.3087	322.739	35
Reject	70	LLLLTILLAVLLALLSFLILI	LLLLAILLAVLLALLSFLILI	261.061	262.79	43.6652	45.5917	322.739	35
Reject	71	LLLLTILLAVLLALLSFLILI	LLLLAILLAVLLALLSFLILI	261.061	262.79	43.6652	45.5917	322.739	35
Reject	72	LLLLTILLAVLLALLSFLILI	LLLLTILLAVLLALLSLLILI	261.061	262.356	43.6652	43.2287	322.739	35
Reject	73	LLLLTILLAVLLALLSFLILI	LLLLTLLLAVLLALLSFLILI	261.061	261.307	43.6652	44.4768	322.739	35
Reject	74	LLLLTILLAVLLALLSFLILI	LLLLTILLAVLFALLSFLILI	261.061	270.526	43.6652	52.3087	322.739	35
Reject	75	LLLLTILLAVLLALLSFLILI	LLLLTILLALLLALLSFLILI	261.061	264.747	43.6652	44.7165	255.126	35
Reject	76	LLLLTILLAVLLALLSFLILI	LLLLTILLAVLLSLLSFLILI	261.061	266.3	43.6652	47.6458	255.126	35
Reject	77	LLLLTILLAVLLALLSFLILI	LLLLTILLAVLYALLSFLILI	261.061	271.059	43.6652	52.3087	255.126	35
Reject	78	LLLLTILLAVLLALLSFLILI	LLLLTILLAVLLSLLSFLILI	261.061	266.3	43.6652	47.6458	255.126	35
Reject	79	LLLLTILLAVLLALLSFLILI	LLLLTILLSVLLALLSFLILI	261.061	266.434	43.6652	47.6458	255.126	35
Reject	80	LLLLTILLAVLLALLSFLILI	LLLLTILLAVLYALLSFLILI	261.061	271.059	43.6652	52.3087	255.126	35
Reject	81	LLLLTILLAVLLALLSFLILI	LLLLTILLAVLLLLLSFLILI	261.061	264.294	43.6652	41.3623	200.555	35
Reject	82	LLLLTILLAVLLALLSFLILI	LLLLTILLAVLLALLLFLILI	261.061	268.792	43.6652	41.4852	200.555	35
Accept	83	LLLLTILLAVLLALLSFLILI	LLLLTLLLAVLLALLSFLILI	261.061	261.307	43.6652	44.4768	200.555	36
Accept	84	LLLLTLLLAVLLALLSFLILI	LLLLTILLAVLLALLSFLILI	261.307	261.061	44.4768	43.6652	156.74	37
Reject	85	LLLLTILLAVLLALLSFLILI	LLLLTLLLAVLLALLSFLILI	261.061	261.307	43.6652	44.4768	121.709	37
Reject	86	LLLLTILLAVLLALLSFLILI	LLLLTILLSVLLALLSFLILI	261.061	266.434	43.6652	47.6458	121.709	37
Reject	87	LLLLTILLAVLLALLSFLILI	LLLLTILLAVLLALLSLLILI	261.061	262.356	43.6652	43.2287	121.709	37
Reject	88	LLLLTILLAVLLALLSFLILI	LLLLTILLALLLALLSFLILI	261.061	264.747	43.6652	44.7165	121.709	37
Reject	89	LLLLTILLAVLLALLSFLILI	LLLLTILLAVLLALLLFLILI	261.061	268.792	43.6652	41.4852	121.709	37
Reject	90	LLLLTILLAVLLALLSFLILI	LLLLTILLSVLLALLSFLILI	261.061	266.434	43.6652	47.6458	121.709	37
Reject	91	LLLLTILLAVLLALLSFLILI	LLLLTILLAVLLALLSLLILI	261.061	262.356	43.6652	43.2287	93.7957	37
Reject	92	LLLLTILLAVLLALLSFLILI	LLLLTILLAVLLALLLFLILI	261.061	268.792	43.6652	41.4852	93.7957	37
Reject	93	LLLLTILLAVLLALLSFLILI	LLLLTILLSVLLALLSFLILI	261.061	266.434	43.6652	47.6458	93.7957	37
Reject	94	LLLLTILLAVLLALLSFLILI	LLLLTILLAVLFALLSFLILI	261.061	270.526	43.6652	52.3087	93.7957	37
Reject	95	LLLLTILLAVLLALLSFLILI	LLLLTILLAVLLALLLFLILI	261.061	268.792	43.6652	41.4852	93.7957	37
Reject	96	LLLLTILLAVLLALLSFLILI	LLLLTILLAVLLALLSLLILI	261.061	262.356	43.6652	43.2287	93.7957	37
Accept	97	LLLLTILLAVLLALLSFLILI	LLLLTLLLAVLLALLSFLILI	261.061	261.307	43.6652	44.4768	71.6133	38
Reject	98	LLLLTLLLAVLLALLSFLILI	LLLLTLLLAVLLALLSILILI	261.307	261.943	44.4768	43.2287	54.0228	38
Accept	99	LLLLTLLLAVLLALLSFLILI	LLLLTILLAVLLALLSFLILI	261.307	261.061	44.4768	43.6652	54.0228	39
Reject	100	LLLLTILLAVLLALLSFLILI	LLLLTILLAVLLLLLSFLILI	261.061	264.294	43.6652	41.3623	40.0975	39
Reject	101	LLLLTILLAVLLALLSFLILI	LLLLTILLAVLFALLSFLILI	261.061	270.526	43.6652	52.3087	40.0975	39
Reject	102	LLLLTILLAVLLALLSFLILI	LLLLTILLAVLLLLLSFLILI	261.061	264.294	43.6652	41.3623	40.0975	39
Reject	103	LLLLTILLAVLLALLSFLILI	LLLLTLLLAVLLALLSFLILI	261.061	261.307	43.6652	44.4768	40.0975	39
Reject	104	LLLLTILLAVLLALLSFLILI	LLLLTILLALLLALLSFLILI	261.061	264.747	43.6652	44.7165	40.0975	39
Reject	105	LLLLTILLAVLLALLSFLILI	LLLLAILLAVLLALLSFLILI	261.061	262.79	43.6652	45.5917	40.0975	39
Reject	106	LLLLTILLAVLLALLSFLILI	LLLLTLLLAVLLALLSFLILI	261.061	261.307	43.6652	44.4768	29.0883	39
Reject	107	LLLLTILLAVLLALLSFLILI	LLLLAILLAVLLALLSFLILI	261.061	262.79	43.6652	45.5917	29.0883	39
Reject	108	LLLLTILLAVLLALLSFLILI	LLLLTILLAVLLSLLSFLILI	261.061	266.3	43.6652	47.6458	29.0883	39
Reject	109	LLLLTILLAVLLALLSFLILI	LLLLAILLAVLLALLSFLILI	261.061	262.79	43.6652	45.5917	29.0883	39
Reject	110	LLLLTILLAVLLALLSFLILI	LLLLTILLALLLALLSFLILI	261.061	264.747	43.6652	44.7165	29.0883	39
Reject	111	LLLLTILLAVLLALLSFLILI	LLLLTILLSVLLALLSFLILI	261.061	266.434	43.6652	47.6458	29.0883	39
Reject	112	LLLLTILLAVLLALLSFLILI	LLLLAILLAVLLALLSFLILI	261.061	262.79	43.6652	45.5917	20.3938	39
Reject	113	LLLLTILLAVLLALLSFLILI	LLLLTILLAVLLLLLSFLILI	261.061	264.294	43.6652	41.3623	20.3938	39
Reject	114	LLLLTILLAVLLALLSFLILI	LLLLAILLAVLLALLSFLILI	261.061	262.79	43.6652	45.5917	20.3938	39
Reject	115	LLLLTILLAVLLALLSFLILI	LLLLTILLAVLFALLSFLILI	261.061	270.526	43.6652	52.3087	20.3938	39
Reject	116	LLLLTILLAVLLALLSFLILI	LLLLAILLAVLLALLSFLILI	261.061	262.79	43.6652	45.5917	20.3938	39
Reject	117	LLLLTILLAVLLALLSFLILI	LLLLTILLSVLLALLSFLILI	261.061	266.434	43.6652	47.6458	20.3938	39
Reject	118	LLLLTILLAVLLALLSFLILI	LLLLTILLAVLFALLSFLILI	261.061	270.526	43.6652	52.3087	13.5332	39
Reject	119	LLLLTILLAVLLALLSFLILI	LLLLTILLAVLFALLSFLILI	261.061	270.526	43.6652	52.3087	13.5332	39
Reject	120	LLLLTILLAVLLALLSFLILI	LLLLTILLAVLLLLLSFLILI	261.061	264.294	43.6652	41.3623	13.5332	39
Reject	121	LLLLTILLAVLLALLSFLILI	LLLLTLLLAVLLALLSFLILI	261.061	261.307	43.6652	44.4768	13.5332	39
Reject	122	LLLLTILLAVLLALLSFLILI	LLLLTILLAVLFALLSFLILI	261.061	270.526	43.6652	52.3087	13.5332	39
Reject	123	LLLLTILLAVLLALLSFLILI	LLLLTILLAVLFALLSFLILI	261.061	270.526	43.6652	52.3087	13.5332	39
Reject	124	LLLLTILLAVLLALLSFLILI	LLLLTILLSVLLALLSFLILI	261.061	266.434	43.6652	47.6458	8.12315	39
Reject	125	LLLLTILLAVLLALLSFLILI	LLLLTILLALLLALLSFLILI	261.061	264.747	43.6652	44.7165	8.12315	39
Reject	126	LLLLTILLAVLLALLSFLILI	LLLLAILLAVLLALLSFLILI	261.061	262.79	43.6652	45.5917	8.12315	39
Reject	127	LLLLTILLAVLLALLSFLILI	LLLLTILLAVLLALLSLLILI	261.061	262.356	43.6652	43.2287	8.12315	39
Reject	128	LLLLTILLAVLLALLSFLILI	LLLLTILLAVLLLLLSFLILI	261.061	264.294	43.6652	41.3623	8.12315	39
Reject	129	LLLLTILLAVLLALLSFLILI	LLLLAILLAVLLALLSFLILI	261.061	262.79	43.6652	45.5917	8.12315	39
Reject	130	LLLLTILLAVLLALLSFLILI	LLLLTILLAVLLALLSLLILI	261.061	262.356	43.6652	43.2287	3.85923	39
Reject	131	LLLLTILLAVLLALLSFLILI	LLLLTILLAVLFALLSFLILI	261.061	270.526	43.6652	52.3087	3.85923	39
Reject	132	LLLLTILLAVLLALLSFLILI	LLLLTILLAVLLLLLSFLILI	261.061	264.294	43.6652	41.3623	3.85923	39
Reject	133	LLLLTILLAVLLALLSFLILI	LLLLTILLAVLLALLLFLILI	261.061	268.792	43.6652	41.4852	3.85923	39
Reject	134	LLLLTILLAVLLALLSFLILI	LLLLTILLSVLLALLSFLILI	261.061	266.434	43.6652	47.6458	3.85923	39
Reject	135	LLLLTILLAVLLALLSFLILI	LLLLTLLLAVLLALLSFLILI	261.061	261.307	43.6652	44.4768	3.85923	39
Accept	136	LLLLTILLAVLLALLSFLILI	LLLLTLLLAVLLALLSFLILI	261.061	261.307	43.6652	44.4768	3649	40
Accept	137	LLLLTLLLAVLLALLSFLILI	LLLLTLLLAVLLALLSVLILI	261.307	264.23	44.4768	47.0924	3649	41
Accept	138	LLLLTLLLAVLLALLSVLILI	LLLLVLLLAVLLALLSVLILI	264.23	271.363	47.0924	49.7682	3649	42
Accept	139	LLLLVLLLAVLLALLSVLILI	LLLLVLLLAILLALLSVLILI	271.363	267.742	49.7682	43.5041	3649	43
Accept	140	LLLLVLLLAILLALLSVLILI	LLLLLLLLAILLALLSVLILI	267.742	267.578	43.5041	42.8522	3649	44
Reject	141	LLLLLLLLAILLALLSVLILI	LLLLLLLLAILLALLLVLILI	267.578	279.569	42.8522	44.7756	3649	44
Reject	142	LLLLLLLLAILLALLSVLILI	LLLLLLLLAILTALLSVLILI	267.578	269.789	42.8522	43.2287	3649	44
Accept	143	LLLLLLLLAILLALLSVLILI	LLLLLFLLAILLALLSVLILI	267.578	268.875	42.8522	40.8884	3649	45
Reject	144	LLLLLFLLAILLALLSVLILI	LLLLLFLLAILLALLSWLILI	268.875	283.023	40.8884	49.7926	3649	45
Reject	145	LLLLLFLLAILLALLSVLILI	LLLLLFLLAILLALLSSLILI	268.875	278.666	40.8884	48.2231	3649	45
Accept	146	LLLLLFLLAILLALLSVLILI	LLLLLFLLSILLALLSVLILI	268.875	273.858	40.8884	44.8689	3649	46
Reject	147	LLLLLFLLSILLALLSVLILI	LLLLLYLLSILLALLSVLILI	273.858	279.949	44.8689	48.9724	3649	46
Accept	148	LLLLLFLLSILLALLSVLILI	LLLLLFLLSVLLALLSVLILI	273.858	272.526	44.8689	48.7327	3649	47
Reject	149	LLLLLFLLSVLLALLSVLILI	LLLLLWLLSVLLALLSVLILI	272.526	283.893	48.7327	56.149	3649	47
Reject	150	LLLLLFLLSVLLALLSVLILI	LLLLLFLLSYLLALLSVLILI	272.526	283.956	48.7327	50.2205	3649	47
Reject	151	LLLLLFLLSVLLALLSVLILI	LLLLLWLLSVLLALLSVLILI	272.526	283.893	48.7327	56.149	3649	47
Accept	152	LLLLLFLLSVLLALLSVLILI	LLLLLALLSVLLALLSVLILI	272.526	271.028	48.7327	50.5991	3649	48
Accept	153	LLLLLALLSVLLALLSVLILI	LLLLLWLLSVLLALLSVLILI	271.028	283.893	50.5991	56.149	3649	49
Reject	154	LLLLLWLLSVLLALLSVLILI	LLLLLWLLSVLYALLSVLILI	283.893	289.306	56.149	60.689	3649	49
Accept	155	LLLLLWLLSVLLALLSVLILI	LLLLLWLLSVLLLLLSVLILI	283.893	292.498	56.149	60.3499	3649	50
Accept	156	LLLLLWLLSVLLLLLSVLILI	LLLLLWLLSVLYLLLSVLILI	292.498	290.331	60.3499	62.4895	3649	51
Accept	157	LLLLLWLLSVLYLLLSVLILI	LLLLLWLLAVLYLLLSVLILI	290.331	281.683	62.4895	54.4055	3649	52
Accept	158	LLLLLWLLAVLYLLLSVLILI	LLLLLWLLATLYLLLSVLILI	281.683	282.695	54.4055	54.1301	3649	53
Accept	159	LLLLLWLLATLYLLLSVLILI	LLLLLFLLATLYLLLSVLILI	282.695	271.12	54.1301	46.7138	3649	54
Reject	160	LLLLLFLLATLYLLLSVLILI	LLLLLFLLATLYLLLAVLILI	271.12	276.764	46.7138	46.8367	3649	54
Reject	161	LLLLLFLLATLYLLLSVLILI	LLLLLFLLATLYLLLTVLILI	271.12	282.546	46.7138	51.414	3649	54
Reject	162	LLLLLFLLATLYLLLSVLILI	LLLLLFLLATLYLLLTVLILI	271.12	282.546	46.7138	51.414	3649	54
Accept	163	LLLLLFLLATLYLLLSVLILI	LLLLLFLLATLYVLLSVLILI	271.12	273.767	46.7138	49.766	3649	55
Accept	164	LLLLLFLLATLYVLLSVLILI	LLLLLALLATLYVLLSVLILI	273.767	272.49	49.766	51.6324	3649	56
Accept	165	LLLLLALLATLYVLLSVLILI	LLLLLALLATLFVLLSVLILI	272.49	267.636	51.6324	47.529	3649	57
Reject	166	LLLLLALLATLFVLLSVLILI	LLLLLALLATLFVLLLVLILI	267.636	276.281	47.529	45.3489	3649	57
Accept	167	LLLLLALLATLFVLLSVLILI	LLLLLLLLATLFVLLSVLILI	267.636	268.811	47.529	45.226	3649	58
Accept	168	LLLLLLLLATLFVLLSVLILI	LLLLLLLLATLFILLSVLILI	268.811	267.999	45.226	41.3623	3649	59
Reject	169	LLLLLLLLATLFILLSVLILI	LLLLLLLLATLFILLAVLILI	267.999	274.127	41.3623	41.4852	3649	59
Accept	170	LLLLLLLLATLFILLSVLILI	LLLLLFLLATLFILLSVLILI	267.999	272.223	41.3623	45.9023	3649	60
Accept	171	LLLLLFLLATLFILLSVLILI	LLLLLFLLATLFILLSLLILI	272.223	274.234	45.9023	46.9535	3649	61
Accept	172	LLLLLFLLATLFILLSLLILI	LLLLLFLLATLFILLSVLILI	274.234	272.223	46.9535	45.9023	3649	62
Reject	173	LLLLLFLLATLFILLSVLILI	LLLLLFLLATLFILLAVLILI	272.223	278.351	45.9023	46.0252	3649	62
Reject	174	LLLLLFLLATLFILLSVLILI	LLLLLYLLATLFILLSVLILI	272.223	275.141	45.9023	45.9023	3649	62
Reject	175	LLLLLFLLATLFILLSVLILI	LLLLLFLLSTLFILLSVLILI	272.223	281.851	45.9023	53.9862	3649	62
Reject	176	LLLLLFLLATLFILLSVLILI	LLLLLFLLATLFILLSLLILI	272.223	274.234	45.9023	46.9535	3649	62
Accept	177	LLLLLFLLATLFILLSVLILI	LLLLLFLLSTLFILLSVLILI	272.223	281.851	45.9023	53.9862	3649	63
Accept	178	LLLLLFLLSTLFILLSVLILI	LLLLLLLLSTLFILLSVLILI	281.851	277.875	53.9862	49.4462	3649	64
Accept	179	LLLLLLLLSTLFILLSVLILI	LLLLLLLLSVLFILLSVLILI	277.875	276.639	49.4462	49.7216	3649	65
Accept	180	LLLLLLLLSVLFILLSVLILI	LLLLLALLSVLFILLSVLILI	276.639	271.229	49.7216	47.9212	3649	66
Accept	181	LLLLLALLSVLFILLSVLILI	LLLLLALLSVLFILLSLLILI	271.229	269.118	47.9212	44.8689	3649	67
Reject	182	LLLLLALLSVLFILLSLLILI	LLLLLALLSVLFWLLSLLILI	269.118	284.993	44.8689	53.5334	3649	67
Reject	183	LLLLLALLSVLFILLSLLILI	LLLLLLLLSVLFILLSLLILI	269.118	276.929	44.8689	49.0698	3649	67
Reject	184	LLLLLALLSVLFILLSLLILI	LLLLLALLSILFILLSLLILI	269.118	276.215	44.8689	49.2121	3649	67
Accept	185	LLLLLALLSVLFILLSLLILI	LLLLLALLSVLFTLLSLLILI	269.118	270.964	44.8689	48.4573	3649	68
Accept	186	LLLLLALLSVLFTLLSLLILI	LLLLLLLLSVLFTLLSLLILI	270.964	278.8	48.4573	52.6581	3649	69
Accept	187	LLLLLLLLSVLFTLLSLLILI	LLLLLLLLSVLYTLLSLLILI	278.8	283.388	52.6581	56.7615	3649	70
Accept	188	LLLLLLLLSVLYTLLSLLILI	LLLLLLLLSVLFTLLSLLILI	283.388	278.8	56.7615	52.6581	3649	71
Accept	189	LLLLLLLLSVLFTLLSLLILI	LLLLLLLLSVLLTLLSLLILI	278.8	284.072	52.6581	56.325	3649	72
Accept	190	LLLLLLLLSVLLTLLSLLILI	LLLLALLLSVLLTLLSLLILI	284.072	272.914	56.325	50.4211	3649	73
Reject	191	LLLLALLLSVLLTLLSLLILI	LLLLALLLSVLLTLLSYLILI	272.914	277.3	50.4211	52.5607	3649	73
Reject	192	LLLLALLLSVLLTLLSLLILI	LLLLATLLSVLLTLLSLLILI	272.914	279.94	50.4211	54.901	3649	73
Accept	193	LLLLALLLSVLLTLLSLLILI	LLLLALLLSVLFTLLSLLILI	272.914	269.421	50.4211	48.4573	3649	74
Accept	194	LLLLALLLSVLFTLLSLLILI	LLLLALLLAVLFTLLSLLILI	269.421	264.094	48.4573	44.4768	3649	75
Accept	195	LLLLALLLAVLFTLLSLLILI	LLLLALLLAVLFTLLSFLILI	264.094	266.64	44.4768	49.0167	3649	76
Reject	196	LLLLALLLAVLFTLLSFLILI	LLLLALLLAVLTTLLSFLILI	266.64	271.156	49.0167	51.357	3649	76
Accept	197	LLLLALLLAVLFTLLSFLILI	LLLLALLLAVLFTLLSLLILI	266.64	264.094	49.0167	44.4768	3649	77
Accept	198	LLLLALLLAVLFTLLSLLILI	LLLLALLLAVLFILLSLLILI	264.094	261.553	44.4768	40.8884	3649	78
Reject	199	LLLLALLLAVLFILLSLLILI	LLLLYLLLAVLFILLSLLILI	261.553	272.72	40.8884	43.1255	3649	78
Reject	200	LLLLALLLAVLFILLSLLILI	LLLLAYLLAVLFILLSLLILI	261.553	267.704	40.8884	45.4284	3649	78
Accept	201	LLLLALLLAVLFILLSLLILI	LLLLTLLLAVLFILLSLLILI	261.553	261.935	40.8884	41.3623	3649	79
Accept	202	LLLLTLLLAVLFILLSLLILI	LLLLTLLLAVLTILLSLLILI	261.935	269.988	41.3623	47.806	3649	80
Accept	203	LLLLTLLLAVLTILLSLLILI	LLLLTLLLAVLTVLLSLLILI	269.988	271.397	47.806	51.6697	3649	81
Accept	204	LLLLTLLLAVLTVLLSLLILI	LLLLTILLAVLTVLLSLLILI	271.397	271.152	51.6697	50.8582	3649	82
Accept	205	LLLLTILLAVLTVLLSLLILI	LLLLTILLAVLFVLLSLLILI	271.152	262.522	50.8582	44.4145	3649	83
Reject	206	LLLLTILLAVLFVLLSLLILI	LLLLTILLAVLFVLLALLILI	262.522	268.771	44.4145	44.5374	3649	83
Reject	207	LLLLTILLAVLFVLLSLLILI	LLLLTILLAVLFVLLSYLILI	262.522	273.833	44.4145	53.0579	3649	83
Accept	208	LLLLTILLAVLFVLLSLLILI	LLLLTILLAVLFVLLLLLILI	262.522	271.126	44.4145	42.2344	3649	84
Reject	209	LLLLTILLAVLFVLLLLLILI	LLLLTVLLAVLFVLLLLLILI	271.126	275.73	42.2344	48.4985	3649	84
Accept	210	LLLLTILLAVLFVLLLLLILI	LLLLAILLAVLFVLLLLLILI	271.126	270.475	42.2344	41.7606	3649	85
Reject	211	LLLLAILLAVLFVLLLLLILI	LLLLALLLAVLFVLLLLLILI	270.475	273.338	41.7606	44.9725	3649	85
Reject	212	LLLLAILLAVLFVLLLLLILI	LLLLVILLAVLFVLLLLLILI	270.475	278.653	41.7606	44.9102	3649	85
Accept	213	LLLLAILLAVLFVLLLLLILI	LLLLAILLAVLFVLLSLLILI	270.475	261.871	41.7606	43.9406	3649	86
Reject	214	LLLLAILLAVLFVLLSLLILI	LLLLAILLAVLFVLLLLLILI	261.871	270.475	43.9406	41.7606	3649	86
Reject	215	LLLLAILLAVLFVLLSLLILI	LLLLAILLAWLFVLLSLLILI	261.871	277.869	43.9406	48.7413	3649	86
Accept	216	LLLLAILLAVLFVLLSLLILI	LLLLAILLSVLFVLLSLLILI	261.871	267.025	43.9406	47.9212	3649	87
Reject	217	LLLLAILLSVLFVLLSLLILI	LLLLAILLSSLFVLLSLLILI	267.025	273.778	47.9212	53.5528	3649	87
Accept	218	LLLLAILLSVLFVLLSLLILI	LLLLAILLSVLFVLLTLLILI	267.025	271.002	47.9212	44.4145	3649	88
Accept	219	LLLLAILLSVLFVLLTLLILI	LLLLAILLSVLFVLLTFLILI	271.002	280.749	44.4145	53.0579	3649	89
Accept	220	LLLLAILLSVLFVLLTFLILI	LLLLAILLSTLFVLLTFLILI	280.749	286.027	53.0579	56.8859	3649	90
Accept	221	LLLLAILLSTLFVLLTFLILI	LLLLAILLSTLFVLLTLLILI	286.027	276.281	56.8859	48.2425	3649	91
Accept	222	LLLLAILLSTLFVLLTLLILI	LLLLAILLSLLFVLLTLLILI	276.281	270.6	48.2425	41.3623	3649	92
Accept	223	LLLLAILLSLLFVLLTLLILI	LLLLAILLSLLYVLLTLLILI	270.6	274.905	41.3623	45.4657	3649	93
Reject	224	LLLLAILLSLLYVLLTLLILI	LLLLVILLSLLYVLLTLLILI	274.905	284.563	45.4657	50.3184	3649	93
Accept	225	LLLLAILLSLLYVLLTLLILI	LLLLAILLSLLYVLLTVLILI	274.905	276.91	45.4657	48.5179	3649	94
Accept	226	LLLLAILLSLLYVLLTVLILI	LLLLAILLALLYVLLTVLILI	276.91	275.97	48.5179	48.6408	3649	95
Accept	227	LLLLAILLALLYVLLTVLILI	LLLLAILLSLLYVLLTVLILI	275.97	276.91	48.6408	48.5179	3649	96
Accept	228	LLLLAILLSLLYVLLTVLILI	LLLLAILLSLLLVLLTVLILI	276.91	280.361	48.5179	43.9779	3649	97
Accept	229	LLLLAILLSLLLVLLTVLILI	LLLLAILLALLLVLLTVLILI	280.361	279.042	43.9779	44.1008	3649	98
Accept	230	LLLLAILLALLLVLLTVLILI	LLLLAILLSLLLVLLTVLILI	279.042	280.361	44.1008	43.9779	3649	99
Accept	231	LLLLAILLSLLLVLLTVLILI	LLLLTILLSLLLVLLTVLILI	280.361	289.105	43.9779	52.6586	3649	100
Accept	232	LLLLTILLSLLLVLLTVLILI	LLLLTILLSSLLVLLTVLILI	289.105	293.799	52.6586	58.9421	3649	101
Accept	233	LLLLTILLSSLLVLLTVLILI	LLLLTILLSSLLVLLTLLILI	293.799	291.849	58.9421	55.8899	3649	102
Reject	234	LLLLTILLSSLLVLLTLLILI	LLLLTILLSSLLVLLFLLILI	291.849	299.49	55.8899	49.4462	3649	102
Accept	235	LLLLTILLSSLLVLLTLLILI	LLLLTILLSSLLVLLSLLILI	291.849	286.023	55.8899	57.6935	3649	103
Accept	236	LLLLTILLSSLLVLLSLLILI	LLLLTILLSSLLVLLALLILI	286.023	281.917	57.6935	47.2092	3649	104
Accept	237	LLLLTILLSSLLVLLALLILI	LLLLTILLSSLLTLLALLILI	281.917	284.93	47.2092	55.1407	3649	105
Accept	238	LLLLTILLSSLLTLLALLILI	LLLLTILLSSLFTLLALLILI	284.93	284.094	55.1407	55.5772	3649	106
Accept	239	LLLLTILLSSLFTLLALLILI	LLLLTVLLSSLFTLLALLILI	284.094	282.156	55.5772	55.3375	3649	107
Accept	240	LLLLTVLLSSLFTLLALLILI	LLLLTVLLSSLFTLLSLLILI	282.156	286.884	55.3375	65.8218	3649	108
Accept	241	LLLLTVLLSSLFTLLSLLILI	LLLLTVLLSSLFTLLLLLILI	286.884	288.727	65.8218	57.138	3649	109
Accept	242	LLLLTVLLSSLFTLLLLLILI	LLLLTILLSSLFTLLLLLILI	288.727	290.665	57.138	57.3777	3649	110
Accept	243	LLLLTILLSSLFTLLLLLILI	LLLLTILLSSLFFLLLLLILI	290.665	292.499	57.3777	55.0374	3649	111
Accept	244	LLLLTILLSSLFFLLLLLILI	LLLLTILLSVLFFLLLLLILI	292.499	284.246	55.0374	47.7027	3649	112
Accept	245	LLLLTILLSVLFFLLLLLILI	LLLLTILLSVLFFLLWLLILI	284.246	297.225	47.7027	55.5557	3649	113
Reject	246	LLLLTILLSVLFFLLWLLILI	LLLLTVLLSVLFFLLWLLILI	297.225	299.307	55.5557	59.4194	3649	113
Accept	247	LLLLTILLSVLFFLLWLLILI	LLLLTILLSVLFFLLWVLILI	297.225	303.726	55.5557	62.7113	3649	114
Accept	248	LLLLTILLSVLFFLLWVLILI	LLLLTILLAVLFFLLWVLILI	303.726	297.915	62.7113	58.7308	3649	115
Accept	249	LLLLTILLAVLFFLLWVLILI	LLLLTILLALLFFLLWVLILI	297.915	293.885	58.7308	51.5751	3649	116
Accept	250	LLLLTILLALLFFLLWVLILI	LLLLTILLALLFVLLWVLILI	293.885	286.308	51.5751	50.0874	3649	117
Accept	251	LLLLTILLALLFVLLWVLILI	LLLLTILLSLLFVLLWVLILI	286.308	291.873	50.0874	54.0679	3649	118
Accept	252	LLLLTILLSLLFVLLWVLILI	LLLLTILLSLLFVLLSVLILI	291.873	273.274	54.0679	52.4984	3649	119
Reject	253	LLLLTILLSLLFVLLSVLILI	LLLLTILLSLLLVLLSVLILI	273.274	280.9	52.4984	52.0619	3649	119
Reject	254	LLLLTILLSLLFVLLSVLILI	LLLLTILLSLLLVLLSVLILI	273.274	280.9	52.4984	52.0619	3649	119
Accept	255	LLLLTILLSLLFVLLSVLILI	LLLLTILLSLLFVLLSLLILI	273.274	271.247	52.4984	49.4462	3649	120
Reject	256	LLLLTILLSLLFVLLSLLILI	LLLLTILLSLLWVLLSLLILI	271.247	285.481	49.4462	56.8626	3649	120
Accept	257	LLLLTILLSLLFVLLSLLILI	LLLLTTLLSLLFVLLSLLILI	271.247	281.887	49.4462	57.138	3649	121
Reject	258	LLLLTTLLSLLFVLLSLLILI	LLLLTTLLSLLFILLSLLILI	281.887	285.845	57.138	57.3777	3649	121
Accept	259	LLLLTTLLSLLFVLLSLLILI	LLLLTILLSLLFVLLSLLILI	281.887	271.247	57.138	49.4462	3649	122
Accept	260	LLLLTILLSLLFVLLSLLILI	LLLLTVLLSLLFVLLSLLILI	271.247	273.474	49.4462	53.31	3649	123
Accept	261	LLLLTVLLSLLFVLLSLLILI	LLLLTVLLALLFVLLSLLILI	273.474	264.433	53.31	45.226	3649	124
Reject	262	LLLLTVLLALLFVLLSLLILI	LLLLTVLLSLLFVLLSLLILI	264.433	273.474	45.226	53.31	3649	124
Accept	263	LLLLTVLLALLFVLLSLLILI	LLLLIVLLALLFVLLSLLILI	264.433	271.672	45.226	41.6377	3649	125
Reject	264	LLLLIVLLALLFVLLSLLILI	LLLLIVLLALLFVLLSILILI	271.672	275.239	41.6377	44.9296	3649	125
Accept	265	LLLLIVLLALLFVLLSLLILI	LLLLILLLALLFVLLSLLILI	271.672	272.622	41.6377	40.9858	3649	126
Reject	266	LLLLILLLALLFVLLSLLILI	LLLLILLLSLLFVLLSLLILI	272.622	281.881	40.9858	49.0698	3649	126
Accept	267	LLLLILLLALLFVLLSLLILI	LLLLTLLLALLFVLLSLLILI	272.622	264.973	40.9858	44.5741	3649	127
Reject	268	LLLLTLLLALLFVLLSLLILI	LLLLTLLLALLFVLLSTLILI	264.973	268.86	44.5741	49.054	3649	127
Accept	269	LLLLTLLLALLFVLLSLLILI	LLLLTYLLALLFVLLSLLILI	264.973	268.553	44.5741	46.7138	3649	128
Accept	270	LLLLTYLLALLFVLLSLLILI	LLLLTYLLALLFVLLSVLILI	268.553	270.58	46.7138	49.766	3649	129
Accept	271	LLLLTYLLALLFVLLSVLILI	LLLLTYLLALLFVLLAVLILI	270.58	276.792	49.766	49.8889	3649	130
Reject	272	LLLLTYLLALLFVLLAVLILI	LLLLTYLLALLFTLLAVLILI	276.792	281.779	49.8889	53.7169	3649	130
Reject	273	LLLLTYLLALLFVLLAVLILI	LLLLTYLLSLLFVLLAVLILI	276.792	277.453	49.8889	49.766	3649	130
Accept	274	LLLLTYLLALLFVLLAVLILI	LLLLTILLALLFVLLAVLILI	276.792	270.389	49.8889	44.5374	3649	131
Accept	275	LLLLTILLALLFVLLAVLILI	LLLLTILLALLFVLLALLILI	270.389	268.398	44.5374	41.4852	3649	132
Reject	276	LLLLTILLALLFVLLALLILI	LLLLTILLALLFVLLAYLILI	268.398	275.668	41.4852	46.0252	3649	132
Reject	277	LLLLTILLALLFVLLALLILI	LLLLTILLALLTVLLALLILI	268.398	277.403	41.4852	47.9289	3649	132
Accept	278	LLLLTILLALLFVLLALLILI	LLLLTILLSLLFVLLALLILI	268.398	269.288	41.4852	41.3623	3649	133
Reject	279	LLLLTILLSLLFVLLALLILI	LLLLTILLSLLFALLALLILI	269.288	274.182	41.3623	44.7165	3649	133
Accept	280	LLLLTILLSLLFVLLALLILI	LLLLTVLLSLLFVLLALLILI	269.288	271.516	41.3623	45.226	3649	134
Accept	281	LLLLTVLLSLLFVLLALLILI	LLLLTVLLALLFVLLALLILI	271.516	270.682	45.226	45.3489	3649	135
Accept	282	LLLLTVLLALLFVLLALLILI	LLLLTVLLALLFLLLALLILI	270.682	273.416	45.3489	44.6971	3649	136
Reject	283	LLLLTVLLALLFLLLALLILI	LLLLTVLLSLLFLLLALLILI	273.416	275.12	44.6971	44.5741	3649	136
Reject	284	LLLLTVLLALLFLLLALLILI	LLLLFVLLALLFLLLALLILI	273.416	280.063	44.6971	46.4602	3649	136
Accept	285	LLLLTVLLALLFLLLALLILI	LLLLTLLLALLFLLLALLILI	273.416	279.763	44.6971	49.8517	3649	137
Reject	286	LLLLTLLLALLFLLLALLILI	LLLLTLLLALLLLLLALLILI	279.763	285.861	49.8517	54.8396	3649	137
Accept	287	LLLLTLLLALLFLLLALLILI	LLLLTLLLALLYLLLALLILI	279.763	281.231	49.8517	53.9551	3649	138
Reject	288	LLLLTLLLALLYLLLALLILI	LLLLTLLLALLYTLLALLILI	281.231	285.119	53.9551	56.732	3649	138
Accept	289	LLLLTLLLALLYLLLALLILI	LLLLTLLLALLFLLLALLILI	281.231	279.763	53.9551	49.8517	3649	139
Accept	290	LLLLTLLLALLFLLLALLILI	LLLLTLLLALLFLLLSLLILI	279.763	272.326	49.8517	49.7288	3649	140
Accept	291	LLLLTLLLALLFLLLSLLILI	LLLLVLLLALLFLLLSLLILI	272.326	272.952	49.7288	45.9008	3338.43	141
Accept	292	LLLLVLLLALLFLLLSLLILI	LLLLVILLALLFLLLSLLILI	272.952	270.191	45.9008	40.9858	3054.29	142
Reject	293	LLLLVILLALLFLLLSLLILI	LLLLFILLALLFLLLSLLILI	270.191	277.568	40.9858	46.577	2794.33	142
Accept	294	LLLLVILLALLFLLLSLLILI	LLLLVILLALLLLLLSLLILI	270.191	274.74	40.9858	44.6527	2794.33	143
Accept	295	LLLLVILLALLLLLLSLLILI	LLLLVILLAVLLLLLSLLILI	274.74	270.883	44.6527	43.6015	2556.5	144
Accept	296	LLLLVILLAVLLLLLSLLILI	LLLLVILLAVLFLLLSLLILI	270.883	268.117	43.6015	41.6377	2338.91	145
Accept	297	LLLLVILLAVLFLLLSLLILI	LLLLVILLAALFLLLSLLILI	268.117	266.277	41.6377	40.8884	2139.84	146
Reject	298	LLLLVILLAALFLLLSLLILI	LLLLVILLAALFLLLLLLILI	266.277	277.219	40.8884	41.1087	1957.72	146
Reject	299	LLLLVILLAALFLLLSLLILI	LLLLVILLAALFLLLTLLILI	266.277	272.93	40.8884	41.4852	1957.72	146
Accept	300	LLLLVILLAALFLLLSLLILI	LLLLVILLAALFVLLSLLILI	266.277	265.826	40.8884	43.9406	1957.72	147
Accept	301	LLLLVILLAALFVLLSLLILI	LLLLVILLAALFVLLLLLILI	265.826	274.429	43.9406	41.7606	1791.09	148
Accept	302	LLLLVILLAALFVLLLLLILI	LLLLVILLSALFVLLLLLILI	274.429	275.37	41.7606	41.6377	1638.65	149
Accept	303	LLLLVILLSALFVLLLLLILI	LLLLVILLSALFVLLSLLILI	275.37	270.87	41.6377	47.9212	1499.18	150
Reject	304	LLLLVILLSALFVLLSLLILI	LLLLVILLSALFVLLSTLILI	270.87	277.155	47.9212	54.8014	1371.58	150
Accept	305	LLLLVILLSALFVLLSLLILI	LLLLTILLSALFVLLSLLILI	270.87	265.801	47.9212	47.6458	1371.58	151
Reject	306	LLLLTILLSALFVLLSLLILI	LLLLTILLSVLFVLLSLLILI	265.801	271.657	47.6458	52.4984	1254.84	151
Reject	307	LLLLTILLSALFVLLSLLILI	LLLLTILLSALFLLLSLLILI	265.801	269.273	47.6458	48.697	1254.84	151
Reject	308	LLLLTILLSALFVLLSLLILI	LLLLTILLSALFVLLTLLILI	265.801	273.882	47.6458	48.2425	1254.84	151
Reject	309	LLLLTILLSALFVLLSLLILI	LLLLTILLSALFLLLSLLILI	265.801	270.481	47.6458	48.697	1254.84	151
Reject	310	LLLLTILLSALFVLLSLLILI	LLLLVILLSALFVLLSLLILI	265.801	270.87	47.6458	47.9212	1254.84	151
Accept	311	LLLLTILLSALFVLLSLLILI	LLLLTLLLSALFVLLSLLILI	265.801	265.91	47.6458	48.4573	1254.84	152
Reject	312	LLLLTLLLSALFVLLSLLILI	LLLLTLLLSALFLLLSLLILI	265.91	272.995	48.4573	51.9088	1148.04	152
Accept	313	LLLLTLLLSALFVLLSLLILI	LLLLALLLSALFVLLSLLILI	265.91	265.603	48.4573	47.9834	1148.04	153
Accept	314	LLLLALLLSALFVLLSLLILI	LLLLALLLAALFVLLSLLILI	265.603	262.641	47.9834	46.4033	1050.33	154
Reject	315	LLLLALLLAALFVLLSLLILI	LLLLALLLAALFVLLTLLILI	262.641	270.722	46.4033	47	960.933	154
Accept	316	LLLLALLLAALFVLLSLLILI	LLLLALLLAILFVLLSLLILI	262.641	261.191	46.4033	40.8884	960.933	155
Reject	317	LLLLALLLAILFVLLSLLILI	LLLLALLLAILFVLLTLLILI	261.191	269.273	40.8884	41.4852	879.146	155
Reject	318	LLLLALLLAILFVLLSLLILI	LLLLALLLAILFVLLSILILI	261.191	264.759	40.8884	44.1803	879.146	155
Reject	319	LLLLALLLAILFVLLSLLILI	LLLLALLLAVLFVLLSLLILI	261.191	262.333	40.8884	44.7521	879.146	155
Reject	320	LLLLALLLAILFVLLSLLILI	LLLLALLLAILFTLLSLLILI	261.191	267.018	40.8884	44.7165	879.146	155
Reject	321	LLLLALLLAILFVLLSLLILI	LLLLALLLSILFVLLSLLILI	261.191	266.45	40.8884	44.8689	879.146	155
Reject	322	LLLLALLLAILFVLLSLLILI	LLLLALLLAVLFVLLSLLILI	261.191	262.333	40.8884	44.7521	879.146	155
Reject	323	LLLLALLLAILFVLLSLLILI	LLLLALLLAILFILLSLLILI	261.191	268.645	40.8884	45.2316	804.321	155
Reject	324	LLLLALLLAILFVLLSLLILI	LLLLALLLAILYVLLSLLILI	261.191	266.092	40.8884	44.9919	804.321	155
Reject	325	LLLLALLLAILFVLLSLLILI	LLLLALLLAILFILLSLLILI	261.191	268.645	40.8884	45.2316	804.321	155
Accept	326	LLLLALLLAILFVLLSLLILI	LLLLALLLALLFVLLSLLILI	261.191	264.56	40.8884	44.1003	804.321	156
Reject	327	LLLLALLLALLFVLLSLLILI	LLLLALLLALLYVLLSLLILI	264.56	269.461	44.1003	48.2037	735.863	156
Accept	328	LLLLALLLALLFVLLSLLILI	LLLLTLLLALLFVLLSLLILI	264.56	264.973	44.1003	44.5741	735.863	157
Reject	329	LLLLTLLLALLFVLLSLLILI	LLLLTLLLALLFVLLALLILI	264.973	271.222	44.5741	44.6971	673.233	157
Reject	330	LLLLTLLLALLFVLLSLLILI	LLLLTLLLSLLFVLLSLLILI	264.973	274.209	44.5741	52.6581	673.233	157
Reject	331	LLLLTLLLALLFVLLSLLILI	LLLLTLLLSLLFVLLSLLILI	264.973	274.209	44.5741	52.6581	673.233	157
Accept	332	LLLLTLLLALLFVLLSLLILI	LLLLTILLALLFVLLSLLILI	264.973	262.149	44.5741	41.3623	673.233	158
Accept	333	LLLLTILLALLFVLLSLLILI	LLLLTILLAALFVLLSLLILI	262.149	260.7	41.3623	43.6652	615.932	159
Reject	334	LLLLTILLAALFVLLSLLILI	LLLLTILLAALFVLLLLLILI	260.7	269.303	43.6652	41.4852	563.509	159
Reject	335	LLLLTILLAALFVLLSLLILI	LLLLTILLAALFVLLALLILI	260.7	269.348	43.6652	46.1885	563.509	159
Reject	336	LLLLTILLAALFVLLSLLILI	LLLLTILLAALFVLLSVLILI	260.7	266.825	43.6652	50.8209	563.509	159
Accept	337	LLLLTILLAALFVLLSLLILI	LLLLAILLAALFVLLSLLILI	260.7	262.438	43.6652	45.5917	563.509	160
Reject	338	LLLLAILLAALFVLLSLLILI	LLLLAILLAALFLLLSLLILI	262.438	267.012	45.5917	46.643	515.548	160
Accept	339	LLLLAILLAALFVLLSLLILI	LLLLALLLAALFVLLSLLILI	262.438	262.641	45.5917	46.4033	515.548	161
Reject	340	LLLLALLLAALFVLLSLLILI	LLLLALLLAALFILLSLLILI	262.641	266.062	46.4033	46.643	471.669	161
Accept	341	LLLLALLLAALFVLLSLLILI	LLLLTLLLAALFVLLSLLILI	262.641	260.67	46.4033	44.4768	471.669	162
Accept	342	LLLLTLLLAALFVLLSLLILI	LLLLTLLLAALFVLLSILILI	260.67	260.134	44.4768	43.6652	431.524	163
Reject	343	LLLLTLLLAALFVLLSILILI	LLLLALLLAALFVLLSILILI	260.134	262.104	43.6652	45.5917	394.796	163
Reject	344	LLLLTLLLAALFVLLSILILI	LLLLTLLLAALFVLLSLLILI	260.134	260.67	43.6652	44.4768	394.796	163
Reject	345	LLLLTLLLAALFVLLSILILI	LLLLTLLLALLFVLLSILILI	260.134	262.036	43.6652	41.3623	394.796	163
Reject	346	LLLLTLLLAALFVLLSILILI	LLLLTLLLAALFLLLSILILI	260.134	264.765	43.6652	44.7165	394.796	163
Reject	347	LLLLTLLLAALFVLLSILILI	LLLLTVLLAALFVLLSILILI	260.134	266.597	43.6652	50.8209	394.796	163
Reject	348	LLLLTLLLAALFVLLSILILI	LLLLTLLLAVLFVLLSILILI	260.134	262.22	43.6652	44.4145	394.796	163
Reject	349	LLLLTLLLAALFVLLSILILI	LLLLTLLLAALYVLLSILILI	260.134	265.029	43.6652	47.7687	361.194	163
Reject	350	LLLLTLLLAALFVLLSILILI	LLLLTVLLAALFVLLSILILI	260.134	266.597	43.6652	50.8209	361.194	163
Reject	351	LLLLTLLLAALFVLLSILILI	LLLLTLLLSALFVLLSILILI	260.134	265.374	43.6652	47.6458	361.194	163
Reject	352	LLLLTLLLAALFVLLSILILI	LLLLTLLLAALYVLLSILILI	260.134	265.029	43.6652	47.7687	361.194	163
Reject	353	LLLLTLLLAALFVLLSILILI	LLLLTLLLAALYVLLSILILI	260.134	265.029	43.6652	47.7687	361.194	163
Reject	354	LLLLTLLLAALFVLLSILILI	LLLLTLLLAALFVLLLILILI	260.134	268.803	43.6652	41.4852	361.194	163
Reject	355	LLLLTLLLAALFVLLSILILI	LLLLTLLLALLFVLLSILILI	260.134	262.036	43.6652	41.3623	330.452	163
Reject	356	LLLLTLLLAALFVLLSILILI	LLLLTVLLAALFVLLSILILI	260.134	266.597	43.6652	50.8209	330.452	163
Reject	357	LLLLTLLLAALFVLLSILILI	LLLLTVLLAALFVLLSILILI	260.134	266.597	43.6652	50.8209	330.452	163
Reject	358	LLLLTLLLAALFVLLSILILI	LLLLALLLAALFVLLSILILI	260.134	262.104	43.6652	45.5917	330.452	163
Reject	359	LLLLTLLLAALFVLLSILILI	LLLLTLLLAALFLLLSILILI	260.134	264.765	43.6652	44.7165	330.452	163
Reject	360	LLLLTLLLAALFVLLSILILI	LLLLTLLLAALFLLLSILILI	260.134	263.561	43.6652	44.7165	330.452	163
Reject	361	LLLLTLLLAALFVLLSILILI	LLLLTLLLAVLFVLLSILILI	260.134	262.22	43.6652	44.4145	302.327	163
Reject	362	LLLLTLLLAALFVLLSILILI	LLLLTLLLAALYVLLSILILI	260.134	265.029	43.6652	47.7687	302.327	163
Reject	363	LLLLTLLLAALFVLLSILILI	LLLLTLLLALLFVLLSILILI	260.134	262.036	43.6652	41.3623	302.327	163
Reject	364	LLLLTLLLAALFVLLSILILI	LLLLTLLLAALFLLLSILILI	260.134	263.561	43.6652	44.7165	302.327	163
Reject	365	LLLLTLLLAALFVLLSILILI	LLLLTLLLALLFVLLSILILI	260.134	262.036	43.6652	41.3623	302.327	163
Reject	366	LLLLTLLLAALFVLLSILILI	LLLLTLLLAALFVLLSLLILI	260.134	260.67	43.6652	44.4768	302.327	163
Reject	367	LLLLTLLLAALFVLLSILILI	LLLLTLLLAALYVLLSILILI	260.134	265.029	43.6652	47.7687	276.595	163
Reject	368	LLLLTLLLAALFVLLSILILI	LLLLTLLLAALFVLLAILILI	260.134	268.78	43.6652	46.1885	276.595	163
Reject	369	LLLLTLLLAALFVLLSILILI	LLLLTLLLAALYVLLSILILI	260.134	265.029	43.6652	47.7687	276.595	163
Reject	370	LLLLTLLLAALFVLLSILILI	LLLLTLLLAALFVLLAILILI	260.134	268.78	43.6652	46.1885	276.595	163
Reject	371	LLLLTLLLAALFVLLSILILI	LLLLALLLAALFVLLSILILI	260.134	262.104	43.6652	45.5917	276.595	163
Reject	372	LLLLTLLLAALFVLLSILILI	LLLLTLLLAALFLLLSILILI	260.134	264.765	43.6652	44.7165	276.595	163
Reject	373	LLLLTLLLAALFVLLSILILI	LLLLALLLAALFVLLSILILI	260.134	262.104	43.6652	45.5917	253.054	163
Reject	374	LLLLTLLLAALFVLLSILILI	LLLLTLLLAVLFVLLSILILI	260.134	262.22	43.6652	44.4145	253.054	163
Reject	375	LLLLTLLLAALFVLLSILILI	LLLLTLLLAALFLLLSILILI	260.134	264.765	43.6652	44.7165	253.054	163
Reject	376	LLLLTLLLAALFVLLSILILI	LLLLTLLLAALFVLLLILILI	260.134	268.803	43.6652	41.4852	253.054	163
Reject	377	LLLLTLLLAALFVLLSILILI	LLLLALLLAALFVLLSILILI	260.134	262.104	43.6652	45.5917	253.054	163
Reject	378	LLLLTLLLAALFVLLSILILI	LLLLTLLLSALFVLLSILILI	260.134	265.374	43.6652	47.6458	253.054	163
Reject	379	LLLLTLLLAALFVLLSILILI	LLLLTLLLAALFVLLSLLILI	260.134	260.67	43.6652	44.4768	231.516	163
Reject	380	LLLLTLLLAALFVLLSILILI	LLLLALLLAALFVLLSILILI	260.134	262.104	43.6652	45.5917	231.516	163
Reject	381	LLLLTLLLAALFVLLSILILI	LLLLTLLLAALFVLLSLLILI	260.134	260.67	43.6652	44.4768	231.516	163
Reject	382	LLLLTLLLAALFVLLSILILI	LLLLTLLLAVLFVLLSILILI	260.134	262.22	43.6652	44.4145	231.516	163
Reject	383	LLLLTLLLAALFVLLSILILI	LLLLTLLLALLFVLLSILILI	260.134	262.036	43.6652	41.3623	231.516	163
Reject	384	LLLLTLLLAALFVLLSILILI	LLLLALLLAALFVLLSILILI	260.134	262.104	43.6652	45.5917	231.516	163
Reject	385	LLLLTLLLAALFVLLSILILI	LLLLTLLLAALFVLLSLLILI	260.134	260.67	43.6652	44.4768	211.811	163
Reject	386	LLLLTLLLAALFVLLSILILI	LLLLTLLLSALFVLLSILILI	260.134	265.374	43.6652	47.6458	211.811	163
Reject	387	LLLLTLLLAALFVLLSILILI	LLLLTLLLAALFVLLLILILI	260.134	268.803	43.6652	41.4852	211.811	163
Reject	388	LLLLTLLLAALFVLLSILILI	LLLLTLLLSALFVLLSILILI	260.134	265.374	43.6652	47.6458	211.811	163
Reject	389	LLLLTLLLAALFVLLSILILI	LLLLTLLLAALFVLLSLLILI	260.134	260.67	43.6652	44.4768	211.811	163
Reject	390	LLLLTLLLAALFVLLSILILI	LLLLTLLLSALFVLLSILILI	260.134	265.374	43.6652	47.6458	211.811	163
Reject	391	LLLLTLLLAALFVLLSILILI	LLLLTLLLAALYVLLSILILI	260.134	265.029	43.6652	47.7687	193.783	163
Reject	392	LLLLTLLLAALFVLLSILILI	LLLLTLLLAALFVLLAILILI	260.134	268.78	43.6652	46.1885	193.783	163
Reject	393	LLLLTLLLAALFVLLSILILI	LLLLTVLLAALFVLLSILILI	260.134	266.597	43.6652	50.8209	193.783	163
Reject	394	LLLLTLLLAALFVLLSILILI	LLLLTLLLAVLFVLLSILILI	260.134	262.22	43.6652	44.4145	193.783	163
Reject	395	LLLLTLLLAALFVLLSILILI	LLLLTLLLAALFVLLLILILI	260.134	268.803	43.6652	41.4852	193.783	163
Reject	396	LLLLTLLLAALFVLLSILILI	LLLLTLLLAALFLLLSILILI	260.134	264.765	43.6652	44.7165	193.783	163
Reject	397	LLLLTLLLAALFVLLSILILI	LLLLTLLLAALFLLLSILILI	260.134	264.765	43.6652	44.7165	177.29	163
Reject	398	LLLLTLLLAALFVLLSILILI	LLLLLLLLAALFVLLSILILI	260.134	263.497	43.6652	40.8884	177.29	163
Reject	399	LLLLTLLLAALFVLLSILILI	LLLLTVLLAALFVLLSILILI	260.134	266.597	43.6652	50.8209	177.29	163
Reject	400	LLLLTLLLAALFVLLSILILI	LLLLALLLAALFVLLSILILI	260.134	262.104	43.6652	45.5917	177.29	163
Reject	401	LLLLTLLLAALFVLLSILILI	LLLLTLLLAALFLLLSILILI	260.134	263.561	43.6652	44.7165	177.29	163
Reject	402	LLLLTLLLAALFVLLSILILI	LLLLTLLLAALFVLLSLLILI	260.134	260.67	43.6652	44.4768	177.29	163
Reject	403	LLLLTLLLAALFVLLSILILI	LLLLTLLLAALYVLLSILILI	260.134	265.029	43.6652	47.7687	162.201	163
Reject	404	LLLLTLLLAALFVLLSILILI	LLLLTLLLSALFVLLSILILI	260.134	265.374	43.6652	47.6458	162.201	163
Reject	405	LLLLTLLLAALFVLLSILILI	LLLLTLLLAALYVLLSILILI	260.134	265.029	43.6652	47.7687	162.201	163
Reject	406	LLLLTLLLAALFVLLSILILI	LLLLTLLLAALFVLLLILILI	260.134	268.803	43.6652	41.4852	162.201	163
Reject	407	LLLLTLLLAALFVLLSILILI	LLLLALLLAALFVLLSILILI	260.134	262.104	43.6652	45.5917	162.201	163
Reject	408	LLLLTLLLAALFVLLSILILI	LLLLTLLLAALFLLLSILILI	260.134	264.765	43.6652	44.7165	162.201	163
Reject	409	LLLLTLLLAALFVLLSILILI	LLLLTLLLAALFLLLSILILI	260.134	264.765	43.6652	44.7165	148.395	163
Reject	410	LLLLTLLLAALFVLLSILILI	LLLLTVLLAALFVLLSILILI	260.134	266.597	43.6652	50.8209	148.395	163
Reject	411	LLLLTLLLAALFVLLSILILI	LLLLTVLLAALFVLLSILILI	260.134	266.597	43.6652	50.8209	148.395	163
Reject	412	LLLLTLLLAALFVLLSILILI	LLLLTLLLAVLFVLLSILILI	260.134	262.22	43.6652	44.4145	148.395	163
Reject	413	LLLLTLLLAALFVLLSILILI	LLLLTLLLAALFLLLSILILI	260.134	264.765	43.6652	44.7165	148.395	163
Reject	414	LLLLTLLLAALFVLLSILILI	LLLLTLLLAALFVLLAILILI	260.134	268.78	43.6652	46.1885	148.395	163
Reject	415	LLLLTLLLAALFVLLSILILI	LLLLALLLAALFVLLSILILI	260.134	262.104	43.6652	45.5917	135.765	163
Reject	416	LLLLTLLLAALFVLLSILILI	LLLLTLLLAALFLLLSILILI	260.134	264.765	43.6652	44.7165	135.765	163
Reject	417	LLLLTLLLAALFVLLSILILI	LLLLALLLAALFVLLSILILI	260.134	262.104	43.6652	45.5917	135.765	163
Reject	418	LLLLTLLLAALFVLLSILILI	LLLLTVLLAALFVLLSILILI	260.134	266.597	43.6652	50.8209	135.765	163
Reject	419	LLLLTLLLAALFVLLSILILI	LLLLTLLLAALFVLLSLLILI	260.134	260.67	43.6652	44.4768	135.765	163
Reject	420	LLLLTLLLAALFVLLSILILI	LLLLTLLLAALFVLLSLLILI	260.134	260.67	43.6652	44.4768	135.765	163
Reject	421	LLLLTLLLAALFVLLSILILI	LLLLTLLLALLFVLLSILILI	260.134	262.036	43.6652	41.3623	124.21	163
Reject	422	LLLLTLLLAALFVLLSILILI	LLLLTLLLSALFVLLSILILI	260.134	265.374	43.6652	47.6458	124.21	163
Reject	423	LLLLTLLLAALFVLLSILILI	LLLLTVLLAALFVLLSILILI	260.134	266.597	43.6652	50.8209	124.21	163
Reject	424	LLLLTLLLAALFVLLSILILI	LLLLTVLLAALFVLLSILILI	260.134	266.597	43.6652	50.8209	124.21	163
Reject	425	LLLLTLLLAALFVLLSILILI	LLLLTLLLSALFVLLSILILI	260.134	265.374	43.6652	47.6458	124.21	163
Reject	426	LLLLTLLLAALFVLLSILILI	LLLLTLLLAVLFVLLSILILI	260.134	262.22	43.6652	44.4145	124.21	163
Accept	427	LLLLTLLLAALFVLLSILILI	LLLLTLLLAALFVLLSLLILI	260.134	260.67	43.6652	44.4768	113.638	164
Reject	428	LLLLTLLLAALFVLLSLLILI	LLLLALLLAALFVLLSLLILI	260.67	262.641	44.4768	46.4033	103.966	164
Reject	429	LLLLTLLLAALFVLLSLLILI	LLLLALLLAALFVLLSLLILI	260.67	262.641	44.4768	46.4033	103.966	164
Reject	430	LLLLTLLLAALFVLLSLLILI	LLLLTLLLAALFVLLALLILI	260.67	269.319	44.4768	47	103.966	164
Reject	431	LLLLTLLLAALFVLLSLLILI	LLLLTLLLAILFVLLSLLILI	260.67	261.601	44.4768	41.3623	103.966	164
Reject	432	LLLLTLLLAALFVLLSLLILI	LLLLTLLLAALFILLSLLILI	260.67	264.053	44.4768	44.7165	103.966	164
Reject	433	LLLLTLLLAALFVLLSLLILI	LLLLTLLLAALFILLSLLILI	260.67	264.053	44.4768	44.7165	103.966	164
Reject	434	LLLLTLLLAALFVLLSLLILI	LLLLTLLLAALFVLLALLILI	260.67	269.319	44.4768	47	95.1175	164
Reject	435	LLLLTLLLAALFVLLSLLILI	LLLLALLLAALFVLLSLLILI	260.67	262.641	44.4768	46.4033	95.1175	164
Accept	436	LLLLTLLLAALFVLLSLLILI	LLLLTLLLAALFVLLSILILI	260.67	260.134	44.4768	43.6652	95.1175	165
Reject	437	LLLLTLLLAALFVLLSILILI	LLLLTVLLAALFVLLSILILI	260.134	266.597	43.6652	50.8209	87.0218	165
Reject	438	LLLLTLLLAALFVLLSILILI	LLLLTLLLAALFVLLAILILI	260.134	268.78	43.6652	46.1885	87.0218	165
Reject	439	LLLLTLLLAALFVLLSILILI	LLLLTLLLSALFVLLSILILI	260.134	265.374	43.6652	47.6458	87.0218	165
Reject	440	LLLLTLLLAALFVLLSILILI	LLLLTLLLAALFVLLSLLILI	260.134	260.67	43.6652	44.4768	87.0218	165
Reject	441	LLLLTLLLAALFVLLSILILI	LLLLTLLLAALYVLLSILILI	260.134	265.029	43.6652	47.7687	87.0218	165
Reject	442	LLLLTLLLAALFVLLSILILI	LLLLTLLLAALYVLLSILILI	260.134	265.029	43.6652	47.7687	87.0218	165
Reject	443	LLLLTLLLAALFVLLSILILI	LLLLTLLLALLFVLLSILILI	260.134	262.036	43.6652	41.3623	79.6152	165
Reject	444	LLLLTLLLAALFVLLSILILI	LLLLALLLAALFVLLSILILI	260.134	262.104	43.6652	45.5917	79.6152	165
Reject	445	LLLLTLLLAALFVLLSILILI	LLLLTLLLAALFVLLLILILI	260.134	268.803	43.6652	41.4852	79.6152	165
Reject	446	LLLLTLLLAALFVLLSILILI	LLLLTVLLAALFVLLSILILI	260.134	266.597	43.6652	50.8209	79.6152	165
Reject	447	LLLLTLLLAALFVLLSILILI	LLLLTLLLAALYVLLSILILI	260.134	265.029	43.6652	47.7687	79.6152	165
Reject	448	LLLLTLLLAALFVLLSILILI	LLLLTLLLAALFVLLLILILI	260.134	268.803	43.6652	41.4852	79.6152	165
Reject	449	LLLLTLLLAALFVLLSILILI	LLLLTLLLAALFLLLSILILI	260.134	263.561	43.6652	44.7165	72.839	165
Reject	450	LLLLTLLLAALFVLLSILILI	LLLLTLLLALLFVLLSILILI	260.134	262.036	43.6652	41.3623	72.839	165
Reject	451	LLLLTLLLAALFVLLSILILI	LLLLTLLLAALFLLLSILILI	260.134	263.561	43.6652	44.7165	72.839	165
Reject	452	LLLLTLLLAALFVLLSILILI	LLLLALLLAALFVLLSILILI	260.134	262.104	43.6652	45.5917	72.839	165
Reject	453	LLLLTLLLAALFVLLSILILI	LLLLTLLLAALYVLLSILILI	260.134	265.029	43.6652	47.7687	72.839	165
Reject	454	LLLLTLLLAALFVLLSILILI	LLLLTLLLALLFVLLSILILI	260.134	262.036	43.6652	41.3623	72.839	165
Reject	455	LLLLTLLLAALFVLLSILILI	LLLLTLLLAALFVLLSLLILI	260.134	260.67	43.6652	44.4768	66.6396	165
Reject	456	LLLLTLLLAALFVLLSILILI	LLLLTLLLAALFLLLSILILI	260.134	264.765	43.6652	44.7165	66.6396	165
Reject	457	LLLLTLLLAALFVLLSILILI	LLLLTLLLAALFVLLSLLILI	260.134	260.67	43.6652	44.4768	66.6396	165
Reject	458	LLLLTLLLAALFVLLSILILI	LLLLTLLLAALFLLLSILILI	260.134	264.765	43.6652	44.7165	66.6396	165
Reject	459	LLLLTLLLAALFVLLSILILI	LLLLTLLLALLFVLLSILILI	260.134	262.036	43.6652	41.3623	66.6396	165
Reject	460	LLLLTLLLAALFVLLSILILI	LLLLALLLAALFVLLSILILI	260.134	262.104	43.6652	45.5917	66.6396	165
Reject	461	LLLLTLLLAALFVLLSILILI	LLLLTLLLAALFLLLSILILI	260.134	264.765	43.6652	44.7165	60.9677	165
Reject	462	LLLLTLLLAALFVLLSILILI	LLLLTLLLSALFVLLSILILI	260.134	265.374	43.6652	47.6458	60.9677	165
Reject	463	LLLLTLLLAALFVLLSILILI	LLLLTLLLAALYVLLSILILI	260.134	265.029	43.6652	47.7687	60.9677	165
Reject	464	LLLLTLLLAALFVLLSILILI	LLLLTLLLAALFVLLSLLILI	260.134	260.67	43.6652	44.4768	60.9677	165
Reject	465	LLLLTLLLAALFVLLSILILI	LLLLTLLLALLFVLLSILILI	260.134	262.036	43.6652	41.3623	60.9677	165
Reject	466	LLLLTLLLAALFVLLSILILI	LLLLTVLLAALFVLLSILILI	260.134	266.597	43.6652	50.8209	60.9677	165
Reject	467	LLLLTLLLAALFVLLSILILI	LLLLALLLAALFVLLSILILI	260.134	262.104	43.6652	45.5917	55.7787	165
Reject	468	LLLLTLLLAALFVLLSILILI	LLLLTLLLAALFVLLSLLILI	260.134	260.67	43.6652	44.4768	55.7787	165
Reject	469	LLLLTLLLAALFVLLSILILI	LLLLTLLLSALFVLLSILILI	260.134	265.374	43.6652	47.6458	55.7787	165
Reject	470	LLLLTLLLAALFVLLSILILI	LLLLTLLLSALFVLLSILILI	260.134	265.374	43.6652	47.6458	55.7787	165
Reject	471	LLLLTLLLAALFVLLSILILI	LLLLTLLLAALYVLLSILILI	260.134	265.029	43.6652	47.7687	55.7787	165
Reject	472	LLLLTLLLAALFVLLSILILI	LLLLTVLLAALFVLLSILILI	260.134	266.597	43.6652	50.8209	55.7787	165
Reject	473	LLLLTLLLAALFVLLSILILI	LLLLALLLAALFVLLSILILI	260.134	262.104	43.6652	45.5917	51.0312	165
Reject	474	LLLLTLLLAALFVLLSILILI	LLLLTLLLSALFVLLSILILI	260.134	265.374	43.6652	47.6458	51.0312	165
Reject	475	LLLLTLLLAALFVLLSILILI	LLLLALLLAALFVLLSILILI	260.134	262.104	43.6652	45.5917	51.0312	165
Reject	476	LLLLTLLLAALFVLLSILILI	LLLLTLLLAALFLLLSILILI	260.134	264.765	43.6652	44.7165	51.0312	165
Reject	477	LLLLTLLLAALFVLLSILILI	LLLLTVLLAALFVLLSILILI	260.134	266.597	43.6652	50.8209	51.0312	165
Reject	478	LLLLTLLLAALFVLLSILILI	LLLLTLLLSALFVLLSILILI	260.134	265.374	43.6652	47.6458	51.0312	165
Reject	479	LLLLTLLLAALFVLLSILILI	LLLLTLLLAALFVLLSLLILI	260.134	260.67	43.6652	44.4768	46.6879	165
Reject	480	LLLLTLLLAALFVLLSILILI	LLLLTLLLAALYVLLSILILI	260.134	265.029	43.6652	47.7687	46.6879	165
Reject	481	LLLLTLLLAALFVLLSILILI	LLLLTVLLAALFVLLSILILI	260.134	266.597	43.6652	50.8209	46.6879	165
Reject	482	LLLLTLLLAALFVLLSILILI	LLLLTLLLAALFLLLSILILI	260.134	263.561	43.6652	44.7165	46.6879	165
Reject	483	LLLLTLLLAALFVLLSILILI	LLLLTVLLAALFVLLSILILI	260.134	266.597	43.6652	50.8209	46.6879	165
Reject	484	LLLLTLLLAALFVLLSILILI	LLLLTVLLAALFVLLSILILI	260.134	266.597	43.6652	50.8209	46.6879	165
Reject	485	LLLLTLLLAALFVLLSILILI	LLLLALLLAALFVLLSILILI	260.134	262.104	43.6652	45.5917	42.7142	165
Reject	486	LLLLTLLLAALFVLLSILILI	LLLLTLLLAALFVLLSLLILI	260.134	260.67	43.6652	44.4768	42.7142	165
Reject	487	LLLLTLLLAALFVLLSILILI	LLLLTLLLAALYVLLSILILI	260.134	265.029	43.6652	47.7687	42.7142	165
Reject	488	LLLLTLLLAALFVLLSILILI	LLLLTVLLAALFVLLSILILI	260.134	266.597	43.6652	50.8209	42.7142	165
Reject	489	LLLLTLLLAALFVLLSILILI	LLLLTVLLAALFVLLSILILI	260.134	266.597	43.6652	50.8209	42.7142	165
Reject	490	LLLLTLLLAALFVLLSILILI	LLLLALLLAALFVLLSILILI	260.134	262.104	43.6652	45.5917	42.7142	165
Reject	491	LLLLTLLLAALFVLLSILILI	LLLLTLLLALLFVLLSILILI	260.134	262.036	43.6652	41.3623	39.0787	165
Reject	492	LLLLTLLLAALFVLLSILILI	LLLLALLLAALFVLLSILILI	260.134	262.104	43.6652	45.5917	39.0787	165
Reject	493	LLLLTLLLAALFVLLSILILI	LLLLTLLLSALFVLLSILILI	260.134	265.374	43.6652	47.6458	39.0787	165
Reject	494	LLLLTLLLAALFVLLSILILI	LLLLTLLLAALFVLLSLLILI	260.134	260.67	43.6652	44.4768	39.0787	165
Reject	495	LLLLTLLLAALFVLLSILILI	LLLLTLLLAALFLLLSILILI	260.134	264.765	43.6652	44.7165	39.0787	165
Reject	496	LLLLTLLLAALFVLLSILILI	LLLLTLLLAALFLLLSILILI	260.134	263.561	43.6652	44.7165	39.0787	165
Reject	497	LLLLTLLLAALFVLLSILILI	LLLLTLLLAALFVLLSLLILI	260.134	260.67	43.6652	44.4768	35.7526	165
Reject	498	LLLLTLLLAALFVLLSILILI	LLLLTLLLAALFVLLSLLILI	260.134	260.67	43.6652	44.4768	35.7526	165
Reject	499	LLLLTLLLAALFVLLSILILI	LLLLTVLLAALFVLLSILILI	260.134	266.597	43.6652	50.8209	35.7526	165
Reject	500	LLLLTLLLAALFVLLSILILI	LLLLTLLLAALFLLLSILILI	260.134	264.765	43.6652	44.7165	35.7526	165
Reject	501	LLLLTLLLAALFVLLSILILI	LLLLTLLLALLFVLLSILILI	260.134	262.036	43.6652	41.3623	35.7526	165
Reject	502	LLLLTLLLAALFVLLSILILI	LLLLTLLLAALFVLLSLLILI	260.134	260.67	43.6652	44.4768	35.7526	165
Reject	503	LLLLTLLLAALFVLLSILILI	LLLLTLLLAALFVLLSLLILI	260.134	260.67	43.6652	44.4768	32.7096	165
Reject	504	LLLLTLLLAALFVLLSILILI	LLLLTLLLAALFVLLSLLILI	260.134	260.67	43.6652	44.4768	32.7096	165
Reject	505	LLLLTLLLAALFVLLSILILI	LLLLTLLLSALFVLLSILILI	260.134	265.374	43.6652	47.6458	32.7096	165
Reject	506	LLLLTLLLAALFVLLSILILI	LLLLTVLLAALFVLLSILILI	260.134	266.597	43.6652	50.8209	32.7096	165
Reject	507	LLLLTLLLAALFVLLSILILI	LLLLALLLAALFVLLSILILI	260.134	262.104	43.6652	45.5917	32.7096	165
Reject	508	LLLLTLLLAALFVLLSILILI	LLLLTLLLSALFVLLSILILI	260.134	265.374	43.6652	47.6458	32.7096	165
Reject	509	LLLLTLLLAALFVLLSILILI	LLLLTLLLALLFVLLSILILI	260.134	262.036	43.6652	41.3623	29.9257	165
Reject	510	LLLLTLLLAALFVLLSILILI	LLLLTLLLAALFVLLAILILI	260.134	268.78	43.6652	46.1885	29.9257	165
Reject	511	LLLLTLLLAALFVLLSILILI	LLLLTLLLSALFVLLSILILI	260.134	265.374	43.6652	47.6458	29.9257	165
Reject	512	LLLLTLLLAALFVLLSILILI	LLLLTLLLAALFVLLSLLILI	260.134	260.67	43.6652	44.4768	29.9257	165
Reject	513	LLLLTLLLAALFVLLSILILI	LLLLTLLLAALFLLLSILILI	260.134	263.561	43.6652	44.7165	29.9257	165
Reject	514	LLLLTLLLAALFVLLSILILI	LLLLTLLLSALFVLLSILILI	260.134	265.374	43.6652	47.6458	29.9257	165
Reject	515	LLLLTLLLAALFVLLSILILI	LLLLTLLLAALYVLLSILILI	260.134	265.029	43.6652	47.7687	27.3786	165
Reject	516	LLLLTLLLAALFVLLSILILI	LLLLTLLLAALFVLLSLLILI	260.134	260.67	43.6652	44.4768	27.3786	165
Reject	517	LLLLTLLLAALFVLLSILILI	LLLLTLLLAALFVLLSLLILI	260.134	260.67	43.6652	44.4768	27.3786	165
Reject	518	LLLLTLLLAALFVLLSILILI	LLLLTLLLAALFVLLSLLILI	260.134	260.67	43.6652	44.4768	27.3786	165
Reject	519	LLLLTLLLAALFVLLSILILI	LLLLTLLLALLFVLLSILILI	260.134	262.036	43.6652	41.3623	27.3786	165
Reject	520	LLLLTLLLAALFVLLSILILI	LLLLALLLAALFVLLSILILI	260.134	262.104	43.6652	45.5917	27.3786	165
Reject	521	LLLLTLLLAALFVLLSILILI	LLLLTLLLAALYVLLSILILI	260.134	265.029	43.6652	47.7687	25.0484	165
Reject	522	LLLLTLLLAALFVLLSILILI	LLLLTLLLSALFVLLSILILI	260.134	265.374	43.6652	47.6458	25.0484	165
Reject	523	LLLLTLLLAALFVLLSILILI	LLLLTLLLAALFVLLLILILI	260.134	268.803	43.6652	41.4852	25.0484	165
Reject	524	LLLLTLLLAALFVLLSILILI	LLLLTLLLAALFVLLSLLILI	260.134	260.67	43.6652	44.4768	25.0484	165
Reject	525	LLLLTLLLAALFVLLSILILI	LLLLTLLLSALFVLLSILILI	260.134	265.374	43.6652	47.6458	25.0484	165
Reject	526	LLLLTLLLAALFVLLSILILI	LLLLTVLLAALFVLLSILILI	260.134	266.597	43.6652	50.8209	25.0484	165
Reject	527	LLLLTLLLAALFVLLSILILI	LLLLTLLLAALFLLLSILILI	260.134	263.561	43.6652	44.7165	22.9165	165
Reject	528	LLLLTLLLAALFVLLSILILI	LLLLTLLLAALFVLLAILILI	260.134	268.78	43.6652	46.1885	22.9165	165
Reject	529	LLLLTLLLAALFVLLSILILI	LLLLTLLLAALFLLLSILILI	260.134	263.561	43.6652	44.7165	22.9165	165
Reject	530	LLLLTLLLAALFVLLSILILI	LLLLTLLLSALFVLLSILILI	260.134	265.374	43.6652	47.6458	22.9165	165
Reject	531	LLLLTLLLAALFVLLSILILI	LLLLTVLLAALFVLLSILILI	260.134	266.597	43.6652	50.8209	22.9165	165
Reject	532	LLLLTLLLAALFVLLSILILI	LLLLTLLLAALFVLLAILILI	260.134	268.78	43.6652	46.1885	22.9165	165
Reject	533	LLLLTLLLAALFVLLSILILI	LLLLTLLLSALFVLLSILILI	260.134	265.374	43.6652	47.6458	20.966	165
Reject	534	LLLLTLLLAALFVLLSILILI	LLLLTLLLSALFVLLSILILI	260.134	265.374	43.6652	47.6458	20.966	165
Reject	535	LLLLTLLLAALFVLLSILILI	LLLLTLLLAALFLLLSILILI	260.134	264.765	43.6652	44.7165	20.966	165
Reject	536	LLLLTLLLAALFVLLSILILI	LLLLTLLLAALYVLLSILILI	260.134	265.029	43.6652	47.7687	20.966	165
Reject	537	LLLLTLLLAALFVLLSILILI	LLLLTLLLAALYVLLSILILI	260.134	265.029	43.6652	47.7687	20.966	165
Reject	538	LLLLTLLLAALFVLLSILILI	LLLLTLLLSALFVLLSILILI	260.134	265.374	43.6652	47.6458	20.966	165
Reject	539	LLLLTLLLAALFVLLSILILI	LLLLTLLLALLFVLLSILILI	260.134	262.036	43.6652	41.3623	19.1815	165
Reject	540	LLLLTLLLAALFVLLSILILI	LLLLTLLLAALYVLLSILILI	260.134	265.029	43.6652	47.7687	19.1815	165
Reject	541	LLLLTLLLAALFVLLSILILI	LLLLTLLLALLFVLLSILILI	260.134	262.036	43.6652	41.3623	19.1815	165
Reject	542	LLLLTLLLAALFVLLSILILI	LLLLTLLLAALFVLLSLLILI	260.134	260.67	43.6652	44.4768	19.1815	165
Reject	543	LLLLTLLLAALFVLLSILILI	LLLLALLLAALFVLLSILILI	260.134	262.104	43.6652	45.5917	19.1815	165
Reject	544	LLLLTLLLAALFVLLSILILI	LLLLTLLLALLFVLLSILILI	260.134	262.036	43.6652	41.3623	19.1815	165
Reject	545	LLLLTLLLAALFVLLSILILI	LLLLTLLLAALFVLLSLLILI	260.134	260.67	43.6652	44.4768	17.549	165
Reject	546	LLLLTLLLAALFVLLSILILI	LLLLTLLLAALYVLLSILILI	260.134	265.029	43.6652	47.7687	17.549	165
Reject	547	LLLLTLLLAALFVLLSILILI	LLLLTLLLAALYVLLSILILI	260.134	265.029	43.6652	47.7687	17.549	165
Reject	548	LLLLTLLLAALFVLLSILILI	LLLLTVLLAALFVLLSILILI	260.134	266.597	43.6652	50.8209	17.549	165
Reject	549	LLLLTLLLAALFVLLSILILI	LLLLALLLAALFVLLSILILI	260.134	262.104	43.6652	45.5917	17.549	165
Reject	550	LLLLTLLLAALFVLLSILILI	LLLLTLLLAALFVLLSLLILI	260.134	260.67	43.6652	44.4768	17.549	165
Reject	551	LLLLTLLLAALFVLLSILILI	LLLLTLLLALLFVLLSILILI	260.134	262.036	43.6652	41.3623	16.0553	165
Reject	552	LLLLTLLLAALFVLLSILILI	LLLLTLLLAALFVLLSLLILI	260.134	260.67	43.6652	44.4768	16.0553	165
Reject	553	LLLLTLLLAALFVLLSILILI	LLLLTLLLAALFVLLSLLILI	260.134	260.67	43.6652	44.4768	16.0553	165
Reject	554	LLLLTLLLAALFVLLSILILI	LLLLTLLLSALFVLLSILILI	260.134	265.374	43.6652	47.6458	16.0553	165
Reject	555	LLLLTLLLAALFVLLSILILI	LLLLTLLLAALFVLLLILILI	260.134	268.803	43.6652	41.4852	16.0553	165
Reject	556	LLLLTLLLAALFVLLSILILI	LLLLTLLLAALFVLLAILILI	260.134	268.78	43.6652	46.1885	16.0553	165
Reject	557	LLLLTLLLAALFVLLSILILI	LLLLTLLLSALFVLLSILILI	260.134	265.374	43.6652	47.6458	14.6888	165
Reject	558	LLLLTLLLAALFVLLSILILI	LLLLTLLLAALYVLLSILILI	260.134	265.029	43.6652	47.7687	14.6888	165
Reject	559	LLLLTLLLAALFVLLSILILI	LLLLTLLLAALFVLLAILILI	260.134	268.78	43.6652	46.1885	14.6888	165
Reject	560	LLLLTLLLAALFVLLSILILI	LLLLTLLLAALFLLLSILILI	260.134	264.765	43.6652	44.7165	14.6888	165
Reject	561	LLLLTLLLAALFVLLSILILI	LLLLTVLLAALFVLLSILILI	260.134	266.597	43.6652	50.8209	14.6888	165
Reject	562	LLLLTLLLAALFVLLSILILI	LLLLTVLLAALFVLLSILILI	260.134	266.597	43.6652	50.8209	14.6888	165
Reject	563	LLLLTLLLAALFVLLSILILI	LLLLTLLLALLFVLLSILILI	260.134	262.036	43.6652	41.3623	13.4386	165
Reject	564	LLLLTLLLAALFVLLSILILI	LLLLTLLLAALYVLLSILILI	260.134	265.029	43.6652	47.7687	13.4386	165
Reject	565	LLLLTLLLAALFVLLSILILI	LLLLTLLLAALYVLLSILILI	260.134	265.029	43.6652	47.7687	13.4386	165
Reject	566	LLLLTLLLAALFVLLSILILI	LLLLTLLLAALYVLLSILILI	260.134	265.029	43.6652	47.7687	13.4386	165
Reject	567	LLLLTLLLAALFVLLSILILI	LLLLTLLLAALFLLLSILILI	260.134	264.765	43.6652	44.7165	13.4386	165
Reject	568	LLLLTLLLAALFVLLSILILI	LLLLTLLLAALYVLLSILILI	260.134	265.029	43.6652	47.7687	13.4386	165
Reject	569	LLLLTLLLAALFVLLSILILI	LLLLTVLLAALFVLLSILILI	260.134	266.597	43.6652	50.8209	12.2949	165
Reject	570	LLLLTLLLAALFVLLSILILI	LLLLTLLLSALFVLLSILILI	260.134	265.374	43.6652	47.6458	12.2949	165
Reject	571	LLLLTLLLAALFVLLSILILI	LLLLTLLLAALFLLLSILILI	260.134	263.561	43.6652	44.7165	12.2949	165
Reject	572	LLLLTLLLAALFVLLSILILI	LLLLTLLLAALFVLLSLLILI	260.134	260.67	43.6652	44.4768	12.2949	165
Reject	573	LLLLTLLLAALFVLLSILILI	LLLLTLLLAALFVLLAILILI	260.134	268.78	43.6652	46.1885	12.2949	165
Reject	574	LLLLTLLLAALFVLLSILILI	LLLLTLLLALLFVLLSILILI	260.134	262.036	43.6652	41.3623	12.2949	165
Reject	575	LLLLTLLLAALFVLLSILILI	LLLLTLLLALLFVLLSILILI	260.134	262.036	43.6652	41.3623	11.2484	165
Reject	576	LLLLTLLLAALFVLLSILILI	LLLLTLLLAALFVLLAILILI	260.134	268.78	43.6652	46.1885	11.2484	165
Reject	577	LLLLTLLLAALFVLLSILILI	LLLLTLLLAALFVLLAILILI	260.134	268.78	43.6652	46.1885	11.2484	165
Reject	578	LLLLTLLLAALFVLLSILILI	LLLLALLLAALFVLLSILILI	260.134	262.104	43.6652	45.5917	11.2484	165
Reject	579	LLLLTLLLAALFVLLSILILI	LLLLTVLLAALFVLLSILILI	260.134	266.597	43.6652	50.8209	11.2484	165
Reject	580	LLLLTLLLAALFVLLSILILI	LLLLTLLLAALFVLLSLLILI	260.134	260.67	43.6652	44.4768	11.2484	165
Reject	581	LLLLTLLLAALFVLLSILILI	LLLLTLLLAALFVLLAILILI	260.134	268.78	43.6652	46.1885	10.291	165
Reject	582	LLLLTLLLAALFVLLSILILI	LLLLALLLAALFVLLSILILI	260.134	262.104	43.6652	45.5917	10.291	165
Reject	583	LLLLTLLLAALFVLLSILILI	LLLLALLLAALFVLLSILILI	260.134	262.104	43.6652	45.5917	10.291	165
Reject	584	LLLLTLLLAALFVLLSILILI	LLLLTLLLAALYVLLSILILI	260.134	265.029	43.6652	47.7687	10.291	165
Reject	585	LLLLTLLLAALFVLLSILILI	LLLLALLLAALFVLLSILILI	260.134	262.104	43.6652	45.5917	10.291	165
Reject	586	LLLLTLLLAALFVLLSILILI	LLLLALLLAALFVLLSILILI	260.134	262.104	43.6652	45.5917	10.291	165
Reject	587	LLLLTLLLAALFVLLSILILI	LLLLTLLLAALFVLLAILILI	260.134	268.78	43.6652	46.1885	9.41515	165
Reject	588	LLLLTLLLAALFVLLSILILI	LLLLTLLLAALFLLLSILILI	260.134	263.561	43.6652	44.7165	9.41515	165
Reject	589	LLLLTLLLAALFVLLSILILI	LLLLTLLLAALFVLLSLLILI	260.134	260.67	43.6652	44.4768	9.41515	165
Reject	590	LLLLTLLLAALFVLLSILILI	LLLLTVLLAALFVLLSILILI	260.134	266.597	43.6652	50.8209	9.41515	165
Reject	591	LLLLTLLLAALFVLLSILILI	LLLLTLLLAALFLLLSILILI	260.134	263.561	43.6652	44.7165	9.41515	165
Reject	592	LLLLTLLLAALFVLLSILILI	LLLLTLLLAALFVLLSLLILI	260.134	260.67	43.6652	44.4768	9.41515	165
Reject	593	LLLLTLLLAALFVLLSILILI	LLLLTLLLSALFVLLSILILI	260.134	265.374	43.6652	47.6458	8.61381	165
Reject	594	LLLLTLLLAALFVLLSILILI	LLLLALLLAALFVLLSILILI	260.134	262.104	43.6652	45.5917	8.61381	165
Reject	595	LLLLTLLLAALFVLLSILILI	LLLLTLLLALLFVLLSILILI	260.134	262.036	43.6652	41.3623	8.61381	165
Reject	596	LLLLTLLLAALFVLLSILILI	LLLLTVLLAALFVLLSILILI	260.134	266.597	43.6652	50.8209	8.61381	165
Reject	597	LLLLTLLLAALFVLLSILILI	LLLLTLLLSALFVLLSILILI	260.134	265.374	43.6652	47.6458	8.61381	165
Reject	598	LLLLTLLLAALFVLLSILILI	LLLLTLLLALLFVLLSILILI	260.134	262.036	43.6652	41.3623	8.61381	165
Reject	599	LLLLTLLLAALFVLLSILILI	LLLLALLLAALFVLLSILILI	260.134	262.104	43.6652	45.5917	7.88067	165
Reject	600	LLLLTLLLAALFVLLSILILI	LLLLTLLLAALFVLLSLLILI	260.134	260.67	43.6652	44.4768	7.88067	165
Reject	601	LLLLTLLLAALFVLLSILILI	LLLLALLLAALFVLLSILILI	260.134	262.104	43.6652	45.5917	7.88067	165
Reject	602	LLLLTLLLAALFVLLSILILI	LLLLTVLLAALFVLLSILILI	260.134	266.597	43.6652	50.8209	7.88067	165
Reject	603	LLLLTLLLAALFVLLSILILI	LLLLTLLLAALFLLLSILILI	260.134	264.765	43.6652	44.7165	7.88067	165
Reject	604	LLLLTLLLAALFVLLSILILI	LLLLTVLLAALFVLLSILILI	260.134	266.597	43.6652	50.8209	7.88067	165
Reject	605	LLLLTLLLAALFVLLSILILI	LLLLALLLAALFVLLSILILI	260.134	262.104	43.6652	45.5917	7.20993	165
Reject	606	LLLLTLLLAALFVLLSILILI	LLLLTLLLSALFVLLSILILI	260.134	265.374	43.6652	47.6458	7.20993	165
Reject	607	LLLLTLLLAALFVLLSILILI	LLLLTLLLAALFLLLSILILI	260.134	263.561	43.6652	44.7165	7.20993	165
Reject	608	LLLLTLLLAALFVLLSILILI	LLLLTLLLAALFLLLSILILI	260.134	264.765	43.6652	44.7165	7.20993	165
Reject	609	LLLLTLLLAALFVLLSILILI	LLLLTLLLAALYVLLSILILI	260.134	265.029	43.6652	47.7687	7.20993	165
Reject	610	LLLLTLLLAALFVLLSILILI	LLLLTLLLAALFVLLAILILI	260.134	268.78	43.6652	46.1885	7.20993	165
Reject	611	LLLLTLLLAALFVLLSILILI	LLLLALLLAALFVLLSILILI	260.134	262.104	43.6652	45.5917	6.59628	165
Reject	612	LLLLTLLLAALFVLLSILILI	LLLLTLLLALLFVLLSILILI	260.134	262.036	43.6652	41.3623	6.59628	165
Reject	613	LLLLTLLLAALFVLLSILILI	LLLLTLLLSALFVLLSILILI	260.134	265.374	43.6652	47.6458	6.59628	165
Reject	614	LLLLTLLLAALFVLLSILILI	LLLLTLLLAALYVLLSILILI	260.134	265.029	43.6652	47.7687	6.59628	165
Reject	615	LLLLTLLLAALFVLLSILILI	LLLLALLLAALFVLLSILILI	260.134	262.104	43.6652	45.5917	6.59628	165
Reject	616	LLLLTLLLAALFVLLSILILI	LLLLTLLLALLFVLLSILILI	260.134	262.036	43.6652	41.3623	6.59628	165
Reject	617	LLLLTLLLAALFVLLSILILI	LLLLTVLLAALFVLLSILILI	260.134	266.597	43.6652	50.8209	6.03486	165
Reject	618	LLLLTLLLAALFVLLSILILI	LLLLTLLLAALFVLLSLLILI	260.134	260.67	43.6652	44.4768	6.03486	165
Reject	619	LLLLTLLLAALFVLLSILILI	LLLLTLLLAALFLLLSILILI	260.134	263.561	43.6652	44.7165	6.03486	165
Reject	620	LLLLTLLLAALFVLLSILILI	LLLLTLLLAALFVLLSLLILI	260.134	260.67	43.6652	44.4768	6.03486	165
Reject	621	LLLLTLLLAALFVLLSILILI	LLLLTLLLALLFVLLSILILI	260.134	262.036	43.6652	41.3623	6.03486	165
Reject	622	LLLLTLLLAALFVLLSILILI	LLLLTVLLAALFVLLSILILI	260.134	266.597	43.6652	50.8209	6.03486	165
Reject	623	LLLLTLLLAALFVLLSILILI	LLLLTLLLAALFLLLSILILI	260.134	264.765	43.6652	44.7165	5.52122	165
Reject	624	LLLLTLLLAALFVLLSILILI	LLLLTLLLAALFVLLSLLILI	260.134	260.67	43.6652	44.4768	5.52122	165
Reject	625	LLLLTLLLAALFVLLSILILI	LLLLTVLLAALFVLLSILILI	260.134	266.597	43.6652	50.8209	5.52122	165
Reject	626	LLLLTLLLAALFVLLSILILI	LLLLALLLAALFVLLSILILI	260.134	262.104	43.6652	45.5917	5.52122	165
Reject	627	LLLLTLLLAALFVLLSILILI	LLLLTVLLAALFVLLSILILI	260.134	266.597	43.6652	50.8209	5.52122	165
Reject	628	LLLLTLLLAALFVLLSILILI	LLLLTLLLAALFVLLAILILI	260.134	268.78	43.6652	46.1885	5.52122	165
Reject	629	LLLLTLLLAALFVLLSILILI	LLLLTLLLSALFVLLSILILI	260.134	265.374	43.6652	47.6458	5.0513	165
Reject	630	LLLLTLLLAALFVLLSILILI	LLLLALLLAALFVLLSILILI	260.134	262.104	43.6652	45.5917	5.0513	165
Reject	631	LLLLTLLLAALFVLLSILILI	LLLLTLLLAALYVLLSILILI	260.134	265.029	43.6652	47.7687	5.0513	165
Reject	632	LLLLTLLLAALFVLLSILILI	LLLLTLLLALLFVLLSILILI	260.134	262.036	43.6652	41.3623	5.0513	165
Reject	633	LLLLTLLLAALFVLLSILILI	LLLLTLLLAALFLLLSILILI	260.134	265.582	43.6652	44.7165	5.0513	165
Reject	634	LLLLTLLLAALFVLLSILILI	LLLLTLLLAALFVLLAILILI	260.134	268.78	43.6652	46.1885	5.0513	165
Reject	635	LLLLTLLLAALFVLLSILILI	LLLLTLLLAALFLLLSILILI	260.134	264.765	43.6652	44.7165	4.62137	165
Reject	636	LLLLTLLLAALFVLLSILILI	LLLLTLLLAALFVLLAILILI	260.134	268.78	43.6652	46.1885	4.62137	165
Reject	637	LLLLTLLLAALFVLLSILILI	LLLLTLLLAALYVLLSILILI	260.134	265.029	43.6652	47.7687	4.62137	165
Reject	638	LLLLTLLLAALFVLLSILILI	LLLLTLLLAALFLLLSILILI	260.134	263.561	43.6652	44.7165	4.62137	165
Reject	639	LLLLTLLLAALFVLLSILILI	LLLLTLLLAALFVLLSLLILI	260.134	260.67	43.6652	44.4768	4.62137	165
Reject	640	LLLLTLLLAALFVLLSILILI	LLLLTVLLAALFVLLSILILI	260.134	266.597	43.6652	50.8209	4.62137	165
Reject	641	LLLLTLLLAALFVLLSILILI	LLLLTVLLAALFVLLSILILI	260.134	266.597	43.6652	50.8209	4.22804	165
Reject	642	LLLLTLLLAALFVLLSILILI	LLLLTLLLALLFVLLSILILI	260.134	262.036	43.6652	41.3623	4.22804	165
Reject	643	LLLLTLLLAALFVLLSILILI	LLLLTLLLAALFLLLSILILI	260.134	263.561	43.6652	44.7165	4.22804	165
Reject	644	LLLLTLLLAALFVLLSILILI	LLLLALLLAALFVLLSILILI	260.134	262.104	43.6652	45.5917	4.22804	165
Reject	645	LLLLTLLLAALFVLLSILILI	LLLLTLLLAALFVLLAILILI	260.134	268.78	43.6652	46.1885	4.22804	165
Reject	646	LLLLTLLLAALFVLLSILILI	LLLLTLLLAALFLLLSILILI	260.134	264.765	43.6652	44.7165	4.22804	165
Reject	647	LLLLTLLLAALFVLLSILILI	LLLLTLLLAALFVLLAILILI	260.134	268.78	43.6652	46.1885	3.86818	165
Reject	648	LLLLTLLLAALFVLLSILILI	LLLLTVLLAALFVLLSILILI	260.134	266.597	43.6652	50.8209	3.86818	165
Reject	649	LLLLTLLLAALFVLLSILILI	LLLLTVLLAALFVLLSILILI	260.134	266.597	43.6652	50.8209	3.86818	165
Reject	650	LLLLTLLLAALFVLLSILILI	LLLLTLLLAALYVLLSILILI	260.134	265.029	43.6652	47.7687	3.86818	165
Reject	651	LLLLTLLLAALFVLLSILILI	LLLLTLLLAALFVLLAILILI	260.134	268.78	43.6652	46.1885	3.86818	165
Reject	652	LLLLTLLLAALFVLLSILILI	LLLLTLLLAALFVLLAILILI	260.134	268.78	43.6652	46.1885	3.86818	165
Reject	653	LLLLTLLLAALFVLLSILILI	LLLLTVLLAALFVLLSILILI	260.134	266.597	43.6652	50.8209	3.53895	165
Reject	654	LLLLTLLLAALFVLLSILILI	LLLLTLLLAALFVLLSLLILI	260.134	260.67	43.6652	44.4768	3.53895	165
Reject	655	LLLLTLLLAALFVLLSILILI	LLLLTLLLALLFVLLSILILI	260.134	262.036	43.6652	41.3623	3.53895	165
Reject	656	LLLLTLLLAALFVLLSILILI	LLLLALLLAALFVLLSILILI	260.134	262.104	43.6652	45.5917	3.53895	165
Reject	657	LLLLTLLLAALFVLLSILILI	LLLLTVLLAALFVLLSILILI	260.134	266.597	43.6652	50.8209	3.53895	165
Reject	658	LLLLTLLLAALFVLLSILILI	LLLLTLLLAALFVLLAILILI	260.134	268.78	43.6652	46.1885	3.53895	165
Reject	659	LLLLTLLLAALFVLLSILILI	LLLLTLLLALLFVLLSILILI	260.134	262.036	43.6652	41.3623	3.23775	165
Reject	660	LLLLTLLLAALFVLLSILILI	LLLLTLLLSALFVLLSILILI	260.134	265.374	43.6652	47.6458	3.23775	165
Reject	661	LLLLTLLLAALFVLLSILILI	LLLLALLLAALFVLLSILILI	260.134	262.104	43.6652	45.5917	3.23775	165
Reject	662	LLLLTLLLAALFVLLSILILI	LLLLTLLLAALFLLLSILILI	260.134	264.765	43.6652	44.7165	3.23775	165
Reject	663	LLLLTLLLAALFVLLSILILI	LLLLTLLLAALFLLLSILILI	260.134	264.765	43.6652	44.7165	3.23775	165
Reject	664	LLLLTLLLAALFVLLSILILI	LLLLTLLLALLFVLLSILILI	260.134	262.036	43.6652	41.3623	3.23775	165
Reject	665	LLLLTLLLAALFVLLSILILI	LLLLTLLLALLFVLLSILILI	260.134	262.036	43.6652	41.3623	2.96218	165
Reject	666	LLLLTLLLAALFVLLSILILI	LLLLTLLLAALFVLLAILILI	260.134	268.78	43.6652	46.1885	2.96218	165
Reject	667	LLLLTLLLAALFVLLSILILI	LLLLTLLLAALFVLLSLLILI	260.134	260.67	43.6652	44.4768	2.96218	165
Reject	668	LLLLTLLLAALFVLLSILILI	LLLLTLLLSALFVLLSILILI	260.134	265.374	43.6652	47.6458	2.96218	165
Reject	669	LLLLTLLLAALFVLLSILILI	LLLLALLLAALFVLLSILILI	260.134	262.104	43.6652	45.5917	2.96218	165
Reject	670	LLLLTLLLAALFVLLSILILI	LLLLTLLLSALFVLLSILILI	260.134	265.374	43.6652	47.6458	2.96218	165
Reject	671	LLLLTLLLAALFVLLSILILI	LLLLTLLLALLFVLLSILILI	260.134	262.036	43.6652	41.3623	2.71006	165
Reject	672	LLLLTLLLAALFVLLSILILI	LLLLTLLLALLFVLLSILILI	260.134	262.036	43.6652	41.3623	2.71006	165
Reject	673	LLLLTLLLAALFVLLSILILI	LLLLTLLLAALFLLLSILILI	260.134	263.561	43.6652	44.7165	2.71006	165
Reject	674	LLLLTLLLAALFVLLSILILI	LLLLTLLLAALYVLLSILILI	260.134	265.029	43.6652	47.7687	2.71006	165
Reject	675	LLLLTLLLAALFVLLSILILI	LLLLTLLLAALFVLLSLLILI	260.134	260.67	43.6652	44.4768	2.71006	165
Reject	676	LLLLTLLLAALFVLLSILILI	LLLLTLLLALLFVLLSILILI	260.134	262.036	43.6652	41.3623	2.71006	165
Reject	677	LLLLTLLLAALFVLLSILILI	LLLLTLLLAALFVLLSLLILI	260.134	260.67	43.6652	44.4768	2.4794	165
Reject	678	LLLLTLLLAALFVLLSILILI	LLLLTLLLAALFVLLSLLILI	260.134	260.67	43.6652	44.4768	2.4794	165
Reject	679	LLLLTLLLAALFVLLSILILI	LLLLTLLLSALFVLLSILILI	260.134	265.374	43.6652	47.6458	2.4794	165
Reject	680	LLLLTLLLAALFVLLSILILI	LLLLTLLLALLFVLLSILILI	260.134	262.036	43.6652	41.3623	2.4794	165
Reject	681	LLLLTLLLAALFVLLSILILI	LLLLALLLAALFVLLSILILI	260.134	262.104	43.6652	45.5917	2.4794	165
Reject	682	LLLLTLLLAALFVLLSILILI	LLLLALLLAALFVLLSILILI	260.134	262.104	43.6652	45.5917	2.4794	165
Reject	683	LLLLTLLLAALFVLLSILILI	LLLLTLLLSALFVLLSILILI	260.134	265.374	43.6652	47.6458	2.26837	165
Reject	684	LLLLTLLLAALFVLLSILILI	LLLLTLLLSALFVLLSILILI	260.134	265.374	43.6652	47.6458	2.26837	165
Reject	685	LLLLTLLLAALFVLLSILILI	LLLLTLLLAALFLLLSILILI	260.134	263.561	43.6652	44.7165	2.26837	165
Reject	686	LLLLTLLLAALFVLLSILILI	LLLLTLLLALLFVLLSILILI	260.134	262.036	43.6652	41.3623	2.26837	165
Reject	687	LLLLTLLLAALFVLLSILILI	LLLLTLLLSALFVLLSILILI	260.134	265.374	43.6652	47.6458	2.26837	165
Reject	688	LLLLTLLLAALFVLLSILILI	LLLLTLLLSALFVLLSILILI	260.134	265.374	43.6652	47.6458	2.26837	165
Reject	689	LLLLTLLLAALFVLLSILILI	LLLLALLLAALFVLLSILILI	260.134	262.104	43.6652	45.5917	2.07531	165
Reject	690	LLLLTLLLAALFVLLSILILI	LLLLTLLLAALFVLLSLLILI	260.134	260.67	43.6652	44.4768	2.07531	165
Reject	691	LLLLTLLLAALFVLLSILILI	LLLLTVLLAALFVLLSILILI	260.134	266.597	43.6652	50.8209	2.07531	165
Reject	692	LLLLTLLLAALFVLLSILILI	LLLLALLLAALFVLLSILILI	260.134	262.104	43.6652	45.5917	2.07531	165
Reject	693	LLLLTLLLAALFVLLSILILI	LLLLTLLLALLFVLLSILILI	260.134	262.036	43.6652	41.3623	2.07531	165
Reject	694	LLLLTLLLAALFVLLSILILI	LLLLTLLLAALFLLLSILILI	260.134	263.561	43.6652	44.7165	2.07531	165
Reject	695	LLLLTLLLAALFVLLSILILI	LLLLTLLLAALFVLLSLLILI	260.134	260.67	43.6652	44.4768	1.89867	165
Reject	696	LLLLTLLLAALFVLLSILILI	LLLLTLLLALLFVLLSILILI	260.134	262.036	43.6652	41.3623	1.89867	165
Reject	697	LLLLTLLLAALFVLLSILILI	LLLLTLLLAALYVLLSILILI	260.134	265.029	43.6652	47.7687	1.89867	165
Reject	698	LLLLTLLLAALFVLLSILILI	LLLLTLLLSALFVLLSILILI	260.134	265.374	43.6652	47.6458	1.89867	165
Reject	699	LLLLTLLLAALFVLLSILILI	LLLLTLLLAALFLLLSILILI	260.134	264.765	43.6652	44.7165	1.89867	165
Reject	700	LLLLTLLLAALFVLLSILILI	LLLLTLLLAALFVLLAILILI	260.134	268.78	43.6652	46.1885	1.89867	165
Reject	701	LLLLTLLLAALFVLLSILILI	LLLLTLLLAALFVLLSLLILI	260.134	260.67	43.6652	44.4768	1.73707	165
Reject	702	LLLLTLLLAALFVLLSILILI	LLLLTLLLAALFVLLAILILI	260.134	268.78	43.6652	46.1885	1.73707	165
Reject	703	LLLLTLLLAALFVLLSILILI	LLLLTLLLAALFLLLSILILI	260.134	263.561	43.6652	44.7165	1.73707	165
Reject	704	LLLLTLLLAALFVLLSILILI	LLLLTLLLALLFVLLSILILI	260.134	262.036	43.6652	41.3623	1.73707	165
Reject	705	LLLLTLLLAALFVLLSILILI	LLLLTLLLAALFVLLAILILI	260.134	268.78	43.6652	46.1885	1.73707	165
Reject	706	LLLLTLLLAALFVLLSILILI	LLLLTLLLAALFLLLSILILI	260.134	264.765	43.6652	44.7165	1.73707	165
Reject	707	LLLLTLLLAALFVLLSILILI	LLLLTLLLAALFVLLAILILI	260.134	268.78	43.6652	46.1885	1.58923	165
Reject	708	LLLLTLLLAALFVLLSILILI	LLLLALLLAALFVLLSILILI	260.134	262.104	43.6652	45.5917	1.58923	165
Reject	709	LLLLTLLLAALFVLLSILILI	LLLLTLLLALLFVLLSILILI	260.134	262.036	43.6652	41.3623	1.58923	165
Reject	710	LLLLTLLLAALFVLLSILILI	LLLLTLLLAALFVLLSLLILI	260.134	260.67	43.6652	44.4768	1.58923	165
Reject	711	LLLLTLLLAALFVLLSILILI	LLLLALLLAALFVLLSILILI	260.134	262.104	43.6652	45.5917	1.58923	165
Reject	712	LLLLTLLLAALFVLLSILILI	LLLLTLLLAALYVLLSILILI	260.134	265.029	43.6652	47.7687	1.58923	165
Reject	713	LLLLTLLLAALFVLLSILILI	LLLLALLLAALFVLLSILILI	260.134	262.104	43.6652	45.5917	1.45397	165
Reject	714	LLLLTLLLAALFVLLSILILI	LLLLTLLLAALFLLLSILILI	260.134	264.765	43.6652	44.7165	1.45397	165
Reject	715	LLLLTLLLAALFVLLSILILI	LLLLTLLLSALFVLLSILILI	260.134	265.374	43.6652	47.6458	1.45397	165
Reject	716	LLLLTLLLAALFVLLSILILI	LLLLTLLLALLFVLLSILILI	260.134	262.036	43.6652	41.3623	1.45397	165
Reject	717	LLLLTLLLAALFVLLSILILI	LLLLALLLAALFVLLSILILI	260.134	262.104	43.6652	45.5917	1.45397	165
Reject	718	LLLLTLLLAALFVLLSILILI	LLLLTVLLAALFVLLSILILI	260.134	266.597	43.6652	50.8209	1.45397	165
Reject	719	LLLLTLLLAALFVLLSILILI	LLLLTLLLALLFVLLSILILI	260.134	262.036	43.6652	41.3623	1.33022	165
Reject	720	LLLLTLLLAALFVLLSILILI	LLLLTLLLAALYVLLSILILI	260.134	265.029	43.6652	47.7687	1.33022	165
Reject	721	LLLLTLLLAALFVLLSILILI	LLLLTLLLAALFLLLSILILI	260.134	265.582	43.6652	44.7165	1.33022	165
Reject	722	LLLLTLLLAALFVLLSILILI	LLLLTLLLAALFLLLSILILI	260.134	264.765	43.6652	44.7165	1.33022	165
Reject	723	LLLLTLLLAALFVLLSILILI	LLLLTLLLAALYVLLSILILI	260.134	265.029	43.6652	47.7687	1.33022	165
Reject	724	LLLLTLLLAALFVLLSILILI	LLLLTLLLAALFVLLSLLILI	260.134	260.67	43.6652	44.4768	1.33022	165
Reject	725	LLLLTLLLAALFVLLSILILI	LLLLALLLAALFVLLSILILI	260.134	262.104	43.6652	45.5917	1.217	165
Reject	726	LLLLTLLLAALFVLLSILILI	LLLLTLLLAALFVLLAILILI	260.134	268.78	43.6652	46.1885	1.217	165
Reject	727	LLLLTLLLAALFVLLSILILI	LLLLTLLLSALFVLLSILILI	260.134	265.374	43.6652	47.6458	1.217	165
Reject	728	LLLLTLLLAALFVLLSILILI	LLLLTLLLSALFVLLSILILI	260.134	265.374	43.6652	47.6458	1.217	165
Reject	729	LLLLTLLLAALFVLLSILILI	LLLLTLLLAALFVLLSLLILI	260.134	260.67	43.6652	44.4768	1.217	165
Reject	730	LLLLTLLLAALFVLLSILILI	LLLLTLLLAALYVLLSILILI	260.134	265.029	43.6652	47.7687	1.217	165
Reject	731	LLLLTLLLAALFVLLSILILI	LLLLTLLLSALFVLLSILILI	260.134	265.374	43.6652	47.6458	1.11342	165
Reject	732	LLLLTLLLAALFVLLSILILI	LLLLTLLLSALFVLLSILILI	260.134	265.374	43.6652	47.6458	1.11342	165
Reject	733	LLLLTLLLAALFVLLSILILI	LLLLTLLLAALFLLLSILILI	260.134	263.561	43.6652	44.7165	1.11342	165
Reject	734	LLLLTLLLAALFVLLSILILI	LLLLTLLLAALFVLLAILILI	260.134	268.78	43.6652	46.1885	1.11342	165
Reject	735	LLLLTLLLAALFVLLSILILI	LLLLTLLLAALFVLLAILILI	260.134	268.78	43.6652	46.1885	1.11342	165
Reject	736	LLLLTLLLAALFVLLSILILI	LLLLTLLLAALFVLLAILILI	260.134	268.78	43.6652	46.1885	1.11342	165
Reject	737	LLLLTLLLAALFVLLSILILI	LLLLTLLLSALFVLLSILILI	260.134	265.374	43.6652	47.6458	1.01865	165
Reject	738	LLLLTLLLAALFVLLSILILI	LLLLALLLAALFVLLSILILI	260.134	262.104	43.6652	45.5917	1.01865	165
Reject	739	LLLLTLLLAALFVLLSILILI	LLLLALLLAALFVLLSILILI	260.134	262.104	43.6652	45.5917	1.01865	165
Reject	740	LLLLTLLLAALFVLLSILILI	LLLLTLLLAALFLLLSILILI	260.134	263.561	43.6652	44.7165	1.01865	165
Reject	741	LLLLTLLLAALFVLLSILILI	LLLLTLLLAALYVLLSILILI	260.134	265.029	43.6652	47.7687	1.01865	165
Reject	742	LLLLTLLLAALFVLLSILILI	LLLLTLLLAALYVLLSILILI	260.134	265.029	43.6652	47.7687	1.01865	165
Reject	743	LLLLTLLLAALFVLLSILILI	LLLLTLLLALLFVLLSILILI	260.134	262.036	43.6652	41.3623	0.931954	165
Reject	744	LLLLTLLLAALFVLLSILILI	LLLLTVLLAALFVLLSILILI	260.134	266.597	43.6652	50.8209	0.931954	165
Reject	745	LLLLTLLLAALFVLLSILILI	LLLLTLLLAALYVLLSILILI	260.134	265.029	43.6652	47.7687	0.931954	165
Reject	746	LLLLTLLLAALFVLLSILILI	LLLLTLLLAALFLLLSILILI	260.134	264.765	43.6652	44.7165	0.931954	165
Reject	747	LLLLTLLLAALFVLLSILILI	LLLLTLLLAALFVLLSLLILI	260.134	260.67	43.6652	44.4768	0.931954	165
Reject	748	LLLLTLLLAALFVLLSILILI	LLLLTLLLAALFVLLSLLILI	260.134	260.67	43.6652	44.4768	0.931954	165
Reject	749	LLLLTLLLAALFVLLSILILI	LLLLTLLLSALFVLLSILILI	260.134	265.374	43.6652	47.6458	0.852633	165
Reject	750	LLLLTLLLAALFVLLSILILI	LLLLALLLAALFVLLSILILI	260.134	262.104	43.6652	45.5917	0.852633	165
Reject	751	LLLLTLLLAALFVLLSILILI	LLLLTVLLAALFVLLSILILI	260.134	266.597	43.6652	50.8209	0.852633	165
Reject	752	LLLLTLLLAALFVLLSILILI	LLLLTLLLAALYVLLSILILI	260.134	265.029	43.6652	47.7687	0.852633	165
Reject	753	LLLLTLLLAALFVLLSILILI	LLLLTLLLAALFLLLSILILI	260.134	264.765	43.6652	44.7165	0.852633	165
Reject	754	LLLLTLLLAALFVLLSILILI	LLLLTLLLSALFVLLSILILI	260.134	265.374	43.6652	47.6458	0.852633	165
Reject	755	LLLLTLLLAALFVLLSILILI	LLLLTLLLAALFVLLSLLILI	260.134	260.67	43.6652	44.4768	0.780064	165
Reject	756	LLLLTLLLAALFVLLSILILI	LLLLTLLLSALFVLLSILILI	260.134	265.374	43.6652	47.6458	0.780064	165
Reject	757	LLLLTLLLAALFVLLSILILI	LLLLTLLLALLFVLLSILILI	260.134	262.036	43.6652	41.3623	0.780064	165
Reject	758	LLLLTLLLAALFVLLSILILI	LLLLTLLLSALFVLLSILILI	260.134	265.374	43.6652	47.6458	0.780064	165
Reject	759	LLLLTLLLAALFVLLSILILI	LLLLTVLLAALFVLLSILILI	260.134	266.597	43.6652	50.8209	0.780064	165
Reject	760	LLLLTLLLAALFVLLSILILI	LLLLTLLLAALFVLLSLLILI	260.134	260.67	43.6652	44.4768	0.780064	165
Reject	761	LLLLTLLLAALFVLLSILILI	LLLLTLLLAALFVLLAILILI	260.134	268.78	43.6652	46.1885	0.713671	165
Reject	762	LLLLTLLLAALFVLLSILILI	LLLLALLLAALFVLLSILILI	260.134	262.104	43.6652	45.5917	0.713671	165
Reject	763	LLLLTLLLAALFVLLSILILI	LLLLALLLAALFVLLSILILI	260.134	262.104	43.6652	45.5917	0.713671	165
Reject	764	LLLLTLLLAALFVLLSILILI	LLLLTLLLAALYVLLSILILI	260.134	265.029	43.6652	47.7687	0.713671	165
Reject	765	LLLLTLLLAALFVLLSILILI	LLLLTVLLAALFVLLSILILI	260.134	266.597	43.6652	50.8209	0.713671	165
Reject	766	LLLLTLLLAALFVLLSILILI	LLLLTLLLAALFVLLAILILI	260.134	268.78	43.6652	46.1885	0.713671	165
Reject	767	LLLLTLLLAALFVLLSILILI	LLLLTLLLALLFVLLSILILI	260.134	262.036	43.6652	41.3623	0.652929	165
Reject	768	LLLLTLLLAALFVLLSILILI	LLLLTVLLAALFVLLSILILI	260.134	266.597	43.6652	50.8209	0.652929	165
Reject	769	LLLLTLLLAALFVLLSILILI	LLLLTLLLAALFVLLAILILI	260.134	268.78	43.6652	46.1885	0.652929	165
Reject	770	LLLLTLLLAALFVLLSILILI	LLLLTLLLAALFLLLSILILI	260.134	264.765	43.6652	44.7165	0.652929	165
Reject	771	LLLLTLLLAALFVLLSILILI	LLLLTLLLAALFVLLAILILI	260.134	268.78	43.6652	46.1885	0.652929	165
Reject	772	LLLLTLLLAALFVLLSILILI	LLLLTLLLAALYVLLSILILI	260.134	265.029	43.6652	47.7687	0.652929	165
Reject	773	LLLLTLLLAALFVLLSILILI	LLLLTLLLALLFVLLSILILI	260.134	262.036	43.6652	41.3623	0.597357	165
Reject	774	LLLLTLLLAALFVLLSILILI	LLLLTLLLAALFVLLAILILI	260.134	268.78	43.6652	46.1885	0.597357	165
Reject	775	LLLLTLLLAALFVLLSILILI	LLLLTVLLAALFVLLSILILI	260.134	266.597	43.6652	50.8209	0.597357	165
Reject	776	LLLLTLLLAALFVLLSILILI	LLLLTLLLAALFVLLAILILI	260.134	268.78	43.6652	46.1885	0.597357	165
Reject	777	LLLLTLLLAALFVLLSILILI	LLLLTLLLSALFVLLSILILI	260.134	265.374	43.6652	47.6458	0.597357	165
Reject	778	LLLLTLLLAALFVLLSILILI	LLLLTLLLAALYVLLSILILI	260.134	265.029	43.6652	47.7687	0.597357	165
Reject	779	LLLLTLLLAALFVLLSILILI	LLLLALLLAALFVLLSILILI	260.134	262.104	43.6652	45.5917	0.546515	165
Reject	780	LLLLTLLLAALFVLLSILILI	LLLLTLLLAALFVLLAILILI	260.134	268.78	43.6652	46.1885	0.546515	165
Reject	781	LLLLTLLLAALFVLLSILILI	LLLLALLLAALFVLLSILILI	260.134	262.104	43.6652	45.5917	0.546515	165
Reject	782	LLLLTLLLAALFVLLSILILI	LLLLTLLLSALFVLLSILILI	260.134	265.374	43.6652	47.6458	0.546515	165
Reject	783	LLLLTLLLAALFVLLSILILI	LLLLTLLLSALFVLLSILILI	260.134	265.374	43.6652	47.6458	0.546515	165
Reject	784	LLLLTLLLAALFVLLSILILI	LLLLTLLLSALFVLLSILILI	260.134	265.374	43.6652	47.6458	0.546515	165
Time: 129s
