Accept/Reject	Cycle	PrevSequence	CurrSequence	PrevEnergy	CurrEnergy	PrevEntropy	CurrEntropy	CurrentTemp	Accepts
Reject	0	LLLLALLLALLFVLLSILILI	LLLLALLLALLFVLLAILILI	263.394	272.111	40.8884	43.4117	5000	0
Accept	1	LLLLALLLALLFVLLSILILI	LLLLALLLALLFVLLSLLILI	263.394	266.329	40.8884	44.1003	5000	1
Accept	2	LLLLALLLALLFVLLSLLILI	LLLLALLLALLTVLLSLLILI	266.329	270.812	44.1003	46.4405	4996.64	2
Accept	3	LLLLALLLALLTVLLSLLILI	LLLLALLLALLTILLSLLILI	270.812	273.368	46.4405	46.6803	4992.38	3
Reject	4	LLLLALLLALLTILLSLLILI	LLLLALLLALLTILLLLLILI	273.368	287.835	46.6803	48.6036	4986.97	3
Reject	5	LLLLALLLALLTILLSLLILI	LLLLALLLSLLTILLSLLILI	273.368	278.906	46.6803	50.6608	4986.97	3
Accept	6	LLLLALLLALLTILLSLLILI	LLLLVLLLALLTILLSLLILI	273.368	271.225	46.6803	43.3261	4986.97	4
Accept	7	LLLLVLLLALLTILLSLLILI	LLLLVILLALLTILLSLLILI	271.225	272.802	43.3261	44.2176	4980.11	5
Reject	8	LLLLVILLALLTILLSLLILI	LLLLVILLALLTILLSVLILI	272.802	274.897	44.2176	47.2698	4971.41	5
Accept	9	LLLLVILLALLTILLSLLILI	LLLLVILLALLFILLSLLILI	272.802	268.88	44.2176	41.8774	4971.41	6
Accept	10	LLLLVILLALLFILLSLLILI	LLLLVILLALLFILLLLLILI	268.88	281.942	41.8774	42.0977	4960.4	7
Reject	11	LLLLVILLALLFILLLLLILI	LLLLVILLALLWILLLLLILI	281.942	295.847	42.0977	49.514	4946.48	7
Accept	12	LLLLVILLALLFILLLLLILI	LLLLAILLALLFILLLLLILI	281.942	283.674	42.0977	45.4519	4946.48	8
Accept	13	LLLLAILLALLFILLLLLILI	LLLLAILLALLFILLTLLILI	283.674	281.329	45.4519	45.8283	4928.89	9
Reject	14	LLLLAILLALLFILLTLLILI	LLLLAILLALLFFLLTLLILI	281.329	285.81	45.8283	47.0764	4906.7	9
Accept	15	LLLLAILLALLFILLTLLILI	LLLLAILLALLFILLTVLILI	281.329	279.312	45.8283	44.7771	4906.7	10
Accept	16	LLLLAILLALLFILLTVLILI	LLLLAVLLALLFILLTVLILI	279.312	277.429	44.7771	44.5374	4878.79	11
Reject	17	LLLLAVLLALLFILLTVLILI	LLLLAVLLALLYILLTVLILI	277.429	282.381	44.5374	48.6408	4843.76	11
Reject	18	LLLLAVLLALLFILLTVLILI	LLLLAVLLALLFYLLTVLILI	277.429	287.303	44.5374	49.8889	4843.76	11
Reject	19	LLLLAVLLALLFILLTVLILI	LLLLAVLLAFLFILLTVLILI	277.429	290.015	44.5374	53.1808	4843.76	11
Accept	20	LLLLAVLLALLFILLTVLILI	LLLLALLLALLFILLTVLILI	277.429	275.793	44.5374	41.4852	4843.76	12
Accept	21	LLLLALLLALLFILLTVLILI	LLLLILLLALLFILLTVLILI	275.793	284.567	41.4852	42.4742	4799.94	13
Accept	22	LLLLILLLALLFILLTVLILI	LLLLLLLLALLFILLTVLILI	284.567	281.261	42.4742	41.5826	4745.37	14
Accept	23	LLLLLLLLALLFILLTVLILI	LLLLTLLLALLFILLTVLILI	281.261	280.797	41.5826	46.0625	4677.76	15
Reject	24	LLLLTLLLALLFILLTVLILI	LLLLTLLLALLTILLTVLILI	280.797	290.968	46.0625	54.9065	4594.53	15
Reject	25	LLLLTLLLALLFILLTVLILI	LLLLTLLLSLLFILLTVLILI	280.797	286.389	46.0625	50.043	4594.53	15
Accept	26	LLLLTLLLALLFILLTVLILI	LLLLTLLLALLFILLTFLILI	280.797	288.004	46.0625	51.6537	4594.53	16
Accept	27	LLLLTLLLALLFILLTFLILI	LLLLTLLLSLLFILLTFLILI	288.004	293.594	51.6537	55.6342	4492.9	17
Accept	28	LLLLTLLLSLLFILLTFLILI	LLLLTLLLSVLFILLTFLILI	293.594	289.817	55.6342	54.583	4370	18
Accept	29	LLLLTLLLSVLFILLTFLILI	LLLLTLLLSVLFILLSFLILI	289.817	279.042	54.583	53.9862	4223.12	19
Reject	30	LLLLTLLLSVLFILLSFLILI	LLLLTVLLSVLFILLSFLILI	279.042	284.557	53.9862	61.1419	4050.03	19
Reject	31	LLLLTLLLSVLFILLSFLILI	LLLLTLLLSVLFILLTFLILI	279.042	289.817	53.9862	54.583	4050.03	19
Accept	32	LLLLTLLLSVLFILLSFLILI	LLLLTLLLSVLFILLAFLILI	279.042	277.179	53.9862	45.9023	4050.03	20
Accept	33	LLLLTLLLSVLFILLAFLILI	LLLLALLLSVLFILLAFLILI	277.179	276.402	45.9023	45.4284	3849.41	21
Accept	34	LLLLALLLSVLFILLAFLILI	LLLLALLLSVLFILLSFLILI	276.402	274.162	45.4284	49.4089	3621.29	22
Accept	35	LLLLALLLSVLFILLSFLILI	LLLLALLLSVLTILLSFLILI	274.162	273.689	49.4089	47.6458	3367.49	23
Accept	36	LLLLALLLSVLTILLSFLILI	LLLLALLLSLLTILLSFLILI	273.689	277.559	47.6458	48.697	3091.86	24
Accept	37	LLLLALLLSLLTILLSFLILI	LLLLALLLSLLTILLSVLILI	277.559	274.498	48.697	47.2092	2800.27	25
Accept	38	LLLLALLLSLLTILLSVLILI	LLLLALLLALLTILLSVLILI	274.498	268.96	47.2092	43.2287	2500.25	26
Reject	39	LLLLALLLALLTILLSVLILI	LLLLAVLLALLTILLSVLILI	268.96	270.58	43.2287	46.2809	2200.23	26
Accept	40	LLLLALLLALLTILLSVLILI	LLLLALLLALLTLLLSVLILI	268.96	271.934	43.2287	46.4405	2200.23	27
Accept	41	LLLLALLLALLTLLLSVLILI	LLLLAILLALLTLLLSVLILI	271.934	268.935	46.4405	43.2287	1908.64	28
Reject	42	LLLLAILLALLTLLLSVLILI	LLLLAILLALLTLLLAVLILI	268.935	277.717	43.2287	45.7519	1633.01	28
Reject	43	LLLLAILLALLTLLLSVLILI	LLLLVILLALLTLLLSVLILI	268.935	271.366	43.2287	43.9779	1633.01	28
Accept	44	LLLLAILLALLTLLLSVLILI	LLLLAILLALLTFLLSVLILI	268.935	270.469	43.2287	43.6652	1633.01	29
Accept	45	LLLLAILLALLTFLLSVLILI	LLLLAVLLALLTFLLSVLILI	270.469	272.859	43.6652	47.529	1379.21	30
Accept	46	LLLLAVLLALLTFLLSVLILI	LLLLAILLALLTFLLSVLILI	272.859	270.646	47.529	43.6652	1151.09	31
Reject	47	LLLLAILLALLTFLLSVLILI	LLLLAILLAVLTFLLSVLILI	270.646	274.806	43.6652	50.8209	950.467	31
Reject	48	LLLLAILLALLTFLLSVLILI	LLLLAILLASLTFLLSVLILI	270.646	279.056	43.6652	54.0522	950.467	31
Reject	49	LLLLAILLALLTFLLSVLILI	LLLLVILLALLTFLLSVLILI	270.646	273.073	43.6652	44.4145	950.467	31
Accept	50	LLLLAILLALLTFLLSVLILI	LLLLAILLSLLTFLLSVLILI	270.646	276.229	43.6652	47.6458	950.467	32
Reject	51	LLLLAILLSLLTFLLSVLILI	LLLLAILLSLLTFLLAVLILI	276.229	278.489	47.6458	43.6652	777.379	32
Accept	52	LLLLAILLSLLTFLLSVLILI	LLLLAILLALLTFLLSVLILI	276.229	270.469	47.6458	43.6652	777.379	33
Reject	53	LLLLAILLALLTFLLSVLILI	LLLLALLLALLTFLLSVLILI	270.469	271.067	43.6652	44.4768	630.498	33
Reject	54	LLLLAILLALLTFLLSVLILI	LLLLVILLALLTFLLSVLILI	270.469	273.073	43.6652	44.4145	630.498	33
Reject	55	LLLLAILLALLTFLLSVLILI	LLLLAILLALLTFLLSLLILI	270.469	273.255	43.6652	44.7165	630.498	33
Reject	56	LLLLAILLALLTFLLSVLILI	LLLLAILLALLTFLLLVLILI	270.469	280.99	43.6652	41.4852	630.498	33
Reject	57	LLLLAILLALLTFLLSVLILI	LLLLVILLALLTFLLSVLILI	270.469	273.073	43.6652	44.4145	630.498	33
Reject	58	LLLLAILLALLTFLLSVLILI	LLLLAILLASLTFLLSVLILI	270.469	278.935	43.6652	54.0522	630.498	33
Reject	59	LLLLAILLALLTFLLSVLILI	LLLLAILLALLTFLLSLLILI	270.469	273.078	43.6652	44.7165	507.596	33
Reject	60	LLLLAILLALLTFLLSVLILI	LLLLVILLALLTFLLSVLILI	270.469	273.073	43.6652	44.4145	507.596	33
Reject	61	LLLLAILLALLTFLLSVLILI	LLLLAILLALLTFLLSLLILI	270.469	273.078	43.6652	44.7165	507.596	33
Reject	62	LLLLAILLALLTFLLSVLILI	LLLLAILLALLTFLLAVLILI	270.469	279.638	43.6652	46.1885	507.596	33
Accept	63	LLLLAILLALLTFLLSVLILI	LLLLAILLALLTVLLSVLILI	270.469	269.833	43.6652	46.2809	507.596	34
Accept	64	LLLLAILLALLTVLLSVLILI	LLLLAILLALLFVLLSVLILI	269.833	265.377	46.2809	43.9406	405.965	35
Accept	65	LLLLAILLALLFVLLSVLILI	LLLLALLLALLFVLLSVLILI	265.377	265.961	43.9406	44.7521	322.739	36
Reject	66	LLLLALLLALLFVLLSVLILI	LLLLALLLALLTVLLSVLILI	265.961	270.427	44.7521	47.0924	255.126	36
Accept	67	LLLLALLLALLFVLLSVLILI	LLLLALLLALLFVLLSILILI	265.961	263.394	44.7521	40.8884	255.126	37
Reject	68	LLLLALLLALLFVLLSILILI	LLLLALLLSLLFVLLSILILI	263.394	268.675	40.8884	44.8689	200.555	37
Reject	69	LLLLALLLALLFVLLSILILI	LLLLAVLLALLFVLLSILILI	263.394	265.024	40.8884	43.9406	200.555	37
Reject	70	LLLLALLLALLFVLLSILILI	LLLLALLLALLFVLLSVLILI	263.394	265.961	40.8884	44.7521	200.555	37
Reject	71	LLLLALLLALLFVLLSILILI	LLLLALLLSLLFVLLSILILI	263.394	268.675	40.8884	44.8689	200.555	37
Reject	72	LLLLALLLALLFVLLSILILI	LLLLALLLALLFVLLSTLILI	263.394	266.117	40.8884	44.4768	200.555	37
Reject	73	LLLLALLLALLFVLLSILILI	LLLLALLLSLLFVLLSILILI	263.394	268.675	40.8884	44.8689	200.555	37
Reject	74	LLLLALLLALLFVLLSILILI	LLLLALLLAALFVLLSILILI	263.394	263.889	40.8884	45.5917	156.74	37
Reject	75	LLLLALLLALLFVLLSILILI	LLLLALLLALLTVLLSILILI	263.394	267.866	40.8884	43.2287	156.74	37
Reject	76	LLLLALLLALLFVLLSILILI	LLLLALLLALLFVLLSALILI	263.394	265.731	40.8884	46.4033	156.74	37
Reject	77	LLLLALLLALLFVLLSILILI	LLLLTLLLALLFVLLSILILI	263.394	264.333	40.8884	41.3623	156.74	37
Reject	78	LLLLALLLALLFVLLSILILI	LLLLTLLLALLFVLLSILILI	263.394	264.333	40.8884	41.3623	156.74	37
Reject	79	LLLLALLLALLFVLLSILILI	LLLLALLLALLFVLLAILILI	263.394	272.111	40.8884	43.4117	156.74	37
Reject	80	LLLLALLLALLFVLLSILILI	LLLLALLLALLTVLLSILILI	263.394	267.866	40.8884	43.2287	121.709	37
Reject	81	LLLLALLLALLFVLLSILILI	LLLLALLLALLFVLLAILILI	263.394	272.111	40.8884	43.4117	121.709	37
Reject	82	LLLLALLLALLFVLLSILILI	LLLLAVLLALLFVLLSILILI	263.394	265.024	40.8884	43.9406	121.709	37
Reject	83	LLLLALLLALLFVLLSILILI	LLLLALLLAVLFVLLSILILI	263.394	263.578	40.8884	43.9406	121.709	37
Reject	84	LLLLALLLALLFVLLSILILI	LLLLALLLALLFTLLSILILI	263.394	269.099	40.8884	44.7165	121.709	37
Reject	85	LLLLALLLALLFVLLSILILI	LLLLAVLLALLFVLLSILILI	263.394	265.024	40.8884	43.9406	121.709	37
Reject	86	LLLLALLLALLFVLLSILILI	LLLLALLLSLLFVLLSILILI	263.394	268.675	40.8884	44.8689	93.7957	37
Reject	87	LLLLALLLALLFVLLSILILI	LLLLALLLALLFVLLAILILI	263.394	272.111	40.8884	43.4117	93.7957	37
Reject	88	LLLLALLLALLFVLLSILILI	LLLLALLLALLTVLLSILILI	263.394	267.866	40.8884	43.2287	93.7957	37
Reject	89	LLLLALLLALLFVLLSILILI	LLLLTLLLALLFVLLSILILI	263.394	264.333	40.8884	41.3623	93.7957	37
Reject	90	LLLLALLLALLFVLLSILILI	LLLLALLLALLFVLLSALILI	263.394	265.731	40.8884	46.4033	93.7957	37
Reject	91	LLLLALLLALLFVLLSILILI	LLLLTLLLALLFVLLSILILI	263.394	264.333	40.8884	41.3623	93.7957	37
Reject	92	LLLLALLLALLFVLLSILILI	LLLLALLLALLFVLLAILILI	263.394	272.111	40.8884	43.4117	71.6133	37
Reject	93	LLLLALLLALLFVLLSILILI	LLLLALLLSLLFVLLSILILI	263.394	268.675	40.8884	44.8689	71.6133	37
Reject	94	LLLLALLLALLFVLLSILILI	LLLLAVLLALLFVLLSILILI	263.394	265.024	40.8884	43.9406	71.6133	37
Reject	95	LLLLALLLALLFVLLSILILI	LLLLALLLALLTVLLSILILI	263.394	267.866	40.8884	43.2287	71.6133	37
Reject	96	LLLLALLLALLFVLLSILILI	LLLLALLLALLTVLLSILILI	263.394	267.866	40.8884	43.2287	71.6133	37
Reject	97	LLLLALLLALLFVLLSILILI	LLLLALLLSLLFVLLSILILI	263.394	268.675	40.8884	44.8689	71.6133	37
Reject	98	LLLLALLLALLFVLLSILILI	LLLLALLLALLFVLLSALILI	263.394	265.731	40.8884	46.4033	54.0228	37
Reject	99	LLLLALLLALLFVLLSILILI	LLLLALLLALLFVLLSALILI	263.394	265.731	40.8884	46.4033	54.0228	37
Reject	100	LLLLALLLALLFVLLSILILI	LLLLALLLALLFTLLSILILI	263.394	269.099	40.8884	44.7165	54.0228	37
Reject	101	LLLLALLLALLFVLLSILILI	LLLLALLLSLLFVLLSILILI	263.394	268.675	40.8884	44.8689	54.0228	37
Reject	102	LLLLALLLALLFVLLSILILI	LLLLALLLALLFVLLAILILI	263.394	272.111	40.8884	43.4117	54.0228	37
Reject	103	LLLLALLLALLFVLLSILILI	LLLLALLLAVLFVLLSILILI	263.394	263.578	40.8884	43.9406	54.0228	37
Reject	104	LLLLALLLALLFVLLSILILI	LLLLALLLAVLFVLLSILILI	263.394	263.578	40.8884	43.9406	40.0975	37
Reject	105	LLLLALLLALLFVLLSILILI	LLLLAVLLALLFVLLSILILI	263.394	265.024	40.8884	43.9406	40.0975	37
Reject	106	LLLLALLLALLFVLLSILILI	LLLLAVLLALLFVLLSILILI	263.394	265.024	40.8884	43.9406	40.0975	37
Reject	107	LLLLALLLALLFVLLSILILI	LLLLAVLLALLFVLLSILILI	263.394	265.024	40.8884	43.9406	40.0975	37
Reject	108	LLLLALLLALLFVLLSILILI	LLLLTLLLALLFVLLSILILI	263.394	264.333	40.8884	41.3623	40.0975	37
Reject	109	LLLLALLLALLFVLLSILILI	LLLLALLLALLFVLLSALILI	263.394	265.731	40.8884	46.4033	40.0975	37
Reject	110	LLLLALLLALLFVLLSILILI	LLLLALLLSLLFVLLSILILI	263.394	268.675	40.8884	44.8689	29.0883	37
Reject	111	LLLLALLLALLFVLLSILILI	LLLLALLLALLTVLLSILILI	263.394	267.866	40.8884	43.2287	29.0883	37
Reject	112	LLLLALLLALLFVLLSILILI	LLLLALLLALLFLLLSILILI	263.394	268.926	40.8884	44.34	29.0883	37
Reject	113	LLLLALLLALLFVLLSILILI	LLLLTLLLALLFVLLSILILI	263.394	264.333	40.8884	41.3623	29.0883	37
Reject	114	LLLLALLLALLFVLLSILILI	LLLLALLLALLFVLLSALILI	263.394	265.731	40.8884	46.4033	29.0883	37
Reject	115	LLLLALLLALLFVLLSILILI	LLLLALLLALLFVLLAILILI	263.394	272.111	40.8884	43.4117	29.0883	37
Reject	116	LLLLALLLALLFVLLSILILI	LLLLTLLLALLFVLLSILILI	263.394	264.333	40.8884	41.3623	20.3938	37
Reject	117	LLLLALLLALLFVLLSILILI	LLLLALLLAVLFVLLSILILI	263.394	263.578	40.8884	43.9406	20.3938	37
Reject	118	LLLLALLLALLFVLLSILILI	LLLLALLLALLFVLLSALILI	263.394	265.731	40.8884	46.4033	20.3938	37
Reject	119	LLLLALLLALLFVLLSILILI	LLLLALLLAVLFVLLSILILI	263.394	263.578	40.8884	43.9406	20.3938	37
Reject	120	LLLLALLLALLFVLLSILILI	LLLLALLLALLFVLLSALILI	263.394	265.731	40.8884	46.4033	20.3938	37
Reject	121	LLLLALLLALLFVLLSILILI	LLLLALLLAVLFVLLSILILI	263.394	263.578	40.8884	43.9406	20.3938	37
Reject	122	LLLLALLLALLFVLLSILILI	LLLLALLLALLFVLLSALILI	263.394	265.731	40.8884	46.4033	13.5332	37
Reject	123	LLLLALLLALLFVLLSILILI	LLLLAVLLALLFVLLSILILI	263.394	265.024	40.8884	43.9406	13.5332	37
Reject	124	LLLLALLLALLFVLLSILILI	LLLLALLLALLTVLLSILILI	263.394	267.866	40.8884	43.2287	13.5332	37
Reject	125	LLLLALLLALLFVLLSILILI	LLLLALLLSLLFVLLSILILI	263.394	268.675	40.8884	44.8689	13.5332	37
Reject	126	LLLLALLLALLFVLLSILILI	LLLLTLLLALLFVLLSILILI	263.394	264.333	40.8884	41.3623	13.5332	37
Reject	127	LLLLALLLALLFVLLSILILI	LLLLAVLLALLFVLLSILILI	263.394	265.024	40.8884	43.9406	13.5332	37
Reject	128	LLLLALLLALLFVLLSILILI	LLLLALLLALLFVLLAILILI	263.394	272.111	40.8884	43.4117	8.12315	37
Reject	129	LLLLALLLALLFVLLSILILI	LLLLALLLALLFVLLAILILI	263.394	272.111	40.8884	43.4117	8.12315	37
Reject	130	LLLLALLLALLFVLLSILILI	LLLLALLLALLFTLLSILILI	263.394	269.099	40.8884	44.7165	8.12315	37
Reject	131	LLLLALLLALLFVLLSILILI	LLLLALLLSLLFVLLSILILI	263.394	268.675	40.8884	44.8689	8.12315	37
Reject	132	LLLLALLLALLFVLLSILILI	LLLLALLLALLTVLLSILILI	263.394	267.866	40.8884	43.2287	8.12315	37
Reject	133	LLLLALLLALLFVLLSILILI	LLLLALLLAVLFVLLSILILI	263.394	263.578	40.8884	43.9406	8.12315	37
Reject	134	LLLLALLLALLFVLLSILILI	LLLLALLLALLTVLLSILILI	263.394	267.866	40.8884	43.2287	3.85923	37
Reject	135	LLLLALLLALLFVLLSILILI	LLLLALLLSLLFVLLSILILI	263.394	268.675	40.8884	44.8689	3.85923	37
Reject	136	LLLLALLLALLFVLLSILILI	LLLLTLLLALLFVLLSILILI	263.394	264.333	40.8884	41.3623	3.85923	37
Reject	137	LLLLALLLALLFVLLSILILI	LLLLTLLLALLFVLLSILILI	263.394	264.333	40.8884	41.3623	3.85923	37
Reject	138	LLLLALLLALLFVLLSILILI	LLLLALLLALLFVLLSALILI	263.394	265.731	40.8884	46.4033	3.85923	37
Reject	139	LLLLALLLALLFVLLSILILI	LLLLALLLSLLFVLLSILILI	263.394	268.675	40.8884	44.8689	3.85923	37
Accept	140	LLLLALLLALLFVLLSILILI	LLLLAWLLALLFVLLSILILI	263.394	273.954	40.8884	48.7413	3649	38
Reject	141	LLLLAWLLALLFVLLSILILI	LLLLAWLLALLFVLLSLLILI	273.954	274.489	48.7413	49.5529	3649	38
Accept	142	LLLLAWLLALLFVLLSILILI	LLLLAILLALLFVLLSILILI	273.954	266.914	48.7413	44.1803	3649	39
Accept	143	LLLLAILLALLFVLLSILILI	LLLLAILLALLFVLLSLLILI	266.914	263.345	44.1803	40.8884	3649	40
Accept	144	LLLLAILLALLFVLLSLLILI	LLLLAILLSLLFVLLSLLILI	263.345	268.488	40.8884	44.8689	3649	41
Accept	145	LLLLAILLSLLFVLLSLLILI	LLLLAILLSLLYVLLSLLILI	268.488	273.222	44.8689	48.9724	3649	42
Accept	146	LLLLAILLSLLYVLLSLLILI	LLLLAILLSLLYVLLTLLILI	273.222	279.351	48.9724	45.4657	3649	43
Accept	147	LLLLAILLSLLYVLLTLLILI	LLLLAILLALLYVLLTLLILI	279.351	278.444	45.4657	45.5886	3649	44
Accept	148	LLLLAILLALLYVLLTLLILI	LLLLAILLATLYVLLTLLILI	278.444	284.179	45.5886	52.4689	3649	45
Accept	149	LLLLAILLATLYVLLTLLILI	LLLLAILLATLYVLLSLLILI	284.179	269.844	52.4689	47.7687	3649	46
Reject	150	LLLLAILLATLYVLLSLLILI	LLLLAILLATLYVLLWLLILI	269.844	292.078	47.7687	53.4415	3649	46
Reject	151	LLLLAILLATLYVLLSLLILI	LLLLAILLATLYVLLLLLILI	269.844	282.362	47.7687	45.5886	3649	46
Reject	152	LLLLAILLATLYVLLSLLILI	LLLLAILLATLYVLLLLLILI	269.844	280.039	47.7687	45.5886	3649	46
Reject	153	LLLLAILLATLYVLLSLLILI	LLLLAILLATLTVLLSLLILI	269.844	273.399	47.7687	50.1089	3649	46
Reject	154	LLLLAILLATLYVLLSLLILI	LLLLAILLATLYILLSLLILI	269.844	277.848	47.7687	52.1118	3649	46
Reject	155	LLLLAILLATLYVLLSLLILI	LLLLAILLAILYVLLSLLILI	269.844	271.417	47.7687	48.2838	3649	46
Accept	156	LLLLAILLATLYVLLSLLILI	LLLLAILLAVLYVLLSLLILI	269.844	268.591	47.7687	48.0441	3649	47
Reject	157	LLLLAILLAVLYVLLSLLILI	LLLLAILLAVLYVLLLLLILI	268.591	278.786	48.0441	45.864	3649	47
Accept	158	LLLLAILLAVLYVLLSLLILI	LLLLAILLAVLYVLLTLLILI	268.591	278.822	48.0441	48.6408	3649	48
Accept	159	LLLLAILLAVLYVLLTLLILI	LLLLTILLAVLYVLLTLLILI	278.822	283.58	48.6408	53.2181	3649	49
Accept	160	LLLLTILLAVLYVLLTLLILI	LLLLTILLAVLFVLLTLLILI	283.58	279.252	53.2181	49.1147	3649	50
Accept	161	LLLLTILLAVLFVLLTLLILI	LLLLVILLAVLFVLLTLLILI	279.252	279.303	49.1147	47.687	3649	51
Accept	162	LLLLVILLAVLFVLLTLLILI	LLLLVILLASLFVLLTLLILI	279.303	277.097	47.687	44.4145	3649	52
Accept	163	LLLLVILLASLFVLLTLLILI	LLLLVLLLASLFVLLTLLILI	277.097	276.804	44.4145	45.226	3649	53
Reject	164	LLLLVLLLASLFVLLTLLILI	LLLLFLLLASLFVLLTLLILI	276.804	287.28	45.226	46.7138	3649	53
Reject	165	LLLLVLLLASLFVLLTLLILI	LLLLVLLLASLFSLLTLLILI	276.804	283.766	45.226	48.4573	3649	53
Reject	166	LLLLVLLLASLFVLLTLLILI	LLLLVLLLASLFLLLTLLILI	276.804	278.217	45.226	44.5741	3649	53
Accept	167	LLLLVLLLASLFVLLTLLILI	LLLLVLLLASLFILLTLLILI	276.804	276.039	45.226	41.3623	3649	54
Accept	168	LLLLVLLLASLFILLTLLILI	LLLLVLLLASLFILLSLLILI	276.039	269.426	41.3623	44.8689	3649	55
Reject	169	LLLLVLLLASLFILLSLLILI	LLLLVLLLSSLFILLSLLILI	269.426	281.57	44.8689	55.3533	3649	55
Reject	170	LLLLVLLLASLFILLSLLILI	LLLLVLLLASLYILLSLLILI	269.426	274.891	44.8689	48.9724	3649	55
Reject	171	LLLLVLLLASLFILLSLLILI	LLLLVLLLAYLFILLSLLILI	269.426	270.537	44.8689	43.1255	3649	55
Reject	172	LLLLVLLLASLFILLSLLILI	LLLLVLLLASLFILLSSLILI	269.426	278.605	44.8689	53.5528	3649	55
Reject	173	LLLLVLLLASLFILLSLLILI	LLLLVLLLASLFILLFLLILI	269.426	299.993	44.8689	43.1255	3649	55
Reject	174	LLLLVLLLASLFILLSLLILI	LLLLVVLLASLFILLSLLILI	269.426	272.039	44.8689	47.9212	3649	55
Reject	175	LLLLVLLLASLFILLSLLILI	LLLLVILLASLFILLSLLILI	269.426	273.822	44.8689	48.1609	3649	55
Accept	176	LLLLVLLLASLFILLSLLILI	LLLLVLLLASLFTLLSLLILI	269.426	272.304	44.8689	48.4573	3649	56
Accept	177	LLLLVLLLASLFTLLSLLILI	LLLLVLLLAILFTLLSLLILI	272.304	266.619	48.4573	41.3623	3649	57
Accept	178	LLLLVLLLAILFTLLSLLILI	LLLLVLLLAILFTLLLLLILI	266.619	279.194	41.3623	41.5826	3649	58
Accept	179	LLLLVLLLAILFTLLLLLILI	LLLLVVLLAILFTLLLLLILI	279.194	278.958	41.5826	42.2344	3649	59
Accept	180	LLLLVVLLAILFTLLLLLILI	LLLLVVLLAVLFTLLLLLILI	278.958	282.762	42.2344	48.4985	3649	60
Accept	181	LLLLVVLLAVLFTLLLLLILI	LLLLVVLLAVLFLLLLLLILI	282.762	283.846	48.4985	48.1221	3649	61
Accept	182	LLLLVVLLAVLFLLLLLLILI	LLLLVVLLAVLFLLLWLLILI	283.846	292.948	48.1221	53.5746	3649	62
Accept	183	LLLLVVLLAVLFLLLWLLILI	LLLLYVLLAVLFLLLWLLILI	292.948	297.467	53.5746	52.6621	3649	63
Reject	184	LLLLYVLLAVLFLLLWLLILI	LLLLYLLLAVLFLLLWLLILI	297.467	299.582	52.6621	52.0102	3649	63
Accept	185	LLLLYVLLAVLFLLLWLLILI	LLLLYVLLAVLFFLLWLLILI	297.467	303.617	52.6621	57.202	3649	64
Reject	186	LLLLYVLLAVLFFLLWLLILI	LLLLYVLLSVLFFLLWLLILI	303.617	310.248	57.202	61.1826	3649	64
Accept	187	LLLLYVLLAVLFFLLWLLILI	LLLLYVLLAVLFILLWLLILI	303.617	296.164	57.202	51.8505	3649	65
Accept	188	LLLLYVLLAVLFILLWLLILI	LLLLIVLLAVLFILLWLLILI	296.164	295.702	51.8505	50.6025	3649	66
Reject	189	LLLLIVLLAVLFILLWLLILI	LLLLIVLLAVLFFLLWLLILI	295.702	299.385	50.6025	51.8505	3649	66
Accept	190	LLLLIVLLAVLFILLWLLILI	LLLLIVLLAVLFTLLWLLILI	295.702	293.651	50.6025	50.0874	3649	67
Accept	191	LLLLIVLLAVLFTLLWLLILI	LLLLAVLLAVLFTLLWLLILI	293.651	289.541	50.0874	53.2018	3649	68
Accept	192	LLLLAVLLAVLFTLLWLLILI	LLLLAVLLSVLFTLLWLLILI	289.541	291.939	53.2018	53.0789	3649	69
Accept	193	LLLLAVLLSVLFTLLWLLILI	LLLLAVLLAVLFTLLWLLILI	291.939	290.875	53.0789	53.2018	3649	70
Accept	194	LLLLAVLLAVLFTLLWLLILI	LLLLAVLLAVLFTLLWILILI	290.875	293.927	53.2018	56.4938	3649	71
Accept	195	LLLLAVLLAVLFTLLWILILI	LLLLALLLAVLFTLLWILILI	293.927	289.157	56.4938	49.3381	3649	72
Accept	196	LLLLALLLAVLFTLLWILILI	LLLLALLLAYLFTLLWILILI	289.157	298.122	49.3381	54.9293	3649	73
Reject	197	LLLLALLLAYLFTLLWILILI	LLLLTLLLAYLFTLLWILILI	298.122	303.639	54.9293	59.5066	3649	73
Reject	198	LLLLALLLAYLFTLLWILILI	LLLLATLLAYLFTLLWILILI	298.122	318.221	54.9293	65.913	3649	73
Accept	199	LLLLALLLAYLFTLLWILILI	LLLLAFLLAYLFTLLWILILI	298.122	308.759	54.9293	63.5727	3649	74
Accept	200	LLLLAFLLAYLFTLLWILILI	LLLLAFLLATLFTLLWILILI	308.759	308.742	63.5727	65.913	3649	75
Accept	201	LLLLAFLLATLFTLLWILILI	LLLLAFLLATLLTLLWILILI	308.742	302.48	65.913	57.2696	3649	76
Reject	202	LLLLAFLLATLLTLLWILILI	LLLLAFLLATLSTLLWILILI	302.48	314.975	57.2696	63.5531	3649	76
Accept	203	LLLLAFLLATLLTLLWILILI	LLLLAFLLATLFTLLWILILI	302.48	308.742	57.2696	65.913	3649	77
Accept	204	LLLLAFLLATLFTLLWILILI	LLLLAFLLALLFTLLWILILI	308.742	300.024	65.913	54.9293	3649	78
Reject	205	LLLLAFLLALLFTLLWILILI	LLLLAFLLALLFYLLWILILI	300.024	310.722	54.9293	56.6925	3649	78
Reject	206	LLLLAFLLALLFTLLWILILI	LLLLAFLLAILFTLLWILILI	300.024	306.998	54.9293	62.3247	3649	78
Accept	207	LLLLAFLLALLFTLLWILILI	LLLLAFLLAVLFTLLWILILI	300.024	299.403	54.9293	57.9815	3649	79
Accept	208	LLLLAFLLAVLFTLLWILILI	LLLLAFLLAVLFTLLWLLILI	299.403	296.356	57.9815	54.6896	3649	80
Reject	209	LLLLAFLLAVLFTLLWLLILI	LLLLYFLLAVLFTLLWLLILI	296.356	304.754	54.6896	56.9266	3649	80
Accept	210	LLLLAFLLAVLFTLLWLLILI	LLLLAFLLAVLYTLLWLLILI	296.356	295.658	54.6896	54.6896	3649	81
Accept	211	LLLLAFLLAVLYTLLWLLILI	LLLLAFLLAVLYILLWLLILI	295.658	294.89	54.6896	51.1013	3649	82
Accept	212	LLLLAFLLAVLYILLWLLILI	LLLLAFLLAVLYILLWSLILI	294.89	303.701	51.1013	57.3848	3649	83
Accept	213	LLLLAFLLAVLYILLWSLILI	LLLLAFLLAVLYILLWTLILI	303.701	301.773	57.3848	57.9815	3649	84
Accept	214	LLLLAFLLAVLYILLWTLILI	LLLLVFLLAVLYILLWTLILI	301.773	305.443	57.9815	58.7308	3649	85
Accept	215	LLLLVFLLAVLYILLWTLILI	LLLLVFLLAVLYLLLWTLILI	305.443	299.909	58.7308	55.4389	3649	86
Accept	216	LLLLVFLLAVLYLLLWTLILI	LLLLVFLLAVLYILLWTLILI	299.909	305.443	55.4389	58.7308	3649	87
Accept	217	LLLLVFLLAVLYILLWTLILI	LLLLLFLLAVLYILLWTLILI	305.443	298.29	58.7308	51.5751	3649	88
Accept	218	LLLLLFLLAVLYILLWTLILI	LLLLLFLLAVLYILLWVLILI	298.29	299.501	51.5751	51.8505	3649	89
Accept	219	LLLLLFLLAVLYILLWVLILI	LLLLLFLLAVLYILLSVLILI	299.501	275.025	51.8505	46.1777	3649	90
Accept	220	LLLLLFLLAVLYILLSVLILI	LLLLLFLLAVLYLLLSVLILI	275.025	273.103	46.1777	46.9892	3649	91
Accept	221	LLLLLFLLAVLYLLLSVLILI	LLLLLALLAVLYLLLSVLILI	273.103	271.355	46.9892	48.8556	3649	92
Accept	222	LLLLLALLAVLYLLLSVLILI	LLLLLALLAILYLLLSVLILI	271.355	270.333	48.8556	44.9919	3649	93
Reject	223	LLLLLALLAILYLLLSVLILI	LLLLLALLAILYSLLSVLILI	270.333	278.608	44.9919	51.2753	3649	93
Accept	224	LLLLLALLAILYLLLSVLILI	LLLLLALLAILYLLLSFLILI	270.333	270.989	44.9919	46.4796	3649	94
Accept	225	LLLLLALLAILYLLLSFLILI	LLLLLLLLAILYLLLSFLILI	270.989	273.982	46.4796	46.577	3649	95
Reject	226	LLLLLLLLAILYLLLSFLILI	LLLLLLLLATLYLLLSFLILI	273.982	277.036	46.577	50.1654	3649	95
Accept	227	LLLLLLLLAILYLLLSFLILI	LLLLLLLLAILYVLLSFLILI	273.982	272.456	46.577	43.1255	3649	96
Reject	228	LLLLLLLLAILYVLLSFLILI	LLLLLFLLAILYVLLSFLILI	272.456	281.003	43.1255	47.6655	3649	96
Accept	229	LLLLLLLLAILYVLLSFLILI	LLLLVLLLAILYVLLSFLILI	272.456	271.229	43.1255	46.1777	3649	97
Reject	230	LLLLVLLLAILYVLLSFLILI	LLLLVILLAILYVLLSFLILI	271.229	279.394	46.1777	53.573	3649	97
Accept	231	LLLLVLLLAILYVLLSFLILI	LLLLVLLLAILFVLLSFLILI	271.229	270.473	46.1777	46.1777	3649	98
Accept	232	LLLLVLLLAILFVLLSFLILI	LLLLVLLLAILFVLLSYLILI	270.473	272.096	46.1777	46.1777	3649	99
Reject	233	LLLLVLLLAILFVLLSYLILI	LLLLVLLLASLFVLLSYLILI	272.096	277.329	46.1777	53.2727	3649	99
Accept	234	LLLLVLLLAILFVLLSYLILI	LLLLTLLLAILFVLLSYLILI	272.096	271.087	46.1777	45.9023	3649	100
Accept	235	LLLLTLLLAILFVLLSYLILI	LLLLTLLLAILFVLLSILILI	271.087	267.47	45.9023	44.6542	3649	101
Reject	236	LLLLTLLLAILFVLLSILILI	LLLLTWLLAILFVLLSILILI	267.47	282.264	44.6542	56.6105	3649	101
Reject	237	LLLLTLLLAILFVLLSILILI	LLLLTLLLAILWVLLSILILI	267.47	281.89	44.6542	52.0706	3649	101
Accept	238	LLLLTLLLAILFVLLSILILI	LLLLLLLLAILFVLLSILILI	267.47	269.755	44.6542	41.8774	3649	102
Accept	239	LLLLLLLLAILFVLLSILILI	LLLLLLLLAILFVLLSVLILI	269.755	268.224	41.8774	41.6377	3649	103
Reject	240	LLLLLLLLAILFVLLSVLILI	LLLLLLLLAILYVLLSVLILI	268.224	273.001	41.6377	45.7411	3649	103
Accept	241	LLLLLLLLAILFVLLSVLILI	LLLLLLLLAILFTLLSVLILI	268.224	269.472	41.6377	41.3623	3649	104
Accept	242	LLLLLLLLAILFTLLSVLILI	LLLLLLLLAVLFTLLSVLILI	269.472	271.309	41.3623	45.226	3649	105
Accept	243	LLLLLLLLAVLFTLLSVLILI	LLLLLALLAVLFTLLSVLILI	271.309	269.974	45.226	47.529	3649	106
Reject	244	LLLLLALLAVLFTLLSVLILI	LLLLLALLAVLYTLLSVLILI	269.974	274.576	47.529	51.6324	3649	106
Reject	245	LLLLLALLAVLFTLLSVLILI	LLLLIALLAVLFTLLSVLILI	269.974	277.239	47.529	50.8209	3649	106
Reject	246	LLLLLALLAVLFTLLSVLILI	LLLLLALLAVLFTLLSYLILI	269.974	271.7	47.529	49.0167	3649	106
Reject	247	LLLLLALLAVLFTLLSVLILI	LLLLLALLSVLFTLLSVLILI	269.974	275.001	47.529	51.5095	3649	106
Accept	248	LLLLLALLAVLFTLLSVLILI	LLLLLALLALLFTLLSVLILI	269.974	270.001	47.529	44.4768	3649	107
Reject	249	LLLLLALLALLFTLLSVLILI	LLLLLALLALLWTLLSVLILI	270.001	284.911	44.4768	51.8931	3649	107
Reject	250	LLLLLALLALLFTLLSVLILI	LLLLVALLALLFTLLSVLILI	270.001	271.742	44.4768	47.529	3649	107
Accept	251	LLLLLALLALLFTLLSVLILI	LLLLLALLSLLFTLLSVLILI	270.001	274.99	44.4768	48.4573	3649	108
Accept	252	LLLLLALLSLLFTLLSVLILI	LLLLLALLALLFTLLSVLILI	274.99	270.001	48.4573	44.4768	3649	109
Accept	253	LLLLLALLALLFTLLSVLILI	LLLLVALLALLFTLLSVLILI	270.001	271.742	44.4768	47.529	3649	110
Reject	254	LLLLVALLALLFTLLSVLILI	LLLLVALLALLYTLLSVLILI	271.742	276.379	47.529	51.6324	3649	110
Reject	255	LLLLVALLALLFTLLSVLILI	LLLLVALLALLFTLLTVLILI	271.742	286.162	47.529	52.2292	3649	110
Reject	256	LLLLVALLALLFTLLSVLILI	LLLLVALLALLFTLLAVLILI	271.742	280.056	47.529	50.0522	3649	110
Reject	257	LLLLVALLALLFTLLSVLILI	LLLLVALLALLTTLLSVLILI	271.742	280.247	47.529	53.9726	3649	110
Accept	258	LLLLVALLALLFTLLSVLILI	LLLLVALLALLFVLLSVLILI	271.742	272.897	47.529	50.2047	3649	111
Reject	259	LLLLVALLALLFVLLSVLILI	LLLLVALLSLLFVLLSVLILI	272.897	277.986	50.2047	54.1852	3649	111
Accept	260	LLLLVALLALLFVLLSVLILI	LLLLVALLALLFVLLSFLILI	272.897	274.027	50.2047	49.2921	3649	112
Accept	261	LLLLVALLALLFVLLSFLILI	LLLLVALLALLFSLLSFLILI	274.027	277.939	49.2921	52.5234	3649	113
Accept	262	LLLLVALLALLFSLLSFLILI	LLLLVALLALLFLLLSFLILI	277.939	272.432	52.5234	46.2399	3649	114
Accept	263	LLLLVALLALLFLLLSFLILI	LLLLVVLLALLFLLLSFLILI	272.432	269.623	46.2399	46.9892	3649	115
Reject	264	LLLLVVLLALLFLLLSFLILI	LLLLVVLLSLLFLLLSFLILI	269.623	282.209	46.9892	55.0731	3649	115
Reject	265	LLLLVVLLALLFLLLSFLILI	LLLLVVLLALLLLLLSFLILI	269.623	272.82	46.9892	44.8495	3649	115
Accept	266	LLLLVVLLALLFLLLSFLILI	LLLLVVLLALLFLLLSVLILI	269.623	272.976	46.9892	47.9018	3649	116
Accept	267	LLLLVVLLALLFLLLSVLILI	LLLLIVLLALLFLLLSVLILI	272.976	271.645	47.9018	41.6377	3649	117
Reject	268	LLLLIVLLALLFLLLSVLILI	LLLLIVLLSLLFLLLSVLILI	271.645	281.042	41.6377	49.7216	3649	117
Accept	269	LLLLIVLLALLFLLLSVLILI	LLLLITLLALLFLLLSVLILI	271.645	274.262	41.6377	41.3623	3649	118
Reject	270	LLLLITLLALLFLLLSVLILI	LLLLTTLLALLFLLLSVLILI	274.262	276.714	41.3623	49.054	3649	118
Accept	271	LLLLITLLALLFLLLSVLILI	LLLLITLLAVLFLLLSVLILI	274.262	274.447	41.3623	44.4145	3649	119
Accept	272	LLLLITLLAVLFLLLSVLILI	LLLLITLLAVLFLLLSALILI	274.447	271.429	44.4145	43.6652	3649	120
Reject	273	LLLLITLLAVLFLLLSALILI	LLLLITLLAVLFLLLLALILI	271.429	286.18	43.6652	41.4852	3649	120
Reject	274	LLLLITLLAVLFLLLSALILI	LLLLITLLASLFLLLSALILI	271.429	280.3	43.6652	50.9999	3649	120
Accept	275	LLLLITLLAVLFLLLSALILI	LLLLILLLAVLFLLLSALILI	271.429	266.643	43.6652	40.8884	3649	121
Reject	276	LLLLILLLAVLFLLLSALILI	LLLLILLLASLFLLLSALILI	266.643	275.133	40.8884	48.2231	3649	121
Accept	277	LLLLILLLAVLFLLLSALILI	LLLLILLLAVLFYLLSALILI	266.643	277.862	40.8884	45.4284	3649	122
Reject	278	LLLLILLLAVLFYLLSALILI	LLLLILLLAVLTYLLSALILI	277.862	279.9	45.4284	47.7687	3649	122
Reject	279	LLLLILLLAVLFYLLSALILI	LLLLILLLAILFYLLSALILI	277.862	284.994	45.4284	49.7716	3649	122
Accept	280	LLLLILLLAVLFYLLSALILI	LLLLILLLAFLFYLLSALILI	277.862	287.89	45.4284	51.0196	3649	123
Accept	281	LLLLILLLAFLFYLLSALILI	LLLLTLLLAFLFYLLSALILI	287.89	284.138	51.0196	54.608	3649	124
Accept	282	LLLLTLLLAFLFYLLSALILI	LLLLTLLLAVLFYLLSALILI	284.138	274.057	54.608	49.0167	3649	125
Accept	283	LLLLTLLLAVLFYLLSALILI	LLLLTLLLAVLFTLLSALILI	274.057	269.633	49.0167	51.357	3649	126
Accept	284	LLLLTLLLAVLFTLLSALILI	LLLLTILLAVLFTLLSALILI	269.633	273.066	51.357	54.6489	3649	127
Accept	285	LLLLTILLAVLFTLLSALILI	LLLLTILLAVLLTLLSALILI	273.066	270.985	54.6489	50.1089	3649	128
Accept	286	LLLLTILLAVLLTLLSALILI	LLLLYILLAVLLTLLSALILI	270.985	273.364	50.1089	47.7687	3649	129
Reject	287	LLLLYILLAVLLTLLSALILI	LLLLYFLLAVLLTLLSALILI	273.364	278.114	47.7687	49.0167	3649	129
Accept	288	LLLLYILLAVLLTLLSALILI	LLLLYILLALLLTLLSALILI	273.364	276.994	47.7687	48.8199	3649	130
Accept	289	LLLLYILLALLLTLLSALILI	LLLLYILLALLFTLLSALILI	276.994	274.973	48.8199	49.2565	3649	131
Accept	290	LLLLYILLALLFTLLSALILI	LLLLYILLALLFTLLAALILI	274.973	283.217	49.2565	51.7797	3649	132
Accept	291	LLLLYILLALLFTLLAALILI	LLLLTILLALLFTLLAALILI	283.217	280.876	51.7797	54.12	3649	133
Accept	292	LLLLTILLALLFTLLAALILI	LLLLTILLALLLTLLAALILI	280.876	283.137	54.12	53.6834	3649	134
Accept	293	LLLLTILLALLLTLLAALILI	LLLLTILLALLLTLLSALILI	283.137	274.649	53.6834	51.1601	3649	135
Accept	294	LLLLTILLALLLTLLSALILI	LLLLTILLSLLLTLLSALILI	274.649	280	51.1601	55.1407	3649	136
Accept	295	LLLLTILLSLLLTLLSALILI	LLLLTILLSLLLTLLAALILI	280	281.983	55.1407	51.1601	3338.43	137
Accept	296	LLLLTILLSLLLTLLAALILI	LLLLTILLSLLLTLLSALILI	281.983	280	51.1601	55.1407	3054.29	138
Accept	297	LLLLTILLSLLLTLLSALILI	LLLLTILLSLLLTLLSVLILI	280	282.538	55.1407	55.8899	2794.33	139
Accept	298	LLLLTILLSLLLTLLSVLILI	LLLLTILLALLLTLLSVLILI	282.538	273.084	55.8899	47.806	2556.5	140
Reject	299	LLLLTILLALLLTLLSVLILI	LLLLTILLALLLTLLSFLILI	273.084	276.646	47.806	49.2937	2338.91	140
Accept	300	LLLLTILLALLLTLLSVLILI	LLLLVILLALLLTLLSVLILI	273.084	270.725	47.806	43.9779	2338.91	141
Reject	301	LLLLVILLALLLTLLSVLILI	LLLLVLLLALLLTLLSVLILI	270.725	273.25	43.9779	47.1898	2139.84	141
Reject	302	LLLLVILLALLLTLLSVLILI	LLLLVLLLALLLTLLSVLILI	270.725	273.25	43.9779	47.1898	2139.84	141
Reject	303	LLLLVILLALLLTLLSVLILI	LLLLVILLALLLTLLAVLILI	270.725	276.882	43.9779	44.1008	2139.84	141
Accept	304	LLLLVILLALLLTLLSVLILI	LLLLAILLALLLTLLSVLILI	270.725	268.295	43.9779	43.2287	2139.84	142
Accept	305	LLLLAILLALLLTLLSVLILI	LLLLAILLALLFTLLSVLILI	268.295	266.617	43.2287	43.6652	1957.72	143
Accept	306	LLLLAILLALLFTLLSVLILI	LLLLAILLALLFLLLSVLILI	266.617	264.185	43.6652	40.8884	1791.09	144
Reject	307	LLLLAILLALLFLLLSVLILI	LLLLAILLALLFLLLAVLILI	264.185	272.646	40.8884	43.4117	1638.65	144
Reject	308	LLLLAILLALLFLLLSVLILI	LLLLTILLALLFLLLSVLILI	264.185	266.446	40.8884	41.3623	1638.65	144
Reject	309	LLLLAILLALLFLLLSVLILI	LLLLAILLALLFLLLSSLILI	264.185	272.746	40.8884	48.2231	1638.65	144
Accept	310	LLLLAILLALLFLLLSVLILI	LLLLAILLSLLFLLLSVLILI	264.185	269.804	40.8884	44.8689	1638.65	145
Reject	311	LLLLAILLSLLFLLLSVLILI	LLLLATLLSLLFLLLSVLILI	269.804	277.491	44.8689	48.4573	1499.18	145
Reject	312	LLLLAILLSLLFLLLSVLILI	LLLLAILLSLLYLLLSVLILI	269.804	273.137	44.8689	48.9724	1499.18	145
Accept	313	LLLLAILLSLLFLLLSVLILI	LLLLAILLSVLFLLLSVLILI	269.804	270.235	44.8689	47.9212	1499.18	146
Accept	314	LLLLAILLSVLFLLLSVLILI	LLLLAILLSVLFLLLAVLILI	270.235	272.192	47.9212	43.9406	1371.58	147
Reject	315	LLLLAILLSVLFLLLAVLILI	LLLLAILLSVLFTLLAVLILI	272.192	278.165	43.9406	50.8209	1254.84	147
Reject	316	LLLLAILLSVLFLLLAVLILI	LLLLAILLSVLFTLLAVLILI	272.192	278.165	43.9406	50.8209	1254.84	147
Accept	317	LLLLAILLSVLFLLLAVLILI	LLLLAILLSVLFLLLALLILI	272.192	271.492	43.9406	40.8884	1254.84	148
Reject	318	LLLLAILLSVLFLLLALLILI	LLLLAILLSTLFLLLALLILI	271.492	275.601	40.8884	44.7165	1148.04	148
Reject	319	LLLLAILLSVLFLLLALLILI	LLLLAILLSTLFLLLALLILI	271.492	276.764	40.8884	44.7165	1148.04	148
Accept	320	LLLLAILLSVLFLLLALLILI	LLLLAILLAVLFLLLALLILI	271.492	272.499	40.8884	43.4117	1148.04	149
Accept	321	LLLLAILLAVLFLLLALLILI	LLLLAVLLAVLFLLLALLILI	272.499	273.3	43.4117	47.2754	1050.33	150
Accept	322	LLLLAVLLAVLFLLLALLILI	LLLLAVLLAVLFILLALLILI	273.3	273.654	47.2754	46.4639	960.933	151
Accept	323	LLLLAVLLAVLFILLALLILI	LLLLAVLLALLFILLALLILI	273.654	273.261	46.4639	43.4117	879.146	152
Accept	324	LLLLAVLLALLFILLALLILI	LLLLAVLLASLFILLALLILI	273.261	274.013	43.4117	45.5917	804.321	153
Accept	325	LLLLAVLLASLFILLALLILI	LLLLAVLLAVLFILLALLILI	274.013	273.654	45.5917	46.4639	735.863	154
Accept	326	LLLLAVLLAVLFILLALLILI	LLLLAVLLAVLFILLSLLILI	273.654	265.018	46.4639	43.9406	673.233	155
Reject	327	LLLLAVLLAVLFILLSLLILI	LLLLAVLLSVLFILLSLLILI	265.018	270.583	43.9406	47.9212	615.932	155
Accept	328	LLLLAVLLAVLFILLSLLILI	LLLLTVLLAVLFILLSLLILI	265.018	265.784	43.9406	44.4145	615.932	156
Reject	329	LLLLTVLLAVLFILLSLLILI	LLLLTVLLAVLFILLALLILI	265.784	272.02	44.4145	44.5374	563.509	156
Reject	330	LLLLTVLLAVLFILLSLLILI	LLLLTVLLSVLFILLSLLILI	265.784	275.321	44.4145	52.4984	563.509	156
Accept	331	LLLLTVLLAVLFILLSLLILI	LLLLTVLLAALFILLSLLILI	265.784	264.196	44.4145	43.6652	563.509	157
Reject	332	LLLLTVLLAALFILLSLLILI	LLLLTLLLAALFILLSLLILI	264.196	266.306	43.6652	44.7165	515.548	157
Accept	333	LLLLTVLLAALFILLSLLILI	LLLLAVLLAALFILLSLLILI	264.196	265.818	43.6652	45.5917	515.548	158
Reject	334	LLLLAVLLAALFILLSLLILI	LLLLAVLLAALTILLSLLILI	265.818	269.61	45.5917	47.932	471.669	158
Reject	335	LLLLAVLLAALFILLSLLILI	LLLLALLLAALFILLSLLILI	265.818	267.786	45.5917	46.643	471.669	158
Accept	336	LLLLAVLLAALFILLSLLILI	LLLLAVLLAALFLLLSLLILI	265.818	266.792	45.5917	46.4033	471.669	159
Reject	337	LLLLAVLLAALFLLLSLLILI	LLLLAVLLAALLLLLSLLILI	266.792	269.519	46.4033	48.367	431.524	159
Accept	338	LLLLAVLLAALFLLLSLLILI	LLLLAVLLAALFILLSLLILI	266.792	265.818	46.4033	45.5917	431.524	160
Reject	339	LLLLAVLLAALFILLSLLILI	LLLLAVLLAALFVLLSLLILI	265.818	266.551	45.5917	49.4555	394.796	160
Reject	340	LLLLAVLLAALFILLSLLILI	LLLLAVLLAALFILLALLILI	265.818	276.156	45.5917	49.8181	394.796	160
Accept	341	LLLLAVLLAALFILLSLLILI	LLLLTVLLAALFILLSLLILI	265.818	264.196	45.5917	43.6652	394.796	161
Reject	342	LLLLTVLLAALFILLSLLILI	LLLLTLLLAALFILLSLLILI	264.196	266.306	43.6652	44.7165	361.194	161
Reject	343	LLLLTVLLAALFILLSLLILI	LLLLTVLLSALFILLSLLILI	264.196	269.699	43.6652	47.6458	361.194	161
Reject	344	LLLLTVLLAALFILLSLLILI	LLLLTVLLAALFVLLSLLILI	264.196	264.967	43.6652	47.529	361.194	161
Reject	345	LLLLTVLLAALFILLSLLILI	LLLLTVLLAALFILLALLILI	264.196	272.831	43.6652	46.1885	361.194	161
Reject	346	LLLLTVLLAALFILLSLLILI	LLLLTVLLAALFILLSVLILI	264.196	270.398	43.6652	50.8209	361.194	161
Reject	347	LLLLTVLLAALFILLSLLILI	LLLLTVLLSALFILLSLLILI	264.196	269.699	43.6652	47.6458	361.194	161
Reject	348	LLLLTVLLAALFILLSLLILI	LLLLTVLLAALYILLSLLILI	264.196	269.676	43.6652	47.7687	330.452	161
Reject	349	LLLLTVLLAALFILLSLLILI	LLLLTLLLAALFILLSLLILI	264.196	266.306	43.6652	44.7165	330.452	161
Reject	350	LLLLTVLLAALFILLSLLILI	LLLLTLLLAALFILLSLLILI	264.196	266.306	43.6652	44.7165	330.452	161
Reject	351	LLLLTVLLAALFILLSLLILI	LLLLVVLLAALFILLSLLILI	264.196	265.977	43.6652	43.9406	330.452	161
Reject	352	LLLLTVLLAALFILLSLLILI	LLLLAVLLAALFILLSLLILI	264.196	265.818	43.6652	45.5917	330.452	161
Reject	353	LLLLTVLLAALFILLSLLILI	LLLLVVLLAALFILLSLLILI	264.196	265.977	43.6652	43.9406	330.452	161
Reject	354	LLLLTVLLAALFILLSLLILI	LLLLVVLLAALFILLSLLILI	264.196	265.977	43.6652	43.9406	302.327	161
Reject	355	LLLLTVLLAALFILLSLLILI	LLLLTVLLAALFILLALLILI	264.196	272.831	43.6652	46.1885	302.327	161
Reject	356	LLLLTVLLAALFILLSLLILI	LLLLTLLLAALFILLSLLILI	264.196	266.306	43.6652	44.7165	302.327	161
Reject	357	LLLLTVLLAALFILLSLLILI	LLLLVVLLAALFILLSLLILI	264.196	265.977	43.6652	43.9406	302.327	161
Reject	358	LLLLTVLLAALFILLSLLILI	LLLLTLLLAALFILLSLLILI	264.196	266.306	43.6652	44.7165	302.327	161
Reject	359	LLLLTVLLAALFILLSLLILI	LLLLTVLLAALFILLALLILI	264.196	272.831	43.6652	46.1885	302.327	161
Reject	360	LLLLTVLLAALFILLSLLILI	LLLLTLLLAALFILLSLLILI	264.196	266.306	43.6652	44.7165	276.595	161
Reject	361	LLLLTVLLAALFILLSLLILI	LLLLTVLLAALYILLSLLILI	264.196	269.676	43.6652	47.7687	276.595	161
Reject	362	LLLLTVLLAALFILLSLLILI	LLLLVVLLAALFILLSLLILI	264.196	265.977	43.6652	43.9406	276.595	161
Reject	363	LLLLTVLLAALFILLSLLILI	LLLLTLLLAALFILLSLLILI	264.196	266.306	43.6652	44.7165	276.595	161
Reject	364	LLLLTVLLAALFILLSLLILI	LLLLVVLLAALFILLSLLILI	264.196	265.977	43.6652	43.9406	276.595	161
Accept	365	LLLLTVLLAALFILLSLLILI	LLLLTVLLAALFLLLSLLILI	264.196	263.943	43.6652	44.4768	276.595	162
Reject	366	LLLLTVLLAALFLLLSLLILI	LLLLTILLAALFLLLSLLILI	263.943	265.65	44.4768	44.7165	253.054	162
Reject	367	LLLLTVLLAALFLLLSLLILI	LLLLTILLAALFLLLSLLILI	263.943	266.898	44.4768	44.7165	253.054	162
Reject	368	LLLLTVLLAALFLLLSLLILI	LLLLTVLLAILFLLLSLLILI	263.943	265.617	44.4768	41.3623	253.054	162
Reject	369	LLLLTVLLAALFLLLSLLILI	LLLLTVLLAALYLLLSLLILI	263.943	267.867	44.4768	48.5802	253.054	162
Accept	370	LLLLTVLLAALFLLLSLLILI	LLLLTVLLAALFLLLSILILI	263.943	264.727	44.4768	43.6652	253.054	163
Accept	371	LLLLTVLLAALFLLLSILILI	LLLLTVLLALLFLLLSILILI	264.727	264.813	43.6652	41.3623	231.516	164
Reject	372	LLLLTVLLALLFLLLSILILI	LLLLTVLLALLLLLLSILILI	264.813	269.136	41.3623	43.3261	211.811	164
Accept	373	LLLLTVLLALLFLLLSILILI	LLLLTVLLAALFLLLSILILI	264.813	263.506	41.3623	43.6652	211.811	165
Reject	374	LLLLTVLLAALFLLLSILILI	LLLLTVLLSALFLLLSILILI	263.506	269.045	43.6652	47.6458	193.783	165
Reject	375	LLLLTVLLAALFLLLSILILI	LLLLTLLLAALFLLLSILILI	263.506	266.843	43.6652	44.7165	193.783	165
Reject	376	LLLLTVLLAALFLLLSILILI	LLLLTVLLAALLLLLSILILI	263.506	265.139	43.6652	43.2287	193.783	165
Reject	377	LLLLTVLLAALFLLLSILILI	LLLLVVLLAALFLLLSILILI	263.506	265.288	43.6652	43.9406	193.783	165
Reject	378	LLLLTVLLAALFLLLSILILI	LLLLTVLLALLFLLLSILILI	263.506	264.813	43.6652	41.3623	193.783	165
Reject	379	LLLLTVLLAALFLLLSILILI	LLLLTLLLAALFLLLSILILI	263.506	265.621	43.6652	44.7165	193.783	165
Reject	380	LLLLTVLLAALFLLLSILILI	LLLLTVLLAALFVLLSILILI	263.506	268.536	43.6652	50.8209	177.29	165
Reject	381	LLLLTVLLAALFLLLSILILI	LLLLTVLLSALFLLLSILILI	263.506	270.856	43.6652	47.6458	177.29	165
Reject	382	LLLLTVLLAALFLLLSILILI	LLLLTVLLAALFVLLSILILI	263.506	268.536	43.6652	50.8209	177.29	165
Reject	383	LLLLTVLLAALFLLLSILILI	LLLLTVLLAALFLLLAILILI	263.506	273.252	43.6652	46.1885	177.29	165
Reject	384	LLLLTVLLAALFLLLSILILI	LLLLTVLLAALFLLLSLLILI	263.506	263.943	43.6652	44.4768	177.29	165
Reject	385	LLLLTVLLAALFLLLSILILI	LLLLTVLLAALFLLLSLLILI	263.506	265.189	43.6652	44.4768	177.29	165
Reject	386	LLLLTVLLAALFLLLSILILI	LLLLVVLLAALFLLLSILILI	263.506	265.288	43.6652	43.9406	162.201	165
Reject	387	LLLLTVLLAALFLLLSILILI	LLLLVVLLAALFLLLSILILI	263.506	265.288	43.6652	43.9406	162.201	165
Reject	388	LLLLTVLLAALFLLLSILILI	LLLLTVLLSALFLLLSILILI	263.506	270.106	43.6652	47.6458	162.201	165
Reject	389	LLLLTVLLAALFLLLSILILI	LLLLTLLLAALFLLLSILILI	263.506	265.621	43.6652	44.7165	162.201	165
Reject	390	LLLLTVLLAALFLLLSILILI	LLLLTVLLSALFLLLSILILI	263.506	269.045	43.6652	47.6458	162.201	165
Reject	391	LLLLTVLLAALFLLLSILILI	LLLLTVLLAALFLLLAILILI	263.506	273.252	43.6652	46.1885	162.201	165
Reject	392	LLLLTVLLAALFLLLSILILI	LLLLTVLLALLFLLLSILILI	263.506	264.813	43.6652	41.3623	148.395	165
Reject	393	LLLLTVLLAALFLLLSILILI	LLLLTVLLAVLFLLLSILILI	263.506	266.434	43.6652	44.4145	148.395	165
Reject	394	LLLLTVLLAALFLLLSILILI	LLLLTVLLALLFLLLSILILI	263.506	264.813	43.6652	41.3623	148.395	165
Reject	395	LLLLTVLLAALFLLLSILILI	LLLLTVLLAALFLLLAILILI	263.506	273.252	43.6652	46.1885	148.395	165
Reject	396	LLLLTVLLAALFLLLSILILI	LLLLTLLLAALFLLLSILILI	263.506	266.844	43.6652	44.7165	148.395	165
Reject	397	LLLLTVLLAALFLLLSILILI	LLLLTVLLAALFLLLSLLILI	263.506	263.943	43.6652	44.4768	148.395	165
Reject	398	LLLLTVLLAALFLLLSILILI	LLLLTLLLAALFLLLSILILI	263.506	265.621	43.6652	44.7165	135.765	165
Reject	399	LLLLTVLLAALFLLLSILILI	LLLLTVLLAALLLLLSILILI	263.506	265.139	43.6652	43.2287	135.765	165
Reject	400	LLLLTVLLAALFLLLSILILI	LLLLTVLLAALFLLLSLLILI	263.506	263.943	43.6652	44.4768	135.765	165
Reject	401	LLLLTVLLAALFLLLSILILI	LLLLTVLLAALFLLLSLLILI	263.506	265.995	43.6652	44.4768	135.765	165
Reject	402	LLLLTVLLAALFLLLSILILI	LLLLTVLLAALLLLLSILILI	263.506	265.139	43.6652	43.2287	135.765	165
Reject	403	LLLLTVLLAALFLLLSILILI	LLLLTVLLSALFLLLSILILI	263.506	270.106	43.6652	47.6458	135.765	165
Reject	404	LLLLTVLLAALFLLLSILILI	LLLLTVLLSALFLLLSILILI	263.506	269.045	43.6652	47.6458	124.21	165
Reject	405	LLLLTVLLAALFLLLSILILI	LLLLTVLLSALFLLLSILILI	263.506	270.106	43.6652	47.6458	124.21	165
Reject	406	LLLLTVLLAALFLLLSILILI	LLLLTVLLALLFLLLSILILI	263.506	264.813	43.6652	41.3623	124.21	165
Reject	407	LLLLTVLLAALFLLLSILILI	LLLLTVLLALLFLLLSILILI	263.506	264.813	43.6652	41.3623	124.21	165
Reject	408	LLLLTVLLAALFLLLSILILI	LLLLTVLLAALFLLLSLLILI	263.506	263.943	43.6652	44.4768	124.21	165
Reject	409	LLLLTVLLAALFLLLSILILI	LLLLAVLLAALFLLLSILILI	263.506	265.129	43.6652	45.5917	124.21	165
Reject	410	LLLLTVLLAALFLLLSILILI	LLLLTVLLAALFLLLSALILI	263.506	265.232	43.6652	49.1801	113.638	165
Reject	411	LLLLTVLLAALFLLLSILILI	LLLLTVLLAALFLLLAILILI	263.506	272.001	43.6652	46.1885	113.638	165
Reject	412	LLLLTVLLAALFLLLSILILI	LLLLTVLLALLFLLLSILILI	263.506	266.183	43.6652	41.3623	113.638	165
Reject	413	LLLLTVLLAALFLLLSILILI	LLLLVVLLAALFLLLSILILI	263.506	265.288	43.6652	43.9406	113.638	165
Reject	414	LLLLTVLLAALFLLLSILILI	LLLLTVLLAALFVLLSILILI	263.506	268.536	43.6652	50.8209	113.638	165
Reject	415	LLLLTVLLAALFLLLSILILI	LLLLTLLLAALFLLLSILILI	263.506	266.844	43.6652	44.7165	113.638	165
Reject	416	LLLLTVLLAALFLLLSILILI	LLLLTLLLAALFLLLSILILI	263.506	266.843	43.6652	44.7165	103.966	165
Reject	417	LLLLTVLLAALFLLLSILILI	LLLLTVLLAALLLLLSILILI	263.506	265.139	43.6652	43.2287	103.966	165
Reject	418	LLLLTVLLAALFLLLSILILI	LLLLTLLLAALFLLLSILILI	263.506	266.843	43.6652	44.7165	103.966	165
Reject	419	LLLLTVLLAALFLLLSILILI	LLLLTVLLALLFLLLSILILI	263.506	264.813	43.6652	41.3623	103.966	165
Reject	420	LLLLTVLLAALFLLLSILILI	LLLLTLLLAALFLLLSILILI	263.506	266.844	43.6652	44.7165	103.966	165
Reject	421	LLLLTVLLAALFLLLSILILI	LLLLTLLLAALFLLLSILILI	263.506	266.844	43.6652	44.7165	103.966	165
Reject	422	LLLLTVLLAALFLLLSILILI	LLLLTVLLALLFLLLSILILI	263.506	266.183	43.6652	41.3623	95.1175	165
Reject	423	LLLLTVLLAALFLLLSILILI	LLLLTVLLAALFVLLSILILI	263.506	268.536	43.6652	50.8209	95.1175	165
Reject	424	LLLLTVLLAALFLLLSILILI	LLLLTVLLALLFLLLSILILI	263.506	264.813	43.6652	41.3623	95.1175	165
Reject	425	LLLLTVLLAALFLLLSILILI	LLLLTVLLAALFLLLSLLILI	263.506	263.943	43.6652	44.4768	95.1175	165
Reject	426	LLLLTVLLAALFLLLSILILI	LLLLTVLLSALFLLLSILILI	263.506	270.106	43.6652	47.6458	95.1175	165
Reject	427	LLLLTVLLAALFLLLSILILI	LLLLTVLLAVLFLLLSILILI	263.506	265.135	43.6652	44.4145	95.1175	165
Reject	428	LLLLTVLLAALFLLLSILILI	LLLLTLLLAALFLLLSILILI	263.506	266.843	43.6652	44.7165	87.0218	165
Reject	429	LLLLTVLLAALFLLLSILILI	LLLLTVLLAALFLLLSLLILI	263.506	265.189	43.6652	44.4768	87.0218	165
Reject	430	LLLLTVLLAALFLLLSILILI	LLLLTLLLAALFLLLSILILI	263.506	266.843	43.6652	44.7165	87.0218	165
Reject	431	LLLLTVLLAALFLLLSILILI	LLLLTVLLAALFLLLSLLILI	263.506	265.189	43.6652	44.4768	87.0218	165
Reject	432	LLLLTVLLAALFLLLSILILI	LLLLTVLLSALFLLLSILILI	263.506	269.045	43.6652	47.6458	87.0218	165
Reject	433	LLLLTVLLAALFLLLSILILI	LLLLVVLLAALFLLLSILILI	263.506	265.288	43.6652	43.9406	87.0218	165
Reject	434	LLLLTVLLAALFLLLSILILI	LLLLTVLLAALLLLLSILILI	263.506	265.139	43.6652	43.2287	79.6152	165
Reject	435	LLLLTVLLAALFLLLSILILI	LLLLTLLLAALFLLLSILILI	263.506	265.621	43.6652	44.7165	79.6152	165
Reject	436	LLLLTVLLAALFLLLSILILI	LLLLTVLLSALFLLLSILILI	263.506	270.106	43.6652	47.6458	79.6152	165
Reject	437	LLLLTVLLAALFLLLSILILI	LLLLTVLLALLFLLLSILILI	263.506	266.183	43.6652	41.3623	79.6152	165
Reject	438	LLLLTVLLAALFLLLSILILI	LLLLTVLLAALLLLLSILILI	263.506	265.139	43.6652	43.2287	79.6152	165
Reject	439	LLLLTVLLAALFLLLSILILI	LLLLTVLLSALFLLLSILILI	263.506	270.856	43.6652	47.6458	79.6152	165
Reject	440	LLLLTVLLAALFLLLSILILI	LLLLTLLLAALFLLLSILILI	263.506	265.621	43.6652	44.7165	72.839	165
Reject	441	LLLLTVLLAALFLLLSILILI	LLLLTVLLAALFLLLAILILI	263.506	273.252	43.6652	46.1885	72.839	165
Reject	442	LLLLTVLLAALFLLLSILILI	LLLLVVLLAALFLLLSILILI	263.506	266.511	43.6652	43.9406	72.839	165
Reject	443	LLLLTVLLAALFLLLSILILI	LLLLTVLLSALFLLLSILILI	263.506	269.045	43.6652	47.6458	72.839	165
Reject	444	LLLLTVLLAALFLLLSILILI	LLLLVVLLAALFLLLSILILI	263.506	266.511	43.6652	43.9406	72.839	165
Reject	445	LLLLTVLLAALFLLLSILILI	LLLLTLLLAALFLLLSILILI	263.506	265.621	43.6652	44.7165	72.839	165
Reject	446	LLLLTVLLAALFLLLSILILI	LLLLTVLLAALFLLLAILILI	263.506	273.252	43.6652	46.1885	66.6396	165
Reject	447	LLLLTVLLAALFLLLSILILI	LLLLAVLLAALFLLLSILILI	263.506	266.329	43.6652	45.5917	66.6396	165
Reject	448	LLLLTVLLAALFLLLSILILI	LLLLTLLLAALFLLLSILILI	263.506	265.621	43.6652	44.7165	66.6396	165
Reject	449	LLLLTVLLAALFLLLSILILI	LLLLTVLLALLFLLLSILILI	263.506	266.183	43.6652	41.3623	66.6396	165
Reject	450	LLLLTVLLAALFLLLSILILI	LLLLTVLLAALFLLLSLLILI	263.506	265.189	43.6652	44.4768	66.6396	165
Reject	451	LLLLTVLLAALFLLLSILILI	LLLLTVLLSALFLLLSILILI	263.506	270.106	43.6652	47.6458	66.6396	165
Reject	452	LLLLTVLLAALFLLLSILILI	LLLLTVLLAALFVLLSILILI	263.506	268.536	43.6652	50.8209	60.9677	165
Reject	453	LLLLTVLLAALFLLLSILILI	LLLLTVLLAALLLLLSILILI	263.506	265.139	43.6652	43.2287	60.9677	165
Reject	454	LLLLTVLLAALFLLLSILILI	LLLLTVLLAALLLLLSILILI	263.506	265.139	43.6652	43.2287	60.9677	165
Reject	455	LLLLTVLLAALFLLLSILILI	LLLLTVLLAALFVLLSILILI	263.506	268.536	43.6652	50.8209	60.9677	165
Reject	456	LLLLTVLLAALFLLLSILILI	LLLLAVLLAALFLLLSILILI	263.506	265.129	43.6652	45.5917	60.9677	165
Reject	457	LLLLTVLLAALFLLLSILILI	LLLLTVLLAALFVLLSILILI	263.506	268.536	43.6652	50.8209	60.9677	165
Reject	458	LLLLTVLLAALFLLLSILILI	LLLLTVLLAALFLLLSLLILI	263.506	265.189	43.6652	44.4768	55.7787	165
Reject	459	LLLLTVLLAALFLLLSILILI	LLLLTVLLSALFLLLSILILI	263.506	269.045	43.6652	47.6458	55.7787	165
Reject	460	LLLLTVLLAALFLLLSILILI	LLLLTVLLAALFLLLAILILI	263.506	273.252	43.6652	46.1885	55.7787	165
Reject	461	LLLLTVLLAALFLLLSILILI	LLLLTVLLAALFLLLSLLILI	263.506	265.189	43.6652	44.4768	55.7787	165
Reject	462	LLLLTVLLAALFLLLSILILI	LLLLTVLLALLFLLLSILILI	263.506	266.183	43.6652	41.3623	55.7787	165
Reject	463	LLLLTVLLAALFLLLSILILI	LLLLTVLLAALLLLLSILILI	263.506	265.139	43.6652	43.2287	55.7787	165
Reject	464	LLLLTVLLAALFLLLSILILI	LLLLTVLLSALFLLLSILILI	263.506	269.045	43.6652	47.6458	51.0312	165
Reject	465	LLLLTVLLAALFLLLSILILI	LLLLTVLLALLFLLLSILILI	263.506	266.183	43.6652	41.3623	51.0312	165
Reject	466	LLLLTVLLAALFLLLSILILI	LLLLTVLLAALFLLLAILILI	263.506	272.001	43.6652	46.1885	51.0312	165
Reject	467	LLLLTVLLAALFLLLSILILI	LLLLAVLLAALFLLLSILILI	263.506	265.129	43.6652	45.5917	51.0312	165
Reject	468	LLLLTVLLAALFLLLSILILI	LLLLTLLLAALFLLLSILILI	263.506	266.843	43.6652	44.7165	51.0312	165
Reject	469	LLLLTVLLAALFLLLSILILI	LLLLTVLLAALFLLLAILILI	263.506	273.252	43.6652	46.1885	51.0312	165
Reject	470	LLLLTVLLAALFLLLSILILI	LLLLTVLLSALFLLLSILILI	263.506	270.106	43.6652	47.6458	46.6879	165
Reject	471	LLLLTVLLAALFLLLSILILI	LLLLTVLLSALFLLLSILILI	263.506	269.045	43.6652	47.6458	46.6879	165
Reject	472	LLLLTVLLAALFLLLSILILI	LLLLTLLLAALFLLLSILILI	263.506	266.843	43.6652	44.7165	46.6879	165
Reject	473	LLLLTVLLAALFLLLSILILI	LLLLTVLLSALFLLLSILILI	263.506	270.106	43.6652	47.6458	46.6879	165
Reject	474	LLLLTVLLAALFLLLSILILI	LLLLVVLLAALFLLLSILILI	263.506	266.511	43.6652	43.9406	46.6879	165
Reject	475	LLLLTVLLAALFLLLSILILI	LLLLTVLLAALFVLLSILILI	263.506	268.536	43.6652	50.8209	46.6879	165
Reject	476	LLLLTVLLAALFLLLSILILI	LLLLTVLLAALFLLLSLLILI	263.506	263.943	43.6652	44.4768	42.7142	165
Reject	477	LLLLTVLLAALFLLLSILILI	LLLLTVLLSALFLLLSILILI	263.506	269.045	43.6652	47.6458	42.7142	165
Reject	478	LLLLTVLLAALFLLLSILILI	LLLLTVLLAALFLLLSLLILI	263.506	265.189	43.6652	44.4768	42.7142	165
Reject	479	LLLLTVLLAALFLLLSILILI	LLLLTVLLALLFLLLSILILI	263.506	264.813	43.6652	41.3623	42.7142	165
Reject	480	LLLLTVLLAALFLLLSILILI	LLLLVVLLAALFLLLSILILI	263.506	266.511	43.6652	43.9406	42.7142	165
Reject	481	LLLLTVLLAALFLLLSILILI	LLLLTVLLAALFLLLSLLILI	263.506	265.189	43.6652	44.4768	42.7142	165
Reject	482	LLLLTVLLAALFLLLSILILI	LLLLAVLLAALFLLLSILILI	263.506	265.129	43.6652	45.5917	39.0787	165
Reject	483	LLLLTVLLAALFLLLSILILI	LLLLTVLLAALLLLLSILILI	263.506	265.139	43.6652	43.2287	39.0787	165
Reject	484	LLLLTVLLAALFLLLSILILI	LLLLTVLLAALFLLLAILILI	263.506	273.252	43.6652	46.1885	39.0787	165
Reject	485	LLLLTVLLAALFLLLSILILI	LLLLTVLLAALFLLLSLLILI	263.506	263.943	43.6652	44.4768	39.0787	165
Reject	486	LLLLTVLLAALFLLLSILILI	LLLLAVLLAALFLLLSILILI	263.506	266.329	43.6652	45.5917	39.0787	165
Reject	487	LLLLTVLLAALFLLLSILILI	LLLLTVLLAALLLLLSILILI	263.506	265.139	43.6652	43.2287	39.0787	165
Reject	488	LLLLTVLLAALFLLLSILILI	LLLLTVLLALLFLLLSILILI	263.506	264.813	43.6652	41.3623	35.7526	165
Reject	489	LLLLTVLLAALFLLLSILILI	LLLLTLLLAALFLLLSILILI	263.506	266.843	43.6652	44.7165	35.7526	165
Reject	490	LLLLTVLLAALFLLLSILILI	LLLLTVLLALLFLLLSILILI	263.506	264.813	43.6652	41.3623	35.7526	165
Reject	491	LLLLTVLLAALFLLLSILILI	LLLLAVLLAALFLLLSILILI	263.506	265.129	43.6652	45.5917	35.7526	165
Reject	492	LLLLTVLLAALFLLLSILILI	LLLLTVLLSALFLLLSILILI	263.506	270.106	43.6652	47.6458	35.7526	165
Reject	493	LLLLTVLLAALFLLLSILILI	LLLLTVLLSALFLLLSILILI	263.506	270.106	43.6652	47.6458	35.7526	165
Reject	494	LLLLTVLLAALFLLLSILILI	LLLLTVLLSALFLLLSILILI	263.506	270.106	43.6652	47.6458	32.7096	165
Reject	495	LLLLTVLLAALFLLLSILILI	LLLLTVLLAALFLLLAILILI	263.506	272.001	43.6652	46.1885	32.7096	165
Reject	496	LLLLTVLLAALFLLLSILILI	LLLLTVLLAALLLLLSILILI	263.506	265.139	43.6652	43.2287	32.7096	165
Reject	497	LLLLTVLLAALFLLLSILILI	LLLLTVLLAALFLLLAILILI	263.506	272.001	43.6652	46.1885	32.7096	165
Reject	498	LLLLTVLLAALFLLLSILILI	LLLLTVLLAALFLLLSLLILI	263.506	263.943	43.6652	44.4768	32.7096	165
Reject	499	LLLLTVLLAALFLLLSILILI	LLLLTVLLAALFVLLSILILI	263.506	268.536	43.6652	50.8209	32.7096	165
Reject	500	LLLLTVLLAALFLLLSILILI	LLLLTVLLSALFLLLSILILI	263.506	269.045	43.6652	47.6458	29.9257	165
Reject	501	LLLLTVLLAALFLLLSILILI	LLLLTVLLAALLLLLSILILI	263.506	265.139	43.6652	43.2287	29.9257	165
Reject	502	LLLLTVLLAALFLLLSILILI	LLLLTVLLSALFLLLSILILI	263.506	271.096	43.6652	47.6458	29.9257	165
Reject	503	LLLLTVLLAALFLLLSILILI	LLLLTVLLSALFLLLSILILI	263.506	270.106	43.6652	47.6458	29.9257	165
Reject	504	LLLLTVLLAALFLLLSILILI	LLLLTVLLALLFLLLSILILI	263.506	266.183	43.6652	41.3623	29.9257	165
Reject	505	LLLLTVLLAALFLLLSILILI	LLLLTVLLSALFLLLSILILI	263.506	269.045	43.6652	47.6458	29.9257	165
Reject	506	LLLLTVLLAALFLLLSILILI	LLLLTVLLAALLLLLSILILI	263.506	265.139	43.6652	43.2287	27.3786	165
Reject	507	LLLLTVLLAALFLLLSILILI	LLLLAVLLAALFLLLSILILI	263.506	266.329	43.6652	45.5917	27.3786	165
Reject	508	LLLLTVLLAALFLLLSILILI	LLLLTVLLAALFVLLSILILI	263.506	268.536	43.6652	50.8209	27.3786	165
Reject	509	LLLLTVLLAALFLLLSILILI	LLLLTVLLAALFLLLAILILI	263.506	273.252	43.6652	46.1885	27.3786	165
Reject	510	LLLLTVLLAALFLLLSILILI	LLLLTVLLAALFLLLSVLILI	263.506	265.849	43.6652	47.529	27.3786	165
Reject	511	LLLLTVLLAALFLLLSILILI	LLLLTVLLALLFLLLSILILI	263.506	266.183	43.6652	41.3623	27.3786	165
Reject	512	LLLLTVLLAALFLLLSILILI	LLLLTVLLSALFLLLSILILI	263.506	270.106	43.6652	47.6458	25.0484	165
Reject	513	LLLLTVLLAALFLLLSILILI	LLLLTVLLAVLFLLLSILILI	263.506	265.135	43.6652	44.4145	25.0484	165
Reject	514	LLLLTVLLAALFLLLSILILI	LLLLTVLLAALLLLLSILILI	263.506	265.139	43.6652	43.2287	25.0484	165
Reject	515	LLLLTVLLAALFLLLSILILI	LLLLTVLLAALFVLLSILILI	263.506	268.536	43.6652	50.8209	25.0484	165
Reject	516	LLLLTVLLAALFLLLSILILI	LLLLTVLLAALFLLLSLLILI	263.506	265.189	43.6652	44.4768	25.0484	165
Reject	517	LLLLTVLLAALFLLLSILILI	LLLLTVLLAALFVLLSILILI	263.506	268.536	43.6652	50.8209	25.0484	165
Reject	518	LLLLTVLLAALFLLLSILILI	LLLLVVLLAALFLLLSILILI	263.506	265.288	43.6652	43.9406	22.9165	165
Reject	519	LLLLTVLLAALFLLLSILILI	LLLLTVLLAALFLLLSLLILI	263.506	265.189	43.6652	44.4768	22.9165	165
Reject	520	LLLLTVLLAALFLLLSILILI	LLLLTVLLAALLLLLSILILI	263.506	265.139	43.6652	43.2287	22.9165	165
Reject	521	LLLLTVLLAALFLLLSILILI	LLLLTVLLSALFLLLSILILI	263.506	270.106	43.6652	47.6458	22.9165	165
Reject	522	LLLLTVLLAALFLLLSILILI	LLLLTLLLAALFLLLSILILI	263.506	265.621	43.6652	44.7165	22.9165	165
Reject	523	LLLLTVLLAALFLLLSILILI	LLLLTVLLSALFLLLSILILI	263.506	269.045	43.6652	47.6458	22.9165	165
Reject	524	LLLLTVLLAALFLLLSILILI	LLLLTVLLSALFLLLSILILI	263.506	270.106	43.6652	47.6458	20.966	165
Reject	525	LLLLTVLLAALFLLLSILILI	LLLLTVLLALLFLLLSILILI	263.506	264.813	43.6652	41.3623	20.966	165
Reject	526	LLLLTVLLAALFLLLSILILI	LLLLTVLLAALFLLLSLLILI	263.506	265.189	43.6652	44.4768	20.966	165
Reject	527	LLLLTVLLAALFLLLSILILI	LLLLTVLLSALFLLLSILILI	263.506	270.106	43.6652	47.6458	20.966	165
Reject	528	LLLLTVLLAALFLLLSILILI	LLLLTVLLALLFLLLSILILI	263.506	266.183	43.6652	41.3623	20.966	165
Reject	529	LLLLTVLLAALFLLLSILILI	LLLLTVLLALLFLLLSILILI	263.506	264.813	43.6652	41.3623	20.966	165
Reject	530	LLLLTVLLAALFLLLSILILI	LLLLTVLLAVLFLLLSILILI	263.506	265.135	43.6652	44.4145	19.1815	165
Reject	531	LLLLTVLLAALFLLLSILILI	LLLLTVLLAALFLLLSLLILI	263.506	263.943	43.6652	44.4768	19.1815	165
Reject	532	LLLLTVLLAALFLLLSILILI	LLLLTLLLAALFLLLSILILI	263.506	266.843	43.6652	44.7165	19.1815	165
Reject	533	LLLLTVLLAALFLLLSILILI	LLLLTVLLAALFLLLAILILI	263.506	273.252	43.6652	46.1885	19.1815	165
Reject	534	LLLLTVLLAALFLLLSILILI	LLLLTVLLALLFLLLSILILI	263.506	264.813	43.6652	41.3623	19.1815	165
Reject	535	LLLLTVLLAALFLLLSILILI	LLLLTVLLAALFLLLAILILI	263.506	272.001	43.6652	46.1885	19.1815	165
Reject	536	LLLLTVLLAALFLLLSILILI	LLLLTVLLSALFLLLSILILI	263.506	270.106	43.6652	47.6458	17.549	165
Reject	537	LLLLTVLLAALFLLLSILILI	LLLLAVLLAALFLLLSILILI	263.506	266.329	43.6652	45.5917	17.549	165
Reject	538	LLLLTVLLAALFLLLSILILI	LLLLTLLLAALFLLLSILILI	263.506	266.843	43.6652	44.7165	17.549	165
Reject	539	LLLLTVLLAALFLLLSILILI	LLLLTVLLAALLLLLSILILI	263.506	265.139	43.6652	43.2287	17.549	165
Reject	540	LLLLTVLLAALFLLLSILILI	LLLLTVLLALLFLLLSILILI	263.506	264.813	43.6652	41.3623	17.549	165
Reject	541	LLLLTVLLAALFLLLSILILI	LLLLAVLLAALFLLLSILILI	263.506	266.329	43.6652	45.5917	17.549	165
Reject	542	LLLLTVLLAALFLLLSILILI	LLLLTVLLAALLLLLSILILI	263.506	265.139	43.6652	43.2287	16.0553	165
Reject	543	LLLLTVLLAALFLLLSILILI	LLLLTVLLALLFLLLSILILI	263.506	264.813	43.6652	41.3623	16.0553	165
Reject	544	LLLLTVLLAALFLLLSILILI	LLLLTVLLAALLLLLSILILI	263.506	265.139	43.6652	43.2287	16.0553	165
Reject	545	LLLLTVLLAALFLLLSILILI	LLLLTVLLSALFLLLSILILI	263.506	270.106	43.6652	47.6458	16.0553	165
Reject	546	LLLLTVLLAALFLLLSILILI	LLLLTVLLAALFLLLAILILI	263.506	273.252	43.6652	46.1885	16.0553	165
Reject	547	LLLLTVLLAALFLLLSILILI	LLLLAVLLAALFLLLSILILI	263.506	266.329	43.6652	45.5917	16.0553	165
Reject	548	LLLLTVLLAALFLLLSILILI	LLLLTVLLAALLLLLSILILI	263.506	265.139	43.6652	43.2287	14.6888	165
Reject	549	LLLLTVLLAALFLLLSILILI	LLLLTVLLSALFLLLSILILI	263.506	269.045	43.6652	47.6458	14.6888	165
Reject	550	LLLLTVLLAALFLLLSILILI	LLLLTVLLAALFVLLSILILI	263.506	268.536	43.6652	50.8209	14.6888	165
Reject	551	LLLLTVLLAALFLLLSILILI	LLLLTVLLAALFLLLAILILI	263.506	273.252	43.6652	46.1885	14.6888	165
Reject	552	LLLLTVLLAALFLLLSILILI	LLLLAVLLAALFLLLSILILI	263.506	265.129	43.6652	45.5917	14.6888	165
Reject	553	LLLLTVLLAALFLLLSILILI	LLLLTVLLAALFVLLSILILI	263.506	268.536	43.6652	50.8209	14.6888	165
Reject	554	LLLLTVLLAALFLLLSILILI	LLLLTVLLAALLLLLSILILI	263.506	265.139	43.6652	43.2287	13.4386	165
Reject	555	LLLLTVLLAALFLLLSILILI	LLLLTVLLAVLFLLLSILILI	263.506	265.135	43.6652	44.4145	13.4386	165
Reject	556	LLLLTVLLAALFLLLSILILI	LLLLTVLLSALFLLLSILILI	263.506	270.106	43.6652	47.6458	13.4386	165
Reject	557	LLLLTVLLAALFLLLSILILI	LLLLTVLLALLFLLLSILILI	263.506	266.183	43.6652	41.3623	13.4386	165
Reject	558	LLLLTVLLAALFLLLSILILI	LLLLTLLLAALFLLLSILILI	263.506	265.621	43.6652	44.7165	13.4386	165
Reject	559	LLLLTVLLAALFLLLSILILI	LLLLTVLLAALFLLLSLLILI	263.506	265.189	43.6652	44.4768	13.4386	165
Reject	560	LLLLTVLLAALFLLLSILILI	LLLLTVLLAVLFLLLSILILI	263.506	266.434	43.6652	44.4145	12.2949	165
Reject	561	LLLLTVLLAALFLLLSILILI	LLLLTVLLSALFLLLSILILI	263.506	270.106	43.6652	47.6458	12.2949	165
Reject	562	LLLLTVLLAALFLLLSILILI	LLLLTVLLAALFVLLSILILI	263.506	268.536	43.6652	50.8209	12.2949	165
Reject	563	LLLLTVLLAALFLLLSILILI	LLLLTVLLAALFLLLAILILI	263.506	273.252	43.6652	46.1885	12.2949	165
Reject	564	LLLLTVLLAALFLLLSILILI	LLLLTVLLAALFLLLAILILI	263.506	272.001	43.6652	46.1885	12.2949	165
Reject	565	LLLLTVLLAALFLLLSILILI	LLLLTVLLAVLFLLLSILILI	263.506	265.135	43.6652	44.4145	12.2949	165
Reject	566	LLLLTVLLAALFLLLSILILI	LLLLAVLLAALFLLLSILILI	263.506	266.329	43.6652	45.5917	11.2484	165
Reject	567	LLLLTVLLAALFLLLSILILI	LLLLTVLLAALLLLLSILILI	263.506	265.139	43.6652	43.2287	11.2484	165
Reject	568	LLLLTVLLAALFLLLSILILI	LLLLTVLLAALFLLLAILILI	263.506	273.252	43.6652	46.1885	11.2484	165
Reject	569	LLLLTVLLAALFLLLSILILI	LLLLTVLLSALFLLLSILILI	263.506	269.045	43.6652	47.6458	11.2484	165
Reject	570	LLLLTVLLAALFLLLSILILI	LLLLTVLLAALFVLLSILILI	263.506	268.536	43.6652	50.8209	11.2484	165
Reject	571	LLLLTVLLAALFLLLSILILI	LLLLTVLLAALFVLLSILILI	263.506	268.536	43.6652	50.8209	11.2484	165
Reject	572	LLLLTVLLAALFLLLSILILI	LLLLTVLLAALFLLLSLLILI	263.506	263.943	43.6652	44.4768	10.291	165
Reject	573	LLLLTVLLAALFLLLSILILI	LLLLTVLLAALLLLLSILILI	263.506	265.139	43.6652	43.2287	10.291	165
Reject	574	LLLLTVLLAALFLLLSILILI	LLLLAVLLAALFLLLSILILI	263.506	265.129	43.6652	45.5917	10.291	165
Reject	575	LLLLTVLLAALFLLLSILILI	LLLLTVLLALLFLLLSILILI	263.506	264.813	43.6652	41.3623	10.291	165
Reject	576	LLLLTVLLAALFLLLSILILI	LLLLTVLLAALLLLLSILILI	263.506	265.139	43.6652	43.2287	10.291	165
Reject	577	LLLLTVLLAALFLLLSILILI	LLLLTLLLAALFLLLSILILI	263.506	266.843	43.6652	44.7165	10.291	165
Reject	578	LLLLTVLLAALFLLLSILILI	LLLLTLLLAALFLLLSILILI	263.506	265.621	43.6652	44.7165	9.41515	165
Reject	579	LLLLTVLLAALFLLLSILILI	LLLLTLLLAALFLLLSILILI	263.506	266.843	43.6652	44.7165	9.41515	165
Reject	580	LLLLTVLLAALFLLLSILILI	LLLLTVLLAALFVLLSILILI	263.506	268.536	43.6652	50.8209	9.41515	165
Reject	581	LLLLTVLLAALFLLLSILILI	LLLLTVLLSALFLLLSILILI	263.506	269.045	43.6652	47.6458	9.41515	165
Reject	582	LLLLTVLLAALFLLLSILILI	LLLLTLLLAALFLLLSILILI	263.506	265.621	43.6652	44.7165	9.41515	165
Reject	583	LLLLTVLLAALFLLLSILILI	LLLLTVLLAALLLLLSILILI	263.506	265.139	43.6652	43.2287	9.41515	165
Reject	584	LLLLTVLLAALFLLLSILILI	LLLLTVLLSALFLLLSILILI	263.506	269.045	43.6652	47.6458	8.61381	165
Reject	585	LLLLTVLLAALFLLLSILILI	LLLLTLLLAALFLLLSILILI	263.506	265.621	43.6652	44.7165	8.61381	165
Reject	586	LLLLTVLLAALFLLLSILILI	LLLLTVLLSALFLLLSILILI	263.506	270.106	43.6652	47.6458	8.61381	165
Reject	587	LLLLTVLLAALFLLLSILILI	LLLLTVLLAALFLLLAILILI	263.506	273.252	43.6652	46.1885	8.61381	165
Reject	588	LLLLTVLLAALFLLLSILILI	LLLLTVLLAALFLLLSLLILI	263.506	263.943	43.6652	44.4768	8.61381	165
Reject	589	LLLLTVLLAALFLLLSILILI	LLLLTLLLAALFLLLSILILI	263.506	265.621	43.6652	44.7165	8.61381	165
Reject	590	LLLLTVLLAALFLLLSILILI	LLLLTLLLAALFLLLSILILI	263.506	265.621	43.6652	44.7165	7.88067	165
Reject	591	LLLLTVLLAALFLLLSILILI	LLLLTLLLAALFLLLSILILI	263.506	266.844	43.6652	44.7165	7.88067	165
Reject	592	LLLLTVLLAALFLLLSILILI	LLLLAVLLAALFLLLSILILI	263.506	266.329	43.6652	45.5917	7.88067	165
Reject	593	LLLLTVLLAALFLLLSILILI	LLLLTVLLALLFLLLSILILI	263.506	266.183	43.6652	41.3623	7.88067	165
Reject	594	LLLLTVLLAALFLLLSILILI	LLLLTVLLAALLLLLSILILI	263.506	265.139	43.6652	43.2287	7.88067	165
Reject	595	LLLLTVLLAALFLLLSILILI	LLLLTVLLAALFLLLSLLILI	263.506	263.943	43.6652	44.4768	7.88067	165
Reject	596	LLLLTVLLAALFLLLSILILI	LLLLTVLLAALFLLLSLLILI	263.506	265.189	43.6652	44.4768	7.20993	165
Reject	597	LLLLTVLLAALFLLLSILILI	LLLLTVLLAALFLLLSLLILI	263.506	263.943	43.6652	44.4768	7.20993	165
Reject	598	LLLLTVLLAALFLLLSILILI	LLLLTLLLAALFLLLSILILI	263.506	265.621	43.6652	44.7165	7.20993	165
Reject	599	LLLLTVLLAALFLLLSILILI	LLLLTVLLAALFLLLSLLILI	263.506	263.943	43.6652	44.4768	7.20993	165
Reject	600	LLLLTVLLAALFLLLSILILI	LLLLTVLLAALFLLLSLLILI	263.506	263.943	43.6652	44.4768	7.20993	165
Reject	601	LLLLTVLLAALFLLLSILILI	LLLLTVLLAALLLLLSILILI	263.506	265.139	43.6652	43.2287	7.20993	165
Reject	602	LLLLTVLLAALFLLLSILILI	LLLLTVLLAALFVLLSILILI	263.506	268.536	43.6652	50.8209	6.59628	165
Reject	603	LLLLTVLLAALFLLLSILILI	LLLLAVLLAALFLLLSILILI	263.506	265.129	43.6652	45.5917	6.59628	165
Reject	604	LLLLTVLLAALFLLLSILILI	LLLLTVLLAALLLLLSILILI	263.506	265.139	43.6652	43.2287	6.59628	165
Reject	605	LLLLTVLLAALFLLLSILILI	LLLLTVLLAALFLLLAILILI	263.506	273.252	43.6652	46.1885	6.59628	165
Reject	606	LLLLTVLLAALFLLLSILILI	LLLLAVLLAALFLLLSILILI	263.506	265.129	43.6652	45.5917	6.59628	165
Reject	607	LLLLTVLLAALFLLLSILILI	LLLLTVLLAALFLLLAILILI	263.506	273.252	43.6652	46.1885	6.59628	165
Reject	608	LLLLTVLLAALFLLLSILILI	LLLLTVLLSALFLLLSILILI	263.506	269.045	43.6652	47.6458	6.03486	165
Reject	609	LLLLTVLLAALFLLLSILILI	LLLLTVLLAALLLLLSILILI	263.506	265.139	43.6652	43.2287	6.03486	165
Reject	610	LLLLTVLLAALFLLLSILILI	LLLLTLLLAALFLLLSILILI	263.506	265.621	43.6652	44.7165	6.03486	165
Reject	611	LLLLTVLLAALFLLLSILILI	LLLLTVLLAALFLLLAILILI	263.506	272.001	43.6652	46.1885	6.03486	165
Reject	612	LLLLTVLLAALFLLLSILILI	LLLLTVLLAALLLLLSILILI	263.506	265.139	43.6652	43.2287	6.03486	165
Reject	613	LLLLTVLLAALFLLLSILILI	LLLLTVLLAALFLLLSLLILI	263.506	263.943	43.6652	44.4768	6.03486	165
Reject	614	LLLLTVLLAALFLLLSILILI	LLLLTVLLALLFLLLSILILI	263.506	264.813	43.6652	41.3623	5.52122	165
Reject	615	LLLLTVLLAALFLLLSILILI	LLLLTVLLSALFLLLSILILI	263.506	270.106	43.6652	47.6458	5.52122	165
Reject	616	LLLLTVLLAALFLLLSILILI	LLLLTVLLALLFLLLSILILI	263.506	264.813	43.6652	41.3623	5.52122	165
Reject	617	LLLLTVLLAALFLLLSILILI	LLLLTVLLAALFVLLSILILI	263.506	268.536	43.6652	50.8209	5.52122	165
Reject	618	LLLLTVLLAALFLLLSILILI	LLLLTVLLSALFLLLSILILI	263.506	270.856	43.6652	47.6458	5.52122	165
Reject	619	LLLLTVLLAALFLLLSILILI	LLLLTVLLALLFLLLSILILI	263.506	264.813	43.6652	41.3623	5.52122	165
Reject	620	LLLLTVLLAALFLLLSILILI	LLLLAVLLAALFLLLSILILI	263.506	265.129	43.6652	45.5917	5.0513	165
Reject	621	LLLLTVLLAALFLLLSILILI	LLLLTVLLAALLLLLSILILI	263.506	265.139	43.6652	43.2287	5.0513	165
Reject	622	LLLLTVLLAALFLLLSILILI	LLLLTLLLAALFLLLSILILI	263.506	266.843	43.6652	44.7165	5.0513	165
Reject	623	LLLLTVLLAALFLLLSILILI	LLLLTVLLAVLFLLLSILILI	263.506	265.135	43.6652	44.4145	5.0513	165
Reject	624	LLLLTVLLAALFLLLSILILI	LLLLTVLLSALFLLLSILILI	263.506	269.045	43.6652	47.6458	5.0513	165
Reject	625	LLLLTVLLAALFLLLSILILI	LLLLVVLLAALFLLLSILILI	263.506	265.288	43.6652	43.9406	5.0513	165
Reject	626	LLLLTVLLAALFLLLSILILI	LLLLTVLLAALFVLLSILILI	263.506	268.536	43.6652	50.8209	4.62137	165
Reject	627	LLLLTVLLAALFLLLSILILI	LLLLAVLLAALFLLLSILILI	263.506	265.129	43.6652	45.5917	4.62137	165
Reject	628	LLLLTVLLAALFLLLSILILI	LLLLTVLLAALFLLLSLLILI	263.506	265.189	43.6652	44.4768	4.62137	165
Reject	629	LLLLTVLLAALFLLLSILILI	LLLLTLLLAALFLLLSILILI	263.506	266.843	43.6652	44.7165	4.62137	165
Reject	630	LLLLTVLLAALFLLLSILILI	LLLLTVLLAVLFLLLSILILI	263.506	265.135	43.6652	44.4145	4.62137	165
Reject	631	LLLLTVLLAALFLLLSILILI	LLLLTVLLAALFLLLAILILI	263.506	272.001	43.6652	46.1885	4.62137	165
Reject	632	LLLLTVLLAALFLLLSILILI	LLLLTVLLSALFLLLSILILI	263.506	270.106	43.6652	47.6458	4.22804	165
Reject	633	LLLLTVLLAALFLLLSILILI	LLLLAVLLAALFLLLSILILI	263.506	265.129	43.6652	45.5917	4.22804	165
Reject	634	LLLLTVLLAALFLLLSILILI	LLLLTVLLSALFLLLSILILI	263.506	270.856	43.6652	47.6458	4.22804	165
Reject	635	LLLLTVLLAALFLLLSILILI	LLLLTVLLALLFLLLSILILI	263.506	264.813	43.6652	41.3623	4.22804	165
Reject	636	LLLLTVLLAALFLLLSILILI	LLLLTVLLAALFVLLSILILI	263.506	268.536	43.6652	50.8209	4.22804	165
Reject	637	LLLLTVLLAALFLLLSILILI	LLLLTVLLAALFVLLSILILI	263.506	268.536	43.6652	50.8209	4.22804	165
Reject	638	LLLLTVLLAALFLLLSILILI	LLLLTVLLAALFLLLAILILI	263.506	272.001	43.6652	46.1885	3.86818	165
Reject	639	LLLLTVLLAALFLLLSILILI	LLLLTVLLSALFLLLSILILI	263.506	270.106	43.6652	47.6458	3.86818	165
Reject	640	LLLLTVLLAALFLLLSILILI	LLLLTVLLSALFLLLSILILI	263.506	270.106	43.6652	47.6458	3.86818	165
Reject	641	LLLLTVLLAALFLLLSILILI	LLLLTVLLAVLFLLLSILILI	263.506	265.135	43.6652	44.4145	3.86818	165
Reject	642	LLLLTVLLAALFLLLSILILI	LLLLTLLLAALFLLLSILILI	263.506	265.621	43.6652	44.7165	3.86818	165
Reject	643	LLLLTVLLAALFLLLSILILI	LLLLTLLLAALFLLLSILILI	263.506	266.843	43.6652	44.7165	3.86818	165
Reject	644	LLLLTVLLAALFLLLSILILI	LLLLVVLLAALFLLLSILILI	263.506	265.288	43.6652	43.9406	3.53895	165
Reject	645	LLLLTVLLAALFLLLSILILI	LLLLTVLLALLFLLLSILILI	263.506	264.813	43.6652	41.3623	3.53895	165
Reject	646	LLLLTVLLAALFLLLSILILI	LLLLTVLLAALLLLLSILILI	263.506	265.139	43.6652	43.2287	3.53895	165
Reject	647	LLLLTVLLAALFLLLSILILI	LLLLTLLLAALFLLLSILILI	263.506	266.843	43.6652	44.7165	3.53895	165
Reject	648	LLLLTVLLAALFLLLSILILI	LLLLTVLLSALFLLLSILILI	263.506	269.045	43.6652	47.6458	3.53895	165
Reject	649	LLLLTVLLAALFLLLSILILI	LLLLTVLLAALFVLLSILILI	263.506	268.536	43.6652	50.8209	3.53895	165
Reject	650	LLLLTVLLAALFLLLSILILI	LLLLTVLLSALFLLLSILILI	263.506	271.096	43.6652	47.6458	3.23775	165
Reject	651	LLLLTVLLAALFLLLSILILI	LLLLTVLLAALLLLLSILILI	263.506	265.139	43.6652	43.2287	3.23775	165
Reject	652	LLLLTVLLAALFLLLSILILI	LLLLTVLLSALFLLLSILILI	263.506	270.106	43.6652	47.6458	3.23775	165
Reject	653	LLLLTVLLAALFLLLSILILI	LLLLTLLLAALFLLLSILILI	263.506	266.843	43.6652	44.7165	3.23775	165
Reject	654	LLLLTVLLAALFLLLSILILI	LLLLTVLLALLFLLLSILILI	263.506	266.183	43.6652	41.3623	3.23775	165
Reject	655	LLLLTVLLAALFLLLSILILI	LLLLTVLLALLFLLLSILILI	263.506	264.813	43.6652	41.3623	3.23775	165
Reject	656	LLLLTVLLAALFLLLSILILI	LLLLTLLLAALFLLLSILILI	263.506	266.843	43.6652	44.7165	2.96218	165
Reject	657	LLLLTVLLAALFLLLSILILI	LLLLVVLLAALFLLLSILILI	263.506	265.288	43.6652	43.9406	2.96218	165
Reject	658	LLLLTVLLAALFLLLSILILI	LLLLAVLLAALFLLLSILILI	263.506	266.329	43.6652	45.5917	2.96218	165
Reject	659	LLLLTVLLAALFLLLSILILI	LLLLTLLLAALFLLLSILILI	263.506	265.621	43.6652	44.7165	2.96218	165
Reject	660	LLLLTVLLAALFLLLSILILI	LLLLVVLLAALFLLLSILILI	263.506	265.288	43.6652	43.9406	2.96218	165
Reject	661	LLLLTVLLAALFLLLSILILI	LLLLTVLLSALFLLLSILILI	263.506	270.106	43.6652	47.6458	2.96218	165
Reject	662	LLLLTVLLAALFLLLSILILI	LLLLTVLLAALFLLLAILILI	263.506	272.001	43.6652	46.1885	2.71006	165
Reject	663	LLLLTVLLAALFLLLSILILI	LLLLTVLLAALFLLLAILILI	263.506	272.001	43.6652	46.1885	2.71006	165
Reject	664	LLLLTVLLAALFLLLSILILI	LLLLTVLLALLFLLLSILILI	263.506	264.813	43.6652	41.3623	2.71006	165
Reject	665	LLLLTVLLAALFLLLSILILI	LLLLTVLLALLFLLLSILILI	263.506	266.183	43.6652	41.3623	2.71006	165
Reject	666	LLLLTVLLAALFLLLSILILI	LLLLTVLLAALFVLLSILILI	263.506	268.536	43.6652	50.8209	2.71006	165
Reject	667	LLLLTVLLAALFLLLSILILI	LLLLTLLLAALFLLLSILILI	263.506	265.621	43.6652	44.7165	2.71006	165
Reject	668	LLLLTVLLAALFLLLSILILI	LLLLTVLLAALFVLLSILILI	263.506	268.536	43.6652	50.8209	2.4794	165
Reject	669	LLLLTVLLAALFLLLSILILI	LLLLTVLLAALLLLLSILILI	263.506	265.139	43.6652	43.2287	2.4794	165
Reject	670	LLLLTVLLAALFLLLSILILI	LLLLTVLLALLFLLLSILILI	263.506	266.183	43.6652	41.3623	2.4794	165
Reject	671	LLLLTVLLAALFLLLSILILI	LLLLTLLLAALFLLLSILILI	263.506	265.621	43.6652	44.7165	2.4794	165
Reject	672	LLLLTVLLAALFLLLSILILI	LLLLTVLLAALFLLLSLLILI	263.506	263.943	43.6652	44.4768	2.4794	165
Reject	673	LLLLTVLLAALFLLLSILILI	LLLLTLLLAALFLLLSILILI	263.506	265.621	43.6652	44.7165	2.4794	165
Reject	674	LLLLTVLLAALFLLLSILILI	LLLLTVLLAALFLLLAILILI	263.506	272.001	43.6652	46.1885	2.26837	165
Reject	675	LLLLTVLLAALFLLLSILILI	LLLLTVLLALLFLLLSILILI	263.506	264.813	43.6652	41.3623	2.26837	165
Reject	676	LLLLTVLLAALFLLLSILILI	LLLLTLLLAALFLLLSILILI	263.506	266.843	43.6652	44.7165	2.26837	165
Reject	677	LLLLTVLLAALFLLLSILILI	LLLLAVLLAALFLLLSILILI	263.506	266.329	43.6652	45.5917	2.26837	165
Reject	678	LLLLTVLLAALFLLLSILILI	LLLLTVLLAALFLLLSLLILI	263.506	263.943	43.6652	44.4768	2.26837	165
Reject	679	LLLLTVLLAALFLLLSILILI	LLLLTVLLSALFLLLSILILI	263.506	269.045	43.6652	47.6458	2.26837	165
Reject	680	LLLLTVLLAALFLLLSILILI	LLLLTVLLAALFLLLAILILI	263.506	273.252	43.6652	46.1885	2.07531	165
Reject	681	LLLLTVLLAALFLLLSILILI	LLLLTVLLAALFVLLSILILI	263.506	268.536	43.6652	50.8209	2.07531	165
Reject	682	LLLLTVLLAALFLLLSILILI	LLLLTLLLAALFLLLSILILI	263.506	266.843	43.6652	44.7165	2.07531	165
Reject	683	LLLLTVLLAALFLLLSILILI	LLLLTLLLAALFLLLSILILI	263.506	266.843	43.6652	44.7165	2.07531	165
Reject	684	LLLLTVLLAALFLLLSILILI	LLLLTVLLAALFLLLAILILI	263.506	272.001	43.6652	46.1885	2.07531	165
Reject	685	LLLLTVLLAALFLLLSILILI	LLLLAVLLAALFLLLSILILI	263.506	265.129	43.6652	45.5917	2.07531	165
Reject	686	LLLLTVLLAALFLLLSILILI	LLLLTVLLAALLLLLSILILI	263.506	265.139	43.6652	43.2287	1.89867	165
Reject	687	LLLLTVLLAALFLLLSILILI	LLLLTVLLAALFLLLSLLILI	263.506	265.189	43.6652	44.4768	1.89867	165
Reject	688	LLLLTVLLAALFLLLSILILI	LLLLVVLLAALFLLLSILILI	263.506	265.288	43.6652	43.9406	1.89867	165
Reject	689	LLLLTVLLAALFLLLSILILI	LLLLTVLLAALFLLLAILILI	263.506	272.001	43.6652	46.1885	1.89867	165
Reject	690	LLLLTVLLAALFLLLSILILI	LLLLTVLLALLFLLLSILILI	263.506	266.183	43.6652	41.3623	1.89867	165
Reject	691	LLLLTVLLAALFLLLSILILI	LLLLTVLLAALFVLLSILILI	263.506	268.536	43.6652	50.8209	1.89867	165
Reject	692	LLLLTVLLAALFLLLSILILI	LLLLTLLLAALFLLLSILILI	263.506	265.621	43.6652	44.7165	1.73707	165
Reject	693	LLLLTVLLAALFLLLSILILI	LLLLTVLLAALFVLLSILILI	263.506	268.536	43.6652	50.8209	1.73707	165
Reject	694	LLLLTVLLAALFLLLSILILI	LLLLTVLLAALLLLLSILILI	263.506	265.139	43.6652	43.2287	1.73707	165
Reject	695	LLLLTVLLAALFLLLSILILI	LLLLAVLLAALFLLLSILILI	263.506	265.129	43.6652	45.5917	1.73707	165
Reject	696	LLLLTVLLAALFLLLSILILI	LLLLVVLLAALFLLLSILILI	263.506	265.288	43.6652	43.9406	1.73707	165
Reject	697	LLLLTVLLAALFLLLSILILI	LLLLTLLLAALFLLLSILILI	263.506	266.844	43.6652	44.7165	1.73707	165
Reject	698	LLLLTVLLAALFLLLSILILI	LLLLAVLLAALFLLLSILILI	263.506	265.129	43.6652	45.5917	1.58923	165
Reject	699	LLLLTVLLAALFLLLSILILI	LLLLTLLLAALFLLLSILILI	263.506	265.621	43.6652	44.7165	1.58923	165
Reject	700	LLLLTVLLAALFLLLSILILI	LLLLTVLLAALFVLLSILILI	263.506	268.536	43.6652	50.8209	1.58923	165
Reject	701	LLLLTVLLAALFLLLSILILI	LLLLTLLLAALFLLLSILILI	263.506	266.844	43.6652	44.7165	1.58923	165
Reject	702	LLLLTVLLAALFLLLSILILI	LLLLTVLLAALFLLLSLLILI	263.506	263.943	43.6652	44.4768	1.58923	165
Reject	703	LLLLTVLLAALFLLLSILILI	LLLLTVLLAALFVLLSILILI	263.506	268.536	43.6652	50.8209	1.58923	165
Reject	704	LLLLTVLLAALFLLLSILILI	LLLLTVLLSALFLLLSILILI	263.506	269.045	43.6652	47.6458	1.45397	165
Reject	705	LLLLTVLLAALFLLLSILILI	LLLLVVLLAALFLLLSILILI	263.506	265.288	43.6652	43.9406	1.45397	165
Reject	706	LLLLTVLLAALFLLLSILILI	LLLLAVLLAALFLLLSILILI	263.506	266.329	43.6652	45.5917	1.45397	165
Reject	707	LLLLTVLLAALFLLLSILILI	LLLLTVLLALLFLLLSILILI	263.506	264.813	43.6652	41.3623	1.45397	165
Reject	708	LLLLTVLLAALFLLLSILILI	LLLLTVLLSALFLLLSILILI	263.506	269.045	43.6652	47.6458	1.45397	165
Reject	709	LLLLTVLLAALFLLLSILILI	LLLLTVLLAALLLLLSILILI	263.506	265.139	43.6652	43.2287	1.45397	165
Reject	710	LLLLTVLLAALFLLLSILILI	LLLLTLLLAALFLLLSILILI	263.506	266.843	43.6652	44.7165	1.33022	165
Reject	711	LLLLTVLLAALFLLLSILILI	LLLLTVLLAALFVLLSILILI	263.506	268.536	43.6652	50.8209	1.33022	165
Reject	712	LLLLTVLLAALFLLLSILILI	LLLLTLLLAALFLLLSILILI	263.506	266.844	43.6652	44.7165	1.33022	165
Reject	713	LLLLTVLLAALFLLLSILILI	LLLLTVLLAALFVLLSILILI	263.506	268.536	43.6652	50.8209	1.33022	165
Reject	714	LLLLTVLLAALFLLLSILILI	LLLLTVLLAALFLLLSLLILI	263.506	263.943	43.6652	44.4768	1.33022	165
Reject	715	LLLLTVLLAALFLLLSILILI	LLLLTVLLSALFLLLSILILI	263.506	270.106	43.6652	47.6458	1.33022	165
Reject	716	LLLLTVLLAALFLLLSILILI	LLLLAVLLAALFLLLSILILI	263.506	266.329	43.6652	45.5917	1.217	165
Reject	717	LLLLTVLLAALFLLLSILILI	LLLLTVLLSALFLLLSILILI	263.506	269.045	43.6652	47.6458	1.217	165
Reject	718	LLLLTVLLAALFLLLSILILI	LLLLTVLLAALFLLLAILILI	263.506	273.252	43.6652	46.1885	1.217	165
Reject	719	LLLLTVLLAALFLLLSILILI	LLLLTLLLAALFLLLSILILI	263.506	266.843	43.6652	44.7165	1.217	165
Reject	720	LLLLTVLLAALFLLLSILILI	LLLLTVLLALLFLLLSILILI	263.506	264.813	43.6652	41.3623	1.217	165
Reject	721	LLLLTVLLAALFLLLSILILI	LLLLTLLLAALFLLLSILILI	263.506	265.621	43.6652	44.7165	1.217	165
Reject	722	LLLLTVLLAALFLLLSILILI	LLLLTVLLAALFLLLSLLILI	263.506	263.943	43.6652	44.4768	1.11342	165
Reject	723	LLLLTVLLAALFLLLSILILI	LLLLTVLLAALFLLLSLLILI	263.506	265.189	43.6652	44.4768	1.11342	165
Reject	724	LLLLTVLLAALFLLLSILILI	LLLLTVLLAALFVLLSILILI	263.506	268.536	43.6652	50.8209	1.11342	165
Reject	725	LLLLTVLLAALFLLLSILILI	LLLLTLLLAALFLLLSILILI	263.506	265.621	43.6652	44.7165	1.11342	165
Reject	726	LLLLTVLLAALFLLLSILILI	LLLLTVLLAALLLLLSILILI	263.506	265.139	43.6652	43.2287	1.11342	165
Reject	727	LLLLTVLLAALFLLLSILILI	LLLLTVLLAALFLLLSLLILI	263.506	265.189	43.6652	44.4768	1.11342	165
Reject	728	LLLLTVLLAALFLLLSILILI	LLLLTVLLSALFLLLSILILI	263.506	269.045	43.6652	47.6458	1.01865	165
Reject	729	LLLLTVLLAALFLLLSILILI	LLLLTVLLAALFLLLAILILI	263.506	273.252	43.6652	46.1885	1.01865	165
Reject	730	LLLLTVLLAALFLLLSILILI	LLLLTVLLSALFLLLSILILI	263.506	270.106	43.6652	47.6458	1.01865	165
Reject	731	LLLLTVLLAALFLLLSILILI	LLLLAVLLAALFLLLSILILI	263.506	265.129	43.6652	45.5917	1.01865	165
Reject	732	LLLLTVLLAALFLLLSILILI	LLLLTVLLAALFVLLSILILI	263.506	268.536	43.6652	50.8209	1.01865	165
Reject	733	LLLLTVLLAALFLLLSILILI	LLLLTVLLALLFLLLSILILI	263.506	266.183	43.6652	41.3623	1.01865	165
Reject	734	LLLLTVLLAALFLLLSILILI	LLLLVVLLAALFLLLSILILI	263.506	265.288	43.6652	43.9406	0.931954	165
Reject	735	LLLLTVLLAALFLLLSILILI	LLLLTVLLAALFLLLSLLILI	263.506	265.189	43.6652	44.4768	0.931954	165
Reject	736	LLLLTVLLAALFLLLSILILI	LLLLTVLLAALFLLLAILILI	263.506	272.001	43.6652	46.1885	0.931954	165
Reject	737	LLLLTVLLAALFLLLSILILI	LLLLTVLLAALFVLLSILILI	263.506	268.536	43.6652	50.8209	0.931954	165
Reject	738	LLLLTVLLAALFLLLSILILI	LLLLTVLLSALFLLLSILILI	263.506	270.106	43.6652	47.6458	0.931954	165
Reject	739	LLLLTVLLAALFLLLSILILI	LLLLTLLLAALFLLLSILILI	263.506	266.844	43.6652	44.7165	0.931954	165
Reject	740	LLLLTVLLAALFLLLSILILI	LLLLTLLLAALFLLLSILILI	263.506	265.621	43.6652	44.7165	0.852633	165
Reject	741	LLLLTVLLAALFLLLSILILI	LLLLTVLLAALLLLLSILILI	263.506	265.139	43.6652	43.2287	0.852633	165
Reject	742	LLLLTVLLAALFLLLSILILI	LLLLTVLLALLFLLLSILILI	263.506	264.813	43.6652	41.3623	0.852633	165
Reject	743	LLLLTVLLAALFLLLSILILI	LLLLAVLLAALFLLLSILILI	263.506	266.329	43.6652	45.5917	0.852633	165
Reject	744	LLLLTVLLAALFLLLSILILI	LLLLTVLLAALFLLLSLLILI	263.506	263.943	43.6652	44.4768	0.852633	165
Reject	745	LLLLTVLLAALFLLLSILILI	LLLLAVLLAALFLLLSILILI	263.506	266.329	43.6652	45.5917	0.852633	165
Reject	746	LLLLTVLLAALFLLLSILILI	LLLLTLLLAALFLLLSILILI	263.506	266.843	43.6652	44.7165	0.780064	165
Reject	747	LLLLTVLLAALFLLLSILILI	LLLLTVLLAALLLLLSILILI	263.506	265.139	43.6652	43.2287	0.780064	165
Reject	748	LLLLTVLLAALFLLLSILILI	LLLLTVLLAALLLLLSILILI	263.506	265.139	43.6652	43.2287	0.780064	165
Reject	749	LLLLTVLLAALFLLLSILILI	LLLLTVLLSALFLLLSILILI	263.506	269.045	43.6652	47.6458	0.780064	165
Reject	750	LLLLTVLLAALFLLLSILILI	LLLLTVLLAALFLLLSLLILI	263.506	265.189	43.6652	44.4768	0.780064	165
Reject	751	LLLLTVLLAALFLLLSILILI	LLLLTLLLAALFLLLSILILI	263.506	265.621	43.6652	44.7165	0.780064	165
Reject	752	LLLLTVLLAALFLLLSILILI	LLLLTVLLAALLLLLSILILI	263.506	265.139	43.6652	43.2287	0.713671	165
Reject	753	LLLLTVLLAALFLLLSILILI	LLLLTVLLAVLFLLLSILILI	263.506	266.434	43.6652	44.4145	0.713671	165
Reject	754	LLLLTVLLAALFLLLSILILI	LLLLTVLLAALFLLLSLLILI	263.506	265.189	43.6652	44.4768	0.713671	165
Reject	755	LLLLTVLLAALFLLLSILILI	LLLLTVLLAALFLLLAILILI	263.506	272.001	43.6652	46.1885	0.713671	165
Reject	756	LLLLTVLLAALFLLLSILILI	LLLLTVLLSALFLLLSILILI	263.506	270.106	43.6652	47.6458	0.713671	165
Reject	757	LLLLTVLLAALFLLLSILILI	LLLLTVLLAALFLLLAILILI	263.506	273.252	43.6652	46.1885	0.713671	165
Reject	758	LLLLTVLLAALFLLLSILILI	LLLLTVLLAALFLLLSLLILI	263.506	263.943	43.6652	44.4768	0.652929	165
Reject	759	LLLLTVLLAALFLLLSILILI	LLLLTVLLAALFVLLSILILI	263.506	268.536	43.6652	50.8209	0.652929	165
Reject	760	LLLLTVLLAALFLLLSILILI	LLLLTVLLAVLFLLLSILILI	263.506	265.135	43.6652	44.4145	0.652929	165
Reject	761	LLLLTVLLAALFLLLSILILI	LLLLTVLLAALFVLLSILILI	263.506	268.536	43.6652	50.8209	0.652929	165
Reject	762	LLLLTVLLAALFLLLSILILI	LLLLTLLLAALFLLLSILILI	263.506	266.843	43.6652	44.7165	0.652929	165
Reject	763	LLLLTVLLAALFLLLSILILI	LLLLAVLLAALFLLLSILILI	263.506	265.129	43.6652	45.5917	0.652929	165
Reject	764	LLLLTVLLAALFLLLSILILI	LLLLTVLLAALFLLLAILILI	263.506	272.001	43.6652	46.1885	0.597357	165
Reject	765	LLLLTVLLAALFLLLSILILI	LLLLAVLLAALFLLLSILILI	263.506	266.329	43.6652	45.5917	0.597357	165
Reject	766	LLLLTVLLAALFLLLSILILI	LLLLAVLLAALFLLLSILILI	263.506	265.129	43.6652	45.5917	0.597357	165
Reject	767	LLLLTVLLAALFLLLSILILI	LLLLTVLLAALLLLLSILILI	263.506	265.139	43.6652	43.2287	0.597357	165
Reject	768	LLLLTVLLAALFLLLSILILI	LLLLTVLLALLFLLLSILILI	263.506	266.183	43.6652	41.3623	0.597357	165
Reject	769	LLLLTVLLAALFLLLSILILI	LLLLTVLLAALLLLLSILILI	263.506	265.139	43.6652	43.2287	0.597357	165
Reject	770	LLLLTVLLAALFLLLSILILI	LLLLVVLLAALFLLLSILILI	263.506	265.288	43.6652	43.9406	0.546515	165
Reject	771	LLLLTVLLAALFLLLSILILI	LLLLTVLLAALFVLLSILILI	263.506	268.536	43.6652	50.8209	0.546515	165
Reject	772	LLLLTVLLAALFLLLSILILI	LLLLVVLLAALFLLLSILILI	263.506	265.288	43.6652	43.9406	0.546515	165
Reject	773	LLLLTVLLAALFLLLSILILI	LLLLTVLLAALFLLLAILILI	263.506	272.001	43.6652	46.1885	0.546515	165
Reject	774	LLLLTVLLAALFLLLSILILI	LLLLTVLLAALLLLLSILILI	263.506	265.139	43.6652	43.2287	0.546515	165
Reject	775	LLLLTVLLAALFLLLSILILI	LLLLTLLLAALFLLLSILILI	263.506	265.621	43.6652	44.7165	0.546515	165
Time: 127s
