Accept/Reject	Cycle	PrevSequence	CurrSequence	PrevEnergy	CurrEnergy	PrevEntropy	CurrEntropy	CurrentTemp	Accepts
Accept	0	LLLLAVLLAALFVLLSALILI	LLLLAVLLASLFVLLSALILI	293.719	295.616	59.9653	59.8424	5000	1
Accept	1	LLLLAVLLASLFVLLSALILI	LLLLAVLLASLFVLLLALILI	295.616	294.361	59.8424	49.4555	4996.64	2
Accept	2	LLLLAVLLASLFVLLLALILI	LLLLAVLLASLFVLLLILILI	294.361	292.07	49.4555	43.9406	4992.38	3
Accept	3	LLLLAVLLASLFVLLLILILI	LLLLALLLASLFVLLLILILI	292.07	289.936	43.9406	40.8884	4986.97	4
Accept	4	LLLLALLLASLFVLLLILILI	LLLLLLLLASLFVLLLILILI	289.936	305.182	40.8884	40.9858	4980.11	5
Accept	5	LLLLLLLLASLFVLLLILILI	LLLLLLLLSSLFVLLLILILI	305.182	314.468	40.9858	49.0698	4971.41	6
Accept	6	LLLLLLLLSSLFVLLLILILI	LLLLLLLLASLFVLLLILILI	314.468	305.182	49.0698	40.9858	4960.4	7
Accept	7	LLLLLLLLASLFVLLLILILI	LLLLLLLLAILFVLLLILILI	305.182	306.919	40.9858	42.0977	4946.48	8
Accept	8	LLLLLLLLAILFVLLLILILI	LLLLVLLLAILFVLLLILILI	306.919	295.493	42.0977	42.7495	4928.89	9
Accept	9	LLLLVLLLAILFVLLLILILI	LLLLVLLLAILFTLLLILILI	295.493	296.725	42.7495	42.4742	4906.7	10
Reject	10	LLLLVLLLAILFTLLLILILI	LLLLVYLLAILFTLLLILILI	296.725	309.65	42.4742	47.0141	4878.79	10
Accept	11	LLLLVLLLAILFTLLLILILI	LLLLTLLLAILFTLLLILILI	296.725	304.691	42.4742	50.4056	4878.79	11
Accept	12	LLLLTLLLAILFTLLLILILI	LLLLALLLAILFTLLLILILI	304.691	298.252	50.4056	45.8283	4843.76	12
Accept	13	LLLLALLLAILFTLLLILILI	LLLLAVLLAILFTLLLILILI	298.252	295.84	45.8283	44.7771	4799.94	13
Reject	14	LLLLAVLLAILFTLLLILILI	LLLLAYLLAILFTLLLILILI	295.84	304.297	44.7771	50.3683	4745.37	13
Accept	15	LLLLAVLLAILFTLLLILILI	LLLLAVLLAILFTLLSILILI	295.84	293.191	44.7771	51.0606	4745.37	14
Accept	16	LLLLAVLLAILFTLLSILILI	LLLLAVLLAILFTLLLILILI	293.191	295.84	51.0606	44.7771	4677.76	15
Accept	17	LLLLAVLLAILFTLLLILILI	LLLLAVLLATLFTLLLILILI	295.84	298.535	44.7771	48.3654	4594.53	16
Reject	18	LLLLAVLLATLFTLLLILILI	LLLLAVLLATLFTLLWILILI	298.535	314.355	48.3654	60.3218	4492.9	16
Accept	19	LLLLAVLLATLFTLLLILILI	LLLLAVLLATLLTLLLILILI	298.535	300.179	48.3654	47.9289	4492.9	17
Accept	20	LLLLAVLLATLLTLLLILILI	LLLLAVLLATLLLLLLILILI	300.179	294.816	47.9289	43.449	4370	18
Accept	21	LLLLAVLLATLLLLLLILILI	LLLLAVLLATLYLLLLILILI	294.816	297.48	43.449	45.5886	4223.12	19
Accept	22	LLLLAVLLATLYLLLLILILI	LLLLAVLLSTLYLLLLILILI	297.48	298.032	45.5886	45.4657	4050.03	20
Accept	23	LLLLAVLLSTLYLLLLILILI	LLLLAVLLSTLYLLLSILILI	298.032	295.789	45.4657	51.7492	3849.41	21
Accept	24	LLLLAVLLSTLYLLLSILILI	LLLLAVLLATLYLLLSILILI	295.789	290.709	51.7492	47.7687	3621.29	22
Accept	25	LLLLAVLLATLYLLLSILILI	LLLLAVLLATLYLLLSFLILI	290.709	289.637	47.7687	49.0167	3367.49	23
Reject	26	LLLLAVLLATLYLLLSFLILI	LLLLTVLLATLYLLLSFLILI	289.637	294.944	49.0167	53.594	3091.86	23
Accept	27	LLLLAVLLATLYLLLSFLILI	LLLLAVLLALLYLLLSFLILI	289.637	287.585	49.0167	46.2399	3091.86	24
Accept	28	LLLLAVLLALLYLLLSFLILI	LLLLAVLLALLYLLLTFLILI	287.585	296.988	46.2399	46.8367	2800.27	25
Accept	29	LLLLAVLLALLYLLLTFLILI	LLLLAVLLALLFLLLTFLILI	296.988	299.135	46.8367	46.8367	2500.25	26
Accept	30	LLLLAVLLALLFLLLTFLILI	LLLLAVLLALLYLLLTFLILI	299.135	296.573	46.8367	46.8367	2200.23	27
Accept	31	LLLLAVLLALLYLLLTFLILI	LLLLAVLLALLYSLLTFLILI	296.573	299.294	46.8367	49.0167	1908.64	28
Reject	32	LLLLAVLLALLYSLLTFLILI	LLLLAVLLALLYSLLTILILI	299.294	300.206	49.0167	47.7687	1633.01	28
Reject	33	LLLLAVLLALLYSLLTFLILI	LLLLAVLLAVLYSLLTFLILI	299.294	303.583	49.0167	56.1724	1633.01	28
Accept	34	LLLLAVLLALLYSLLTFLILI	LLLLVVLLALLYSLLTFLILI	299.294	301.685	49.0167	49.766	1633.01	29
Reject	35	LLLLVVLLALLYSLLTFLILI	LLLLVVLLAILYSLLTFLILI	301.685	304.578	49.766	53.0579	1379.21	29
Accept	36	LLLLVVLLALLYSLLTFLILI	LLLLVVLLALLYSLLSFLILI	301.685	296.847	49.766	53.2727	1379.21	30
Accept	37	LLLLVVLLALLYSLLSFLILI	LLLLTVLLALLYSLLSFLILI	296.847	295.674	53.2727	52.9973	1151.09	31
Accept	38	LLLLTVLLALLYSLLSFLILI	LLLLTVLLALLYSLLLFLILI	295.674	298.212	52.9973	46.7138	950.467	32
Accept	39	LLLLTVLLALLYSLLLFLILI	LLLLTVLLALLLSLLLFLILI	298.212	294.215	46.7138	44.5741	777.379	33
Accept	40	LLLLTVLLALLLSLLLFLILI	LLLLAVLLALLLSLLLFLILI	294.215	292.961	44.5741	44.1003	630.498	34
Reject	41	LLLLAVLLALLLSLLLFLILI	LLLLAVLLALLLSLLLILILI	292.961	294.158	44.1003	42.8522	507.596	34
Reject	42	LLLLAVLLALLLSLLLFLILI	LLLLAVLLSLLLSLLLFLILI	292.961	298.489	44.1003	48.0808	507.596	34
Reject	43	LLLLAVLLALLLSLLLFLILI	LLLLAVLLALLLSLLLILILI	292.961	294.158	44.1003	42.8522	507.596	34
Accept	44	LLLLAVLLALLLSLLLFLILI	LLLLAVLLAILLSLLLFLILI	292.961	289.332	44.1003	40.8884	507.596	35
Reject	45	LLLLAVLLAILLSLLLFLILI	LLLLAVLLAVLLSLLLFLILI	289.332	290.718	40.8884	44.7521	405.965	35
Reject	46	LLLLAVLLAILLSLLLFLILI	LLLLAVLLAALLSLLLFLILI	289.332	291.618	40.8884	46.4033	405.965	35
Accept	47	LLLLAVLLAILLSLLLFLILI	LLLLAVLLAVLLSLLLFLILI	289.332	290.718	40.8884	44.7521	405.965	36
Accept	48	LLLLAVLLAVLLSLLLFLILI	LLLLAILLAVLLSLLLFLILI	290.718	288.529	44.7521	40.8884	322.739	37
Reject	49	LLLLAILLAVLLSLLLFLILI	LLLLTILLAVLLSLLLFLILI	288.529	289.522	40.8884	41.3623	255.126	37
Reject	50	LLLLAILLAVLLSLLLFLILI	LLLLAVLLAVLLSLLLFLILI	288.529	290.718	40.8884	44.7521	255.126	37
Reject	51	LLLLAILLAVLLSLLLFLILI	LLLLAVLLAVLLSLLLFLILI	288.529	290.718	40.8884	44.7521	255.126	37
Reject	52	LLLLAILLAVLLSLLLFLILI	LLLLAILLSVLLSLLLFLILI	288.529	294.151	40.8884	44.8689	255.126	37
Reject	53	LLLLAILLAVLLSLLLFLILI	LLLLAILLAVLTSLLLFLILI	288.529	294.263	40.8884	43.6652	255.126	37
Reject	54	LLLLAILLAVLLSLLLFLILI	LLLLAILLAALLSLLLFLILI	288.529	293.406	40.8884	46.643	255.126	37
Reject	55	LLLLAILLAVLLSLLLFLILI	LLLLAILLAVLLSLLLTLILI	288.529	292.411	40.8884	43.2287	200.555	37
Reject	56	LLLLAILLAVLLSLLLFLILI	LLLLAILLAVLLALLLFLILI	288.529	289.552	40.8884	43.4117	200.555	37
Reject	57	LLLLAILLAVLLSLLLFLILI	LLLLAVLLAVLLSLLLFLILI	288.529	290.718	40.8884	44.7521	200.555	37
Reject	58	LLLLAILLAVLLSLLLFLILI	LLLLAVLLAVLLSLLLFLILI	288.529	290.718	40.8884	44.7521	200.555	37
Reject	59	LLLLAILLAVLLSLLLFLILI	LLLLTILLAVLLSLLLFLILI	288.529	289.522	40.8884	41.3623	200.555	37
Accept	60	LLLLAILLAVLLSLLLFLILI	LLLLAILLAVLLSLLSFLILI	288.529	286.29	40.8884	47.1719	200.555	38
Reject	61	LLLLAILLAVLLSLLSFLILI	LLLLAILLAVLLSLLSLLILI	286.29	288.058	47.1719	46.7353	156.74	38
Reject	62	LLLLAILLAVLLSLLSFLILI	LLLLAILLAVLLSLLSLLILI	286.29	288.058	47.1719	46.7353	156.74	38
Reject	63	LLLLAILLAVLLSLLSFLILI	LLLLTILLAVLLSLLSFLILI	286.29	287.281	47.1719	47.6458	156.74	38
Reject	64	LLLLAILLAVLLSLLSFLILI	LLLLAILLSVLLSLLSFLILI	286.29	294.308	47.1719	53.5528	156.74	38
Reject	65	LLLLAILLAVLLSLLSFLILI	LLLLAILLAVLLSLLSLLILI	286.29	288.058	47.1719	46.7353	156.74	38
Reject	66	LLLLAILLAVLLSLLSFLILI	LLLLTILLAVLLSLLSFLILI	286.29	287.281	47.1719	47.6458	156.74	38
Reject	67	LLLLAILLAVLLSLLSFLILI	LLLLAILLALLLSLLSFLILI	286.29	290.161	47.1719	48.2231	121.709	38
Reject	68	LLLLAILLAVLLSLLSFLILI	LLLLAILLAVLLSLLLFLILI	286.29	288.529	47.1719	40.8884	121.709	38
Reject	69	LLLLAILLAVLLSLLSFLILI	LLLLAILLAVLLSLLLFLILI	286.29	288.529	47.1719	40.8884	121.709	38
Accept	70	LLLLAILLAVLLSLLSFLILI	LLLLALLLAVLLSLLSFLILI	286.29	286.584	47.1719	47.9834	121.709	39
Reject	71	LLLLALLLAVLLSLLSFLILI	LLLLALLLAVLLSLLLFLILI	286.584	291.218	47.9834	44.1003	93.7957	39
Reject	72	LLLLALLLAVLLSLLSFLILI	LLLLTLLLAVLLSLLSFLILI	286.584	288.952	47.9834	48.4573	93.7957	39
Accept	73	LLLLALLLAVLLSLLSFLILI	LLLLAILLAVLLSLLSFLILI	286.584	286.29	47.9834	47.1719	93.7957	40
Reject	74	LLLLAILLAVLLSLLSFLILI	LLLLAILLAVLLSLLLFLILI	286.29	288.529	47.1719	40.8884	71.6133	40
Reject	75	LLLLAILLAVLLSLLSFLILI	LLLLALLLAVLLSLLSFLILI	286.29	286.584	47.1719	47.9834	71.6133	40
Reject	76	LLLLAILLAVLLSLLSFLILI	LLLLAILLAVLLSLLLFLILI	286.29	288.529	47.1719	40.8884	71.6133	40
Reject	77	LLLLAILLAVLLSLLSFLILI	LLLLAILLAVLTSLLSFLILI	286.29	295.74	47.1719	54.0522	71.6133	40
Reject	78	LLLLAILLAVLLSLLSFLILI	LLLLAILLALLLSLLSFLILI	286.29	290.161	47.1719	48.2231	71.6133	40
Reject	79	LLLLAILLAVLLSLLSFLILI	LLLLTILLAVLLSLLSFLILI	286.29	287.281	47.1719	47.6458	71.6133	40
Reject	80	LLLLAILLAVLLSLLSFLILI	LLLLAILLAVLTSLLSFLILI	286.29	295.74	47.1719	54.0522	54.0228	40
Accept	81	LLLLAILLAVLLSLLSFLILI	LLLLAILLAVLLALLSFLILI	286.29	283.467	47.1719	45.5917	54.0228	41
Reject	82	LLLLAILLAVLLALLSFLILI	LLLLAILLAVLLALLSLLILI	283.467	284.809	45.5917	45.1552	40.0975	41
Accept	83	LLLLAILLAVLLALLSFLILI	LLLLTILLAVLLALLSFLILI	283.467	282.058	45.5917	43.6652	40.0975	42
Reject	84	LLLLTILLAVLLALLSFLILI	LLLLTLLLAVLLALLSFLILI	282.058	283.727	43.6652	44.4768	29.0883	42
Reject	85	LLLLTILLAVLLALLSFLILI	LLLLTILLAVLLALLSLLILI	282.058	283.4	43.6652	43.2287	29.0883	42
Reject	86	LLLLTILLAVLLALLSFLILI	LLLLTILLSVLLALLSFLILI	282.058	287.524	43.6652	47.6458	29.0883	42
Reject	87	LLLLTILLAVLLALLSFLILI	LLLLTLLLAVLLALLSFLILI	282.058	283.727	43.6652	44.4768	29.0883	42
Reject	88	LLLLTILLAVLLALLSFLILI	LLLLVILLAVLLALLSFLILI	282.058	283.304	43.6652	43.9406	29.0883	42
Reject	89	LLLLTILLAVLLALLSFLILI	LLLLTILLAVLLLLLSFLILI	282.058	286.745	43.6652	41.3623	29.0883	42
Reject	90	LLLLTILLAVLLALLSFLILI	LLLLTILLAVLLALLLFLILI	282.058	288.145	43.6652	41.4852	20.3938	42
Reject	91	LLLLTILLAVLLALLSFLILI	LLLLTILLAVLLALLLFLILI	282.058	288.145	43.6652	41.4852	20.3938	42
Reject	92	LLLLTILLAVLLALLSFLILI	LLLLTILLALLLALLSFLILI	282.058	285.726	43.6652	44.7165	20.3938	42
Reject	93	LLLLTILLAVLLALLSFLILI	LLLLTILLAVLLALLSLLILI	282.058	283.4	43.6652	43.2287	20.3938	42
Reject	94	LLLLTILLAVLLALLSFLILI	LLLLTILLAVLFALLSFLILI	282.058	291.565	43.6652	52.3087	20.3938	42
Reject	95	LLLLTILLAVLLALLSFLILI	LLLLTILLAVLLALLLFLILI	282.058	288.145	43.6652	41.4852	20.3938	42
Reject	96	LLLLTILLAVLLALLSFLILI	LLLLTLLLAVLLALLSFLILI	282.058	283.727	43.6652	44.4768	13.5332	42
Reject	97	LLLLTILLAVLLALLSFLILI	LLLLTILLALLLALLSFLILI	282.058	285.726	43.6652	44.7165	13.5332	42
Reject	98	LLLLTILLAVLLALLSFLILI	LLLLTILLAVLFALLSFLILI	282.058	291.565	43.6652	52.3087	13.5332	42
Reject	99	LLLLTILLAVLLALLSFLILI	LLLLTILLSVLLALLSFLILI	282.058	287.524	43.6652	47.6458	13.5332	42
Reject	100	LLLLTILLAVLLALLSFLILI	LLLLTILLAVLLALLLFLILI	282.058	288.145	43.6652	41.4852	13.5332	42
Reject	101	LLLLTILLAVLLALLSFLILI	LLLLTILLAVLLLLLSFLILI	282.058	286.745	43.6652	41.3623	13.5332	42
Reject	102	LLLLTILLAVLLALLSFLILI	LLLLTILLSVLLALLSFLILI	282.058	287.524	43.6652	47.6458	8.12315	42
Reject	103	LLLLTILLAVLLALLSFLILI	LLLLTILLAVLLALLLFLILI	282.058	288.145	43.6652	41.4852	8.12315	42
Reject	104	LLLLTILLAVLLALLSFLILI	LLLLTILLALLLALLSFLILI	282.058	285.726	43.6652	44.7165	8.12315	42
Reject	105	LLLLTILLAVLLALLSFLILI	LLLLTLLLAVLLALLSFLILI	282.058	283.727	43.6652	44.4768	8.12315	42
Reject	106	LLLLTILLAVLLALLSFLILI	LLLLTILLAVLFALLSFLILI	282.058	291.565	43.6652	52.3087	8.12315	42
Reject	107	LLLLTILLAVLLALLSFLILI	LLLLTILLSVLLALLSFLILI	282.058	287.524	43.6652	47.6458	8.12315	42
Reject	108	LLLLTILLAVLLALLSFLILI	LLLLTLLLAVLLALLSFLILI	282.058	283.727	43.6652	44.4768	3.85923	42
Reject	109	LLLLTILLAVLLALLSFLILI	LLLLTILLAVLLLLLSFLILI	282.058	286.745	43.6652	41.3623	3.85923	42
Reject	110	LLLLTILLAVLLALLSFLILI	LLLLTLLLAVLLALLSFLILI	282.058	283.727	43.6652	44.4768	3.85923	42
Reject	111	LLLLTILLAVLLALLSFLILI	LLLLTILLAVLLALLLFLILI	282.058	288.145	43.6652	41.4852	3.85923	42
Reject	112	LLLLTILLAVLLALLSFLILI	LLLLTLLLAVLLALLSFLILI	282.058	283.727	43.6652	44.4768	3.85923	42
Reject	113	LLLLTILLAVLLALLSFLILI	LLLLTILLAVLLLLLSFLILI	282.058	286.745	43.6652	41.3623	3.85923	42
Accept	114	LLLLTILLAVLLALLSFLILI	LLLLTWLLAVLLALLSFLILI	282.058	292.909	43.6652	52.3297	3649	43
Accept	115	LLLLTWLLAVLLALLSFLILI	LLLLTWLLALLLALLSFLILI	292.909	297.377	52.3297	53.3809	3649	44
Accept	116	LLLLTWLLALLLALLSFLILI	LLLLTVLLALLLALLSFLILI	297.377	284.16	53.3809	44.4768	3649	45
Accept	117	LLLLTVLLALLLALLSFLILI	LLLLTVLLALLLALLSILILI	284.16	284.847	44.4768	43.2287	3649	46
Reject	118	LLLLTVLLALLLALLSILILI	LLLLTVLLSLLLALLSILILI	284.847	290.228	43.2287	47.2092	3649	46
Accept	119	LLLLTVLLALLLALLSILILI	LLLLTVLLALLLALLSSLILI	284.847	291.953	43.2287	50.3237	3649	47
Reject	120	LLLLTVLLALLLALLSSLILI	LLLLTVLLALLTALLSSLILI	291.953	301.324	50.3237	57.2039	3649	47
Reject	121	LLLLTVLLALLLALLSSLILI	LLLLTVLLALLTALLSSLILI	291.953	301.324	50.3237	57.2039	3649	47
Reject	122	LLLLTVLLALLLALLSSLILI	LLLLTVLLASLLALLSSLILI	291.953	299.096	50.3237	59.0075	3649	47
Reject	123	LLLLTVLLALLLALLSSLILI	LLLLFVLLALLLALLSSLILI	291.953	296.215	50.3237	47.9834	3649	47
Accept	124	LLLLTVLLALLLALLSSLILI	LLLLTVLLAVLLALLSSLILI	291.953	292.309	50.3237	53.3759	3649	48
Accept	125	LLLLTVLLAVLLALLSSLILI	LLLLTVLLAVLFALLSSLILI	292.309	297.705	53.3759	57.9159	3649	49
Accept	126	LLLLTVLLAVLFALLSSLILI	LLLLTVLLAVLLALLSSLILI	297.705	292.309	57.9159	53.3759	3649	50
Reject	127	LLLLTVLLAVLLALLSSLILI	LLLLTVLLSVLLALLSSLILI	292.309	300.124	53.3759	59.7568	3649	50
Accept	128	LLLLTVLLAVLLALLSSLILI	LLLLTVLLSVLLALLSSLILI	292.309	300.124	53.3759	59.7568	3649	51
Reject	129	LLLLTVLLSVLLALLSSLILI	LLLLTVLLSVLLLLLSSLILI	300.124	306.234	59.7568	61.5572	3649	51
Accept	130	LLLLTVLLSVLLALLSSLILI	LLLLTVLLSILLALLSSLILI	300.124	298.641	59.7568	55.893	3649	52
Accept	131	LLLLTVLLSILLALLSSLILI	LLLLTVLLAILLALLSSLILI	298.641	290.86	55.893	49.5122	3649	53
Reject	132	LLLLTVLLAILLALLSSLILI	LLLLTLLLAILLALLSSLILI	290.86	294.706	49.5122	50.5634	3649	53
Reject	133	LLLLTVLLAILLALLSSLILI	LLLLFVLLAILLALLSSLILI	290.86	295.135	49.5122	47.1719	3649	53
Reject	134	LLLLTVLLAILLALLSSLILI	LLLLTVLLAILFALLSSLILI	290.86	296.246	49.5122	54.0522	3649	53
Reject	135	LLLLTVLLAILLALLSSLILI	LLLLTVLLAVLLALLSSLILI	290.86	292.309	49.5122	53.3759	3649	53
Accept	136	LLLLTVLLAILLALLSSLILI	LLLLFVLLAILLALLSSLILI	290.86	295.135	49.5122	47.1719	3649	54
Reject	137	LLLLFVLLAILLALLSSLILI	LLLLFVLLSILLALLSSLILI	295.135	301.469	47.1719	53.5528	3649	54
Accept	138	LLLLFVLLAILLALLSSLILI	LLLLFVLLAILLSLLSSLILI	295.135	301.523	47.1719	53.5528	3649	55
Accept	139	LLLLFVLLAILLSLLSSLILI	LLLLFILLAILLSLLSSLILI	301.523	308.281	53.5528	57.8959	3649	56
Accept	140	LLLLFILLAILLSLLSSLILI	LLLLFYLLAILLSLLSSLILI	308.281	312.436	57.8959	59.144	3649	57
Accept	141	LLLLFYLLAILLSLLSSLILI	LLLLFLLLAILLSLLSSLILI	312.436	307.309	59.144	54.604	3649	58
Reject	142	LLLLFLLLAILLSLLSSLILI	LLLLWLLLAILLSLLSSLILI	307.309	315.17	54.604	62.0204	3649	58
Accept	143	LLLLFLLLAILLSLLSSLILI	LLLLFLLLAILLTLLSSLILI	307.309	304.37	54.604	48.697	3649	59
Accept	144	LLLLFLLLAILLTLLSSLILI	LLLLFVLLAILLTLLSSLILI	304.37	300.325	48.697	47.6458	3649	60
Accept	145	LLLLFVLLAILLTLLSSLILI	LLLLFVLLAILLTLLTSLILI	300.325	307.914	47.6458	48.2425	3649	61
Reject	146	LLLLFVLLAILLTLLTSLILI	LLLLFVLLSILLTLLTSLILI	307.914	319.409	48.2425	56.3265	3649	61
Accept	147	LLLLFVLLAILLTLLTSLILI	LLLLFVLLAILLTLLTLLILI	307.914	305.328	48.2425	46.0625	3649	62
Accept	148	LLLLFVLLAILLTLLTLLILI	LLLLFALLAILLTLLTLLILI	305.328	302.918	46.0625	49.4167	3649	63
Accept	149	LLLLFALLAILLTLLTLLILI	LLLLFALLAILLTLLTILILI	302.918	306.433	49.4167	52.7086	3649	64
Accept	150	LLLLFALLAILLTLLTILILI	LLLLFALLAILLTLLSILILI	306.433	292.939	52.7086	48.0084	3649	65
Reject	151	LLLLFALLAILLTLLSILILI	LLLLFALLSILLTLLSILILI	292.939	298.749	48.0084	51.9889	3649	65
Reject	152	LLLLFALLAILLTLLSILILI	LLLLFALLSILLTLLSILILI	292.939	298.749	48.0084	51.9889	3649	65
Accept	153	LLLLFALLAILLTLLSILILI	LLLLFALLAILLTLLSLLILI	292.939	289.434	48.0084	44.7165	3649	66
Accept	154	LLLLFALLAILLTLLSLLILI	LLLLFALLAVLLTLLSLLILI	289.434	286.534	44.7165	44.4768	3649	67
Reject	155	LLLLFALLAVLLTLLSLLILI	LLLLVALLAVLLTLLSLLILI	286.534	291.761	44.4768	47.0924	3649	67
Accept	156	LLLLFALLAVLLTLLSLLILI	LLLLFALLAVLLTLLSTLILI	286.534	292.728	44.4768	51.357	3649	68
Accept	157	LLLLFALLAVLLTLLSTLILI	LLLLFALLAVLLFLLSTLILI	292.728	291.238	51.357	49.0167	3649	69
Accept	158	LLLLFALLAVLLFLLSTLILI	LLLLFALLAVLLFLLSSLILI	291.238	296.856	49.0167	52.5234	3649	70
Accept	159	LLLLFALLAVLLFLLSSLILI	LLLLFALLAVLLFLLSVLILI	296.856	291.47	52.5234	49.2921	3649	71
Accept	160	LLLLFALLAVLLFLLSVLILI	LLLLFALLAVLLFLLSLLILI	291.47	289.774	49.2921	46.2399	3649	72
Reject	161	LLLLFALLAVLLFLLSLLILI	LLLLFALLAVLLFLLTLLILI	289.774	299.663	46.2399	46.8367	3649	72
Accept	162	LLLLFALLAVLLFLLSLLILI	LLLLIALLAVLLFLLSLLILI	289.774	291.922	46.2399	40.8884	3649	73
Reject	163	LLLLIALLAVLLFLLSLLILI	LLLLIALLSVLLFLLSLLILI	291.922	297.847	40.8884	44.8689	3649	73
Accept	164	LLLLIALLAVLLFLLSLLILI	LLLLIALLAVLLFLLSVLILI	291.922	293.914	40.8884	43.9406	3649	74
Accept	165	LLLLIALLAVLLFLLSVLILI	LLLLIALLAVLLFLLSLLILI	293.914	293.064	43.9406	40.8884	3649	75
Accept	166	LLLLIALLAVLLFLLSLLILI	LLLLIVLLAVLLFLLSLLILI	293.064	293.192	40.8884	41.6377	3649	76
Accept	167	LLLLIVLLAVLLFLLSLLILI	LLLLIILLAVLLFLLSLLILI	293.192	294.801	41.6377	41.8774	3649	77
Accept	168	LLLLIILLAVLLFLLSLLILI	LLLLIILLAILLFLLSLLILI	294.801	303.075	41.8774	48.6209	3649	78
Accept	169	LLLLIILLAILLFLLSLLILI	LLLLIILLAILFFLLSLLILI	303.075	306.032	48.6209	53.1609	3649	79
Reject	170	LLLLIILLAILFFLLSLLILI	LLLLIILLAILFFLLTLLILI	306.032	315.812	53.1609	53.7576	3649	79
Accept	171	LLLLIILLAILFFLLSLLILI	LLLLVILLAILFFLLSLLILI	306.032	294.788	53.1609	46.4174	3649	80
Accept	172	LLLLVILLAILFFLLSLLILI	LLLLTILLAILFFLLSLLILI	294.788	297.46	46.4174	50.2454	3649	81
Accept	173	LLLLTILLAILFFLLSLLILI	LLLLTILLAILFVLLSLLILI	297.46	286.996	50.2454	44.6542	3649	82
Accept	174	LLLLTILLAILFVLLSLLILI	LLLLTVLLAILFVLLSLLILI	286.996	285.258	44.6542	44.4145	3649	83
Reject	175	LLLLTVLLAILFVLLSLLILI	LLLLTVLLSILFVLLSLLILI	285.258	294.422	44.4145	52.4984	3649	83
Accept	176	LLLLTVLLAILFVLLSLLILI	LLLLTVLLATLFVLLSLLILI	285.258	291.974	44.4145	52.1062	3649	84
Reject	177	LLLLTVLLATLFVLLSLLILI	LLLLTVLLATLSVLLSLLILI	291.974	306.424	52.1062	57.9532	3649	84
Reject	178	LLLLTVLLATLFVLLSLLILI	LLLLTVLLSTLFVLLSLLILI	291.974	301.104	52.1062	60.1902	3649	84
Accept	179	LLLLTVLLATLFVLLSLLILI	LLLLTVLLATLFVLLLLLILI	291.974	298.916	52.1062	49.9262	3649	85
Accept	180	LLLLTVLLATLFVLLLLLILI	LLLLIVLLATLFVLLLLLILI	298.916	296.926	49.9262	42.2344	3649	86
Accept	181	LLLLIVLLATLFVLLLLLILI	LLLLIVLLATLFVLLSLLILI	296.926	289.984	42.2344	44.4145	3649	87
Reject	182	LLLLIVLLATLFVLLSLLILI	LLLLIVLLSTLFVLLSLLILI	289.984	299.133	44.4145	52.4984	3649	87
Reject	183	LLLLIVLLATLFVLLSLLILI	LLLLIWLLATLFVLLSLLILI	289.984	303.465	44.4145	49.2152	3649	87
Accept	184	LLLLIVLLATLFVLLSLLILI	LLLLIVLLATLFVLLLLLILI	289.984	296.926	44.4145	42.2344	3649	88
Accept	185	LLLLIVLLATLFVLLLLLILI	LLLLIVLLATLFILLLLLILI	296.926	302.299	42.2344	42.4742	3649	89
Reject	186	LLLLIVLLATLFILLLLLILI	LLLLIVLLATLYILLLLLILI	302.299	306.851	42.4742	46.5776	3649	89
Accept	187	LLLLIVLLATLFILLLLLILI	LLLLTVLLATLFILLLLLILI	302.299	300.208	42.4742	46.0625	3649	90
Accept	188	LLLLTVLLATLFILLLLLILI	LLLLVVLLATLFILLLLLILI	300.208	297.29	46.0625	42.2344	3649	91
Accept	189	LLLLVVLLATLFILLLLLILI	LLLLVVLLATLFILLSLLILI	297.29	290.102	42.2344	44.4145	3649	92
Accept	190	LLLLVVLLATLFILLSLLILI	LLLLVVLLAVLFILLSLLILI	290.102	291.236	44.4145	47.0902	3649	93
Accept	191	LLLLVVLLAVLFILLSLLILI	LLLLVVLLAVLFSLLSLLILI	291.236	296.573	47.0902	54.1852	3649	94
Reject	192	LLLLVVLLAVLFSLLSLLILI	LLLLVVLLAVLFSLLSFLILI	296.573	302.996	54.1852	62.8287	3649	94
Accept	193	LLLLVVLLAVLFSLLSLLILI	LLLLVVLLAVLFSLLTLLILI	296.573	301.792	54.1852	50.6786	3649	95
Reject	194	LLLLVVLLAVLFSLLTLLILI	LLLLVVLLSVLFSLLTLLILI	301.792	310.871	50.6786	58.7625	3649	95
Accept	195	LLLLVVLLAVLFSLLTLLILI	LLLLVVLLAVLLSLLTLLILI	301.792	300.449	50.6786	50.242	3649	96
Accept	196	LLLLVVLLAVLLSLLTLLILI	LLLLVVLLAVLLLLLTLLILI	300.449	302.066	50.242	50.4623	3649	97
Accept	197	LLLLVVLLAVLLLLLTLLILI	LLLLVVLLAALLLLLTLLILI	302.066	297.951	50.4623	47.3127	3649	98
Reject	198	LLLLVVLLAALLLLLTLLILI	LLLLVVLLAALSLLLTLLILI	297.951	305.037	47.3127	47.0924	3649	98
Accept	199	LLLLVVLLAALLLLLTLLILI	LLLLTVLLAALLLLLTLLILI	297.951	300.869	47.3127	51.1407	3649	99
Accept	200	LLLLTVLLAALLLLLTLLILI	LLLLTVLLAALLLLLSLLILI	300.869	287.275	51.1407	46.4405	3649	100
Accept	201	LLLLTVLLAALLLLLSLLILI	LLLLTVLLASLLLLLSLLILI	287.275	293.478	46.4405	50.4211	3649	101
Accept	202	LLLLTVLLASLLLLLSLLILI	LLLLTVLLASLYLLLSLLILI	293.478	295.707	50.4211	52.5607	3649	102
Reject	203	LLLLTVLLASLYLLLSLLILI	LLLLTVLLASLYLLLALLILI	295.707	297.409	52.5607	48.5802	3649	102
Reject	204	LLLLTVLLASLYLLLSLLILI	LLLLTFLLASLYLLLSLLILI	295.707	298.952	52.5607	54.0485	3649	102
Accept	205	LLLLTVLLASLYLLLSLLILI	LLLLTFLLASLYLLLSLLILI	295.707	298.504	52.5607	54.0485	3649	103
Reject	206	LLLLTFLLASLYLLLSLLILI	LLLLTFLLASLYLLLWLLILI	298.504	314.03	54.0485	55.6179	3649	103
Accept	207	LLLLTFLLASLYLLLSLLILI	LLLLVFLLASLYLLLSLLILI	298.504	300.124	54.0485	50.2205	3649	104
Accept	208	LLLLVFLLASLYLLLSLLILI	LLLLTFLLASLYLLLSLLILI	300.124	299.395	50.2205	54.0485	3649	105
Accept	209	LLLLTFLLASLYLLLSLLILI	LLLLTFLLASLYLLLTLLILI	299.395	307.775	54.0485	54.6452	3649	106
Accept	210	LLLLTFLLASLYLLLTLLILI	LLLLTFLLASLYLLLSLLILI	307.775	299.395	54.6452	54.0485	3649	107
Accept	211	LLLLTFLLASLYLLLSLLILI	LLLLIFLLASLYLLLSLLILI	299.395	303.981	54.0485	50.4602	3649	108
Accept	212	LLLLIFLLASLYLLLSLLILI	LLLLIFLLALLYLLLSLLILI	303.981	301.814	50.4602	46.577	3649	109
Accept	213	LLLLIFLLALLYLLLSLLILI	LLLLIFLLALLYVLLSLLILI	301.814	295.781	46.577	43.1255	3649	110
Accept	214	LLLLIFLLALLYVLLSLLILI	LLLLIFLLALLYVLLSTLILI	295.781	297.984	43.1255	45.9023	3649	111
Reject	215	LLLLIFLLALLYVLLSTLILI	LLLLIFLLALLWVLLSTLILI	297.984	308.327	45.9023	49.2152	3649	111
Reject	216	LLLLIFLLALLYVLLSTLILI	LLLLIFLLSLLYVLLSTLILI	297.984	306.71	45.9023	53.9862	3649	111
Accept	217	LLLLIFLLALLYVLLSTLILI	LLLLIFLLAVLYVLLSTLILI	297.984	301.783	45.9023	53.0579	3649	112
Reject	218	LLLLIFLLAVLYVLLSTLILI	LLLLIFLLSVLYVLLSTLILI	301.783	310.792	53.0579	61.1419	3649	112
Accept	219	LLLLIFLLAVLYVLLSTLILI	LLLLIFLLALLYVLLSTLILI	301.783	297.984	53.0579	45.9023	3649	113
Accept	220	LLLLIFLLALLYVLLSTLILI	LLLLYFLLALLYVLLSTLILI	297.984	304	45.9023	55.3572	3649	114
Reject	221	LLLLYFLLALLYVLLSTLILI	LLLLYFLLASLYVLLSTLILI	304	314.135	55.3572	65.7441	3649	114
Accept	222	LLLLYFLLALLYVLLSTLILI	LLLLVFLLALLYVLLSTLILI	304	297.35	55.3572	49.766	3649	115
Accept	223	LLLLVFLLALLYVLLSTLILI	LLLLLFLLALLYVLLSTLILI	297.35	303.414	49.766	46.7138	3649	116
Accept	224	LLLLLFLLALLYVLLSTLILI	LLLLLFLLALLFVLLSTLILI	303.414	303.099	46.7138	46.7138	3649	117
Accept	225	LLLLLFLLALLFVLLSTLILI	LLLLLFLLALLFVLLSVLILI	303.099	302.573	46.7138	46.9892	3649	118
Reject	226	LLLLLFLLALLFVLLSVLILI	LLLLLFLLALLFVLLTVLILI	302.573	312.49	46.9892	47.5859	3649	118
Reject	227	LLLLLFLLALLFVLLSVLILI	LLLLSFLLALLFVLLSVLILI	302.573	310.734	46.9892	53.2727	3649	118
Accept	228	LLLLLFLLALLFVLLSVLILI	LLLLLFLLAALFVLLSVLILI	302.573	301.025	46.9892	49.2921	3649	119
Reject	229	LLLLLFLLAALFVLLSVLILI	LLLLLFLLAALFVLLLVLILI	301.025	308.007	49.2921	47.1121	3649	119
Reject	230	LLLLLFLLAALFVLLSVLILI	LLLLLFLLAALFVLLTVLILI	301.025	310.57	49.2921	49.8889	3649	119
Accept	231	LLLLLFLLAALFVLLSVLILI	LLLLLFLLAALFTLLSVLILI	301.025	302.254	49.2921	49.0167	3649	120
Accept	232	LLLLLFLLAALFTLLSVLILI	LLLLLFLLAALFTLLSTLILI	302.254	310.696	49.0167	56.9482	3649	121
Accept	233	LLLLLFLLAALFTLLSTLILI	LLLLLFLLAALFTLLSLLILI	310.696	304.786	56.9482	50.068	3649	122
Accept	234	LLLLLFLLAALFTLLSLLILI	LLLLLFLLSALFTLLSLLILI	304.786	309.753	50.068	54.0485	3649	123
Accept	235	LLLLLFLLSALFTLLSLLILI	LLLLLFLLSALFVLLSLLILI	309.753	303.927	54.0485	50.2205	3649	124
Accept	236	LLLLLFLLSALFVLLSLLILI	LLLLLFLLSILFVLLSLLILI	303.927	310.39	50.2205	51.2094	3649	125
Reject	237	LLLLLFLLSILFVLLSLLILI	LLLLLFLLSILTVLLSLLILI	310.39	311.692	51.2094	49.4462	3649	125
Reject	238	LLLLLFLLSILFVLLSLLILI	LLLLLFLLSILTVLLSLLILI	310.39	311.693	51.2094	49.4462	3649	125
Accept	239	LLLLLFLLSILFVLLSLLILI	LLLLLFLLSILFALLSLLILI	310.39	311.35	51.2094	50.4602	3649	126
Accept	240	LLLLLFLLSILFALLSLLILI	LLLLLFLLSILFVLLSLLILI	311.35	310.944	50.4602	51.2094	3649	127
Accept	241	LLLLLFLLSILFVLLSLLILI	LLLLLFLLAILFVLLSLLILI	310.944	302.124	51.2094	43.1255	3649	128
Accept	242	LLLLLFLLAILFVLLSLLILI	LLLLLFLLAILFTLLSLLILI	302.124	307.751	43.1255	46.9535	3649	129
Accept	243	LLLLLFLLAILFTLLSLLILI	LLLLLLLLAILFTLLSLLILI	307.751	302.03	46.9535	44.8139	3649	130
Accept	244	LLLLLLLLAILFTLLSLLILI	LLLLLLLLAILLTLLSLLILI	302.03	308.673	44.8139	48.4807	3649	131
Accept	245	LLLLLLLLAILLTLLSLLILI	LLLLLLLLAILLSLLSLLILI	308.673	309.48	48.4807	51.9874	3649	132
Reject	246	LLLLLLLLAILLSLLSLLILI	LLLLLLLLAILLSLLYLLILI	309.48	326.86	51.9874	50.2439	3649	132
Accept	247	LLLLLLLLAILLSLLSLLILI	LLLLLALLAILLSLLSLLILI	309.48	304.006	51.9874	50.1869	3649	133
Reject	248	LLLLLALLAILLSLLSLLILI	LLLLLALLSILLSLLSLLILI	304.006	311.777	50.1869	56.5678	3649	133
Reject	249	LLLLLALLAILLSLLSLLILI	LLLLLALLSILLSLLSLLILI	304.006	311.777	50.1869	56.5678	3649	133
Accept	250	LLLLLALLAILLSLLSLLILI	LLLLLALLAILLLLLSLLILI	304.006	303.329	50.1869	48.0069	3649	134
Accept	251	LLLLLALLAILLLLLSLLILI	LLLLLALLSILLLLLSLLILI	303.329	308.802	48.0069	51.9874	3649	135
Accept	252	LLLLLALLSILLLLLSLLILI	LLLLLALLSILLSLLSLLILI	308.802	311.777	51.9874	56.5678	3649	136
Accept	253	LLLLLALLSILLSLLSLLILI	LLLLFALLSILLSLLSLLILI	311.777	298.45	56.5678	54.604	3649	137
Accept	254	LLLLFALLSILLSLLSLLILI	LLLLLALLSILLSLLSLLILI	298.45	311.777	54.604	56.5678	3649	138
Accept	255	LLLLLALLSILLSLLSLLILI	LLLLLALLAILLSLLSLLILI	311.777	304.006	56.5678	50.1869	3649	139
Reject	256	LLLLLALLAILLSLLSLLILI	LLLLLALLSILLSLLSLLILI	304.006	311.777	50.1869	56.5678	3649	139
Accept	257	LLLLLALLAILLSLLSLLILI	LLLLLALLAILLSLLSFLILI	304.006	299.829	50.1869	48.2231	3649	140
Reject	258	LLLLLALLAILLSLLSFLILI	LLLLLALLAILLSLLTFLILI	299.829	305.336	48.2231	44.7165	3649	140
Accept	259	LLLLLALLAILLSLLSFLILI	LLLLVALLAILLSLLSFLILI	299.829	289.625	48.2231	47.1719	3649	141
Reject	260	LLLLVALLAILLSLLSFLILI	LLLLVALLAILLSLLSTLILI	289.625	293.38	47.1719	49.5122	3649	141
Reject	261	LLLLVALLAILLSLLSFLILI	LLLLVALLSILLSLLSFLILI	289.625	297.538	47.1719	53.5528	3649	141
Accept	262	LLLLVALLAILLSLLSFLILI	LLLLFALLAILLSLLSFLILI	289.625	292.571	47.1719	52.7631	3649	142
Accept	263	LLLLFALLAILLSLLSFLILI	LLLLFALLAILYSLLSFLILI	292.571	302.788	52.7631	61.4065	3649	143
Accept	264	LLLLFALLAILYSLLSFLILI	LLLLFALLATLYSLLSFLILI	302.788	305.667	61.4065	64.9949	3338.43	144
Accept	265	LLLLFALLATLYSLLSFLILI	LLLLFALLATLYSLLSVLILI	305.667	300.766	64.9949	59.4037	3054.29	145
Accept	266	LLLLFALLATLYSLLSVLILI	LLLLFALLATLYSLLSLLILI	300.766	299.174	59.4037	56.3514	2794.33	146
Accept	267	LLLLFALLATLYSLLSLLILI	LLLLFALLAILYSLLSLLILI	299.174	296.328	56.3514	52.7631	2556.5	147
Accept	268	LLLLFALLAILYSLLSLLILI	LLLLFALLAILYVLLSLLILI	296.328	286.154	52.7631	45.4284	2338.91	148
Reject	269	LLLLFALLAILYVLLSLLILI	LLLLFVLLAILYVLLSLLILI	286.154	292.64	45.4284	46.1777	2139.84	148
Reject	270	LLLLFALLAILYVLLSLLILI	LLLLFALLAILYILLSLLILI	286.154	295.486	45.4284	49.7716	2139.84	148
Accept	271	LLLLFALLAILYVLLSLLILI	LLLLFALLAILYLLLSLLILI	286.154	289.464	45.4284	46.4796	2139.84	149
Accept	272	LLLLFALLAILYLLLSLLILI	LLLLFALLAILYLLLSVLILI	289.464	287.284	46.4796	45.4284	1957.72	150
Accept	273	LLLLFALLAILYLLLSVLILI	LLLLFALLAILLLLLSVLILI	287.284	283.942	45.4284	40.8884	1791.09	151
Accept	274	LLLLFALLAILLLLLSVLILI	LLLLFALLAILYLLLSVLILI	283.942	287.762	40.8884	45.4284	1638.65	152
Accept	275	LLLLFALLAILYLLLSVLILI	LLLLFALLAILYLLLSLLILI	287.762	290.396	45.4284	46.4796	1499.18	153
Accept	276	LLLLFALLAILYLLLSLLILI	LLLLFVLLAILYLLLSLLILI	290.396	294.043	46.4796	43.1255	1371.58	154
Accept	277	LLLLFVLLAILYLLLSLLILI	LLLLFVLLAILYLLLSALILI	294.043	291.214	43.1255	45.4284	1254.84	155
Accept	278	LLLLFVLLAILYLLLSALILI	LLLLFVLLALLYLLLSALILI	291.214	292.161	45.4284	46.2399	1148.04	156
Reject	279	LLLLFVLLALLYLLLSALILI	LLLLFVLLSLLYLLLSALILI	292.161	296.919	46.2399	50.2205	1050.33	156
Reject	280	LLLLFVLLALLYLLLSALILI	LLLLFVLLALLYLLLAALILI	292.161	299.739	46.2399	48.7632	1050.33	156
Reject	281	LLLLFVLLALLYLLLSALILI	LLLLFVLLALLYLLLTALILI	292.161	301.372	46.2399	46.8367	1050.33	156
Accept	282	LLLLFVLLALLYLLLSALILI	LLLLFVLLAILYLLLSALILI	292.161	291.214	46.2399	45.4284	1050.33	157
Accept	283	LLLLFVLLAILYLLLSALILI	LLLLTVLLAILYLLLSALILI	291.214	288.725	45.4284	47.7687	960.933	158
Accept	284	LLLLTVLLAILYLLLSALILI	LLLLTVLLAVLYLLLSALILI	288.725	290.017	47.7687	51.6324	879.146	159
Accept	285	LLLLTVLLAVLYLLLSALILI	LLLLTVLLAILYLLLSALILI	290.017	288.725	51.6324	47.7687	804.321	160
Reject	286	LLLLTVLLAILYLLLSALILI	LLLLAVLLAILYLLLSALILI	288.725	289.453	47.7687	49.6952	735.863	160
Reject	287	LLLLTVLLAILYLLLSALILI	LLLLTVLLALLYLLLSALILI	288.725	289.686	47.7687	48.5802	735.863	160
Reject	288	LLLLTVLLAILYLLLSALILI	LLLLVVLLAILYLLLSALILI	288.725	289.899	47.7687	48.0441	735.863	160
Accept	289	LLLLTVLLAILYLLLSALILI	LLLLTVLLALLYLLLSALILI	288.725	289.189	47.7687	48.5802	735.863	161
Accept	290	LLLLTVLLALLYLLLSALILI	LLLLTVLLALLFLLLSALILI	289.189	286.55	48.5802	44.4768	673.233	162
Accept	291	LLLLTVLLALLFLLLSALILI	LLLLTILLALLFLLLSALILI	286.55	287.641	44.4768	44.7165	615.932	163
Accept	292	LLLLTILLALLFLLLSALILI	LLLLTILLAVLFLLLSALILI	287.641	284.695	44.7165	43.6652	563.509	164
Reject	293	LLLLTILLAVLFLLLSALILI	LLLLTILLSVLFLLLSALILI	284.695	289.723	43.6652	47.6458	515.548	164
Reject	294	LLLLTILLAVLFLLLSALILI	LLLLTILLAVLFLLLLALILI	284.695	291.021	43.6652	41.4852	515.548	164
Accept	295	LLLLTILLAVLFLLLSALILI	LLLLTILLAVLLLLLSALILI	284.695	284.334	43.6652	43.2287	515.548	165
Reject	296	LLLLTILLAVLLLLLSALILI	LLLLTFLLAVLLLLLSALILI	284.334	286.245	43.2287	44.4768	471.669	165
Reject	297	LLLLTILLAVLLLLLSALILI	LLLLTILLAALLLLLSALILI	284.334	288.946	43.2287	48.9832	471.669	165
Accept	298	LLLLTILLAVLLLLLSALILI	LLLLTILLAVLFLLLSALILI	284.334	284.695	43.2287	43.6652	471.669	166
Reject	299	LLLLTILLAVLFLLLSALILI	LLLLTILLSVLFLLLSALILI	284.695	289.723	43.6652	47.6458	431.524	166
Reject	300	LLLLTILLAVLFLLLSALILI	LLLLVILLAVLFLLLSALILI	284.695	285.199	43.6652	43.9406	431.524	166
Reject	301	LLLLTILLAVLFLLLSALILI	LLLLTLLLAVLFLLLSALILI	284.695	286.017	43.6652	44.4768	431.524	166
Reject	302	LLLLTILLAVLFLLLSALILI	LLLLTILLAVLYLLLSALILI	284.695	287.56	43.6652	47.7687	431.524	166
Accept	303	LLLLTILLAVLFLLLSALILI	LLLLTILLAVLFLLLSLLILI	284.695	284.909	43.6652	41.3623	431.524	167
Reject	304	LLLLTILLAVLFLLLSLLILI	LLLLTALLAVLFLLLSLLILI	284.909	286.495	41.3623	44.4768	394.796	167
Reject	305	LLLLTILLAVLFLLLSLLILI	LLLLTILLAVLFLLLALLILI	284.909	291.115	41.3623	41.4852	394.796	167
Reject	306	LLLLTILLAVLFLLLSLLILI	LLLLTILLAVLLLLLSLLILI	284.909	286.584	41.3623	43.3261	394.796	167
Reject	307	LLLLTILLAVLFLLLSLLILI	LLLLTALLAVLFLLLSLLILI	284.909	286.614	41.3623	44.4768	394.796	167
Reject	308	LLLLTILLAVLFLLLSLLILI	LLLLTILLAVLFLLLALLILI	284.909	291.115	41.3623	41.4852	394.796	167
Accept	309	LLLLTILLAVLFLLLSLLILI	LLLLTILLAVLLLLLSLLILI	284.909	286.584	41.3623	43.3261	394.796	168
Reject	310	LLLLTILLAVLLLLLSLLILI	LLLLTVLLAVLLLLLSLLILI	286.584	289.035	43.3261	47.1898	361.194	168
Accept	311	LLLLTILLAVLLLLLSLLILI	LLLLAILLAVLLLLLSLLILI	286.584	285.593	43.3261	42.8522	361.194	169
Accept	312	LLLLAILLAVLLLLLSLLILI	LLLLAILLAVLFLLLSLLILI	285.593	283.935	42.8522	40.8884	330.452	170
Reject	313	LLLLAILLAVLFLLLSLLILI	LLLLAILLSVLFLLLSLLILI	283.935	289.396	40.8884	44.8689	302.327	170
Reject	314	LLLLAILLAVLFLLLSLLILI	LLLLTILLAVLFLLLSLLILI	283.935	284.909	40.8884	41.3623	302.327	170
Reject	315	LLLLAILLAVLFLLLSLLILI	LLLLALLLAVLFLLLSLLILI	283.935	286.617	40.8884	44.1003	302.327	170
Reject	316	LLLLAILLAVLFLLLSLLILI	LLLLAILLAVLFLLLSVLILI	283.935	286.216	40.8884	43.9406	302.327	170
Reject	317	LLLLAILLAVLFLLLSLLILI	LLLLAILLAALFLLLSLLILI	283.935	288.735	40.8884	46.643	302.327	170
Reject	318	LLLLAILLAVLFLLLSLLILI	LLLLALLLAVLFLLLSLLILI	283.935	286.617	40.8884	44.1003	302.327	170
Accept	319	LLLLAILLAVLFLLLSLLILI	LLLLAILLAVLFVLLSLLILI	283.935	283.207	40.8884	43.9406	276.595	171
Reject	320	LLLLAILLAVLFVLLSLLILI	LLLLTILLAVLFVLLSLLILI	283.207	284.179	43.9406	44.4145	253.054	171
Accept	321	LLLLAILLAVLFVLLSLLILI	LLLLAILLALLFVLLSLLILI	283.207	282.827	43.9406	40.8884	253.054	172
Reject	322	LLLLAILLALLFVLLSLLILI	LLLLAILLALLFVLLSVLILI	282.827	284.864	40.8884	43.9406	231.516	172
Reject	323	LLLLAILLALLFVLLSLLILI	LLLLAVLLALLFVLLSLLILI	282.827	285.09	40.8884	44.7521	231.516	172
Reject	324	LLLLAILLALLFVLLSLLILI	LLLLTILLALLFVLLSLLILI	282.827	283.791	40.8884	41.3623	231.516	172
Reject	325	LLLLAILLALLFVLLSLLILI	LLLLAILLAVLFVLLSLLILI	282.827	283.207	40.8884	43.9406	231.516	172
Reject	326	LLLLAILLALLFVLLSLLILI	LLLLAVLLALLFVLLSLLILI	282.827	285.09	40.8884	44.7521	231.516	172
Accept	327	LLLLAILLALLFVLLSLLILI	LLLLAILLAVLFVLLSLLILI	282.827	283.207	40.8884	43.9406	231.516	173
Reject	328	LLLLAILLAVLFVLLSLLILI	LLLLTILLAVLFVLLSLLILI	283.207	284.179	43.9406	44.4145	211.811	173
Reject	329	LLLLAILLAVLFVLLSLLILI	LLLLAILLAVLFVLLLLLILI	283.207	290.149	43.9406	41.7606	211.811	173
Reject	330	LLLLAILLAVLFVLLSLLILI	LLLLAILLSVLFVLLSLLILI	283.207	288.51	43.9406	47.9212	211.811	173
Accept	331	LLLLAILLAVLFVLLSLLILI	LLLLAILLALLFVLLSLLILI	283.207	282.827	43.9406	40.8884	211.811	174
Reject	332	LLLLAILLALLFVLLSLLILI	LLLLAVLLALLFVLLSLLILI	282.827	285.09	40.8884	44.7521	193.783	174
Reject	333	LLLLAILLALLFVLLSLLILI	LLLLAILLALLTVLLSLLILI	282.827	287.369	40.8884	43.2287	193.783	174
Accept	334	LLLLAILLALLFVLLSLLILI	LLLLAILLAVLFVLLSLLILI	282.827	283.207	40.8884	43.9406	193.783	175
Reject	335	LLLLAILLAVLFVLLSLLILI	LLLLAILLAVLTVLLSLLILI	283.207	287.661	43.9406	46.2809	177.29	175
Reject	336	LLLLAILLAVLFVLLSLLILI	LLLLTILLAVLFVLLSLLILI	283.207	284.179	43.9406	44.4145	177.29	175
Reject	337	LLLLAILLAVLFVLLSLLILI	LLLLAILLSVLFVLLSLLILI	283.207	288.51	43.9406	47.9212	177.29	175
Accept	338	LLLLAILLAVLFVLLSLLILI	LLLLAILLALLFVLLSLLILI	283.207	282.827	43.9406	40.8884	177.29	176
Reject	339	LLLLAILLALLFVLLSLLILI	LLLLAILLALLFVLLSALILI	282.827	284.637	40.8884	45.5917	162.201	176
Reject	340	LLLLAILLALLFVLLSLLILI	LLLLAILLALLFVLLSALILI	282.827	284.637	40.8884	45.5917	162.201	176
Accept	341	LLLLAILLALLFVLLSLLILI	LLLLAILLAVLFVLLSLLILI	282.827	283.207	40.8884	43.9406	162.201	177
Reject	342	LLLLAILLAVLFVLLSLLILI	LLLLTILLAVLFVLLSLLILI	283.207	284.179	43.9406	44.4145	148.395	177
Reject	343	LLLLAILLAVLFVLLSLLILI	LLLLALLLAVLFVLLSLLILI	283.207	283.484	43.9406	44.7521	148.395	177
Reject	344	LLLLAILLAVLFVLLSLLILI	LLLLAILLAVLTVLLSLLILI	283.207	287.661	43.9406	46.2809	148.395	177
Reject	345	LLLLAILLAVLFVLLSLLILI	LLLLAILLAVLTVLLSLLILI	283.207	287.661	43.9406	46.2809	148.395	177
Reject	346	LLLLAILLAVLFVLLSLLILI	LLLLAILLAVLFLLLSLLILI	283.207	283.935	43.9406	40.8884	148.395	177
Reject	347	LLLLAILLAVLFVLLSLLILI	LLLLAILLAVLFLLLSLLILI	283.207	283.935	43.9406	40.8884	148.395	177
Reject	348	LLLLAILLAVLFVLLSLLILI	LLLLAILLAVLFVLLSALILI	283.207	289.128	43.9406	52.7474	135.765	177
Reject	349	LLLLAILLAVLFVLLSLLILI	LLLLTILLAVLFVLLSLLILI	283.207	284.179	43.9406	44.4145	135.765	177
Reject	350	LLLLAILLAVLFVLLSLLILI	LLLLTILLAVLFVLLSLLILI	283.207	284.179	43.9406	44.4145	135.765	177
Reject	351	LLLLAILLAVLFVLLSLLILI	LLLLAILLAVLFLLLSLLILI	283.207	283.935	43.9406	40.8884	135.765	177
Reject	352	LLLLAILLAVLFVLLSLLILI	LLLLAILLSVLFVLLSLLILI	283.207	288.51	43.9406	47.9212	135.765	177
Accept	353	LLLLAILLAVLFVLLSLLILI	LLLLAILLALLFVLLSLLILI	283.207	282.827	43.9406	40.8884	135.765	178
Reject	354	LLLLAILLALLFVLLSLLILI	LLLLAILLALLFVLLALLILI	282.827	291.594	40.8884	43.4117	124.21	178
Reject	355	LLLLAILLALLFVLLSLLILI	LLLLAILLAVLFVLLSLLILI	282.827	283.207	40.8884	43.9406	124.21	178
Reject	356	LLLLAILLALLFVLLSLLILI	LLLLAILLSLLFVLLSLLILI	282.827	288.093	40.8884	44.8689	124.21	178
Accept	357	LLLLAILLALLFVLLSLLILI	LLLLAILLAVLFVLLSLLILI	282.827	283.207	40.8884	43.9406	124.21	179
Reject	358	LLLLAILLAVLFVLLSLLILI	LLLLAILLSVLFVLLSLLILI	283.207	288.51	43.9406	47.9212	113.638	179
Reject	359	LLLLAILLAVLFVLLSLLILI	LLLLAILLAVLFVLLSALILI	283.207	289.128	43.9406	52.7474	113.638	179
Reject	360	LLLLAILLAVLFVLLSLLILI	LLLLAILLAVLFVLLLLLILI	283.207	290.149	43.9406	41.7606	113.638	179
Reject	361	LLLLAILLAVLFVLLSLLILI	LLLLAILLAVLFLLLSLLILI	283.207	284.061	43.9406	40.8884	113.638	179
Reject	362	LLLLAILLAVLFVLLSLLILI	LLLLAILLAVLYVLLSLLILI	283.207	288.109	43.9406	48.0441	113.638	179
Reject	363	LLLLAILLAVLFVLLSLLILI	LLLLAILLAVLTVLLSLLILI	283.207	287.661	43.9406	46.2809	113.638	179
Reject	364	LLLLAILLAVLFVLLSLLILI	LLLLTILLAVLFVLLSLLILI	283.207	284.179	43.9406	44.4145	103.966	179
Reject	365	LLLLAILLAVLFVLLSLLILI	LLLLALLLAVLFVLLSLLILI	283.207	283.484	43.9406	44.7521	103.966	179
Accept	366	LLLLAILLAVLFVLLSLLILI	LLLLAILLALLFVLLSLLILI	283.207	282.827	43.9406	40.8884	103.966	180
Reject	367	LLLLAILLALLFVLLSLLILI	LLLLAILLAVLFVLLSLLILI	282.827	283.207	40.8884	43.9406	95.1175	180
Reject	368	LLLLAILLALLFVLLSLLILI	LLLLAILLAVLFVLLSLLILI	282.827	283.207	40.8884	43.9406	95.1175	180
Reject	369	LLLLAILLALLFVLLSLLILI	LLLLAILLALLFVLLALLILI	282.827	291.594	40.8884	43.4117	95.1175	180
Reject	370	LLLLAILLALLFVLLSLLILI	LLLLAILLALLFVLLSALILI	282.827	284.637	40.8884	45.5917	95.1175	180
Reject	371	LLLLAILLALLFVLLSLLILI	LLLLAILLAVLFVLLSLLILI	282.827	283.207	40.8884	43.9406	95.1175	180
Reject	372	LLLLAILLALLFVLLSLLILI	LLLLAVLLALLFVLLSLLILI	282.827	285.09	40.8884	44.7521	95.1175	180
Reject	373	LLLLAILLALLFVLLSLLILI	LLLLAILLALLTVLLSLLILI	282.827	287.369	40.8884	43.2287	87.0218	180
Reject	374	LLLLAILLALLFVLLSLLILI	LLLLAILLALLTVLLSLLILI	282.827	287.369	40.8884	43.2287	87.0218	180
Reject	375	LLLLAILLALLFVLLSLLILI	LLLLAILLALLFTLLSLLILI	282.827	288.51	40.8884	44.7165	87.0218	180
Reject	376	LLLLAILLALLFVLLSLLILI	LLLLAILLALLFTLLSLLILI	282.827	288.51	40.8884	44.7165	87.0218	180
Reject	377	LLLLAILLALLFVLLSLLILI	LLLLAILLALLTVLLSLLILI	282.827	287.369	40.8884	43.2287	87.0218	180
Reject	378	LLLLAILLALLFVLLSLLILI	LLLLTILLALLFVLLSLLILI	282.827	283.791	40.8884	41.3623	87.0218	180
Reject	379	LLLLAILLALLFVLLSLLILI	LLLLAILLALLFTLLSLLILI	282.827	288.51	40.8884	44.7165	79.6152	180
Reject	380	LLLLAILLALLFVLLSLLILI	LLLLAILLALLFVLLALLILI	282.827	291.594	40.8884	43.4117	79.6152	180
Reject	381	LLLLAILLALLFVLLSLLILI	LLLLAILLALLFVLLALLILI	282.827	291.594	40.8884	43.4117	79.6152	180
Reject	382	LLLLAILLALLFVLLSLLILI	LLLLAILLSLLFVLLSLLILI	282.827	288.093	40.8884	44.8689	79.6152	180
Reject	383	LLLLAILLALLFVLLSLLILI	LLLLAILLALLFVLLSVLILI	282.827	284.864	40.8884	43.9406	79.6152	180
Reject	384	LLLLAILLALLFVLLSLLILI	LLLLAVLLALLFVLLSLLILI	282.827	285.09	40.8884	44.7521	79.6152	180
Reject	385	LLLLAILLALLFVLLSLLILI	LLLLAVLLALLFVLLSLLILI	282.827	285.09	40.8884	44.7521	72.839	180
Reject	386	LLLLAILLALLFVLLSLLILI	LLLLAILLALLFVLLALLILI	282.827	291.594	40.8884	43.4117	72.839	180
Reject	387	LLLLAILLALLFVLLSLLILI	LLLLTILLALLFVLLSLLILI	282.827	283.791	40.8884	41.3623	72.839	180
Reject	388	LLLLAILLALLFVLLSLLILI	LLLLAILLAVLFVLLSLLILI	282.827	283.207	40.8884	43.9406	72.839	180
Reject	389	LLLLAILLALLFVLLSLLILI	LLLLAILLAVLFVLLSLLILI	282.827	283.207	40.8884	43.9406	72.839	180
Reject	390	LLLLAILLALLFVLLSLLILI	LLLLAILLALLTVLLSLLILI	282.827	287.369	40.8884	43.2287	72.839	180
Reject	391	LLLLAILLALLFVLLSLLILI	LLLLAILLALLFVLLALLILI	282.827	291.594	40.8884	43.4117	66.6396	180
Reject	392	LLLLAILLALLFVLLSLLILI	LLLLAILLALLFVLLSALILI	282.827	284.637	40.8884	45.5917	66.6396	180
Reject	393	LLLLAILLALLFVLLSLLILI	LLLLTILLALLFVLLSLLILI	282.827	283.791	40.8884	41.3623	66.6396	180
Reject	394	LLLLAILLALLFVLLSLLILI	LLLLAILLALLFVLLALLILI	282.827	291.594	40.8884	43.4117	66.6396	180
Reject	395	LLLLAILLALLFVLLSLLILI	LLLLTILLALLFVLLSLLILI	282.827	283.791	40.8884	41.3623	66.6396	180
Reject	396	LLLLAILLALLFVLLSLLILI	LLLLAILLALLTVLLSLLILI	282.827	287.369	40.8884	43.2287	66.6396	180
Reject	397	LLLLAILLALLFVLLSLLILI	LLLLAILLALLFVLLSALILI	282.827	284.637	40.8884	45.5917	60.9677	180
Reject	398	LLLLAILLALLFVLLSLLILI	LLLLAILLSLLFVLLSLLILI	282.827	288.093	40.8884	44.8689	60.9677	180
Reject	399	LLLLAILLALLFVLLSLLILI	LLLLAILLALLTVLLSLLILI	282.827	287.369	40.8884	43.2287	60.9677	180
Reject	400	LLLLAILLALLFVLLSLLILI	LLLLAILLSLLFVLLSLLILI	282.827	288.093	40.8884	44.8689	60.9677	180
Reject	401	LLLLAILLALLFVLLSLLILI	LLLLAVLLALLFVLLSLLILI	282.827	285.09	40.8884	44.7521	60.9677	180
Reject	402	LLLLAILLALLFVLLSLLILI	LLLLAILLALLFVLLALLILI	282.827	291.594	40.8884	43.4117	60.9677	180
Reject	403	LLLLAILLALLFVLLSLLILI	LLLLAILLALLFVLLSVLILI	282.827	284.864	40.8884	43.9406	55.7787	180
Reject	404	LLLLAILLALLFVLLSLLILI	LLLLAILLALLTVLLSLLILI	282.827	287.369	40.8884	43.2287	55.7787	180
Reject	405	LLLLAILLALLFVLLSLLILI	LLLLAILLALLFVLLSALILI	282.827	284.637	40.8884	45.5917	55.7787	180
Reject	406	LLLLAILLALLFVLLSLLILI	LLLLAVLLALLFVLLSLLILI	282.827	285.09	40.8884	44.7521	55.7787	180
Reject	407	LLLLAILLALLFVLLSLLILI	LLLLAILLALLFVLLALLILI	282.827	291.594	40.8884	43.4117	55.7787	180
Reject	408	LLLLAILLALLFVLLSLLILI	LLLLAILLSLLFVLLSLLILI	282.827	288.093	40.8884	44.8689	55.7787	180
Reject	409	LLLLAILLALLFVLLSLLILI	LLLLAILLALLFVLLSALILI	282.827	284.637	40.8884	45.5917	51.0312	180
Reject	410	LLLLAILLALLFVLLSLLILI	LLLLAILLALLFTLLSLLILI	282.827	288.51	40.8884	44.7165	51.0312	180
Reject	411	LLLLAILLALLFVLLSLLILI	LLLLAILLAVLFVLLSLLILI	282.827	283.207	40.8884	43.9406	51.0312	180
Reject	412	LLLLAILLALLFVLLSLLILI	LLLLTILLALLFVLLSLLILI	282.827	283.791	40.8884	41.3623	51.0312	180
Reject	413	LLLLAILLALLFVLLSLLILI	LLLLAILLSLLFVLLSLLILI	282.827	288.093	40.8884	44.8689	51.0312	180
Reject	414	LLLLAILLALLFVLLSLLILI	LLLLAILLAVLFVLLSLLILI	282.827	283.207	40.8884	43.9406	51.0312	180
Reject	415	LLLLAILLALLFVLLSLLILI	LLLLAILLAVLFVLLSLLILI	282.827	283.207	40.8884	43.9406	46.6879	180
Reject	416	LLLLAILLALLFVLLSLLILI	LLLLAILLALLFVLLALLILI	282.827	291.594	40.8884	43.4117	46.6879	180
Reject	417	LLLLAILLALLFVLLSLLILI	LLLLAILLALLTVLLSLLILI	282.827	287.369	40.8884	43.2287	46.6879	180
Reject	418	LLLLAILLALLFVLLSLLILI	LLLLAILLAVLFVLLSLLILI	282.827	283.207	40.8884	43.9406	46.6879	180
Reject	419	LLLLAILLALLFVLLSLLILI	LLLLAILLALLTVLLSLLILI	282.827	287.369	40.8884	43.2287	46.6879	180
Reject	420	LLLLAILLALLFVLLSLLILI	LLLLAILLALLFVLLSALILI	282.827	284.637	40.8884	45.5917	46.6879	180
Reject	421	LLLLAILLALLFVLLSLLILI	LLLLAILLALLFTLLSLLILI	282.827	288.51	40.8884	44.7165	42.7142	180
Reject	422	LLLLAILLALLFVLLSLLILI	LLLLAILLALLFTLLSLLILI	282.827	288.51	40.8884	44.7165	42.7142	180
Reject	423	LLLLAILLALLFVLLSLLILI	LLLLAILLALLFVLLALLILI	282.827	291.594	40.8884	43.4117	42.7142	180
Reject	424	LLLLAILLALLFVLLSLLILI	LLLLAILLALLFVLLALLILI	282.827	291.594	40.8884	43.4117	42.7142	180
Reject	425	LLLLAILLALLFVLLSLLILI	LLLLAILLAVLFVLLSLLILI	282.827	283.207	40.8884	43.9406	42.7142	180
Reject	426	LLLLAILLALLFVLLSLLILI	LLLLAILLALLFVLLSALILI	282.827	284.637	40.8884	45.5917	42.7142	180
Reject	427	LLLLAILLALLFVLLSLLILI	LLLLAVLLALLFVLLSLLILI	282.827	285.09	40.8884	44.7521	39.0787	180
Reject	428	LLLLAILLALLFVLLSLLILI	LLLLAILLALLTVLLSLLILI	282.827	287.369	40.8884	43.2287	39.0787	180
Reject	429	LLLLAILLALLFVLLSLLILI	LLLLAVLLALLFVLLSLLILI	282.827	285.09	40.8884	44.7521	39.0787	180
Reject	430	LLLLAILLALLFVLLSLLILI	LLLLAVLLALLFVLLSLLILI	282.827	285.09	40.8884	44.7521	39.0787	180
Reject	431	LLLLAILLALLFVLLSLLILI	LLLLAVLLALLFVLLSLLILI	282.827	285.09	40.8884	44.7521	39.0787	180
Reject	432	LLLLAILLALLFVLLSLLILI	LLLLAILLALLTVLLSLLILI	282.827	287.369	40.8884	43.2287	39.0787	180
Reject	433	LLLLAILLALLFVLLSLLILI	LLLLAVLLALLFVLLSLLILI	282.827	285.09	40.8884	44.7521	35.7526	180
Reject	434	LLLLAILLALLFVLLSLLILI	LLLLAILLALLFVLLSALILI	282.827	284.637	40.8884	45.5917	35.7526	180
Reject	435	LLLLAILLALLFVLLSLLILI	LLLLTILLALLFVLLSLLILI	282.827	283.791	40.8884	41.3623	35.7526	180
Reject	436	LLLLAILLALLFVLLSLLILI	LLLLAILLALLFVLLALLILI	282.827	291.594	40.8884	43.4117	35.7526	180
Reject	437	LLLLAILLALLFVLLSLLILI	LLLLAVLLALLFVLLSLLILI	282.827	285.09	40.8884	44.7521	35.7526	180
Reject	438	LLLLAILLALLFVLLSLLILI	LLLLAILLALLFVLLSALILI	282.827	284.637	40.8884	45.5917	35.7526	180
Reject	439	LLLLAILLALLFVLLSLLILI	LLLLAILLALLTVLLSLLILI	282.827	287.369	40.8884	43.2287	32.7096	180
Reject	440	LLLLAILLALLFVLLSLLILI	LLLLTILLALLFVLLSLLILI	282.827	283.791	40.8884	41.3623	32.7096	180
Reject	441	LLLLAILLALLFVLLSLLILI	LLLLAILLALLFTLLSLLILI	282.827	288.51	40.8884	44.7165	32.7096	180
Reject	442	LLLLAILLALLFVLLSLLILI	LLLLAILLSLLFVLLSLLILI	282.827	288.093	40.8884	44.8689	32.7096	180
Reject	443	LLLLAILLALLFVLLSLLILI	LLLLAILLAVLFVLLSLLILI	282.827	283.207	40.8884	43.9406	32.7096	180
Reject	444	LLLLAILLALLFVLLSLLILI	LLLLAILLAVLFVLLSLLILI	282.827	283.207	40.8884	43.9406	32.7096	180
Reject	445	LLLLAILLALLFVLLSLLILI	LLLLAILLALLFTLLSLLILI	282.827	288.51	40.8884	44.7165	29.9257	180
Reject	446	LLLLAILLALLFVLLSLLILI	LLLLAILLSLLFVLLSLLILI	282.827	288.093	40.8884	44.8689	29.9257	180
Reject	447	LLLLAILLALLFVLLSLLILI	LLLLAVLLALLFVLLSLLILI	282.827	285.09	40.8884	44.7521	29.9257	180
Reject	448	LLLLAILLALLFVLLSLLILI	LLLLAILLALLTVLLSLLILI	282.827	287.369	40.8884	43.2287	29.9257	180
Reject	449	LLLLAILLALLFVLLSLLILI	LLLLAILLSLLFVLLSLLILI	282.827	288.093	40.8884	44.8689	29.9257	180
Reject	450	LLLLAILLALLFVLLSLLILI	LLLLAILLALLFTLLSLLILI	282.827	288.51	40.8884	44.7165	29.9257	180
Reject	451	LLLLAILLALLFVLLSLLILI	LLLLAILLALLFVLLALLILI	282.827	291.594	40.8884	43.4117	27.3786	180
Reject	452	LLLLAILLALLFVLLSLLILI	LLLLAILLALLFTLLSLLILI	282.827	288.51	40.8884	44.7165	27.3786	180
Reject	453	LLLLAILLALLFVLLSLLILI	LLLLAILLAVLFVLLSLLILI	282.827	283.207	40.8884	43.9406	27.3786	180
Reject	454	LLLLAILLALLFVLLSLLILI	LLLLAVLLALLFVLLSLLILI	282.827	285.09	40.8884	44.7521	27.3786	180
Reject	455	LLLLAILLALLFVLLSLLILI	LLLLAILLALLFVLLSALILI	282.827	284.637	40.8884	45.5917	27.3786	180
Reject	456	LLLLAILLALLFVLLSLLILI	LLLLAILLALLFVLLALLILI	282.827	291.594	40.8884	43.4117	27.3786	180
Reject	457	LLLLAILLALLFVLLSLLILI	LLLLAVLLALLFVLLSLLILI	282.827	285.09	40.8884	44.7521	25.0484	180
Reject	458	LLLLAILLALLFVLLSLLILI	LLLLTILLALLFVLLSLLILI	282.827	283.791	40.8884	41.3623	25.0484	180
Reject	459	LLLLAILLALLFVLLSLLILI	LLLLAILLALLFVLLSALILI	282.827	284.637	40.8884	45.5917	25.0484	180
Reject	460	LLLLAILLALLFVLLSLLILI	LLLLAVLLALLFVLLSLLILI	282.827	285.09	40.8884	44.7521	25.0484	180
Reject	461	LLLLAILLALLFVLLSLLILI	LLLLAILLSLLFVLLSLLILI	282.827	288.093	40.8884	44.8689	25.0484	180
Reject	462	LLLLAILLALLFVLLSLLILI	LLLLAVLLALLFVLLSLLILI	282.827	285.09	40.8884	44.7521	25.0484	180
Reject	463	LLLLAILLALLFVLLSLLILI	LLLLAILLALLFTLLSLLILI	282.827	288.51	40.8884	44.7165	22.9165	180
Reject	464	LLLLAILLALLFVLLSLLILI	LLLLTILLALLFVLLSLLILI	282.827	283.791	40.8884	41.3623	22.9165	180
Reject	465	LLLLAILLALLFVLLSLLILI	LLLLAILLALLFVLLSALILI	282.827	284.637	40.8884	45.5917	22.9165	180
Reject	466	LLLLAILLALLFVLLSLLILI	LLLLAVLLALLFVLLSLLILI	282.827	285.09	40.8884	44.7521	22.9165	180
Reject	467	LLLLAILLALLFVLLSLLILI	LLLLAILLALLTVLLSLLILI	282.827	287.369	40.8884	43.2287	22.9165	180
Reject	468	LLLLAILLALLFVLLSLLILI	LLLLAILLAVLFVLLSLLILI	282.827	283.207	40.8884	43.9406	22.9165	180
Reject	469	LLLLAILLALLFVLLSLLILI	LLLLTILLALLFVLLSLLILI	282.827	283.791	40.8884	41.3623	20.966	180
Reject	470	LLLLAILLALLFVLLSLLILI	LLLLAVLLALLFVLLSLLILI	282.827	285.09	40.8884	44.7521	20.966	180
Reject	471	LLLLAILLALLFVLLSLLILI	LLLLAILLAVLFVLLSLLILI	282.827	283.207	40.8884	43.9406	20.966	180
Reject	472	LLLLAILLALLFVLLSLLILI	LLLLAILLALLTVLLSLLILI	282.827	287.369	40.8884	43.2287	20.966	180
Reject	473	LLLLAILLALLFVLLSLLILI	LLLLAILLAVLFVLLSLLILI	282.827	283.207	40.8884	43.9406	20.966	180
Reject	474	LLLLAILLALLFVLLSLLILI	LLLLAILLSLLFVLLSLLILI	282.827	288.093	40.8884	44.8689	20.966	180
Reject	475	LLLLAILLALLFVLLSLLILI	LLLLAILLALLFTLLSLLILI	282.827	288.51	40.8884	44.7165	19.1815	180
Reject	476	LLLLAILLALLFVLLSLLILI	LLLLAILLALLTVLLSLLILI	282.827	287.369	40.8884	43.2287	19.1815	180
Reject	477	LLLLAILLALLFVLLSLLILI	LLLLTILLALLFVLLSLLILI	282.827	283.791	40.8884	41.3623	19.1815	180
Reject	478	LLLLAILLALLFVLLSLLILI	LLLLAILLALLFVLLALLILI	282.827	291.594	40.8884	43.4117	19.1815	180
Reject	479	LLLLAILLALLFVLLSLLILI	LLLLAILLALLTVLLSLLILI	282.827	287.369	40.8884	43.2287	19.1815	180
Reject	480	LLLLAILLALLFVLLSLLILI	LLLLAILLALLTVLLSLLILI	282.827	287.369	40.8884	43.2287	19.1815	180
Reject	481	LLLLAILLALLFVLLSLLILI	LLLLAILLALLFVLLSALILI	282.827	284.637	40.8884	45.5917	17.549	180
Reject	482	LLLLAILLALLFVLLSLLILI	LLLLAILLALLFTLLSLLILI	282.827	288.51	40.8884	44.7165	17.549	180
Reject	483	LLLLAILLALLFVLLSLLILI	LLLLAILLSLLFVLLSLLILI	282.827	288.093	40.8884	44.8689	17.549	180
Reject	484	LLLLAILLALLFVLLSLLILI	LLLLAILLAVLFVLLSLLILI	282.827	283.207	40.8884	43.9406	17.549	180
Reject	485	LLLLAILLALLFVLLSLLILI	LLLLAILLALLTVLLSLLILI	282.827	287.369	40.8884	43.2287	17.549	180
Reject	486	LLLLAILLALLFVLLSLLILI	LLLLAILLALLFVLLSALILI	282.827	284.637	40.8884	45.5917	17.549	180
Reject	487	LLLLAILLALLFVLLSLLILI	LLLLAILLALLFTLLSLLILI	282.827	288.51	40.8884	44.7165	16.0553	180
Reject	488	LLLLAILLALLFVLLSLLILI	LLLLAILLALLFVLLSALILI	282.827	284.637	40.8884	45.5917	16.0553	180
Reject	489	LLLLAILLALLFVLLSLLILI	LLLLAILLAVLFVLLSLLILI	282.827	283.207	40.8884	43.9406	16.0553	180
Reject	490	LLLLAILLALLFVLLSLLILI	LLLLAILLALLFVLLALLILI	282.827	291.594	40.8884	43.4117	16.0553	180
Reject	491	LLLLAILLALLFVLLSLLILI	LLLLTILLALLFVLLSLLILI	282.827	283.791	40.8884	41.3623	16.0553	180
Reject	492	LLLLAILLALLFVLLSLLILI	LLLLAILLALLFVLLALLILI	282.827	291.594	40.8884	43.4117	16.0553	180
Reject	493	LLLLAILLALLFVLLSLLILI	LLLLAILLALLFTLLSLLILI	282.827	288.51	40.8884	44.7165	14.6888	180
Reject	494	LLLLAILLALLFVLLSLLILI	LLLLAILLALLFVLLALLILI	282.827	291.594	40.8884	43.4117	14.6888	180
Reject	495	LLLLAILLALLFVLLSLLILI	LLLLAILLALLFVLLALLILI	282.827	291.594	40.8884	43.4117	14.6888	180
Reject	496	LLLLAILLALLFVLLSLLILI	LLLLAILLSLLFVLLSLLILI	282.827	288.093	40.8884	44.8689	14.6888	180
Reject	497	LLLLAILLALLFVLLSLLILI	LLLLAILLSLLFVLLSLLILI	282.827	288.093	40.8884	44.8689	14.6888	180
Reject	498	LLLLAILLALLFVLLSLLILI	LLLLAVLLALLFVLLSLLILI	282.827	285.09	40.8884	44.7521	14.6888	180
Reject	499	LLLLAILLALLFVLLSLLILI	LLLLAILLALLFTLLSLLILI	282.827	288.51	40.8884	44.7165	13.4386	180
Reject	500	LLLLAILLALLFVLLSLLILI	LLLLAVLLALLFVLLSLLILI	282.827	285.09	40.8884	44.7521	13.4386	180
Reject	501	LLLLAILLALLFVLLSLLILI	LLLLAILLALLTVLLSLLILI	282.827	287.369	40.8884	43.2287	13.4386	180
Reject	502	LLLLAILLALLFVLLSLLILI	LLLLAILLALLFVLLSALILI	282.827	284.637	40.8884	45.5917	13.4386	180
Reject	503	LLLLAILLALLFVLLSLLILI	LLLLAILLALLTVLLSLLILI	282.827	287.369	40.8884	43.2287	13.4386	180
Reject	504	LLLLAILLALLFVLLSLLILI	LLLLAVLLALLFVLLSLLILI	282.827	285.09	40.8884	44.7521	13.4386	180
Reject	505	LLLLAILLALLFVLLSLLILI	LLLLAILLAVLFVLLSLLILI	282.827	283.207	40.8884	43.9406	12.2949	180
Reject	506	LLLLAILLALLFVLLSLLILI	LLLLAILLALLTVLLSLLILI	282.827	287.369	40.8884	43.2287	12.2949	180
Reject	507	LLLLAILLALLFVLLSLLILI	LLLLTILLALLFVLLSLLILI	282.827	283.791	40.8884	41.3623	12.2949	180
Reject	508	LLLLAILLALLFVLLSLLILI	LLLLAILLALLTVLLSLLILI	282.827	287.369	40.8884	43.2287	12.2949	180
Reject	509	LLLLAILLALLFVLLSLLILI	LLLLAILLALLFTLLSLLILI	282.827	288.51	40.8884	44.7165	12.2949	180
Reject	510	LLLLAILLALLFVLLSLLILI	LLLLAILLALLFTLLSLLILI	282.827	288.51	40.8884	44.7165	12.2949	180
Reject	511	LLLLAILLALLFVLLSLLILI	LLLLTILLALLFVLLSLLILI	282.827	283.791	40.8884	41.3623	11.2484	180
Reject	512	LLLLAILLALLFVLLSLLILI	LLLLAILLAVLFVLLSLLILI	282.827	283.207	40.8884	43.9406	11.2484	180
Reject	513	LLLLAILLALLFVLLSLLILI	LLLLAILLAVLFVLLSLLILI	282.827	283.207	40.8884	43.9406	11.2484	180
Reject	514	LLLLAILLALLFVLLSLLILI	LLLLAILLALLTVLLSLLILI	282.827	287.369	40.8884	43.2287	11.2484	180
Reject	515	LLLLAILLALLFVLLSLLILI	LLLLAILLSLLFVLLSLLILI	282.827	288.093	40.8884	44.8689	11.2484	180
Reject	516	LLLLAILLALLFVLLSLLILI	LLLLAVLLALLFVLLSLLILI	282.827	285.09	40.8884	44.7521	11.2484	180
Reject	517	LLLLAILLALLFVLLSLLILI	LLLLAILLALLFVLLALLILI	282.827	291.594	40.8884	43.4117	10.291	180
Reject	518	LLLLAILLALLFVLLSLLILI	LLLLTILLALLFVLLSLLILI	282.827	283.791	40.8884	41.3623	10.291	180
Reject	519	LLLLAILLALLFVLLSLLILI	LLLLAILLALLTVLLSLLILI	282.827	287.369	40.8884	43.2287	10.291	180
Reject	520	LLLLAILLALLFVLLSLLILI	LLLLAILLALLFTLLSLLILI	282.827	288.51	40.8884	44.7165	10.291	180
Reject	521	LLLLAILLALLFVLLSLLILI	LLLLAILLALLFVLLSALILI	282.827	284.637	40.8884	45.5917	10.291	180
Reject	522	LLLLAILLALLFVLLSLLILI	LLLLAILLALLFVLLSALILI	282.827	284.637	40.8884	45.5917	10.291	180
Reject	523	LLLLAILLALLFVLLSLLILI	LLLLAILLAVLFVLLSLLILI	282.827	283.207	40.8884	43.9406	9.41515	180
Reject	524	LLLLAILLALLFVLLSLLILI	LLLLAVLLALLFVLLSLLILI	282.827	285.09	40.8884	44.7521	9.41515	180
Reject	525	LLLLAILLALLFVLLSLLILI	LLLLAILLALLFTLLSLLILI	282.827	288.51	40.8884	44.7165	9.41515	180
Reject	526	LLLLAILLALLFVLLSLLILI	LLLLAILLSLLFVLLSLLILI	282.827	288.093	40.8884	44.8689	9.41515	180
Reject	527	LLLLAILLALLFVLLSLLILI	LLLLAILLAVLFVLLSLLILI	282.827	283.207	40.8884	43.9406	9.41515	180
Reject	528	LLLLAILLALLFVLLSLLILI	LLLLAILLSLLFVLLSLLILI	282.827	288.093	40.8884	44.8689	9.41515	180
Reject	529	LLLLAILLALLFVLLSLLILI	LLLLAILLALLFVLLALLILI	282.827	291.594	40.8884	43.4117	8.61381	180
Reject	530	LLLLAILLALLFVLLSLLILI	LLLLAILLALLFVLLALLILI	282.827	291.594	40.8884	43.4117	8.61381	180
Reject	531	LLLLAILLALLFVLLSLLILI	LLLLAILLALLFVLLSALILI	282.827	284.637	40.8884	45.5917	8.61381	180
Reject	532	LLLLAILLALLFVLLSLLILI	LLLLAILLALLTVLLSLLILI	282.827	287.369	40.8884	43.2287	8.61381	180
Reject	533	LLLLAILLALLFVLLSLLILI	LLLLAILLALLFVLLSALILI	282.827	284.637	40.8884	45.5917	8.61381	180
Reject	534	LLLLAILLALLFVLLSLLILI	LLLLAILLALLFVLLSALILI	282.827	284.637	40.8884	45.5917	8.61381	180
Reject	535	LLLLAILLALLFVLLSLLILI	LLLLAILLSLLFVLLSLLILI	282.827	288.093	40.8884	44.8689	7.88067	180
Reject	536	LLLLAILLALLFVLLSLLILI	LLLLTILLALLFVLLSLLILI	282.827	283.791	40.8884	41.3623	7.88067	180
Reject	537	LLLLAILLALLFVLLSLLILI	LLLLTILLALLFVLLSLLILI	282.827	283.791	40.8884	41.3623	7.88067	180
Reject	538	LLLLAILLALLFVLLSLLILI	LLLLTILLALLFVLLSLLILI	282.827	283.791	40.8884	41.3623	7.88067	180
Reject	539	LLLLAILLALLFVLLSLLILI	LLLLAILLAVLFVLLSLLILI	282.827	283.207	40.8884	43.9406	7.88067	180
Reject	540	LLLLAILLALLFVLLSLLILI	LLLLAILLALLFVLLSALILI	282.827	284.637	40.8884	45.5917	7.88067	180
Reject	541	LLLLAILLALLFVLLSLLILI	LLLLAILLSLLFVLLSLLILI	282.827	288.093	40.8884	44.8689	7.20993	180
Reject	542	LLLLAILLALLFVLLSLLILI	LLLLAILLALLTVLLSLLILI	282.827	287.369	40.8884	43.2287	7.20993	180
Reject	543	LLLLAILLALLFVLLSLLILI	LLLLAILLALLFVLLSALILI	282.827	284.637	40.8884	45.5917	7.20993	180
Reject	544	LLLLAILLALLFVLLSLLILI	LLLLAILLALLFVLLSALILI	282.827	284.637	40.8884	45.5917	7.20993	180
Reject	545	LLLLAILLALLFVLLSLLILI	LLLLAILLSLLFVLLSLLILI	282.827	288.093	40.8884	44.8689	7.20993	180
Reject	546	LLLLAILLALLFVLLSLLILI	LLLLTILLALLFVLLSLLILI	282.827	283.791	40.8884	41.3623	7.20993	180
Reject	547	LLLLAILLALLFVLLSLLILI	LLLLAILLALLTVLLSLLILI	282.827	287.369	40.8884	43.2287	6.59628	180
Reject	548	LLLLAILLALLFVLLSLLILI	LLLLAILLSLLFVLLSLLILI	282.827	288.093	40.8884	44.8689	6.59628	180
Reject	549	LLLLAILLALLFVLLSLLILI	LLLLAILLSLLFVLLSLLILI	282.827	288.093	40.8884	44.8689	6.59628	180
Reject	550	LLLLAILLALLFVLLSLLILI	LLLLAILLALLFVLLALLILI	282.827	291.594	40.8884	43.4117	6.59628	180
Reject	551	LLLLAILLALLFVLLSLLILI	LLLLTILLALLFVLLSLLILI	282.827	283.791	40.8884	41.3623	6.59628	180
Reject	552	LLLLAILLALLFVLLSLLILI	LLLLAILLALLFVLLALLILI	282.827	291.594	40.8884	43.4117	6.59628	180
Reject	553	LLLLAILLALLFVLLSLLILI	LLLLAILLALLFTLLSLLILI	282.827	288.51	40.8884	44.7165	6.03486	180
Reject	554	LLLLAILLALLFVLLSLLILI	LLLLTILLALLFVLLSLLILI	282.827	283.791	40.8884	41.3623	6.03486	180
Reject	555	LLLLAILLALLFVLLSLLILI	LLLLAILLAVLFVLLSLLILI	282.827	283.207	40.8884	43.9406	6.03486	180
Reject	556	LLLLAILLALLFVLLSLLILI	LLLLAILLALLFVLLALLILI	282.827	291.594	40.8884	43.4117	6.03486	180
Reject	557	LLLLAILLALLFVLLSLLILI	LLLLAILLSLLFVLLSLLILI	282.827	288.093	40.8884	44.8689	6.03486	180
Reject	558	LLLLAILLALLFVLLSLLILI	LLLLTILLALLFVLLSLLILI	282.827	283.791	40.8884	41.3623	6.03486	180
Reject	559	LLLLAILLALLFVLLSLLILI	LLLLAILLSLLFVLLSLLILI	282.827	288.093	40.8884	44.8689	5.52122	180
Reject	560	LLLLAILLALLFVLLSLLILI	LLLLTILLALLFVLLSLLILI	282.827	283.791	40.8884	41.3623	5.52122	180
Reject	561	LLLLAILLALLFVLLSLLILI	LLLLAVLLALLFVLLSLLILI	282.827	285.09	40.8884	44.7521	5.52122	180
Reject	562	LLLLAILLALLFVLLSLLILI	LLLLAVLLALLFVLLSLLILI	282.827	285.09	40.8884	44.7521	5.52122	180
Reject	563	LLLLAILLALLFVLLSLLILI	LLLLAILLALLTVLLSLLILI	282.827	287.369	40.8884	43.2287	5.52122	180
Reject	564	LLLLAILLALLFVLLSLLILI	LLLLAILLALLFTLLSLLILI	282.827	288.51	40.8884	44.7165	5.52122	180
Reject	565	LLLLAILLALLFVLLSLLILI	LLLLAILLALLTVLLSLLILI	282.827	287.369	40.8884	43.2287	5.0513	180
Reject	566	LLLLAILLALLFVLLSLLILI	LLLLAILLAVLFVLLSLLILI	282.827	283.207	40.8884	43.9406	5.0513	180
Reject	567	LLLLAILLALLFVLLSLLILI	LLLLAILLAVLFVLLSLLILI	282.827	283.207	40.8884	43.9406	5.0513	180
Reject	568	LLLLAILLALLFVLLSLLILI	LLLLAVLLALLFVLLSLLILI	282.827	285.09	40.8884	44.7521	5.0513	180
Reject	569	LLLLAILLALLFVLLSLLILI	LLLLAVLLALLFVLLSLLILI	282.827	285.09	40.8884	44.7521	5.0513	180
Reject	570	LLLLAILLALLFVLLSLLILI	LLLLTILLALLFVLLSLLILI	282.827	283.791	40.8884	41.3623	5.0513	180
Reject	571	LLLLAILLALLFVLLSLLILI	LLLLAVLLALLFVLLSLLILI	282.827	285.09	40.8884	44.7521	4.62137	180
Reject	572	LLLLAILLALLFVLLSLLILI	LLLLAILLALLFVLLSALILI	282.827	284.637	40.8884	45.5917	4.62137	180
Reject	573	LLLLAILLALLFVLLSLLILI	LLLLTILLALLFVLLSLLILI	282.827	283.791	40.8884	41.3623	4.62137	180
Reject	574	LLLLAILLALLFVLLSLLILI	LLLLAILLAVLFVLLSLLILI	282.827	283.207	40.8884	43.9406	4.62137	180
Reject	575	LLLLAILLALLFVLLSLLILI	LLLLAVLLALLFVLLSLLILI	282.827	285.09	40.8884	44.7521	4.62137	180
Reject	576	LLLLAILLALLFVLLSLLILI	LLLLAILLALLFVLLALLILI	282.827	291.594	40.8884	43.4117	4.62137	180
Reject	577	LLLLAILLALLFVLLSLLILI	LLLLAILLALLFVLLALLILI	282.827	291.594	40.8884	43.4117	4.22804	180
Reject	578	LLLLAILLALLFVLLSLLILI	LLLLAILLALLTVLLSLLILI	282.827	287.369	40.8884	43.2287	4.22804	180
Reject	579	LLLLAILLALLFVLLSLLILI	LLLLAVLLALLFVLLSLLILI	282.827	285.09	40.8884	44.7521	4.22804	180
Reject	580	LLLLAILLALLFVLLSLLILI	LLLLAILLALLTVLLSLLILI	282.827	287.369	40.8884	43.2287	4.22804	180
Reject	581	LLLLAILLALLFVLLSLLILI	LLLLTILLALLFVLLSLLILI	282.827	283.791	40.8884	41.3623	4.22804	180
Reject	582	LLLLAILLALLFVLLSLLILI	LLLLAILLALLFTLLSLLILI	282.827	288.51	40.8884	44.7165	4.22804	180
Reject	583	LLLLAILLALLFVLLSLLILI	LLLLAVLLALLFVLLSLLILI	282.827	285.09	40.8884	44.7521	3.86818	180
Reject	584	LLLLAILLALLFVLLSLLILI	LLLLTILLALLFVLLSLLILI	282.827	283.791	40.8884	41.3623	3.86818	180
Reject	585	LLLLAILLALLFVLLSLLILI	LLLLAILLALLTVLLSLLILI	282.827	287.369	40.8884	43.2287	3.86818	180
Reject	586	LLLLAILLALLFVLLSLLILI	LLLLAILLALLFVLLALLILI	282.827	291.594	40.8884	43.4117	3.86818	180
Reject	587	LLLLAILLALLFVLLSLLILI	LLLLAILLALLFTLLSLLILI	282.827	288.51	40.8884	44.7165	3.86818	180
Reject	588	LLLLAILLALLFVLLSLLILI	LLLLAILLALLFTLLSLLILI	282.827	288.51	40.8884	44.7165	3.86818	180
Reject	589	LLLLAILLALLFVLLSLLILI	LLLLAILLALLTVLLSLLILI	282.827	287.369	40.8884	43.2287	3.53895	180
Reject	590	LLLLAILLALLFVLLSLLILI	LLLLAILLALLFVLLSALILI	282.827	284.637	40.8884	45.5917	3.53895	180
Reject	591	LLLLAILLALLFVLLSLLILI	LLLLAILLALLTVLLSLLILI	282.827	287.369	40.8884	43.2287	3.53895	180
Reject	592	LLLLAILLALLFVLLSLLILI	LLLLAILLALLFVLLALLILI	282.827	291.594	40.8884	43.4117	3.53895	180
Reject	593	LLLLAILLALLFVLLSLLILI	LLLLAILLAVLFVLLSLLILI	282.827	283.207	40.8884	43.9406	3.53895	180
Reject	594	LLLLAILLALLFVLLSLLILI	LLLLTILLALLFVLLSLLILI	282.827	283.791	40.8884	41.3623	3.53895	180
Reject	595	LLLLAILLALLFVLLSLLILI	LLLLAILLALLFVLLSALILI	282.827	284.637	40.8884	45.5917	3.23775	180
Reject	596	LLLLAILLALLFVLLSLLILI	LLLLAILLALLFVLLSALILI	282.827	284.637	40.8884	45.5917	3.23775	180
Reject	597	LLLLAILLALLFVLLSLLILI	LLLLAILLALLFVLLSALILI	282.827	284.637	40.8884	45.5917	3.23775	180
Reject	598	LLLLAILLALLFVLLSLLILI	LLLLTILLALLFVLLSLLILI	282.827	283.791	40.8884	41.3623	3.23775	180
Reject	599	LLLLAILLALLFVLLSLLILI	LLLLAILLALLFTLLSLLILI	282.827	288.51	40.8884	44.7165	3.23775	180
Reject	600	LLLLAILLALLFVLLSLLILI	LLLLAVLLALLFVLLSLLILI	282.827	285.09	40.8884	44.7521	3.23775	180
Reject	601	LLLLAILLALLFVLLSLLILI	LLLLAILLALLTVLLSLLILI	282.827	287.369	40.8884	43.2287	2.96218	180
Reject	602	LLLLAILLALLFVLLSLLILI	LLLLAILLALLFVLLSALILI	282.827	284.637	40.8884	45.5917	2.96218	180
Reject	603	LLLLAILLALLFVLLSLLILI	LLLLTILLALLFVLLSLLILI	282.827	283.791	40.8884	41.3623	2.96218	180
Reject	604	LLLLAILLALLFVLLSLLILI	LLLLAILLSLLFVLLSLLILI	282.827	288.093	40.8884	44.8689	2.96218	180
Reject	605	LLLLAILLALLFVLLSLLILI	LLLLAILLALLFVLLALLILI	282.827	291.594	40.8884	43.4117	2.96218	180
Reject	606	LLLLAILLALLFVLLSLLILI	LLLLTILLALLFVLLSLLILI	282.827	283.791	40.8884	41.3623	2.96218	180
Reject	607	LLLLAILLALLFVLLSLLILI	LLLLAILLALLFVLLALLILI	282.827	291.594	40.8884	43.4117	2.71006	180
Reject	608	LLLLAILLALLFVLLSLLILI	LLLLTILLALLFVLLSLLILI	282.827	283.791	40.8884	41.3623	2.71006	180
Reject	609	LLLLAILLALLFVLLSLLILI	LLLLTILLALLFVLLSLLILI	282.827	283.791	40.8884	41.3623	2.71006	180
Reject	610	LLLLAILLALLFVLLSLLILI	LLLLAILLAVLFVLLSLLILI	282.827	283.207	40.8884	43.9406	2.71006	180
Reject	611	LLLLAILLALLFVLLSLLILI	LLLLTILLALLFVLLSLLILI	282.827	283.791	40.8884	41.3623	2.71006	180
Reject	612	LLLLAILLALLFVLLSLLILI	LLLLAILLALLTVLLSLLILI	282.827	287.369	40.8884	43.2287	2.71006	180
Reject	613	LLLLAILLALLFVLLSLLILI	LLLLAILLALLTVLLSLLILI	282.827	287.369	40.8884	43.2287	2.4794	180
Reject	614	LLLLAILLALLFVLLSLLILI	LLLLAVLLALLFVLLSLLILI	282.827	285.09	40.8884	44.7521	2.4794	180
Reject	615	LLLLAILLALLFVLLSLLILI	LLLLAILLSLLFVLLSLLILI	282.827	288.093	40.8884	44.8689	2.4794	180
Reject	616	LLLLAILLALLFVLLSLLILI	LLLLAILLALLFVLLALLILI	282.827	291.594	40.8884	43.4117	2.4794	180
Reject	617	LLLLAILLALLFVLLSLLILI	LLLLAILLSLLFVLLSLLILI	282.827	288.093	40.8884	44.8689	2.4794	180
Reject	618	LLLLAILLALLFVLLSLLILI	LLLLAILLSLLFVLLSLLILI	282.827	288.093	40.8884	44.8689	2.4794	180
Reject	619	LLLLAILLALLFVLLSLLILI	LLLLAILLALLFVLLSALILI	282.827	284.637	40.8884	45.5917	2.26837	180
Reject	620	LLLLAILLALLFVLLSLLILI	LLLLAILLAVLFVLLSLLILI	282.827	283.207	40.8884	43.9406	2.26837	180
Reject	621	LLLLAILLALLFVLLSLLILI	LLLLTILLALLFVLLSLLILI	282.827	283.791	40.8884	41.3623	2.26837	180
Reject	622	LLLLAILLALLFVLLSLLILI	LLLLTILLALLFVLLSLLILI	282.827	283.791	40.8884	41.3623	2.26837	180
Reject	623	LLLLAILLALLFVLLSLLILI	LLLLAILLALLFTLLSLLILI	282.827	288.51	40.8884	44.7165	2.26837	180
Reject	624	LLLLAILLALLFVLLSLLILI	LLLLAILLALLFVLLSALILI	282.827	284.637	40.8884	45.5917	2.26837	180
Reject	625	LLLLAILLALLFVLLSLLILI	LLLLAVLLALLFVLLSLLILI	282.827	285.09	40.8884	44.7521	2.07531	180
Reject	626	LLLLAILLALLFVLLSLLILI	LLLLTILLALLFVLLSLLILI	282.827	283.791	40.8884	41.3623	2.07531	180
Reject	627	LLLLAILLALLFVLLSLLILI	LLLLAILLALLFTLLSLLILI	282.827	288.51	40.8884	44.7165	2.07531	180
Reject	628	LLLLAILLALLFVLLSLLILI	LLLLAILLALLFVLLALLILI	282.827	291.594	40.8884	43.4117	2.07531	180
Reject	629	LLLLAILLALLFVLLSLLILI	LLLLAVLLALLFVLLSLLILI	282.827	285.09	40.8884	44.7521	2.07531	180
Reject	630	LLLLAILLALLFVLLSLLILI	LLLLAILLALLFVLLALLILI	282.827	291.594	40.8884	43.4117	2.07531	180
Reject	631	LLLLAILLALLFVLLSLLILI	LLLLAVLLALLFVLLSLLILI	282.827	285.09	40.8884	44.7521	1.89867	180
Reject	632	LLLLAILLALLFVLLSLLILI	LLLLAILLALLFVLLALLILI	282.827	291.594	40.8884	43.4117	1.89867	180
Reject	633	LLLLAILLALLFVLLSLLILI	LLLLAVLLALLFVLLSLLILI	282.827	285.09	40.8884	44.7521	1.89867	180
Reject	634	LLLLAILLALLFVLLSLLILI	LLLLAILLALLFVLLALLILI	282.827	291.594	40.8884	43.4117	1.89867	180
Reject	635	LLLLAILLALLFVLLSLLILI	LLLLTILLALLFVLLSLLILI	282.827	283.791	40.8884	41.3623	1.89867	180
Reject	636	LLLLAILLALLFVLLSLLILI	LLLLAILLALLFVLLSALILI	282.827	284.637	40.8884	45.5917	1.89867	180
Reject	637	LLLLAILLALLFVLLSLLILI	LLLLAILLALLFTLLSLLILI	282.827	288.51	40.8884	44.7165	1.73707	180
Reject	638	LLLLAILLALLFVLLSLLILI	LLLLAILLALLFVLLSALILI	282.827	284.637	40.8884	45.5917	1.73707	180
Reject	639	LLLLAILLALLFVLLSLLILI	LLLLAILLAVLFVLLSLLILI	282.827	283.207	40.8884	43.9406	1.73707	180
Reject	640	LLLLAILLALLFVLLSLLILI	LLLLAVLLALLFVLLSLLILI	282.827	285.09	40.8884	44.7521	1.73707	180
Reject	641	LLLLAILLALLFVLLSLLILI	LLLLAILLALLFVLLALLILI	282.827	291.594	40.8884	43.4117	1.73707	180
Reject	642	LLLLAILLALLFVLLSLLILI	LLLLAILLSLLFVLLSLLILI	282.827	288.093	40.8884	44.8689	1.73707	180
Reject	643	LLLLAILLALLFVLLSLLILI	LLLLAILLALLFVLLSALILI	282.827	284.637	40.8884	45.5917	1.58923	180
Reject	644	LLLLAILLALLFVLLSLLILI	LLLLTILLALLFVLLSLLILI	282.827	283.791	40.8884	41.3623	1.58923	180
Reject	645	LLLLAILLALLFVLLSLLILI	LLLLAILLAVLFVLLSLLILI	282.827	283.207	40.8884	43.9406	1.58923	180
Reject	646	LLLLAILLALLFVLLSLLILI	LLLLAILLSLLFVLLSLLILI	282.827	288.093	40.8884	44.8689	1.58923	180
Reject	647	LLLLAILLALLFVLLSLLILI	LLLLAVLLALLFVLLSLLILI	282.827	285.09	40.8884	44.7521	1.58923	180
Reject	648	LLLLAILLALLFVLLSLLILI	LLLLAILLALLTVLLSLLILI	282.827	287.369	40.8884	43.2287	1.58923	180
Reject	649	LLLLAILLALLFVLLSLLILI	LLLLAILLAVLFVLLSLLILI	282.827	283.207	40.8884	43.9406	1.45397	180
Reject	650	LLLLAILLALLFVLLSLLILI	LLLLAVLLALLFVLLSLLILI	282.827	285.09	40.8884	44.7521	1.45397	180
Reject	651	LLLLAILLALLFVLLSLLILI	LLLLTILLALLFVLLSLLILI	282.827	283.791	40.8884	41.3623	1.45397	180
Reject	652	LLLLAILLALLFVLLSLLILI	LLLLAILLALLTVLLSLLILI	282.827	287.369	40.8884	43.2287	1.45397	180
Reject	653	LLLLAILLALLFVLLSLLILI	LLLLAILLALLFVLLALLILI	282.827	291.594	40.8884	43.4117	1.45397	180
Reject	654	LLLLAILLALLFVLLSLLILI	LLLLAILLALLFVLLALLILI	282.827	291.594	40.8884	43.4117	1.45397	180
Reject	655	LLLLAILLALLFVLLSLLILI	LLLLAILLALLFTLLSLLILI	282.827	288.51	40.8884	44.7165	1.33022	180
Reject	656	LLLLAILLALLFVLLSLLILI	LLLLAILLALLFVLLSALILI	282.827	284.637	40.8884	45.5917	1.33022	180
Reject	657	LLLLAILLALLFVLLSLLILI	LLLLAVLLALLFVLLSLLILI	282.827	285.09	40.8884	44.7521	1.33022	180
Reject	658	LLLLAILLALLFVLLSLLILI	LLLLAILLALLTVLLSLLILI	282.827	287.369	40.8884	43.2287	1.33022	180
Reject	659	LLLLAILLALLFVLLSLLILI	LLLLTILLALLFVLLSLLILI	282.827	283.791	40.8884	41.3623	1.33022	180
Reject	660	LLLLAILLALLFVLLSLLILI	LLLLAILLALLFTLLSLLILI	282.827	288.51	40.8884	44.7165	1.33022	180
Reject	661	LLLLAILLALLFVLLSLLILI	LLLLAILLALLFVLLSALILI	282.827	284.637	40.8884	45.5917	1.217	180
Reject	662	LLLLAILLALLFVLLSLLILI	LLLLAILLALLFVLLSALILI	282.827	284.637	40.8884	45.5917	1.217	180
Reject	663	LLLLAILLALLFVLLSLLILI	LLLLAVLLALLFVLLSLLILI	282.827	285.09	40.8884	44.7521	1.217	180
Reject	664	LLLLAILLALLFVLLSLLILI	LLLLAILLALLFVLLSALILI	282.827	284.637	40.8884	45.5917	1.217	180
Reject	665	LLLLAILLALLFVLLSLLILI	LLLLAILLAVLFVLLSLLILI	282.827	283.207	40.8884	43.9406	1.217	180
Reject	666	LLLLAILLALLFVLLSLLILI	LLLLAILLSLLFVLLSLLILI	282.827	288.093	40.8884	44.8689	1.217	180
Reject	667	LLLLAILLALLFVLLSLLILI	LLLLAILLALLFTLLSLLILI	282.827	288.51	40.8884	44.7165	1.11342	180
Reject	668	LLLLAILLALLFVLLSLLILI	LLLLAVLLALLFVLLSLLILI	282.827	285.09	40.8884	44.7521	1.11342	180
Reject	669	LLLLAILLALLFVLLSLLILI	LLLLAILLALLTVLLSLLILI	282.827	287.369	40.8884	43.2287	1.11342	180
Reject	670	LLLLAILLALLFVLLSLLILI	LLLLAVLLALLFVLLSLLILI	282.827	285.09	40.8884	44.7521	1.11342	180
Reject	671	LLLLAILLALLFVLLSLLILI	LLLLTILLALLFVLLSLLILI	282.827	283.791	40.8884	41.3623	1.11342	180
Reject	672	LLLLAILLALLFVLLSLLILI	LLLLAILLALLTVLLSLLILI	282.827	287.369	40.8884	43.2287	1.11342	180
Reject	673	LLLLAILLALLFVLLSLLILI	LLLLAILLSLLFVLLSLLILI	282.827	288.093	40.8884	44.8689	1.01865	180
Reject	674	LLLLAILLALLFVLLSLLILI	LLLLAILLALLTVLLSLLILI	282.827	287.369	40.8884	43.2287	1.01865	180
Reject	675	LLLLAILLALLFVLLSLLILI	LLLLTILLALLFVLLSLLILI	282.827	283.791	40.8884	41.3623	1.01865	180
Reject	676	LLLLAILLALLFVLLSLLILI	LLLLTILLALLFVLLSLLILI	282.827	283.791	40.8884	41.3623	1.01865	180
Reject	677	LLLLAILLALLFVLLSLLILI	LLLLAILLALLFVLLALLILI	282.827	291.594	40.8884	43.4117	1.01865	180
Reject	678	LLLLAILLALLFVLLSLLILI	LLLLAILLALLTVLLSLLILI	282.827	287.369	40.8884	43.2287	1.01865	180
Reject	679	LLLLAILLALLFVLLSLLILI	LLLLAILLALLFVLLSALILI	282.827	284.637	40.8884	45.5917	0.931954	180
Reject	680	LLLLAILLALLFVLLSLLILI	LLLLAILLSLLFVLLSLLILI	282.827	288.093	40.8884	44.8689	0.931954	180
Reject	681	LLLLAILLALLFVLLSLLILI	LLLLAILLALLFVLLALLILI	282.827	291.594	40.8884	43.4117	0.931954	180
Reject	682	LLLLAILLALLFVLLSLLILI	LLLLAILLALLFVLLALLILI	282.827	291.594	40.8884	43.4117	0.931954	180
Reject	683	LLLLAILLALLFVLLSLLILI	LLLLAILLALLFVLLSALILI	282.827	284.637	40.8884	45.5917	0.931954	180
Reject	684	LLLLAILLALLFVLLSLLILI	LLLLAVLLALLFVLLSLLILI	282.827	285.09	40.8884	44.7521	0.931954	180
Reject	685	LLLLAILLALLFVLLSLLILI	LLLLAILLALLFVLLSALILI	282.827	284.637	40.8884	45.5917	0.852633	180
Reject	686	LLLLAILLALLFVLLSLLILI	LLLLAILLALLFVLLALLILI	282.827	291.594	40.8884	43.4117	0.852633	180
Reject	687	LLLLAILLALLFVLLSLLILI	LLLLAILLALLFTLLSLLILI	282.827	288.51	40.8884	44.7165	0.852633	180
Reject	688	LLLLAILLALLFVLLSLLILI	LLLLAILLALLFVLLSALILI	282.827	284.637	40.8884	45.5917	0.852633	180
Reject	689	LLLLAILLALLFVLLSLLILI	LLLLAVLLALLFVLLSLLILI	282.827	285.09	40.8884	44.7521	0.852633	180
Reject	690	LLLLAILLALLFVLLSLLILI	LLLLAILLALLFVLLALLILI	282.827	291.594	40.8884	43.4117	0.852633	180
Reject	691	LLLLAILLALLFVLLSLLILI	LLLLAILLALLFVLLSALILI	282.827	284.637	40.8884	45.5917	0.780064	180
Reject	692	LLLLAILLALLFVLLSLLILI	LLLLAILLSLLFVLLSLLILI	282.827	288.093	40.8884	44.8689	0.780064	180
Reject	693	LLLLAILLALLFVLLSLLILI	LLLLTILLALLFVLLSLLILI	282.827	283.791	40.8884	41.3623	0.780064	180
Reject	694	LLLLAILLALLFVLLSLLILI	LLLLAILLALLFVLLSALILI	282.827	284.637	40.8884	45.5917	0.780064	180
Reject	695	LLLLAILLALLFVLLSLLILI	LLLLAILLALLTVLLSLLILI	282.827	287.369	40.8884	43.2287	0.780064	180
Reject	696	LLLLAILLALLFVLLSLLILI	LLLLAILLALLFTLLSLLILI	282.827	288.51	40.8884	44.7165	0.780064	180
Reject	697	LLLLAILLALLFVLLSLLILI	LLLLAILLALLFTLLSLLILI	282.827	288.51	40.8884	44.7165	0.713671	180
Reject	698	LLLLAILLALLFVLLSLLILI	LLLLAVLLALLFVLLSLLILI	282.827	285.09	40.8884	44.7521	0.713671	180
Reject	699	LLLLAILLALLFVLLSLLILI	LLLLAILLALLFTLLSLLILI	282.827	288.51	40.8884	44.7165	0.713671	180
Reject	700	LLLLAILLALLFVLLSLLILI	LLLLAILLALLFTLLSLLILI	282.827	288.51	40.8884	44.7165	0.713671	180
Reject	701	LLLLAILLALLFVLLSLLILI	LLLLAVLLALLFVLLSLLILI	282.827	285.09	40.8884	44.7521	0.713671	180
Reject	702	LLLLAILLALLFVLLSLLILI	LLLLAVLLALLFVLLSLLILI	282.827	285.09	40.8884	44.7521	0.713671	180
Reject	703	LLLLAILLALLFVLLSLLILI	LLLLAILLAVLFVLLSLLILI	282.827	283.207	40.8884	43.9406	0.652929	180
Reject	704	LLLLAILLALLFVLLSLLILI	LLLLAVLLALLFVLLSLLILI	282.827	285.09	40.8884	44.7521	0.652929	180
Reject	705	LLLLAILLALLFVLLSLLILI	LLLLAILLALLFVLLALLILI	282.827	291.594	40.8884	43.4117	0.652929	180
Reject	706	LLLLAILLALLFVLLSLLILI	LLLLAILLALLFVLLALLILI	282.827	291.594	40.8884	43.4117	0.652929	180
Reject	707	LLLLAILLALLFVLLSLLILI	LLLLAILLALLFVLLSALILI	282.827	284.637	40.8884	45.5917	0.652929	180
Reject	708	LLLLAILLALLFVLLSLLILI	LLLLAVLLALLFVLLSLLILI	282.827	285.09	40.8884	44.7521	0.652929	180
Reject	709	LLLLAILLALLFVLLSLLILI	LLLLAILLAVLFVLLSLLILI	282.827	283.207	40.8884	43.9406	0.597357	180
Reject	710	LLLLAILLALLFVLLSLLILI	LLLLAILLSLLFVLLSLLILI	282.827	288.093	40.8884	44.8689	0.597357	180
Reject	711	LLLLAILLALLFVLLSLLILI	LLLLAILLAVLFVLLSLLILI	282.827	283.207	40.8884	43.9406	0.597357	180
Reject	712	LLLLAILLALLFVLLSLLILI	LLLLAILLSLLFVLLSLLILI	282.827	288.093	40.8884	44.8689	0.597357	180
Reject	713	LLLLAILLALLFVLLSLLILI	LLLLAVLLALLFVLLSLLILI	282.827	285.09	40.8884	44.7521	0.597357	180
Reject	714	LLLLAILLALLFVLLSLLILI	LLLLAILLALLFVLLALLILI	282.827	291.594	40.8884	43.4117	0.597357	180
Reject	715	LLLLAILLALLFVLLSLLILI	LLLLAILLAVLFVLLSLLILI	282.827	283.207	40.8884	43.9406	0.546515	180
Reject	716	LLLLAILLALLFVLLSLLILI	LLLLAILLALLTVLLSLLILI	282.827	287.369	40.8884	43.2287	0.546515	180
Reject	717	LLLLAILLALLFVLLSLLILI	LLLLAILLALLFTLLSLLILI	282.827	288.51	40.8884	44.7165	0.546515	180
Reject	718	LLLLAILLALLFVLLSLLILI	LLLLAVLLALLFVLLSLLILI	282.827	285.09	40.8884	44.7521	0.546515	180
Reject	719	LLLLAILLALLFVLLSLLILI	LLLLAILLAVLFVLLSLLILI	282.827	283.207	40.8884	43.9406	0.546515	180
Reject	720	LLLLAILLALLFVLLSLLILI	LLLLAILLAVLFVLLSLLILI	282.827	283.207	40.8884	43.9406	0.546515	180
Time: 124s
