***STARTING GEOMETRY:***
axialRotation: -95
crossingAngle: 60
xShift: 8.454
zShift: 6.843
SL: SL95.00
Thread 20
 -Dimer Energy: -293.398
 -Monomer Energy: -321.417
 -Total Energy: 28.019
================  ======================
Interaction Type    Energy                
================  ======================
CHARMM_IMM1                     2.292895
CHARMM_IMM1REF               -186.934650
CHARMM_VDW                    -51.575210
SCWRL4_HBOND                  -57.181008
================  ======================
Total                        -293.397973
================  ======================

xShift: 8.354 energy: 27.5693
xShift: 8.254 energy: 25.4698
xShift: 8.154 energy: 24.9027
xShift: 8.054 energy: 23.0342
xShift: 7.954 energy: 26.1102
Energy increasing above global lowest energy... (currently -321.417)
Thread 20 Best Energy at x shift: 23.0342 at 8.054
Thread 20 energy 23.0342 at crossingAngle 60 and xShift 8.054 is higher than cutoff (100), skip
