***STARTING GEOMETRY:***
axialRotation: -95
crossingAngle: -60
xShift: 8.454
zShift: 6.843
SL: SL95.00
Thread 20
 -Dimer Energy: -303.247
 -Monomer Energy: -321.417
 -Total Energy: 18.1699
================  ======================
Interaction Type    Energy                
================  ======================
CHARMM_IMM1                     1.357383
CHARMM_IMM1REF               -188.076812
CHARMM_VDW                    -59.346638
SCWRL4_HBOND                  -57.181008
================  ======================
Total                        -303.247075
================  ======================

xShift: 8.354 energy: 17.4461
xShift: 8.254 energy: 18.0376
Energy increasing above global lowest energy... (currently -321.417)
Thread 20 Best Energy at x shift: 17.4461 at 8.354
Thread 20 energy 17.4461 at crossingAngle -60 and xShift 8.354 is higher than cutoff (100), skip
