***STARTING GEOMETRY:***
axialRotation: -95
crossingAngle: 30
xShift: 8.454
zShift: 6.843
SL: SL95.00
Thread 20
 -Dimer Energy: 1915.1
 -Monomer Energy: -321.417
 -Total Energy: 2236.51
================  ======================
Interaction Type    Energy                
================  ======================
CHARMM_IMM1                     4.617778
CHARMM_IMM1REF               -189.989517
CHARMM_VDW                   2157.649694
SCWRL4_HBOND                  -57.181008
================  ======================
Total                        1915.096946
================  ======================

xShift: 8.354 energy: 4679.24
xShift: 8.254 energy: 8036.69
Energy increasing above global lowest energy... (currently -321.417)
Thread 20 Best Energy at x shift: 2236.51 at 8.454
Thread 20 energy 2236.51 at crossingAngle 30 and xShift 8.454 is higher than cutoff (100), skip
