***STARTING GEOMETRY:***
axialRotation: -95
crossingAngle: -45
xShift: 8.454
zShift: 6.843
SL: SL95.00
Thread 20
 -Dimer Energy: -307.765
 -Monomer Energy: -321.417
 -Total Energy: 13.6522
================  ======================
Interaction Type    Energy                
================  ======================
CHARMM_IMM1                     2.351968
CHARMM_IMM1REF               -190.203222
CHARMM_VDW                    -62.732585
SCWRL4_HBOND                  -57.181008
================  ======================
Total                        -307.764847
================  ======================

xShift: 8.354 energy: 12.6397
xShift: 8.254 energy: 11.9349
xShift: 8.154 energy: 10.4019
xShift: 8.054 energy: 9.75432
xShift: 7.954 energy: 8.02398
xShift: 7.854 energy: 7.41169
xShift: 7.754 energy: 5.3024
xShift: 7.654 energy: 3.86654
xShift: 7.554 energy: 2.40056
xShift: 7.454 energy: 0.411835
xShift: 7.354 energy: -1.57722
xShift: 7.254 energy: -3.63322
xShift: 7.154 energy: -6.2022
xShift: 7.054 energy: -7.58497
xShift: 6.954 energy: -8.5256
xShift: 6.854 energy: -9.70803
xShift: 6.754 energy: -10.4055
xShift: 6.654 energy: -12.2504
xShift: 6.554 energy: -14.6117
xShift: 6.454 energy: -16.2571
xShift: 6.354 energy: -16.7048
xShift: 6.254 energy: -14.5911
Energy increasing above global lowest energy... (currently -321.417)
Thread 20 Best Energy at x shift: -16.7048 at 6.354
Thread 20 energy -16.7048 at crossingAngle -45 and xShift 6.354 is lower than cutoff (100), continue
Starting Geometry
xShift: 6.354 crossingAngle: -45.000 axialRotation: -95.000 zShift: 6.843

Current Best Energy: 335.069
==============================================
 Performing Local Monte Carlo Backbone Repack 
==============================================
Sequence, thread, Energy, Dimer, Monomer, SASA, vdw, monoVdw, hbond, monoHbond, imm1, monoImm1, imm1Ref, monoImm1Ref, startXShift, finalXShift, startCrossingAngle, finalCrossingAngle, startAxialRot, finalAxialRot, startZShift, finalZShift
RASLLLGFLLGCLLGMLLGALILI,20,-17.195,-338.612,-321.417,4309.854,-83.002,-46.881,-68.028,-57.181,2.434,24.809,-190.016,-242.261,8.454,6.352,-31.000,-45.047,-95.000,-95.216,6.843,6.702
Monte Carlo repack complete. Time: 1169.000 seconds

Completed all cycles. Accepted 100/257
