***STARTING GEOMETRY:***
axialRotation: -95
crossingAngle: -75
xShift: 8.454
zShift: 6.843
SL: SL95.00
Thread 20
 -Dimer Energy: -300.974
 -Monomer Energy: -321.417
 -Total Energy: 20.443
================  ======================
Interaction Type    Energy                
================  ======================
CHARMM_IMM1                     0.737657
CHARMM_IMM1REF               -186.038440
CHARMM_VDW                    -58.492258
SCWRL4_HBOND                  -57.181008
================  ======================
Total                        -300.974048
================  ======================

xShift: 8.354 energy: 18.9899
xShift: 8.254 energy: 18.7223
xShift: 8.154 energy: 17.9295
xShift: 8.054 energy: 17.6439
xShift: 7.954 energy: 15.9096
xShift: 7.854 energy: 15.7102
xShift: 7.754 energy: 14.098
xShift: 7.654 energy: 13.1592
xShift: 7.554 energy: 13.0881
xShift: 7.454 energy: 11.2154
xShift: 7.354 energy: 11.1156
xShift: 7.254 energy: 10.202
xShift: 7.154 energy: 10.0092
xShift: 7.054 energy: 7.40064
xShift: 6.954 energy: 7.07686
xShift: 6.854 energy: 6.37688
xShift: 6.754 energy: 7.626
Energy increasing above global lowest energy... (currently -321.417)
Thread 20 Best Energy at x shift: 6.37688 at 6.854
Thread 20 energy 6.37688 at crossingAngle -75 and xShift 6.854 is higher than cutoff (100), skip
