***STARTING GEOMETRY:***
axialRotation: -95
crossingAngle: 15
xShift: 8.454
zShift: 6.843
SL: SL95.00
Thread 20
 -Dimer Energy: -285.766
 -Monomer Energy: -321.417
 -Total Energy: 35.6511
================  ======================
Interaction Type    Energy                
================  ======================
CHARMM_IMM1                     5.729660
CHARMM_IMM1REF               -191.562778
CHARMM_VDW                    -42.751806
SCWRL4_HBOND                  -57.181008
================  ======================
Total                        -285.765931
================  ======================

xShift: 8.354 energy: 56.4526
xShift: 8.254 energy: 92.9191
Energy increasing above global lowest energy... (currently -321.417)
Thread 20 Best Energy at x shift: 35.6511 at 8.454
Thread 20 energy 35.6511 at crossingAngle 15 and xShift 8.454 is higher than cutoff (100), skip
