***STARTING GEOMETRY:***
axialRotation: -95
crossingAngle: -45
xShift: 9.454
zShift: 6.843
SL: SL95.00
Thread 20
 -Dimer Energy: -303.143
 -Monomer Energy: -321.22
 -Total Energy: 18.0777
================  ======================
Interaction Type    Energy                
================  ======================
CHARMM_IMM1                     2.058037
CHARMM_IMM1REF               -190.261914
CHARMM_VDW                    -57.757747
SCWRL4_HBOND                  -57.181008
================  ======================
Total                        -303.142633
================  ======================

xShift: 9.354 energy: 17.5709
xShift: 9.254 energy: 17.0916
xShift: 9.154 energy: 16.677
xShift: 9.054 energy: 16.39
xShift: 8.954 energy: 16.3372
xShift: 8.854 energy: 16.7025
Energy increasing above global lowest energy... (currently -321.22)
Thread 20 Best Energy at x shift: 16.3372 at 8.954
Thread 20 energy 16.3372 at crossingAngle -45 and xShift 8.954 is higher than cutoff (100), skip
