***STARTING GEOMETRY:***
axialRotation: -95
crossingAngle: 30
xShift: 9.454
zShift: 6.843
SL: SL95.00
Thread 20
 -Dimer Energy: -299.035
 -Monomer Energy: -321.22
 -Total Energy: 22.1856
================  ======================
Interaction Type    Energy                
================  ======================
CHARMM_IMM1                     4.269778
CHARMM_IMM1REF               -191.142628
CHARMM_VDW                    -54.980830
SCWRL4_HBOND                  -57.181008
================  ======================
Total                        -299.034688
================  ======================

xShift: 9.354 energy: 30.8947
xShift: 9.254 energy: 41.7475
Energy increasing above global lowest energy... (currently -321.22)
Thread 20 Best Energy at x shift: 22.1856 at 9.454
Thread 20 energy 22.1856 at crossingAngle 30 and xShift 9.454 is higher than cutoff (100), skip
