***STARTING GEOMETRY:***
axialRotation: -95
crossingAngle: 15
xShift: 9.454
zShift: 6.843
SL: SL95.00
Thread 20
 -Dimer Energy: -311.289
 -Monomer Energy: -321.22
 -Total Energy: 9.93131
================  ======================
Interaction Type    Energy                
================  ======================
CHARMM_IMM1                     5.310542
CHARMM_IMM1REF               -192.675049
CHARMM_VDW                    -66.743479
SCWRL4_HBOND                  -57.181008
================  ======================
Total                        -311.288994
================  ======================

xShift: 9.354 energy: 10.4187
xShift: 9.254 energy: 11.349
Energy increasing above global lowest energy... (currently -321.22)
Thread 20 Best Energy at x shift: 9.93131 at 9.454
Thread 20 energy 9.93131 at crossingAngle 15 and xShift 9.454 is lower than cutoff (100), continue
Starting Geometry
xShift: 9.454 crossingAngle: 15.000 axialRotation: -95.000 zShift: 6.843

Current Best Energy: 331.152
==============================================
 Performing Local Monte Carlo Backbone Repack 
==============================================
Sequence, thread, Energy, Dimer, Monomer, SASA, vdw, monoVdw, hbond, monoHbond, imm1, monoImm1, imm1Ref, monoImm1Ref, startXShift, finalXShift, startCrossingAngle, finalCrossingAngle, startAxialRot, finalAxialRot, startZShift, finalZShift
RASLLLGFLLGCLLGMLLGALILI,20,10.294,-310.927,-321.220,4134.520,-66.098,-47.059,-57.181,-57.181,5.229,25.933,-192.893,-243.302,9.454,9.459,-31.000,14.908,-95.000,-94.400,6.843,6.920
Monte Carlo repack complete. Time: 2732.000 seconds

Completed all cycles. Accepted 61/626
