***STARTING GEOMETRY***
xShift;        Before: 9.2; After: 9.2
crossingAngle; Before: 25; After: 25
axialRotation; Before: -66.6667; After: -66.6667
zShift;        Before: 4.6; After: 4.6

axialRotationPrime; Before: 60; After: 60
zShiftPrime;        Before: 4; After: 4

Starting Repack Cycles
MCAccept 0 xShift: 9.2 crossingAngle: 25.0035 axialRotation: -66.6667 zShift: 4.6 energy: 4.5224e+08
MCReject   xShift: 9.20759 crossingAngle: 25.0035 axialRotation: -66.6667 zShift: 4.6 energy: 4.83091e+08MCAccept 1 xShift: 9.2 crossingAngle: 25 axialRotation: -67.1701 zShift: 4.56255 energy: 3.18509e+08
MCAccept 2 xShift: 9.2 crossingAngle: 25 axialRotation: -67.1701 zShift: 4.3595 energy: 3.00277e+08
MCAccept 3 xShift: 9.17726 crossingAngle: 25 axialRotation: -67.1701 zShift: 4.3595 energy: 2.91245e+08
MCReject   xShift: 9.17726 crossingAngle: 25 axialRotation: -67.1701 zShift: 4.4337 energy: 2.95023e+08
MCReject   xShift: 9.306 crossingAngle: 25 axialRotation: -67.1701 zShift: 4.3595 energy: 3.10452e+08
MCReject   xShift: 9.17726 crossingAngle: 25 axialRotation: -67.1701 zShift: 4.37907 energy: 3.0252e+08
MCReject   xShift: 9.17726 crossingAngle: 25 axialRotation: -67.1701 zShift: 4.19415 energy: 3.16154e+08
MCReject   xShift: 9.17726 crossingAngle: 25 axialRotation: -67.1701 zShift: 4.24626 energy: 3.42538e+08
MCReject   xShift: 9.17726 crossingAngle: 25.1198 axialRotation: -67.1701 zShift: 4.3595 energy: 3.21589e+08
MCAccept 4 xShift: 9.17726 crossingAngle: 25 axialRotation: -67.0816 zShift: 4.3595 energy: 2.85963e+08
MCReject   xShift: 9.17726 crossingAngle: 25 axialRotation: -67.0816 zShift: 4.42446 energy: 3.01862e+08
MCReject   xShift: 9.12993 crossingAngle: 25 axialRotation: -67.0816 zShift: 4.3595 energy: 4.32759e+08
MCReject   xShift: 9.1257 crossingAngle: 25 axialRotation: -67.0816 zShift: 4.3595 energy: 3.6512e+08
MCAccept 5 xShift: 9.17726 crossingAngle: 25 axialRotation: -67.0816 zShift: 4.32506 energy: 2.82404e+08
MCReject   xShift: 9.17726 crossingAngle: 25 axialRotation: -67.0816 zShift: 4.34763 energy: 3.31349e+08
MCReject   xShift: 9.17726 crossingAngle: 25.1744 axialRotation: -67.0816 zShift: 4.32506 energy: 3.88302e+08
MCReject   xShift: 9.17726 crossingAngle: 25.227 axialRotation: -67.0816 zShift: 4.32506 energy: 4.03484e+08
MCReject   xShift: 9.17726 crossingAngle: 25 axialRotation: -66.9627 zShift: 4.32506 energy: 3.41397e+08
MCReject   xShift: 9.17726 crossingAngle: 25 axialRotation: -67.0816 zShift: 4.29342 energy: 2.84776e+08
MCReject   xShift: 9.17747 crossingAngle: 25 axialRotation: -67.0816 zShift: 4.32506 energy: 3.47452e+08
MCReject   xShift: 9.15958 crossingAngle: 25 axialRotation: -67.0816 zShift: 4.32506 energy: 3.36835e+08
MCReject   xShift: 9.17726 crossingAngle: 25 axialRotation: -66.9873 zShift: 4.32506 energy: 3.85033e+08
MCReject   xShift: 9.15662 crossingAngle: 25 axialRotation: -67.0816 zShift: 4.32506 energy: 2.83434e+08
MCReject   xShift: 9.19412 crossingAngle: 25 axialRotation: -67.0816 zShift: 4.32506 energy: 3.22328e+08
MCReject   xShift: 9.17726 crossingAngle: 25 axialRotation: -67.136 zShift: 4.32506 energy: 2.82793e+08
MCReject   xShift: 9.18855 crossingAngle: 25 axialRotation: -67.0816 zShift: 4.32506 energy: 3.06677e+08
MCReject   xShift: 9.17726 crossingAngle: 25 axialRotation: -67.0816 zShift: 4.32009 energy: 3.17254e+08
MCAccept 6 xShift: 9.17726 crossingAngle: 25 axialRotation: -67.0816 zShift: 4.32181 energy: 2.82388e+08
End Repack Cycles

***REPACK GEOMETRY***
xShift;        Before: 9.2; After: 9.17726
crossingAngle; Before: 25; After: 25
axialRotation; Before: -66.6667; After: -67.0816
zShift;        Before: 4.6; After: 4.32181

axialRotationPrime; Before: 60; After: 57.4783
zShiftPrime;        Before: 4; After: 3.68398

Energy;        Before: 3.19793e+08; After: 2.82388e+08

Completed all cycles. Accepted 7/30
Monte Carlo repack complete. Time: 0.0833333min

