Monomer - VDW weight: 1 HB weight: 1 IMM1REF weight: 1 IMM1 weight: 1
current Z: -5 Energy: -325.902
current Z: -4 Energy: -332.563
current Z: -3 Energy: -339.384
current Z: -2 Energy: -346.309
current Z: -1 Energy: -353.294
current Z: 0 Energy: -359.162
current Z: 1 Energy: -363.18
current Z: 2 Energy: -365.311
current Z: 3 Energy: -365.418
current Z: 4 Energy: -364.622
current Z: 5 Energy: -362.195
current Z: 6 Energy: -359.394
current tilt: 15 current rotation: 0 Energy: -358.582
current tilt: 15 current rotation: 90 Energy: -361.797
current tilt: 15 current rotation: 180 Energy: -367.739
current tilt: 15 current rotation: 270 Energy: -363.382
current tilt: 30 current rotation: 0 Energy: -341.57
current tilt: 30 current rotation: 90 Energy: -340.009
current tilt: 30 current rotation: 180 Energy: -366.155
current tilt: 30 current rotation: 270 Energy: -360.87
current tilt: 45 current rotation: 0 Energy: -331.323
current tilt: 45 current rotation: 90 Energy: -328.291
current tilt: 45 current rotation: 180 Energy: -359.643
current tilt: 45 current rotation: 270 Energy: -353.202
MCAccept   axial Tilt: 15.000 zShift: 2.961 axialRot: 180.000 energy: -367.854
MCAccept   axial Tilt: 15.000 zShift: 2.927 axialRot: 180.000 energy: -367.953
MCAccept   axial Tilt: 15.000 zShift: 2.927 axialRot: 179.636 energy: -367.982
MCAccept   axial Tilt: 15.000 zShift: 2.927 axialRot: 177.177 energy: -368.169
MCAccept   axial Tilt: 15.000 zShift: 2.927 axialRot: 172.653 energy: -368.481
MCAccept   axial Tilt: 16.383 zShift: 2.927 axialRot: 172.653 energy: -368.623
MCAccept   axial Tilt: 16.383 zShift: 2.927 axialRot: 170.194 energy: -368.788
MCAccept   axial Tilt: 16.383 zShift: 2.892 axialRot: 170.194 energy: -368.878
MCAccept   axial Tilt: 16.383 zShift: 2.854 axialRot: 170.194 energy: -368.883
MCAccept   axial Tilt: 16.383 zShift: 2.798 axialRot: 170.194 energy: -369.036
MCAccept   axial Tilt: 17.122 zShift: 2.798 axialRot: 170.194 energy: -369.101
MCAccept   axial Tilt: 17.122 zShift: 2.796 axialRot: 170.194 energy: -369.202
MCAccept   axial Tilt: 17.122 zShift: 2.796 axialRot: 169.054 energy: -369.270
MCAccept   axial Tilt: 17.122 zShift: 2.672 axialRot: 169.054 energy: -369.570
MCAccept   axial Tilt: 17.122 zShift: 2.672 axialRot: 165.667 energy: -369.721
MCAccept   axial Tilt: 17.122 zShift: 2.618 axialRot: 165.667 energy: -369.834
MCAccept   axial Tilt: 17.122 zShift: 2.539 axialRot: 165.667 energy: -369.989
MCAccept   axial Tilt: 17.482 zShift: 2.539 axialRot: 165.667 energy: -370.024
MCAccept   axial Tilt: 17.864 zShift: 2.539 axialRot: 165.667 energy: -370.058
MCAccept   axial Tilt: 17.864 zShift: 2.539 axialRot: 165.607 energy: -370.060
MCAccept   axial Tilt: 18.247 zShift: 2.539 axialRot: 165.607 energy: -370.090
MCAccept   axial Tilt: 18.629 zShift: 2.539 axialRot: 165.607 energy: -370.116
MCAccept   axial Tilt: 19.589 zShift: 2.539 axialRot: 165.607 energy: -370.165
MCAccept   axial Tilt: 21.931 zShift: 2.539 axialRot: 165.607 energy: -370.176
MCAccept   axial Tilt: 21.453 zShift: 2.539 axialRot: 165.607 energy: -370.187
MCAccept   axial Tilt: 21.453 zShift: 2.539 axialRot: 161.788 energy: -370.251
MCAccept   axial Tilt: 21.453 zShift: 2.536 axialRot: 161.788 energy: -370.255
MCAccept   axial Tilt: 21.453 zShift: 2.536 axialRot: 160.918 energy: -370.255
MCAccept   axial Tilt: 21.453 zShift: 2.536 axialRot: 161.171 energy: -370.256
MCAccept   axial Tilt: 21.453 zShift: 2.536 axialRot: 161.332 energy: -370.256
MCAccept   axial Tilt: 21.453 zShift: 2.524 axialRot: 161.332 energy: -370.275
MCAccept   axial Tilt: 21.453 zShift: 2.515 axialRot: 161.332 energy: -370.286
MCAccept   axial Tilt: 20.723 zShift: 2.515 axialRot: 161.332 energy: -370.298
MCAccept   axial Tilt: 20.723 zShift: 2.449 axialRot: 161.332 energy: -370.390
MCAccept   axial Tilt: 20.723 zShift: 2.424 axialRot: 161.332 energy: -370.423
MCAccept   axial Tilt: 20.723 zShift: 2.354 axialRot: 161.332 energy: -370.540
MCAccept   axial Tilt: 20.071 zShift: 2.354 axialRot: 161.332 energy: -370.546
MCAccept   axial Tilt: 20.071 zShift: 2.354 axialRot: 161.420 energy: -370.547
MCAccept   axial Tilt: 20.393 zShift: 2.354 axialRot: 161.420 energy: -370.546
MCAccept   axial Tilt: 20.393 zShift: 2.235 axialRot: 161.420 energy: -370.709
MCAccept   axial Tilt: 20.393 zShift: 2.070 axialRot: 161.420 energy: -370.881
MCAccept   axial Tilt: 20.393 zShift: 2.070 axialRot: 163.377 energy: -370.939
MCAccept   axial Tilt: 19.424 zShift: 2.070 axialRot: 163.377 energy: -370.939
MCAccept   axial Tilt: 19.424 zShift: 2.070 axialRot: 163.460 energy: -370.940
MCAccept   axial Tilt: 19.424 zShift: 2.070 axialRot: 164.614 energy: -370.956
MCAccept   axial Tilt: 19.424 zShift: 2.061 axialRot: 164.614 energy: -370.966
MCAccept   axial Tilt: 19.424 zShift: 2.016 axialRot: 164.614 energy: -371.016
MCAccept   axial Tilt: 19.424 zShift: 1.923 axialRot: 164.614 energy: -371.102
MCAccept   axial Tilt: 19.424 zShift: 1.923 axialRot: 164.839 energy: -371.107
MCAccept   axial Tilt: 19.424 zShift: 1.707 axialRot: 164.839 energy: -371.222
MCAccept   axial Tilt: 19.424 zShift: 1.707 axialRot: 165.991 energy: -371.265
MCAccept   axial Tilt: 19.424 zShift: 1.707 axialRot: 166.164 energy: -371.270
MCAccept   axial Tilt: 19.424 zShift: 1.677 axialRot: 166.164 energy: -371.280
MCAccept   axial Tilt: 19.424 zShift: 1.677 axialRot: 170.811 energy: -371.360
MCAccept   axial Tilt: 20.060 zShift: 1.677 axialRot: 170.811 energy: -371.365
MCAccept   axial Tilt: 20.060 zShift: 1.430 axialRot: 170.811 energy: -371.450
MCAccept   axial Tilt: 20.060 zShift: 1.430 axialRot: 173.354 energy: -371.488
MCAccept   axial Tilt: 20.060 zShift: 1.430 axialRot: 173.354 energy: -371.488
MCAccept   axial Tilt: 20.060 zShift: 1.413 axialRot: 173.354 energy: -371.491
MCAccept   axial Tilt: 20.060 zShift: 1.413 axialRot: 174.948 energy: -371.493
MCAccept   axial Tilt: 20.060 zShift: 1.413 axialRot: 173.879 energy: -371.494
MCAccept   axial Tilt: 20.060 zShift: 1.291 axialRot: 173.879 energy: -371.499
MCAccept   axial Tilt: 20.060 zShift: 1.291 axialRot: 175.255 energy: -371.512
MCAccept   axial Tilt: 20.060 zShift: 1.291 axialRot: 175.002 energy: -371.511
MCAccept   axial Tilt: 20.060 zShift: 1.291 axialRot: 175.256 energy: -371.512
MCAccept   axial Tilt: 20.081 zShift: 1.291 axialRot: 175.256 energy: -371.512
MCAccept   axial Tilt: 19.534 zShift: 1.291 axialRot: 175.256 energy: -371.509
MCAccept   axial Tilt: 19.772 zShift: 1.291 axialRot: 175.256 energy: -371.512
MCAccept   axial Tilt: 20.146 zShift: 1.291 axialRot: 175.256 energy: -371.512
MCAccept   axial Tilt: 19.994 zShift: 1.291 axialRot: 175.256 energy: -371.513
MCAccept   axial Tilt: 19.994 zShift: 1.297 axialRot: 175.256 energy: -371.513
MCAccept   axial Tilt: 19.994 zShift: 1.289 axialRot: 175.256 energy: -371.513
MCAccept   axial Tilt: 19.994 zShift: 1.289 axialRot: 176.091 energy: -371.514
MCAccept   axial Tilt: 19.994 zShift: 1.289 axialRot: 176.336 energy: -371.513
MCAccept   axial Tilt: 19.994 zShift: 1.277 axialRot: 176.336 energy: -371.514
MCAccept   axial Tilt: 19.988 zShift: 1.277 axialRot: 176.336 energy: -371.514
MCAccept   axial Tilt: 19.988 zShift: 1.256 axialRot: 176.336 energy: -371.515

Total Monomer Time: 107 seconds
================  ======================  ===============
Interaction Type  Energy                  Interactions   
================  ======================  ===============
CHARMM_IMM1                     9.317093          31321
CHARMM_IMM1REF               -149.086860            169
CHARMM_VDW                     -3.463427          71675
SCWRL4_HBOND                  -42.523861            738
================  ======================  ===============
Total                        -185.757056         103903
================  ======================  ===============

