***STARTING GEOMETRY:***
axialRotation: 18.039
crossingAngle: -45
xShift: 9
zShift: 2.65259
SL: SL95.00
Thread 20
 -Dimer Energy: -65.9646
 -Monomer Energy: -330.167
 -Total Energy: 264.202
================  ======================
Interaction Type    Energy                
================  ======================
CHARMM_IMM1                     3.469129
CHARMM_IMM1REF               -194.149236
CHARMM_VDW                    181.968981
SCWRL4_HBOND                  -57.253519
================  ======================
Total                         -65.964645
================  ======================

xShift: 8.9 energy: 333.573
xShift: 8.8 energy: 418.384
Energy increasing above global lowest energy... (currently -330.167)
Thread 20 Best Energy at x shift: 264.202 at 9
Thread 20 energy 264.202 at crossingAngle -45 and xShift 9 is higher than cutoff 0, skip
