***STARTING GEOMETRY:***
axialRotation: 65.12
crossingAngle: 15
xShift: 9
zShift: 0.487111
SL: SL95.00
Thread 20
 -Dimer Energy: 2.93395e+06
 -Monomer Energy: -330.167
 -Total Energy: 2.93428e+06
================  ======================
Interaction Type    Energy                
================  ======================
CHARMM_IMM1                     4.942500
CHARMM_IMM1REF               -197.121655
CHARMM_VDW                2934200.998102
SCWRL4_HBOND                  -57.253519
================  ======================
Total                     2933951.565427
================  ======================

xShift: 8.9 energy: 7.43441e+06
xShift: 8.8 energy: 6.55095e+06
xShift: 8.7 energy: 3.40606e+06
xShift: 8.6 energy: 1.82644e+06
xShift: 8.5 energy: 1.07595e+06
xShift: 8.4 energy: 728124
xShift: 8.3 energy: 523633
xShift: 8.2 energy: 461133
xShift: 8.1 energy: 510966
Energy increasing above global lowest energy... (currently -330.167)
Thread 20 Best Energy at x shift: 461133 at 8.2
Thread 20 energy 461133 at crossingAngle 15 and xShift 8.2 is higher than cutoff 0, skip
