***STARTING GEOMETRY:***
axialRotation: 65.4963
crossingAngle: 60
xShift: 9
zShift: 3.36801
SL: SL95.00
Thread 20
 -Dimer Energy: 11528.5
 -Monomer Energy: -330.167
 -Total Energy: 11858.6
================  ======================
Interaction Type    Energy                
================  ======================
CHARMM_IMM1                     1.437792
CHARMM_IMM1REF               -192.258828
CHARMM_VDW                  11776.529066
SCWRL4_HBOND                  -57.253519
================  ======================
Total                       11528.454511
================  ======================

xShift: 8.9 energy: 14833.7
xShift: 8.8 energy: 20614.8
Energy increasing above global lowest energy... (currently -330.167)
Thread 20 Best Energy at x shift: 11858.6 at 9
Thread 20 energy 11858.6 at crossingAngle 60 and xShift 9 is higher than cutoff 0, skip
