***STARTING GEOMETRY:***
axialRotation: 16.6676
crossingAngle: -15
xShift: 9
zShift: 0.674669
SL: SL95.00
Thread 20
 -Dimer Energy: 1.28366e+06
 -Monomer Energy: -330.167
 -Total Energy: 1.28399e+06
================  ======================
Interaction Type    Energy                
================  ======================
CHARMM_IMM1                     9.818474
CHARMM_IMM1REF               -196.107293
CHARMM_VDW                1283905.514356
SCWRL4_HBOND                  -57.253519
================  ======================
Total                     1283661.972017
================  ======================

xShift: 8.9 energy: 6.68896e+06
xShift: 8.8 energy: 3.07604e+06
xShift: 8.7 energy: 5.26628e+06
Energy increasing above global lowest energy... (currently -330.167)
Thread 20 Best Energy at x shift: 1.28399e+06 at 9
Thread 20 energy 1.28399e+06 at crossingAngle -15 and xShift 9 is higher than cutoff 0, skip
