***STARTING GEOMETRY:***
axialRotation: 25.6296
crossingAngle: -60
xShift: 9
zShift: 5.33521
SL: SL95.00
Thread 20
 -Dimer Energy: -64.4266
 -Monomer Energy: -330.167
 -Total Energy: 265.741
================  ======================
Interaction Type    Energy                
================  ======================
CHARMM_IMM1                     2.881460
CHARMM_IMM1REF               -191.279461
CHARMM_VDW                    181.224971
SCWRL4_HBOND                  -57.253519
================  ======================
Total                         -64.426550
================  ======================

xShift: 8.9 energy: 347.823
xShift: 8.8 energy: 372.004
Energy increasing above global lowest energy... (currently -330.167)
Thread 20 Best Energy at x shift: 265.741 at 9
Thread 20 energy 265.741 at crossingAngle -60 and xShift 9 is higher than cutoff 0, skip
