current tilt: 15 current rotation: 0 Energy: -313.662
current tilt: 15 current rotation: 90 Energy: -311.784
current tilt: 15 current rotation: 180 Energy: -313.421
current tilt: 15 current rotation: 270 Energy: -315.221
current tilt: 30 current rotation: 0 Energy: -308.614
current tilt: 30 current rotation: 90 Energy: -299.195
current tilt: 30 current rotation: 180 Energy: -300.906
current tilt: 30 current rotation: 270 Energy: -310.796
current tilt: 45 current rotation: 0 Energy: -299.641
current tilt: 45 current rotation: 90 Energy: -290.453
current tilt: 45 current rotation: 180 Energy: -290.671
current tilt: 45 current rotation: 270 Energy: -301.891
================  ======================  ===============
Interaction Type  Energy                  Interactions   
================  ======================  ===============
CHARMM_IMM1                    12.404335          16709
CHARMM_IMM1REF               -121.130494            126
CHARMM_VDW                    -23.529421          37166
SCWRL4_HBOND                  -28.590504            738
================  ======================  ===============
Total                        -160.846084          54739
================  ======================  ===============

CHARMM_IMM1 24.8087
CHARMM_IMM1REF -242.261
CHARMM_VDW -46.881
SCWRL4_HBOND -57.181
