***STARTING GEOMETRY:***
axialRotation: -95
crossingAngle: 15
xShift: 9.454
zShift: 6.843
SL: SL95.00
Thread 20
 -Dimer Energy: -311.289
 -Monomer Energy: -321.096
 -Total Energy: 9.80738
================  ======================
Interaction Type    Energy                
================  ======================
CHARMM_IMM1                     5.310542
CHARMM_IMM1REF               -192.675049
CHARMM_VDW                    -66.743479
SCWRL4_HBOND                  -57.181008
================  ======================
Total                        -311.288994
================  ======================

xShift: 9.354 energy: 10.2948
xShift: 9.254 energy: 11.2994
Energy increasing above global lowest energy... (currently -321.096)
Thread 20 Best Energy at x shift: 9.80738 at 9.454
Thread 20 energy 9.80738 at crossingAngle 15 and xShift 9.454 is lower than cutoff (100), continue
Starting Geometry
xShift: 9.454 crossingAngle: 15.000 axialRotation: -95.000 zShift: 6.843

Current Best Energy: 330.904
==============================================
 Performing Local Monte Carlo Backbone Repack 
==============================================
Sequence, thread, Energy, Dimer, Monomer, SASA, vdw, monoVdw, hbond, monoHbond, imm1, monoImm1, imm1Ref, monoImm1Ref, startXShift, finalXShift, startCrossingAngle, finalCrossingAngle, startAxialRot, finalAxialRot, startZShift, finalZShift
RASLLLGFLLGCLLGMLLGALILI,20,9.625,-311.471,-321.096,4136.338,-66.092,-47.059,-57.181,-57.181,4.858,23.934,-193.057,-240.790,9.454,9.347,-31.000,13.341,-95.000,-94.420,6.843,7.128
Monte Carlo repack complete. Time: 12009.000 seconds

Completed all cycles. Accepted 363/2734
