1
                 Chemistry at HARvard Macromolecular Mechanics
                   (CHARMM) - Developmental Version 35a1     August 15, 2007   
       Copyright(c) 1984-2001  President and Fellows of Harvard College
                              All Rights Reserved
      Current operating system: Linux-3.8.0-35-generic(x86_64)@suazo
                 Created on  3/11/14 at 11:27:54 by user: scondon     

            Maximum number of ATOMS:    240480, and RESidues:       80160
            Current HEAP size:        10240000, and STACK size:  10000000

 RDTITL> * CHARMM SCRIPT GENERATED BY /PROGRAMS/BIN/X86_64/MINI.PL V.1.4.0 AT TUE MAR 11
 RDTITL> * 11:27:53 2014 ON SUAZO
 RDTITL> *
  
 CHARMM>     
  
 CHARMM>    prnl 5
  
 CHARMM>     
  
 CHARMM>    open read unit 1 card name "/library/charmmTopPar/top_all22_prot.inp"
 VOPEN> Attempting to open::/library/charmmTopPar/top_all22_prot.inp::
 OPNLGU> Unit  1 opened for READONLY access to /library/charmmTopPar/top_all22_prot.inp
  
 CHARMM>    read rtf card unit 1
 MAINIO> Residue topology file being read from unit   1.
 TITLE> *>>>>>>>>CHARMM22 ALL-HYDROGEN TOPOLOGY FILE FOR PROTEINS <<<<<
 TITLE> *>>>>>>>>>>>>>>>>>>>>>>> JULY 1997 <<<<<<<<<<<<<<<<<<<<<<<<<<<<<
 TITLE> *>>>>>>> DIRECT COMMENTS TO ALEXANDER D. MACKERELL JR. <<<<<<<<<
 TITLE> *>>>>>> 410-706-7442 OR EMAIL: ALEX,MMIRIS.AB.UMD.EDU  <<<<<<<<<
 TITLE> *
 WARNING from DECODI -- Zero length string being converted to 0
 RTFRDR> WARNING: Version number is NOT specified.

      ***** LEVEL  2 WARNING FROM <RTFRDR> *****
      ***** Version number 22 not needed.
      ******************************************
      BOMLEV (  0) IS NOT REACHED. WRNLEV IS  5

  
 CHARMM>    close unit 1
 VCLOSE: Closing unit    1 with status "KEEP"
  
 CHARMM>     
  
 CHARMM>    open read unit 1 card name "/library/charmmTopPar/par_all22_prot.inp"
 VOPEN> Attempting to open::/library/charmmTopPar/par_all22_prot.inp::
 OPNLGU> Unit  1 opened for READONLY access to /library/charmmTopPar/par_all22_prot.inp
  
 CHARMM>    read para card unit 1

          PARAMETER FILE BEING READ FROM UNIT  1
 TITLE> *>>>> CHARMM22 ALL-HYDROGEN PARAMETER FILE FOR PROTEINS <<<<<<<<<<
 TITLE> *>>>>>>>>>>>>>>>>>>>>>>> JULY 1997 <<<<<<<<<<<<<<<<<<<<<<<<<<<<<
 TITLE> *>>>>>>> DIRECT COMMENTS TO ALEXANDER D. MACKERELL JR. <<<<<<<<<
 TITLE> *>>>>>> 410-706-7442 OR EMAIL: ALEX,MMIRIS.AB.UMD.EDU  <<<<<<<<<
 TITLE> *
 PARMIO> NONBOND, HBOND lists and IMAGE atoms cleared.
  
 CHARMM>    close unit 1
 VCLOSE: Closing unit    1 with status "KEEP"
  
 CHARMM>     
  
 CHARMM>     
  
 CHARMM>    ! Generate topology of each segment
 CHARMM>    ! =================================
 CHARMM>     
  
 CHARMM>    read sequence card
 MAINIO> Sequence information being read from unit   5.
 RDTITL> *
 RDTITL> No title read.
  
 SEQRDR>    1
  
 SEQRDR>    N

          RESIDUE SEQUENCE --     1 RESIDUES
          N   
  
 CHARMM>    gene 361 setup

 ***** ERROR in GENIC ***** Residue 'N     ' was not found.


                                                  
                            /---------\           
                           /           \          
                          /             \         
                         /               \        
                         !  XXXX   XXXX  !        
                         !  XXXX   XXXX  !        
                         !  XXX     XXX  !        
                         !       X       !        
                          --\   XXX   /--         
                           ! !  XXX  ! !          
                           ! !       ! !          
                           ! I I I I I !          
                           !  I I I I  !          
                            \         /           
                             --     --            
                               \---/              
                        XXX             XXX       
                       XXXX             XXXX      
                       XXXXX           XXXXX      
                          XXX         XXX         
                            XXX     XXX           
                               XXXXX              
                              XXX XXX             
                            XXX     XXX           
                          XXX         XXX         
                       XXXXX           XXXXX      
                       XXXX             XXXX      
                        XXX             XXX       
                                                  
                                                  
 Execution terminated due to the detection of a fatal error.

                    ABNORMAL TERMINATION
                    MAXIMUM STACK SPACE USED IS   80160
                    STACK CURRENTLY IN USE IS     80160
                    MOST SEVERE WARNING WAS AT LEVEL  2
                    HEAP PRINTOUT-  HEAP SIZE         10240000
                    SPACE CURRENTLY IN USE IS              500
                    MAXIMUM SPACE USED IS                  500
                    FREE LIST
  PRINHP> ADDRESS:               1 LENGTH:        10239500 NEXT:               0

                    $$$$$ JOB ACCOUNTING INFORMATION $$$$$
                     ELAPSED TIME:     0.18  SECONDS 
                         CPU TIME:     0.00  SECONDS 
