Monomer - VDW weight: 1 HB weight: 1 IMM1REF weight: 0 IMM1 weight: 0
current Z: -5 Energy: -130.606
current Z: -4 Energy: -130.606
current Z: -3 Energy: -130.606
current Z: -2 Energy: -130.606
current Z: -1 Energy: -130.606
current Z: 0 Energy: -130.606
current Z: 1 Energy: -130.606
current Z: 2 Energy: -130.606
current Z: 3 Energy: -130.606
current Z: 4 Energy: -130.606
current Z: 5 Energy: -130.606
current Z: 6 Energy: -130.606
current tilt: 15 current rotation: 0 Energy: -130.606
current tilt: 15 current rotation: 90 Energy: -130.606
current tilt: 15 current rotation: 180 Energy: -130.606
current tilt: 15 current rotation: 270 Energy: -130.606
current tilt: 30 current rotation: 0 Energy: -130.606
current tilt: 30 current rotation: 90 Energy: -130.606
current tilt: 30 current rotation: 180 Energy: -130.606
current tilt: 30 current rotation: 270 Energy: -130.606
current tilt: 45 current rotation: 0 Energy: -130.606
current tilt: 45 current rotation: 90 Energy: -130.606
current tilt: 45 current rotation: 180 Energy: -130.606
current tilt: 45 current rotation: 270 Energy: -130.606
MCAccept   axial Tilt: 15.000 zShift: -5.000 axialRot: 181.630 energy: -130.606
MCAccept   axial Tilt: 15.028 zShift: -5.000 axialRot: 181.630 energy: -130.606
MCAccept   axial Tilt: 15.028 zShift: -5.000 axialRot: 179.330 energy: -130.606
MCAccept   axial Tilt: 15.028 zShift: -5.000 axialRot: 181.060 energy: -130.606
MCAccept   axial Tilt: 15.028 zShift: -5.000 axialRot: 179.928 energy: -130.606
MCAccept   axial Tilt: 15.410 zShift: -5.000 axialRot: 179.928 energy: -130.606
MCAccept   axial Tilt: 15.410 zShift: -5.000 axialRot: 181.465 energy: -130.606
MCAccept   axial Tilt: 16.515 zShift: -5.000 axialRot: 181.465 energy: -130.606
MCAccept   axial Tilt: 15.803 zShift: -5.000 axialRot: 181.465 energy: -130.606
MCAccept   axial Tilt: 15.803 zShift: -5.030 axialRot: 181.465 energy: -130.606
MCAccept   axial Tilt: 16.203 zShift: -5.030 axialRot: 181.465 energy: -130.606
MCAccept   axial Tilt: 16.907 zShift: -5.030 axialRot: 181.465 energy: -130.606
MCAccept   axial Tilt: 16.907 zShift: -5.030 axialRot: 179.754 energy: -130.606
MCAccept   axial Tilt: 17.404 zShift: -5.030 axialRot: 179.754 energy: -130.606
MCAccept   axial Tilt: 17.404 zShift: -5.030 axialRot: 173.630 energy: -130.606
MCAccept   axial Tilt: 17.376 zShift: -5.030 axialRot: 173.630 energy: -130.606
MCAccept   axial Tilt: 17.376 zShift: -5.030 axialRot: 178.479 energy: -130.606
MCAccept   axial Tilt: 17.376 zShift: -5.030 axialRot: 177.834 energy: -130.606
MCAccept   axial Tilt: 17.376 zShift: -5.064 axialRot: 177.834 energy: -130.606
MCAccept   axial Tilt: 16.416 zShift: -5.064 axialRot: 177.834 energy: -130.606
MCAccept   axial Tilt: 16.416 zShift: -5.103 axialRot: 177.834 energy: -130.606
MCAccept   axial Tilt: 16.416 zShift: -5.103 axialRot: 178.107 energy: -130.606
MCAccept   axial Tilt: 16.416 zShift: -5.103 axialRot: 176.103 energy: -130.606
MCAccept   axial Tilt: 17.864 zShift: -5.103 axialRot: 176.103 energy: -130.606
MCAccept   axial Tilt: 17.864 zShift: -5.103 axialRot: 180.708 energy: -130.606
MCAccept   axial Tilt: 17.864 zShift: -5.103 axialRot: 180.764 energy: -130.606
MCAccept   axial Tilt: 17.864 zShift: -5.058 axialRot: 180.764 energy: -130.606
MCAccept   axial Tilt: 17.864 zShift: -5.058 axialRot: 178.005 energy: -130.606
MCAccept   axial Tilt: 17.864 zShift: -4.960 axialRot: 178.005 energy: -130.606
MCAccept   axial Tilt: 17.864 zShift: -5.017 axialRot: 178.005 energy: -130.606
MCAccept   axial Tilt: 17.864 zShift: -5.017 axialRot: 178.094 energy: -130.606
MCAccept   axial Tilt: 17.864 zShift: -5.144 axialRot: 178.094 energy: -130.606
MCAccept   axial Tilt: 17.864 zShift: -4.895 axialRot: 178.094 energy: -130.606
MCAccept   axial Tilt: 17.080 zShift: -4.895 axialRot: 178.094 energy: -130.606
MCAccept   axial Tilt: 17.080 zShift: -4.849 axialRot: 178.094 energy: -130.606
MCAccept   axial Tilt: 17.080 zShift: -4.914 axialRot: 178.094 energy: -130.606
MCAccept   axial Tilt: 17.536 zShift: -4.914 axialRot: 178.094 energy: -130.606
MCAccept   axial Tilt: 17.536 zShift: -4.914 axialRot: 178.574 energy: -130.606
MCAccept   axial Tilt: 17.536 zShift: -4.914 axialRot: 178.750 energy: -130.606
MCAccept   axial Tilt: 17.536 zShift: -4.839 axialRot: 178.750 energy: -130.606
MCAccept   axial Tilt: 17.536 zShift: -4.843 axialRot: 178.750 energy: -130.606
MCAccept   axial Tilt: 17.408 zShift: -4.843 axialRot: 178.750 energy: -130.606
MCAccept   axial Tilt: 17.408 zShift: -4.656 axialRot: 178.750 energy: -130.606
MCAccept   axial Tilt: 16.957 zShift: -4.656 axialRot: 178.750 energy: -130.606
MCAccept   axial Tilt: 16.957 zShift: -4.656 axialRot: 180.372 energy: -130.606
MCAccept   axial Tilt: 16.957 zShift: -4.656 axialRot: 180.310 energy: -130.606
MCAccept   axial Tilt: 16.957 zShift: -4.656 axialRot: 179.782 energy: -130.606
MCAccept   axial Tilt: 18.125 zShift: -4.656 axialRot: 179.782 energy: -130.606
MCAccept   axial Tilt: 18.125 zShift: -4.643 axialRot: 179.782 energy: -130.606
MCAccept   axial Tilt: 18.125 zShift: -4.661 axialRot: 179.782 energy: -130.606
MCAccept   axial Tilt: 18.125 zShift: -4.528 axialRot: 179.782 energy: -130.606
MCAccept   axial Tilt: 18.125 zShift: -4.386 axialRot: 179.782 energy: -130.606
MCAccept   axial Tilt: 18.125 zShift: -4.377 axialRot: 179.782 energy: -130.606
MCAccept   axial Tilt: 18.125 zShift: -4.426 axialRot: 179.782 energy: -130.606
MCAccept   axial Tilt: 18.125 zShift: -4.426 axialRot: 177.706 energy: -130.606
MCAccept   axial Tilt: 18.791 zShift: -4.426 axialRot: 177.706 energy: -130.606
MCAccept   axial Tilt: 18.791 zShift: -4.426 axialRot: 178.237 energy: -130.606
MCAccept   axial Tilt: 19.673 zShift: -4.426 axialRot: 178.237 energy: -130.606
MCAccept   axial Tilt: 19.673 zShift: -4.282 axialRot: 178.237 energy: -130.606
MCAccept   axial Tilt: 20.005 zShift: -4.282 axialRot: 178.237 energy: -130.606
MCAccept   axial Tilt: 20.005 zShift: -4.283 axialRot: 178.237 energy: -130.606
MCAccept   axial Tilt: 20.005 zShift: -4.229 axialRot: 178.237 energy: -130.606
MCAccept   axial Tilt: 20.005 zShift: -4.229 axialRot: 176.460 energy: -130.606
MCAccept   axial Tilt: 20.409 zShift: -4.229 axialRot: 176.460 energy: -130.606
MCAccept   axial Tilt: 19.292 zShift: -4.229 axialRot: 176.460 energy: -130.606
MCAccept   axial Tilt: 19.292 zShift: -4.414 axialRot: 176.460 energy: -130.606
MCAccept   axial Tilt: 19.292 zShift: -4.414 axialRot: 174.058 energy: -130.606
MCAccept   axial Tilt: 19.292 zShift: -4.414 axialRot: 172.721 energy: -130.606
MCAccept   axial Tilt: 19.304 zShift: -4.414 axialRot: 172.721 energy: -130.606
MCAccept   axial Tilt: 19.304 zShift: -4.559 axialRot: 172.721 energy: -130.606
MCAccept   axial Tilt: 19.304 zShift: -4.739 axialRot: 172.721 energy: -130.606
MCAccept   axial Tilt: 19.304 zShift: -4.672 axialRot: 172.721 energy: -130.606
MCAccept   axial Tilt: 19.304 zShift: -4.672 axialRot: 175.785 energy: -130.606
MCAccept   axial Tilt: 19.304 zShift: -4.702 axialRot: 175.785 energy: -130.606
MCAccept   axial Tilt: 19.304 zShift: -4.528 axialRot: 175.785 energy: -130.606
MCAccept   axial Tilt: 20.327 zShift: -4.528 axialRot: 175.785 energy: -130.606
MCAccept   axial Tilt: 19.566 zShift: -4.528 axialRot: 175.785 energy: -130.606
MCAccept   axial Tilt: 19.566 zShift: -4.631 axialRot: 175.785 energy: -130.606
MCAccept   axial Tilt: 19.566 zShift: -4.631 axialRot: 181.460 energy: -130.606
MCAccept   axial Tilt: 19.259 zShift: -4.631 axialRot: 181.460 energy: -130.606
MCAccept   axial Tilt: 19.259 zShift: -4.491 axialRot: 181.460 energy: -130.606
MCAccept   axial Tilt: 19.259 zShift: -4.539 axialRot: 181.460 energy: -130.606
MCAccept   axial Tilt: 19.259 zShift: -4.486 axialRot: 181.460 energy: -130.606
MCAccept   axial Tilt: 19.259 zShift: -4.486 axialRot: 181.140 energy: -130.606
MCAccept   axial Tilt: 19.259 zShift: -4.532 axialRot: 181.140 energy: -130.606
MCAccept   axial Tilt: 18.623 zShift: -4.532 axialRot: 181.140 energy: -130.606
MCAccept   axial Tilt: 18.623 zShift: -4.667 axialRot: 181.140 energy: -130.606
MCAccept   axial Tilt: 18.623 zShift: -4.768 axialRot: 181.140 energy: -130.606
MCAccept   axial Tilt: 19.640 zShift: -4.768 axialRot: 181.140 energy: -130.606
MCAccept   axial Tilt: 19.640 zShift: -4.768 axialRot: 180.543 energy: -130.606
MCAccept   axial Tilt: 18.894 zShift: -4.768 axialRot: 180.543 energy: -130.606
MCAccept   axial Tilt: 18.928 zShift: -4.768 axialRot: 180.543 energy: -130.606
MCAccept   axial Tilt: 18.928 zShift: -4.768 axialRot: 180.960 energy: -130.606
MCAccept   axial Tilt: 18.928 zShift: -4.877 axialRot: 180.960 energy: -130.606
MCAccept   axial Tilt: 18.435 zShift: -4.877 axialRot: 180.960 energy: -130.606
MCAccept   axial Tilt: 18.435 zShift: -4.877 axialRot: 182.669 energy: -130.606
MCAccept   axial Tilt: 18.435 zShift: -4.994 axialRot: 182.669 energy: -130.606
MCAccept   axial Tilt: 18.435 zShift: -5.010 axialRot: 182.669 energy: -130.606
MCAccept   axial Tilt: 18.435 zShift: -5.010 axialRot: 183.475 energy: -130.606
MCAccept   axial Tilt: 18.435 zShift: -5.010 axialRot: 183.880 energy: -130.606

Total Monomer Time: 8 seconds
================  ======================  ===============
Interaction Type  Energy                  Interactions   
================  ======================  ===============
CHARMM_VDW                    -36.653086          40791
SCWRL4_HBOND                  -28.650104            666
================  ======================  ===============
Total                         -65.303189          41457
================  ======================  ===============

CHARMM_VDW -73
SCWRL4_HBOND -57
