Monomer - VDW weight: 1 HB weight: 1 IMM1REF weight: 1 IMM1 weight: 1
current Z: -5 Energy: -357.856
current Z: -4 Energy: -360.596
current Z: -3 Energy: -364.584
current Z: -2 Energy: -370.715
current Z: -1 Energy: -378.007
current Z: 0 Energy: -384.104
current Z: 1 Energy: -387.788
current Z: 2 Energy: -389.121
current Z: 3 Energy: -388.923
current Z: 4 Energy: -387.86
current Z: 5 Energy: -386.164
current Z: 6 Energy: -383.54
current tilt: 15 current rotation: 0 Energy: -395.051
current tilt: 15 current rotation: 90 Energy: -381.768
current tilt: 15 current rotation: 180 Energy: -369.663
current tilt: 15 current rotation: 270 Energy: -385.684
current tilt: 30 current rotation: 0 Energy: -393.437
current tilt: 30 current rotation: 90 Energy: -361.5
current tilt: 30 current rotation: 180 Energy: -355.042
current tilt: 30 current rotation: 270 Energy: -378.48
current tilt: 45 current rotation: 0 Energy: -386.183
current tilt: 45 current rotation: 90 Energy: -351.23
current tilt: 45 current rotation: 180 Energy: -354.821
current tilt: 45 current rotation: 270 Energy: -364.759
MCAccept   axial Tilt: 16.279 zShift: 2.000 axialRot: 0.000 energy: -395.144
MCAccept   axial Tilt: 16.279 zShift: 1.966 axialRot: 0.000 energy: -395.221
MCAccept   axial Tilt: 16.279 zShift: 1.966 axialRot: 1.929 energy: -395.287
MCAccept   axial Tilt: 17.936 zShift: 1.966 axialRot: 1.929 energy: -395.343
MCAccept   axial Tilt: 17.936 zShift: 1.931 axialRot: 1.929 energy: -395.419
MCAccept   axial Tilt: 18.830 zShift: 1.931 axialRot: 1.929 energy: -395.416
MCAccept   axial Tilt: 18.191 zShift: 1.931 axialRot: 1.929 energy: -395.421
MCAccept   axial Tilt: 18.191 zShift: 1.821 axialRot: 1.929 energy: -395.643
MCAccept   axial Tilt: 18.191 zShift: 1.773 axialRot: 1.929 energy: -395.733
MCAccept   axial Tilt: 18.191 zShift: 1.773 axialRot: 3.392 energy: -395.765
MCAccept   axial Tilt: 18.191 zShift: 1.642 axialRot: 3.392 energy: -395.973
MCAccept   axial Tilt: 18.191 zShift: 1.629 axialRot: 3.392 energy: -395.991
MCAccept   axial Tilt: 18.191 zShift: 1.629 axialRot: 4.137 energy: -395.997
MCAccept   axial Tilt: 18.191 zShift: 1.629 axialRot: 4.553 energy: -396.000
MCAccept   axial Tilt: 18.328 zShift: 1.629 axialRot: 4.553 energy: -395.999
MCAccept   axial Tilt: 18.328 zShift: 1.589 axialRot: 4.553 energy: -396.052
MCAccept   axial Tilt: 18.110 zShift: 1.589 axialRot: 4.553 energy: -396.053
MCAccept   axial Tilt: 17.989 zShift: 1.589 axialRot: 4.553 energy: -396.052
MCAccept   axial Tilt: 17.989 zShift: 1.461 axialRot: 4.553 energy: -396.193
MCAccept   axial Tilt: 17.989 zShift: 1.446 axialRot: 4.553 energy: -396.207
MCAccept   axial Tilt: 17.989 zShift: 1.446 axialRot: 2.325 energy: -396.213
MCAccept   axial Tilt: 17.989 zShift: 1.446 axialRot: 3.400 energy: -396.213
MCAccept   axial Tilt: 17.989 zShift: 1.424 axialRot: 3.400 energy: -396.235
MCAccept   axial Tilt: 17.989 zShift: 1.322 axialRot: 3.400 energy: -396.316
MCAccept   axial Tilt: 17.989 zShift: 1.264 axialRot: 3.400 energy: -396.349
MCAccept   axial Tilt: 17.989 zShift: 1.089 axialRot: 3.400 energy: -396.392
MCAccept   axial Tilt: 17.989 zShift: 1.116 axialRot: 3.400 energy: -396.392
MCAccept   axial Tilt: 17.989 zShift: 1.116 axialRot: 2.674 energy: -396.410
MCAccept   axial Tilt: 17.989 zShift: 1.110 axialRot: 2.674 energy: -396.410
MCAccept   axial Tilt: 17.989 zShift: 1.038 axialRot: 2.674 energy: -396.410
MCAccept   axial Tilt: 17.989 zShift: 1.082 axialRot: 2.674 energy: -396.412
MCAccept   axial Tilt: 17.950 zShift: 1.082 axialRot: 2.674 energy: -396.412
MCAccept   axial Tilt: 17.847 zShift: 1.082 axialRot: 2.674 energy: -396.411
MCAccept   axial Tilt: 17.847 zShift: 1.082 axialRot: -1.342 energy: -396.470
MCAccept   axial Tilt: 18.416 zShift: 1.082 axialRot: -1.342 energy: -396.471
MCAccept   axial Tilt: 18.416 zShift: 0.966 axialRot: -1.342 energy: -396.491
MCAccept   axial Tilt: 18.416 zShift: 0.966 axialRot: -2.108 energy: -396.499
MCAccept   axial Tilt: 18.416 zShift: 0.966 axialRot: -3.909 energy: -396.506
MCAccept   axial Tilt: 18.416 zShift: 0.966 axialRot: -3.734 energy: -396.506
MCAccept   axial Tilt: 18.172 zShift: 0.966 axialRot: -3.734 energy: -396.507
MCAccept   axial Tilt: 18.172 zShift: 0.871 axialRot: -3.734 energy: -396.510
MCAccept   axial Tilt: 18.172 zShift: 0.871 axialRot: -3.949 energy: -396.511
MCAccept   axial Tilt: 18.172 zShift: 0.871 axialRot: -3.949 energy: -396.511
MCAccept   axial Tilt: 18.172 zShift: 0.936 axialRot: -3.949 energy: -396.511
MCAccept   axial Tilt: 18.172 zShift: 0.868 axialRot: -3.949 energy: -396.511
MCAccept   axial Tilt: 18.172 zShift: 0.868 axialRot: -5.636 energy: -396.514
MCAccept   axial Tilt: 18.172 zShift: 0.868 axialRot: -5.542 energy: -396.514
MCAccept   axial Tilt: 18.172 zShift: 0.868 axialRot: -5.615 energy: -396.514
MCAccept   axial Tilt: 18.543 zShift: 0.868 axialRot: -5.615 energy: -396.513
MCAccept   axial Tilt: 18.451 zShift: 0.868 axialRot: -5.615 energy: -396.514
MCAccept   axial Tilt: 18.451 zShift: 0.868 axialRot: -3.562 energy: -396.508
MCAccept   axial Tilt: 18.451 zShift: 0.868 axialRot: -5.139 energy: -396.515
MCAccept   axial Tilt: 18.451 zShift: 0.868 axialRot: -5.067 energy: -396.515
MCAccept   axial Tilt: 18.451 zShift: 0.892 axialRot: -5.067 energy: -396.514
MCAccept   axial Tilt: 18.356 zShift: 0.892 axialRot: -5.067 energy: -396.514
MCAccept   axial Tilt: 18.356 zShift: 0.903 axialRot: -5.067 energy: -396.514
MCAccept   axial Tilt: 18.356 zShift: 0.827 axialRot: -5.067 energy: -396.512
MCAccept   axial Tilt: 18.356 zShift: 0.803 axialRot: -5.067 energy: -396.507
MCAccept   axial Tilt: 18.356 zShift: 0.796 axialRot: -5.067 energy: -396.506
MCAccept   axial Tilt: 18.356 zShift: 0.930 axialRot: -5.067 energy: -396.510
MCAccept   axial Tilt: 18.356 zShift: 0.930 axialRot: -3.370 energy: -396.510
MCAccept   axial Tilt: 18.356 zShift: 0.930 axialRot: -4.967 energy: -396.511
MCAccept   axial Tilt: 18.356 zShift: 0.910 axialRot: -4.967 energy: -396.513
MCAccept   axial Tilt: 18.356 zShift: 0.910 axialRot: -4.675 energy: -396.514
MCAccept   axial Tilt: 18.356 zShift: 0.887 axialRot: -4.675 energy: -396.515
MCAccept   axial Tilt: 18.356 zShift: 0.887 axialRot: -4.867 energy: -396.515
MCAccept   axial Tilt: 18.356 zShift: 0.879 axialRot: -4.867 energy: -396.515
MCAccept   axial Tilt: 18.356 zShift: 0.861 axialRot: -4.867 energy: -396.514
MCAccept   axial Tilt: 18.356 zShift: 0.911 axialRot: -4.867 energy: -396.513
MCAccept   axial Tilt: 18.356 zShift: 0.922 axialRot: -4.867 energy: -396.512
MCAccept   axial Tilt: 18.522 zShift: 0.922 axialRot: -4.867 energy: -396.511
MCAccept   axial Tilt: 18.522 zShift: 0.909 axialRot: -4.867 energy: -396.512
MCAccept   axial Tilt: 18.522 zShift: 0.909 axialRot: -5.110 energy: -396.512
MCAccept   axial Tilt: 18.904 zShift: 0.909 axialRot: -5.110 energy: -396.505
MCAccept   axial Tilt: 18.904 zShift: 0.896 axialRot: -5.110 energy: -396.506
MCAccept   axial Tilt: 17.606 zShift: 0.896 axialRot: -5.110 energy: -396.506
MCAccept   axial Tilt: 17.606 zShift: 0.871 axialRot: -5.110 energy: -396.506
MCAccept   axial Tilt: 18.135 zShift: 0.871 axialRot: -5.110 energy: -396.515
MCAccept   axial Tilt: 18.135 zShift: 0.857 axialRot: -5.110 energy: -396.514
MCAccept   axial Tilt: 18.135 zShift: 0.857 axialRot: -5.132 energy: -396.514
MCAccept   axial Tilt: 18.044 zShift: 0.857 axialRot: -5.132 energy: -396.513
MCAccept   axial Tilt: 17.895 zShift: 0.857 axialRot: -5.132 energy: -396.512
MCAccept   axial Tilt: 17.872 zShift: 0.857 axialRot: -5.132 energy: -396.511
MCAccept   axial Tilt: 17.872 zShift: 0.909 axialRot: -5.132 energy: -396.511
MCAccept   axial Tilt: 17.872 zShift: 0.909 axialRot: -5.763 energy: -396.508
MCAccept   axial Tilt: 17.872 zShift: 0.909 axialRot: -4.175 energy: -396.511
MCAccept   axial Tilt: 17.905 zShift: 0.909 axialRot: -4.175 energy: -396.511
MCAccept   axial Tilt: 17.905 zShift: 0.909 axialRot: -4.158 energy: -396.511

Total Monomer Time: 64 seconds
================  ======================  ===============
Interaction Type  Energy                  Interactions   
================  ======================  ===============
CHARMM_IMM1                     9.317289          27416
CHARMM_IMM1REF               -144.102776            157
CHARMM_VDW                    -21.031137          64303
SCWRL4_HBOND                  -42.438945            758
================  ======================  ===============
Total                        -198.255569          92634
================  ======================  ===============

CHARMM_IMM1 19
CHARMM_IMM1REF -288
CHARMM_VDW -42
SCWRL4_HBOND -85
