***STARTING GEOMETRY:***
axialRotation: 14.2229
crossingAngle: 60
xShift: 9
zShift: 4.25374
SL: SL95.00
Thread 20
 -Dimer Energy: -317.178
 -Monomer Energy: -330.167
 -Total Energy: 12.989
================  ======================
Interaction Type    Energy                
================  ======================
CHARMM_IMM1                     0.939573
CHARMM_IMM1REF               -192.598260
CHARMM_VDW                    -68.265817
SCWRL4_HBOND                  -57.253519
================  ======================
Total                        -317.178024
================  ======================

xShift: 8.9 energy: 14.1011
xShift: 8.8 energy: 15.3987
Energy increasing above global lowest energy... (currently -330.167)
Thread 20 Best Energy at x shift: 12.989 at 9
Thread 20 energy 12.989 at crossingAngle 60 and xShift 9 is higher than cutoff 0, skip
