***STARTING GEOMETRY:***
axialRotation: 59.0431
crossingAngle: 45
xShift: 9
zShift: 1.6826
SL: SL95.00
Thread 20
 -Dimer Energy: 10216.6
 -Monomer Energy: -330.167
 -Total Energy: 10546.8
================  ======================
Interaction Type    Energy                
================  ======================
CHARMM_IMM1                     2.101675
CHARMM_IMM1REF               -194.578508
CHARMM_VDW                  10466.330244
SCWRL4_HBOND                  -57.253519
================  ======================
Total                       10216.599892
================  ======================

xShift: 8.9 energy: 7305.11
xShift: 8.8 energy: 6894.98
xShift: 8.7 energy: 8738.86
Energy increasing above global lowest energy... (currently -330.167)
Thread 20 Best Energy at x shift: 6894.98 at 8.8
Thread 20 energy 6894.98 at crossingAngle 45 and xShift 8.8 is higher than cutoff 0, skip
