***STARTING GEOMETRY:***
axialRotation: 53.05
crossingAngle: -30
xShift: 9
zShift: 4.43911
SL: SL95.00
Thread 20
 -Dimer Energy: 2.61297e+06
 -Monomer Energy: -330.167
 -Total Energy: 2.6133e+06
================  ======================
Interaction Type    Energy                
================  ======================
CHARMM_IMM1                     4.929668
CHARMM_IMM1REF               -194.839043
CHARMM_VDW                2613212.766263
SCWRL4_HBOND                  -57.253519
================  ======================
Total                     2612965.603369
================  ======================

xShift: 8.9 energy: 5.34328e+06
xShift: 8.8 energy: 6.75171e+06
Energy increasing above global lowest energy... (currently -330.167)
Thread 20 Best Energy at x shift: 2.6133e+06 at 9
Thread 20 energy 2.6133e+06 at crossingAngle -30 and xShift 9 is higher than cutoff 0, skip
