***STARTING GEOMETRY:***
axialRotation: 30.3494
crossingAngle: -75
xShift: 9
zShift: 2.57311
SL: SL95.00
Thread 20
 -Dimer Energy: 1753.49
 -Monomer Energy: -330.167
 -Total Energy: 2083.65
================  ======================
Interaction Type    Energy                
================  ======================
CHARMM_IMM1                     1.462983
CHARMM_IMM1REF               -190.453273
CHARMM_VDW                   1999.730006
SCWRL4_HBOND                  -57.253519
================  ======================
Total                        1753.486197
================  ======================

xShift: 8.9 energy: 2498.68
xShift: 8.8 energy: 4263.73
Energy increasing above global lowest energy... (currently -330.167)
Thread 20 Best Energy at x shift: 2083.65 at 9
Thread 20 energy 2083.65 at crossingAngle -75 and xShift 9 is higher than cutoff 0, skip
