Monomer - VDW weight: 1 HB weight: 1 IMM1REF weight: 0 IMM1 weight: 0
current Z: -5 Energy: -122.387
current Z: -4 Energy: -122.387
current Z: -3 Energy: -122.387
current Z: -2 Energy: -122.387
current Z: -1 Energy: -122.387
current Z: 0 Energy: -122.387
current Z: 1 Energy: -122.387
current Z: 2 Energy: -122.387
current Z: 3 Energy: -122.387
current Z: 4 Energy: -122.387
current Z: 5 Energy: -122.387
current Z: 6 Energy: -122.387
current tilt: 15 current rotation: 0 Energy: -122.387
current tilt: 15 current rotation: 90 Energy: -122.387
current tilt: 15 current rotation: 180 Energy: -122.387
current tilt: 15 current rotation: 270 Energy: -122.387
current tilt: 30 current rotation: 0 Energy: -122.387
current tilt: 30 current rotation: 90 Energy: -122.387
current tilt: 30 current rotation: 180 Energy: -122.387
current tilt: 30 current rotation: 270 Energy: -122.387
current tilt: 45 current rotation: 0 Energy: -122.387
current tilt: 45 current rotation: 90 Energy: -122.387
current tilt: 45 current rotation: 180 Energy: -122.387
current tilt: 45 current rotation: 270 Energy: -122.387
MCAccept   axial Tilt: 15.000 zShift: 3.815 axialRot: 180.000 energy: -122.387
MCAccept   axial Tilt: 15.000 zShift: 3.815 axialRot: 177.808 energy: -122.387
MCAccept   axial Tilt: 15.000 zShift: 3.880 axialRot: 177.808 energy: -122.387
MCAccept   axial Tilt: 15.000 zShift: 3.900 axialRot: 177.808 energy: -122.387
MCAccept   axial Tilt: 15.000 zShift: 3.718 axialRot: 177.808 energy: -122.387
MCAccept   axial Tilt: 15.000 zShift: 3.719 axialRot: 177.808 energy: -122.387
MCAccept   axial Tilt: 14.737 zShift: 3.719 axialRot: 177.808 energy: -122.387
MCAccept   axial Tilt: 15.913 zShift: 3.719 axialRot: 177.808 energy: -122.387
MCAccept   axial Tilt: 15.913 zShift: 3.659 axialRot: 177.808 energy: -122.387
MCAccept   axial Tilt: 15.913 zShift: 3.856 axialRot: 177.808 energy: -122.387
MCAccept   axial Tilt: 15.798 zShift: 3.856 axialRot: 177.808 energy: -122.387
MCAccept   axial Tilt: 15.798 zShift: 3.856 axialRot: 180.540 energy: -122.387
MCAccept   axial Tilt: 13.751 zShift: 3.856 axialRot: 180.540 energy: -122.387
MCAccept   axial Tilt: 13.751 zShift: 3.856 axialRot: 180.287 energy: -122.387
MCAccept   axial Tilt: 13.021 zShift: 3.856 axialRot: 180.287 energy: -122.387
MCAccept   axial Tilt: 13.021 zShift: 4.042 axialRot: 180.287 energy: -122.387
MCAccept   axial Tilt: 13.021 zShift: 3.713 axialRot: 180.287 energy: -122.387
MCAccept   axial Tilt: 11.108 zShift: 3.713 axialRot: 180.287 energy: -122.387
MCAccept   axial Tilt: 11.108 zShift: 3.685 axialRot: 180.287 energy: -122.387
MCAccept   axial Tilt: 10.839 zShift: 3.685 axialRot: 180.287 energy: -122.387
MCAccept   axial Tilt: 10.839 zShift: 3.685 axialRot: 177.115 energy: -122.387
MCAccept   axial Tilt: 10.839 zShift: 3.685 axialRot: 177.484 energy: -122.387
MCAccept   axial Tilt: 10.839 zShift: 3.730 axialRot: 177.484 energy: -122.387
MCAccept   axial Tilt: 10.839 zShift: 3.730 axialRot: 178.287 energy: -122.387
MCAccept   axial Tilt: 10.839 zShift: 3.730 axialRot: 180.337 energy: -122.387
MCAccept   axial Tilt: 10.839 zShift: 3.730 axialRot: 179.904 energy: -122.387
MCAccept   axial Tilt: 10.839 zShift: 3.730 axialRot: 178.981 energy: -122.387
MCAccept   axial Tilt: 9.937 zShift: 3.730 axialRot: 178.981 energy: -122.387
MCAccept   axial Tilt: 9.937 zShift: 3.730 axialRot: 181.939 energy: -122.387
MCAccept   axial Tilt: 10.152 zShift: 3.730 axialRot: 181.939 energy: -122.387
MCAccept   axial Tilt: 10.152 zShift: 3.730 axialRot: 183.237 energy: -122.387
MCAccept   axial Tilt: 10.152 zShift: 3.730 axialRot: 183.422 energy: -122.387
MCAccept   axial Tilt: 10.152 zShift: 3.833 axialRot: 183.422 energy: -122.387
MCAccept   axial Tilt: 10.152 zShift: 3.833 axialRot: 182.399 energy: -122.387
MCAccept   axial Tilt: 10.152 zShift: 3.868 axialRot: 182.399 energy: -122.387
MCAccept   axial Tilt: 10.152 zShift: 3.868 axialRot: 182.693 energy: -122.387
MCAccept   axial Tilt: 10.152 zShift: 4.020 axialRot: 182.693 energy: -122.387
MCAccept   axial Tilt: 10.152 zShift: 4.020 axialRot: 182.309 energy: -122.387
MCAccept   axial Tilt: 10.435 zShift: 4.020 axialRot: 182.309 energy: -122.387
MCAccept   axial Tilt: 10.414 zShift: 4.020 axialRot: 182.309 energy: -122.387
MCAccept   axial Tilt: 9.693 zShift: 4.020 axialRot: 182.309 energy: -122.387
MCAccept   axial Tilt: 9.693 zShift: 4.077 axialRot: 182.309 energy: -122.387
MCAccept   axial Tilt: 9.693 zShift: 4.077 axialRot: 183.727 energy: -122.387
MCAccept   axial Tilt: 9.574 zShift: 4.077 axialRot: 183.727 energy: -122.387
MCAccept   axial Tilt: 10.589 zShift: 4.077 axialRot: 183.727 energy: -122.387
MCAccept   axial Tilt: 10.589 zShift: 4.077 axialRot: 184.249 energy: -122.387
MCAccept   axial Tilt: 10.589 zShift: 4.177 axialRot: 184.249 energy: -122.387
MCAccept   axial Tilt: 10.589 zShift: 4.177 axialRot: 187.384 energy: -122.387
MCAccept   axial Tilt: 10.589 zShift: 4.107 axialRot: 187.384 energy: -122.387
MCAccept   axial Tilt: 9.543 zShift: 4.107 axialRot: 187.384 energy: -122.387
MCAccept   axial Tilt: 9.543 zShift: 4.107 axialRot: 190.430 energy: -122.387
MCAccept   axial Tilt: 9.543 zShift: 4.154 axialRot: 190.430 energy: -122.387
MCAccept   axial Tilt: 9.543 zShift: 4.154 axialRot: 190.052 energy: -122.387
MCAccept   axial Tilt: 9.543 zShift: 4.154 axialRot: 194.477 energy: -122.387
MCAccept   axial Tilt: 9.543 zShift: 4.130 axialRot: 194.477 energy: -122.387
MCAccept   axial Tilt: 9.543 zShift: 4.090 axialRot: 194.477 energy: -122.387
MCAccept   axial Tilt: 9.543 zShift: 4.090 axialRot: 194.570 energy: -122.387
MCAccept   axial Tilt: 9.543 zShift: 4.090 axialRot: 199.729 energy: -122.387
MCAccept   axial Tilt: 9.543 zShift: 4.090 axialRot: 201.421 energy: -122.387
MCAccept   axial Tilt: 9.543 zShift: 4.090 axialRot: 203.241 energy: -122.387
MCAccept   axial Tilt: 9.543 zShift: 4.166 axialRot: 203.241 energy: -122.387
MCAccept   axial Tilt: 9.543 zShift: 4.166 axialRot: 203.769 energy: -122.387
MCAccept   axial Tilt: 9.543 zShift: 4.187 axialRot: 203.769 energy: -122.387
MCAccept   axial Tilt: 9.543 zShift: 4.068 axialRot: 203.769 energy: -122.387
MCAccept   axial Tilt: 9.543 zShift: 4.068 axialRot: 203.678 energy: -122.387
MCAccept   axial Tilt: 9.543 zShift: 4.108 axialRot: 203.678 energy: -122.387
MCAccept   axial Tilt: 9.543 zShift: 4.108 axialRot: 207.396 energy: -122.387
MCAccept   axial Tilt: 9.543 zShift: 4.005 axialRot: 207.396 energy: -122.387
MCAccept   axial Tilt: 8.860 zShift: 4.005 axialRot: 207.396 energy: -122.387
MCAccept   axial Tilt: 8.860 zShift: 3.987 axialRot: 207.396 energy: -122.387
MCAccept   axial Tilt: 7.586 zShift: 3.987 axialRot: 207.396 energy: -122.387
MCAccept   axial Tilt: 7.586 zShift: 4.069 axialRot: 207.396 energy: -122.387
MCAccept   axial Tilt: 7.586 zShift: 3.827 axialRot: 207.396 energy: -122.387
MCAccept   axial Tilt: 7.379 zShift: 3.827 axialRot: 207.396 energy: -122.387
MCAccept   axial Tilt: 7.781 zShift: 3.827 axialRot: 207.396 energy: -122.387
MCAccept   axial Tilt: 6.931 zShift: 3.827 axialRot: 207.396 energy: -122.387
MCAccept   axial Tilt: 8.493 zShift: 3.827 axialRot: 207.396 energy: -122.387
MCAccept   axial Tilt: 8.493 zShift: 3.827 axialRot: 206.456 energy: -122.387
MCAccept   axial Tilt: 8.493 zShift: 3.827 axialRot: 207.069 energy: -122.387
MCAccept   axial Tilt: 8.493 zShift: 3.827 axialRot: 208.170 energy: -122.387
MCAccept   axial Tilt: 8.493 zShift: 3.827 axialRot: 207.091 energy: -122.387
MCAccept   axial Tilt: 8.493 zShift: 3.827 axialRot: 205.880 energy: -122.387
MCAccept   axial Tilt: 8.493 zShift: 3.727 axialRot: 205.880 energy: -122.387
MCAccept   axial Tilt: 8.922 zShift: 3.727 axialRot: 205.880 energy: -122.387
MCAccept   axial Tilt: 8.922 zShift: 3.493 axialRot: 205.880 energy: -122.387
MCAccept   axial Tilt: 7.485 zShift: 3.493 axialRot: 205.880 energy: -122.387
MCAccept   axial Tilt: 8.824 zShift: 3.493 axialRot: 205.880 energy: -122.387
MCAccept   axial Tilt: 7.008 zShift: 3.493 axialRot: 205.880 energy: -122.387
MCAccept   axial Tilt: 7.008 zShift: 3.453 axialRot: 205.880 energy: -122.387
MCAccept   axial Tilt: 5.001 zShift: 3.453 axialRot: 205.880 energy: -122.387
MCAccept   axial Tilt: 5.001 zShift: 3.453 axialRot: 207.617 energy: -122.387
MCAccept   axial Tilt: 3.986 zShift: 3.453 axialRot: 207.617 energy: -122.387
MCAccept   axial Tilt: 3.986 zShift: 3.453 axialRot: 208.398 energy: -122.387
MCAccept   axial Tilt: 4.015 zShift: 3.453 axialRot: 208.398 energy: -122.387
MCAccept   axial Tilt: 4.015 zShift: 3.453 axialRot: 206.891 energy: -122.387
MCAccept   axial Tilt: 4.473 zShift: 3.453 axialRot: 206.891 energy: -122.387
MCAccept   axial Tilt: 4.473 zShift: 3.453 axialRot: 205.943 energy: -122.387
MCAccept   axial Tilt: 4.473 zShift: 3.453 axialRot: 208.887 energy: -122.387
MCAccept   axial Tilt: 4.473 zShift: 3.453 axialRot: 210.843 energy: -122.387
MCAccept   axial Tilt: 5.353 zShift: 3.453 axialRot: 210.843 energy: -122.387

Total Monomer Time: 9 seconds
================  ======================  ===============
Interaction Type  Energy                  Interactions   
================  ======================  ===============
CHARMM_VDW                    -24.127242          30659
SCWRL4_HBOND                  -37.066373            542
================  ======================  ===============
Total                         -61.193615          31201
================  ======================  ===============

CHARMM_VDW -48
SCWRL4_HBOND -74
