***STARTING GEOMETRY***
xShift;        Before: 0; After: 0
crossingAngle; Before: 0; After: 0
axialRotation; Before: -0; After: -0
zShift;        Before: 0; After: 0

axialRotationPrime; Before: 100; After: 100
zShiftPrime;        Before: 0; After: 0

Starting Repack Cycles
MCAccept 0 xShift: -0.173346 crossingAngle: 0 axialRotation: 0 zShift: 0 energy: 1.89223e+08
MCReject   xShift: -0.173346 crossingAngle: 0.56873 axialRotation: 0 zShift: 0 energy: 2.58826e+08
MCReject   xShift: -0.173346 crossingAngle: 0 axialRotation: 0.328042 zShift: 0 energy: 3.24689e+08
MCAccept 1 xShift: -0.255263 crossingAngle: 0 axialRotation: 0 zShift: 0 energy: 1.7009e+08
MCReject   xShift: -0.254321 crossingAngle: 0 axialRotation: 0 zShift: 0 energy: 1.70708e+08
MCAccept 2 xShift: -0.33447 crossingAngle: 0 axialRotation: 0 zShift: 0 energy: 1.47589e+08
MCReject   xShift: -0.184083 crossingAngle: 0 axialRotation: 0 zShift: 0 energy: 1.94252e+08
MCReject   xShift: -0.33447 crossingAngle: 0.874077 axialRotation: 0 zShift: 0 energy: 2.23856e+08
MCReject   xShift: -0.33447 crossingAngle: 0.804036 axialRotation: 0 zShift: 0 energy: 2.14895e+08
MCAccept 3 xShift: -0.33447 crossingAngle: -0.442794 axialRotation: 0 zShift: 0 energy: 1.42031e+08
MCAccept 4 xShift: -0.33447 crossingAngle: -0.846111 axialRotation: 0 zShift: 0 energy: 1.29038e+08
MCReject   xShift: -0.33447 crossingAngle: -1.22876 axialRotation: 0 zShift: 0 energy: 1.30461e+08
MCReject   xShift: -0.33447 crossingAngle: -0.846111 axialRotation: 0.393531 zShift: 0 energy: 1.73879e+08
MCReject   xShift: -0.33447 crossingAngle: -0.846111 axialRotation: 0 zShift: -0.0248775 energy: 1.35323e+08
MCReject   xShift: -0.33447 crossingAngle: -0.846111 axialRotation: 0.537522 zShift: 0 energy: 2.034e+08
MCReject   xShift: -0.33447 crossingAngle: -0.846111 axialRotation: 0 zShift: -0.0247662 energy: 1.35286e+08
MCAccept 5 xShift: -0.33447 crossingAngle: -0.846111 axialRotation: -0.0179361 zShift: 0 energy: 1.2786e+08
MCAccept 6 xShift: -0.33447 crossingAngle: -0.846111 axialRotation: -0.240461 zShift: 0 energy: 1.17408e+08
MCAccept 7 xShift: -0.315685 crossingAngle: -0.846111 axialRotation: -0.240461 zShift: 0 energy: 1.08709e+08
MCAccept 8 xShift: -0.314765 crossingAngle: -0.846111 axialRotation: -0.240461 zShift: 0 energy: 1.08346e+08
MCReject   xShift: -0.314765 crossingAngle: -0.846111 axialRotation: -0.240461 zShift: -0.0113164 energy: 1.09256e+08
MCReject   xShift: -0.314765 crossingAngle: -0.846111 axialRotation: -0.0841808 zShift: 0 energy: 1.16437e+08
MCReject   xShift: -0.314765 crossingAngle: -0.897584 axialRotation: -0.240461 zShift: 0 energy: 1.08608e+08
MCReject   xShift: -0.314765 crossingAngle: -0.846111 axialRotation: -0.0857433 zShift: 0 energy: 1.16338e+08
MCReject   xShift: -0.31905 crossingAngle: -0.846111 axialRotation: -0.240461 zShift: 0 energy: 1.10086e+08
MCReject   xShift: -0.314765 crossingAngle: -0.846111 axialRotation: -0.240461 zShift: -0.00163274 energy: 1.08443e+08
End Repack Cycles

***REPACK GEOMETRY***
xShift;        Before: 0; After: -0.314765
crossingAngle; Before: 0; After: -0.846111
axialRotation; Before: -0; After: -0.240461
zShift;        Before: 0; After: 0

axialRotationPrime; Before: 100; After: 99.7328
zShiftPrime;        Before: 0; After: -0.00400768

Energy;        Before: 1.92542e+08; After: 1.08346e+08

Completed all cycles. Accepted 9/26
Monte Carlo repack complete. Time: 0.0666667min

