***STARTING GEOMETRY:***
axialRotation: -95
crossingAngle: -75
xShift: 8.454
zShift: 6.843
SL: SL95.00
Thread 20
 -Dimer Energy: -301.416
 -Monomer Energy: -321.417
 -Total Energy: 20.001
================  ======================
Interaction Type    Energy                
================  ======================
CHARMM_IMM1                     0.613467
CHARMM_IMM1REF               -186.474897
CHARMM_VDW                    -58.373532
SCWRL4_HBOND                  -57.181008
================  ======================
Total                        -301.415970
================  ======================

xShift: 8.354 energy: 18.9899
xShift: 8.254 energy: 18.5185
xShift: 8.154 energy: 17.9295
xShift: 8.054 energy: 17.6435
xShift: 7.954 energy: 16.2636
xShift: 7.854 energy: 15.3819
xShift: 7.754 energy: 14.7566
xShift: 7.654 energy: 14.0352
xShift: 7.554 energy: 12.2128
xShift: 7.454 energy: 12.0938
xShift: 7.354 energy: 10.7572
xShift: 7.254 energy: 10.1758
xShift: 7.154 energy: 8.64586
xShift: 7.054 energy: 7.71033
xShift: 6.954 energy: 6.53677
xShift: 6.854 energy: 6.77255
Energy increasing above global lowest energy... (currently -321.417)
Thread 20 Best Energy at x shift: 6.53677 at 6.954
Thread 20 energy 6.53677 at crossingAngle -75 and xShift 6.954 is higher than cutoff (100), skip
