***STARTING GEOMETRY:***
axialRotation: -95
crossingAngle: 15
xShift: 8.454
zShift: 6.843
SL: SL95.00
Thread 20
 -Dimer Energy: -285.586
 -Monomer Energy: -321.417
 -Total Energy: 35.8311
================  ======================
Interaction Type    Energy                
================  ======================
CHARMM_IMM1                     5.808727
CHARMM_IMM1REF               -191.415042
CHARMM_VDW                    -42.798624
SCWRL4_HBOND                  -57.181008
================  ======================
Total                        -285.585947
================  ======================

xShift: 8.354 energy: 56.4526
xShift: 8.254 energy: 92.489
Energy increasing above global lowest energy... (currently -321.417)
Thread 20 Best Energy at x shift: 35.8311 at 8.454
Thread 20 energy 35.8311 at crossingAngle 15 and xShift 8.454 is higher than cutoff (100), skip
