***STARTING GEOMETRY:***
axialRotation: -95
crossingAngle: 60
xShift: 8.454
zShift: 6.843
SL: SL95.00
Thread 20
 -Dimer Energy: -293.552
 -Monomer Energy: -321.417
 -Total Energy: 27.8655
================  ======================
Interaction Type    Energy                
================  ======================
CHARMM_IMM1                     2.345063
CHARMM_IMM1REF               -186.720808
CHARMM_VDW                    -51.994803
SCWRL4_HBOND                  -57.181008
================  ======================
Total                        -293.551557
================  ======================

xShift: 8.354 energy: 27.894
xShift: 8.254 energy: 25.1991
xShift: 8.154 energy: 24.9027
xShift: 8.054 energy: 26.4184
Energy increasing above global lowest energy... (currently -321.417)
Thread 20 Best Energy at x shift: 24.9027 at 8.154
Thread 20 energy 24.9027 at crossingAngle 60 and xShift 8.154 is higher than cutoff (100), skip
