***STARTING GEOMETRY:***
axialRotation: -95
crossingAngle: -30
xShift: 8.454
zShift: 6.843
SL: SL95.00
Thread 20
 -Dimer Energy: -314.054
 -Monomer Energy: -321.417
 -Total Energy: 7.36345
================  ======================
Interaction Type    Energy                
================  ======================
CHARMM_IMM1                     3.276296
CHARMM_IMM1REF               -192.417781
CHARMM_VDW                    -67.731077
SCWRL4_HBOND                  -57.181008
================  ======================
Total                        -314.053570
================  ======================

xShift: 8.354 energy: 6.36484
xShift: 8.254 energy: 5.41459
xShift: 8.154 energy: 4.54987
xShift: 8.054 energy: 3.73557
xShift: 7.954 energy: 2.57211
xShift: 7.854 energy: 1.96092
xShift: 7.754 energy: 0.769224
xShift: 7.654 energy: -0.272836
xShift: 7.554 energy: -1.74531
xShift: 7.454 energy: -2.72606
xShift: 7.354 energy: -4.25261
xShift: 7.254 energy: -9.26341
xShift: 7.154 energy: -12.5162
xShift: 7.054 energy: -15.3045
xShift: 6.954 energy: -17.7713
xShift: 6.854 energy: -19.9214
xShift: 6.754 energy: -21.6924
xShift: 6.654 energy: -22.9697
xShift: 6.554 energy: -24.0571
xShift: 6.454 energy: -24.8335
xShift: 6.354 energy: -23.9092
Energy increasing above global lowest energy... (currently -321.417)
Thread 20 Best Energy at x shift: -24.8335 at 6.454
Thread 20 energy -24.8335 at crossingAngle -30 and xShift 6.454 is lower than cutoff (100), continue
Starting Geometry
xShift: 6.454 crossingAngle: -30.000 axialRotation: -95.000 zShift: 6.843

Current Best Energy: 328.780
==============================================
 Performing Local Monte Carlo Backbone Repack 
==============================================
Sequence, thread, Energy, Dimer, Monomer, SASA, vdw, monoVdw, hbond, monoHbond, imm1, monoImm1, imm1Ref, monoImm1Ref, startXShift, finalXShift, startCrossingAngle, finalCrossingAngle, startAxialRot, finalAxialRot, startZShift, finalZShift
RASLLLGFLLGCLLGMLLGALILI,20,-28.190,-349.607,-321.417,3951.196,-89.814,-46.881,-69.654,-57.181,3.147,24.809,-193.286,-242.261,8.454,6.737,-31.000,-31.246,-95.000,-94.794,6.843,7.199
Monte Carlo repack complete. Time: 2499.000 seconds

Completed all cycles. Accepted 500/533
