***STARTING GEOMETRY:***
axialRotation: -95
crossingAngle: -60
xShift: 8.454
zShift: 6.843
SL: SL95.00
Thread 20
 -Dimer Energy: -301.97
 -Monomer Energy: -321.417
 -Total Energy: 19.4474
================  ======================
Interaction Type    Energy                
================  ======================
CHARMM_IMM1                     1.274898
CHARMM_IMM1REF               -188.078217
CHARMM_VDW                    -57.985250
SCWRL4_HBOND                  -57.181008
================  ======================
Total                        -301.969578
================  ======================

xShift: 8.354 energy: 18.8107
xShift: 8.254 energy: 18.0376
xShift: 8.154 energy: 17.2258
xShift: 8.054 energy: 15.2992
xShift: 7.954 energy: 14.1319
xShift: 7.854 energy: 13.1895
xShift: 7.754 energy: 12.1986
xShift: 7.654 energy: 11.1587
xShift: 7.554 energy: 10.0704
xShift: 7.454 energy: 8.69635
xShift: 7.354 energy: 7.14945
xShift: 7.254 energy: 4.90675
xShift: 7.154 energy: 3.09884
xShift: 7.054 energy: 1.42004
xShift: 6.954 energy: -1.17113
xShift: 6.854 energy: -3.00076
xShift: 6.754 energy: -4.33982
xShift: 6.654 energy: -5.1034
xShift: 6.554 energy: -4.24966
Energy increasing above global lowest energy... (currently -321.417)
Thread 20 Best Energy at x shift: -5.1034 at 6.654
Thread 20 energy -5.1034 at crossingAngle -60 and xShift 6.654 is lower than cutoff (100), continue
Starting Geometry
xShift: 6.654 crossingAngle: -60.000 axialRotation: -95.000 zShift: 6.843

Current Best Energy: 340.864
==============================================
 Performing Local Monte Carlo Backbone Repack 
==============================================
