***STARTING GEOMETRY:***
axialRotation: -95
crossingAngle: -15
xShift: 8.454
zShift: 6.843
SL: SL95.00
Thread 20
 -Dimer Energy: 80479.2
 -Monomer Energy: -321.417
 -Total Energy: 80800.6
================  ======================
Interaction Type    Energy                
================  ======================
CHARMM_IMM1                     6.814981
CHARMM_IMM1REF               -193.704098
CHARMM_VDW                  80723.302496
SCWRL4_HBOND                  -57.181008
================  ======================
Total                       80479.232371
================  ======================

xShift: 8.354 energy: 50478
xShift: 8.254 energy: 43538.8
xShift: 8.154 energy: 44659.1
Energy increasing above global lowest energy... (currently -321.417)
Thread 20 Best Energy at x shift: 43538.8 at 8.254
Thread 20 energy 43538.8 at crossingAngle -15 and xShift 8.254 is higher than cutoff (100), skip
