***STARTING GEOMETRY:***
axialRotation: -95
crossingAngle: -45
xShift: 8.454
zShift: 6.843
SL: SL95.00
Thread 20
 -Dimer Energy: -308.295
 -Monomer Energy: -321.417
 -Total Energy: 13.1217
================  ======================
Interaction Type    Energy                
================  ======================
CHARMM_IMM1                     2.361197
CHARMM_IMM1REF               -190.151666
CHARMM_VDW                    -63.323879
SCWRL4_HBOND                  -57.181008
================  ======================
Total                        -308.295357
================  ======================

xShift: 8.354 energy: 12.8149
xShift: 8.254 energy: 11.9349
xShift: 8.154 energy: 10.4019
xShift: 8.054 energy: 9.29618
xShift: 7.954 energy: 8.02398
xShift: 7.854 energy: 6.69127
xShift: 7.754 energy: 5.3024
xShift: 7.654 energy: 3.86654
xShift: 7.554 energy: 2.40056
xShift: 7.454 energy: 0.411835
xShift: 7.354 energy: -1.57722
xShift: 7.254 energy: -3.63322
xShift: 7.154 energy: -6.2022
xShift: 7.054 energy: -7.58497
xShift: 6.954 energy: -8.5256
xShift: 6.854 energy: -9.70803
xShift: 6.754 energy: -10.4055
xShift: 6.654 energy: -12.2504
xShift: 6.554 energy: -12.4093
xShift: 6.454 energy: -15.7365
xShift: 6.354 energy: -16.7048
xShift: 6.254 energy: -16.0917
Energy increasing above global lowest energy... (currently -321.417)
Thread 20 Best Energy at x shift: -16.7048 at 6.354
Thread 20 energy -16.7048 at crossingAngle -45 and xShift 6.354 is lower than cutoff (100), continue
Starting Geometry
xShift: 6.354 crossingAngle: -45.000 axialRotation: -95.000 zShift: 6.843

Current Best Energy: 334.539
==============================================
 Performing Local Monte Carlo Backbone Repack 
==============================================
Sequence, thread, Energy, Dimer, Monomer, SASA, vdw, monoVdw, hbond, monoHbond, imm1, monoImm1, imm1Ref, monoImm1Ref, startXShift, finalXShift, startCrossingAngle, finalCrossingAngle, startAxialRot, finalAxialRot, startZShift, finalZShift
RASLLLGFLLGCLLGMLLGALILI,20,-17.203,-338.620,-321.417,4309.513,-83.086,-46.881,-67.986,-57.181,2.447,24.809,-189.996,-242.261,8.454,6.332,-31.000,-45.760,-95.000,-94.776,6.843,6.689
Monte Carlo repack complete. Time: 6088.000 seconds

Completed all cycles. Accepted 499/1328
